INFO: 
INFO: >>> Frame 005236
INFO: Can't find player name end icon
INFO: 
INFO: >>> Frame 005237
INFO: Can't find player name end icon
INFO: 
INFO: >>> Frame 005238
INFO: Can't find player name end icon
INFO: 
INFO: >>> Frame 005239
INFO: Can't find player name end icon
INFO: 
INFO: >>> Frame 005240
INFO: Can't find player name end icon
INFO: 
INFO: >>> Frame 005241
INFO: Can't find player name end icon
INFO: 
INFO: >>> Frame 005242
INFO: Can't find player name end icon
INFO: 
INFO: >>> Frame 005243
INFO: Can't find player name end icon
INFO: 
INFO: >>> Frame 005244
INFO: Can't find player name end icon
INFO: 
INFO: >>> Frame 005245
INFO: Can't find player name end icon
INFO: 
INFO: >>> Frame 005246
INFO: Can't find player name end icon
INFO: 
INFO: >>> Frame 005247
INFO: Can't find player name end icon
INFO: 
INFO: >>> Frame 005248
INFO: Can't find player name end icon
INFO: 
INFO: >>> Frame 005249
INFO: Can't find player name end icon
INFO: 
INFO: >>> Frame 005250
INFO: Can't find player name end icon
INFO: 
INFO: >>> Frame 005251
INFO: Can't find player name end icon
INFO: 
INFO: >>> Frame 005252
INFO: Can't find player name end icon
INFO: 
INFO: >>> Frame 005253
INFO: Can't find player name end icon
INFO: 
INFO: >>> Frame 005254
INFO: Can't find player name end icon
INFO: 
INFO: >>> Frame 005255
INFO: Player name: 'CLT Pride'
INFO: 
INFO: >>> Frame 005256
INFO: Player name: 'CLT Pride'
INFO: 
INFO: >>> Frame 005257
INFO: Player name: '_CLT_mercy' -> 'CLT_mercy'
INFO: Weapon 1: 'WINGMAN'
INFO: Weapon 2: 'ALTERNATOR'
INFO: 
INFO: >>> Frame 005258
INFO: Player name: 'CLT Bronzey'
INFO: 
INFO: >>> Frame 005259
INFO: Player name: 'CLT Bronzey'
INFO: Weapon 1: 'RE-45'
INFO: Weapon 2: 'SENTINEL'
INFO: 
INFO: >>> Frame 005260
INFO: Player name: 'CLT Bronzey'
INFO: Weapon 1: 'RE-45'
INFO: Weapon 2: 'SENTINEL'
INFO: 
INFO: >>> Frame 005261
INFO: Player name: 'CLT Bronzey'
INFO: Weapon 1: 'RE-45'
INFO: Weapon 2: 'SENTINEL'
INFO: 
INFO: >>> Frame 005262
INFO: Player name: 'CLT Pride'
INFO: 
INFO: >>> Frame 005263
INFO: Player name: 'CLT Pride'
INFO: Weapon 1: 'HAVOC'
INFO: Weapon 2: 'EVA-8 AUTO'
INFO: 
INFO: >>> Frame 005264
INFO: Player name: 'CLT Pride'
INFO: Weapon 1: 'HAVOC'
INFO: Weapon 2: 'EVA-8 AUTO'
INFO: 
INFO: >>> Frame 005265
INFO: Player name: 'CLT Pride'
INFO: Weapon 1: 'HAVOC'
INFO: Weapon 2: 'EVA-38 AUTO' -> 'EVA-8 AUTO'
INFO: 
INFO: >>> Frame 005266
INFO: Player name: 'CLT Pride'
INFO: Weapon 1: 'HAVOC'
INFO: Weapon 2: 'EVA-B AUTO' -> 'EVA-8 AUTO'
INFO: 
INFO: >>> Frame 005267
INFO: Player name: 'CLT_meroy' -> 'CLT_mercy'
INFO: Weapon 1: 'WINGMAN'
INFO: Weapon 2: 'ALTERNATOR'
INFO: 
INFO: >>> Frame 005268
INFO: Player name: 'CLT_marcy' -> 'CLT_mercy'
INFO: Weapon 1: 'WINGMAN'
INFO: Weapon 2: 'ALTERNATOR'
INFO: 
INFO: >>> Frame 005269
INFO: Player name: '_CLT_marcy' -> 'CLT_mercy'
INFO: Weapon 1: 'WINGMAN'
INFO: Weapon 2: 'ALTERNATOR'
INFO: 
INFO: >>> Frame 005270
INFO: Player name: 'CLT marcy' -> 'CLT_mercy'
INFO: Weapon 1: 'WINGMAN'
INFO: Weapon 2: 'ALTERNATOR'
INFO: 
INFO: >>> Frame 005271
INFO: Unknown player: 'gee lee\n_CLT.mercy' (best guess: 'CLT_mercy', 0.56)
INFO: 
INFO: >>> Frame 005272
INFO: Player name: '_CLT_mercy' -> 'CLT_mercy'
INFO: Weapon 1: 'WINGMAN'
INFO: Weapon 2: 'R-99'
INFO: 
INFO: >>> Frame 005273
INFO: Player name: '_CLT_mercy' -> 'CLT_mercy'
INFO: Weapon 1: 'WINGMAN'
INFO: Weapon 2: 'R-99'
INFO: 
INFO: >>> Frame 005274
INFO: Player name: 'CLT_mercy'
INFO: Weapon 1: 'WINGMAN'
INFO: Weapon 2: '‘TRIPLE TAKE' -> 'TRIPLE TAKE'
INFO: 
INFO: >>> Frame 005275
INFO: Player name: '_CLT_mercy' -> 'CLT_mercy'
INFO: Weapon 1: 'WINGMAN'
INFO: Weapon 2: 'TRIPLE TAKE'
INFO: 
INFO: >>> Frame 005276
INFO: Player name: '_CLT_mercy' -> 'CLT_mercy'
INFO: Weapon 1: 'WINGMAN'
INFO: Weapon 2: 'TRIPLE TAKE'
INFO: 
INFO: >>> Frame 005277
INFO: Player name: '_SF_Resultuh' -> 'sF_Resultuh'
INFO: Weapon 1: 'FLATLINE'
INFO: Weapon 2: 'R-99'
INFO: 
INFO: >>> Frame 005278
INFO: Player name: '_SF_Resultuh' -> 'sF_Resultuh'
INFO: 
INFO: >>> Frame 005279
INFO: Player name: '_SF_Resultuh' -> 'sF_Resultuh'
INFO: Weapon 1: 'FLATLINE'
INFO: Weapon 2: 'MASTIFF'
INFO: 
INFO: >>> Frame 005280
INFO: Player name: 'SF _Resultuh' -> 'sF_Resultuh'
INFO: Weapon 1: 'FLATLINE'
INFO: Weapon 2: 'MASTIFF'
INFO: 
INFO: >>> Frame 005281
INFO: Player name: '_CLT_mercy' -> 'CLT_mercy'
INFO: Weapon 1: 'WINGMAN'
INFO: Weapon 2: 'TRIPLE TAKE'
INFO: 
INFO: >>> Frame 005282
INFO: Player name: 'CLT Bronzey'
INFO: Weapon 1: 'WINGMAN'
INFO: Weapon 2: 'TRIPLE TAKE'
INFO: 
INFO: >>> Frame 005283
INFO: Player name: 'CLT Pride'
INFO: Weapon 1: 'HAVDC' -> 'HAVOC'
INFO: Weapon 2: 'EVA-8 AUTO'
INFO: 
INFO: >>> Frame 005284
INFO: Player name: 'CLT Pride'
INFO: Weapon 1: 'HAVOC'
INFO: Weapon 2: 'EVA-B AUTO' -> 'EVA-8 AUTO'
INFO: 
INFO: >>> Frame 005285
INFO: Player name: 'CLT Pride'
INFO: Weapon 1: 'HAVOC'
INFO: Weapon 2: 'EVA-8 AUTO'
INFO: 
INFO: >>> Frame 005286
INFO: Player name: 'GLT Pride' -> 'CLT Pride'
INFO: Weapon 1: 'HAVOC'
INFO: Weapon 2: 'EVA-B AUTO' -> 'EVA-8 AUTO'
INFO: 
INFO: >>> Frame 005287
INFO: Player name: 'CLT Pride'
INFO: Weapon 1: 'HAVOC'
INFO: Weapon 2: 'EVA-38 AUTO' -> 'EVA-8 AUTO'
INFO: 
INFO: >>> Frame 005288
INFO: Player name: 'CLT Pride'
INFO: Weapon 1: 'HAVOC'
INFO: Weapon 2: 'EVA-8 AUTO'
INFO: 
INFO: >>> Frame 005289
INFO: Player name: 'CLT Pride'
INFO: Weapon 1: 'HAVOC'
INFO: Weapon 2: 'EVA-38 AUTO' -> 'EVA-8 AUTO'
INFO: 
INFO: >>> Frame 005290
INFO: Player name: 'CLT Pride'
INFO: Weapon 1: 'HAVOC'
INFO: Weapon 2: 'EVA-8 AUTO'
INFO: 
INFO: >>> Frame 005291
INFO: Player name: 'CLT Pride'
INFO: Weapon 1: 'HAVDC' -> 'HAVOC'
INFO: Weapon 2: 'EVA-B AUTO' -> 'EVA-8 AUTO'
INFO: 
INFO: >>> Frame 005292
INFO: 
INFO: >>> Frame 005293
INFO: Player name: 'CLT Piide' -> 'CLT Pride'
INFO: Weapon 1: 'HAVOC'
INFO: Weapon 2: 'EVA-B AUTO' -> 'EVA-8 AUTO'
INFO: 
INFO: >>> Frame 005294
INFO: Player name: 'CLT Pride'
INFO: Weapon 1: 'HAVOC'
INFO: Weapon 2: 'EVA-8 AUTO'
INFO: 
INFO: >>> Frame 005295
INFO: Player name: 'CLT Pride'
INFO: Weapon 1: 'HAVOC'
INFO: Weapon 2: 'EVA-B AUTO' -> 'EVA-8 AUTO'
INFO: 
INFO: >>> Frame 005296
INFO: Player name: 'CLT Pride'
INFO: Weapon 1: 'HAVOC'
INFO: Weapon 2: 'EVA-38 AUTO' -> 'EVA-8 AUTO'
INFO: 
INFO: >>> Frame 005297
INFO: Player name: 'CLT Pride'
INFO: Weapon 1: 'HAVOC'
INFO: Weapon 2: 'EVA-3 AUTO' -> 'EVA-8 AUTO'
INFO: 
INFO: >>> Frame 005298
INFO: Player name: 'CLT Pride'
INFO: Weapon 1: 'HAVOC'
INFO: Weapon 2: 'EVA-8 AUTO'
INFO: 
INFO: >>> Frame 005299
INFO: Player name: 'CLT Pride'
INFO: Weapon 1: 'HAVOC'
INFO: Weapon 2: 'EVA-8 AUTO'
INFO: 
INFO: >>> Frame 005300
INFO: Player name: 'CLT Pride'
INFO: Weapon 1: 'HAVOC'
INFO: Weapon 2: 'EVA-8 AUTO'
INFO: 
INFO: >>> Frame 005301
INFO: Player name: '_CLT_marcy' -> 'CLT_mercy'
INFO: Weapon 1: 'WINGMAN'
INFO: Weapon 2: 'TRIPLE TAKE —' -> 'TRIPLE TAKE'
INFO: 
INFO: >>> Frame 005302
INFO: Player name: '_CLT_marcy' -> 'CLT_mercy'
INFO: Weapon 1: 'WINGMAN'
INFO: Weapon 2: 'TRIPLE TAKE'
INFO: 
INFO: >>> Frame 005303
INFO: Player name: '_CLT_mercy' -> 'CLT_mercy'
INFO: Weapon 1: 'WINGMAN'
INFO: Weapon 2: 'TRIPLE TAKE'
INFO: 
INFO: >>> Frame 005304
INFO: Player name: '_CLT_marcy' -> 'CLT_mercy'
INFO: Weapon 1: 'WINGMAN'
INFO: Weapon 2: 'TRIPLE TAKE'
INFO: 
INFO: >>> Frame 005305
INFO: Player name: '_CLT_mercy' -> 'CLT_mercy'
INFO: Weapon 1: 'WINGMAN'
INFO: Weapon 2: 'TRIPLE TAKE'
INFO: 
INFO: >>> Frame 005306
INFO: Player name: '_CLT_mercy' -> 'CLT_mercy'
INFO: Weapon 1: 'WINGMAN'
INFO: Weapon 2: 'TRIPLE TAKE'
INFO: 
INFO: >>> Frame 005307
INFO: Player name: '_CLT_meray' -> 'CLT_mercy'
INFO: Weapon 1: 'WINGMAN'
INFO: Weapon 2: '‘TRIPLE -TAKE.' -> 'TRIPLE TAKE'
INFO: 
INFO: >>> Frame 005308
INFO: Player name: '_CLT_mercy' -> 'CLT_mercy'
INFO: Weapon 1: 'WINGMAN'
INFO: Weapon 2: 'TRIPLE TAKE.' -> 'TRIPLE TAKE'
INFO: 
INFO: >>> Frame 005309
INFO: Player name: 'CLT_mercy'
INFO: Weapon 1: 'WINGMAN'
INFO: Weapon 2: 'TRIPLE TAKE'
INFO: 
INFO: >>> Frame 005310
INFO: Player name: ', CLT_mercy' -> 'CLT_mercy'
INFO: Weapon 1: 'WINGMAN'
INFO: Weapon 2: 'TRIPLE TAKE'
INFO: 
INFO: >>> Frame 005311
INFO: Player name: 'SEET mercy' -> 'CLT_mercy'
INFO: Weapon 1: 'WINGMAN'
INFO: Weapon 2: 'TRIPLE TAKE ©' -> 'TRIPLE TAKE'
INFO: 
INFO: >>> Frame 005312
INFO: Player name: 'CLTmarcy' -> 'CLT_mercy'
INFO: Weapon 1: 'WINGMAN'
INFO: Weapon 2: 'TRIPLE TAKE'
INFO: 
INFO: >>> Frame 005313
INFO: Player name: 'CLT Bronzey'
INFO: Weapon 1: 'ALTERNATOR'
INFO: Weapon 2: 'EVA-8 AUTO'
INFO: 
INFO: >>> Frame 005314
INFO: Player name: 'CLT Bronzey'
INFO: Weapon 1: 'ALTERNATOR'
INFO: Weapon 2: 'EVA-8 AUTO'
INFO: 
INFO: >>> Frame 005315
INFO: Can't find player name end icon
INFO: 
INFO: >>> Frame 005316
INFO: Can't find player name end icon
INFO: 
INFO: >>> Frame 005317
INFO: Can't find player name end icon
INFO: 
INFO: >>> Frame 005318
INFO: Can't find player name end icon
INFO: 
INFO: >>> Frame 005319
INFO: Can't find player name end icon
INFO: 
INFO: >>> Frame 005320
INFO: Can't find player name end icon
INFO: 
INFO: >>> Frame 005321
INFO: Player name: 'SSG_Claraphi'
INFO: Weapon 1: 'SPITFIRE'
INFO: Weapon 2: 'LONGBOW'
INFO: 
INFO: >>> Frame 005322
INFO: Player name: 'ooG_Claraphi' -> 'SSG_Claraphi'
INFO: Weapon 1: 'SPITFIRE'
INFO: Weapon 2: 'LONGBOW'
INFO: 
INFO: >>> Frame 005323
INFO: Player name: 'SSG_Claraphi'
INFO: Weapon 1: 'SPITFIRE'
INFO: Weapon 2: 'LONGBOW'
INFO: 
INFO: >>> Frame 005324
INFO: Player name: 'ooG_Claraphi' -> 'SSG_Claraphi'
INFO: Weapon 1: 'SPITFIRE'
INFO: Weapon 2: 'LONGBOW'
INFO: 
INFO: >>> Frame 005325
INFO: Player name: 'SSG_Frexs'
INFO: Weapon 1: 'FLATLINE'
INFO: Weapon 2: 'MOZAMBIQUE'
INFO: 
INFO: >>> Frame 005326
INFO: Can't find player name end icon
INFO: 
INFO: >>> Frame 005327
INFO: Can't find player name end icon
INFO: 
INFO: >>> Frame 005328
INFO: Can't find player name end icon
INFO: 
INFO: >>> Frame 005329
INFO: Player name: 'SSG _Frexs' -> 'SSG_Frexs'
INFO: Weapon 1: 'FLATLINE'
INFO: Weapon 2: 'MOZAMBIQUE'
INFO: 
INFO: >>> Frame 005330
INFO: Player name: '_SSG_Frexs' -> 'SSG_Frexs'
INFO: Weapon 1: 'FLATLINE'
INFO: Weapon 2: 'MOZAMBIQUE'
INFO: 
INFO: >>> Frame 005331
INFO: Player name: '_ SSG_Frexs' -> 'SSG_Frexs'
INFO: Weapon 1: 'FLATLINE'
INFO: Weapon 2: 'MOZAMBIQUE'
INFO: 
INFO: >>> Frame 005332
INFO: Can't find player name end icon
INFO: 
INFO: >>> Frame 005333
INFO: Player name: 'SSG_Fraxs' -> 'SSG_Frexs'
INFO: Weapon 1: 'FLATLINE'
INFO: Weapon 2: 'MOZAMBIQUE'
INFO: 
INFO: >>> Frame 005334
INFO: Can't find player name end icon
INFO: 
INFO: >>> Frame 005335
INFO: Player name: 'CLG_Vaxlon'
INFO: Weapon 1: 'R-401' -> 'R-301'
INFO: Weapon 2: 'EVA4-8 AUTO' -> 'EVA-8 AUTO'
INFO: 
INFO: >>> Frame 005336
INFO: Player name: 'COL_lou' -> 'COL_Iou'
INFO: Weapon 1: 'WINGMAN'
INFO: Weapon 2: 'R-99'
INFO: 
INFO: >>> Frame 005337
INFO: Player name: ',COL_lou' -> 'COL_Iou'
INFO: Weapon 1: 'WINGMAN'
INFO: Weapon 2: 'R-99'
INFO: 
INFO: >>> Frame 005338
INFO: Player name: 'COL Iau' -> 'COL_Iou'
INFO: Weapon 1: 'WINGMAN'
INFO: Weapon 2: 'R-99'
INFO: 
INFO: >>> Frame 005339
INFO: Player name: 'CLG ImMadness'
INFO: Weapon 1: 'WINGMAN'
INFO: Weapon 2: 'R-99'
INFO: 
INFO: >>> Frame 005340
INFO: Player name: 'CLG Vaxlon' -> 'CLG_Vaxlon'
INFO: Weapon 1: 'R-301'
INFO: Weapon 2: 'EVA-6 AUTO' -> 'EVA-8 AUTO'
INFO: 
INFO: >>> Frame 005341
INFO: Player name: 'CLG Vaxlon' -> 'CLG_Vaxlon'
INFO: Weapon 1: 'R-301'
INFO: Weapon 2: 'EVA-8 AUTO'
INFO: 
INFO: >>> Frame 005342
INFO: Player name: 'CLG Vaxlon' -> 'CLG_Vaxlon'
INFO: Weapon 1: 'R-301'
INFO: Weapon 2: 'EVA-8 AUTO'
INFO: 
INFO: >>> Frame 005343
INFO: Player name: 'CLG Vaxion' -> 'CLG_Vaxlon'
INFO: Weapon 1: 'R-301'
INFO: Weapon 2: 'EVA-8 AUTO'
INFO: 
INFO: >>> Frame 005344
INFO: Player name: 'CLG_Vaxion' -> 'CLG_Vaxlon'
INFO: Weapon 1: 'R-30)' -> 'R-301'
INFO: Weapon 2: 'EVA-8 AUTO'
INFO: 
INFO: >>> Frame 005345
INFO: Player name: 'CLG Vaxion' -> 'CLG_Vaxlon'
INFO: Weapon 1: 'R-301'
INFO: Weapon 2: 'EVA-8 AUTO'
INFO: 
INFO: >>> Frame 005346
INFO: Player name: 'COL lou' -> 'COL_Iou'
INFO: Weapon 1: 'R-301'
INFO: Weapon 2: 'EVA-B AUTO' -> 'EVA-8 AUTO'
INFO: 
INFO: >>> Frame 005347
INFO: Player name: '/COL_lou' -> 'COL_Iou'
INFO: Weapon 1: 'WINGMAN.,' -> 'WINGMAN'
INFO: Weapon 2: 'R-99g' -> 'R-99'
INFO: 
INFO: >>> Frame 005348
INFO: Player name: 'COL Jou' -> 'COL_Iou'
INFO: Weapon 1: 'WINGMAN'
INFO: Weapon 2: 'R-99'
INFO: 
INFO: >>> Frame 005349
INFO: Player name: ',COL_lou' -> 'COL_Iou'
INFO: Weapon 1: 'WINGMAN'
INFO: Weapon 2: 'R-99'
INFO: 
INFO: >>> Frame 005350
INFO: Player name: ',COL_lou' -> 'COL_Iou'
INFO: Weapon 1: 'WINGMAN'
INFO: Weapon 2: 'R-99'
INFO: 
INFO: >>> Frame 005351
INFO: Player name: 'Reps TSM' -> 'Reps_TSM'
INFO: Weapon 1: 'HEMLOK'
INFO: Weapon 2: '=HARGE RIFLE' -> 'CHARGE RIFLE'
INFO: 
INFO: >>> Frame 005352
INFO: Player name: 'Reps_TSM'
INFO: Weapon 1: 'HEMLOK'
INFO: Weapon 2: '>HARGE RIFLE' -> 'CHARGE RIFLE'
INFO: 
INFO: >>> Frame 005353
INFO: Player name: 'TSM_ImperialHal' -> 'TSM_ImperialHa1'
INFO: Weapon 1: 'FLATLINE'
INFO: Weapon 2: 'MASTIFF'
INFO: 
INFO: >>> Frame 005354
INFO: Can't find player name end icon
INFO: 
INFO: >>> Frame 005355
INFO: Can't find player name end icon
INFO: 
INFO: >>> Frame 005356
INFO: Can't find player name end icon
INFO: 
INFO: >>> Frame 005357
INFO: Player name: 'HRN_Rkn'
INFO: Weapon 1: '‘HEMLOK' -> 'HEMLOK'
INFO: Weapon 2: 'EVA-8 AUTO'
INFO: 
INFO: >>> Frame 005358
INFO: Player name: 'HRN_Rkn'
INFO: Weapon 1: 'HEMLOK'
INFO: Weapon 2: 'EVA-8 AUTO'
INFO: 
INFO: >>> Frame 005359
INFO: Player name: 'HRN_Rkn'
INFO: Weapon 1: 'HEMLOK'
INFO: Weapon 2: 'EVA-B AUTO' -> 'EVA-8 AUTO'
INFO: 
INFO: >>> Frame 005360
INFO: 
INFO: >>> Frame 005361
INFO: Can't find player name end icon
INFO: 
INFO: >>> Frame 005362
INFO: Can't find player name end icon
INFO: 
INFO: >>> Frame 005363
INFO: Player name: 'CLG ImMadness'
INFO: Weapon 1: 'VOLT'
INFO: Weapon 2: 'EVA-B AUTO' -> 'EVA-8 AUTO'
INFO: 
INFO: >>> Frame 005364
INFO: Player name: 'CLG ImMadness'
INFO: Weapon 1: 'VOLT'
INFO: Weapon 2: 'EVA-8 AUTO'
INFO: 
INFO: >>> Frame 005365
INFO: Player name: 'CLG ImMadness'
INFO: Weapon 1: 'VOLT'
INFO: Weapon 2: 'EVA-8 AUTO'
INFO: 
INFO: >>> Frame 005366
INFO: Player name: 'CLG ImMadness'
INFO: Weapon 1: 'VOLT'
INFO: Weapon 2: 'EVA-8 AUTO'
INFO: 
INFO: >>> Frame 005367
INFO: Player name: 'CLG ImMadness'
INFO: Weapon 1: 'VOLT'
INFO: Weapon 2: 'EVA-8 AUTO'
INFO: 
INFO: >>> Frame 005368
INFO: Player name: 'CLG ImMadness'
INFO: Weapon 1: 'VOLT'
INFO: Weapon 2: 'EVA-8 AUTO'
INFO: 
INFO: >>> Frame 005369
INFO: Player name: 'CLG ImMadness'
INFO: Weapon 1: 'VOLT'
INFO: Weapon 2: 'EVA-8 AUTO'
INFO: 
INFO: >>> Frame 005370
INFO: Player name: 'NRG_nafen'
INFO: Weapon 1: 'R-301'
INFO: Weapon 2: 'VOLT'
INFO: 
INFO: >>> Frame 005371
INFO: Player name: 'NRG_nafen'
INFO: Weapon 1: 'R-301'
INFO: Weapon 2: 'VOLT'
INFO: 
INFO: >>> Frame 005372
INFO: 
INFO: >>> Frame 005373
INFO: 
INFO: >>> Frame 005374
INFO: Player name: 'NRG Sweet Renk1' -> 'NRG_Sweet_Rank_1'
INFO: Weapon 1: 'WINGMAN'
INFO: Weapon 2: 'R-301'
INFO: 
INFO: >>> Frame 005375
INFO: Unknown player: ' ' (best guess: 'CLT Pride', 0.89)
INFO: 
INFO: >>> Frame 005376
INFO: Unknown player: ' ' (best guess: 'CLT Pride', 0.89)
INFO: 
INFO: >>> Frame 005377
INFO: Player name: 'SF zachmazer' -> 'sF_zachmazer'
INFO: Weapon 1: 'FLATLINE'
INFO: Weapon 2: 'R-301'
INFO: 
INFO: >>> Frame 005378
INFO: Player name: 'sF zachmazer' -> 'sF_zachmazer'
INFO: Weapon 2: 'B-301' -> 'R-301'
INFO: 
INFO: >>> Frame 005379
INFO: Player name: 'sF _zachmazer' -> 'sF_zachmazer'
INFO: Weapon 1: 'FLATLINE'
INFO: Weapon 2: 'R-301'
INFO: 
INFO: >>> Frame 005380
INFO: 
INFO: >>> Frame 005381
INFO: Player name: '_knoqd' -> 'knoqd'
INFO: Weapon 1: 'MASTIFF'
INFO: Weapon 2: 'VOUT' -> 'VOLT'
INFO: 
INFO: >>> Frame 005382
INFO: Player name: 'otayNaughty' -> 'StayNaughty'
INFO: Weapon 1: 'WINGMAN'
INFO: Weapon 2: 'R-99'
INFO: 
INFO: >>> Frame 005383
INFO: Player name: 'StayNaughty'
INFO: Weapon 1: 'WINGMAN'
INFO: Weapon 2: 'R-99'
INFO: 
INFO: >>> Frame 005384
INFO: Player name: 'StayNaughty'
INFO: Weapon 1: 'WINGMAN'
INFO: Weapon 2: 'R-99'
INFO: 
INFO: >>> Frame 005385
INFO: Player name: 'StayNaughty'
INFO: Weapon 1: 'WINGMAN'
INFO: Weapon 2: 'R-99'
INFO: 
INFO: >>> Frame 005386
INFO: Player name: 'stayNaughty' -> 'StayNaughty'
INFO: Weapon 1: 'WINGMAN'
INFO: Weapon 2: 'R-99'
INFO: 
INFO: >>> Frame 005387
INFO: Player name: 'otayNaughty' -> 'StayNaughty'
INFO: Weapon 1: 'WINGMAN'
INFO: Weapon 2: 'R-99'
INFO: 
INFO: >>> Frame 005388
INFO: Player name: 'otayNaughty' -> 'StayNaughty'
INFO: Weapon 1: 'WINGMAN,' -> 'WINGMAN'
INFO: Weapon 2: 'R-99'
INFO: 
INFO: >>> Frame 005389
INFO: Player name: 'otayNaughty' -> 'StayNaughty'
INFO: Weapon 1: 'WINGMAN'
INFO: Weapon 2: 'R-99'
INFO: 
INFO: >>> Frame 005390
INFO: Can't find player name end icon
INFO: 
INFO: >>> Frame 005391
INFO: Can't find player name end icon
INFO: 
INFO: >>> Frame 005392
INFO: Can't find player name end icon
INFO: 
INFO: >>> Frame 005393
INFO: Player name: 'NRG_nafen'
INFO: Weapon 1: 'R-301'
INFO: Weapon 2: 'VOLT'
INFO: 
INFO: >>> Frame 005394
INFO: Player name: 'NRG_nafen'
INFO: Weapon 1: 'R-301'
INFO: Weapon 2: 'VOLT'
INFO: 
INFO: >>> Frame 005395
INFO: Player name: 'NRG_nafen'
INFO: Weapon 1: 'R-30)' -> 'R-301'
INFO: Weapon 2: 'VOLT'
INFO: 
INFO: >>> Frame 005396
INFO: Player name: 'NRG_nafen'
INFO: Weapon 1: 'R-40)' -> 'R-301'
INFO: Weapon 2: 'VOLT'
INFO: 
INFO: >>> Frame 005397
INFO: Player name: 'NRG_nafen'
INFO: Weapon 1: 'R-301'
INFO: Weapon 2: 'VOLT'
INFO: 
INFO: >>> Frame 005398
INFO: Player name: 'NRG_nafen'
INFO: Weapon 1: 'R-301'
INFO: Weapon 2: 'VOLT'
INFO: 
INFO: >>> Frame 005399
INFO: Player name: 'NRG _Sweet_Rank_l' -> 'NRG_Sweet_Rank_1'
INFO: Weapon 1: 'WINGMAN'
INFO: Weapon 2: 'R-301'
INFO: 
INFO: >>> Frame 005400
INFO: Player name: 'NRG _Sweet_Rank_|' -> 'NRG_Sweet_Rank_1'
INFO: Weapon 1: 'WINGMAN'
INFO: Weapon 2: 'R-301'
INFO: 
INFO: >>> Frame 005401
INFO: Player name: 'NAG Sweet Rank]' -> 'NRG_Sweet_Rank_1'
INFO: Weapon 1: 'WINGMAN'
INFO: Weapon 2: 'R-301'
INFO: 
INFO: >>> Frame 005402
INFO: Player name: 'NRG _Sweet_Rank_}' -> 'NRG_Sweet_Rank_1'
INFO: Weapon 1: 'WINGMAN.' -> 'WINGMAN'
INFO: Weapon 2: 'R-301'
INFO: 
INFO: >>> Frame 005403
INFO: Player name: 'NRG _Sweet_Rank_]' -> 'NRG_Sweet_Rank_1'
INFO: Weapon 1: 'WINGMAN'
INFO: Weapon 2: 'R-301'
INFO: 
INFO: >>> Frame 005404
INFO: Player name: 'NRG_Sweet_ Rank]' -> 'NRG_Sweet_Rank_1'
INFO: Weapon 1: 'WINGMAN.' -> 'WINGMAN'
INFO: Weapon 2: 'R-301'
INFO: 
INFO: >>> Frame 005405
INFO: Player name: 'NRG Sweet_Rank_|' -> 'NRG_Sweet_Rank_1'
INFO: Weapon 1: 'WINGMAN'
INFO: Weapon 2: 'R-301'
INFO: 
INFO: >>> Frame 005406
INFO: Can't find player name end icon
INFO: 
INFO: >>> Frame 005407
INFO: Can't find player name end icon
INFO: 
INFO: >>> Frame 005408
INFO: Player name: '_SF_Resultuh' -> 'sF_Resultuh'
INFO: Weapon 1: 'G7 SCOUT'
INFO: Weapon 2: 'MASTIFF'
INFO: 
INFO: >>> Frame 005409
INFO: Player name: '-SF:Resulth)' -> 'sF_Resultuh'
INFO: Weapon 1: 'G7 SCOUT'
INFO: Weapon 2: 'MASTIFF'
INFO: 
INFO: >>> Frame 005410
INFO: Player name: '_SF Resultuh' -> 'sF_Resultuh'
INFO: Weapon 1: 'G7 SCOUT'
INFO: Weapon 2: 'MASTIFF'
INFO: 
INFO: >>> Frame 005411
INFO: Player name: 'SF _Resultuh' -> 'sF_Resultuh'
INFO: Weapon 1: 'G7 SCOUT'
INFO: Weapon 2: 'MASTIFF'
INFO: 
INFO: >>> Frame 005412
INFO: Player name: '_SF_Resultuh' -> 'sF_Resultuh'
INFO: Weapon 1: 'G7 SCOUT'
INFO: Weapon 2: 'MASTIFF'
INFO: 
INFO: >>> Frame 005413
INFO: Player name: '_SF_Resultuh' -> 'sF_Resultuh'
INFO: Weapon 1: '— G7 SCOUT.' -> 'G7 SCOUT'
INFO: Weapon 2: 'MASTIFF'
INFO: 
INFO: >>> Frame 005414
INFO: Player name: 'SF _Resultuh' -> 'sF_Resultuh'
INFO: Weapon 1: 'G7 SCOUT'
INFO: Weapon 2: 'MASTIFF'
INFO: 
INFO: >>> Frame 005415
INFO: Player name: 'sF_Resultuh'
INFO: Weapon 1: 'G7 SCOUT'
INFO: Weapon 2: 'MASTIFF'
INFO: 
INFO: >>> Frame 005416
INFO: Player name: 'sF_Resultuh'
INFO: Weapon 1: 'G7 SCOUT'
INFO: Weapon 2: 'MASTIFF'
INFO: 
INFO: >>> Frame 005417
INFO: Player name: 'sF_Gentrifying' -> 'sF_Gentrifyinq'
INFO: Weapon 1: 'R-301'
INFO: Weapon 2: 'EVA-B AUTO' -> 'EVA-8 AUTO'
INFO: 
INFO: >>> Frame 005418
INFO: Player name: 'sF_Gentrifying' -> 'sF_Gentrifyinq'
INFO: Weapon 1: 'R-301'
INFO: Weapon 2: 'EVA-8 AUTO'
INFO: 
INFO: >>> Frame 005419
INFO: Player name: 'sF_Gentrifying' -> 'sF_Gentrifyinq'
INFO: Weapon 1: 'R-301'
INFO: Weapon 2: 'EVA-8 AUTO'
INFO: 
INFO: >>> Frame 005420
INFO: Player name: 'sF Gentrifying' -> 'sF_Gentrifyinq'
INFO: Weapon 1: 'R-301'
INFO: Weapon 2: 'EVA-8 AUTO'
INFO: 
INFO: >>> Frame 005421
INFO: Player name: 'sF_Gentrifying' -> 'sF_Gentrifyinq'
INFO: Weapon 1: 'R-301'
INFO: Weapon 2: 'EVA-3 AUTO' -> 'EVA-8 AUTO'
INFO: 
INFO: >>> Frame 005422
INFO: Player name: 'sF_Gentrifying' -> 'sF_Gentrifyinq'
INFO: Weapon 1: 'R-301'
INFO: Weapon 2: 'EVA-3 AUTO' -> 'EVA-8 AUTO'
INFO: 
INFO: >>> Frame 005423
INFO: Can't find player name end icon
INFO: 
INFO: >>> Frame 005424
INFO: Can't find player name end icon
INFO: 
INFO: >>> Frame 005425
INFO: Can't find player name end icon
INFO: 
INFO: >>> Frame 005426
INFO: Can't find player name end icon
INFO: 
INFO: >>> Frame 005427
INFO: Can't find player name end icon
INFO: 
INFO: >>> Frame 005428
INFO: Can't find player name end icon
INFO: 
INFO: >>> Frame 005429
INFO: Can't find player name end icon
INFO: 
INFO: >>> Frame 005430
INFO: Can't find player name end icon
INFO: 
INFO: >>> Frame 005431
INFO: Can't find player name end icon
INFO: 
INFO: >>> Frame 005432
INFO: Player name: 'SSG ental' -> 'SSG_xenial'
INFO: Weapon 2: 'VOLT'
INFO: 
INFO: >>> Frame 005433
INFO: Can't find player name end icon
INFO: 
INFO: >>> Frame 005434
INFO: Player name: 'SSG _xenial' -> 'SSG_xenial'
INFO: Weapon 1: 'R-301'
INFO: Weapon 2: 'VOLT'
INFO: 
INFO: >>> Frame 005435
INFO: Player name: 'SoG_xenial' -> 'SSG_xenial'
INFO: Weapon 1: 'R-40)' -> 'R-301'
INFO: Weapon 2: 'VOLT'
INFO: 
INFO: >>> Frame 005436
INFO: Player name: 'SSG _xanial' -> 'SSG_xenial'
INFO: Unknown weapon: 'A-40)' (best guess: 'R-301', 0.60)
INFO: Weapon 2: 'VOLT'
INFO: 
INFO: >>> Frame 005437
INFO: Player name: 'SoG _xenial' -> 'SSG_xenial'
INFO: Weapon 1: 'R-401' -> 'R-301'
INFO: Weapon 2: 'VOLT'
INFO: 
INFO: >>> Frame 005438
INFO: Player name: 'SSG_xenial'
INFO: Weapon 1: 'R-301'
INFO: Weapon 2: 'VOLT'
INFO: 
INFO: >>> Frame 005439
INFO: Player name: 'SoG _xenial' -> 'SSG_xenial'
INFO: Weapon 1: 'R-301'
INFO: Weapon 2: 'VOLT'
INFO: 
INFO: >>> Frame 005440
INFO: Player name: 'SSG_xenial'
INFO: Weapon 1: 'R-30)' -> 'R-301'
INFO: Weapon 2: 'VOLT'
INFO: 
INFO: >>> Frame 005441
INFO: Player name: '99G_Claraphi' -> 'SSG_Claraphi'
INFO: Weapon 1: 'SPITFIRE'
INFO: Weapon 2: 'LONGBOW'
INFO: 
INFO: >>> Frame 005442
INFO: Player name: 'SoG _xenial' -> 'SSG_xenial'
INFO: Weapon 1: 'R-30)' -> 'R-301'
INFO: Weapon 2: 'VOLT'
INFO: 
INFO: >>> Frame 005443
INFO: Player name: 'SoG_xenial' -> 'SSG_xenial'
INFO: Weapon 1: 'R-40)' -> 'R-301'
INFO: Weapon 2: 'VOLT'
INFO: 
INFO: >>> Frame 005444
INFO: Player name: 'SoG_xenial' -> 'SSG_xenial'
INFO: Weapon 1: 'R-40)' -> 'R-301'
INFO: Weapon 2: 'VOLT'
INFO: 
INFO: >>> Frame 005445
INFO: Player name: '“SSG _xenial' -> 'SSG_xenial'
INFO: Weapon 1: 'R-301'
INFO: Weapon 2: 'VOLT'
INFO: 
INFO: >>> Frame 005446
INFO: Can't find player name end icon
INFO: 
INFO: >>> Frame 005447
INFO: 
INFO: >>> Frame 005448
INFO: 
INFO: >>> Frame 005449
INFO: Player name: '-HigWattson/RX' -> 'HisWattson_RX'
INFO: Weapon 1: 'EVA-8 AUTO'
INFO: Weapon 2: 'G7-SCOUT' -> 'G7 SCOUT'
INFO: 
INFO: >>> Frame 005450
INFO: Player name: '_ HisWattson_RX' -> 'HisWattson_RX'
INFO: Weapon 1: 'EVA-8 AUTO'
INFO: Weapon 2: 'G7 SCOUT'
INFO: 
INFO: >>> Frame 005451
INFO: Player name: 'TSM Albralelie'
INFO: Weapon 1: 'SPITFIRE'
INFO: Weapon 2: 'MASTIFF'
INFO: 
INFO: >>> Frame 005452
INFO: Player name: 'Liquid Flanker'
INFO: Weapon 1: 'FLATLINE'
INFO: Unknown weapon: 'PROWLER' (best guess: 'VOLT', 0.71)
INFO: 
INFO: >>> Frame 005453
INFO: Player name: 'Liquid Flanker'
INFO: Weapon 1: 'FLATLINE'
INFO: Unknown weapon: 'PROWLER' (best guess: 'VOLT', 0.71)
INFO: 
INFO: >>> Frame 005454
INFO: Player name: 'Liquid Flanker'
INFO: Weapon 1: 'FLATLINE'
INFO: Unknown weapon: 'PROWLER' (best guess: 'VOLT', 0.71)
INFO: 
INFO: >>> Frame 005455
INFO: Player name: 'Liquid Flanker'
INFO: Weapon 1: 'FLATLINE'
INFO: Unknown weapon: 'PROWLER' (best guess: 'VOLT', 0.71)
INFO: 
INFO: >>> Frame 005456
INFO: Unknown player: 'HLigui\n\nae od\n\nOe\n\nanke\n\noe\n\nwe' (best guess: 'Liquid Flanker', 0.71)
INFO: 
INFO: >>> Frame 005457
INFO: Player name: 'Liquid Flanker'
INFO: Weapon 1: 'FLATLINE'
INFO: Unknown weapon: 'PROWLER' (best guess: 'VOLT', 0.71)
INFO: 
INFO: >>> Frame 005458
INFO: Player name: 'Liquid Flanker'
INFO: Weapon 1: 'FLATLINE'
INFO: Unknown weapon: 'PROWLER' (best guess: 'VOLT', 0.71)
INFO: 
INFO: >>> Frame 005459
INFO: Player name: '-LiquidNocturnal' -> 'LiquidNocturnal'
INFO: Weapon 1: 'CHARGE RIFL!' -> 'CHARGE RIFLE'
INFO: Weapon 2: 'MASTIFF'
INFO: 
INFO: >>> Frame 005460
INFO: Player name: '_ LiquidNocturnal' -> 'LiquidNocturnal'
INFO: Weapon 1: 'CHARGE RIFLI' -> 'CHARGE RIFLE'
INFO: Weapon 2: 'MASTIFF'
INFO: 
INFO: >>> Frame 005461
INFO: Player name: 'TSM Albralelia.' -> 'TSM Albralelie'
INFO: Weapon 1: 'SPITFIRE'
INFO: Weapon 2: 'MASTIFF'
INFO: 
INFO: >>> Frame 005462
INFO: Player name: 'TSM Albralelie'
INFO: Weapon 1: 'SPITFIRE:' -> 'SPITFIRE'
INFO: Weapon 2: 'MASTIFF'
INFO: 
INFO: >>> Frame 005463
INFO: Player name: 'TSM Albralelia' -> 'TSM Albralelie'
INFO: Weapon 1: 'SPITFIRE'
INFO: Weapon 2: 'MASTIFF'
INFO: 
INFO: >>> Frame 005464
INFO: Player name: 'TSM Albralelie'
INFO: Weapon 1: 'SPITFIRE'
INFO: Weapon 2: 'MASTIFF'
INFO: 
INFO: >>> Frame 005465
INFO: Player name: 'TSM Albralelie'
INFO: Weapon 1: 'SPITFIRE'
INFO: Weapon 2: 'MASTIFF'
INFO: 
INFO: >>> Frame 005466
INFO: Player name: 'TSM Albralelie'
INFO: Weapon 1: 'SPITFIRE'
INFO: Weapon 2: 'MASTIFF'
INFO: 
INFO: >>> Frame 005467
INFO: 
INFO: >>> Frame 005468
INFO: Player name: 'TSM Albralelie'
INFO: Weapon 1: 'SPITFIRE'
INFO: Weapon 2: 'MASTIFF'
INFO: 
INFO: >>> Frame 005469
INFO: Player name: 'TSM Albralelie'
INFO: Weapon 1: 'SPITFIRE'
INFO: Weapon 2: 'MASTIFF'
INFO: 
INFO: >>> Frame 005470
INFO: Player name: 'TSM Albralelie'
INFO: Weapon 1: 'SPITFIRE'
INFO: Weapon 2: 'MASTIFF'
INFO: 
INFO: >>> Frame 005471
INFO: Player name: 'TSM Albralelie'
INFO: Weapon 1: 'SPITFIRE'
INFO: Weapon 2: 'MASTIFF'
INFO: 
INFO: >>> Frame 005472
INFO: Can't find player name end icon
INFO: 
INFO: >>> Frame 005473
INFO: Can't find player name end icon
INFO: 
INFO: >>> Frame 005474
INFO: Can't find player name end icon
INFO: 
INFO: >>> Frame 005475
INFO: Can't find player name end icon
INFO: 
INFO: >>> Frame 005476
INFO: Can't find player name end icon
INFO: 
INFO: >>> Frame 005477
INFO: Can't find player name end icon
INFO: 
INFO: >>> Frame 005478
INFO: Can't find player name end icon
INFO: 
INFO: >>> Frame 005479
INFO: Can't find player name end icon
INFO: 
INFO: >>> Frame 005480
INFO: Can't find player name end icon
INFO: 
INFO: >>> Frame 005481
INFO: Player name: 'SF _Gentrifying' -> 'sF_Gentrifyinq'
INFO: Weapon 1: 'R-301'
INFO: Weapon 2: 'EVA-B AUTO' -> 'EVA-8 AUTO'
INFO: 
INFO: >>> Frame 005482
INFO: Player name: 'sF Gentrifying' -> 'sF_Gentrifyinq'
INFO: Weapon 1: 'R-301'
INFO: Weapon 2: 'EVA-8 AUTO'
INFO: 
INFO: >>> Frame 005483
INFO: Player name: '“SF Gentrifying' -> 'sF_Gentrifyinq'
INFO: Weapon 1: 'R-301'
INFO: Weapon 2: 'EVA-B AUTO' -> 'EVA-8 AUTO'
INFO: 
INFO: >>> Frame 005484
INFO: Player name: 'sF_Gentrifying' -> 'sF_Gentrifyinq'
INFO: Weapon 1: 'R-301'
INFO: Weapon 2: 'EVA-8 AUTO'
INFO: 
INFO: >>> Frame 005485
INFO: Player name: 'sF_Gentrifying' -> 'sF_Gentrifyinq'
INFO: Weapon 1: 'R-301'
INFO: Weapon 2: 'EVA-B AUTO' -> 'EVA-8 AUTO'
INFO: 
INFO: >>> Frame 005486
INFO: Player name: 'sF_Gantrifying' -> 'sF_Gentrifyinq'
INFO: Weapon 1: 'R-301'
INFO: Weapon 2: 'EVA-8 AUTO'
INFO: 
INFO: >>> Frame 005487
INFO: Player name: 'sF_Gentrifying' -> 'sF_Gentrifyinq'
INFO: Weapon 1: 'R-301'
INFO: Weapon 2: 'EVA-B AUTO' -> 'EVA-8 AUTO'
INFO: 
INFO: >>> Frame 005488
INFO: Player name: 'sF_Gentrifying' -> 'sF_Gentrifyinq'
INFO: Weapon 1: 'R-301'
INFO: Weapon 2: 'EVA-38 AUTO' -> 'EVA-8 AUTO'
INFO: 
INFO: >>> Frame 005489
INFO: Player name: 'sF Gentrifying' -> 'sF_Gentrifyinq'
INFO: Weapon 1: 'R-301'
INFO: Weapon 2: 'EVA-8 AUTO'
INFO: 
INFO: >>> Frame 005490
INFO: Player name: 'sFiGentrifying' -> 'sF_Gentrifyinq'
INFO: Weapon 1: 'R-301'
INFO: Weapon 2: 'EVA-8 AUTO'
INFO: 
INFO: >>> Frame 005491
INFO: Player name: 'NPL_OMGRONNIE' -> 'NPL_OMGRONN1E'
INFO: Weapon 1: 'TRIPLE TAKE'
INFO: Weapon 2: 'R-99'
INFO: 
INFO: >>> Frame 005492
INFO: Player name: 'NPL_OMGRONNIE' -> 'NPL_OMGRONN1E'
INFO: Weapon 1: 'TRIPLE TAKE'
INFO: Weapon 2: 'R-89' -> 'R-99'
INFO: 
INFO: >>> Frame 005493
INFO: Player name: 'NPL_OMGRONNIE' -> 'NPL_OMGRONN1E'
INFO: Weapon 1: 'TRIPLE TAKE'
INFO: Weapon 2: 'R-99'
INFO: 
INFO: >>> Frame 005494
INFO: Can't find player name end icon
INFO: 
INFO: >>> Frame 005495
INFO: Can't find player name end icon
INFO: 
INFO: >>> Frame 005496
INFO: Player name: 'Kotigami'
INFO: Weapon 1: 'SPITFIRE'
INFO: Weapon 2: 'G7 SCOUT'
INFO: 
INFO: >>> Frame 005497
INFO: Player name: 'Kotigami'
INFO: Weapon 1: 'SPITFIRE'
INFO: Weapon 2: 'G7. SCOUT' -> 'G7 SCOUT'
INFO: 
INFO: >>> Frame 005498
INFO: Player name: 'Kotigami'
INFO: Weapon 1: 'SPITFIRE'
INFO: Weapon 2: 'G7 SCOUT'
INFO: 
INFO: >>> Frame 005499
INFO: Player name: 'Kotigami'
INFO: Weapon 1: 'SPITFIRE'
INFO: Weapon 2: 'G7 SCOUT'
INFO: 
INFO: >>> Frame 005500
INFO: Player name: 'Kotigami'
INFO: Weapon 1: 'SPITFIRE'
INFO: Weapon 2: 'G7 SCOUT'
INFO: 
INFO: >>> Frame 005501
INFO: Player name: 'Kotigami'
INFO: Weapon 1: 'SPITFIRE'
INFO: Weapon 2: 'G7 SCOUT'
INFO: 
INFO: >>> Frame 005502
INFO: Player name: 'Kotigami'
INFO: Weapon 1: 'SPITFIRE'
INFO: Weapon 2: 'G? SCOUT' -> 'G7 SCOUT'
INFO: 
INFO: >>> Frame 005503
INFO: Can't find player name end icon
INFO: 
INFO: >>> Frame 005504
INFO: Can't find player name end icon
INFO: 
INFO: >>> Frame 005505
INFO: Player name: 'sF_Dezignful'
INFO: Weapon 1: 'G7 SCOUT'
INFO: Weapon 2: 'VOLT'
INFO: 
INFO: >>> Frame 005506
INFO: Player name: 'sF_Dezignful'
INFO: Weapon 1: 'G7 SCOUT'
INFO: Weapon 2: 'VOLT'
INFO: 
INFO: >>> Frame 005507
INFO: Player name: 'SF _Dezignful' -> 'sF_Dezignful'
INFO: Weapon 1: 'G7 SCOUT'
INFO: Weapon 2: 'VOLT'
INFO: 
INFO: >>> Frame 005508
INFO: Player name: 'SF_Dezignful' -> 'sF_Dezignful'
INFO: Weapon 1: 'G7 SCOUT'
INFO: Weapon 2: 'VOLT'
INFO: 
INFO: >>> Frame 005509
INFO: Player name: 'SF _Dezigntul' -> 'sF_Dezignful'
INFO: Weapon 1: 'G7 SCOUT'
INFO: Weapon 2: 'VOLT'
INFO: 
INFO: >>> Frame 005510
INFO: Player name: 'SF_Dezignful' -> 'sF_Dezignful'
INFO: Weapon 1: 'G7 SCOUT'
INFO: Weapon 2: 'VOLT'
INFO: 
INFO: >>> Frame 005511
INFO: Player name: 'sF_Dezigntul' -> 'sF_Dezignful'
INFO: Weapon 1: 'G7 SCOUT'
INFO: Weapon 2: 'VOLT'
INFO: 
INFO: >>> Frame 005512
INFO: Can't find player name end icon
INFO: 
INFO: >>> Frame 005513
INFO: Can't find player name end icon
INFO: 
INFO: >>> Frame 005514
INFO: Can't find player name end icon
INFO: 
INFO: >>> Frame 005515
INFO: Can't find player name end icon
INFO: 
INFO: >>> Frame 005516
INFO: Can't find player name end icon
INFO: 
INFO: >>> Frame 005517
INFO: Can't find player name end icon
INFO: 
INFO: >>> Frame 005518
INFO: Player name: '“qcrook' -> 'qcrook'
INFO: Weapon 1: 'R-301'
INFO: Weapon 2: 'TRIPLE TAKE'
INFO: 
INFO: >>> Frame 005519
INFO: Player name: ', qcrogk' -> 'qcrook'
INFO: Weapon 1: 'R-301'
INFO: Weapon 2: 'TRIPLE TAKE'
INFO: 
INFO: >>> Frame 005520
INFO: Player name: '. gcrook' -> 'qcrook'
INFO: Weapon 1: 'R-301'
INFO: Weapon 2: 'TRIPLE TAKE'
INFO: 
INFO: >>> Frame 005521
INFO: Player name: '‘qorook' -> 'qcrook'
INFO: Weapon 1: 'R-401' -> 'R-301'
INFO: Weapon 2: 'TRIPLE TAKE'
INFO: 
INFO: >>> Frame 005522
INFO: Player name: 'StinkTV'
INFO: Weapon 1: 'G7 SCOUT'
INFO: Weapon 2: 'MASTIFF'
INFO: 
INFO: >>> Frame 005523
INFO: Player name: 'StinkTV'
INFO: Weapon 1: 'G7 SCOUT'
INFO: Weapon 2: 'MASTIFF'
INFO: 
INFO: >>> Frame 005524
INFO: Player name: 'otinkTV' -> 'StinkTV'
INFO: Weapon 1: 'G7 SCOUT'
INFO: Weapon 2: 'MASTIFF'
INFO: 
INFO: >>> Frame 005525
INFO: 
INFO: >>> Frame 005526
INFO: Player name: 'StinkTV'
INFO: Weapon 1: 'G7 SCOUT'
INFO: Weapon 2: 'MASTIFF'
INFO: 
INFO: >>> Frame 005527
INFO: 
INFO: >>> Frame 005528
INFO: Player name: 'otinkTV' -> 'StinkTV'
INFO: Weapon 1: 'G7 SCOUT'
INFO: Weapon 2: 'MASTIFF'
INFO: 
INFO: >>> Frame 005529
INFO: Player name: 'StinkTV'
INFO: Weapon 1: 'G7 SCOUT'
INFO: Weapon 2: 'MASTIFF'
INFO: 
INFO: >>> Frame 005530
INFO: Player name: 'StinkTV'
INFO: Weapon 1: 'G7 SCOUT'
INFO: Weapon 2: 'MASTIFF'
INFO: 
INFO: >>> Frame 005531
INFO: Can't find player name end icon
INFO: 
INFO: >>> Frame 005532
INFO: Can't find player name end icon
INFO: 
INFO: >>> Frame 005533
INFO: Can't find player name end icon
INFO: 
INFO: >>> Frame 005534
INFO: Can't find player name end icon
INFO: 
INFO: >>> Frame 005535
INFO: Can't find player name end icon
INFO: 
INFO: >>> Frame 005536
INFO: Player name: 'Rakkinishu'
INFO: Weapon 1: 'VOLT'
INFO: Weapon 2: 'TRIPLE TAKE'
INFO: 
INFO: >>> Frame 005537
INFO: Player name: 'Aakkinishu' -> 'Rakkinishu'
INFO: Weapon 1: 'VOLT'
INFO: Weapon 2: 'TRIPLE TAKE'
INFO: 
INFO: >>> Frame 005538
INFO: Player name: 'Rakkinishu'
INFO: Weapon 1: 'VOLT'
INFO: Weapon 2: 'TRIPLE TAKE'
INFO: 
INFO: >>> Frame 005539
INFO: Player name: 'joeybiackout' -> 'joeyblackout'
INFO: Weapon 1: 'G7 SCOUT'
INFO: Weapon 2: 'EVA-B AUTO' -> 'EVA-8 AUTO'
INFO: 
INFO: >>> Frame 005540
INFO: Player name: 'joeyblackout'
INFO: Weapon 1: 'G7 SCOUT'
INFO: Weapon 2: 'EVA-38 AUTO' -> 'EVA-8 AUTO'
INFO: 
INFO: >>> Frame 005541
INFO: Player name: 'joeyblackout'
INFO: Weapon 1: 'G7 SCOUT'
INFO: Weapon 2: 'EVA-8 AUTO'
INFO: 
INFO: >>> Frame 005542
INFO: Player name: 'Rakkinishu'
INFO: Weapon 1: 'G7 SCOUT'
INFO: Weapon 2: 'EVA-B AUTO' -> 'EVA-8 AUTO'
INFO: 
INFO: >>> Frame 005543
INFO: Player name: 'Rakkinishu'
INFO: Weapon 1: 'VOLT'
INFO: Weapon 2: 'TRIPLE TAKE'
INFO: 
INFO: >>> Frame 005544
INFO: Player name: 'Rakkinishu'
INFO: Weapon 1: 'VOLT'
INFO: Weapon 2: 'TRIPLE TAKE'
INFO: 
INFO: >>> Frame 005545
INFO: Player name: 'Rakkinishu'
INFO: Weapon 1: 'VOLT'
INFO: Weapon 2: 'TRIPLE TAKE'
INFO: 
INFO: >>> Frame 005546
INFO: Player name: 'Rakkinishu'
INFO: Weapon 1: 'YOLT' -> 'VOLT'
INFO: Weapon 2: 'TRIPLE TAKE'
INFO: 
INFO: >>> Frame 005547
INFO: Player name: 'Rakkinishu'
INFO: Weapon 1: 'VOLT'
INFO: Weapon 2: '‘TRIPLE TAKE' -> 'TRIPLE TAKE'
INFO: 
INFO: >>> Frame 005548
INFO: Player name: 'Rakkinishu'
INFO: Weapon 1: 'VOLT'
INFO: Weapon 2: 'TRIPLE TAKE'
INFO: 
INFO: >>> Frame 005549
INFO: Player name: 'Rakkinishu'
INFO: Weapon 1: 'VOLT'
INFO: Weapon 2: '‘TRIPLE TAKE' -> 'TRIPLE TAKE'
INFO: 
INFO: >>> Frame 005550
INFO: Player name: 'Rakkinishu'
INFO: Weapon 1: 'VOLT'
INFO: Weapon 2: 'TRIPLE TAKE'
INFO: 
INFO: >>> Frame 005551
INFO: Player name: 'SF _Dezignful' -> 'sF_Dezignful'
INFO: Weapon 1: 'G7 SCOUT'
INFO: Weapon 2: 'VOLT'
INFO: 
INFO: >>> Frame 005552
INFO: Player name: 'sF_Dezignful'
INFO: Weapon 1: 'G7 SCOUT'
INFO: Weapon 2: 'VOLT'
INFO: 
INFO: >>> Frame 005553
INFO: Player name: 'sF_Dezignful'
INFO: Weapon 1: 'G7 SCOUT'
INFO: Weapon 2: 'VOLT'
INFO: 
INFO: >>> Frame 005554
INFO: Player name: 'SF Resultuh' -> 'sF_Resultuh'
INFO: Weapon 1: 'G7 SCOUT'
INFO: Weapon 2: 'MASTIFF'
INFO: 
INFO: >>> Frame 005555
INFO: Player name: 'sF_Resultuh'
INFO: Weapon 1: 'G7 SCOUT'
INFO: Weapon 2: 'MASTIFF'
INFO: 
INFO: >>> Frame 005556
INFO: Player name: '-sF_Resultuh' -> 'sF_Resultuh'
INFO: Weapon 1: 'G7 SCOUT'
INFO: Weapon 2: 'MASTIFF'
INFO: 
INFO: >>> Frame 005557
INFO: Unknown player: ' ' (best guess: 'CLT Pride', 0.89)
INFO: 
INFO: >>> Frame 005558
INFO: Player name: 'sF_Gentrifying' -> 'sF_Gentrifyinq'
INFO: Weapon 1: 'R-301'
INFO: Weapon 2: 'EVA-3 AUTO' -> 'EVA-8 AUTO'
INFO: 
INFO: >>> Frame 005559
INFO: Can't find player name end icon
INFO: 
INFO: >>> Frame 005560
INFO: Player name: 'SF _Dezignful' -> 'sF_Dezignful'
INFO: Weapon 1: 'R-301'
INFO: Weapon 2: 'EVA-B AUTO' -> 'EVA-8 AUTO'
INFO: 
INFO: >>> Frame 005561
INFO: Player name: 'SF _Resultuh' -> 'sF_Resultuh'
INFO: Weapon 1: 'G7 SCOUT'
INFO: Weapon 2: 'MASTIFF'
INFO: 
INFO: >>> Frame 005562
INFO: Player name: 'SF_Resultuh' -> 'sF_Resultuh'
INFO: Weapon 1: 'G7 SCOUT'
INFO: Weapon 2: 'MASTIFF'
INFO: 
INFO: >>> Frame 005563
INFO: Player name: '_SF_Resultuh' -> 'sF_Resultuh'
INFO: Weapon 1: 'G7 SCOUT'
INFO: Weapon 2: 'MASTIFF'
INFO: 
INFO: >>> Frame 005564
INFO: Player name: '_ SF_Resultuh' -> 'sF_Resultuh'
INFO: Weapon 1: 'G7 SCOUT'
INFO: Weapon 2: 'MASTIFF'
INFO: 
INFO: >>> Frame 005565
INFO: Player name: 'sF Result uh' -> 'sF_Resultuh'
INFO: Weapon 1: 'G7 SCOUT'
INFO: Weapon 2: 'MASTIFF'
INFO: 
INFO: >>> Frame 005566
INFO: Can't find player name end icon
INFO: 
INFO: >>> Frame 005567
INFO: Can't find player name end icon
INFO: 
INFO: >>> Frame 005568
INFO: Player name: 'MrGreekGodTTV'
INFO: Weapon 1: 'VOLT'
INFO: Weapon 2: '‘TRIPLE TAKE' -> 'TRIPLE TAKE'
INFO: 
INFO: >>> Frame 005569
INFO: Player name: 'MrGreakGodTTV' -> 'MrGreekGodTTV'
INFO: Weapon 1: 'VOLT'
INFO: Weapon 2: 'TRIPLE TAKE'
INFO: 
INFO: >>> Frame 005570
INFO: Player name: 'MrGreekGodTTV'
INFO: Weapon 1: 'VOLT'
INFO: Weapon 2: '‘TRIPLE TAKE' -> 'TRIPLE TAKE'
INFO: 
INFO: >>> Frame 005571
INFO: Player name: 'MrGreakGodTTV' -> 'MrGreekGodTTV'
INFO: Weapon 1: 'VOLT'
INFO: Weapon 2: 'TRIPLE TAKE'
INFO: 
INFO: >>> Frame 005572
INFO: Player name: 'MrGreekGodTTV'
INFO: Weapon 1: 'VOLT'
INFO: Weapon 2: 'TRIPLE TAKE'
INFO: 
INFO: >>> Frame 005573
INFO: Player name: 'Kotigami'
INFO: Weapon 2: 'R-99'
INFO: 
INFO: >>> Frame 005574
INFO: Player name: 'Kotigami'
INFO: Weapon 1: 'SPITFIRE'
INFO: Weapon 2: 'R-99'
INFO: 
INFO: >>> Frame 005575
INFO: Player name: 'Kotigami'
INFO: Weapon 1: 'SPITFIRE'
INFO: Weapon 2: 'R-99'
INFO: 
INFO: >>> Frame 005576
INFO: Can't find player name end icon
INFO: 
INFO: >>> Frame 005577
INFO: Can't find player name end icon
INFO: 
INFO: >>> Frame 005578
INFO: Player name: 'Rakkinishu'
INFO: Weapon 1: 'VOLT'
INFO: Weapon 2: 'TRIPLE TAKE'
INFO: 
INFO: >>> Frame 005579
INFO: Player name: 'Rakkinishu'
INFO: Weapon 1: 'VOLT'
INFO: Weapon 2: 'TRIPLE TAKE'
INFO: 
INFO: >>> Frame 005580
INFO: Player name: 'Rakkinishu'
INFO: Weapon 1: 'VOLT'
INFO: Weapon 2: 'TRIPLE TAKE'
INFO: 
INFO: >>> Frame 005581
INFO: Player name: 'Rakkinishu'
INFO: Weapon 1: 'VOLT'
INFO: Weapon 2: 'TRIPLE TAKE'
INFO: 
INFO: >>> Frame 005582
INFO: Player name: 'Rakkinishu'
INFO: Weapon 1: 'VOLT'
INFO: Weapon 2: 'TRIPLE TAKE'
INFO: 
INFO: >>> Frame 005583
INFO: Player name: 'Rakkinishu'
INFO: Weapon 1: 'VOLT'
INFO: Weapon 2: 'TRIPLE TAKE'
INFO: 
INFO: >>> Frame 005584
INFO: Player name: 'ProdigyAces'
INFO: Weapon 1: 'WINGMAN'
INFO: Weapon 2: 'VOLT'
INFO: 
INFO: >>> Frame 005585
INFO: Player name: 'ProdigyAces'
INFO: Weapon 1: 'WINGMAN.' -> 'WINGMAN'
INFO: Weapon 2: 'VOLT'
INFO: 
INFO: >>> Frame 005586
INFO: Player name: 'Rakkinishu'
INFO: Weapon 1: 'VOLT'
INFO: Weapon 2: 'TRIPLE TAKE'
INFO: 
INFO: >>> Frame 005587
INFO: Player name: '* Rakkinishu' -> 'Rakkinishu'
INFO: Weapon 1: 'VOLT'
INFO: Weapon 2: 'TRIPLE TAKE'
INFO: 
INFO: >>> Frame 005588
INFO: Player name: 'Rakkinishu'
INFO: Weapon 1: 'VOLT'
INFO: Weapon 2: 'TRIPLE TAKE'
INFO: 
INFO: >>> Frame 005589
INFO: Player name: 'ProdigyAces'
INFO: Weapon 1: 'WINGMAN'
INFO: Weapon 2: 'VOLT'
INFO: 
INFO: >>> Frame 005590
INFO: Player name: 'StinkTV'
INFO: Weapon 1: 'G7 SCOUT'
INFO: Weapon 2: 'MASTIFF'
INFO: 
INFO: >>> Frame 005591
INFO: Player name: '“StinkTV' -> 'StinkTV'
INFO: Weapon 1: 'G7 SCOUT'
INFO: Weapon 2: 'MASTIFF'
INFO: 
INFO: >>> Frame 005592
INFO: Player name: 'StinkTV'
INFO: Weapon 1: 'G7 SCOUT'
INFO: Weapon 2: 'MASTIFF'
INFO: 
INFO: >>> Frame 005593
INFO: Player name: 'StinkTV'
INFO: Weapon 1: 'G7 SCOUT'
INFO: Weapon 2: 'MASTIFF'
INFO: 
INFO: >>> Frame 005594
INFO: Player name: 'StinkTV'
INFO: Weapon 1: 'G7 SCOUT'
INFO: Weapon 2: 'MASTIFF'
INFO: 
INFO: >>> Frame 005595
INFO: Player name: 'StinkTV'
INFO: Weapon 1: 'G7 SCOUT'
INFO: Weapon 2: 'MASTIFF'
INFO: 
INFO: >>> Frame 005596
INFO: Unknown player: '*StiAKTY;' (best guess: 'StinkTV', 0.56)
INFO: 
INFO: >>> Frame 005597
INFO: Can't find player name end icon
INFO: 
INFO: >>> Frame 005598
INFO: Can't find player name end icon
INFO: 
INFO: >>> Frame 005599
INFO: Can't find player name end icon
INFO: 
INFO: >>> Frame 005600
INFO: Can't find player name end icon
INFO: 
INFO: >>> Frame 005601
INFO: Can't find player name end icon
INFO: 
INFO: >>> Frame 005602
INFO: Can't find player name end icon
INFO: 
INFO: >>> Frame 005603
INFO: Player name: 'Hambino24TV'
INFO: Weapon 1: 'VOLT'
INFO: Weapon 2: 'SENTINEL'
INFO: 
INFO: >>> Frame 005604
INFO: Player name: 'Hambino24tVv:' -> 'Hambino24TV'
INFO: Weapon 1: 'VOLT'
INFO: Weapon 2: 'SENTINEL'
INFO: 
INFO: >>> Frame 005605
INFO: Player name: 'Hambino24TV'
INFO: Weapon 1: 'VOLT'
INFO: Weapon 2: 'SENTINEL'
INFO: 
INFO: >>> Frame 005606
INFO: Player name: 'Hambino24TV'
INFO: Weapon 1: 'VOLT'
INFO: Weapon 2: 'SENTINEL'
INFO: 
INFO: >>> Frame 005607
INFO: Player name: '‘Hambino24TV' -> 'Hambino24TV'
INFO: Weapon 1: 'VOLT'
INFO: Weapon 2: 'SENTINEL'
INFO: 
INFO: >>> Frame 005608
INFO: Player name: '“Hambino24TV' -> 'Hambino24TV'
INFO: Weapon 1: 'VOLT'
INFO: Weapon 2: 'SENTINEL'
INFO: 
INFO: >>> Frame 005609
INFO: Player name: 'Hambinio2aTV' -> 'Hambino24TV'
INFO: Weapon 1: 'VOLT'
INFO: Weapon 2: 'SENTINEL'
INFO: 
INFO: >>> Frame 005610
INFO: Player name: 'CLG Vaxton' -> 'CLG_Vaxlon'
INFO: Weapon 2: 'EVA-8 AUTO'
INFO: 
INFO: >>> Frame 005611
INFO: Player name: 'CLG _Vaxlon' -> 'CLG_Vaxlon'
INFO: Weapon 1: 'R-301'
INFO: Weapon 2: 'EVA-8 AUTO'
INFO: 
INFO: >>> Frame 005612
INFO: Player name: 'CLG Vaxlon' -> 'CLG_Vaxlon'
INFO: Weapon 1: 'R-301'
INFO: Weapon 2: 'EVA-3 AUTO' -> 'EVA-8 AUTO'
INFO: 
INFO: >>> Frame 005613
INFO: Player name: 'CLG Vaxlon' -> 'CLG_Vaxlon'
INFO: Weapon 1: 'R-301'
INFO: Weapon 2: 'EV4-3 AUTO' -> 'EVA-8 AUTO'
INFO: 
INFO: >>> Frame 005614
INFO: Player name: 'CLG_Vaxlon'
INFO: Weapon 1: 'R-301'
INFO: Weapon 2: 'EV4-6 AUTO' -> 'EVA-8 AUTO'
INFO: 
INFO: >>> Frame 005615
INFO: Player name: 'CLG_Vaxlon'
INFO: Weapon 1: 'R-301'
INFO: Weapon 2: 'EVA-8 AUTO'
INFO: 
INFO: >>> Frame 005616
INFO: Player name: 'CLE Waxion' -> 'CLG_Vaxlon'
INFO: Weapon 1: 'R-301'
INFO: Weapon 2: 'EVA-3 AUTO' -> 'EVA-8 AUTO'
INFO: 
INFO: >>> Frame 005617
INFO: Player name: 'CLG _Vaxion' -> 'CLG_Vaxlon'
INFO: Weapon 1: 'R-301'
INFO: Weapon 2: 'EVA-8 AUTO'
INFO: 
INFO: >>> Frame 005618
INFO: Player name: 'CLG Vaxton' -> 'CLG_Vaxlon'
INFO: Weapon 1: 'R-301'
INFO: Weapon 2: 'EVA-8 AUTO'
INFO: 
INFO: >>> Frame 005619
INFO: Player name: 'CLG Vaxlon' -> 'CLG_Vaxlon'
INFO: Weapon 1: 'R-301'
INFO: Weapon 2: 'EVA-3 AUTO' -> 'EVA-8 AUTO'
INFO: 
INFO: >>> Frame 005620
INFO: Player name: 'CLG _Vaxlon' -> 'CLG_Vaxlon'
INFO: Weapon 1: 'R-301.' -> 'R-301'
INFO: Weapon 2: 'EVA-B AUTO' -> 'EVA-8 AUTO'
INFO: 
INFO: >>> Frame 005621
INFO: Player name: 'CLG_Vaxlon'
INFO: Weapon 1: 'R-301'
INFO: Weapon 2: 'EVA-d AUTO' -> 'EVA-8 AUTO'
INFO: 
INFO: >>> Frame 005622
INFO: Can't find player name end icon
INFO: 
INFO: >>> Frame 005623
INFO: Can't find player name end icon
INFO: 
INFO: >>> Frame 005624
INFO: Can't find player name end icon
INFO: 
INFO: >>> Frame 005625
INFO: Player name: 'COL Jou' -> 'COL_Iou'
INFO: Weapon 1: 'WINGMAN'
INFO: Weapon 2: 'R-99'
INFO: 
INFO: >>> Frame 005626
INFO: Player name: '_COL_lou' -> 'COL_Iou'
INFO: Weapon 1: 'WINGMAN'
INFO: Weapon 2: 'R-99'
INFO: 
INFO: >>> Frame 005627
INFO: Player name: 'COLIou' -> 'COL_Iou'
INFO: Weapon 1: 'WINGMAN'
INFO: Weapon 2: 'R-99'
INFO: 
INFO: >>> Frame 005628
INFO: Player name: '_COL_lou' -> 'COL_Iou'
INFO: Weapon 1: 'WINGMAN'
INFO: Weapon 2: 'R-99'
INFO: 
INFO: >>> Frame 005629
INFO: Player name: '_COL_lou' -> 'COL_Iou'
INFO: Weapon 1: 'WINGMAN'
INFO: Weapon 2: 'R-99'
INFO: 
INFO: >>> Frame 005630
INFO: Player name: 'CLG ImMadness'
INFO: Weapon 1: 'VOLT'
INFO: Weapon 2: 'EVA-8 AUTO'
INFO: 
INFO: >>> Frame 005631
INFO: Player name: 'CLG ImMadness'
INFO: Weapon 1: 'VOLT'
INFO: Weapon 2: 'EVA-3 AUTO' -> 'EVA-8 AUTO'
INFO: 
INFO: >>> Frame 005632
INFO: Player name: 'CLG ImMadness'
INFO: Weapon 1: 'VOLT'
INFO: Weapon 2: 'EVA-B AUTO' -> 'EVA-8 AUTO'
INFO: 
INFO: >>> Frame 005633
INFO: Player name: 'CLG imMadness' -> 'CLG ImMadness'
INFO: Weapon 1: 'VOLT'
INFO: Weapon 2: 'EVA-B AUTO' -> 'EVA-8 AUTO'
INFO: 
INFO: >>> Frame 005634
INFO: Player name: 'CLG ImMadness'
INFO: Weapon 1: 'VOLT'
INFO: Weapon 2: 'EVA-8 AUTO'
INFO: 
INFO: >>> Frame 005635
INFO: Can't find player name end icon
INFO: 
INFO: >>> Frame 005636
INFO: Can't find player name end icon
INFO: 
INFO: >>> Frame 005637
INFO: Can't find player name end icon
INFO: 
INFO: >>> Frame 005638
INFO: Can't find player name end icon
INFO: 
INFO: >>> Frame 005639
INFO: Can't find player name end icon
INFO: 
INFO: >>> Frame 005640
INFO: Player name: 'COL_lou' -> 'COL_Iou'
INFO: Weapon 1: 'R-401' -> 'R-301'
INFO: Weapon 2: 'EVA-B AUTO' -> 'EVA-8 AUTO'
INFO: 
INFO: >>> Frame 005641
INFO: Player name: 'Zeruptus' -> 'Zeroplus'
INFO: Weapon 1: 'R-301'
INFO: Weapon 2: 'EVA-8 AUTO'
INFO: 
INFO: >>> Frame 005642
INFO: Player name: 'Zeroplus'
INFO: Weapon 1: 'R-301'
INFO: Weapon 2: 'EVA-8 AUTO'
INFO: 
INFO: >>> Frame 005643
INFO: Player name: 'Zeroplus'
INFO: Weapon 1: 'R-301'
INFO: Weapon 2: 'EVA-3 AUTO' -> 'EVA-8 AUTO'
INFO: 
INFO: >>> Frame 005644
INFO: Player name: 'éeroplus' -> 'Zeroplus'
INFO: Weapon 1: 'R-301'
INFO: Weapon 2: 'EVA-38 AUTO' -> 'EVA-8 AUTO'
INFO: 
INFO: >>> Frame 005645
INFO: Player name: 'Rogue_NRG'
INFO: Weapon 1: 'FLATLINE'
INFO: Weapon 2: 'R-99'
INFO: 
INFO: >>> Frame 005646
INFO: Player name: 'Rogue NRG' -> 'Rogue_NRG'
INFO: Weapon 1: 'FLATLINE'
INFO: Weapon 2: 'R-99'
INFO: 
INFO: >>> Frame 005647
INFO: Player name: 'Rogue_NRG'
INFO: Weapon 1: 'FLATLINE'
INFO: Weapon 2: 'R-99'
INFO: 
INFO: >>> Frame 005648
INFO: Player name: 'Rogue NRG' -> 'Rogue_NRG'
INFO: Unknown weapon: 'A-yg' (best guess: 'R-99', 0.75)
INFO: 
INFO: >>> Frame 005649
INFO: Player name: 'Rogue_NRG'
INFO: Weapon 1: 'FLATLINE'
INFO: Weapon 2: 'R-99'
INFO: 
INFO: >>> Frame 005650
INFO: Player name: 'Rogue_NRG'
INFO: Weapon 1: 'FLATLINE'
INFO: Weapon 2: 'R-99'
INFO: 
INFO: >>> Frame 005651
INFO: Player name: '“Zatoplus' -> 'Zeroplus'
INFO: Weapon 2: 'EVA-3 AUTO' -> 'EVA-8 AUTO'
INFO: 
INFO: >>> Frame 005652
INFO: Player name: 'Zeraplus:' -> 'Zeroplus'
INFO: Weapon 1: 'R-301.' -> 'R-301'
INFO: Weapon 2: 'EVA-3 AUTO' -> 'EVA-8 AUTO'
INFO: 
INFO: >>> Frame 005653
INFO: Player name: 'Zeroplus'
INFO: Weapon 1: 'R-301'
INFO: Weapon 2: 'EVA-8 AUTO'
INFO: 
INFO: >>> Frame 005654
INFO: Player name: 'TSM Albralelie'
INFO: Weapon 1: 'SPITFIRE:' -> 'SPITFIRE'
INFO: Weapon 2: 'MASTIFF'
INFO: 
INFO: >>> Frame 005655
INFO: Player name: 'TSM Albralelie'
INFO: Weapon 1: 'SPITFIRE'
INFO: Weapon 2: 'MASTIFF'
INFO: 
INFO: >>> Frame 005656
INFO: Player name: 'Liquid Flanker'
INFO: Weapon 1: 'FLATLINE'
INFO: Unknown weapon: 'PROWLER' (best guess: 'VOLT', 0.71)
INFO: 
INFO: >>> Frame 005657
INFO: Player name: 'Liquid Flanker'
INFO: Weapon 1: 'FLATLINE'
INFO: Unknown weapon: 'PROWLER' (best guess: 'VOLT', 0.71)
INFO: 
INFO: >>> Frame 005658
INFO: Player name: 'Liquid Flanker'
INFO: Weapon 1: 'FLATLINE'
INFO: Unknown weapon: 'PROWLER' (best guess: 'VOLT', 0.71)
INFO: 
INFO: >>> Frame 005659
INFO: Player name: 'Liquid Flanker'
INFO: Weapon 1: 'FLATLINE'
INFO: Unknown weapon: 'PROWLER' (best guess: 'VOLT', 0.71)
INFO: 
INFO: >>> Frame 005660
INFO: Player name: 'Liquid Flanker'
INFO: Weapon 1: 'FLATLINE'
INFO: Unknown weapon: 'PROWLER' (best guess: 'VOLT', 0.71)
INFO: 
INFO: >>> Frame 005661
INFO: Player name: 'Liquid Flanker'
INFO: Weapon 1: 'FLATLINE'
INFO: Unknown weapon: 'PROWLER' (best guess: 'VOLT', 0.71)
INFO: 
INFO: >>> Frame 005662
INFO: Player name: 'Liquid Flanker'
INFO: Weapon 1: 'FLATLINE'
INFO: Unknown weapon: 'PROWLER' (best guess: 'VOLT', 0.71)
INFO: 
INFO: >>> Frame 005663
INFO: Player name: 'Liquid Flanker'
INFO: Weapon 1: 'FLATLINE'
INFO: Unknown weapon: 'PROWLER' (best guess: 'VOLT', 0.71)
INFO: 
INFO: >>> Frame 005664
INFO: Player name: 'Liquid Flanker'
INFO: Weapon 1: 'FLATLINE'
INFO: Unknown weapon: 'PROWLER' (best guess: 'VOLT', 0.71)
INFO: 
INFO: >>> Frame 005665
INFO: Player name: 'Liquid Flanker'
INFO: Weapon 1: 'FLATLINE'
INFO: Unknown weapon: 'PROWLER' (best guess: 'VOLT', 0.71)
INFO: 
INFO: >>> Frame 005666
INFO: Player name: 'Liquid Flanker'
INFO: Weapon 1: 'FLATLINE'
INFO: Unknown weapon: 'PROWLER' (best guess: 'VOLT', 0.71)
INFO: 
INFO: >>> Frame 005667
INFO: Player name: 'Liquid Flanker'
INFO: Weapon 1: 'FLATLINE'
INFO: Unknown weapon: 'PROWLER' (best guess: 'VOLT', 0.71)
INFO: 
INFO: >>> Frame 005668
INFO: Player name: 'Liquid Flanker'
INFO: Weapon 1: 'FLATLINE'
INFO: Unknown weapon: 'PROWLER' (best guess: 'VOLT', 0.71)
INFO: 
INFO: >>> Frame 005669
INFO: Player name: 'Liquid Flanker'
INFO: Weapon 1: 'FLATLINE'
INFO: Unknown weapon: 'PROWLER' (best guess: 'VOLT', 0.71)
INFO: 
INFO: >>> Frame 005670
INFO: Player name: 'Liquid Flanker'
INFO: Weapon 1: 'FLATLINE'
INFO: Unknown weapon: 'PROWLER' (best guess: 'VOLT', 0.71)
INFO: 
INFO: >>> Frame 005671
INFO: Player name: 'Liquid Flanker'
INFO: Weapon 1: 'FLATLINE'
INFO: Unknown weapon: 'PROWLER' (best guess: 'VOLT', 0.71)
INFO: 
INFO: >>> Frame 005672
INFO: Player name: 'Liquid Flanker'
INFO: Weapon 1: 'FLATLINE'
INFO: Unknown weapon: 'PROWLER' (best guess: 'VOLT', 0.71)
INFO: 
INFO: >>> Frame 005673
INFO: Player name: 'Liquid Flanker'
INFO: Weapon 1: 'FLATLINE'
INFO: Unknown weapon: 'PROWLER' (best guess: 'VOLT', 0.71)
INFO: 
INFO: >>> Frame 005674
INFO: Player name: 'Liquid Flanker'
INFO: Weapon 1: 'FLATLINE'
INFO: Unknown weapon: 'PROWLER' (best guess: 'VOLT', 0.71)
INFO: 
INFO: >>> Frame 005675
INFO: Player name: 'Liquid Flanker'
INFO: Weapon 1: 'FLATLINE'
INFO: Unknown weapon: 'PROWLER' (best guess: 'VOLT', 0.71)
INFO: 
INFO: >>> Frame 005676
INFO: Player name: 'TSM Albralelie'
INFO: Weapon 1: '‘SPITFIRE' -> 'SPITFIRE'
INFO: Weapon 2: 'MASTIFF'
INFO: 
INFO: >>> Frame 005677
INFO: Player name: 'TSM Albralelie'
INFO: Weapon 1: 'SPITFIRE'
INFO: Weapon 2: 'MASTIFF'
INFO: 
INFO: >>> Frame 005678
INFO: Player name: 'TSM Albralelie'
INFO: Weapon 1: 'SPITFIRE'
INFO: Weapon 2: 'MASTIFF'
INFO: 
INFO: >>> Frame 005679
INFO: Player name: 'sF _Oszigntul,' -> 'sF_Dezignful'
INFO: Weapon 2: 'VOLT'
INFO: 
INFO: >>> Frame 005680
INFO: Unknown player: '—\n\n~Dezigntul\n\n‘hed\n\n5)' (best guess: 'sF_Dezignful', 0.65)
INFO: 
INFO: >>> Frame 005681
INFO: Player name: 'sF_Dezignful'
INFO: Weapon 1: 'G7 SCOUT'
INFO: Weapon 2: 'VOLT'
INFO: 
INFO: >>> Frame 005682
INFO: Can't find player name end icon
INFO: 
INFO: >>> Frame 005683
INFO: Can't find player name end icon
INFO: 
INFO: >>> Frame 005684
INFO: Player name: 'sF_Dezignful'
INFO: Weapon 1: 'G7 SCOUT'
INFO: Weapon 2: 'VOLT'
INFO: 
INFO: >>> Frame 005685
INFO: Player name: 'SF_Dezignful' -> 'sF_Dezignful'
INFO: Weapon 1: 'G7 SCOUT'
INFO: Weapon 2: 'VOLT'
INFO: 
INFO: >>> Frame 005686
INFO: Player name: 'sF_Dezignful'
INFO: Weapon 1: 'G7 SCOUT'
INFO: Weapon 2: 'VOLT'
INFO: 
INFO: >>> Frame 005687
INFO: Player name: 'TSM Albralelie'
INFO: Weapon 1: 'SPITFIRE'
INFO: Weapon 2: 'MASTIFF'
INFO: 
INFO: >>> Frame 005688
INFO: Player name: 'TSM Albralelie'
INFO: Weapon 1: '‘SPITFIRE' -> 'SPITFIRE'
INFO: Weapon 2: 'MASTIFF'
INFO: 
INFO: >>> Frame 005689
INFO: Player name: 'TSM Albralelie'
INFO: Weapon 1: 'SPITFIRE'
INFO: Weapon 2: 'MASTIFF'
INFO: 
INFO: >>> Frame 005690
INFO: Player name: 'TSM Albralelie'
INFO: Weapon 1: 'SPITFIRE'
INFO: Weapon 2: 'MASTIFF'
INFO: 
INFO: >>> Frame 005691
INFO: Player name: 'TSM Albralelie'
INFO: Weapon 1: 'SPITFIRE'
INFO: Weapon 2: 'MASTIFF'
INFO: 
INFO: >>> Frame 005692
INFO: Player name: 'TSM Albralelie'
INFO: Weapon 1: 'SPITFIRE'
INFO: Weapon 2: 'MASTIFF'
INFO: 
INFO: >>> Frame 005693
INFO: Player name: 'TSM Albralelie'
INFO: Weapon 1: 'SPITFIRE'
INFO: Weapon 2: 'MASTIFF'
INFO: 
INFO: >>> Frame 005694
INFO: Player name: 'TSM Albralelie'
INFO: Weapon 1: 'SPITFIRE'
INFO: Weapon 2: 'MASTIFF'
INFO: 
INFO: >>> Frame 005695
INFO: Player name: 'TSM Albralelie'
INFO: Weapon 1: 'SPITFIRE'
INFO: Weapon 2: 'MASTIFF'
INFO: 
INFO: >>> Frame 005696
INFO: Player name: 'TSM Albralelie'
INFO: Weapon 1: 'SPITFIRE'
INFO: Weapon 2: 'MASTIFF'
INFO: 
INFO: >>> Frame 005697
INFO: Player name: 'TSM Albralelie'
INFO: Weapon 1: 'SPITFIRE'
INFO: Weapon 2: 'MASTIFF'
INFO: 
INFO: >>> Frame 005698
INFO: Player name: 'TSM Albralelie'
INFO: Weapon 1: 'SPITFIRE'
INFO: Weapon 2: 'MASTIFF'
INFO: 
INFO: >>> Frame 005699
INFO: Player name: 'TSM Albralelie'
INFO: Weapon 1: 'SPITFIRE'
INFO: Weapon 2: 'MASTIFF'
INFO: 
INFO: >>> Frame 005700
INFO: Player name: '-Reps_TSM' -> 'Reps_TSM'
INFO: Weapon 1: 'FLATLINE'
INFO: Weapon 2: 'SHARGE RIFLE' -> 'CHARGE RIFLE'
INFO: 
INFO: >>> Frame 005701
INFO: Player name: 'Reps_TSM'
INFO: Weapon 1: 'FLATLINE'
INFO: Weapon 2: '>HARGE RIFLE' -> 'CHARGE RIFLE'
INFO: 
INFO: >>> Frame 005702
INFO: Player name: 'TSM ImperialHal' -> 'TSM_ImperialHa1'
INFO: Weapon 1: 'FLATLINE'
INFO: Weapon 2: 'MASTIFF'
INFO: 
INFO: >>> Frame 005703
INFO: Player name: 'TSM_ImperialHal' -> 'TSM_ImperialHa1'
INFO: Weapon 1: 'FLATLINE'
INFO: Weapon 2: 'MASTIFF'
INFO: 
INFO: >>> Frame 005704
INFO: Player name: 'TSM ImperialHal' -> 'TSM_ImperialHa1'
INFO: Weapon 1: 'FLATLINE'
INFO: Weapon 2: 'MASTIFF'
INFO: 
INFO: >>> Frame 005705
INFO: Player name: '“TSM _ImperialHal' -> 'TSM_ImperialHa1'
INFO: Weapon 1: 'FLATLINE'
INFO: Weapon 2: 'MASTIFF'
INFO: 
INFO: >>> Frame 005706
INFO: Player name: 'sF_Dezignful'
INFO: Weapon 1: 'G7? SCOUT' -> 'G7 SCOUT'
INFO: Weapon 2: 'VOLT'
INFO: 
INFO: >>> Frame 005707
INFO: Player name: 'sF_Dezignful'
INFO: Weapon 1: 'G? SCOUT' -> 'G7 SCOUT'
INFO: Weapon 2: 'VOLT'
INFO: 
INFO: >>> Frame 005708
INFO: Unknown player: ' ' (best guess: 'CLT Pride', 0.89)
INFO: 
INFO: >>> Frame 005709
INFO: Player name: 'SF Dezigntul' -> 'sF_Dezignful'
INFO: Weapon 1: 'G/ SCOUT' -> 'G7 SCOUT'
INFO: Weapon 2: 'VOLT'
INFO: 
INFO: >>> Frame 005710
INFO: Player name: 'sF_Dezignful'
INFO: Weapon 1: 'G? SEOUT' -> 'G7 SCOUT'
INFO: Weapon 2: 'VOLT'
INFO: 
INFO: >>> Frame 005711
INFO: Player name: 'sF_Dezignful'
INFO: Weapon 1: 'G? SCOUT' -> 'G7 SCOUT'
INFO: Weapon 2: 'VOLT'
INFO: 
INFO: >>> Frame 005712
INFO: Player name: 'sF Dezignful' -> 'sF_Dezignful'
INFO: Weapon 1: 'G? SCOUT' -> 'G7 SCOUT'
INFO: Weapon 2: 'VOLT'
INFO: 
INFO: >>> Frame 005713
INFO: Can't find player name end icon
INFO: 
INFO: >>> Frame 005714
INFO: Can't find player name end icon
INFO: 
INFO: >>> Frame 005715
INFO: Can't find player name end icon
INFO: 
INFO: >>> Frame 005716
INFO: Can't find player name end icon
INFO: 
INFO: >>> Frame 005717
INFO: Player name: 'SF _Dezignful' -> 'sF_Dezignful'
INFO: Weapon 1: 'G7? SCOUT' -> 'G7 SCOUT'
INFO: Weapon 2: 'VOLT'
INFO: 
INFO: >>> Frame 005718
INFO: Player name: 'SF_Dezignful' -> 'sF_Dezignful'
INFO: Weapon 1: 'G? SCOUT' -> 'G7 SCOUT'
INFO: Weapon 2: 'VOLT'
INFO: 
INFO: >>> Frame 005719
INFO: Player name: 'sF_Dezignful'
INFO: Weapon 1: 'G? SCOUT' -> 'G7 SCOUT'
INFO: Weapon 2: 'VOLT'
INFO: 
INFO: >>> Frame 005720
INFO: Player name: '-sF_Dezignful' -> 'sF_Dezignful'
INFO: Weapon 1: 'G7 SCOUT'
INFO: Weapon 2: 'VOLT'
INFO: 
INFO: >>> Frame 005721
INFO: Player name: 'SF _Dezignful' -> 'sF_Dezignful'
INFO: Weapon 1: 'G7 SCOUT'
INFO: Weapon 2: 'VOLT'
INFO: 
INFO: >>> Frame 005722
INFO: Player name: 'sF_Dezignful'
INFO: Weapon 1: 'G7 SCOUT'
INFO: Weapon 2: 'VOLT'
INFO: 
INFO: >>> Frame 005723
INFO: Player name: 'sF_Gentrifying' -> 'sF_Gentrifyinq'
INFO: Weapon 1: 'R-301'
INFO: Weapon 2: 'EVA-B AUTO' -> 'EVA-8 AUTO'
INFO: 
INFO: >>> Frame 005724
INFO: Player name: 'Kotigami|' -> 'Kotigami'
INFO: Weapon 1: 'SPITFIRE'
INFO: Weapon 2: 'R-89' -> 'R-99'
INFO: 
INFO: >>> Frame 005725
INFO: Player name: 'Kotigami'
INFO: Weapon 1: 'SPITFIRE'
INFO: Weapon 2: 'R-99'
INFO: 
INFO: >>> Frame 005726
INFO: Player name: 'Kotigami'
INFO: Weapon 1: 'SPITFIRE'
INFO: Weapon 2: 'R-99'
INFO: 
INFO: >>> Frame 005727
INFO: Player name: 'Kotigami'
INFO: Weapon 2: 'R-99'
INFO: 
INFO: >>> Frame 005728
INFO: Player name: 'Kotigami'
INFO: Weapon 1: 'SPITFIRE'
INFO: 
INFO: >>> Frame 005729
INFO: Player name: 'Kotigami'
INFO: Weapon 1: 'SPITFIRE'
INFO: Weapon 2: 'R-99'
INFO: 
INFO: >>> Frame 005730
INFO: Player name: 'Kotigami'
INFO: Weapon 1: 'SPITFIRE'
INFO: Weapon 2: 'R-99'
INFO: 
INFO: >>> Frame 005731
INFO: 
INFO: >>> Frame 005732
INFO: Player name: 'shipentritying' -> 'sF_Gentrifyinq'
INFO: Weapon 1: 'R-301'
INFO: Weapon 2: 'EVA-8 AUTO'
INFO: 
INFO: >>> Frame 005733
INFO: Player name: 'SF _Dezignful' -> 'sF_Dezignful'
INFO: Weapon 1: 'G7 SCOUT'
INFO: Weapon 2: 'VOLT'
INFO: 
INFO: >>> Frame 005734
INFO: Player name: 'SF Dezignful' -> 'sF_Dezignful'
INFO: Weapon 1: 'G? SCOUT' -> 'G7 SCOUT'
INFO: Weapon 2: 'VOLT'
INFO: 
INFO: >>> Frame 005735
INFO: Player name: 'sF_Dezignful'
INFO: Weapon 1: 'G7? SCOUT' -> 'G7 SCOUT'
INFO: Weapon 2: 'VOLT'
INFO: 
INFO: >>> Frame 005736
INFO: Player name: 'SF _Dezignful' -> 'sF_Dezignful'
INFO: Weapon 1: 'G7 SCOUT'
INFO: Weapon 2: 'VOLT'
INFO: 
INFO: >>> Frame 005737
INFO: Player name: 'sF_Dezignful'
INFO: Weapon 1: 'G7 SCOUT'
INFO: Weapon 2: 'VOLT'
INFO: 
INFO: >>> Frame 005738
INFO: Player name: 'sF_Dezignful'
INFO: Weapon 1: 'G7 SCOUT'
INFO: Weapon 2: 'VOLT'
INFO: 
INFO: >>> Frame 005739
INFO: Player name: 'SF _Dezignful' -> 'sF_Dezignful'
INFO: Weapon 1: 'G7 SCOUT'
INFO: Weapon 2: 'VOLT'
INFO: 
INFO: >>> Frame 005740
INFO: Player name: 'SF Dezignful' -> 'sF_Dezignful'
INFO: Weapon 1: 'G7 SCOUT'
INFO: Weapon 2: 'VOLT'
INFO: 
INFO: >>> Frame 005741
INFO: Can't find player name end icon
INFO: 
INFO: >>> Frame 005742
INFO: Can't find player name end icon
INFO: 
INFO: >>> Frame 005743
INFO: Player name: 'sF_Dezignful'
INFO: Weapon 1: 'G? SCOUT' -> 'G7 SCOUT'
INFO: Weapon 2: 'VOLT'
INFO: 
INFO: >>> Frame 005744
INFO: Player name: 'sF Oezignful' -> 'sF_Dezignful'
INFO: Weapon 1: '67 SE0UT' -> 'G7 SCOUT'
INFO: Weapon 2: 'VOLT'
INFO: 
INFO: >>> Frame 005745
INFO: Player name: 'sF_Dezignful'
INFO: Weapon 1: 'G? SCOUT' -> 'G7 SCOUT'
INFO: Weapon 2: 'VOLT'
INFO: 
INFO: >>> Frame 005746
INFO: Player name: 'SF_Dezignful' -> 'sF_Dezignful'
INFO: Weapon 1: 'G? SCOUT' -> 'G7 SCOUT'
INFO: Weapon 2: 'VOLT'
INFO: 
INFO: >>> Frame 005747
INFO: Player name: 'sF_Dezignful'
INFO: Weapon 1: 'GY SCOUT' -> 'G7 SCOUT'
INFO: Weapon 2: 'VOLT'
INFO: 
INFO: >>> Frame 005748
INFO: Player name: 'sF_Dezignful'
INFO: Weapon 1: 'G7 SCOUT'
INFO: Weapon 2: 'VOLT'
INFO: 
INFO: >>> Frame 005749
INFO: Player name: '_sF_Resultuh' -> 'sF_Resultuh'
INFO: Weapon 1: 'G7 SCOUT'
INFO: Weapon 2: 'MASTIFF'
INFO: 
INFO: >>> Frame 005750
INFO: Can't find player name end icon
INFO: 
INFO: >>> Frame 005751
INFO: Can't find player name end icon
INFO: 
INFO: >>> Frame 005752
INFO: Can't find player name end icon
INFO: 
INFO: >>> Frame 005753
INFO: Player name: 'sF_Gentrifying' -> 'sF_Gentrifyinq'
INFO: Weapon 1: 'R-30)' -> 'R-301'
INFO: Weapon 2: 'EVA-6 AUTO' -> 'EVA-8 AUTO'
INFO: 
INFO: >>> Frame 005754
INFO: Player name: 'sF_Gentrifying' -> 'sF_Gentrifyinq'
INFO: Weapon 1: 'R-301'
INFO: Weapon 2: 'EVA-8 AUTO'
INFO: 
INFO: >>> Frame 005755
INFO: Player name: 'sF_Gentrifying' -> 'sF_Gentrifyinq'
INFO: Weapon 1: 'R-301'
INFO: Weapon 2: 'EVA-8 AUTO'
INFO: 
INFO: >>> Frame 005756
INFO: Player name: 'sF_Gantrifying' -> 'sF_Gentrifyinq'
INFO: Weapon 1: 'A-30)' -> 'R-301'
INFO: Weapon 2: 'EVA-8 AUTO'
INFO: 
INFO: >>> Frame 005757
INFO: Player name: 'sF_Gantrifying' -> 'sF_Gentrifyinq'
INFO: Weapon 1: 'R-30)' -> 'R-301'
INFO: Weapon 2: 'EVA-8 AUTO'
INFO: 
INFO: >>> Frame 005758
INFO: Player name: 'sF_Gentrifying' -> 'sF_Gentrifyinq'
INFO: Weapon 1: 'R-30)' -> 'R-301'
INFO: Weapon 2: 'EVA-6 AUTO' -> 'EVA-8 AUTO'
INFO: 
INFO: >>> Frame 005759
INFO: Player name: '5F_Gentrifying' -> 'sF_Gentrifyinq'
INFO: Weapon 1: 'R-401' -> 'R-301'
INFO: Weapon 2: 'EVA-8 AUTO'
INFO: 
INFO: >>> Frame 005760
INFO: Player name: 'sF_Gentrifying' -> 'sF_Gentrifyinq'
INFO: Weapon 1: 'A-30)' -> 'R-301'
INFO: Weapon 2: 'EVA-8 AUTO'
INFO: 
INFO: >>> Frame 005761
INFO: Player name: 'sF_Gentrifying' -> 'sF_Gentrifyinq'
INFO: Weapon 1: 'R-40)' -> 'R-301'
INFO: Weapon 2: 'EVA-8 AUTO'
INFO: 
INFO: >>> Frame 005762
INFO: Unknown player: '$F Benuitving' (best guess: 'sF_Gentrifyinq', 0.57)
INFO: 
INFO: >>> Frame 005763
INFO: Player name: 'sF_Gentrifying' -> 'sF_Gentrifyinq'
INFO: Weapon 1: 'R-401' -> 'R-301'
INFO: Weapon 2: 'EVA-B AUTO' -> 'EVA-8 AUTO'
INFO: 
INFO: >>> Frame 005764
INFO: Player name: 'sF_Gentrifying' -> 'sF_Gentrifyinq'
INFO: Weapon 1: 'R-401' -> 'R-301'
INFO: Weapon 2: 'EVA-8 AUTO'
INFO: 
INFO: >>> Frame 005765
INFO: Player name: 'Reps TSM' -> 'Reps_TSM'
INFO: Weapon 1: 'FLATLINE'
INFO: Weapon 2: 'CHARGE RIFLI' -> 'CHARGE RIFLE'
INFO: 
INFO: >>> Frame 005766
INFO: Player name: 'Reps TSM' -> 'Reps_TSM'
INFO: Weapon 1: 'FLATLINE'
INFO: Weapon 2: 'CHARGE RIFLI' -> 'CHARGE RIFLE'
INFO: 
INFO: >>> Frame 005767
INFO: Player name: 'Reps_TSM'
INFO: Weapon 1: 'FLATLINE'
INFO: Weapon 2: 'CHARGE RIFLE'
INFO: 
INFO: >>> Frame 005768
INFO: Player name: 'Reps_TSM'
INFO: Weapon 1: 'FLATLINE'
INFO: Weapon 2: 'CHARGE RIFLI' -> 'CHARGE RIFLE'
INFO: 
INFO: >>> Frame 005769
INFO: Player name: 'Reps TSM' -> 'Reps_TSM'
INFO: Weapon 1: 'FLATLINE'
INFO: Weapon 2: 'CHARGE RIFLI' -> 'CHARGE RIFLE'
INFO: 
INFO: >>> Frame 005770
INFO: Player name: 'Reps TSM' -> 'Reps_TSM'
INFO: Weapon 1: 'FLATLINE'
INFO: Weapon 2: 'CHARGE RIFLI' -> 'CHARGE RIFLE'
INFO: 
INFO: >>> Frame 005771
INFO: Player name: 'Reps TSM' -> 'Reps_TSM'
INFO: Weapon 1: 'FLATLINE'
INFO: Weapon 2: 'CHARGE RIFLE'
INFO: 
INFO: >>> Frame 005772
INFO: Player name: 'Reps_TSM'
INFO: Weapon 1: 'FLATLINE'
INFO: Weapon 2: 'CHARGE RIFLI' -> 'CHARGE RIFLE'
INFO: 
INFO: >>> Frame 005773
INFO: Player name: 'Reps TSM' -> 'Reps_TSM'
INFO: Weapon 1: 'FLATLINE'
INFO: Weapon 2: 'CHARGE RIFLE'
INFO: 
INFO: >>> Frame 005774
INFO: Player name: '_Reps_TSM' -> 'Reps_TSM'
INFO: Weapon 1: 'FLATLINE'
INFO: Weapon 2: 'CHARGE RIFLI' -> 'CHARGE RIFLE'
INFO: 
INFO: >>> Frame 005775
INFO: Player name: 'Reps TSM' -> 'Reps_TSM'
INFO: Weapon 1: 'FLATLINE'
INFO: Weapon 2: 'CHARGE RIFLE'
INFO: 
INFO: >>> Frame 005776
INFO: Player name: 'Reps_TSM'
INFO: Weapon 1: 'FLATLINE'
INFO: Weapon 2: 'CHARGE RIFLI' -> 'CHARGE RIFLE'
INFO: 
INFO: >>> Frame 005777
INFO: Player name: 'Reps_TSM'
INFO: Weapon 1: 'FLATLINE'
INFO: Weapon 2: 'CHARGE RIFLE'
INFO: 
INFO: >>> Frame 005778
INFO: Can't find player name end icon
INFO: 
INFO: >>> Frame 005779
INFO: Player name: 'sF_Gentrifying' -> 'sF_Gentrifyinq'
INFO: Weapon 1: 'R-401' -> 'R-301'
INFO: Weapon 2: 'EVA-B AUTO' -> 'EVA-8 AUTO'
INFO: 
INFO: >>> Frame 005780
INFO: Player name: 'sF_Gentrifying' -> 'sF_Gentrifyinq'
INFO: Weapon 1: 'R-301'
INFO: Weapon 2: 'EVA-B AUTO' -> 'EVA-8 AUTO'
INFO: 
INFO: >>> Frame 005781
INFO: Player name: 'sF_Gentrifying' -> 'sF_Gentrifyinq'
INFO: Weapon 1: 'R-401' -> 'R-301'
INFO: Weapon 2: 'EVA-B AUTO' -> 'EVA-8 AUTO'
INFO: 
INFO: >>> Frame 005782
INFO: Player name: 'sF_Gentrifying' -> 'sF_Gentrifyinq'
INFO: Weapon 1: 'R-301'
INFO: Weapon 2: 'EVA-3 AUTO' -> 'EVA-8 AUTO'
INFO: 
INFO: >>> Frame 005783
INFO: Player name: 'sF Gentrifying' -> 'sF_Gentrifyinq'
INFO: Weapon 1: 'R-301'
INFO: Weapon 2: 'EVA-B AUTO' -> 'EVA-8 AUTO'
INFO: 
INFO: >>> Frame 005784
INFO: Player name: 'sF Gentrifying' -> 'sF_Gentrifyinq'
INFO: Weapon 1: 'R-301'
INFO: Weapon 2: 'EVA-B AUTO' -> 'EVA-8 AUTO'
INFO: 
INFO: >>> Frame 005785
INFO: Player name: 'sF_Gentrifying' -> 'sF_Gentrifyinq'
INFO: Weapon 1: 'R-301'
INFO: Weapon 2: 'EVA-8 AUTO'
INFO: 
INFO: >>> Frame 005786
INFO: Can't find player name end icon
INFO: 
INFO: >>> Frame 005787
INFO: Can't find player name end icon
INFO: 
INFO: >>> Frame 005788
INFO: Can't find player name end icon
INFO: 
INFO: >>> Frame 005789
INFO: Can't find player name end icon
INFO: 
INFO: >>> Frame 005790
INFO: Can't find player name end icon
INFO: 
INFO: >>> Frame 005791
INFO: Can't find player name end icon
INFO: 
INFO: >>> Frame 005792
INFO: Can't find player name end icon
INFO: 
INFO: >>> Frame 005793
INFO: Can't find player name end icon
INFO: 
INFO: >>> Frame 005794
INFO: Can't find player name end icon
INFO: 
INFO: >>> Frame 005795
INFO: Player name: 'sF Dezignful' -> 'sF_Dezignful'
INFO: Weapon 1: 'G7 SCOUT'
INFO: Weapon 2: 'VOLT'
INFO: 
INFO: >>> Frame 005796
INFO: Player name: 'sF_Dezigntul' -> 'sF_Dezignful'
INFO: Weapon 1: 'G7 SCOUT'
INFO: Weapon 2: 'VOLT'
INFO: 
INFO: >>> Frame 005797
INFO: Player name: 'sF_Dazignful' -> 'sF_Dezignful'
INFO: Weapon 1: 'G7 SCOUT'
INFO: Weapon 2: 'VOLT'
INFO: 
INFO: >>> Frame 005798
INFO: Player name: ', sF _Resultuh' -> 'sF_Resultuh'
INFO: Weapon 1: 'G7 SCOUT'
INFO: Weapon 2: 'MASTIFF'
INFO: 
INFO: >>> Frame 005799
INFO: Player name: '_$F_Resultuh' -> 'sF_Resultuh'
INFO: Weapon 1: 'G7 SCOUT'
INFO: Weapon 2: 'MASTIFF'
INFO: 
INFO: >>> Frame 005800
INFO: Player name: '_sF_Resultuh' -> 'sF_Resultuh'
INFO: Weapon 1: 'G7 SCOUT'
INFO: Weapon 2: 'MASTIFF'
INFO: 
INFO: >>> Frame 005801
INFO: Player name: 'CLG Vaxlon' -> 'CLG_Vaxlon'
INFO: Weapon 1: 'R-301'
INFO: Weapon 2: 'EVA-8 AUTO'
INFO: 
INFO: >>> Frame 005802
INFO: Player name: 'CLG_Vaxlon'
INFO: Weapon 1: 'R-301'
INFO: Weapon 2: 'EVA-8 AUTO'
INFO: 
INFO: >>> Frame 005803
INFO: Player name: 'CLG Vaxion' -> 'CLG_Vaxlon'
INFO: Weapon 1: 'R-301'
INFO: Weapon 2: 'EVA-8 AUTO'
INFO: 
INFO: >>> Frame 005804
INFO: Player name: 'CLG _Vaxton' -> 'CLG_Vaxlon'
INFO: Weapon 1: 'R-301'
INFO: Weapon 2: 'EVA-8 AUTO'
INFO: 
INFO: >>> Frame 005805
INFO: Player name: 'CLG _Vaxlon' -> 'CLG_Vaxlon'
INFO: Weapon 1: 'R-301'
INFO: Weapon 2: 'EVA-8 AUTO'
INFO: 
INFO: >>> Frame 005806
INFO: Player name: 'CLG Vaxlon' -> 'CLG_Vaxlon'
INFO: Weapon 1: 'R-301'
INFO: Weapon 2: 'EVA-B AUTO' -> 'EVA-8 AUTO'
INFO: 
INFO: >>> Frame 005807
INFO: Player name: 'CLG Vaxlon' -> 'CLG_Vaxlon'
INFO: Weapon 1: 'R-301'
INFO: Weapon 2: 'EVA-8 AUTO'
INFO: 
INFO: >>> Frame 005808
INFO: Player name: 'CLG _Vaxlon' -> 'CLG_Vaxlon'
INFO: Weapon 1: 'R-301'
INFO: Weapon 2: 'EVA-8 AUTO'
INFO: 
INFO: >>> Frame 005809
INFO: Player name: 'CLG _Vaxion' -> 'CLG_Vaxlon'
INFO: Weapon 1: 'R-301'
INFO: Weapon 2: 'EVA-38 AUTO' -> 'EVA-8 AUTO'
INFO: 
INFO: >>> Frame 005810
INFO: Player name: 'CLG imMadness' -> 'CLG ImMadness'
INFO: Weapon 1: 'R-99'
INFO: Weapon 2: 'EVA-8 AUTO'
INFO: 
INFO: >>> Frame 005811
INFO: Player name: '“CLG IimMadness' -> 'CLG ImMadness'
INFO: Weapon 1: 'R-99'
INFO: Weapon 2: 'EVA-3 AUTO' -> 'EVA-8 AUTO'
INFO: 
INFO: >>> Frame 005812
INFO: Player name: 'CLG ImMadness'
INFO: Weapon 1: 'A-99' -> 'R-99'
INFO: Weapon 2: 'EVA-3 AUTO' -> 'EVA-8 AUTO'
INFO: 
INFO: >>> Frame 005813
INFO: Unknown player: ' ' (best guess: 'CLT Pride', 0.89)
INFO: 
INFO: >>> Frame 005814
INFO: Player name: 'CLG ImMadness'
INFO: Weapon 1: 'R-99'
INFO: Weapon 2: 'EVA-38 AUTO' -> 'EVA-8 AUTO'
INFO: 
INFO: >>> Frame 005815
INFO: Can't find player name end icon
INFO: 
INFO: >>> Frame 005816
INFO: Player name: '—sF_Gentrifying' -> 'sF_Gentrifyinq'
INFO: Weapon 1: 'R-301'
INFO: Weapon 2: 'EVA-B AUTO' -> 'EVA-8 AUTO'
INFO: 
INFO: >>> Frame 005817
INFO: Player name: 'sF_Gentrifying' -> 'sF_Gentrifyinq'
INFO: Weapon 1: 'R-301'
INFO: Weapon 2: 'EVA-8 ALTO' -> 'EVA-8 AUTO'
INFO: 
INFO: >>> Frame 005818
INFO: Player name: 'sF_Gentrifying' -> 'sF_Gentrifyinq'
INFO: Weapon 1: 'R-301'
INFO: Weapon 2: 'EV4-38 AUTO' -> 'EVA-8 AUTO'
INFO: 
INFO: >>> Frame 005819
INFO: Player name: 'COL_Monsoon'
INFO: Weapon 1: 'FLATLINE'
INFO: Weapon 2: 'PEACEKEEPEF' -> 'PEACEKEEPER'
INFO: 
INFO: >>> Frame 005820
INFO: Player name: 'COL Monsoon' -> 'COL_Monsoon'
INFO: Weapon 1: 'FLATLINE'
INFO: Weapon 2: '7EACEKEEPER' -> 'PEACEKEEPER'
INFO: 
INFO: >>> Frame 005821
INFO: Player name: 'COL. Monsoon' -> 'COL_Monsoon'
INFO: Weapon 1: 'FLATLINE'
INFO: Weapon 2: 'JEACEKEERER' -> 'PEACEKEEPER'
INFO: 
INFO: >>> Frame 005822
INFO: Player name: 'sF_Gantrifying' -> 'sF_Gentrifyinq'
INFO: Weapon 1: 'R-301'
INFO: Weapon 2: 'EVA-8 AUTO'
INFO: 
INFO: >>> Frame 005823
INFO: Player name: 'sF_Dezignful'
INFO: Weapon 1: 'G7 SCOUT'
INFO: Weapon 2: 'VOLT'
INFO: 
INFO: >>> Frame 005824
INFO: Player name: 'SF _Dezignful' -> 'sF_Dezignful'
INFO: Weapon 1: 'G7 SCOUT'
INFO: Weapon 2: 'VOLT'
INFO: 
INFO: >>> Frame 005825
INFO: Player name: 'SF_Dezigntul' -> 'sF_Dezignful'
INFO: Weapon 1: 'G7 SCOUT'
INFO: Weapon 2: 'YOLT' -> 'VOLT'
INFO: 
INFO: >>> Frame 005826
INFO: Player name: 'SF _Dezignful' -> 'sF_Dezignful'
INFO: Weapon 1: 'G7 SCOUT'
INFO: Weapon 2: 'VOLT'
INFO: 
INFO: >>> Frame 005827
INFO: Player name: 'SF _Dezignful' -> 'sF_Dezignful'
INFO: Weapon 1: 'G7 SCOUT'
INFO: Weapon 2: 'VOLT'
INFO: 
INFO: >>> Frame 005828
INFO: Player name: 'SF_Resuituh' -> 'sF_Resultuh'
INFO: Weapon 1: 'G? SCOUT' -> 'G7 SCOUT'
INFO: Weapon 2: 'MASTIFF'
INFO: 
INFO: >>> Frame 005829
INFO: Unknown player: ' ' (best guess: 'CLT Pride', 0.89)
INFO: 
INFO: >>> Frame 005830
INFO: Can't find player name end icon
INFO: 
INFO: >>> Frame 005831
INFO: Can't find player name end icon
INFO: 
INFO: >>> Frame 005832
INFO: Can't find player name end icon
INFO: 
INFO: >>> Frame 005833
INFO: Can't find player name end icon
INFO: 
INFO: >>> Frame 005834
INFO: Can't find player name end icon
INFO: 
INFO: >>> Frame 005835
INFO: Can't find player name end icon
INFO: 
INFO: >>> Frame 005836
INFO: Can't find player name end icon
INFO: 
INFO: >>> Frame 005837
INFO: Player name: 'sF Gentrifying' -> 'sF_Gentrifyinq'
INFO: Weapon 1: 'G7 SCOUT'
INFO: Weapon 2: 'VOLT'
INFO: 
INFO: >>> Frame 005838
INFO: Player name: 'sF_Gantrifying' -> 'sF_Gentrifyinq'
INFO: Weapon 1: 'DEVOTION'
INFO: Weapon 2: 'EVA-8 AUTO'
INFO: 
INFO: >>> Frame 005839
INFO: Player name: 'sF_Gentrifying' -> 'sF_Gentrifyinq'
INFO: Weapon 1: 'DEVOTION'
INFO: Weapon 2: 'EVA-B AUTO' -> 'EVA-8 AUTO'
INFO: 
INFO: >>> Frame 005840
INFO: Player name: 'sF_Gentrifying' -> 'sF_Gentrifyinq'
INFO: Weapon 1: 'DEVOTION'
INFO: Weapon 2: 'EVA-B AUTO' -> 'EVA-8 AUTO'
INFO: 
INFO: >>> Frame 005841
INFO: Player name: 'sF_Gentrifying' -> 'sF_Gentrifyinq'
INFO: Weapon 1: 'DEVOTION'
INFO: Weapon 2: 'EVA-8 AUTO'
INFO: 
INFO: >>> Frame 005842
INFO: Player name: 'sF_Gentrifying' -> 'sF_Gentrifyinq'
INFO: Weapon 1: 'DEVOTION'
INFO: Weapon 2: 'EVA-8 AUTO'
INFO: 
INFO: >>> Frame 005843
INFO: Player name: 'sF Gentrifying' -> 'sF_Gentrifyinq'
INFO: Weapon 1: 'DEVOTION'
INFO: Weapon 2: 'EVA-38 AUTO' -> 'EVA-8 AUTO'
INFO: 
INFO: >>> Frame 005844
INFO: Player name: '“SF Ge\nF_Gentrifying' -> 'sF_Gentrifyinq'
INFO: Weapon 1: 'DEVOTION'
INFO: Weapon 2: 'EVA-38 AUTO' -> 'EVA-8 AUTO'
INFO: 
INFO: >>> Frame 005845
INFO: Player name: 'sF_Gentrifyi ng' -> 'sF_Gentrifyinq'
INFO: Weapon 1: 'DEVOTION'
INFO: Weapon 2: 'EVA-38 AUTO' -> 'EVA-8 AUTO'
INFO: 
INFO: >>> Frame 005846
INFO: Player name: 'sF_Gentrifying' -> 'sF_Gentrifyinq'
INFO: Weapon 1: 'DEVOTION'
INFO: Weapon 2: 'EVA-8 AUTO'
INFO: 
INFO: >>> Frame 005847
INFO: Player name: 'sF_Gentrifying' -> 'sF_Gentrifyinq'
INFO: Weapon 1: 'DEVOTION'
INFO: Weapon 2: 'EVA-3 AUTO' -> 'EVA-8 AUTO'
INFO: 
INFO: >>> Frame 005848
INFO: Player name: 'sF_Gentrifying' -> 'sF_Gentrifyinq'
INFO: Weapon 1: 'DEVOTION'
INFO: Weapon 2: 'EV4-8 AUTO' -> 'EVA-8 AUTO'
INFO: 
INFO: >>> Frame 005849
INFO: Can't find player name end icon
INFO: 
INFO: >>> Frame 005850
INFO: Can't find player name end icon
INFO: 
INFO: >>> Frame 005851
INFO: 
INFO: >>> Frame 005852
INFO: Unknown player: 'rr Bote\n. etal\nPd\n\ni' (best guess: 'Kotigami', 0.80)
INFO: 
INFO: >>> Frame 005853
INFO: Player name: 'COU Reptar' -> 'COL_Reptar'
INFO: Weapon 1: 'VOLT'
INFO: Weapon 2: 'MASTIFF'
INFO: 
INFO: >>> Frame 005854
INFO: Player name: 'COL_Reptar'
INFO: Weapon 1: 'VOLT'
INFO: Weapon 2: 'MASTIFF'
INFO: 
INFO: >>> Frame 005855
INFO: Player name: 'COL Shiny' -> 'COL_iShiny'
INFO: Weapon 1: 'HEMLOK'
INFO: Weapon 2: 'MASTIFF'
INFO: 
INFO: >>> Frame 005856
INFO: Can't find player name end icon
INFO: 
INFO: >>> Frame 005857
INFO: Player name: 'SF _Dezignful' -> 'sF_Dezignful'
INFO: Weapon 1: 'G7 SCOUT'
INFO: Weapon 2: 'VOLT'
INFO: 
INFO: >>> Frame 005858
INFO: Player name: 'SF _Dezignful' -> 'sF_Dezignful'
INFO: Weapon 1: 'G7 SCOUT'
INFO: Weapon 2: 'VOLT'
INFO: 
INFO: >>> Frame 005859
INFO: Player name: 'sF_Dezignful'
INFO: Weapon 1: 'G? SCOUT' -> 'G7 SCOUT'
INFO: Weapon 2: 'VOLT'
INFO: 
INFO: >>> Frame 005860
INFO: Player name: 'sF_Dezignful'
INFO: Weapon 1: 'G7 SCOUT'
INFO: Weapon 2: 'VOLT'
INFO: 
INFO: >>> Frame 005861
INFO: Player name: '‘sFiDezignful' -> 'sF_Dezignful'
INFO: Weapon 1: 'GY SCOUT' -> 'G7 SCOUT'
INFO: Weapon 2: 'VOLT'
INFO: 
INFO: >>> Frame 005862
INFO: Player name: 'SF /Resultuh' -> 'sF_Resultuh'
INFO: Weapon 1: 'G/ SCOUT' -> 'G7 SCOUT'
INFO: Weapon 2: 'MASTIFF'
INFO: 
INFO: >>> Frame 005863
INFO: Player name: '8F Resultuh' -> 'sF_Resultuh'
INFO: Weapon 1: 'G7 SCOUT'
INFO: Weapon 2: 'MASTIFF'
INFO: 
INFO: >>> Frame 005864
INFO: Unknown player: ' ' (best guess: 'CLT Pride', 0.89)
INFO: 
INFO: >>> Frame 005865
INFO: Can't find player name end icon
INFO: 
INFO: >>> Frame 005866
INFO: Can't find player name end icon
INFO: 
INFO: >>> Frame 005867
INFO: Can't find player name end icon
INFO: 
INFO: >>> Frame 005868
INFO: Player name: 'sF_Gentnfying' -> 'sF_Gentrifyinq'
INFO: Weapon 1: 'DEVOTION'
INFO: Weapon 2: 'EVA-B AUTO' -> 'EVA-8 AUTO'
INFO: 
INFO: >>> Frame 005869
INFO: Player name: '“sF:Dazignful' -> 'sF_Dezignful'
INFO: Weapon 1: 'G? SCOUT' -> 'G7 SCOUT'
INFO: Weapon 2: 'VOLT'
INFO: 
INFO: >>> Frame 005870
INFO: Player name: 'sF_Dezignful'
INFO: Weapon 1: 'G? SCOUT' -> 'G7 SCOUT'
INFO: Weapon 2: 'VOLT'
INFO: 
INFO: >>> Frame 005871
INFO: Player name: 'sF_Dezignful'
INFO: Weapon 1: 'G7 SCOUT'
INFO: Weapon 2: 'VOLT'
INFO: 
INFO: >>> Frame 005872
INFO: Player name: '"SF Dezignful' -> 'sF_Dezignful'
INFO: Weapon 1: 'G? SCOUT' -> 'G7 SCOUT'
INFO: Weapon 2: 'VOLT'
INFO: 
INFO: >>> Frame 005873
INFO: Player name: '_SF_Resultuh' -> 'sF_Resultuh'
INFO: Weapon 1: 'G7 SCOUT'
INFO: Weapon 2: 'MAS TIFF' -> 'MASTIFF'
INFO: 
INFO: >>> Frame 005874
INFO: Can't find player name end icon
INFO: 
INFO: >>> Frame 005875
INFO: Can't find player name end icon
INFO: 
INFO: >>> Frame 005876
INFO: Can't find player name end icon
INFO: 
INFO: >>> Frame 005877
INFO: Can't find player name end icon
INFO: 
INFO: >>> Frame 005878
INFO: Can't find player name end icon
INFO: 
INFO: >>> Frame 005879
INFO: Player name: "'sF-Dezigintul" -> 'sF_Dezignful'
INFO: Weapon 1: 'G7 SCOUT'
INFO: Weapon 2: 'VOLT'
INFO: 
INFO: >>> Frame 005880
INFO: Player name: 'sF_Dezigfiful' -> 'sF_Dezignful'
INFO: Weapon 1: 'GY SEOUT' -> 'G7 SCOUT'
INFO: Weapon 2: 'VOLT'
INFO: 
INFO: >>> Frame 005881
INFO: Player name: 'sF_Dezignful'
INFO: Weapon 1: 'G? SCOUT' -> 'G7 SCOUT'
INFO: Weapon 2: 'VOLT'
INFO: 
INFO: >>> Frame 005882
INFO: 
INFO: >>> Frame 005883
INFO: Player name: 'sF Gantrifying' -> 'sF_Gentrifyinq'
INFO: Weapon 1: 'DEVOTION'
INFO: Weapon 2: 'EVA-8 AUTO'
INFO: 
INFO: >>> Frame 005884
INFO: Player name: "CLT'Bronzey" -> 'CLT Bronzey'
INFO: Weapon 1: 'R-301'
INFO: Weapon 2: 'MASTIFE' -> 'MASTIFF'
INFO: 
INFO: >>> Frame 005885
INFO: Player name: 'CLT Bronzey'
INFO: Weapon 1: 'RA-30)' -> 'R-301'
INFO: Weapon 2: 'MASTIFF'
INFO: 
INFO: >>> Frame 005886
INFO: Player name: 'CLT Btonzey' -> 'CLT Bronzey'
INFO: Weapon 1: 'R-30)' -> 'R-301'
INFO: Weapon 2: 'MASTIFF'
INFO: 
INFO: >>> Frame 005887
INFO: Player name: '“CLT Bronzey' -> 'CLT Bronzey'
INFO: Weapon 1: 'R-30)' -> 'R-301'
INFO: Weapon 2: 'MASTIFF'
INFO: 
INFO: >>> Frame 005888
INFO: Player name: 'CLT Bronzey'
INFO: Weapon 1: 'R-301'
INFO: Weapon 2: 'MASTIFF'
INFO: 
INFO: >>> Frame 005889
INFO: Can't find player name end icon
