INFO: 
INFO: >>> Frame 006348
INFO: Player name: 'CLT Bronzey'
INFO: Weapon 1: 'EVA-8 AUTO'
INFO: 
INFO: >>> Frame 006349
INFO: Player name: 'CLT Bronzey'
INFO: Weapon 1: 'EVA-8 AUTO'
INFO: 
INFO: >>> Frame 006350
INFO: Player name: 'CLT Bronzey'
INFO: Weapon 1: 'EVA-8 AUTO'
INFO: 
INFO: >>> Frame 006351
INFO: Player name: 'CLT Bronzey'
INFO: Weapon 1: 'EVA-8 AUTO'
INFO: 
INFO: >>> Frame 006352
INFO: Player name: 'CLT Pride'
INFO: Weapon 1: 'R-99'
INFO: Weapon 2: 'CHARGE RIFLI' -> 'CHARGE RIFLE'
INFO: 
INFO: >>> Frame 006353
INFO: Player name: 'CLT Pride'
INFO: Weapon 1: 'R-99'
INFO: Weapon 2: 'CHARGE RIFLI' -> 'CHARGE RIFLE'
INFO: 
INFO: >>> Frame 006354
INFO: Player name: 'CLT Pride'
INFO: Weapon 1: 'R-99'
INFO: Weapon 2: 'CHARGE RIFLI' -> 'CHARGE RIFLE'
INFO: 
INFO: >>> Frame 006355
INFO: Player name: 'CLT Pride'
INFO: Weapon 1: 'R-99'
INFO: Weapon 2: 'CHARGE RIFLI' -> 'CHARGE RIFLE'
INFO: 
INFO: >>> Frame 006356
INFO: Player name: 'CLT Pride'
INFO: Weapon 2: 'CHARGE RIFLI' -> 'CHARGE RIFLE'
INFO: 
INFO: >>> Frame 006357
INFO: Player name: '“CLT Pride' -> 'CLT Pride'
INFO: Weapon 2: 'CHARGE RIFLI' -> 'CHARGE RIFLE'
INFO: 
INFO: >>> Frame 006358
INFO: Player name: 'CLT Pride'
INFO: Weapon 2: 'CHARGE RIFLI' -> 'CHARGE RIFLE'
INFO: 
INFO: >>> Frame 006359
INFO: Player name: 'CLT Pride'
INFO: Weapon 1: 'R-99'
INFO: 
INFO: >>> Frame 006360
INFO: Player name: 'CLT Pride'
INFO: 
INFO: >>> Frame 006361
INFO: Player name: '_CLT_marey' -> 'CLT_mercy'
INFO: Weapon 2: 'HEMLOK'
INFO: 
INFO: >>> Frame 006362
INFO: Player name: '_CLT_mercy' -> 'CLT_mercy'
INFO: Weapon 1: 'R-99'
INFO: Weapon 2: 'HEMLOK'
INFO: 
INFO: >>> Frame 006363
INFO: Player name: '_CLT_mercy' -> 'CLT_mercy'
INFO: Weapon 1: 'R-99'
INFO: Weapon 2: 'HEMLORK' -> 'HEMLOK'
INFO: 
INFO: >>> Frame 006364
INFO: Player name: 'CLT_meray' -> 'CLT_mercy'
INFO: Weapon 2: 'HEMLOK'
INFO: 
INFO: >>> Frame 006365
INFO: Player name: '_CLT_mercy' -> 'CLT_mercy'
INFO: Weapon 1: 'R-99'
INFO: Weapon 2: 'HEMLOK'
INFO: 
INFO: >>> Frame 006366
INFO: Player name: '_CLT_mercy' -> 'CLT_mercy'
INFO: Weapon 2: 'HEMLOH' -> 'HEMLOK'
INFO: 
INFO: >>> Frame 006367
INFO: Player name: 'CLT Bronzey'
INFO: Weapon 1: 'EVA-8 AUTO'
INFO: Weapon 2: 'WINGMAN'
INFO: 
INFO: >>> Frame 006368
INFO: Player name: 'CLT Bronzey'
INFO: Weapon 1: 'EVA-8 AUTO'
INFO: Weapon 2: 'WINGMAN'
INFO: 
INFO: >>> Frame 006369
INFO: Player name: 'sF_Dezigntul' -> 'sF_Dezignful'
INFO: Weapon 1: 'HEMLOK'
INFO: Weapon 2: 'ALTERNATOR'
INFO: 
INFO: >>> Frame 006370
INFO: Player name: 'sF_Dezignful'
INFO: Weapon 1: 'HEMLOK'
INFO: Weapon 2: 'ALTERNATOR'
INFO: 
INFO: >>> Frame 006371
INFO: Player name: 'sF_Dezignful'
INFO: Weapon 1: 'HEMLOK'
INFO: Weapon 2: 'ALTERNATOR'
INFO: 
INFO: >>> Frame 006372
INFO: Player name: 'sF_Dezignful'
INFO: Weapon 1: 'HEMLOK'
INFO: Weapon 2: 'ALTERNATOR'
INFO: 
INFO: >>> Frame 006373
INFO: Player name: 'SF Dezignful' -> 'sF_Dezignful'
INFO: Weapon 1: 'HEMLOK'
INFO: Weapon 2: 'ALTERNATOR'
INFO: 
INFO: >>> Frame 006374
INFO: Player name: 'sF_Dezignful'
INFO: Weapon 1: 'HEMLOK'
INFO: Weapon 2: 'ALTERNATOR'
INFO: 
INFO: >>> Frame 006375
INFO: Player name: 'SF_Dezignful' -> 'sF_Dezignful'
INFO: Weapon 1: 'HEMLOK'
INFO: Weapon 2: 'R-99'
INFO: 
INFO: >>> Frame 006376
INFO: Player name: '8F-Dezignful' -> 'sF_Dezignful'
INFO: Weapon 1: 'HEMLOK'
INFO: Weapon 2: 'R-99'
INFO: 
INFO: >>> Frame 006377
INFO: Player name: 'sF_Dezignful'
INFO: Weapon 1: 'HEMLOK'
INFO: Weapon 2: 'R-99'
INFO: 
INFO: >>> Frame 006378
INFO: Player name: 'CLG Vaxion' -> 'CLG_Vaxlon'
INFO: Weapon 1: 'R-30)' -> 'R-301'
INFO: Weapon 2: 'MASTIFF'
INFO: 
INFO: >>> Frame 006379
INFO: Player name: 'CLG _Vaxlon' -> 'CLG_Vaxlon'
INFO: Weapon 1: 'R-40)' -> 'R-301'
INFO: Weapon 2: 'MASTIFF'
INFO: 
INFO: >>> Frame 006380
INFO: Player name: 'CLG Vaxton' -> 'CLG_Vaxlon'
INFO: Weapon 1: 'R-30)' -> 'R-301'
INFO: Weapon 2: 'MASTIFF'
INFO: 
INFO: >>> Frame 006381
INFO: Player name: 'CLG Vaxion' -> 'CLG_Vaxlon'
INFO: Weapon 1: 'A-30)' -> 'R-301'
INFO: Weapon 2: 'MASTIFF'
INFO: 
INFO: >>> Frame 006382
INFO: Player name: 'CLG Vaxion' -> 'CLG_Vaxlon'
INFO: Weapon 1: 'R-30)' -> 'R-301'
INFO: Weapon 2: 'MASTIFF'
INFO: 
INFO: >>> Frame 006383
INFO: Player name: 'CLG Vaxlon' -> 'CLG_Vaxlon'
INFO: Weapon 1: 'R-301'
INFO: Weapon 2: 'MASTIFF'
INFO: 
INFO: >>> Frame 006384
INFO: Player name: 'CLG_Vaxlon'
INFO: Weapon 1: 'R-301'
INFO: Weapon 2: 'MASTIFF'
INFO: 
INFO: >>> Frame 006385
INFO: Player name: 'CLG Vaxion' -> 'CLG_Vaxlon'
INFO: Weapon 1: 'R-301'
INFO: Weapon 2: 'MASTIFF'
INFO: 
INFO: >>> Frame 006386
INFO: Player name: 'CLG Vaxion' -> 'CLG_Vaxlon'
INFO: Weapon 1: 'R-301'
INFO: Weapon 2: 'MASTIFF'
INFO: 
INFO: >>> Frame 006387
INFO: Player name: 'CLG Vaxlon' -> 'CLG_Vaxlon'
INFO: Weapon 1: 'R-301'
INFO: Weapon 2: 'MASTIFF'
INFO: 
INFO: >>> Frame 006388
INFO: Player name: 'CLG _Vaxlon' -> 'CLG_Vaxlon'
INFO: Weapon 1: 'R-301'
INFO: Weapon 2: 'MASTIFF'
INFO: 
INFO: >>> Frame 006389
INFO: Player name: 'CLG Vaxlon' -> 'CLG_Vaxlon'
INFO: Weapon 1: 'R-301'
INFO: Weapon 2: 'MASTIFF'
INFO: 
INFO: >>> Frame 006390
INFO: Player name: 'CLG Vaxlon' -> 'CLG_Vaxlon'
INFO: Weapon 1: 'R-301'
INFO: Weapon 2: 'MASTIFF'
INFO: 
INFO: >>> Frame 006391
INFO: Player name: 'CLG Vaxton' -> 'CLG_Vaxlon'
INFO: Weapon 1: 'R-30)' -> 'R-301'
INFO: Weapon 2: 'MASTIFF'
INFO: 
INFO: >>> Frame 006392
INFO: Player name: 'CLG_Vaxton' -> 'CLG_Vaxlon'
INFO: Weapon 1: 'R-401' -> 'R-301'
INFO: Weapon 2: 'MASTIFF'
INFO: 
INFO: >>> Frame 006393
INFO: Player name: 'CLG_Vaxlon'
INFO: Weapon 1: 'R-30)' -> 'R-301'
INFO: Weapon 2: 'MASTIFF'
INFO: 
INFO: >>> Frame 006394
INFO: Player name: 'sF_Gentrifying' -> 'sF_Gentrifyinq'
INFO: Weapon 1: 'SPITFIRE'
INFO: Weapon 2: 'L-STAR'
INFO: 
INFO: >>> Frame 006395
INFO: Player name: 'sF Gentrifying' -> 'sF_Gentrifyinq'
INFO: Weapon 1: 'SPITFIRE'
INFO: Weapon 2: 'L-STAR'
INFO: 
INFO: >>> Frame 006396
INFO: Player name: 'sF_Gentrifying' -> 'sF_Gentrifyinq'
INFO: Weapon 1: 'SPITFIRE'
INFO: Weapon 2: 'L-STAR'
INFO: 
INFO: >>> Frame 006397
INFO: Player name: 'sF_Gentrifying' -> 'sF_Gentrifyinq'
INFO: Weapon 1: 'SPITFIRE'
INFO: Weapon 2: 'L-STAR'
INFO: 
INFO: >>> Frame 006398
INFO: Player name: 'sF_Gentrifying' -> 'sF_Gentrifyinq'
INFO: Weapon 1: 'SPITFIRE'
INFO: Weapon 2: 'L-STAR'
INFO: 
INFO: >>> Frame 006399
INFO: Player name: 'NRG Sweet Rank 1}' -> 'NRG_Sweet_Rank_1'
INFO: Weapon 1: 'HEMLOK'
INFO: Weapon 2: 'R-94' -> 'R-99'
INFO: 
INFO: >>> Frame 006400
INFO: Player name: 'NRG _Sweet_Rank_}' -> 'NRG_Sweet_Rank_1'
INFO: Weapon 1: 'HEMLOK'
INFO: Weapon 2: 'R-99'
INFO: 
INFO: >>> Frame 006401
INFO: Player name: 'NRG_Sweet_Rank_]' -> 'NRG_Sweet_Rank_1'
INFO: Weapon 1: 'HEMLOK'
INFO: Weapon 2: 'R-99'
INFO: 
INFO: >>> Frame 006402
INFO: Player name: 'NRAG_nafean' -> 'NRG_nafen'
INFO: Weapon 2: 'A-949' -> 'R-99'
INFO: 
INFO: >>> Frame 006403
INFO: Player name: 'NRG_nafen'
INFO: Weapon 1: 'FLATLINE'
INFO: Weapon 2: 'R-99'
INFO: 
INFO: >>> Frame 006404
INFO: Player name: 'NAG nafen' -> 'NRG_nafen'
INFO: Weapon 1: 'FLATLINE'
INFO: Weapon 2: 'R-99'
INFO: 
INFO: >>> Frame 006405
INFO: Player name: ', NRG_rocker' -> 'NRG_rocker'
INFO: Weapon 1: 'SPITFIRE'
INFO: Weapon 2: 'R-301'
INFO: 
INFO: >>> Frame 006406
INFO: Player name: 'NAG_Sweet Rank1' -> 'NRG_Sweet_Rank_1'
INFO: Weapon 1: 'HEMLOK'
INFO: Weapon 2: 'R-99'
INFO: 
INFO: >>> Frame 006407
INFO: Player name: 'NRG _Sweet_Rank_}' -> 'NRG_Sweet_Rank_1'
INFO: Weapon 1: 'HEMLOK'
INFO: Weapon 2: 'R-99'
INFO: 
INFO: >>> Frame 006408
INFO: Player name: 'NRG_Sweet_Rank 1' -> 'NRG_Sweet_Rank_1'
INFO: Weapon 1: 'HEMLOK'
INFO: Weapon 2: 'R-99'
INFO: 
INFO: >>> Frame 006409
INFO: Player name: 'sF _Gentrifying' -> 'sF_Gentrifyinq'
INFO: Weapon 1: 'SPITFIRE'
INFO: Weapon 2: 'L-STAR'
INFO: 
INFO: >>> Frame 006410
INFO: Player name: 'sF_Gentrifying' -> 'sF_Gentrifyinq'
INFO: Weapon 1: 'SPITFIRE'
INFO: Weapon 2: 'L-STAR'
INFO: 
INFO: >>> Frame 006411
INFO: Player name: 'sF_Gentrifying' -> 'sF_Gentrifyinq'
INFO: Weapon 1: 'SPITFIRE'
INFO: Weapon 2: 'L-STAR'
INFO: 
INFO: >>> Frame 006412
INFO: Player name: 'SF _Resultuh' -> 'sF_Resultuh'
INFO: Weapon 1: 'EVA-8 AUTO'
INFO: Weapon 2: 'G7 SCOUT'
INFO: 
INFO: >>> Frame 006413
INFO: Can't find player name end icon
INFO: 
INFO: >>> Frame 006414
INFO: Player name: 'sF_Gentrifying' -> 'sF_Gentrifyinq'
INFO: Weapon 1: 'SPITFIRE'
INFO: Weapon 2: 'L-STAR'
INFO: 
INFO: >>> Frame 006415
INFO: Player name: 'sF_Gentrifying' -> 'sF_Gentrifyinq'
INFO: Weapon 1: 'SPITFIRE'
INFO: Weapon 2: 'L-STAR'
INFO: 
INFO: >>> Frame 006416
INFO: Player name: 'sF_Gentrifying' -> 'sF_Gentrifyinq'
INFO: Weapon 1: 'SPITFIRE:' -> 'SPITFIRE'
INFO: Weapon 2: 'L-STAR'
INFO: 
INFO: >>> Frame 006417
INFO: Player name: 'NRG_nafen'
INFO: Weapon 1: 'FLATLINE'
INFO: Weapon 2: 'R-99'
INFO: 
INFO: >>> Frame 006418
INFO: Player name: 'NRG_nafen'
INFO: Weapon 1: 'FLATLINE'
INFO: Weapon 2: 'R-99'
INFO: 
INFO: >>> Frame 006419
INFO: Player name: 'NRG_nafen'
INFO: Weapon 1: 'FLATLINE'
INFO: Weapon 2: 'R-99'
INFO: 
INFO: >>> Frame 006420
INFO: Player name: 'NRG_nafen'
INFO: Weapon 1: 'FLATLINE'
INFO: Weapon 2: 'R-98' -> 'R-99'
INFO: 
INFO: >>> Frame 006421
INFO: Player name: 'NRG_rocker'
INFO: Weapon 1: 'SPITFIRE'
INFO: Weapon 2: 'R-301'
INFO: 
INFO: >>> Frame 006422
INFO: Player name: 'NRG_rocker'
INFO: Weapon 1: 'SPITFIRE'
INFO: Weapon 2: 'R-301'
INFO: 
INFO: >>> Frame 006423
INFO: Player name: 'NRG _Sweet_Rank_l' -> 'NRG_Sweet_Rank_1'
INFO: Weapon 1: 'HEMLOK'
INFO: Weapon 2: 'R-99'
INFO: 
INFO: >>> Frame 006424
INFO: Can't find player name end icon
INFO: 
INFO: >>> Frame 006425
INFO: Can't find player name end icon
INFO: 
INFO: >>> Frame 006426
INFO: Can't find player name end icon
INFO: 
INFO: >>> Frame 006427
INFO: Can't find player name end icon
INFO: 
INFO: >>> Frame 006428
INFO: Player name: 'sF _Gentrifying' -> 'sF_Gentrifyinq'
INFO: Weapon 1: 'SPITFIRE'
INFO: Weapon 2: 'L-STAR'
INFO: 
INFO: >>> Frame 006429
INFO: Player name: '_SF_Resultuh' -> 'sF_Resultuh'
INFO: Weapon 1: 'EVA-d AUTO' -> 'EVA-8 AUTO'
INFO: Weapon 2: '‘G7 SCOUT' -> 'G7 SCOUT'
INFO: 
INFO: >>> Frame 006430
INFO: Player name: '_SF_Resultuh' -> 'sF_Resultuh'
INFO: Weapon 1: 'EVA-8 AUTO'
INFO: Weapon 2: 'G7 SCOUT'
INFO: 
INFO: >>> Frame 006431
INFO: Player name: 'sF_Gentrifying' -> 'sF_Gentrifyinq'
INFO: Weapon 1: 'EVA-8 AUTO'
INFO: Weapon 2: 'G7 SCOUT'
INFO: 
INFO: >>> Frame 006432
INFO: Player name: 'sF_Gentrifying' -> 'sF_Gentrifyinq'
INFO: Weapon 1: 'SPITFIRE'
INFO: Weapon 2: 'L-STAR.' -> 'L-STAR'
INFO: 
INFO: >>> Frame 006433
INFO: Player name: 'SF Dezignful' -> 'sF_Dezignful'
INFO: Weapon 1: 'SPITFIRE'
INFO: Weapon 2: 'L-STAR'
INFO: 
INFO: >>> Frame 006434
INFO: Player name: 'ClaneSZN'
INFO: Weapon 1: 'SPITFIRE'
INFO: Weapon 2: 'G7 SCOUT'
INFO: 
INFO: >>> Frame 006435
INFO: 
INFO: >>> Frame 006436
INFO: 
INFO: >>> Frame 006437
INFO: Player name: 'COL FunFPS' -> 'COL_FunFPS'
INFO: Weapon 1: 'MASTIFF'
INFO: Weapon 2: '‘WINGMAN' -> 'WINGMAN'
INFO: 
INFO: >>> Frame 006438
INFO: Player name: 'COL FunFPs' -> 'COL_FunFPS'
INFO: Weapon 1: 'MASTIFFE' -> 'MASTIFF'
INFO: Weapon 2: 'WINGMAN'
INFO: 
INFO: >>> Frame 006439
INFO: Can't find player name end icon
INFO: 
INFO: >>> Frame 006440
INFO: Can't find player name end icon
INFO: 
INFO: >>> Frame 006441
INFO: Can't find player name end icon
INFO: 
INFO: >>> Frame 006442
INFO: Player name: 'SF _Dezignful' -> 'sF_Dezignful'
INFO: Weapon 1: 'HEMLOK'
INFO: Weapon 2: 'R-30)' -> 'R-301'
INFO: 
INFO: >>> Frame 006443
INFO: Player name: 'SF_Dezignful' -> 'sF_Dezignful'
INFO: Weapon 1: 'HEMLOK'
INFO: Weapon 2: 'R-3D1' -> 'R-301'
INFO: 
INFO: >>> Frame 006444
INFO: Player name: 'SF _ODezignful' -> 'sF_Dezignful'
INFO: Weapon 1: 'HEMLOK'
INFO: Weapon 2: 'R-30)' -> 'R-301'
INFO: 
INFO: >>> Frame 006445
INFO: Player name: '_SF_Resultuh' -> 'sF_Resultuh'
INFO: Weapon 1: 'EVA-8 AUTO'
INFO: Weapon 2: 'G7. SCOUT' -> 'G7 SCOUT'
INFO: 
INFO: >>> Frame 006446
INFO: Player name: '.NRG_rocker' -> 'NRG_rocker'
INFO: Weapon 1: 'SPITFIRE'
INFO: Weapon 2: 'EVA-8 AUTO'
INFO: 
INFO: >>> Frame 006447
INFO: Player name: 'NRG Sweet_Rank_]' -> 'NRG_Sweet_Rank_1'
INFO: Weapon 1: 'HEMLOK'
INFO: Weapon 2: 'R-99'
INFO: 
INFO: >>> Frame 006448
INFO: Player name: 'NAG_nafen' -> 'NRG_nafen'
INFO: Weapon 1: 'FLATLINE'
INFO: Weapon 2: 'R-99'
INFO: 
INFO: >>> Frame 006449
INFO: Player name: 'NRG_nafen'
INFO: Weapon 1: 'FLATLINE'
INFO: Weapon 2: 'R-99'
INFO: 
INFO: >>> Frame 006450
INFO: Player name: 'NRG_nafen'
INFO: Weapon 1: 'FLATLINE'
INFO: Weapon 2: 'R-99'
INFO: 
INFO: >>> Frame 006451
INFO: Player name: '-sF_Resultuh' -> 'sF_Resultuh'
INFO: Weapon 1: 'EVA-8 AUTO'
INFO: Weapon 2: 'G7 SCOUT'
INFO: 
INFO: >>> Frame 006452
INFO: Player name: 'SF_Resultuh' -> 'sF_Resultuh'
INFO: Weapon 1: 'EVA-8 AUTO'
INFO: Weapon 2: 'G7 SCOUT'
INFO: 
INFO: >>> Frame 006453
INFO: Player name: '_SF_Resaltuh' -> 'sF_Resultuh'
INFO: Weapon 1: 'EVA-8 AUTO'
INFO: Weapon 2: 'G7 SCOUT'
INFO: 
INFO: >>> Frame 006454
INFO: Player name: '_sF_Resultuh' -> 'sF_Resultuh'
INFO: Weapon 1: 'EVA-8 AUTO'
INFO: Weapon 2: 'G7 SCOUT'
INFO: 
INFO: >>> Frame 006455
INFO: Player name: '_SF_Resultuh' -> 'sF_Resultuh'
INFO: Weapon 1: 'EVA-8 AUTH' -> 'EVA-8 AUTO'
INFO: Weapon 2: 'G7 SCOUT'
INFO: 
INFO: >>> Frame 006456
INFO: Player name: '_sF_Resultuh' -> 'sF_Resultuh'
INFO: Weapon 1: 'EVA-8 AUTO'
INFO: Weapon 2: 'G7 SCOUT'
INFO: 
INFO: >>> Frame 006457
INFO: Can't find player name end icon
INFO: 
INFO: >>> Frame 006458
INFO: Can't find player name end icon
INFO: 
INFO: >>> Frame 006459
INFO: Can't find player name end icon
INFO: 
INFO: >>> Frame 006460
INFO: Can't find player name end icon
INFO: 
INFO: >>> Frame 006461
INFO: Can't find player name end icon
INFO: 
INFO: >>> Frame 006462
INFO: Can't find player name end icon
INFO: 
INFO: >>> Frame 006463
INFO: Player name: 'sF_Gentrifying' -> 'sF_Gentrifyinq'
INFO: Weapon 1: 'SPITFIRE'
INFO: Weapon 2: 'L-STAR'
INFO: 
INFO: >>> Frame 006464
INFO: Player name: 'SF_Gentrifying' -> 'sF_Gentrifyinq'
INFO: Weapon 1: 'SPITFIRE'
INFO: Weapon 2: 'L-STAR'
INFO: 
INFO: >>> Frame 006465
INFO: Player name: 'sF_Dezignful'
INFO: Weapon 1: 'HEMLOK'
INFO: Weapon 2: 'R-301'
INFO: 
INFO: >>> Frame 006466
INFO: Player name: '_SF_Resultuh' -> 'sF_Resultuh'
INFO: Weapon 1: 'EVA-8 AUTO'
INFO: Weapon 2: 'G7 SCOUT'
INFO: 
INFO: >>> Frame 006467
INFO: Player name: 'CLG ImMaiiness' -> 'CLG ImMadness'
INFO: Weapon 1: 'R-301'
INFO: Weapon 2: 'G7 SCOUT'
INFO: 
INFO: >>> Frame 006468
INFO: Player name: 'CLG ImMadness'
INFO: Weapon 1: 'R-301'
INFO: Weapon 2: 'G7 SCOUT'
INFO: 
INFO: >>> Frame 006469
INFO: Player name: 'CLG ImMadness'
INFO: Weapon 1: 'R-30)' -> 'R-301'
INFO: Weapon 2: 'G7 SCOUT'
INFO: 
INFO: >>> Frame 006470
INFO: Player name: 'CLG ImMadness'
INFO: Weapon 1: 'R-401' -> 'R-301'
INFO: Weapon 2: 'G7? SCOUT' -> 'G7 SCOUT'
INFO: 
INFO: >>> Frame 006471
INFO: Player name: 'CLG ImMadness'
INFO: Weapon 1: 'A-30)' -> 'R-301'
INFO: Weapon 2: 'G7 SCOUT'
INFO: 
INFO: >>> Frame 006472
INFO: Player name: 'CLG ImMadness'
INFO: Weapon 1: 'A-30)' -> 'R-301'
INFO: Weapon 2: 'G7 SCOUT'
INFO: 
INFO: >>> Frame 006473
INFO: Player name: "'CEG imMadness" -> 'CLG ImMadness'
INFO: Weapon 1: 'A-301' -> 'R-301'
INFO: Weapon 2: 'G7 SCOUT'
INFO: 
INFO: >>> Frame 006474
INFO: Player name: 'CLG ImMadness'
INFO: Weapon 1: 'R-301'
INFO: Weapon 2: 'G7 SCOUT'
INFO: 
INFO: >>> Frame 006475
INFO: Player name: 'CLG ImMadness'
INFO: Weapon 1: 'R-301'
INFO: Weapon 2: 'G7 SCOUT'
INFO: 
INFO: >>> Frame 006476
INFO: Player name: 'CLG ImMadness'
INFO: Weapon 1: 'R-301'
INFO: Weapon 2: 'G7 SCOUT'
INFO: 
INFO: >>> Frame 006477
INFO: Player name: 'CLG ImMadness'
INFO: Weapon 1: 'R-301'
INFO: Weapon 2: 'G7 SCOUT'
INFO: 
INFO: >>> Frame 006478
INFO: Player name: 'CLG imMadness' -> 'CLG ImMadness'
INFO: Weapon 1: 'R-301'
INFO: Weapon 2: 'G7 SCOUT'
INFO: 
INFO: >>> Frame 006479
INFO: Player name: 'CLG ImMadness'
INFO: Weapon 1: 'R-301'
INFO: Weapon 2: 'G7 SCOUT'
INFO: 
INFO: >>> Frame 006480
INFO: Player name: 'CLG ImMatiness' -> 'CLG ImMadness'
INFO: Weapon 1: 'A-30)' -> 'R-301'
INFO: Weapon 2: 'G7 SCOUT'
INFO: 
INFO: >>> Frame 006481
INFO: Player name: 'CLG ImMadness'
INFO: Weapon 1: 'R-30)' -> 'R-301'
INFO: Weapon 2: 'G7.SCOUT' -> 'G7 SCOUT'
INFO: 
INFO: >>> Frame 006482
INFO: Player name: 'CLG ImMadness'
INFO: Weapon 1: 'R-301'
INFO: Weapon 2: 'G7 SCOUT'
INFO: 
INFO: >>> Frame 006483
INFO: Player name: 'CLG ImMadness'
INFO: Weapon 1: 'R-301'
INFO: Weapon 2: 'G7? SCOUT' -> 'G7 SCOUT'
INFO: 
INFO: >>> Frame 006484
INFO: Player name: 'CLG ImMadness'
INFO: Weapon 1: 'R-301'
INFO: Weapon 2: 'G? SCOUT' -> 'G7 SCOUT'
INFO: 
INFO: >>> Frame 006485
INFO: Player name: 'CLG ImMadness'
INFO: Weapon 1: 'R-301'
INFO: Weapon 2: 'EVA-8 AUTO'
INFO: 
INFO: >>> Frame 006486
INFO: Player name: 'CLG ImMadness'
INFO: Weapon 1: 'R-301'
INFO: Weapon 2: 'EVA-8 AUTO'
INFO: 
INFO: >>> Frame 006487
INFO: Player name: 'COL Jou' -> 'COL_Iou'
INFO: Weapon 1: 'WINGMAN'
INFO: Weapon 2: 'HAVOC'
INFO: 
INFO: >>> Frame 006488
INFO: Can't find player name end icon
INFO: 
INFO: >>> Frame 006489
INFO: Can't find player name end icon
INFO: 
INFO: >>> Frame 006490
INFO: Can't find player name end icon
INFO: 
INFO: >>> Frame 006491
INFO: Can't find player name end icon
INFO: 
INFO: >>> Frame 006492
INFO: Player name: 'HRN_Rkn'
INFO: Weapon 1: 'R-301'
INFO: Weapon 2: 'VOLT'
INFO: 
INFO: >>> Frame 006493
INFO: Player name: 'HRN Hill' -> 'HRN_Hill'
INFO: Weapon 1: 'R-301'
INFO: Weapon 2: 'FLATLINE'
INFO: 
INFO: >>> Frame 006494
INFO: Player name: 'HAN_Hill' -> 'HRN_Hill'
INFO: Weapon 2: 'FLATLINE'
INFO: 
INFO: >>> Frame 006495
INFO: Player name: 'HRN Hill' -> 'HRN_Hill'
INFO: Weapon 1: 'R-301'
INFO: Weapon 2: 'FLATLINE'
INFO: 
INFO: >>> Frame 006496
INFO: Player name: 'HRN_Hill'
INFO: Weapon 1: 'R-301'
INFO: Weapon 2: 'FLATLINE'
INFO: 
INFO: >>> Frame 006497
INFO: Player name: 'HRN Hill' -> 'HRN_Hill'
INFO: Weapon 1: 'R-301'
INFO: Weapon 2: 'FLATLINE'
INFO: 
INFO: >>> Frame 006498
INFO: Player name: 'HRN _Hill' -> 'HRN_Hill'
INFO: Weapon 1: 'R-301'
INFO: Weapon 2: 'FLATLINE'
INFO: 
INFO: >>> Frame 006499
INFO: Player name: 'HRN Hill' -> 'HRN_Hill'
INFO: Weapon 1: 'R-301'
INFO: Weapon 2: 'FLATLINE'
INFO: 
INFO: >>> Frame 006500
INFO: Player name: 'HRN Hill' -> 'HRN_Hill'
INFO: Weapon 1: 'R-301'
INFO: Weapon 2: 'FLATLINE'
INFO: 
INFO: >>> Frame 006501
INFO: Can't find player name end icon
INFO: 
INFO: >>> Frame 006502
INFO: Player name: 'COL Iau' -> 'COL_Iou'
INFO: Weapon 1: 'WINGMAN'
INFO: Weapon 2: 'HAVOC'
INFO: 
INFO: >>> Frame 006503
INFO: Player name: 'COL_Iau' -> 'COL_Iou'
INFO: Weapon 1: 'WINGMAN'
INFO: Weapon 2: 'HAVOC'
INFO: 
INFO: >>> Frame 006504
INFO: Player name: 'COL_lou' -> 'COL_Iou'
INFO: Weapon 1: 'WINGMAN'
INFO: Weapon 2: 'HAVOC'
INFO: 
INFO: >>> Frame 006505
INFO: Player name: '_COLJou' -> 'COL_Iou'
INFO: Weapon 1: 'WINGMAN'
INFO: Weapon 2: 'HAVOC'
INFO: 
INFO: >>> Frame 006506
INFO: Player name: ',COL_lou' -> 'COL_Iou'
INFO: Weapon 1: 'WINGMAN'
INFO: Weapon 2: 'HAVOC'
INFO: 
INFO: >>> Frame 006507
INFO: Player name: ',COL_lou' -> 'COL_Iou'
INFO: Weapon 1: 'WINGMAN'
INFO: Weapon 2: 'HAVOC'
INFO: 
INFO: >>> Frame 006508
INFO: Player name: 'COL_lou' -> 'COL_Iou'
INFO: Weapon 1: 'WINGMAN'
INFO: Weapon 2: 'HAVOC'
INFO: 
INFO: >>> Frame 006509
INFO: Can't find player name end icon
INFO: 
INFO: >>> Frame 006510
INFO: Can't find player name end icon
INFO: 
INFO: >>> Frame 006511
INFO: Can't find player name end icon
INFO: 
INFO: >>> Frame 006512
INFO: Can't find player name end icon
INFO: 
INFO: >>> Frame 006513
INFO: Can't find player name end icon
INFO: 
INFO: >>> Frame 006514
INFO: Player name: '.COL: lou' -> 'COL_Iou'
INFO: Weapon 1: 'WINGMAN'
INFO: Weapon 2: 'HAVOC'
INFO: 
INFO: >>> Frame 006515
INFO: Player name: '_COL_lou' -> 'COL_Iou'
INFO: Weapon 1: 'WINGMAN'
INFO: Weapon 2: 'HAVOC'
INFO: 
INFO: >>> Frame 006516
INFO: Player name: 'CLG Vaxlon' -> 'CLG_Vaxlon'
INFO: 
INFO: >>> Frame 006517
INFO: Player name: 'CLG Vaxlan' -> 'CLG_Vaxlon'
INFO: Unknown weapon: 'el' (best guess: '30-30 REPEATER', 1.00)
INFO: 
INFO: >>> Frame 006518
INFO: Player name: 'CLG_Vaxlon'
INFO: Weapon 2: 'EVA-B AUTO' -> 'EVA-8 AUTO'
INFO: 
INFO: >>> Frame 006519
INFO: Player name: 'CLG Vaxlon' -> 'CLG_Vaxlon'
INFO: Weapon 2: 'EVA-B AUTO' -> 'EVA-8 AUTO'
INFO: 
INFO: >>> Frame 006520
INFO: Player name: 'CLG Vaxlon' -> 'CLG_Vaxlon'
INFO: Weapon 1: 'R-301'
INFO: Weapon 2: 'EVA-B AUTO' -> 'EVA-8 AUTO'
INFO: 
INFO: >>> Frame 006521
INFO: Player name: 'CLG _Vaxion' -> 'CLG_Vaxlon'
INFO: Weapon 1: 'R-301'
INFO: Weapon 2: 'EVA-3 AUTO' -> 'EVA-8 AUTO'
INFO: 
INFO: >>> Frame 006522
INFO: Player name: 'CLG Vaxlon' -> 'CLG_Vaxlon'
INFO: Weapon 1: 'R-301'
INFO: Weapon 2: 'EVA-8 AUTO'
INFO: 
INFO: >>> Frame 006523
INFO: Player name: 'CLG Vaxlon' -> 'CLG_Vaxlon'
INFO: Weapon 1: 'R-301'
INFO: Weapon 2: 'EVA-8 AUTO'
INFO: 
INFO: >>> Frame 006524
INFO: Player name: 'CLG_Vaxlon'
INFO: Weapon 1: 'R-301'
INFO: Weapon 2: 'EVA-B AUTO' -> 'EVA-8 AUTO'
INFO: 
INFO: >>> Frame 006525
INFO: Can't find player name end icon
INFO: 
INFO: >>> Frame 006526
INFO: Can't find player name end icon
INFO: 
INFO: >>> Frame 006527
INFO: Can't find player name end icon
INFO: 
INFO: >>> Frame 006528
INFO: Can't find player name end icon
INFO: 
INFO: >>> Frame 006529
INFO: Player name: 'TSM_ImperialHal' -> 'TSM_ImperialHa1'
INFO: Weapon 1: 'SPITFIRE'
INFO: Weapon 2: 'VOLT'
INFO: 
INFO: >>> Frame 006530
INFO: Player name: 'TSM_ImperialHal' -> 'TSM_ImperialHa1'
INFO: Weapon 1: 'SPITFIRE.' -> 'SPITFIRE'
INFO: Weapon 2: 'VOLT'
INFO: 
INFO: >>> Frame 006531
INFO: Player name: 'TSM_ImperialHal' -> 'TSM_ImperialHa1'
INFO: Weapon 1: 'SPITFIRE'
INFO: Weapon 2: 'VOLT'
INFO: 
INFO: >>> Frame 006532
INFO: Player name: 'TSM_ImperialHal' -> 'TSM_ImperialHa1'
INFO: Weapon 1: 'SPITFIRE'
INFO: Weapon 2: 'VOLT'
INFO: 
INFO: >>> Frame 006533
INFO: Player name: 'TSM _ImperialHal' -> 'TSM_ImperialHa1'
INFO: Weapon 1: 'SPITFIRE'
INFO: Weapon 2: 'VOLT'
INFO: 
INFO: >>> Frame 006534
INFO: Player name: 'TSM_ImperialHal' -> 'TSM_ImperialHa1'
INFO: Weapon 1: 'SPITFIRE.' -> 'SPITFIRE'
INFO: Weapon 2: 'YOLT' -> 'VOLT'
INFO: 
INFO: >>> Frame 006535
INFO: Player name: 'TSM_ImperialHal' -> 'TSM_ImperialHa1'
INFO: Weapon 1: 'SPITFIRE'
INFO: Weapon 2: 'VOLT'
INFO: 
INFO: >>> Frame 006536
INFO: Player name: 'TSM _ImperialHal' -> 'TSM_ImperialHa1'
INFO: Weapon 1: 'SPITFIRE'
INFO: Weapon 2: 'VOLT'
INFO: 
INFO: >>> Frame 006537
INFO: Player name: 'TSM_ImperialHal' -> 'TSM_ImperialHa1'
INFO: Weapon 1: 'SPITFIRE'
INFO: Weapon 2: 'VOLT'
INFO: 
INFO: >>> Frame 006538
INFO: Player name: 'TSM_ImperialHal' -> 'TSM_ImperialHa1'
INFO: Weapon 1: 'SPITFIRE'
INFO: Weapon 2: 'VOLT'
INFO: 
INFO: >>> Frame 006539
INFO: Player name: 'TSM_ImperialHal' -> 'TSM_ImperialHa1'
INFO: Weapon 1: 'SPITFIRE'
INFO: Weapon 2: 'VOLT'
INFO: 
INFO: >>> Frame 006540
INFO: Player name: 'TSM_ImperialHal' -> 'TSM_ImperialHa1'
INFO: Weapon 1: 'SPITFIRE'
INFO: Weapon 2: 'VOLT'
INFO: 
INFO: >>> Frame 006541
INFO: Player name: 'TSM_ImperialHal' -> 'TSM_ImperialHa1'
INFO: Weapon 1: 'SPITFIRE'
INFO: Weapon 2: 'VOLT'
INFO: 
INFO: >>> Frame 006542
INFO: Player name: 'TSM_ImperialHal' -> 'TSM_ImperialHa1'
INFO: Weapon 1: 'SPITFIRE'
INFO: Weapon 2: 'VOLT'
INFO: 
INFO: >>> Frame 006543
INFO: Player name: 'TSM_ImperialHal' -> 'TSM_ImperialHa1'
INFO: Weapon 1: 'SPITFIRE'
INFO: Weapon 2: 'VOLT'
INFO: 
INFO: >>> Frame 006544
INFO: Player name: 'TSM_ImperialHal' -> 'TSM_ImperialHa1'
INFO: Weapon 1: 'SPITFIRE'
INFO: Weapon 2: 'VOLT'
INFO: 
INFO: >>> Frame 006545
INFO: Player name: 'TSM _ImperialHal' -> 'TSM_ImperialHa1'
INFO: Weapon 1: 'SPITFIRE'
INFO: Weapon 2: '¥VOLT' -> 'VOLT'
INFO: 
INFO: >>> Frame 006546
INFO: Player name: 'TSMimperialHal' -> 'TSM_ImperialHa1'
INFO: Weapon 1: 'SPITFIRE'
INFO: Weapon 2: 'VOLT'
INFO: 
INFO: >>> Frame 006547
INFO: Player name: 'TSM_imperiaiWal' -> 'TSM_ImperialHa1'
INFO: Weapon 1: 'SPITFIRE'
INFO: Weapon 2: 'VOLT'
INFO: 
INFO: >>> Frame 006548
INFO: Player name: '..Reps_TSM' -> 'Reps_TSM'
INFO: Weapon 1: 'MASTIFF'
INFO: Weapon 2: 'G7 SCOUT'
INFO: 
INFO: >>> Frame 006549
INFO: Player name: 'Reps: TSM' -> 'Reps_TSM'
INFO: Weapon 1: 'MASTIFF'
INFO: Weapon 2: 'G7 SCOUT'
INFO: 
INFO: >>> Frame 006550
INFO: Can't find player name end icon
INFO: 
INFO: >>> Frame 006551
INFO: Player name: 'SF _Dezignful' -> 'sF_Dezignful'
INFO: Weapon 1: 'HEMLOK'
INFO: Weapon 2: 'R-301'
INFO: 
INFO: >>> Frame 006552
INFO: Player name: 'sF_Dezignful'
INFO: Weapon 1: 'HEMLOK'
INFO: Weapon 2: 'R-301'
INFO: 
INFO: >>> Frame 006553
INFO: Player name: 'SF _Dezignful' -> 'sF_Dezignful'
INFO: Weapon 1: 'HEMLOK'
INFO: Weapon 2: 'R-301'
INFO: 
INFO: >>> Frame 006554
INFO: Player name: 'sF_Dezignful'
INFO: Weapon 1: 'HEMLOK'
INFO: Weapon 2: 'R-301'
INFO: 
INFO: >>> Frame 006555
INFO: Unknown player: '“sFGen\n““Geritrifying\nentrifying' (best guess: 'sF_Gentrifyinq', 0.62)
INFO: 
INFO: >>> Frame 006556
INFO: 
INFO: >>> Frame 006557
INFO: Can't find player name end icon
INFO: 
INFO: >>> Frame 006558
INFO: Can't find player name end icon
INFO: 
INFO: >>> Frame 006559
INFO: Can't find player name end icon
INFO: 
INFO: >>> Frame 006560
INFO: Can't find player name end icon
INFO: 
INFO: >>> Frame 006561
INFO: Can't find player name end icon
INFO: 
INFO: >>> Frame 006562
INFO: Can't find player name end icon
INFO: 
INFO: >>> Frame 006563
INFO: Can't find player name end icon
INFO: 
INFO: >>> Frame 006564
INFO: Can't find player name end icon
INFO: 
INFO: >>> Frame 006565
INFO: Can't find player name end icon
INFO: 
INFO: >>> Frame 006566
INFO: Can't find player name end icon
INFO: 
INFO: >>> Frame 006567
INFO: Can't find player name end icon
INFO: 
INFO: >>> Frame 006568
INFO: Player name: 'HRN _Hill' -> 'HRN_Hill'
INFO: Weapon 1: 'R-301'
INFO: Weapon 2: 'FLATLINE'
INFO: 
INFO: >>> Frame 006569
INFO: Player name: 'HRN Hill' -> 'HRN_Hill'
INFO: Weapon 1: 'R-301'
INFO: Weapon 2: 'FLATLINE'
INFO: 
INFO: >>> Frame 006570
INFO: Player name: 'HRN _Hill' -> 'HRN_Hill'
INFO: Weapon 1: 'R-301'
INFO: Weapon 2: 'FLATLINE'
INFO: 
INFO: >>> Frame 006571
INFO: Player name: 'HRN _ Hill' -> 'HRN_Hill'
INFO: Weapon 1: 'R-301'
INFO: Weapon 2: 'FLATLINE'
INFO: 
INFO: >>> Frame 006572
INFO: Player name: 'HRN _Hill' -> 'HRN_Hill'
INFO: Weapon 1: 'R-301'
INFO: Weapon 2: 'FLATLINE'
INFO: 
INFO: >>> Frame 006573
INFO: Player name: 'HRN _Hill' -> 'HRN_Hill'
INFO: Weapon 1: 'R-301'
INFO: Weapon 2: 'FLATLINE'
INFO: 
INFO: >>> Frame 006574
INFO: Player name: 'HRN Hill' -> 'HRN_Hill'
INFO: Weapon 1: 'R-301'
INFO: Weapon 2: 'FLATLINE'
INFO: 
INFO: >>> Frame 006575
INFO: Player name: 'HRN _Hill' -> 'HRN_Hill'
INFO: Weapon 1: 'R-301'
INFO: Weapon 2: 'FLATLINE'
INFO: 
INFO: >>> Frame 006576
INFO: Can't find player name end icon
INFO: 
INFO: >>> Frame 006577
INFO: Player name: 'HRN Hill' -> 'HRN_Hill'
INFO: Weapon 1: 'R-301'
INFO: Weapon 2: 'FLATLINE'
INFO: 
INFO: >>> Frame 006578
INFO: Player name: 'HRN Hill' -> 'HRN_Hill'
INFO: Weapon 1: 'R-301'
INFO: Weapon 2: 'FLATLINE'
INFO: 
INFO: >>> Frame 006579
INFO: Player name: 'Hambino24TV'
INFO: Weapon 1: 'R-301'
INFO: Weapon 2: 'MASTIFF'
INFO: 
INFO: >>> Frame 006580
INFO: Player name: 'CLT Pride'
INFO: Weapon 1: 'R-99'
INFO: Weapon 2: 'EVA-8 AUTO'
INFO: 
INFO: >>> Frame 006581
INFO: Player name: 'CLT marcy' -> 'CLT_mercy'
INFO: Weapon 1: 'WINGMAN'
INFO: Weapon 2: 'R-301'
INFO: 
INFO: >>> Frame 006582
INFO: Player name: '_CLT_mercy' -> 'CLT_mercy'
INFO: Weapon 1: '‘WINGMAN' -> 'WINGMAN'
INFO: Weapon 2: 'R-301'
INFO: 
INFO: >>> Frame 006583
INFO: Player name: 'CLT_mercy'
INFO: Weapon 1: 'WINGMAN'
INFO: Weapon 2: 'R-30)' -> 'R-301'
INFO: 
INFO: >>> Frame 006584
INFO: Player name: '_CLT_mercy' -> 'CLT_mercy'
INFO: Weapon 1: 'WINGMAN'
INFO: Weapon 2: 'R-301'
INFO: 
INFO: >>> Frame 006585
INFO: Player name: '_CLT_mercy' -> 'CLT_mercy'
INFO: Weapon 1: 'WINGMAN'
INFO: Weapon 2: 'R-301'
INFO: 
INFO: >>> Frame 006586
INFO: Player name: '_CLT_mercy' -> 'CLT_mercy'
INFO: Weapon 1: 'WINGMAN'
INFO: Weapon 2: 'R-301'
INFO: 
INFO: >>> Frame 006587
INFO: Player name: 'CLT Bronzey'
INFO: Weapon 1: 'CHARGE RIFLE'
INFO: Weapon 2: 'MASTIFF'
INFO: 
INFO: >>> Frame 006588
INFO: Player name: 'CLT Bronzey'
INFO: Weapon 1: 'CHARGE RIFLE'
INFO: Weapon 2: 'MASTIFF'
INFO: 
INFO: >>> Frame 006589
INFO: Player name: 'CLT Bronzey'
INFO: Weapon 1: 'CHARGE RIFLE'
INFO: Weapon 2: 'MASTIFF'
INFO: 
INFO: >>> Frame 006590
INFO: Player name: 'CLT Bronzey'
INFO: Weapon 1: 'CHARGE RIFLE'
INFO: Weapon 2: 'MASTIFF'
INFO: 
INFO: >>> Frame 006591
INFO: Player name: 'CLT Bronzey'
INFO: Weapon 1: 'CHARGE RIFLI' -> 'CHARGE RIFLE'
INFO: Weapon 2: 'MASTIFF'
INFO: 
INFO: >>> Frame 006592
INFO: Player name: 'CLT Bronzey'
INFO: Weapon 1: 'CHARGE RIFL' -> 'CHARGE RIFLE'
INFO: Weapon 2: 'MASTIFF'
INFO: 
INFO: >>> Frame 006593
INFO: Player name: 'CLT Pride'
INFO: Weapon 1: 'R-99'
INFO: Weapon 2: 'EVA-8 AUTO'
INFO: 
INFO: >>> Frame 006594
INFO: Player name: 'CLT Pride'
INFO: Weapon 1: 'RA-99' -> 'R-99'
INFO: Weapon 2: 'EV4-38 AUTO' -> 'EVA-8 AUTO'
INFO: 
INFO: >>> Frame 006595
INFO: Player name: 'CLT Pride'
INFO: Weapon 1: 'R-99'
INFO: Weapon 2: 'EVA-8 AUTO'
INFO: 
INFO: >>> Frame 006596
INFO: Player name: ', COL_iShiny' -> 'COL_iShiny'
INFO: Weapon 1: 'CHARGE RIFLI' -> 'CHARGE RIFLE'
INFO: Weapon 2: 'EVA-8 AUTO'
INFO: 
INFO: >>> Frame 006597
INFO: Player name: ', COL iShiny' -> 'COL_iShiny'
INFO: Weapon 1: 'CHARGE RIFLI' -> 'CHARGE RIFLE'
INFO: Weapon 2: 'EVA-3 AUTO' -> 'EVA-8 AUTO'
INFO: 
INFO: >>> Frame 006598
INFO: Player name: 'COL_Reptar'
INFO: Weapon 1: 'TRIPLE TAKE'
INFO: Weapon 2: 'MASTIFF'
INFO: 
INFO: >>> Frame 006599
INFO: Player name: 'COL Reptar' -> 'COL_Reptar'
INFO: Weapon 1: 'TRIPLE TAKE'
INFO: Weapon 2: 'MASTIFF'
INFO: 
INFO: >>> Frame 006600
INFO: Player name: 'COL Reptar' -> 'COL_Reptar'
INFO: Weapon 1: 'TRIPLE TAKE'
INFO: Weapon 2: 'MASTIFF'
INFO: 
INFO: >>> Frame 006601
INFO: Player name: 'COL Monsoon' -> 'COL_Monsoon'
INFO: Weapon 1: 'R-301'
INFO: Weapon 2: 'MASTIFF'
INFO: 
INFO: >>> Frame 006602
INFO: Player name: 'COL_Monsoon'
INFO: Weapon 1: 'R-301'
INFO: Weapon 2: 'MASTIFF'
INFO: 
INFO: >>> Frame 006603
INFO: Player name: 'COL Monsoon' -> 'COL_Monsoon'
INFO: Weapon 1: 'R-301'
INFO: Weapon 2: 'MASTIFF'
INFO: 
INFO: >>> Frame 006604
INFO: Player name: 'COL Monsoon' -> 'COL_Monsoon'
INFO: Weapon 1: 'R-301'
INFO: Weapon 2: 'MASTIFF'
INFO: 
INFO: >>> Frame 006605
INFO: Player name: 'COL_Monsoon'
INFO: Weapon 1: 'R-301'
INFO: Weapon 2: 'MASTIFF'
INFO: 
INFO: >>> Frame 006606
INFO: Player name: '“CDL.Monsoon' -> 'COL_Monsoon'
INFO: Weapon 1: 'R-301'
INFO: Weapon 2: 'MASTIFF'
INFO: 
INFO: >>> Frame 006607
INFO: Player name: 'COL Shiny' -> 'COL_iShiny'
INFO: Weapon 1: 'CHARGE RIFLI' -> 'CHARGE RIFLE'
INFO: Weapon 2: 'EVA-B AUTO' -> 'EVA-8 AUTO'
INFO: 
INFO: >>> Frame 006608
INFO: Player name: 'COL Monsoon' -> 'COL_Monsoon'
INFO: Weapon 1: 'R-301'
INFO: Weapon 2: 'MASTIFF'
INFO: 
INFO: >>> Frame 006609
INFO: Player name: 'sF_Resultuh'
INFO: Weapon 1: 'L-STAR'
INFO: Weapon 2: 'G7-SCOUT' -> 'G7 SCOUT'
INFO: 
INFO: >>> Frame 006610
INFO: Can't find player name end icon
INFO: 
INFO: >>> Frame 006611
INFO: Player name: '_sF_Resultuh' -> 'sF_Resultuh'
INFO: Weapon 1: 'L-STAR'
INFO: Weapon 2: 'G7.SCOUT' -> 'G7 SCOUT'
INFO: 
INFO: >>> Frame 006612
INFO: Player name: '-sF_Resultuh' -> 'sF_Resultuh'
INFO: Weapon 1: 'L-STAR'
INFO: Weapon 2: 'G7? SCOUT' -> 'G7 SCOUT'
INFO: 
INFO: >>> Frame 006613
INFO: Player name: '_SF_Resultuh' -> 'sF_Resultuh'
INFO: Weapon 1: 'L-STAR'
INFO: Weapon 2: 'G7 SCOUT'
INFO: 
INFO: >>> Frame 006614
INFO: Can't find player name end icon
INFO: 
INFO: >>> Frame 006615
INFO: Can't find player name end icon
INFO: 
INFO: >>> Frame 006616
INFO: Can't find player name end icon
INFO: 
INFO: >>> Frame 006617
INFO: Player name: '_SF_Resultuh' -> 'sF_Resultuh'
INFO: Weapon 1: 'SPITFIRE'
INFO: Weapon 2: 'EVA-8 AUTO'
INFO: 
INFO: >>> Frame 006618
INFO: Player name: '-sF_Resultuh' -> 'sF_Resultuh'
INFO: Weapon 1: 'L-STAR'
INFO: Weapon 2: 'G7 SCOUT'
INFO: 
INFO: >>> Frame 006619
INFO: Can't find player name end icon
INFO: 
INFO: >>> Frame 006620
INFO: Player name: 'SungNguyenn'
INFO: Weapon 1: 'MASTIFF'
INFO: Weapon 2: 'VOLT'
INFO: 
INFO: >>> Frame 006621
INFO: Player name: 'sungNguyenn' -> 'SungNguyenn'
INFO: Weapon 1: 'MASTIFF'
INFO: Weapon 2: 'VOLT'
INFO: 
INFO: >>> Frame 006622
INFO: Player name: 'sungNguyenn' -> 'SungNguyenn'
INFO: Weapon 1: 'R-40)' -> 'R-301'
INFO: Weapon 2: 'EVA-6 AUTO' -> 'EVA-8 AUTO'
INFO: 
INFO: >>> Frame 006623
INFO: Player name: 'BlurrFlavarz_RX' -> 'BlurrFlavorz_RX'
INFO: Weapon 1: 'R-30)' -> 'R-301'
INFO: Weapon 2: 'EVA-8 AUTO'
INFO: 
INFO: >>> Frame 006624
INFO: Player name: '-BlurrFlavarz_ AX' -> 'BlurrFlavorz_RX'
INFO: Weapon 1: 'R-301'
INFO: Weapon 2: 'EVA-8 AUTO'
INFO: 
INFO: >>> Frame 006625
INFO: Player name: '-HisWattson_RX' -> 'HisWattson_RX'
INFO: Weapon 1: 'MASTIFF'
INFO: Weapon 2: 'CHARGE RIFLI' -> 'CHARGE RIFLE'
INFO: 
INFO: >>> Frame 006626
INFO: Player name: 'CLT Pride'
INFO: Weapon 1: 'R-99'
INFO: Weapon 2: 'EVA-8 AUTO'
INFO: 
INFO: >>> Frame 006627
INFO: Player name: 'CLT Pride'
INFO: Weapon 2: 'EVA-B AUTO' -> 'EVA-8 AUTO'
INFO: 
INFO: >>> Frame 006628
INFO: Player name: '-CLT_mercy' -> 'CLT_mercy'
INFO: Weapon 1: 'A-30)' -> 'R-301'
INFO: Weapon 2: 'WINGMAN'
INFO: 
INFO: >>> Frame 006629
INFO: Player name: 'CLT Bronzey'
INFO: Weapon 1: 'CHARGE RIFLI' -> 'CHARGE RIFLE'
INFO: 
INFO: >>> Frame 006630
INFO: Player name: 'CLT Bronzey'
INFO: Weapon 1: 'CHARGE RIFL' -> 'CHARGE RIFLE'
INFO: Weapon 2: 'MASTIFF'
INFO: 
INFO: >>> Frame 006631
INFO: Player name: 'CLT Pride'
INFO: Weapon 2: 'EVA-6 AUTO' -> 'EVA-8 AUTO'
INFO: 
INFO: >>> Frame 006632
INFO: Player name: 'CLT Pride'
INFO: Weapon 1: 'R-99'
INFO: Weapon 2: 'EVA-8 ALTO' -> 'EVA-8 AUTO'
INFO: 
INFO: >>> Frame 006633
INFO: Player name: 'CLT Pride'
INFO: Weapon 1: 'R-99'
INFO: Weapon 2: 'FVA-8 AUTO' -> 'EVA-8 AUTO'
INFO: 
INFO: >>> Frame 006634
INFO: Player name: 'CLT Pride'
INFO: Weapon 1: 'R-99'
INFO: Weapon 2: 'EVA-38 AUTO' -> 'EVA-8 AUTO'
INFO: 
INFO: >>> Frame 006635
INFO: Player name: 'CLT Pride'
INFO: Weapon 1: 'R-99'
INFO: Weapon 2: 'EVA-38 AUTO' -> 'EVA-8 AUTO'
INFO: 
INFO: >>> Frame 006636
INFO: Player name: 'CLT Pride'
INFO: Weapon 1: 'R-99'
INFO: Weapon 2: 'EVA-B AUTO' -> 'EVA-8 AUTO'
INFO: 
INFO: >>> Frame 006637
INFO: Player name: 'CLT Pride'
INFO: Weapon 1: 'R-99'
INFO: Weapon 2: 'EVA-B AUTO' -> 'EVA-8 AUTO'
INFO: 
INFO: >>> Frame 006638
INFO: Player name: 'CLT Pride'
INFO: Weapon 1: 'R-99'
INFO: Weapon 2: 'EVA4-8 AUTO' -> 'EVA-8 AUTO'
INFO: 
INFO: >>> Frame 006639
INFO: Player name: 'CLT Pride'
INFO: 
INFO: >>> Frame 006640
INFO: Player name: 'CLT Pride'
INFO: 
INFO: >>> Frame 006641
INFO: Player name: 'CLT Pride'
INFO: 
INFO: >>> Frame 006642
INFO: Player name: 'CLT Pride'
INFO: 
INFO: >>> Frame 006643
INFO: Player name: 'sF _zachmazer' -> 'sF_zachmazer'
INFO: Weapon 1: 'EVA-8 AUTO'
INFO: Weapon 2: 'WINGMAN'
INFO: 
INFO: >>> Frame 006644
INFO: Player name: 'sF _zachmazer' -> 'sF_zachmazer'
INFO: Weapon 1: 'EVA-38 AUTO' -> 'EVA-8 AUTO'
INFO: Weapon 2: 'WINGMAN'
INFO: 
INFO: >>> Frame 006645
INFO: Player name: 'sF _zachmazer' -> 'sF_zachmazer'
INFO: Weapon 1: 'EVA-8 AUTO'
INFO: Weapon 2: 'WINGMAN'
INFO: 
INFO: >>> Frame 006646
INFO: Player name: 'sF_zachmazer'
INFO: Weapon 1: 'EVA-8 AUTO'
INFO: Weapon 2: 'WINGMAN'
INFO: 
INFO: >>> Frame 006647
INFO: Player name: 'sF_zachmazer'
INFO: Weapon 1: 'EVA-8 AUTO'
INFO: Weapon 2: 'WINGMAN'
INFO: 
INFO: >>> Frame 006648
INFO: Player name: 'sF zachmazer' -> 'sF_zachmazer'
INFO: Weapon 1: 'EVA-8 AUTO'
INFO: Weapon 2: 'WINGMAN'
INFO: 
INFO: >>> Frame 006649
INFO: Can't find player name end icon
INFO: 
INFO: >>> Frame 006650
INFO: Player name: 'sF_zachmazer'
INFO: Weapon 1: 'EVA-8 AUTO'
INFO: Weapon 2: 'WINGMAN'
INFO: 
INFO: >>> Frame 006651
INFO: Player name: 'stayNaughty' -> 'StayNaughty'
INFO: Weapon 1: 'WINGMAN.' -> 'WINGMAN'
INFO: Weapon 2: 'VOLT'
INFO: 
INFO: >>> Frame 006652
INFO: Player name: 'otayNaughty' -> 'StayNaughty'
INFO: Weapon 1: 'WINGMAN'
INFO: Weapon 2: 'VOLT'
INFO: 
INFO: >>> Frame 006653
INFO: Player name: 'stayNaughty' -> 'StayNaughty'
INFO: Weapon 1: 'WINGMAN'
INFO: Weapon 2: 'VOLT'
INFO: 
INFO: >>> Frame 006654
INFO: Player name: 'otayNaughty' -> 'StayNaughty'
INFO: Weapon 1: 'WINGMAN'
INFO: Weapon 2: 'VOLT'
INFO: 
INFO: >>> Frame 006655
INFO: Player name: 'StayNaughty'
INFO: Weapon 1: 'WINGMAN'
INFO: Weapon 2: 'VOLT'
INFO: 
INFO: >>> Frame 006656
INFO: Player name: 'StayNaughty'
INFO: Weapon 1: 'WINGMAN'
INFO: Weapon 2: 'VOLT'
INFO: 
INFO: >>> Frame 006657
INFO: Player name: 'stayNaughty' -> 'StayNaughty'
INFO: Weapon 1: 'WINGMAN'
INFO: Weapon 2: 'VOLT'
INFO: 
INFO: >>> Frame 006658
INFO: Player name: 'otayNaughty' -> 'StayNaughty'
INFO: Weapon 1: 'WINGMAN'
INFO: Weapon 2: 'VOLT'
INFO: 
INFO: >>> Frame 006659
INFO: Player name: 'otayNaughty' -> 'StayNaughty'
INFO: Weapon 1: 'WINGMAN'
INFO: Weapon 2: 'VOLT'
INFO: 
INFO: >>> Frame 006660
INFO: Player name: 'stayNaughty' -> 'StayNaughty'
INFO: Weapon 1: 'WINGMAN'
INFO: Weapon 2: 'VOLT'
INFO: 
INFO: >>> Frame 006661
INFO: Player name: 'StayNaughty'
INFO: Weapon 1: 'WINGMAN'
INFO: Weapon 2: 'VOLT'
INFO: 
INFO: >>> Frame 006662
INFO: Player name: 'StayNaughty'
INFO: Weapon 1: 'WINGMAN'
INFO: Weapon 2: 'VOLT'
INFO: 
INFO: >>> Frame 006663
INFO: Player name: 'StayNaughty'
INFO: Weapon 1: 'WINGMAN.' -> 'WINGMAN'
INFO: Weapon 2: 'VOLT'
INFO: 
INFO: >>> Frame 006664
INFO: Player name: 'knogd' -> 'knoqd'
INFO: Weapon 1: 'R-301'
INFO: Weapon 2: 'MASTIFF'
INFO: 
INFO: >>> Frame 006665
INFO: Can't find player name end icon
INFO: 
INFO: >>> Frame 006666
INFO: Can't find player name end icon
INFO: 
INFO: >>> Frame 006667
INFO: Can't find player name end icon
INFO: 
INFO: >>> Frame 006668
INFO: Player name: 'onipddown_EW' -> 'Snip3down_EW'
INFO: Weapon 1: 'HEMLOK'
INFO: Weapon 2: 'VOLT'
INFO: 
INFO: >>> Frame 006669
INFO: Player name: 'snipadown_EW' -> 'Snip3down_EW'
INFO: Weapon 1: 'HEMLOK.' -> 'HEMLOK'
INFO: Weapon 2: 'VOLT'
INFO: 
INFO: >>> Frame 006670
INFO: Player name: 'onipidown_EW' -> 'Snip3down_EW'
INFO: Weapon 1: 'HEMLOK'
INFO: Weapon 2: 'VOLT'
INFO: 
INFO: >>> Frame 006671
INFO: Player name: 'onipddown_EW' -> 'Snip3down_EW'
INFO: Weapon 1: 'HEMLOK'
INFO: Weapon 2: 'VOLT'
INFO: 
INFO: >>> Frame 006672
INFO: Player name: 'onigadown_EW' -> 'Snip3down_EW'
INFO: Weapon 1: 'HEMLOK'
INFO: Weapon 2: 'VOLT'
INFO: 
INFO: >>> Frame 006673
INFO: Player name: 'TSM ImperiaiHal' -> 'TSM_ImperialHa1'
INFO: Weapon 1: 'SPITFIRE.' -> 'SPITFIRE'
INFO: Weapon 2: 'VOLT'
INFO: 
INFO: >>> Frame 006674
INFO: Player name: 'TSM _ImperialHal' -> 'TSM_ImperialHa1'
INFO: Weapon 1: 'SPITFIRE'
INFO: Weapon 2: 'VOLT'
INFO: 
INFO: >>> Frame 006675
INFO: Player name: 'TSM_ImperialHal' -> 'TSM_ImperialHa1'
INFO: Weapon 1: 'SPITFIRE'
INFO: Weapon 2: 'VOLT'
INFO: 
INFO: >>> Frame 006676
INFO: Player name: 'TSM_ImperialHal' -> 'TSM_ImperialHa1'
INFO: Weapon 1: 'SPITFIRE.' -> 'SPITFIRE'
INFO: Weapon 2: 'VOLT'
INFO: 
INFO: >>> Frame 006677
INFO: Player name: 'TSM_ImperialHal' -> 'TSM_ImperialHa1'
INFO: Weapon 1: 'SPITFIRE'
INFO: Weapon 2: 'VOLT'
INFO: 
INFO: >>> Frame 006678
INFO: Player name: 'TSM_ImperialHal' -> 'TSM_ImperialHa1'
INFO: Weapon 1: 'SPITFIRE'
INFO: Weapon 2: 'VOLT'
INFO: 
INFO: >>> Frame 006679
INFO: Player name: 'TSM_ImperialHal' -> 'TSM_ImperialHa1'
INFO: 
INFO: >>> Frame 006680
INFO: Player name: 'TSM_ImperialHal' -> 'TSM_ImperialHa1'
INFO: Weapon 1: 'SPITFIRE'
INFO: Weapon 2: 'VOLT'
INFO: 
INFO: >>> Frame 006681
INFO: Player name: 'TSM_ImperialHal' -> 'TSM_ImperialHa1'
INFO: Weapon 1: 'SPITFIRE'
INFO: Weapon 2: 'R-99'
INFO: 
INFO: >>> Frame 006682
INFO: Player name: 'TSM_ImperialHal' -> 'TSM_ImperialHa1'
INFO: Weapon 1: 'SPITFIRE'
INFO: Weapon 2: 'R-99'
INFO: 
INFO: >>> Frame 006683
INFO: Player name: 'TSM_ImperialHal' -> 'TSM_ImperialHa1'
INFO: Weapon 1: 'SPITFIRE'
INFO: Weapon 2: 'R-99'
INFO: 
INFO: >>> Frame 006684
INFO: Player name: 'TSM_ImperialHal' -> 'TSM_ImperialHa1'
INFO: Weapon 2: 'R-99'
INFO: 
INFO: >>> Frame 006685
INFO: Unknown player: ' ' (best guess: 'CLT Pride', 0.89)
INFO: 
INFO: >>> Frame 006686
INFO: Can't find player name end icon
INFO: 
INFO: >>> Frame 006687
INFO: Can't find player name end icon
INFO: 
INFO: >>> Frame 006688
INFO: Can't find player name end icon
INFO: 
INFO: >>> Frame 006689
INFO: Can't find player name end icon
INFO: 
INFO: >>> Frame 006690
INFO: Can't find player name end icon
INFO: 
INFO: >>> Frame 006691
INFO: Can't find player name end icon
INFO: 
INFO: >>> Frame 006692
INFO: Can't find player name end icon
INFO: 
INFO: >>> Frame 006693
INFO: Can't find player name end icon
INFO: 
INFO: >>> Frame 006694
INFO: Can't find player name end icon
INFO: 
INFO: >>> Frame 006695
INFO: Player name: 'SF _Resultuh' -> 'sF_Resultuh'
INFO: Weapon 1: 'L-STAR'
INFO: Weapon 2: 'G7 SCOUT'
INFO: 
INFO: >>> Frame 006696
INFO: Player name: ', sF_Resultuh' -> 'sF_Resultuh'
INFO: Weapon 1: 'L-STAR'
INFO: Weapon 2: 'G7 SCOUT'
INFO: 
INFO: >>> Frame 006697
INFO: Player name: '_SF_Resultuh' -> 'sF_Resultuh'
INFO: Weapon 1: 'L-STAR'
INFO: Weapon 2: 'G7 SCOUT'
INFO: 
INFO: >>> Frame 006698
INFO: Player name: ', sF_Resultuh' -> 'sF_Resultuh'
INFO: Weapon 1: 'L-STAR'
INFO: Weapon 2: 'G7 SCOUT'
INFO: 
INFO: >>> Frame 006699
INFO: Player name: 'Kotigami'
INFO: Weapon 1: 'SPITFIRE'
INFO: Weapon 2: 'TRIPLE TAKE'
INFO: 
INFO: >>> Frame 006700
INFO: Player name: 'Kotigam' -> 'Kotigami'
INFO: Weapon 1: 'SPITFIRE'
INFO: Weapon 2: 'TRIPLE TAKE.' -> 'TRIPLE TAKE'
INFO: 
INFO: >>> Frame 006701
INFO: Player name: 'Kotigami'
INFO: Weapon 1: 'SPITFIRE'
INFO: Weapon 2: 'TRIPLE TAKE'
INFO: 
INFO: >>> Frame 006702
INFO: Player name: 'Kotigami'
INFO: Weapon 1: 'SPITFIRE'
INFO: Weapon 2: 'TRIPLE TAKE'
INFO: 
INFO: >>> Frame 006703
INFO: Player name: 'Kotigami'
INFO: Weapon 1: 'SFITFIRE' -> 'SPITFIRE'
INFO: Weapon 2: 'TRIPLE TAKE.' -> 'TRIPLE TAKE'
INFO: 
INFO: >>> Frame 006704
INFO: Player name: 'Kotigami'
INFO: Weapon 1: 'SPITFIRE'
INFO: Weapon 2: 'TRIPLE TAKE'
INFO: 
INFO: >>> Frame 006705
INFO: Player name: 'Kotigami'
INFO: Weapon 1: 'SPITFIRE'
INFO: Weapon 2: 'TRIPLE TAKE'
INFO: 
INFO: >>> Frame 006706
INFO: Player name: 'Kotigami'
INFO: Weapon 1: 'SPITFIRE'
INFO: Weapon 2: '‘TRIPLE TAKE' -> 'TRIPLE TAKE'
INFO: 
INFO: >>> Frame 006707
INFO: Player name: 'Kotigami'
INFO: Weapon 1: 'SPITFIRE'
INFO: Weapon 2: 'TRIPLE TAKE'
INFO: 
INFO: >>> Frame 006708
INFO: Player name: 'Kotigami'
INFO: Weapon 1: 'SPITFIRE'
INFO: Weapon 2: 'TRIPLE TAKE'
INFO: 
INFO: >>> Frame 006709
INFO: Can't find player name end icon
INFO: 
INFO: >>> Frame 006710
INFO: Can't find player name end icon
INFO: 
INFO: >>> Frame 006711
INFO: Can't find player name end icon
INFO: 
INFO: >>> Frame 006712
INFO: Can't find player name end icon
INFO: 
INFO: >>> Frame 006713
INFO: Can't find player name end icon
INFO: 
INFO: >>> Frame 006714
INFO: Can't find player name end icon
INFO: 
INFO: >>> Frame 006715
INFO: Player name: 'OROPPEDxd' -> 'DROPPEDxd'
INFO: Weapon 1: 'FLATLINE'
INFO: Weapon 2: 'EVA-8 AUTO'
INFO: 
INFO: >>> Frame 006716
INFO: Player name: 'DROPPEDxd'
INFO: Weapon 1: 'FLATLINE'
INFO: Weapon 2: 'EVA-B AUTO' -> 'EVA-8 AUTO'
INFO: 
INFO: >>> Frame 006717
INFO: Player name: ',BDROPPEDxd' -> 'DROPPEDxd'
INFO: Weapon 1: 'FLATLINE'
INFO: Weapon 2: 'EVA-8 AUTO'
INFO: 
INFO: >>> Frame 006718
INFO: Player name: '-DROPPEDxd' -> 'DROPPEDxd'
INFO: Weapon 1: 'FLATLINE'
INFO: Weapon 2: 'EVA-8 AUTO'
INFO: 
INFO: >>> Frame 006719
INFO: Player name: 'Rogue: NAG:' -> 'Rogue_NRG'
INFO: Weapon 1: 'WINGMAN.' -> 'WINGMAN'
INFO: Weapon 2: 'EVA-8 AUTO'
INFO: 
INFO: >>> Frame 006720
INFO: Player name: 'sF _Gentrifying' -> 'sF_Gentrifyinq'
INFO: Weapon 1: 'SPITFIRE'
INFO: Weapon 2: 'EVA-8 AUTO'
INFO: 
INFO: >>> Frame 006721
INFO: Player name: 'sF_Gantrifying' -> 'sF_Gentrifyinq'
INFO: Weapon 1: 'SPITFIRE'
INFO: Weapon 2: 'EVA-8 AUTO'
INFO: 
INFO: >>> Frame 006722
INFO: Player name: '_SF_Resuttuh' -> 'sF_Resultuh'
INFO: Weapon 1: 'L-STAR'
INFO: Weapon 2: 'G? SCOUT' -> 'G7 SCOUT'
INFO: 
INFO: >>> Frame 006723
INFO: Can't find player name end icon
INFO: 
INFO: >>> Frame 006724
INFO: Can't find player name end icon
INFO: 
INFO: >>> Frame 006725
INFO: Can't find player name end icon
INFO: 
INFO: >>> Frame 006726
INFO: Can't find player name end icon
INFO: 
INFO: >>> Frame 006727
INFO: Player name: 'sF_Dezigntul' -> 'sF_Dezignful'
INFO: Weapon 1: 'HEMLOK'
INFO: Weapon 2: 'R-301'
INFO: 
INFO: >>> Frame 006728
INFO: Player name: 'sF_Dezignful'
INFO: Weapon 1: 'HEMLOK'
INFO: Weapon 2: 'R-301'
INFO: 
INFO: >>> Frame 006729
INFO: Player name: 'sF_Dezignful'
INFO: Weapon 1: '‘HEMLOK' -> 'HEMLOK'
INFO: Weapon 2: 'R-301'
INFO: 
INFO: >>> Frame 006730
INFO: Player name: 'sF_Dezignful'
INFO: Weapon 1: 'HEMLOK.' -> 'HEMLOK'
INFO: Weapon 2: 'R-301'
INFO: 
INFO: >>> Frame 006731
INFO: Player name: '5F_Dezignful' -> 'sF_Dezignful'
INFO: Weapon 1: 'HEMLOK.' -> 'HEMLOK'
INFO: Weapon 2: 'R-301'
INFO: 
INFO: >>> Frame 006732
INFO: Player name: 'sF_Dezignful'
INFO: Weapon 1: 'HEMLOK'
INFO: Weapon 2: 'R-301'
INFO: 
INFO: >>> Frame 006733
INFO: Player name: 'sF_Dazignful' -> 'sF_Dezignful'
INFO: Weapon 1: 'HEMLOK'
INFO: Weapon 2: 'R-301'
INFO: 
INFO: >>> Frame 006734
INFO: Player name: 'sF_Dezignful'
INFO: Weapon 1: 'HEMLOK'
INFO: Weapon 2: 'R-30)' -> 'R-301'
INFO: 
INFO: >>> Frame 006735
INFO: Player name: 'sF_Dezignful'
INFO: Weapon 1: 'HEMLOK'
INFO: Weapon 2: 'R-301'
INFO: 
INFO: >>> Frame 006736
INFO: Can't find player name end icon
INFO: 
INFO: >>> Frame 006737
INFO: Can't find player name end icon
INFO: 
INFO: >>> Frame 006738
INFO: Can't find player name end icon
INFO: 
INFO: >>> Frame 006739
INFO: Can't find player name end icon
INFO: 
INFO: >>> Frame 006740
INFO: Can't find player name end icon
INFO: 
INFO: >>> Frame 006741
INFO: Player name: 'sF_Resultuh'
INFO: Weapon 1: 'L-STAR'
INFO: Weapon 2: 'G7? SCOUT' -> 'G7 SCOUT'
INFO: 
INFO: >>> Frame 006742
INFO: Player name: '_SF_Resultuh' -> 'sF_Resultuh'
INFO: Weapon 1: 'L-STAR'
INFO: Weapon 2: 'G7? SCOUT' -> 'G7 SCOUT'
INFO: 
INFO: >>> Frame 006743
INFO: Player name: ', sF Resultuh' -> 'sF_Resultuh'
INFO: Weapon 1: 'L-STAR'
INFO: Weapon 2: 'G7 SCOUT'
INFO: 
INFO: >>> Frame 006744
INFO: Player name: 'SF _Resultuh' -> 'sF_Resultuh'
INFO: Weapon 1: 'L-STAR'
INFO: Weapon 2: 'G7? SCOUT' -> 'G7 SCOUT'
INFO: 
INFO: >>> Frame 006745
INFO: Player name: 'sF_Gentrifying' -> 'sF_Gentrifyinq'
INFO: Weapon 1: 'SPITFIRE'
INFO: Weapon 2: 'EVA-B AUTO' -> 'EVA-8 AUTO'
INFO: 
INFO: >>> Frame 006746
INFO: Player name: 'sF Gentrifying' -> 'sF_Gentrifyinq'
INFO: Weapon 1: 'SPITFIRE'
INFO: Weapon 2: 'EVA-8 AUTO'
INFO: 
INFO: >>> Frame 006747
INFO: Player name: 'sF_Gentrifying' -> 'sF_Gentrifyinq'
INFO: Weapon 1: 'SPITFIRE'
INFO: Weapon 2: 'EVA-8 AUTO'
INFO: 
INFO: >>> Frame 006748
INFO: Player name: 'sF_Gentrifying' -> 'sF_Gentrifyinq'
INFO: Weapon 1: 'SPITFIRE'
INFO: Weapon 2: 'EVA-8 AUTO'
INFO: 
INFO: >>> Frame 006749
INFO: Player name: 'sF_Gentrifyi nq' -> 'sF_Gentrifyinq'
INFO: Weapon 1: 'SPITFIRE'
INFO: Weapon 2: 'EVA-3 AUTO' -> 'EVA-8 AUTO'
INFO: 
INFO: >>> Frame 006750
INFO: Player name: 'sF_Gentrifying' -> 'sF_Gentrifyinq'
INFO: Weapon 1: 'SPITFIRE'
INFO: Weapon 2: 'EVA-8 AUTO'
INFO: 
INFO: >>> Frame 006751
INFO: Can't find player name end icon
INFO: 
INFO: >>> Frame 006752
INFO: Can't find player name end icon
INFO: 
INFO: >>> Frame 006753
INFO: Can't find player name end icon
INFO: 
INFO: >>> Frame 006754
INFO: Can't find player name end icon
INFO: 
INFO: >>> Frame 006755
INFO: Can't find player name end icon
INFO: 
INFO: >>> Frame 006756
INFO: Player name: 'sF_Gentrifying' -> 'sF_Gentrifyinq'
INFO: Weapon 1: 'R-99'
INFO: Weapon 2: 'G7 SCOUT'
INFO: 
INFO: >>> Frame 006757
INFO: Player name: 'sF_Gentrifying' -> 'sF_Gentrifyinq'
INFO: Weapon 1: 'SPITFIRE'
INFO: Weapon 2: 'EVA-8 AUTO'
INFO: 
INFO: >>> Frame 006758
INFO: Player name: 'sF_Dezignful'
INFO: Weapon 1: 'HEMLOK'
INFO: Weapon 2: 'R-301'
INFO: 
INFO: >>> Frame 006759
INFO: Player name: 'sF_Gantrifying' -> 'sF_Gentrifyinq'
INFO: Weapon 1: 'SPITFIRE'
INFO: Weapon 2: 'EVA-8 AUTO'
INFO: 
INFO: >>> Frame 006760
INFO: Player name: 'sF_Gentrifying' -> 'sF_Gentrifyinq'
INFO: Weapon 1: 'SPITFIRE'
INFO: Weapon 2: 'EVA-38 AUTO' -> 'EVA-8 AUTO'
INFO: 
INFO: >>> Frame 006761
INFO: Player name: 'sF Gentrifying' -> 'sF_Gentrifyinq'
INFO: Weapon 1: 'SPITFIRE'
INFO: Weapon 2: 'EVA-8 AUTO'
INFO: 
INFO: >>> Frame 006762
INFO: Player name: 'sF _Gentrifying' -> 'sF_Gentrifyinq'
INFO: Weapon 1: 'SPITFIRE'
INFO: Weapon 2: 'EVA-3 AUTO' -> 'EVA-8 AUTO'
INFO: 
INFO: >>> Frame 006763
INFO: Player name: 'SF _Oezignful' -> 'sF_Dezignful'
INFO: Weapon 1: 'HEMLOK'
INFO: Weapon 2: 'R-30]' -> 'R-301'
INFO: 
INFO: >>> Frame 006764
INFO: Can't find player name end icon
INFO: 
INFO: >>> Frame 006765
INFO: Can't find player name end icon
INFO: 
INFO: >>> Frame 006766
INFO: Can't find player name end icon
INFO: 
INFO: >>> Frame 006767
INFO: Can't find player name end icon
INFO: 
INFO: >>> Frame 006768
INFO: Can't find player name end icon
INFO: 
INFO: >>> Frame 006769
INFO: Player name: 'sF_Dezignful'
INFO: Weapon 1: 'HEMLOK'
INFO: Weapon 2: 'R-30)' -> 'R-301'
INFO: 
INFO: >>> Frame 006770
INFO: Player name: 'sf _Gentrifying' -> 'sF_Gentrifyinq'
INFO: Weapon 2: 'EYA-B ALTO' -> 'EVA-8 AUTO'
INFO: 
INFO: >>> Frame 006771
INFO: Player name: 'sF_Ganitrifying' -> 'sF_Gentrifyinq'
INFO: Weapon 2: 'EVa-B AUTO' -> 'EVA-8 AUTO'
INFO: 
INFO: >>> Frame 006772
INFO: Player name: 'sF_Oezignful' -> 'sF_Dezignful'
INFO: Weapon 1: 'HEMUOK' -> 'HEMLOK'
INFO: Weapon 2: 'R-301'
INFO: 
INFO: >>> Frame 006773
INFO: Player name: 'SF _Resultuh' -> 'sF_Resultuh'
INFO: Weapon 1: 'A-99' -> 'R-99'
INFO: Weapon 2: 'G7 SCOUT'
INFO: 
INFO: >>> Frame 006774
INFO: Player name: 'sF_Resultuh'
INFO: Weapon 1: 'R-99'
INFO: Weapon 2: 'G? SCOUT' -> 'G7 SCOUT'
INFO: 
INFO: >>> Frame 006775
INFO: Player name: 'sF_Resultuh'
INFO: Weapon 1: 'R-99'
INFO: Unknown weapon: 'GC? SCgaurT' (best guess: 'G7 SCOUT', 0.55)
INFO: 
INFO: >>> Frame 006776
INFO: Player name: '_SF_Resultuh' -> 'sF_Resultuh'
INFO: Weapon 1: 'R-99'
INFO: Weapon 2: 'G7 SCOUT'
INFO: 
INFO: >>> Frame 006777
INFO: Can't find player name end icon
INFO: 
INFO: >>> Frame 006778
INFO: Can't find player name end icon
INFO: 
INFO: >>> Frame 006779
INFO: Can't find player name end icon
INFO: 
INFO: >>> Frame 006780
INFO: Player name: 'SF _Resultuh' -> 'sF_Resultuh'
INFO: Weapon 1: 'R-99'
INFO: Weapon 2: 'G7 SCOUT'
INFO: 
INFO: >>> Frame 006781
INFO: Player name: '_SF_Resultuh' -> 'sF_Resultuh'
INFO: Weapon 1: 'R-99'
INFO: Weapon 2: 'G7 SCOUT'
INFO: 
INFO: >>> Frame 006782
INFO: Player name: '_SF_Resultuh' -> 'sF_Resultuh'
INFO: Weapon 1: 'R-99'
INFO: Weapon 2: 'G7 SCOUT'
INFO: 
INFO: >>> Frame 006783
INFO: Player name: 'sF_Resultuh'
INFO: Weapon 1: 'R-99'
INFO: Weapon 2: 'G7 SCOUT'
INFO: 
INFO: >>> Frame 006784
INFO: Player name: 'sF_Resultuh'
INFO: Weapon 1: 'R-99'
INFO: Weapon 2: 'G7 SCOUT'
INFO: 
INFO: >>> Frame 006785
INFO: Can't find player name end icon
INFO: 
INFO: >>> Frame 006786
INFO: Player name: 'NRG_nafen'
INFO: Weapon 1: 'HEMLOK'
INFO: Weapon 2: 'R-99'
INFO: 
INFO: >>> Frame 006787
INFO: Player name: 'NRG_nafen'
INFO: Weapon 1: 'HEMLOK'
INFO: Weapon 2: 'R-99'
INFO: 
INFO: >>> Frame 006788
INFO: Player name: 'NRG_nafen'
INFO: Weapon 1: 'HEMLOK'
INFO: Weapon 2: 'R-99'
INFO: 
INFO: >>> Frame 006789
INFO: Player name: 'NRG_rocker'
INFO: Weapon 1: 'SPITFIRE'
INFO: Weapon 2: 'EVA-B AUTO' -> 'EVA-8 AUTO'
INFO: 
INFO: >>> Frame 006790
INFO: Player name: 'NRG_rocker'
INFO: Weapon 1: 'SPITFIRE'
INFO: Weapon 2: 'EVA-8 AUTO'
INFO: 
INFO: >>> Frame 006791
INFO: Player name: 'NRG_rocker'
INFO: Weapon 1: 'SPITFIRE'
INFO: Weapon 2: 'EVA-38 AUTO' -> 'EVA-8 AUTO'
INFO: 
INFO: >>> Frame 006792
INFO: Player name: '_NRG_rocker' -> 'NRG_rocker'
INFO: Weapon 1: 'SPITFIRE'
INFO: Weapon 2: 'EVA-8 AUTO'
INFO: 
INFO: >>> Frame 006793
INFO: Player name: '_NRG_rocker' -> 'NRG_rocker'
INFO: Weapon 1: 'SPITFIRE'
INFO: Weapon 2: 'EVA-B AUTO' -> 'EVA-8 AUTO'
INFO: 
INFO: >>> Frame 006794
INFO: Player name: 'NRG_rocker'
INFO: Weapon 1: 'SPITFIRE'
INFO: Weapon 2: 'EVA-8 AUTO'
INFO: 
INFO: >>> Frame 006795
INFO: Player name: 'NRG_rocker'
INFO: Weapon 1: 'SPITFIRE'
INFO: Weapon 2: 'EVA-8 AUTO'
INFO: 
INFO: >>> Frame 006796
INFO: Player name: 'TSM_ImperialHal' -> 'TSM_ImperialHa1'
INFO: Weapon 1: 'SPITFIRE'
INFO: Weapon 2: 'R-99'
INFO: 
INFO: >>> Frame 006797
INFO: Player name: 'TSM. Iniperialtial' -> 'TSM_ImperialHa1'
INFO: Weapon 1: 'SPITFIRE'
INFO: Weapon 2: 'R-9g9' -> 'R-99'
INFO: 
INFO: >>> Frame 006798
INFO: Player name: 'TSM_ImperialHal' -> 'TSM_ImperialHa1'
INFO: Weapon 1: 'SPITFIRE'
INFO: Weapon 2: 'R-99'
INFO: 
INFO: >>> Frame 006799
INFO: Player name: 'TSM _ImperialHal' -> 'TSM_ImperialHa1'
INFO: Weapon 1: 'SPITFIRE'
INFO: Weapon 2: 'R-39' -> 'R-99'
INFO: 
INFO: >>> Frame 006800
INFO: Player name: 'TSM_ImperialHal' -> 'TSM_ImperialHa1'
INFO: Weapon 1: 'SPITFIRE'
INFO: Weapon 2: 'R-99'
INFO: 
INFO: >>> Frame 006801
INFO: Player name: 'TSM_ImperialHal' -> 'TSM_ImperialHa1'
INFO: Weapon 1: 'SPITFIRE'
INFO: Weapon 2: 'R-99'
INFO: 
INFO: >>> Frame 006802
INFO: Player name: 'TSM _ImperialHal' -> 'TSM_ImperialHa1'
INFO: Weapon 1: 'SPITFIRE'
INFO: Weapon 2: 'R-89' -> 'R-99'
INFO: 
INFO: >>> Frame 006803
INFO: Player name: 'TSM _ImperialHal' -> 'TSM_ImperialHa1'
INFO: Weapon 1: 'SPITFIRE'
INFO: Weapon 2: 'R-99'
INFO: 
INFO: >>> Frame 006804
INFO: Player name: 'TSM_ImperialHal' -> 'TSM_ImperialHa1'
INFO: Weapon 1: 'SPITFIRE'
INFO: Weapon 2: 'R-89' -> 'R-99'
INFO: 
INFO: >>> Frame 006805
INFO: Player name: 'TSM_ImperialHal' -> 'TSM_ImperialHa1'
INFO: Weapon 1: 'SPITFIRE'
INFO: Weapon 2: 'R-99'
INFO: 
INFO: >>> Frame 006806
INFO: Player name: 'TSM _ImperialHal' -> 'TSM_ImperialHa1'
INFO: Weapon 1: 'SPITFIRE'
INFO: Weapon 2: '‘R-99' -> 'R-99'
INFO: 
INFO: >>> Frame 006807
INFO: 
INFO: >>> Frame 006808
INFO: Player name: 'TSM _tmperialHatl' -> 'TSM_ImperialHa1'
INFO: Weapon 1: 'SPITFIRE'
INFO: Weapon 2: 'R-99'
INFO: 
INFO: >>> Frame 006809
INFO: Player name: 'TSM ImperiaiHal' -> 'TSM_ImperialHa1'
INFO: Weapon 1: 'SPITFIRE'
INFO: Unknown weapon: 'A-gg' (best guess: 'R-99', 0.75)
INFO: 
INFO: >>> Frame 006810
INFO: Player name: 'TSM_ImperialHal' -> 'TSM_ImperialHa1'
INFO: Weapon 1: 'SPITFIRE'
INFO: Weapon 2: 'R-99'
INFO: 
INFO: >>> Frame 006811
INFO: Player name: 'TSM _ImperialHal' -> 'TSM_ImperialHa1'
INFO: Weapon 1: 'SPITFIRE'
INFO: Weapon 2: 'R-99'
INFO: 
INFO: >>> Frame 006812
INFO: Player name: 'TSM _ImperialHal' -> 'TSM_ImperialHa1'
INFO: Weapon 1: 'SPITFIRE'
INFO: Weapon 2: 'R-99'
INFO: 
INFO: >>> Frame 006813
INFO: Player name: 'TSM _ImperialHal' -> 'TSM_ImperialHa1'
INFO: Weapon 1: 'SPITFIRE'
INFO: Weapon 2: 'R-99'
INFO: 
INFO: >>> Frame 006814
INFO: Can't find player name end icon
INFO: 
INFO: >>> Frame 006815
INFO: Can't find player name end icon
INFO: 
INFO: >>> Frame 006816
INFO: Can't find player name end icon
INFO: 
INFO: >>> Frame 006817
INFO: Can't find player name end icon
INFO: 
INFO: >>> Frame 006818
INFO: Can't find player name end icon
INFO: 
INFO: >>> Frame 006819
INFO: Can't find player name end icon
INFO: 
INFO: >>> Frame 006820
INFO: Can't find player name end icon
INFO: 
INFO: >>> Frame 006821
INFO: Player name: ' knogd' -> 'knoqd'
INFO: Weapon 1: 'R-301.' -> 'R-301'
INFO: Weapon 2: 'MASTIFF'
INFO: 
INFO: >>> Frame 006822
INFO: Unknown player: '_ knagd' (best guess: 'knoqd', 0.57)
INFO: 
INFO: >>> Frame 006823
INFO: Player name: 'knagd' -> 'knoqd'
INFO: Weapon 1: 'R-401' -> 'R-301'
INFO: Weapon 2: 'MASTIFF'
INFO: 
INFO: >>> Frame 006824
INFO: Player name: '_ knogd' -> 'knoqd'
INFO: Weapon 1: 'R-301'
INFO: Weapon 2: 'MASTIFF'
INFO: 
INFO: >>> Frame 006825
INFO: Unknown player: '_knagd' (best guess: 'knoqd', 0.50)
INFO: 
INFO: >>> Frame 006826
INFO: Player name: 'sF_zachmazer'
INFO: Weapon 1: 'EVA-@ AUTO' -> 'EVA-8 AUTO'
INFO: Weapon 2: 'FLATLINE'
INFO: 
INFO: >>> Frame 006827
INFO: Player name: 'otayNaughty' -> 'StayNaughty'
INFO: Weapon 1: 'WINGMAN'
INFO: Weapon 2: 'VOLT'
INFO: 
INFO: >>> Frame 006828
INFO: Player name: 'SF _zachmazer' -> 'sF_zachmazer'
INFO: Weapon 1: 'EVA-8 AUTO'
INFO: Weapon 2: 'FLATLINE'
INFO: 
INFO: >>> Frame 006829
INFO: Player name: 'sF _zachmazer' -> 'sF_zachmazer'
INFO: Weapon 1: 'EVA-8 AUTO'
INFO: Weapon 2: 'FLATLINE'
INFO: 
INFO: >>> Frame 006830
INFO: Player name: 'sF_zachmazer'
INFO: Weapon 1: 'EVA-8 AUTO'
INFO: Weapon 2: 'FLATLINE'
INFO: 
INFO: >>> Frame 006831
INFO: Player name: 'sF zachmazer' -> 'sF_zachmazer'
INFO: Weapon 1: 'EVA-8 AUTO'
INFO: Weapon 2: 'FLATLINE'
INFO: 
INFO: >>> Frame 006832
INFO: Player name: 'sF_zachmazer'
INFO: Weapon 1: 'EVA-8 AUTO'
INFO: Weapon 2: 'FLATLINE'
INFO: 
INFO: >>> Frame 006833
INFO: Player name: 'sF zachmazer' -> 'sF_zachmazer'
INFO: Weapon 1: 'EVA-8 AUTO'
INFO: Weapon 2: 'FLATLINE'
INFO: 
INFO: >>> Frame 006834
INFO: Player name: 'sF_zachmazer'
INFO: Weapon 1: 'EVA-8 AUTO'
INFO: Weapon 2: 'FLATLINE'
INFO: 
INFO: >>> Frame 006835
INFO: Player name: 'sF_zachmazer'
INFO: Weapon 1: 'EVA-8 AUTO'
INFO: Weapon 2: 'FLATLINE'
INFO: 
INFO: >>> Frame 006836
INFO: Player name: 'StayNaughty'
INFO: Weapon 1: 'WINGMAN'
INFO: Weapon 2: 'VOLT'
INFO: 
INFO: >>> Frame 006837
INFO: Player name: 'StayNaughty'
INFO: Weapon 1: 'WINGMAN'
INFO: Weapon 2: 'VOLT'
INFO: 
INFO: >>> Frame 006838
INFO: Player name: 'knogd' -> 'knoqd'
INFO: Weapon 1: 'R-301'
INFO: Weapon 2: 'MASTIFE' -> 'MASTIFF'
INFO: 
INFO: >>> Frame 006839
INFO: Player name: '_knogd' -> 'knoqd'
INFO: Weapon 1: 'R-301'
INFO: Weapon 2: 'MASTIFE' -> 'MASTIFF'
INFO: 
INFO: >>> Frame 006840
INFO: Player name: 'stayNaughty' -> 'StayNaughty'
INFO: Weapon 1: 'WINGMAN'
INFO: Weapon 2: 'VOLT'
INFO: 
INFO: >>> Frame 006841
INFO: Player name: '_knogd' -> 'knoqd'
INFO: Weapon 1: 'R-30)' -> 'R-301'
INFO: Weapon 2: 'MASTIFF'
INFO: 
INFO: >>> Frame 006842
INFO: Unknown player: '_knagd' (best guess: 'knoqd', 0.50)
INFO: 
INFO: >>> Frame 006843
INFO: Player name: '_ knogd' -> 'knoqd'
INFO: Weapon 1: 'R-301'
INFO: Weapon 2: 'MASTIFF'
INFO: 
INFO: >>> Frame 006844
INFO: Can't find player name end icon
INFO: 
INFO: >>> Frame 006845
INFO: Can't find player name end icon
INFO: 
INFO: >>> Frame 006846
INFO: Player name: 'Liquid Flanker'
INFO: Weapon 1: '‘G7 SCOUT' -> 'G7 SCOUT'
INFO: Weapon 2: 'VOLT'
INFO: 
INFO: >>> Frame 006847
INFO: Player name: '_ LiguidNocturnal' -> 'LiquidNocturnal'
INFO: Weapon 1: 'CHARGE RIFLI' -> 'CHARGE RIFLE'
INFO: Weapon 2: 'MASTIFF'
INFO: 
INFO: >>> Frame 006848
INFO: Player name: '_ LiguidNocturnal' -> 'LiquidNocturnal'
INFO: Weapon 1: 'CHARGE RIFL' -> 'CHARGE RIFLE'
INFO: Weapon 2: 'MASTIFF'
INFO: 
INFO: >>> Frame 006849
INFO: Player name: '_LiquidNocturnal' -> 'LiquidNocturnal'
INFO: Weapon 1: 'CHARGE RIFL' -> 'CHARGE RIFLE'
INFO: Weapon 2: 'MASTIFF'
INFO: 
INFO: >>> Frame 006850
INFO: Player name: 'TSM Albraletia.' -> 'TSM Albralelie'
INFO: Weapon 1: 'R-301'
INFO: Weapon 2: 'EVA-B AUTO' -> 'EVA-8 AUTO'
INFO: 
INFO: >>> Frame 006851
INFO: Player name: 'TSM Albralelia' -> 'TSM Albralelie'
INFO: Weapon 1: 'R-301'
INFO: Weapon 2: 'EVA-8 AUTO'
INFO: 
INFO: >>> Frame 006852
INFO: Player name: 'TSM Albralelis' -> 'TSM Albralelie'
INFO: Weapon 2: 'EVA-8 AUTO'
INFO: 
INFO: >>> Frame 006853
INFO: Player name: 'TSM Albralelie'
INFO: Weapon 2: 'EVA-B AUTO' -> 'EVA-8 AUTO'
INFO: 
INFO: >>> Frame 006854
INFO: Can't find player name end icon
INFO: 
INFO: >>> Frame 006855
INFO: Can't find player name end icon
INFO: 
INFO: >>> Frame 006856
INFO: Can't find player name end icon
INFO: 
INFO: >>> Frame 006857
INFO: Can't find player name end icon
INFO: 
INFO: >>> Frame 006858
INFO: Can't find player name end icon
INFO: 
INFO: >>> Frame 006859
INFO: Player name: 'TSM Albralelie'
INFO: Weapon 1: 'R-301'
INFO: Weapon 2: 'EVA-8 AUTO'
INFO: 
INFO: >>> Frame 006860
INFO: Player name: 'TSM Albralelie'
INFO: Weapon 1: 'R-301'
INFO: Weapon 2: 'EVA-8 AUTO'
INFO: 
INFO: >>> Frame 006861
INFO: Player name: 'TSM Albralelie'
INFO: Weapon 1: 'R-301'
INFO: Weapon 2: 'EVa 8 AUTO' -> 'EVA-8 AUTO'
INFO: 
INFO: >>> Frame 006862
INFO: Player name: 'TSM Albralelie'
INFO: Weapon 1: 'R-301'
INFO: Weapon 2: 'EVA-8 AUTO'
INFO: 
INFO: >>> Frame 006863
INFO: Player name: 'TSM Albralelia' -> 'TSM Albralelie'
INFO: Weapon 1: 'R-301'
INFO: Weapon 2: 'EVA-3 AUTO' -> 'EVA-8 AUTO'
INFO: 
INFO: >>> Frame 006864
INFO: Player name: 'TSM Albralella' -> 'TSM Albralelie'
INFO: Weapon 1: 'R-301'
INFO: Weapon 2: 'EVA-2 AUTO' -> 'EVA-8 AUTO'
INFO: 
INFO: >>> Frame 006865
INFO: Player name: '_Reps_TSM' -> 'Reps_TSM'
INFO: Weapon 1: 'MASTIFE' -> 'MASTIFF'
INFO: Weapon 2: 'R-301'
INFO: 
INFO: >>> Frame 006866
INFO: Player name: 'Reps_TSM'
INFO: Weapon 1: 'MASTIFEF' -> 'MASTIFF'
INFO: Weapon 2: 'R-301'
INFO: 
INFO: >>> Frame 006867
INFO: Player name: 'Reps_TSM'
INFO: Weapon 1: 'MASTIFF'
INFO: Weapon 2: 'R-301'
INFO: 
INFO: >>> Frame 006868
INFO: Player name: 'Reps_TSM'
INFO: Weapon 1: 'MASTIFF'
INFO: Weapon 2: 'R-301'
INFO: 
INFO: >>> Frame 006869
INFO: Player name: 'Reps_TSM'
INFO: Weapon 1: 'MASTIFF'
INFO: Weapon 2: 'R-301'
INFO: 
INFO: >>> Frame 006870
INFO: Player name: 'Reps TSM' -> 'Reps_TSM'
INFO: Weapon 1: 'MASTIFF'
INFO: Weapon 2: 'R-301'
INFO: 
INFO: >>> Frame 006871
INFO: Player name: '/Reps.1SM' -> 'Reps_TSM'
INFO: Weapon 1: 'MASTIFF'
INFO: Weapon 2: 'R-301'
INFO: 
INFO: >>> Frame 006872
INFO: Player name: 'Reps_TSM'
INFO: Weapon 1: 'MASTIFF'
INFO: Weapon 2: 'R-301'
INFO: 
INFO: >>> Frame 006873
INFO: Player name: 'Snip3dawn_EW' -> 'Snip3down_EW'
INFO: Weapon 1: 'HEMLOK'
INFO: Weapon 2: 'VOLT'
INFO: 
INFO: >>> Frame 006874
INFO: Player name: 'Snip3down_ EW' -> 'Snip3down_EW'
INFO: Weapon 1: 'HEMLOK'
INFO: Weapon 2: 'YOLT' -> 'VOLT'
INFO: 
INFO: >>> Frame 006875
INFO: Player name: 'Snip3down_EwW' -> 'Snip3down_EW'
INFO: Weapon 1: 'HEMLOK'
INFO: Weapon 2: 'VOLT'
INFO: 
INFO: >>> Frame 006876
INFO: Player name: 'onipadown_EW' -> 'Snip3down_EW'
INFO: Weapon 1: 'HEMLGK' -> 'HEMLOK'
INFO: Weapon 2: 'VOLT'
INFO: 
INFO: >>> Frame 006877
INFO: Player name: 'Snip3down_ EW' -> 'Snip3down_EW'
INFO: Weapon 1: 'HEMLOK'
INFO: Weapon 2: 'VOLT'
INFO: 
INFO: >>> Frame 006878
INFO: Player name: 'onipsdown_EW' -> 'Snip3down_EW'
INFO: Weapon 1: 'HEMLOK'
INFO: Weapon 2: 'VOLT'
INFO: 
INFO: >>> Frame 006879
INFO: Can't find player name end icon
INFO: 
INFO: >>> Frame 006880
INFO: Can't find player name end icon
INFO: 
INFO: >>> Frame 006881
INFO: Can't find player name end icon
INFO: 
INFO: >>> Frame 006882
INFO: Can't find player name end icon
INFO: 
INFO: >>> Frame 006883
INFO: Can't find player name end icon
INFO: 
INFO: >>> Frame 006884
INFO: Player name: 'FP CUBSKi' -> 'FP_CUBSKi'
INFO: Weapon 1: 'R-301'
INFO: Weapon 2: 'PEACEKEEPEF' -> 'PEACEKEEPER'
INFO: 
INFO: >>> Frame 006885
INFO: Player name: 'FP _CUBSKi' -> 'FP_CUBSKi'
INFO: Weapon 1: 'TRIPLE TAKE'
INFO: Weapon 2: 'VOLT'
INFO: 
INFO: >>> Frame 006886
INFO: Player name: 'FP _CUBSKi' -> 'FP_CUBSKi'
INFO: Weapon 1: 'TRIPLE TAKE'
INFO: Weapon 2: 'VOLT'
INFO: 
INFO: >>> Frame 006887
INFO: Player name: 'FP _CUBSKi' -> 'FP_CUBSKi'
INFO: Weapon 1: 'TRIPLE TAKE'
INFO: Weapon 2: 'VOLT'
INFO: 
INFO: >>> Frame 006888
INFO: Player name: 'S6TeQS6' -> '96TeQ96'
INFO: Weapon 1: 'L-STAR'
INFO: Weapon 2: 'FLATLINE'
INFO: 
INFO: >>> Frame 006889
INFO: Player name: 'S6TeQ96' -> '96TeQ96'
INFO: Weapon 1: 'L-STAR'
INFO: Weapon 2: 'FLATLINE'
INFO: 
INFO: >>> Frame 006890
INFO: Player name: 'S6TeQ36' -> '96TeQ96'
INFO: Weapon 1: 'L-STAR'
INFO: Weapon 2: 'FLATLINE'
INFO: 
INFO: >>> Frame 006891
INFO: Can't find player name end icon
INFO: 
INFO: >>> Frame 006892
INFO: Can't find player name end icon
INFO: 
INFO: >>> Frame 006893
INFO: Can't find player name end icon
INFO: 
INFO: >>> Frame 006894
INFO: Can't find player name end icon
INFO: 
INFO: >>> Frame 006895
INFO: Can't find player name end icon
INFO: 
INFO: >>> Frame 006896
INFO: Can't find player name end icon
INFO: 
INFO: >>> Frame 006897
INFO: Can't find player name end icon
INFO: 
INFO: >>> Frame 006898
INFO: Can't find player name end icon
INFO: 
INFO: >>> Frame 006899
INFO: Can't find player name end icon
INFO: 
INFO: >>> Frame 006900
INFO: Player name: 'NRG_nafen'
INFO: Weapon 1: 'HEMLOK'
INFO: Weapon 2: 'EVA-B AUTO' -> 'EVA-8 AUTO'
INFO: 
INFO: >>> Frame 006901
INFO: Player name: 'NRG_nafen'
INFO: Weapon 1: 'HEMLOK'
INFO: Weapon 2: 'EVA-B AUTO' -> 'EVA-8 AUTO'
INFO: 
INFO: >>> Frame 006902
INFO: Player name: 'NRG_nafen'
INFO: Weapon 1: 'HEMLOK'
INFO: Weapon 2: 'EVA-B AUTO' -> 'EVA-8 AUTO'
INFO: 
INFO: >>> Frame 006903
INFO: Player name: 'NRG_nafen'
INFO: Weapon 1: 'HEMLOK'
INFO: Weapon 2: 'EVA-8 AUTO'
INFO: 
INFO: >>> Frame 006904
INFO: Player name: 'NRG_nafen'
INFO: Weapon 1: 'HEMLOK'
INFO: Weapon 2: 'EVA-8 AUTO'
INFO: 
INFO: >>> Frame 006905
INFO: Player name: 'NRG_nafen'
INFO: Weapon 1: 'HEMLOK'
INFO: Weapon 2: 'EVA-3 AUTO' -> 'EVA-8 AUTO'
INFO: 
INFO: >>> Frame 006906
INFO: Player name: 'SSG Frexs' -> 'SSG_Frexs'
INFO: Weapon 1: 'FLATLINE'
INFO: Weapon 2: 'MASTIFF'
INFO: 
INFO: >>> Frame 006907
INFO: Player name: 'SSG Frexs' -> 'SSG_Frexs'
INFO: Weapon 1: 'FLATLINE'
INFO: Weapon 2: 'MASTIFF'
INFO: 
INFO: >>> Frame 006908
INFO: Can't find player name end icon
INFO: 
INFO: >>> Frame 006909
INFO: Can't find player name end icon
INFO: 
INFO: >>> Frame 006910
INFO: Can't find player name end icon
INFO: 
INFO: >>> Frame 006911
INFO: 
INFO: >>> Frame 006912
INFO: Player name: 'SSG Frexs' -> 'SSG_Frexs'
INFO: Weapon 1: 'FLATLINE'
INFO: Weapon 2: 'MASTIFF'
INFO: 
INFO: >>> Frame 006913
INFO: Player name: 'SSG_Frexs:' -> 'SSG_Frexs'
INFO: Weapon 1: 'FLATLINE'
INFO: Weapon 2: 'MASTIFF'
INFO: 
INFO: >>> Frame 006914
INFO: Player name: "S9G'Fraxs" -> 'SSG_Frexs'
INFO: Weapon 1: 'FLATLINE'
INFO: Weapon 2: 'MASTIFF'
INFO: 
INFO: >>> Frame 006915
INFO: Player name: 'SSG Frexs' -> 'SSG_Frexs'
INFO: Weapon 1: 'FLATLINE'
INFO: Weapon 2: 'MASTIFF'
INFO: 
INFO: >>> Frame 006916
INFO: Player name: 'SSG_Frexe' -> 'SSG_Frexs'
INFO: Weapon 1: 'FLATLINE'
INFO: Weapon 2: 'MASTIFF'
INFO: 
INFO: >>> Frame 006917
INFO: Player name: 'SoG _Frexs' -> 'SSG_Frexs'
INFO: Weapon 1: 'FLATLINE'
INFO: Weapon 2: 'MASTIFF'
INFO: 
INFO: >>> Frame 006918
INFO: Player name: '_NRG_rocker' -> 'NRG_rocker'
INFO: Weapon 1: 'SPITFIRE'
INFO: Weapon 2: 'EVA-8 AUTO'
INFO: 
INFO: >>> Frame 006919
INFO: Player name: 'NRG _Sweet_Rank_l' -> 'NRG_Sweet_Rank_1'
INFO: Weapon 1: 'R-301'
INFO: Weapon 2: 'EVA-2 AUTO' -> 'EVA-8 AUTO'
INFO: 
INFO: >>> Frame 006920
INFO: Player name: 'NRG_Sweet_Rank_}' -> 'NRG_Sweet_Rank_1'
INFO: Weapon 1: 'R-301'
INFO: Weapon 2: 'EVA-B AUTO' -> 'EVA-8 AUTO'
INFO: 
INFO: >>> Frame 006921
INFO: Can't find player name end icon
INFO: 
INFO: >>> Frame 006922
INFO: Can't find player name end icon
INFO: 
INFO: >>> Frame 006923
INFO: Player name: 'NRG. Sweet Rank]' -> 'NRG_Sweet_Rank_1'
INFO: Weapon 1: 'R-301'
INFO: Weapon 2: 'EVA-8 AUTO'
INFO: 
INFO: >>> Frame 006924
INFO: Player name: 'NRG Sweet Rank 1]' -> 'NRG_Sweet_Rank_1'
INFO: Weapon 1: 'R-301'
INFO: Weapon 2: 'EVA-38 AUTO' -> 'EVA-8 AUTO'
INFO: 
INFO: >>> Frame 006925
INFO: Player name: 'NRG_Sweet_Rank_]' -> 'NRG_Sweet_Rank_1'
INFO: Weapon 1: 'R-301'
INFO: Weapon 2: 'EVA-8 AUTO'
INFO: 
INFO: >>> Frame 006926
INFO: Player name: 'NRG_Sweet_Rank_]' -> 'NRG_Sweet_Rank_1'
INFO: Weapon 1: 'R-301'
INFO: Weapon 2: 'EVA-8 AUTO'
INFO: 
INFO: >>> Frame 006927
INFO: Player name: 'NRG_Sweet_ Rank)' -> 'NRG_Sweet_Rank_1'
INFO: Weapon 1: 'R-401' -> 'R-301'
INFO: Weapon 2: 'EVA-8 AUTO'
INFO: 
INFO: >>> Frame 006928
INFO: Player name: 'NRG_Sweet_Rank_|' -> 'NRG_Sweet_Rank_1'
INFO: Weapon 1: 'R-301'
INFO: Weapon 2: 'EVA-3 AUTO' -> 'EVA-8 AUTO'
INFO: 
INFO: >>> Frame 006929
INFO: Player name: 'NRG_Sweet_Rank_}' -> 'NRG_Sweet_Rank_1'
INFO: Weapon 1: 'R-401' -> 'R-301'
INFO: Weapon 2: 'EVA-8 AUTO'
INFO: 
INFO: >>> Frame 006930
INFO: Player name: 'NRG _Sweet_Rank_|' -> 'NRG_Sweet_Rank_1'
INFO: Weapon 1: 'R-301'
INFO: Weapon 2: 'EVA-8 AUTO'
INFO: 
INFO: >>> Frame 006931
INFO: Player name: 'NRG_nafan' -> 'NRG_nafen'
INFO: Weapon 1: 'HEMLOK'
INFO: Weapon 2: 'EVA-3 AUTO' -> 'EVA-8 AUTO'
INFO: 
INFO: >>> Frame 006932
INFO: Player name: 'NRG_nafen'
INFO: Weapon 2: 'EVA-38 AUTO' -> 'EVA-8 AUTO'
INFO: 
INFO: >>> Frame 006933
INFO: Player name: 'NRG_nafen'
INFO: Weapon 1: 'HEMLOK'
INFO: Weapon 2: 'FVA-38 AUTO' -> 'EVA-8 AUTO'
INFO: 
INFO: >>> Frame 006934
INFO: Player name: 'NRG_nafen'
INFO: Weapon 1: 'HEMLOK'
INFO: Weapon 2: 'EVA-8 AUTO'
INFO: 
INFO: >>> Frame 006935
INFO: Player name: 'NRG_rocker'
INFO: Weapon 1: 'SPITFIRE'
INFO: Weapon 2: 'EVA-8 AUTO'
INFO: 
INFO: >>> Frame 006936
INFO: Can't find player name end icon
INFO: 
INFO: >>> Frame 006937
INFO: Can't find player name end icon
INFO: 
INFO: >>> Frame 006938
INFO: Can't find player name end icon
INFO: 
INFO: >>> Frame 006939
INFO: Can't find player name end icon
INFO: 
INFO: >>> Frame 006940
INFO: Can't find player name end icon
INFO: 
INFO: >>> Frame 006941
INFO: Can't find player name end icon
INFO: 
INFO: >>> Frame 006942
INFO: Can't find player name end icon
INFO: 
INFO: >>> Frame 006943
INFO: Can't find player name end icon
INFO: 
INFO: >>> Frame 006944
INFO: Player name: 'NRG _Sweet_Rank 1' -> 'NRG_Sweet_Rank_1'
INFO: Weapon 1: 'R-301'
INFO: Weapon 2: 'EVA-B AUTO' -> 'EVA-8 AUTO'
INFO: 
INFO: >>> Frame 006945
INFO: Player name: 'NRG _Sweet_Rank_}' -> 'NRG_Sweet_Rank_1'
INFO: Weapon 1: 'R-301'
INFO: Weapon 2: 'EVA-B AUTO' -> 'EVA-8 AUTO'
INFO: 
INFO: >>> Frame 006946
INFO: Player name: 'TSM_ImperialHal' -> 'TSM_ImperialHa1'
INFO: Weapon 1: 'R-99'
INFO: Weapon 2: 'MASTIFF'
INFO: 
INFO: >>> Frame 006947
INFO: Player name: 'TSM_ImperialHal' -> 'TSM_ImperialHa1'
INFO: Weapon 1: 'R-99'
INFO: Weapon 2: 'MASTIFF'
INFO: 
INFO: >>> Frame 006948
INFO: Player name: 'TSM _ImperialHal' -> 'TSM_ImperialHa1'
INFO: Weapon 1: 'A-99' -> 'R-99'
INFO: Weapon 2: 'MASTIFF'
INFO: 
INFO: >>> Frame 006949
INFO: 
INFO: >>> Frame 006950
INFO: Can't find player name end icon
INFO: 
INFO: >>> Frame 006951
INFO: Player name: 'Snip3down EW' -> 'Snip3down_EW'
INFO: Weapon 1: 'HEMLLIM' -> 'HEMLOK'
INFO: Weapon 2: 'VOLT'
INFO: 
INFO: >>> Frame 006952
INFO: Player name: 'snipgsdown_EW' -> 'Snip3down_EW'
INFO: Weapon 1: 'HEMLOK'
INFO: Weapon 2: 'VOLT'
INFO: 
INFO: >>> Frame 006953
INFO: Player name: 'Snip3down EW' -> 'Snip3down_EW'
INFO: Weapon 1: 'HEMLOK'
INFO: Weapon 2: 'VOLT'
INFO: 
INFO: >>> Frame 006954
INFO: Player name: 'snipddown_EW' -> 'Snip3down_EW'
INFO: Weapon 1: 'HEMLOK.' -> 'HEMLOK'
INFO: Weapon 2: 'VOLT'
INFO: 
INFO: >>> Frame 006955
INFO: Player name: 'ooG_Frexs' -> 'SSG_Frexs'
INFO: Weapon 1: 'ALTERNATOR'
INFO: Weapon 2: 'MASTIFF'
INFO: 
INFO: >>> Frame 006956
INFO: Player name: 'SSG Frexs' -> 'SSG_Frexs'
INFO: Weapon 1: 'ALTERNATOR'
INFO: Weapon 2: 'MASTIFF'
INFO: 
INFO: >>> Frame 006957
INFO: Player name: 'ooG_Frexs' -> 'SSG_Frexs'
INFO: Weapon 1: 'ALTERNATOR'
INFO: Weapon 2: 'MASTIFF'
INFO: 
INFO: >>> Frame 006958
INFO: 
INFO: >>> Frame 006959
INFO: Can't find player name end icon
INFO: 
INFO: >>> Frame 006960
INFO: Can't find player name end icon
INFO: 
INFO: >>> Frame 006961
INFO: Can't find player name end icon
INFO: 
INFO: >>> Frame 006962
INFO: Can't find player name end icon
INFO: 
INFO: >>> Frame 006963
INFO: Can't find player name end icon
INFO: 
INFO: >>> Frame 006964
INFO: Player name: 'FP_CUBSKi'
INFO: Weapon 1: 'TRIPLE TAKE'
INFO: Weapon 2: 'VOLT'
INFO: 
INFO: >>> Frame 006965
INFO: Player name: 'FP_CUBSKi'
INFO: Weapon 1: 'TRIPLE TAKE'
INFO: Weapon 2: 'VOLT'
INFO: 
INFO: >>> Frame 006966
INFO: Player name: 'S6TeQ96' -> '96TeQ96'
INFO: Weapon 1: 'L-STAR'
INFO: Weapon 2: 'FLATLINE'
INFO: 
INFO: >>> Frame 006967
INFO: Player name: 'S6TeQ96' -> '96TeQ96'
INFO: Weapon 1: 'L-STAR'
INFO: Weapon 2: 'FLATLINE'
INFO: 
INFO: >>> Frame 006968
INFO: Player name: 'g6TeQ36' -> '96TeQ96'
INFO: Weapon 1: 'L-STAR'
INFO: Weapon 2: 'FLATLINE'
INFO: 
INFO: >>> Frame 006969
INFO: Player name: '96TeQS6' -> '96TeQ96'
INFO: Weapon 1: 'L-STAR'
INFO: Weapon 2: 'FLATLINE'
INFO: 
INFO: >>> Frame 006970
INFO: Player name: 'peeshCYA'
INFO: Weapon 1: 'R-301'
INFO: Weapon 2: 'CHARGE RIFLI' -> 'CHARGE RIFLE'
INFO: 
INFO: >>> Frame 006971
INFO: Player name: 'peeshCYA'
INFO: Weapon 1: 'R-401' -> 'R-301'
INFO: Weapon 2: 'CHARGE RIFLI' -> 'CHARGE RIFLE'
INFO: 
INFO: >>> Frame 006972
INFO: Player name: 'peeshCYA'
INFO: Weapon 1: 'R-301'
INFO: Weapon 2: 'CHARGE RIFLE'
INFO: 
INFO: >>> Frame 006973
INFO: Player name: 'FP_CUBSKi'
INFO: Weapon 1: 'TRIPLE TAKE'
INFO: Weapon 2: 'VOLT'
INFO: 
INFO: >>> Frame 006974
INFO: Can't find player name end icon
INFO: 
INFO: >>> Frame 006975
INFO: Can't find player name end icon
INFO: 
INFO: >>> Frame 006976
INFO: Can't find player name end icon
INFO: 
INFO: >>> Frame 006977
INFO: Can't find player name end icon
INFO: 
INFO: >>> Frame 006978
INFO: Can't find player name end icon
INFO: 
INFO: >>> Frame 006979
INFO: Can't find player name end icon
INFO: 
INFO: >>> Frame 006980
INFO: Player name: 'peeshCYA'
INFO: Weapon 1: 'R-301'
INFO: Weapon 2: 'CHARGE RIFLI' -> 'CHARGE RIFLE'
INFO: 
INFO: >>> Frame 006981
INFO: 
INFO: >>> Frame 006982
INFO: 
INFO: >>> Frame 006983
INFO: Player name: ',NRG_rocker' -> 'NRG_rocker'
INFO: Weapon 1: 'SPITFIRE'
INFO: Weapon 2: 'EV4-8 AUTO' -> 'EVA-8 AUTO'
INFO: 
INFO: >>> Frame 006984
INFO: Player name: 'NRG_rocker'
INFO: Weapon 1: 'SPITFIRE'
INFO: Weapon 2: 'EVA-8 AUTO'
INFO: 
INFO: >>> Frame 006985
INFO: Player name: 'NRG_rocker'
INFO: Weapon 1: 'SPITFIRE'
INFO: Weapon 2: 'EVA-8 AUTO'
INFO: 
INFO: >>> Frame 006986
INFO: Player name: 'NRG_rocker'
INFO: Weapon 1: 'SPITFIRE:' -> 'SPITFIRE'
INFO: Weapon 2: 'EVA-B AUTO' -> 'EVA-8 AUTO'
INFO: 
INFO: >>> Frame 006987
INFO: Can't find player name end icon
INFO: 
INFO: >>> Frame 006988
INFO: Can't find player name end icon
INFO: 
INFO: >>> Frame 006989
INFO: Player name: 'NRG_Sweet_Rank}' -> 'NRG_Sweet_Rank_1'
INFO: Weapon 1: 'R-301.' -> 'R-301'
INFO: Weapon 2: 'EVA-8 AUTO'
INFO: 
INFO: >>> Frame 006990
INFO: Player name: 'NRG_nafen'
INFO: Weapon 1: 'HEMLOK'
INFO: Weapon 2: 'EVA-8 AUTO'
INFO: 
INFO: >>> Frame 006991
INFO: Player name: 'NRG_nafen'
INFO: Weapon 1: 'HEMLOK'
INFO: Weapon 2: 'EVA-8 AUTO'
INFO: 
INFO: >>> Frame 006992
INFO: Unknown player: 'NRG afen\n\nat' (best guess: 'NRG_nafen', 0.50)
INFO: 
INFO: >>> Frame 006993
INFO: Player name: ',NRG_rocker' -> 'NRG_rocker'
INFO: Weapon 1: 'HEMLOK'
INFO: Weapon 2: 'EVA-38 AUTO' -> 'EVA-8 AUTO'
INFO: 
INFO: >>> Frame 006994
INFO: Player name: 'NRG_Sweet_Rank_}' -> 'NRG_Sweet_Rank_1'
INFO: Weapon 1: 'R-301'
INFO: Weapon 2: 'EVA-8 AUTO'
INFO: 
INFO: >>> Frame 006995
INFO: Player name: 'NRAG_Sweet_Rank 1}' -> 'NRG_Sweet_Rank_1'
INFO: Weapon 1: 'R-301'
INFO: Weapon 2: 'EV4-B AUTO' -> 'EVA-8 AUTO'
INFO: 
INFO: >>> Frame 006996
INFO: Player name: 'NRG _Sweet_Rank_|' -> 'NRG_Sweet_Rank_1'
INFO: Weapon 1: 'R-301'
INFO: Weapon 2: 'EVA-38 AUTO' -> 'EVA-8 AUTO'
INFO: 
INFO: >>> Frame 006997
INFO: Player name: 'NRG_Sweet_Rank)' -> 'NRG_Sweet_Rank_1'
INFO: Weapon 1: 'R-401.' -> 'R-301'
INFO: Weapon 2: 'EVA-3 AUTO' -> 'EVA-8 AUTO'
INFO: 
INFO: >>> Frame 006998
INFO: Can't find player name end icon
INFO: 
INFO: >>> Frame 006999
INFO: Can't find player name end icon
INFO: 
INFO: >>> Frame 007000
INFO: Player name: 'NRG_Sweet_Rank 1]' -> 'NRG_Sweet_Rank_1'
INFO: Weapon 1: 'R-401' -> 'R-301'
INFO: Weapon 2: 'EVA-8 AUTO'
INFO: 
INFO: >>> Frame 007001
INFO: Player name: '_NRG_rocker' -> 'NRG_rocker'
INFO: Weapon 1: 'SPITFIRE'
INFO: Weapon 2: 'EVA-8 AUTO'
INFO: 
INFO: >>> Frame 007002
INFO: Player name: 'NRG_rocker'
INFO: Weapon 1: 'SFITFIRE' -> 'SPITFIRE'
INFO: Weapon 2: 'EVA-8 AUTO'
INFO: 
INFO: >>> Frame 007003
INFO: Player name: '_NRG_rocker' -> 'NRG_rocker'
INFO: Weapon 1: 'SPITFIRE'
INFO: Weapon 2: 'EVA-8 AUTO'
INFO: 
INFO: >>> Frame 007004
INFO: Player name: '_NRG_rocker' -> 'NRG_rocker'
INFO: Weapon 2: 'EVA-3 AUTO' -> 'EVA-8 AUTO'
INFO: 
INFO: >>> Frame 007005
INFO: Can't find player name end icon
