INFO: 
INFO: >>> Frame 007565
INFO: Player name: 'TSM_ImperialHal' -> 'TSM_ImperialHa1'
INFO: Weapon 1: 'MASTIFF'
INFO: Weapon 2: 'SPITFIRE'
INFO: 
INFO: >>> Frame 007566
INFO: Player name: 'Reps_TSM'
INFO: Weapon 1: 'SPITFIRE'
INFO: Weapon 2: '>HARGE RIFLE' -> 'CHARGE RIFLE'
INFO: 
INFO: >>> Frame 007567
INFO: Player name: 'Reps_TSM'
INFO: Weapon 1: 'SPITFIRE'
INFO: Weapon 2: 'SHARGE RIFLE' -> 'CHARGE RIFLE'
INFO: 
INFO: >>> Frame 007568
INFO: Player name: 'Reps TSM' -> 'Reps_TSM'
INFO: Weapon 1: 'SPITFIRE'
INFO: Weapon 2: '=HARGE RIFLE' -> 'CHARGE RIFLE'
INFO: 
INFO: >>> Frame 007569
INFO: Player name: 'TSM_ImperialHal' -> 'TSM_ImperialHa1'
INFO: Weapon 1: 'MASTIFF'
INFO: Weapon 2: 'OPITFIRE' -> 'SPITFIRE'
INFO: 
INFO: >>> Frame 007570
INFO: Player name: 'TSM _ImperiaiHal' -> 'TSM_ImperialHa1'
INFO: Weapon 1: 'MASTIFF'
INFO: Weapon 2: 'SPITFIRE'
INFO: 
INFO: >>> Frame 007571
INFO: Player name: 'TSM _ImperialHal' -> 'TSM_ImperialHa1'
INFO: Weapon 1: 'MASTIFF'
INFO: Weapon 2: 'SPITFIRE'
INFO: 
INFO: >>> Frame 007572
INFO: Player name: 'TSM _ImperialHal' -> 'TSM_ImperialHa1'
INFO: Weapon 1: 'SPITFIRE'
INFO: Weapon 2: 'MASTIFF'
INFO: 
INFO: >>> Frame 007573
INFO: Player name: 'TSM _ImperialHal' -> 'TSM_ImperialHa1'
INFO: Weapon 1: 'SPITFIRE'
INFO: Weapon 2: 'MASTIFF'
INFO: 
INFO: >>> Frame 007574
INFO: Player name: 'TSM ImperialHal' -> 'TSM_ImperialHa1'
INFO: Weapon 1: 'SPITFIRE'
INFO: Weapon 2: 'MASTIFF'
INFO: 
INFO: >>> Frame 007575
INFO: Player name: 'TSM_ImperialHal' -> 'TSM_ImperialHa1'
INFO: Weapon 1: 'SPITFIRE'
INFO: Weapon 2: 'MASTIFF'
INFO: 
INFO: >>> Frame 007576
INFO: Player name: 'TSM _ImperialHal' -> 'TSM_ImperialHa1'
INFO: Weapon 2: 'MASTIFF'
INFO: 
INFO: >>> Frame 007577
INFO: Player name: 'TSM_ImperialHal' -> 'TSM_ImperialHa1'
INFO: Weapon 1: 'SPITFIRE'
INFO: Weapon 2: 'MASTIFF'
INFO: 
INFO: >>> Frame 007578
INFO: Player name: 'TSM_ImperialHal' -> 'TSM_ImperialHa1'
INFO: Weapon 2: 'MASTIFF'
INFO: 
INFO: >>> Frame 007579
INFO: Unknown player: ' ' (best guess: 'CLT Pride', 0.89)
INFO: 
INFO: >>> Frame 007580
INFO: Player name: 'TSM_ImperialHal' -> 'TSM_ImperialHa1'
INFO: Weapon 1: 'SPITFIRE'
INFO: Weapon 2: 'MASTIFF'
INFO: 
INFO: >>> Frame 007581
INFO: Player name: 'TSM_ImperialHal' -> 'TSM_ImperialHa1'
INFO: Weapon 1: 'SPITFIRE'
INFO: Weapon 2: 'MASTIFF'
INFO: 
INFO: >>> Frame 007582
INFO: Player name: 'TSMilinperialHal' -> 'TSM_ImperialHa1'
INFO: Weapon 1: 'SPITFIRE'
INFO: Weapon 2: 'MASTIFF'
INFO: 
INFO: >>> Frame 007583
INFO: Player name: 'TSM _ImperialHal' -> 'TSM_ImperialHa1'
INFO: Weapon 1: 'SPITFIRE'
INFO: Weapon 2: 'MASTIFF'
INFO: 
INFO: >>> Frame 007584
INFO: Unknown player: ' ' (best guess: 'CLT Pride', 0.89)
INFO: 
INFO: >>> Frame 007585
INFO: Player name: 'TSM ImperialHal' -> 'TSM_ImperialHa1'
INFO: Weapon 1: 'SPITFIRE'
INFO: Weapon 2: 'MASTIFF'
INFO: 
INFO: >>> Frame 007586
INFO: Player name: 'TSM _ImperialHal' -> 'TSM_ImperialHa1'
INFO: Weapon 1: 'SPITFIRE'
INFO: Weapon 2: 'MASTIFF'
INFO: 
INFO: >>> Frame 007587
INFO: Player name: 'TSM _ImperialHal' -> 'TSM_ImperialHa1'
INFO: Weapon 1: 'SPITFIRE'
INFO: Weapon 2: 'MASTIFF'
INFO: 
INFO: >>> Frame 007588
INFO: Player name: 'COL lou' -> 'COL_Iou'
INFO: Weapon 1: 'VOLT'
INFO: Weapon 2: 'ALTERNATOR'
INFO: 
INFO: >>> Frame 007589
INFO: Player name: '“CDL_lou' -> 'COL_Iou'
INFO: Weapon 1: 'VOLT'
INFO: Weapon 2: 'ALTERNATOR'
INFO: 
INFO: >>> Frame 007590
INFO: Player name: ',COL_lou' -> 'COL_Iou'
INFO: Weapon 1: 'VOLT'
INFO: Weapon 2: 'ALTERNATOR'
INFO: 
INFO: >>> Frame 007591
INFO: Player name: 'CLG _Vaxton' -> 'CLG_Vaxlon'
INFO: Weapon 1: 'R-30)' -> 'R-301'
INFO: Weapon 2: 'EVA-8 AUTO'
INFO: 
INFO: >>> Frame 007592
INFO: Player name: '| CLG Vaxton' -> 'CLG_Vaxlon'
INFO: Weapon 1: 'R-301'
INFO: Weapon 2: 'EVA-6 AUTO' -> 'EVA-8 AUTO'
INFO: 
INFO: >>> Frame 007593
INFO: Player name: 'CLG Vaxion' -> 'CLG_Vaxlon'
INFO: Weapon 1: 'R-301'
INFO: Weapon 2: 'EVA-8 AUTO'
INFO: 
INFO: >>> Frame 007594
INFO: Player name: 'CLG Vaxion' -> 'CLG_Vaxlon'
INFO: Weapon 1: 'R-401' -> 'R-301'
INFO: Weapon 2: 'EVA-8 AUTO'
INFO: 
INFO: >>> Frame 007595
INFO: Player name: 'CLG ImMadness'
INFO: Weapon 1: 'R-99'
INFO: Weapon 2: 'EVA-8 AUTO'
INFO: 
INFO: >>> Frame 007596
INFO: Player name: 'CLG ImMadness'
INFO: Weapon 1: 'R-99'
INFO: Weapon 2: 'EVA-B AUTO' -> 'EVA-8 AUTO'
INFO: 
INFO: >>> Frame 007597
INFO: Can't find player name end icon
INFO: 
INFO: >>> Frame 007598
INFO: Can't find player name end icon
INFO: 
INFO: >>> Frame 007599
INFO: Can't find player name end icon
INFO: 
INFO: >>> Frame 007600
INFO: Player name: 'CLG ImMadness'
INFO: Weapon 2: 'EVA-B AUTO' -> 'EVA-8 AUTO'
INFO: 
INFO: >>> Frame 007601
INFO: Player name: 'CLG ImMadness'
INFO: Weapon 2: 'EVA-8 AUTO'
INFO: 
INFO: >>> Frame 007602
INFO: Player name: 'CLG ImMadness'
INFO: Weapon 1: 'R-99'
INFO: Weapon 2: 'EVA-B AUTO' -> 'EVA-8 AUTO'
INFO: 
INFO: >>> Frame 007603
INFO: Player name: 'CLG ImMadness'
INFO: Weapon 1: 'R-99'
INFO: Weapon 2: 'EVA-B AUTO' -> 'EVA-8 AUTO'
INFO: 
INFO: >>> Frame 007604
INFO: Player name: 'CLG ImMadness'
INFO: Weapon 2: 'EVA-8 AUTO'
INFO: 
INFO: >>> Frame 007605
INFO: Player name: 'CLG ImMadness'
INFO: Weapon 2: 'EVA-B AUTO' -> 'EVA-8 AUTO'
INFO: 
INFO: >>> Frame 007606
INFO: Player name: 'CLG ImMadness'
INFO: Weapon 1: 'R-99'
INFO: Weapon 2: 'EVA-8 AUTO'
INFO: 
INFO: >>> Frame 007607
INFO: Player name: 'CLG ImMadness'
INFO: Weapon 2: 'EVA-8 AUTO'
INFO: 
INFO: >>> Frame 007608
INFO: Player name: 'CLG ImMadness'
INFO: Weapon 2: 'EVA-8 AUTO'
INFO: 
INFO: >>> Frame 007609
INFO: Player name: 'CLG ImMadness'
INFO: Weapon 1: 'R-99'
INFO: Weapon 2: 'EVA-8 AUTO'
INFO: 
INFO: >>> Frame 007610
INFO: Player name: 'CLG ImMadness'
INFO: Weapon 1: 'R-99'
INFO: Weapon 2: 'EVA-38 AUTO' -> 'EVA-8 AUTO'
INFO: 
INFO: >>> Frame 007611
INFO: Player name: 'StayNaughty'
INFO: Weapon 1: 'WINGMAN'
INFO: Weapon 2: 'VOLT'
INFO: 
INFO: >>> Frame 007612
INFO: Player name: 'StayNaughty'
INFO: Weapon 1: 'WINGMAN'
INFO: Weapon 2: 'VOLT'
INFO: 
INFO: >>> Frame 007613
INFO: Player name: 'stayNaughty' -> 'StayNaughty'
INFO: Weapon 1: 'WINGMAN'
INFO: Weapon 2: 'VOLT'
INFO: 
INFO: >>> Frame 007614
INFO: Player name: 'stayNaughty' -> 'StayNaughty'
INFO: Weapon 1: 'WINGMAN'
INFO: Weapon 2: 'VOLT'
INFO: 
INFO: >>> Frame 007615
INFO: Player name: 'stayNaughty' -> 'StayNaughty'
INFO: Weapon 1: 'WINGMAN'
INFO: Weapon 2: 'VOLT'
INFO: 
INFO: >>> Frame 007616
INFO: Player name: 'stayNaughty' -> 'StayNaughty'
INFO: Weapon 1: 'WINGMAN'
INFO: Weapon 2: 'VOLT'
INFO: 
INFO: >>> Frame 007617
INFO: Player name: 'stayNaughty' -> 'StayNaughty'
INFO: Weapon 1: 'WINGMAN'
INFO: Weapon 2: 'VOLT'
INFO: 
INFO: >>> Frame 007618
INFO: Player name: 'stayNaughty' -> 'StayNaughty'
INFO: Weapon 1: 'WINGMAN'
INFO: Weapon 2: 'VOLT'
INFO: 
INFO: >>> Frame 007619
INFO: Player name: 'stayNaughty' -> 'StayNaughty'
INFO: Weapon 1: 'WINGMAN'
INFO: Weapon 2: 'VOLT'
INFO: 
INFO: >>> Frame 007620
INFO: Player name: 'otayNaughty' -> 'StayNaughty'
INFO: Weapon 1: 'WINGMAN.' -> 'WINGMAN'
INFO: Weapon 2: 'VOLT'
INFO: 
INFO: >>> Frame 007621
INFO: Player name: 'stayNaughty' -> 'StayNaughty'
INFO: Weapon 1: 'WINGMAN'
INFO: Weapon 2: 'VOLT'
INFO: 
INFO: >>> Frame 007622
INFO: Player name: 'stayNaughty' -> 'StayNaughty'
INFO: Weapon 1: 'WINGMAN'
INFO: Weapon 2: 'VOLT'
INFO: 
INFO: >>> Frame 007623
INFO: Unknown player: '_knagd' (best guess: 'knoqd', 0.50)
INFO: 
INFO: >>> Frame 007624
INFO: Unknown player: '_ knagd' (best guess: 'knoqd', 0.57)
INFO: 
INFO: >>> Frame 007625
INFO: Unknown player: '_ knagd' (best guess: 'knoqd', 0.57)
INFO: 
INFO: >>> Frame 007626
INFO: Unknown player: '_knagd' (best guess: 'knoqd', 0.50)
INFO: 
INFO: >>> Frame 007627
INFO: Player name: '_ knogd' -> 'knoqd'
INFO: Weapon 1: 'VOLT'
INFO: Weapon 2: 'R-98' -> 'R-99'
INFO: 
INFO: >>> Frame 007628
INFO: Player name: '_ knogd' -> 'knoqd'
INFO: Weapon 1: 'VOLT'
INFO: Weapon 2: 'R-99'
INFO: 
INFO: >>> Frame 007629
INFO: Unknown player: '_ knagd' (best guess: 'knoqd', 0.57)
INFO: 
INFO: >>> Frame 007630
INFO: Player name: '_knogd' -> 'knoqd'
INFO: Weapon 1: 'VOLT'
INFO: Weapon 2: 'R-99'
INFO: 
INFO: >>> Frame 007631
INFO: Player name: '_knogd' -> 'knoqd'
INFO: Weapon 1: 'VOLT'
INFO: Weapon 2: 'R-99'
INFO: 
INFO: >>> Frame 007632
INFO: Can't find player name end icon
INFO: 
INFO: >>> Frame 007633
INFO: Can't find player name end icon
INFO: 
INFO: >>> Frame 007634
INFO: Can't find player name end icon
INFO: 
INFO: >>> Frame 007635
INFO: Can't find player name end icon
INFO: 
INFO: >>> Frame 007636
INFO: Can't find player name end icon
INFO: 
INFO: >>> Frame 007637
INFO: Can't find player name end icon
INFO: 
INFO: >>> Frame 007638
INFO: Can't find player name end icon
INFO: 
INFO: >>> Frame 007639
INFO: Player name: 'SoG _Frexs' -> 'SSG_Frexs'
INFO: Weapon 1: 'G7 SCOUT'
INFO: Weapon 2: 'HAVOC'
INFO: 
INFO: >>> Frame 007640
INFO: Player name: 'SSG_«anial' -> 'SSG_xenial'
INFO: Weapon 1: 'R-30)' -> 'R-301'
INFO: Weapon 2: 'EVA-8 AUTO'
INFO: 
INFO: >>> Frame 007641
INFO: Player name: 'SoG_xenial' -> 'SSG_xenial'
INFO: Weapon 1: 'R-30)' -> 'R-301'
INFO: Weapon 2: 'EVA-8 AUTO'
INFO: 
INFO: >>> Frame 007642
INFO: Player name: 'SoG _xanial' -> 'SSG_xenial'
INFO: Weapon 1: 'R-401' -> 'R-301'
INFO: Weapon 2: 'EVA-8 AUTO'
INFO: 
INFO: >>> Frame 007643
INFO: Player name: 'SSG_xenial'
INFO: Weapon 1: 'R-301'
INFO: Weapon 2: 'EVA-B AUTO' -> 'EVA-8 AUTO'
INFO: 
INFO: >>> Frame 007644
INFO: Player name: 'SSG_xenial'
INFO: Weapon 1: 'R-301'
INFO: Weapon 2: 'EVA-B AUTO' -> 'EVA-8 AUTO'
INFO: 
INFO: >>> Frame 007645
INFO: Player name: 'SoG _xanial' -> 'SSG_xenial'
INFO: Weapon 1: 'R-301'
INFO: Weapon 2: 'EVA-B AUTO' -> 'EVA-8 AUTO'
INFO: 
INFO: >>> Frame 007646
INFO: Player name: '58G_kenial' -> 'SSG_xenial'
INFO: Weapon 1: 'R-301'
INFO: Weapon 2: 'EVA-68 AUTO' -> 'EVA-8 AUTO'
INFO: 
INFO: >>> Frame 007647
INFO: Player name: 'ooG_xenial' -> 'SSG_xenial'
INFO: Weapon 1: 'R-301'
INFO: Weapon 2: 'EVA-8 AUTO'
INFO: 
INFO: >>> Frame 007648
INFO: Player name: 'SoG_xenial' -> 'SSG_xenial'
INFO: Weapon 1: 'R-301'
INFO: Weapon 2: 'EVA-8 AUTO'
INFO: 
INFO: >>> Frame 007649
INFO: Player name: '9G _xenial' -> 'SSG_xenial'
INFO: Weapon 1: 'R-301'
INFO: Weapon 2: 'EVA-B AUTO' -> 'EVA-8 AUTO'
INFO: 
INFO: >>> Frame 007650
INFO: Player name: 'ooG_xenial' -> 'SSG_xenial'
INFO: Weapon 1: 'R-301'
INFO: Weapon 2: 'EVA-8 AUTO'
INFO: 
INFO: >>> Frame 007651
INFO: Player name: 'SSG _xanial' -> 'SSG_xenial'
INFO: Weapon 1: 'R-301'
INFO: Weapon 2: 'EVA-8 AUTO'
INFO: 
INFO: >>> Frame 007652
INFO: Player name: '3G _xenial' -> 'SSG_xenial'
INFO: Weapon 1: 'R-301'
INFO: Weapon 2: 'EVA-B AUTO' -> 'EVA-8 AUTO'
INFO: 
INFO: >>> Frame 007653
INFO: Player name: 'SoG_xenial' -> 'SSG_xenial'
INFO: Weapon 1: 'R-301'
INFO: Weapon 2: 'EVA-8 AUTO'
INFO: 
INFO: >>> Frame 007654
INFO: Player name: '“S5G.x xenial' -> 'SSG_xenial'
INFO: Weapon 1: 'R-301'
INFO: Weapon 2: 'EVA-B8 AUTO' -> 'EVA-8 AUTO'
INFO: 
INFO: >>> Frame 007655
INFO: Unknown player: 'ssc\n_x@fiial' (best guess: 'SSG_xenial', 0.58)
INFO: 
INFO: >>> Frame 007656
INFO: Player name: 'o9G_Claraphi' -> 'SSG_Claraphi'
INFO: Weapon 1: 'R-301'
INFO: Weapon 2: 'EVA-B AUTO' -> 'EVA-8 AUTO'
INFO: 
INFO: >>> Frame 007657
INFO: Player name: 'SoG_Claraphi' -> 'SSG_Claraphi'
INFO: Weapon 1: 'SPITFIRE'
INFO: Weapon 2: 'VOLT'
INFO: 
INFO: >>> Frame 007658
INFO: Player name: 'SSG _Claraphi' -> 'SSG_Claraphi'
INFO: Weapon 1: 'SPITFIRE'
INFO: Weapon 2: 'VOLT'
INFO: 
INFO: >>> Frame 007659
INFO: Player name: '99G_Claraphi' -> 'SSG_Claraphi'
INFO: Weapon 1: 'SPITFIRE'
INFO: Weapon 2: 'VOLT'
INFO: 
INFO: >>> Frame 007660
INFO: Player name: 'SoG_Claraphi' -> 'SSG_Claraphi'
INFO: Weapon 1: 'SPITFIRE'
INFO: Weapon 2: 'VOLT'
INFO: 
INFO: >>> Frame 007661
INFO: Player name: 'soG_Claraphi' -> 'SSG_Claraphi'
INFO: Weapon 1: 'SPITFIRE'
INFO: Weapon 2: 'VOLT'
INFO: 
INFO: >>> Frame 007662
INFO: Player name: '99G_Claraphi' -> 'SSG_Claraphi'
INFO: Weapon 1: 'SPITFIRE'
INFO: Weapon 2: 'VOLT'
INFO: 
INFO: >>> Frame 007663
INFO: Player name: 'SSG _Claraphi' -> 'SSG_Claraphi'
INFO: Weapon 1: 'SPITFIRE'
INFO: Weapon 2: 'VOLT'
INFO: 
INFO: >>> Frame 007664
INFO: Player name: 'SoG_Claraphi' -> 'SSG_Claraphi'
INFO: Weapon 1: 'SPITFIRE'
INFO: Weapon 2: 'VOLT'
INFO: 
INFO: >>> Frame 007665
INFO: Player name: 'SSG_Claraphi'
INFO: Weapon 1: '‘SPITFIRE' -> 'SPITFIRE'
INFO: Weapon 2: 'VOLT'
INFO: 
INFO: >>> Frame 007666
INFO: Player name: 'SSG _Frexs' -> 'SSG_Frexs'
INFO: Weapon 1: 'SPITFIRE'
INFO: Weapon 2: 'VOLT'
INFO: 
INFO: >>> Frame 007667
INFO: Player name: 'SSG _Frexs' -> 'SSG_Frexs'
INFO: Weapon 1: 'G7 SCOUT'
INFO: Weapon 2: 'HAVOC'
INFO: 
INFO: >>> Frame 007668
INFO: Player name: 'SSG _Frexs' -> 'SSG_Frexs'
INFO: Weapon 1: 'G7 SCOUT'
INFO: Weapon 2: 'HAVOC'
INFO: 
INFO: >>> Frame 007669
INFO: Player name: 'ooG_Frexs' -> 'SSG_Frexs'
INFO: Weapon 1: 'G7 SCOUT'
INFO: Weapon 2: 'HAVOC'
INFO: 
INFO: >>> Frame 007670
INFO: Player name: 'o3G_Frexs' -> 'SSG_Frexs'
INFO: Weapon 1: 'G7 SCOUT'
INFO: Weapon 2: 'HAVOC'
INFO: 
INFO: >>> Frame 007671
INFO: Player name: 'ooG_Frexs' -> 'SSG_Frexs'
INFO: Weapon 1: 'G7 SCOUT'
INFO: Weapon 2: 'HAVOC'
INFO: 
INFO: >>> Frame 007672
INFO: Player name: 'SoG_Frexs' -> 'SSG_Frexs'
INFO: Weapon 1: 'G7 SCOUT'
INFO: Weapon 2: 'HAVOC'
INFO: 
INFO: >>> Frame 007673
INFO: Player name: 'ooG_Frexs' -> 'SSG_Frexs'
INFO: Weapon 1: 'G7 SCOUT'
INFO: Weapon 2: 'HAVOC'
INFO: 
INFO: >>> Frame 007674
INFO: Player name: 'SoG _Frexs' -> 'SSG_Frexs'
INFO: Weapon 1: 'G7 SCOUT'
INFO: Weapon 2: 'HAVOC'
INFO: 
INFO: >>> Frame 007675
INFO: Player name: 'SoG_Fraxs' -> 'SSG_Frexs'
INFO: Weapon 1: 'G? SCOUT' -> 'G7 SCOUT'
INFO: Weapon 2: 'HAVOC'
INFO: 
INFO: >>> Frame 007676
INFO: Player name: 'SSG _Frexs' -> 'SSG_Frexs'
INFO: Weapon 1: 'G7 SCOUT'
INFO: Weapon 2: 'HAVOC'
INFO: 
INFO: >>> Frame 007677
INFO: Player name: 'SoG _Frexs' -> 'SSG_Frexs'
INFO: Weapon 1: 'G7 SCOUT'
INFO: Weapon 2: 'HAVOC'
INFO: 
INFO: >>> Frame 007678
INFO: Player name: 'ooG_Frexs' -> 'SSG_Frexs'
INFO: Weapon 1: 'G7 SCOUT'
INFO: Weapon 2: 'HAVOC'
INFO: 
INFO: >>> Frame 007679
INFO: Player name: '°SSG tanial' -> 'SSG_xenial'
INFO: Weapon 1: 'Gi SCOUT' -> 'G7 SCOUT'
INFO: Weapon 2: 'HAVOC'
INFO: 
INFO: >>> Frame 007680
INFO: Player name: 'SSG _xenial' -> 'SSG_xenial'
INFO: Weapon 1: 'G/ SCOUT' -> 'G7 SCOUT'
INFO: Weapon 2: 'HAVOC'
INFO: 
INFO: >>> Frame 007681
INFO: Player name: 'SoG _xenial' -> 'SSG_xenial'
INFO: Weapon 1: 'R-301'
INFO: Weapon 2: 'EVA-8 AUTO'
INFO: 
INFO: >>> Frame 007682
INFO: Player name: 'SoG_xenial' -> 'SSG_xenial'
INFO: Weapon 1: 'R-301'
INFO: Weapon 2: 'EVA-B AUTO' -> 'EVA-8 AUTO'
INFO: 
INFO: >>> Frame 007683
INFO: Player name: 'SSG_xanial' -> 'SSG_xenial'
INFO: Weapon 1: 'R-301'
INFO: Weapon 2: 'EVA-B AUTO' -> 'EVA-8 AUTO'
INFO: 
INFO: >>> Frame 007684
INFO: Player name: '9G _xenial' -> 'SSG_xenial'
INFO: Weapon 1: 'R-301'
INFO: Weapon 2: 'EVA-B AUTO' -> 'EVA-8 AUTO'
INFO: 
INFO: >>> Frame 007685
INFO: Player name: '“SSG xenial' -> 'SSG_xenial'
INFO: Weapon 1: 'R-301'
INFO: Weapon 2: 'EVA-B AUTO' -> 'EVA-8 AUTO'
INFO: 
INFO: >>> Frame 007686
INFO: Player name: 'SoG_xenial' -> 'SSG_xenial'
INFO: Weapon 1: 'R-301'
INFO: Weapon 2: 'EVa-8 AUTO' -> 'EVA-8 AUTO'
INFO: 
INFO: >>> Frame 007687
INFO: 
INFO: >>> Frame 007688
INFO: Unknown player: 'oom a\nSoG Blaraphi\n\nard' (best guess: 'SSG_Claraphi', 0.61)
INFO: 
INFO: >>> Frame 007689
INFO: 
INFO: >>> Frame 007690
INFO: Player name: 'ooG_Frexs' -> 'SSG_Frexs'
INFO: 
INFO: >>> Frame 007691
INFO: Player name: 'ooG_Frexs' -> 'SSG_Frexs'
INFO: 
INFO: >>> Frame 007692
INFO: Player name: 'SoG_Frexs' -> 'SSG_Frexs'
INFO: 
INFO: >>> Frame 007693
INFO: Player name: 'SoG _Frexs' -> 'SSG_Frexs'
INFO: Weapon 1: 'G7 SCOUT'
INFO: Weapon 2: 'HAVOC'
INFO: 
INFO: >>> Frame 007694
INFO: Player name: 'SSG_Frexs'
INFO: Weapon 1: 'G7 SCOUT'
INFO: Weapon 2: 'HAVOC'
INFO: 
INFO: >>> Frame 007695
INFO: Can't find player name end icon
INFO: 
INFO: >>> Frame 007696
INFO: Can't find player name end icon
INFO: 
INFO: >>> Frame 007697
INFO: Can't find player name end icon
INFO: 
INFO: >>> Frame 007698
INFO: Can't find player name end icon
INFO: 
INFO: >>> Frame 007699
INFO: Player name: '"ClaneSZN' -> 'ClaneSZN'
INFO: Weapon 1: 'R-30)' -> 'R-301'
INFO: Weapon 2: 'SPITFIRE'
INFO: 
INFO: >>> Frame 007700
INFO: Player name: 'ClaneSZN'
INFO: Weapon 1: 'R-301'
INFO: Weapon 2: 'SPITFIRE'
INFO: 
INFO: >>> Frame 007701
INFO: Player name: 'ClaneSZN'
INFO: Weapon 1: 'R-30]' -> 'R-301'
INFO: Weapon 2: 'SPITFIRE'
INFO: 
INFO: >>> Frame 007702
INFO: Player name: 'ClaneSZN'
INFO: Weapon 1: 'R-301'
INFO: Weapon 2: 'OPITFIRE' -> 'SPITFIRE'
INFO: 
INFO: >>> Frame 007703
INFO: Player name: 'ClaneSZN'
INFO: Weapon 1: 'R-301'
INFO: Weapon 2: 'SPITFIRE'
INFO: 
INFO: >>> Frame 007704
INFO: Player name: '‘ClaneSZN.' -> 'ClaneSZN'
INFO: Weapon 1: 'R-301'
INFO: Weapon 2: 'SPITFIRE'
INFO: 
INFO: >>> Frame 007705
INFO: Player name: 'ClaneSZN'
INFO: Weapon 1: 'R-30)' -> 'R-301'
INFO: Weapon 2: 'SPITFIRE'
INFO: 
INFO: >>> Frame 007706
INFO: Player name: 'ClaneSZN'
INFO: Weapon 1: 'R-30)' -> 'R-301'
INFO: Weapon 2: 'SPITFIRE'
INFO: 
INFO: >>> Frame 007707
INFO: Player name: 'ClaneSZN'
INFO: Weapon 1: 'R-401' -> 'R-301'
INFO: Weapon 2: 'SPITFIRE'
INFO: 
INFO: >>> Frame 007708
INFO: Player name: 'SF_Dezignful' -> 'sF_Dezignful'
INFO: Weapon 1: 'G7 SCOUT'
INFO: Weapon 2: 'VOLT'
INFO: 
INFO: >>> Frame 007709
INFO: Player name: 'sF_Dazignful' -> 'sF_Dezignful'
INFO: Weapon 1: 'G? SCOUT' -> 'G7 SCOUT'
INFO: Weapon 2: 'VOLT'
INFO: 
INFO: >>> Frame 007710
INFO: Player name: 'SF _Dezignful' -> 'sF_Dezignful'
INFO: Weapon 1: 'G7 SCOUT'
INFO: Weapon 2: 'VOLT'
INFO: 
INFO: >>> Frame 007711
INFO: Player name: 'SF_Dezignful' -> 'sF_Dezignful'
INFO: Weapon 1: 'G7 SCOUT'
INFO: Weapon 2: 'VOLT'
INFO: 
INFO: >>> Frame 007712
INFO: Player name: 'sF Dezignful' -> 'sF_Dezignful'
INFO: Weapon 1: 'G7 SCOUT'
INFO: Weapon 2: 'VOLT'
INFO: 
INFO: >>> Frame 007713
INFO: Player name: 'sF_Dezignful'
INFO: Weapon 1: 'G7 SCOUT'
INFO: Weapon 2: 'VOLT'
INFO: 
INFO: >>> Frame 007714
INFO: Player name: 'sF_Dezignful'
INFO: Weapon 1: 'R-301'
INFO: Weapon 2: 'VOLT'
INFO: 
INFO: >>> Frame 007715
INFO: Player name: 'sF Gentnfying' -> 'sF_Gentrifyinq'
INFO: Weapon 1: 'R-301'
INFO: Weapon 2: 'EV4-8 AUTO' -> 'EVA-8 AUTO'
INFO: 
INFO: >>> Frame 007716
INFO: Player name: 'sF_Gentrifying' -> 'sF_Gentrifyinq'
INFO: Weapon 1: 'R-301'
INFO: Weapon 2: 'EVA-8 AUTG' -> 'EVA-8 AUTO'
INFO: 
INFO: >>> Frame 007717
INFO: Player name: 'sF_Gentrifying' -> 'sF_Gentrifyinq'
INFO: Weapon 1: 'R-301.' -> 'R-301'
INFO: Weapon 2: 'EVA-8 AUTO'
INFO: 
INFO: >>> Frame 007718
INFO: Player name: '-CLGVaxlon' -> 'CLG_Vaxlon'
INFO: Weapon 1: 'G7 SCOUT'
INFO: Weapon 2: 'EVA-8 AUTO'
INFO: 
INFO: >>> Frame 007719
INFO: Player name: 'CLG _Vaxlon' -> 'CLG_Vaxlon'
INFO: Weapon 1: 'G7 SCOUT'
INFO: Weapon 2: 'EVA-8 AUTO'
INFO: 
INFO: >>> Frame 007720
INFO: Player name: 'CLG Vaxlon' -> 'CLG_Vaxlon'
INFO: Weapon 1: 'G7 SCOUT'
INFO: Weapon 2: 'EVA-8 AUTO'
INFO: 
INFO: >>> Frame 007721
INFO: Player name: 'CLG Vaxlon' -> 'CLG_Vaxlon'
INFO: Weapon 1: 'G7 SCOUT'
INFO: Weapon 2: 'EVA-8 AUTO'
INFO: 
INFO: >>> Frame 007722
INFO: Player name: 'CLG Vaxlon' -> 'CLG_Vaxlon'
INFO: Weapon 1: 'G7 SCOUT'
INFO: Weapon 2: 'EVA-8 AUTO'
INFO: 
INFO: >>> Frame 007723
INFO: Player name: 'CLG Vaxlon' -> 'CLG_Vaxlon'
INFO: Weapon 1: 'G7 SCOUT'
INFO: Weapon 2: 'EVA-8 AUTO'
INFO: 
INFO: >>> Frame 007724
INFO: Player name: 'CLG Vaxlon' -> 'CLG_Vaxlon'
INFO: Weapon 1: 'G7 SCOUT'
INFO: Weapon 2: 'EVA-8 AUTO'
INFO: 
INFO: >>> Frame 007725
INFO: Player name: 'CLG Vaxlon' -> 'CLG_Vaxlon'
INFO: Weapon 1: 'G7 SCOUT'
INFO: Weapon 2: 'EVA-38 AUTO' -> 'EVA-8 AUTO'
INFO: 
INFO: >>> Frame 007726
INFO: Player name: 'CLG Vaxlon' -> 'CLG_Vaxlon'
INFO: Weapon 1: 'G7 SCOUT'
INFO: Weapon 2: 'EVA-8 AUTO'
INFO: 
INFO: >>> Frame 007727
INFO: Player name: 'CLG Vaxlon' -> 'CLG_Vaxlon'
INFO: Weapon 1: 'G7 SCOUT'
INFO: Weapon 2: 'EVA-8 AUTO'
INFO: 
INFO: >>> Frame 007728
INFO: Player name: 'CLG Vaxlon' -> 'CLG_Vaxlon'
INFO: Weapon 1: 'G7 SCOUT'
INFO: Weapon 2: 'EVA-8 AUTO'
INFO: 
INFO: >>> Frame 007729
INFO: Player name: 'CLG Vaxlon' -> 'CLG_Vaxlon'
INFO: Weapon 1: 'G7 SCOUT'
INFO: Weapon 2: 'EVA-8 AUTO'
INFO: 
INFO: >>> Frame 007730
INFO: Player name: 'CLG Vaxlon' -> 'CLG_Vaxlon'
INFO: Weapon 1: 'G7 SCOUT'
INFO: Weapon 2: 'EVA-8 AUTO'
INFO: 
INFO: >>> Frame 007731
INFO: Player name: 'CLG Vaxlon' -> 'CLG_Vaxlon'
INFO: Weapon 1: 'G7 SCOUT'
INFO: Weapon 2: 'EVA-38 AUTO' -> 'EVA-8 AUTO'
INFO: 
INFO: >>> Frame 007732
INFO: Player name: 'CLG Vaxlon' -> 'CLG_Vaxlon'
INFO: Weapon 1: 'G7 SCOUT'
INFO: Weapon 2: 'EVA-8 AUTO'
INFO: 
INFO: >>> Frame 007733
INFO: Player name: 'CLG Vaxlon' -> 'CLG_Vaxlon'
INFO: Weapon 1: 'G7 SCOUT'
INFO: Weapon 2: 'EVA-8 AUTO'
INFO: 
INFO: >>> Frame 007734
INFO: Player name: '“CLG Vaxton' -> 'CLG_Vaxlon'
INFO: Weapon 1: 'G7 SCOUT'
INFO: Weapon 2: 'EVA-8 AUTO'
INFO: 
INFO: >>> Frame 007735
INFO: Player name: 'CLG Vaxion' -> 'CLG_Vaxlon'
INFO: Weapon 1: 'G7 SCOUT'
INFO: Weapon 2: 'EVA-B AUTO' -> 'EVA-8 AUTO'
INFO: 
INFO: >>> Frame 007736
INFO: Player name: 'CLG ImMadness'
INFO: Weapon 2: 'EVA-38 AUTO' -> 'EVA-8 AUTO'
INFO: 
INFO: >>> Frame 007737
INFO: Can't find player name end icon
INFO: 
INFO: >>> Frame 007738
INFO: Can't find player name end icon
INFO: 
INFO: >>> Frame 007739
INFO: Can't find player name end icon
INFO: 
INFO: >>> Frame 007740
INFO: Player name: '_COL_lou' -> 'COL_Iou'
INFO: Weapon 1: 'VOLT'
INFO: Weapon 2: 'ALTERNATOR'
INFO: 
INFO: >>> Frame 007741
INFO: Player name: '_COLlou' -> 'COL_Iou'
INFO: Weapon 1: 'VOLT'
INFO: Weapon 2: 'ALTERNATOR'
INFO: 
INFO: >>> Frame 007742
INFO: Player name: ',COL_Iou' -> 'COL_Iou'
INFO: Weapon 1: 'VOLT'
INFO: Weapon 2: 'ALTERNATOR'
INFO: 
INFO: >>> Frame 007743
INFO: Player name: '_COL_lou' -> 'COL_Iou'
INFO: Weapon 1: 'VOLT'
INFO: Weapon 2: 'ALTERNATOR'
INFO: 
INFO: >>> Frame 007744
INFO: Player name: '_COL_lou' -> 'COL_Iou'
INFO: Weapon 1: 'VOLT'
INFO: Weapon 2: 'ALTERNATOR'
INFO: 
INFO: >>> Frame 007745
INFO: Player name: '‘CLG ImMadness' -> 'CLG ImMadness'
INFO: Weapon 1: 'R-99'
INFO: Weapon 2: 'EVA-8 AUTO'
INFO: 
INFO: >>> Frame 007746
INFO: Player name: 'CLG ImMadness'
INFO: Weapon 1: 'R-99'
INFO: Weapon 2: 'EVA-8 AUTO'
INFO: 
INFO: >>> Frame 007747
INFO: Player name: 'CLG _Vaxion' -> 'CLG_Vaxlon'
INFO: Weapon 1: 'G7 SCOUT'
INFO: Weapon 2: 'EV4-8 AUTO' -> 'EVA-8 AUTO'
INFO: 
INFO: >>> Frame 007748
INFO: Player name: '_CDL_lou' -> 'COL_Iou'
INFO: Weapon 1: 'VOLT'
INFO: Weapon 2: 'ALTERNATOR'
INFO: 
INFO: >>> Frame 007749
INFO: Player name: '_COL_lou' -> 'COL_Iou'
INFO: Weapon 1: 'VOLT'
INFO: Weapon 2: 'ALTERNATOR'
INFO: 
INFO: >>> Frame 007750
INFO: Player name: 'COL_lau' -> 'COL_Iou'
INFO: Weapon 1: 'VOLT'
INFO: Weapon 2: 'ALTERNATOR'
INFO: 
INFO: >>> Frame 007751
INFO: Player name: '_COL_lou' -> 'COL_Iou'
INFO: Weapon 1: 'VOLT'
INFO: Weapon 2: 'ALTERNATOR'
INFO: 
INFO: >>> Frame 007752
INFO: Player name: ',COL_lou' -> 'COL_Iou'
INFO: Weapon 1: 'VOLT'
INFO: Weapon 2: 'ALTERNATOR'
INFO: 
INFO: >>> Frame 007753
INFO: Player name: 'COL lou' -> 'COL_Iou'
INFO: Weapon 1: 'VOLT'
INFO: Weapon 2: 'ALTERNATOR'
INFO: 
INFO: >>> Frame 007754
INFO: Player name: 'NRG_nafen'
INFO: Weapon 1: 'VOLT'
INFO: Weapon 2: 'EVA-B AUTO' -> 'EVA-8 AUTO'
INFO: 
INFO: >>> Frame 007755
INFO: Player name: 'NRG_nafen'
INFO: Weapon 1: 'VOLT'
INFO: Weapon 2: 'EVA-8 AUTO'
INFO: 
INFO: >>> Frame 007756
INFO: Player name: 'NRG_nafen'
INFO: Weapon 1: 'VOLT'
INFO: Weapon 2: 'EVA-8 AUTO'
INFO: 
INFO: >>> Frame 007757
INFO: Player name: 'NRG_nafen'
INFO: Weapon 1: 'VOLT'
INFO: Weapon 2: 'EVA-8 AUTO'
INFO: 
INFO: >>> Frame 007758
INFO: Player name: 'NRG_nafen'
INFO: Weapon 1: 'VOLT'
INFO: Weapon 2: 'EVA-8 AUTO'
INFO: 
INFO: >>> Frame 007759
INFO: Player name: 'NRG_Sweet_Rank_]' -> 'NRG_Sweet_Rank_1'
INFO: Weapon 1: 'FLATLINE'
INFO: Weapon 2: 'R-99'
INFO: 
INFO: >>> Frame 007760
INFO: Player name: 'SF_Oezignful' -> 'sF_Dezignful'
INFO: Weapon 1: 'R-301'
INFO: Weapon 2: 'VOLT'
INFO: 
INFO: >>> Frame 007761
INFO: Player name: 'SF _Dezignful' -> 'sF_Dezignful'
INFO: Weapon 1: 'R-401' -> 'R-301'
INFO: Weapon 2: 'VOLT'
INFO: 
INFO: >>> Frame 007762
INFO: Player name: 'sF_Dezignful'
INFO: Weapon 1: 'R-401' -> 'R-301'
INFO: Weapon 2: 'VOLT'
INFO: 
INFO: >>> Frame 007763
INFO: Player name: 'SF _Dezignful' -> 'sF_Dezignful'
INFO: Weapon 1: 'R-301'
INFO: Weapon 2: 'VOLT'
INFO: 
INFO: >>> Frame 007764
INFO: Player name: 'SF_Dezignful' -> 'sF_Dezignful'
INFO: Weapon 1: 'R-301'
INFO: Weapon 2: 'VOLT'
INFO: 
INFO: >>> Frame 007765
INFO: Player name: 'sF_Dezignful'
INFO: Weapon 1: 'R-301'
INFO: Weapon 2: 'VOLT'
INFO: 
INFO: >>> Frame 007766
INFO: Player name: 'SF _Dezignful' -> 'sF_Dezignful'
INFO: Weapon 1: 'R-301'
INFO: Weapon 2: 'VOLT'
INFO: 
INFO: >>> Frame 007767
INFO: Player name: 'sF_Dezignful'
INFO: Weapon 1: 'R-301'
INFO: Weapon 2: 'VOLT'
INFO: 
INFO: >>> Frame 007768
INFO: Player name: 'sF_Dezignful'
INFO: Weapon 1: 'R-301.' -> 'R-301'
INFO: Weapon 2: 'VOLT'
INFO: 
INFO: >>> Frame 007769
INFO: Player name: 'SF _Dezignful' -> 'sF_Dezignful'
INFO: Weapon 1: 'R-301'
INFO: Weapon 2: 'VOLT'
INFO: 
INFO: >>> Frame 007770
INFO: Player name: 'sF_Dezignful'
INFO: Weapon 1: 'R-301'
INFO: Weapon 2: 'VOLT'
INFO: 
INFO: >>> Frame 007771
INFO: Player name: 'sF_Dezignful'
INFO: Weapon 1: 'R-301'
INFO: Weapon 2: 'VOLT'
INFO: 
INFO: >>> Frame 007772
INFO: Player name: 'sF_Dezignful'
INFO: Weapon 1: 'R-401' -> 'R-301'
INFO: Weapon 2: 'VOLT'
INFO: 
INFO: >>> Frame 007773
INFO: Player name: 'SF Dezignful' -> 'sF_Dezignful'
INFO: Weapon 1: 'R-301'
INFO: Weapon 2: 'VOLT'
INFO: 
INFO: >>> Frame 007774
INFO: Player name: 'sF_Dezignful'
INFO: Weapon 1: 'R-301'
INFO: Weapon 2: 'VOLT'
INFO: 
INFO: >>> Frame 007775
INFO: Player name: 'sF Oezignful' -> 'sF_Dezignful'
INFO: Weapon 1: 'R-301'
INFO: Weapon 2: 'VOLT'
INFO: 
INFO: >>> Frame 007776
INFO: Player name: 'sF Oezignful' -> 'sF_Dezignful'
INFO: Weapon 1: 'R-401' -> 'R-301'
INFO: Weapon 2: 'VOLT'
INFO: 
INFO: >>> Frame 007777
INFO: Player name: 'sF_Dezignful'
INFO: Weapon 1: 'R-30)' -> 'R-301'
INFO: Weapon 2: 'VOLT'
INFO: 
INFO: >>> Frame 007778
INFO: Player name: 'SF_Dezignful' -> 'sF_Dezignful'
INFO: Weapon 1: 'R-30)' -> 'R-301'
INFO: Weapon 2: 'VOLT'
INFO: 
INFO: >>> Frame 007779
INFO: Player name: 'SF_Dezignful' -> 'sF_Dezignful'
INFO: Weapon 1: 'R-301'
INFO: Weapon 2: 'VOLT'
INFO: 
INFO: >>> Frame 007780
INFO: Player name: 'SF_Dezignful' -> 'sF_Dezignful'
INFO: Weapon 1: 'R-301'
INFO: Weapon 2: 'VOLT'
INFO: 
INFO: >>> Frame 007781
INFO: Player name: '_ SF_Resultuh' -> 'sF_Resultuh'
INFO: Weapon 1: 'MASTIFF'
INFO: Weapon 2: 'G7? SCOUT' -> 'G7 SCOUT'
INFO: 
INFO: >>> Frame 007782
INFO: Player name: '_SF_Resultuh' -> 'sF_Resultuh'
INFO: Weapon 1: 'MASTIFE' -> 'MASTIFF'
INFO: Weapon 2: 'G7 SCOUT'
INFO: 
INFO: >>> Frame 007783
INFO: Player name: '—SF_Resultuh' -> 'sF_Resultuh'
INFO: Weapon 1: 'MASTIFF'
INFO: Weapon 2: 'G7 SCOUT'
INFO: 
INFO: >>> Frame 007784
INFO: Player name: 'sF_Resultuh'
INFO: Weapon 1: 'MASTIFF'
INFO: Weapon 2: 'G7 SCOUT'
INFO: 
INFO: >>> Frame 007785
INFO: Player name: '_SF_Resultuh' -> 'sF_Resultuh'
INFO: Weapon 1: 'MASTIFF'
INFO: Weapon 2: 'G7. SCOUT' -> 'G7 SCOUT'
INFO: 
INFO: >>> Frame 007786
INFO: Player name: '_SF_Resultuh' -> 'sF_Resultuh'
INFO: Weapon 1: 'MASTIFF'
INFO: Weapon 2: 'G7 SCOUT'
INFO: 
INFO: >>> Frame 007787
INFO: Player name: 'sF_Resultuh'
INFO: Weapon 1: 'MASTIFF'
INFO: Weapon 2: 'G? SCOUT' -> 'G7 SCOUT'
INFO: 
INFO: >>> Frame 007788
INFO: Player name: 'sF_Resultuh'
INFO: Weapon 1: 'MASTIFF'
INFO: Weapon 2: 'G7 SCOUT'
INFO: 
INFO: >>> Frame 007789
INFO: Player name: '5 F-Resultuh' -> 'sF_Resultuh'
INFO: Weapon 1: 'MASTIFF'
INFO: Weapon 2: 'G7 SCOUT'
INFO: 
INFO: >>> Frame 007790
INFO: Player name: 'COL Shiny' -> 'COL_iShiny'
INFO: Weapon 1: 'CHARGE RIFL' -> 'CHARGE RIFLE'
INFO: Weapon 2: 'MASTIFF'
INFO: 
INFO: >>> Frame 007791
INFO: Player name: 'COL iShiny' -> 'COL_iShiny'
INFO: Weapon 1: 'CHARGE RIFLI' -> 'CHARGE RIFLE'
INFO: Weapon 2: 'MASTIFF'
INFO: 
INFO: >>> Frame 007792
INFO: Player name: 'COL iShiny' -> 'COL_iShiny'
INFO: Weapon 1: 'CHARGE RIFL' -> 'CHARGE RIFLE'
INFO: Weapon 2: 'MASTIFF'
INFO: 
INFO: >>> Frame 007793
INFO: Player name: ', COL iShiny' -> 'COL_iShiny'
INFO: Weapon 1: 'CHARGE RIFL' -> 'CHARGE RIFLE'
INFO: Weapon 2: 'MASTIFF'
INFO: 
INFO: >>> Frame 007794
INFO: Player name: 'COL iShiny' -> 'COL_iShiny'
INFO: Weapon 1: 'CHARGE RIFLI' -> 'CHARGE RIFLE'
INFO: Weapon 2: 'MASTIFF'
INFO: 
INFO: >>> Frame 007795
INFO: Player name: 'COL Monsoon' -> 'COL_Monsoon'
INFO: Weapon 1: 'R-301'
INFO: Weapon 2: 'MASTIFF'
INFO: 
INFO: >>> Frame 007796
INFO: Player name: 'COL Monsoon' -> 'COL_Monsoon'
INFO: Weapon 1: 'R-301'
INFO: Weapon 2: 'MASTIFF'
INFO: 
INFO: >>> Frame 007797
INFO: Player name: 'COL Monsoon' -> 'COL_Monsoon'
INFO: Weapon 1: 'R-301'
INFO: Weapon 2: 'MASTIFF'
INFO: 
INFO: >>> Frame 007798
INFO: Player name: 'COL Reptar' -> 'COL_Reptar'
INFO: Weapon 1: 'FLATLINE'
INFO: Weapon 2: 'HEMLOEK' -> 'HEMLOK'
INFO: 
INFO: >>> Frame 007799
INFO: Player name: 'COL Reptar' -> 'COL_Reptar'
INFO: Weapon 1: 'FLATLINE'
INFO: Weapon 2: 'HEMLORK' -> 'HEMLOK'
INFO: 
INFO: >>> Frame 007800
INFO: Can't find player name end icon
INFO: 
INFO: >>> Frame 007801
INFO: Can't find player name end icon
INFO: 
INFO: >>> Frame 007802
INFO: Can't find player name end icon
INFO: 
INFO: >>> Frame 007803
INFO: Can't find player name end icon
INFO: 
INFO: >>> Frame 007804
INFO: Player name: 'COL IShiny' -> 'COL_iShiny'
INFO: Weapon 1: 'CHARGE RIFLI' -> 'CHARGE RIFLE'
INFO: Weapon 2: 'MASTIFF'
INFO: 
INFO: >>> Frame 007805
INFO: Player name: ', COL_iShiny' -> 'COL_iShiny'
INFO: Weapon 1: 'CHARGE RIFLI' -> 'CHARGE RIFLE'
INFO: Weapon 2: 'MASTIFF'
INFO: 
INFO: >>> Frame 007806
INFO: Player name: 'COL Shiny' -> 'COL_iShiny'
INFO: Weapon 1: 'CHARGE RIFL' -> 'CHARGE RIFLE'
INFO: Weapon 2: 'MASTIFF'
INFO: 
INFO: >>> Frame 007807
INFO: Player name: 'COL Shiny' -> 'COL_iShiny'
INFO: Weapon 1: 'CHARGE RIFL' -> 'CHARGE RIFLE'
INFO: Weapon 2: 'MASTIFF'
INFO: 
INFO: >>> Frame 007808
INFO: Player name: 'COL IShiny' -> 'COL_iShiny'
INFO: Weapon 1: 'CHARGE RIFL' -> 'CHARGE RIFLE'
INFO: Weapon 2: 'MASTIFF'
INFO: 
INFO: >>> Frame 007809
INFO: Player name: 'COL Shiny' -> 'COL_iShiny'
INFO: Weapon 1: 'CHARGE RIFLI' -> 'CHARGE RIFLE'
INFO: Weapon 2: 'MASTIFF'
INFO: 
INFO: >>> Frame 007810
INFO: Player name: 'COL iShiny' -> 'COL_iShiny'
INFO: Weapon 1: 'CHARGE RIFLI' -> 'CHARGE RIFLE'
INFO: Weapon 2: 'MASTIFF'
INFO: 
INFO: >>> Frame 007811
INFO: Player name: 'sF_Gentrifying' -> 'sF_Gentrifyinq'
INFO: Weapon 1: 'R-301'
INFO: Weapon 2: 'EVA-d AUTO' -> 'EVA-8 AUTO'
INFO: 
INFO: >>> Frame 007812
INFO: Player name: 'sF_Gentrifying' -> 'sF_Gentrifyinq'
INFO: Weapon 1: 'R-301.' -> 'R-301'
INFO: Weapon 2: 'EVA-8 AUTO'
INFO: 
INFO: >>> Frame 007813
INFO: Player name: 'sF _Gantrifying' -> 'sF_Gentrifyinq'
INFO: Weapon 1: 'R-301.' -> 'R-301'
INFO: Weapon 2: 'EVA-2 AUTO' -> 'EVA-8 AUTO'
INFO: 
INFO: >>> Frame 007814
INFO: Player name: 'sF_Géritrifying' -> 'sF_Gentrifyinq'
INFO: Weapon 1: 'R-301.' -> 'R-301'
INFO: Weapon 2: 'EVA-8 AUTO'
INFO: 
INFO: >>> Frame 007815
INFO: Player name: 'sF_Gantrifying' -> 'sF_Gentrifyinq'
INFO: Weapon 1: 'R-301'
INFO: Weapon 2: 'EVA-8 AUTO'
INFO: 
INFO: >>> Frame 007816
INFO: Player name: 'sF_Gentrifying' -> 'sF_Gentrifyinq'
INFO: Weapon 1: 'R-401' -> 'R-301'
INFO: Weapon 2: 'EVA-8 AUTO'
INFO: 
INFO: >>> Frame 007817
INFO: Player name: 'sF_Gentrifying' -> 'sF_Gentrifyinq'
INFO: Weapon 1: 'R-301'
INFO: Weapon 2: 'EVA-B AUTO' -> 'EVA-8 AUTO'
INFO: 
INFO: >>> Frame 007818
INFO: Player name: 'sF_Gentrifying' -> 'sF_Gentrifyinq'
INFO: Weapon 1: 'R-301'
INFO: Weapon 2: 'EVA-B AUTO' -> 'EVA-8 AUTO'
INFO: 
INFO: >>> Frame 007819
INFO: Player name: 'sF_Gantrifying' -> 'sF_Gentrifyinq'
INFO: Weapon 1: 'R-301'
INFO: Weapon 2: 'EVA-8 AUTO'
INFO: 
INFO: >>> Frame 007820
INFO: Player name: 'sF_Gentrifying' -> 'sF_Gentrifyinq'
INFO: Weapon 1: 'R-301'
INFO: Weapon 2: 'EVA-3 AUTO' -> 'EVA-8 AUTO'
INFO: 
INFO: >>> Frame 007821
INFO: Player name: 'sF_Gentrifying' -> 'sF_Gentrifyinq'
INFO: Weapon 1: 'R-301'
INFO: Weapon 2: 'EVA-8 AUTO'
INFO: 
INFO: >>> Frame 007822
INFO: Player name: 'sF_Gentrifying' -> 'sF_Gentrifyinq'
INFO: Weapon 1: 'R-301'
INFO: Weapon 2: 'EVA-8 AUTO'
INFO: 
INFO: >>> Frame 007823
INFO: Player name: 'sF_Gentrifying' -> 'sF_Gentrifyinq'
INFO: Weapon 1: 'R-301'
INFO: Weapon 2: 'EVA-B AUTO' -> 'EVA-8 AUTO'
INFO: 
INFO: >>> Frame 007824
INFO: Player name: 'sF_Gantrifying' -> 'sF_Gentrifyinq'
INFO: Weapon 1: 'R-301'
INFO: Weapon 2: 'EVA-8 AUTO'
INFO: 
INFO: >>> Frame 007825
INFO: Player name: 'sF_Gentrifying' -> 'sF_Gentrifyinq'
INFO: Weapon 1: 'R301' -> 'R-301'
INFO: Weapon 2: 'EVA-8 AUTO'
INFO: 
INFO: >>> Frame 007826
INFO: Player name: 'sF_Gentrifying' -> 'sF_Gentrifyinq'
INFO: Weapon 1: 'R-301'
INFO: Weapon 2: 'EVA-B AUTO' -> 'EVA-8 AUTO'
INFO: 
INFO: >>> Frame 007827
INFO: Player name: 'SF _Gantrifying' -> 'sF_Gentrifyinq'
INFO: Weapon 1: 'R-301'
INFO: Weapon 2: 'EVA-8 AUTO'
INFO: 
INFO: >>> Frame 007828
INFO: Can't find player name end icon
INFO: 
INFO: >>> Frame 007829
INFO: Can't find player name end icon
INFO: 
INFO: >>> Frame 007830
INFO: Can't find player name end icon
INFO: 
INFO: >>> Frame 007831
INFO: Can't find player name end icon
INFO: 
INFO: >>> Frame 007832
INFO: Can't find player name end icon
INFO: 
INFO: >>> Frame 007833
INFO: Can't find player name end icon
INFO: 
INFO: >>> Frame 007834
INFO: Can't find player name end icon
INFO: 
INFO: >>> Frame 007835
INFO: Can't find player name end icon
INFO: 
INFO: >>> Frame 007836
INFO: Can't find player name end icon
INFO: 
INFO: >>> Frame 007837
INFO: Can't find player name end icon
INFO: 
INFO: >>> Frame 007838
INFO: Player name: 'CLG Vaxlon' -> 'CLG_Vaxlon'
INFO: Weapon 1: 'G7 SCOUT'
INFO: Weapon 2: 'EVA-8 AUTO'
INFO: 
INFO: >>> Frame 007839
INFO: Player name: 'CLG Vaxlon' -> 'CLG_Vaxlon'
INFO: Weapon 1: 'G7 SCOUT'
INFO: Weapon 2: 'EVA-B AUTO' -> 'EVA-8 AUTO'
INFO: 
INFO: >>> Frame 007840
INFO: Player name: 'CLG _Vaxlon' -> 'CLG_Vaxlon'
INFO: Weapon 1: 'G7 SCOUT'
INFO: Weapon 2: 'EVA-8 AUTO'
INFO: 
INFO: >>> Frame 007841
INFO: Player name: 'CLG Vaxlon' -> 'CLG_Vaxlon'
INFO: Weapon 1: 'G7 SCOUT'
INFO: Weapon 2: 'EVA-8 AUTO'
INFO: 
INFO: >>> Frame 007842
INFO: Player name: 'CLG Vaxlon' -> 'CLG_Vaxlon'
INFO: Weapon 1: 'G? SCOUT' -> 'G7 SCOUT'
INFO: Weapon 2: 'EVA-8 AUTO'
INFO: 
INFO: >>> Frame 007843
INFO: Player name: 'CLG Vaxion' -> 'CLG_Vaxlon'
INFO: Weapon 1: 'G7 SCOUT'
INFO: Weapon 2: 'EVA-B8 AUTO' -> 'EVA-8 AUTO'
INFO: 
INFO: >>> Frame 007844
INFO: Player name: 'CLG_Vaxlon'
INFO: Weapon 1: 'G7 SCOUT'
INFO: Weapon 2: 'EVA-8 AUTO'
INFO: 
INFO: >>> Frame 007845
INFO: Player name: 'CLG_Vaxion' -> 'CLG_Vaxlon'
INFO: Weapon 1: 'G7 SCOUT'
INFO: Weapon 2: 'EVA-8 AUTO'
INFO: 
INFO: >>> Frame 007846
INFO: Player name: 'CLG Vaxlon' -> 'CLG_Vaxlon'
INFO: Weapon 1: 'G7 SCOUT'
INFO: Weapon 2: 'EVA-8 AUTO'
INFO: 
INFO: >>> Frame 007847
INFO: Player name: 'CLG Vaxton' -> 'CLG_Vaxlon'
INFO: Weapon 1: 'G7 SCOUT'
INFO: Weapon 2: 'EVA-3 AUTO' -> 'EVA-8 AUTO'
INFO: 
INFO: >>> Frame 007848
INFO: Player name: 'CLG Vaxton' -> 'CLG_Vaxlon'
INFO: Weapon 1: 'G7 SCOUT'
INFO: Weapon 2: 'EVA-3 AUTO' -> 'EVA-8 AUTO'
INFO: 
INFO: >>> Frame 007849
INFO: Player name: 'CLG Vaxlon' -> 'CLG_Vaxlon'
INFO: Weapon 1: 'G7 SCOUT'
INFO: Weapon 2: 'EVA-B AUTO' -> 'EVA-8 AUTO'
INFO: 
INFO: >>> Frame 007850
INFO: Player name: 'CLG ImMadness'
INFO: Weapon 1: 'R-99'
INFO: Weapon 2: 'EVA-3 AUTO' -> 'EVA-8 AUTO'
INFO: 
INFO: >>> Frame 007851
INFO: Can't find player name end icon
INFO: 
INFO: >>> Frame 007852
INFO: Can't find player name end icon
INFO: 
INFO: >>> Frame 007853
INFO: Can't find player name end icon
INFO: 
INFO: >>> Frame 007854
INFO: Can't find player name end icon
INFO: 
INFO: >>> Frame 007855
INFO: Can't find player name end icon
INFO: 
INFO: >>> Frame 007856
INFO: Player name: 'CLG ImMadness'
INFO: Weapon 2: 'EVA-38 AUTO' -> 'EVA-8 AUTO'
INFO: 
INFO: >>> Frame 007857
INFO: Player name: 'CLG ImMadness'
INFO: Weapon 1: 'R-99'
INFO: Weapon 2: 'EVA-38 AUTO' -> 'EVA-8 AUTO'
INFO: 
INFO: >>> Frame 007858
INFO: Player name: 'CLG ImMadness'
INFO: Weapon 1: 'R-99'
INFO: Weapon 2: 'EVA-8 AUTO'
INFO: 
INFO: >>> Frame 007859
INFO: Player name: 'MrGreekGodTTV'
INFO: Weapon 1: 'YOLT' -> 'VOLT'
INFO: Weapon 2: 'G7:SCOUT' -> 'G7 SCOUT'
INFO: 
INFO: >>> Frame 007860
INFO: Player name: 'otinkTV' -> 'StinkTV'
INFO: Weapon 1: 'R-301'
INFO: Weapon 2: 'VOLT'
INFO: 
INFO: >>> Frame 007861
INFO: Player name: '“StinkTV.' -> 'StinkTV'
INFO: Unknown weapon: 'vO' (best guess: 'VOLT', 0.75)
INFO: 
INFO: >>> Frame 007862
INFO: Player name: 'StinkTV.' -> 'StinkTV'
INFO: Weapon 1: 'R-301'
INFO: Weapon 2: 'VOLT'
INFO: 
INFO: >>> Frame 007863
INFO: Player name: 'StinkTV'
INFO: Weapon 1: 'R-301'
INFO: Weapon 2: 'VOLT'
INFO: 
INFO: >>> Frame 007864
INFO: Player name: 'sF_Dezignful'
INFO: Weapon 1: 'R-30)' -> 'R-301'
INFO: Weapon 2: 'VOLT'
INFO: 
INFO: >>> Frame 007865
INFO: Player name: 'sF_Dezignful'
INFO: Weapon 1: 'R-40)' -> 'R-301'
INFO: Weapon 2: 'VOLT'
INFO: 
INFO: >>> Frame 007866
INFO: Player name: 'SF _Dazignful' -> 'sF_Dezignful'
INFO: Weapon 1: 'R-301'
INFO: Weapon 2: 'VOLT'
INFO: 
INFO: >>> Frame 007867
INFO: Player name: 'ss Dezigntul' -> 'sF_Dezignful'
INFO: Weapon 1: 'A-301' -> 'R-301'
INFO: Weapon 2: 'VOLT'
INFO: 
INFO: >>> Frame 007868
INFO: Player name: '“sF-Dezignful' -> 'sF_Dezignful'
INFO: Weapon 1: 'RA-301' -> 'R-301'
INFO: Weapon 2: 'VOLT'
INFO: 
INFO: >>> Frame 007869
INFO: Player name: 'SF _Dezignful' -> 'sF_Dezignful'
INFO: Weapon 1: 'R-301'
INFO: Weapon 2: 'VOLT'
INFO: 
INFO: >>> Frame 007870
INFO: Player name: '$F: Dezigntul' -> 'sF_Dezignful'
INFO: Weapon 2: 'YOLT' -> 'VOLT'
INFO: 
INFO: >>> Frame 007871
INFO: Player name: '_SF_Resultuh' -> 'sF_Resultuh'
INFO: Weapon 1: 'MASTIFF'
INFO: Weapon 2: 'G7 SCOUT'
INFO: 
INFO: >>> Frame 007872
INFO: Player name: '_sF_Rasultuh' -> 'sF_Resultuh'
INFO: Weapon 1: 'MASTIFF'
INFO: Weapon 2: 'G7 SCOUT'
INFO: 
INFO: >>> Frame 007873
INFO: Player name: 'BlurrFlavarz_RX' -> 'BlurrFlavorz_RX'
INFO: Weapon 1: 'R-301'
INFO: Weapon 2: 'LONGBOW'
INFO: 
INFO: >>> Frame 007874
INFO: Player name: 'BlurrFlavorz_RX'
INFO: Weapon 1: 'R-301'
INFO: Weapon 2: 'LONGBOW'
INFO: 
INFO: >>> Frame 007875
INFO: Player name: 'BlurrFlavarz_RX' -> 'BlurrFlavorz_RX'
INFO: Weapon 1: 'R-301'
INFO: Weapon 2: 'LONGBOW'
INFO: 
INFO: >>> Frame 007876
INFO: Player name: 'BlurrFlayore RX' -> 'BlurrFlavorz_RX'
INFO: Weapon 1: 'R-301.' -> 'R-301'
INFO: Weapon 2: 'LONGBOW'
INFO: 
INFO: >>> Frame 007877
INFO: Player name: 'BlureFlavorZ. BX,' -> 'BlurrFlavorz_RX'
INFO: Weapon 1: 'R-301'
INFO: Weapon 2: 'LONGBOW'
INFO: 
INFO: >>> Frame 007878
INFO: Player name: 'BlurrFlavorz_RX'
INFO: Weapon 1: 'R-301'
INFO: Weapon 2: 'LONGBOW'
INFO: 
INFO: >>> Frame 007879
INFO: Player name: 'BlurrFtavarz_Rx' -> 'BlurrFlavorz_RX'
INFO: Weapon 1: 'R-301'
INFO: Weapon 2: 'LONGEOW' -> 'LONGBOW'
INFO: 
INFO: >>> Frame 007880
INFO: Player name: 'BlurrFlavorz_RAXxX' -> 'BlurrFlavorz_RX'
INFO: Weapon 1: 'R-301'
INFO: Weapon 2: 'LONGEOW' -> 'LONGBOW'
INFO: 
INFO: >>> Frame 007881
INFO: Player name: 'BlurrFlavorz_ RX' -> 'BlurrFlavorz_RX'
INFO: Weapon 1: 'R-301'
INFO: Weapon 2: 'LONGBOW'
INFO: 
INFO: >>> Frame 007882
INFO: Player name: 'BlurrFlavarz_RX' -> 'BlurrFlavorz_RX'
INFO: Weapon 1: 'R-301.' -> 'R-301'
INFO: Weapon 2: 'LONGBOW'
INFO: 
INFO: >>> Frame 007883
INFO: Player name: 'BlurrFlavorz_AX' -> 'BlurrFlavorz_RX'
INFO: Weapon 1: 'R-301'
INFO: Weapon 2: 'LONGBOW'
INFO: 
INFO: >>> Frame 007884
INFO: Player name: 'BlurrFlavorz_RX'
INFO: Weapon 1: 'R-401' -> 'R-301'
INFO: Weapon 2: 'LONGBOW'
INFO: 
INFO: >>> Frame 007885
INFO: Player name: 'BlurrFlavarz_RX' -> 'BlurrFlavorz_RX'
INFO: Weapon 1: 'R-301'
INFO: Weapon 2: 'LONGBOW'
INFO: 
INFO: >>> Frame 007886
INFO: Player name: 'BlurrFlavorz_RX'
INFO: Weapon 1: 'R-301'
INFO: Weapon 2: 'LONGBOW'
INFO: 
INFO: >>> Frame 007887
INFO: Player name: 'SF_Dezignful' -> 'sF_Dezignful'
INFO: Weapon 1: 'R-301'
INFO: Weapon 2: 'VOLT'
INFO: 
INFO: >>> Frame 007888
INFO: Player name: 'sF_Dezignful'
INFO: Weapon 1: 'R-301'
INFO: Weapon 2: 'VOLT'
INFO: 
INFO: >>> Frame 007889
INFO: Player name: 'sF_Dezignful'
INFO: Weapon 1: 'R-301'
INFO: Weapon 2: 'VOLT'
INFO: 
INFO: >>> Frame 007890
INFO: Player name: 'SF_Dezignful' -> 'sF_Dezignful'
INFO: Weapon 1: 'R-301.' -> 'R-301'
INFO: Weapon 2: 'VOLT'
INFO: 
INFO: >>> Frame 007891
INFO: Player name: 'sF_Dezignful'
INFO: Weapon 1: 'R301' -> 'R-301'
INFO: Weapon 2: 'VOLT'
INFO: 
INFO: >>> Frame 007892
INFO: Player name: 'sF_Dezignful'
INFO: Weapon 1: 'R30' -> 'R-301'
INFO: Weapon 2: 'VOLT'
INFO: 
INFO: >>> Frame 007893
INFO: Player name: 'SF _Daezignful' -> 'sF_Dezignful'
INFO: Weapon 1: 'R-301'
INFO: Weapon 2: 'VOLT'
INFO: 
INFO: >>> Frame 007894
INFO: Player name: 'SF _Oezignful' -> 'sF_Dezignful'
INFO: Weapon 2: 'VOLT'
INFO: 
INFO: >>> Frame 007895
INFO: Player name: 'sF_ODezignful' -> 'sF_Dezignful'
INFO: Weapon 1: 'R-301'
INFO: Weapon 2: 'VOLT'
INFO: 
INFO: >>> Frame 007896
INFO: Player name: 'TSM_ImperialHal' -> 'TSM_ImperialHa1'
INFO: Weapon 1: 'SPITFIRE'
INFO: Weapon 2: 'MASTIFF'
INFO: 
INFO: >>> Frame 007897
INFO: Player name: 'TSM _ImperialHal' -> 'TSM_ImperialHa1'
INFO: Weapon 1: 'SPITFIRE'
INFO: Weapon 2: 'MASTIFF'
INFO: 
INFO: >>> Frame 007898
INFO: Player name: 'TSM_ImperialHal' -> 'TSM_ImperialHa1'
INFO: Weapon 1: 'SPITFIRE'
INFO: Weapon 2: 'MASTIFF'
INFO: 
INFO: >>> Frame 007899
INFO: Player name: 'TSM_ImperialHal' -> 'TSM_ImperialHa1'
INFO: Weapon 1: 'SPITFIRE'
INFO: Weapon 2: 'MASTIFF'
INFO: 
INFO: >>> Frame 007900
INFO: Player name: 'Reps TSM' -> 'Reps_TSM'
INFO: Weapon 1: 'SPITFIRE'
INFO: Weapon 2: '>HARGE RIFLE' -> 'CHARGE RIFLE'
INFO: 
INFO: >>> Frame 007901
INFO: Player name: ',Reps_TSM' -> 'Reps_TSM'
INFO: Weapon 1: 'SPITFIRE'
INFO: Weapon 2: 'SHARGE RIFLE' -> 'CHARGE RIFLE'
INFO: 
INFO: >>> Frame 007902
INFO: Player name: 'Reps_TSM'
INFO: Weapon 1: 'SPITFIRE'
INFO: Weapon 2: '>HARGE RIFLE' -> 'CHARGE RIFLE'
INFO: 
INFO: >>> Frame 007903
INFO: Player name: '~Reps_TSM' -> 'Reps_TSM'
INFO: Weapon 1: 'SPITFIRE'
INFO: Weapon 2: 'SHARGE RIFLE' -> 'CHARGE RIFLE'
INFO: 
INFO: >>> Frame 007904
INFO: Player name: 'Reps_TSM'
INFO: Weapon 1: 'SPITFIRE'
INFO: Weapon 2: '“HARGE RIFLE' -> 'CHARGE RIFLE'
INFO: 
INFO: >>> Frame 007905
INFO: Player name: '_Reps_TSM' -> 'Reps_TSM'
INFO: Weapon 1: 'SPITFIRE'
INFO: Weapon 2: 'SHARGE RIFLE' -> 'CHARGE RIFLE'
INFO: 
INFO: >>> Frame 007906
INFO: Player name: 'Snipadown_ EW' -> 'Snip3down_EW'
INFO: Weapon 1: 'VOLT'
INFO: Weapon 2: 'HEMLOUK' -> 'HEMLOK'
INFO: 
INFO: >>> Frame 007907
INFO: Player name: 'onipddown_EW' -> 'Snip3down_EW'
INFO: Weapon 1: 'VOLT'
INFO: Weapon 2: 'HEMLOK'
INFO: 
INFO: >>> Frame 007908
INFO: Can't find player name end icon
INFO: 
INFO: >>> Frame 007909
INFO: Can't find player name end icon
INFO: 
INFO: >>> Frame 007910
INFO: Can't find player name end icon
INFO: 
INFO: >>> Frame 007911
INFO: Player name: 'snipsdown_EW' -> 'Snip3down_EW'
INFO: Weapon 1: 'VOLT'
INFO: Weapon 2: 'HEMLOH' -> 'HEMLOK'
INFO: 
INFO: >>> Frame 007912
INFO: Player name: 'Snip3down_EW'
INFO: Weapon 1: 'VOLT'
INFO: Weapon 2: 'HEMLORK' -> 'HEMLOK'
INFO: 
INFO: >>> Frame 007913
INFO: Player name: 'Snip3down_EwW' -> 'Snip3down_EW'
INFO: Weapon 1: 'VOLT'
INFO: Weapon 2: 'HEMLOK'
INFO: 
INFO: >>> Frame 007914
INFO: Player name: 'snipadown_EW' -> 'Snip3down_EW'
INFO: Weapon 1: 'VOLT'
INFO: Weapon 2: 'HEMLDK' -> 'HEMLOK'
INFO: 
INFO: >>> Frame 007915
INFO: Player name: 'Snip3down EW' -> 'Snip3down_EW'
INFO: Weapon 1: 'VOLT'
INFO: Weapon 2: 'HEMLOEK' -> 'HEMLOK'
INFO: 
INFO: >>> Frame 007916
INFO: Player name: 'TSM_ImperialHal' -> 'TSM_ImperialHa1'
INFO: Weapon 1: 'SPITFIRE'
INFO: Weapon 2: 'MASTIFF'
INFO: 
INFO: >>> Frame 007917
INFO: Player name: 'TSM_ImperiatHal' -> 'TSM_ImperialHa1'
INFO: Weapon 1: 'SPITFIRE'
INFO: Weapon 2: 'MASTIFF'
INFO: 
INFO: >>> Frame 007918
INFO: Player name: 'TSM_ImperialHal' -> 'TSM_ImperialHa1'
INFO: Weapon 1: 'SPITFIRE'
INFO: Weapon 2: 'MASTIFF'
INFO: 
INFO: >>> Frame 007919
INFO: Player name: '“TSM _ImperiatHal' -> 'TSM_ImperialHa1'
INFO: Weapon 1: 'SPITFIRE'
INFO: Weapon 2: 'MASTIFF'
INFO: 
INFO: >>> Frame 007920
INFO: Player name: 'TSM_ImperialHal' -> 'TSM_ImperialHa1'
INFO: Weapon 1: 'SPITFIRE'
INFO: Weapon 2: 'MASTIFF'
INFO: 
INFO: >>> Frame 007921
INFO: Player name: 'TSM_ImperialHal' -> 'TSM_ImperialHa1'
INFO: Weapon 1: 'SPITFIRE'
INFO: Weapon 2: 'MASTIFF'
INFO: 
INFO: >>> Frame 007922
INFO: Player name: 'TSM _ImperialHal' -> 'TSM_ImperialHa1'
INFO: Weapon 1: 'SPITFIRE'
INFO: Weapon 2: 'MASTIFF'
INFO: 
INFO: >>> Frame 007923
INFO: Player name: 'TSM _ImperialHal' -> 'TSM_ImperialHa1'
INFO: Weapon 1: 'SPITFIRE'
INFO: Weapon 2: 'MASTIFF'
INFO: 
INFO: >>> Frame 007924
INFO: Player name: 'TSM_ImperialHal' -> 'TSM_ImperialHa1'
INFO: Weapon 1: 'SPITFIRE'
INFO: Weapon 2: 'MASTIFF'
INFO: 
INFO: >>> Frame 007925
INFO: Player name: 'TSM_ImperialHal' -> 'TSM_ImperialHa1'
INFO: Weapon 1: 'SPITFIRE'
INFO: Weapon 2: 'MASTIFF'
INFO: 
INFO: >>> Frame 007926
INFO: Player name: 'TSM _ImperialHal' -> 'TSM_ImperialHa1'
INFO: Weapon 1: 'SPITFIRE'
INFO: Weapon 2: 'MASTIFF'
INFO: 
INFO: >>> Frame 007927
INFO: Player name: 'TSM_ImperialHal' -> 'TSM_ImperialHa1'
INFO: Weapon 1: 'SPITFIRE'
INFO: Weapon 2: 'MASTIFF'
INFO: 
INFO: >>> Frame 007928
INFO: Player name: 'TSM_ImperialHal' -> 'TSM_ImperialHa1'
INFO: Weapon 1: 'SPITFIRE'
INFO: Weapon 2: 'MASTIFF'
INFO: 
INFO: >>> Frame 007929
INFO: Player name: 'TSM_ImperialHal' -> 'TSM_ImperialHa1'
INFO: Weapon 1: 'SPITFIRE'
INFO: Weapon 2: 'MASTIFF'
INFO: 
INFO: >>> Frame 007930
INFO: Player name: 'TSM_ImperialHal' -> 'TSM_ImperialHa1'
INFO: Weapon 1: 'SPITFIRE'
INFO: Weapon 2: 'MASTIFF'
INFO: 
INFO: >>> Frame 007931
INFO: Player name: 'TSM _ImperialHal' -> 'TSM_ImperialHa1'
INFO: Weapon 1: 'SPITFIRE'
INFO: Weapon 2: 'MASTIFF'
INFO: 
INFO: >>> Frame 007932
INFO: Can't find player name end icon
INFO: 
INFO: >>> Frame 007933
INFO: Player name: 'TSM _ImperiaiHal' -> 'TSM_ImperialHa1'
INFO: Weapon 1: 'SPITFIRE'
INFO: Weapon 2: 'MASTIFF'
INFO: 
INFO: >>> Frame 007934
INFO: Player name: 'TSM_ImperialHal' -> 'TSM_ImperialHa1'
INFO: Weapon 1: 'SPITFIRE'
INFO: Weapon 2: 'MASTIFF'
INFO: 
INFO: >>> Frame 007935
INFO: Player name: 'TSM_ImperialHal' -> 'TSM_ImperialHa1'
INFO: Weapon 1: 'SPITFIRE'
INFO: Weapon 2: 'MASTIFF'
INFO: 
INFO: >>> Frame 007936
INFO: Player name: 'TSM_ImperialHal' -> 'TSM_ImperialHa1'
INFO: Weapon 1: 'SPITFIRE'
INFO: Weapon 2: 'MASTIFF'
INFO: 
INFO: >>> Frame 007937
INFO: Player name: 'TSM_ImperialHal' -> 'TSM_ImperialHa1'
INFO: Weapon 1: 'SPITFIRE'
INFO: Weapon 2: 'MASTIFF'
INFO: 
INFO: >>> Frame 007938
INFO: Player name: 'TSM_ImperialHal' -> 'TSM_ImperialHa1'
INFO: Weapon 1: 'SPITFIRE'
INFO: Weapon 2: 'MASTIFF'
INFO: 
INFO: >>> Frame 007939
INFO: Player name: 'SF _Dezignful' -> 'sF_Dezignful'
INFO: Weapon 1: 'R-301'
INFO: Weapon 2: 'VOLT'
INFO: 
INFO: >>> Frame 007940
INFO: Player name: 'sF_Dezignful'
INFO: Weapon 1: 'R-301'
INFO: Weapon 2: 'VOLT'
INFO: 
INFO: >>> Frame 007941
INFO: Player name: 'sF_Dezignful'
INFO: Weapon 1: 'R-401' -> 'R-301'
INFO: Weapon 2: 'VOLT'
INFO: 
INFO: >>> Frame 007942
INFO: Player name: 'SF Dezignful' -> 'sF_Dezignful'
INFO: Weapon 1: 'R-401' -> 'R-301'
INFO: Weapon 2: 'VOLT'
INFO: 
INFO: >>> Frame 007943
INFO: Player name: 'sF Gentrifying' -> 'sF_Gentrifyinq'
INFO: Weapon 1: 'R-301'
INFO: Weapon 2: 'EVA-8 AUTO'
INFO: 
INFO: >>> Frame 007944
INFO: Player name: 'sF_Gentrifying' -> 'sF_Gentrifyinq'
INFO: Weapon 1: 'R-401' -> 'R-301'
INFO: Weapon 2: 'EVA-8 AUTO'
INFO: 
INFO: >>> Frame 007945
INFO: Player name: 'sF_Gentrifying' -> 'sF_Gentrifyinq'
INFO: Weapon 1: 'R-301'
INFO: Weapon 2: 'EVA-B AUTO' -> 'EVA-8 AUTO'
INFO: 
INFO: >>> Frame 007946
INFO: Player name: 'sF_Gentrifying' -> 'sF_Gentrifyinq'
INFO: Weapon 1: 'R-301'
INFO: Weapon 2: 'EVA-8 AUTO'
INFO: 
INFO: >>> Frame 007947
INFO: Player name: 'sF_Gentrifying' -> 'sF_Gentrifyinq'
INFO: Weapon 1: 'R-301'
INFO: Weapon 2: 'EVA-8 AUTO'
INFO: 
INFO: >>> Frame 007948
INFO: Player name: 'sF_Gentrifying' -> 'sF_Gentrifyinq'
INFO: Weapon 1: 'R-301'
INFO: Weapon 2: 'EVA-3 AUTO' -> 'EVA-8 AUTO'
INFO: 
INFO: >>> Frame 007949
INFO: Player name: '| sF_Gentrifying' -> 'sF_Gentrifyinq'
INFO: Weapon 1: 'R-301'
INFO: Weapon 2: 'EVA-B AUTO' -> 'EVA-8 AUTO'
INFO: 
INFO: >>> Frame 007950
INFO: Player name: 'sF_Gentrifying' -> 'sF_Gentrifyinq'
INFO: Weapon 1: 'R-301'
INFO: Weapon 2: 'EVA-8 AUTO'
INFO: 
INFO: >>> Frame 007951
INFO: Can't find player name end icon
INFO: 
INFO: >>> Frame 007952
INFO: Can't find player name end icon
INFO: 
INFO: >>> Frame 007953
INFO: Can't find player name end icon
INFO: 
INFO: >>> Frame 007954
INFO: Can't find player name end icon
INFO: 
INFO: >>> Frame 007955
INFO: Player name: 'COL lou' -> 'COL_Iou'
INFO: Weapon 1: 'VOLT'
INFO: Weapon 2: 'EVA-B AUTO' -> 'EVA-8 AUTO'
INFO: 
INFO: >>> Frame 007956
INFO: Player name: 'COL_lou' -> 'COL_Iou'
INFO: Weapon 1: 'VOLT'
INFO: Weapon 2: 'EVA-8 AUTO'
INFO: 
INFO: >>> Frame 007957
INFO: Unknown player: '‘GL ry \\ on\nhel WA tT' (best guess: 'CLT Bronzey', 0.76)
INFO: 
INFO: >>> Frame 007958
INFO: Player name: '.CLG_Vaxlon' -> 'CLG_Vaxlon'
INFO: Weapon 1: 'G7 SCOUT'
INFO: Weapon 2: 'EVA-8 AUTO'
INFO: 
INFO: >>> Frame 007959
INFO: Player name: 'CLG ImMatness' -> 'CLG ImMadness'
INFO: Weapon 1: 'R-99'
INFO: Weapon 2: 'EVA-8 AUTO'
INFO: 
INFO: >>> Frame 007960
INFO: Player name: 'CLG ImMadness'
INFO: Weapon 1: 'R-99'
INFO: Weapon 2: 'EVA-B AUTO' -> 'EVA-8 AUTO'
INFO: 
INFO: >>> Frame 007961
INFO: Player name: 'CLG ImMadness'
INFO: Weapon 1: 'R-99'
INFO: Weapon 2: 'EVA-8 AUTO'
INFO: 
INFO: >>> Frame 007962
INFO: Player name: 'CLG ImMadness'
INFO: Weapon 2: 'EVA-3 AUTO' -> 'EVA-8 AUTO'
INFO: 
INFO: >>> Frame 007963
INFO: Player name: 'cle ImMadness' -> 'CLG ImMadness'
INFO: Weapon 1: 'R-99'
INFO: Weapon 2: 'EVA-8 AUTO'
INFO: 
INFO: >>> Frame 007964
INFO: Player name: '_COL_lou' -> 'COL_Iou'
INFO: Weapon 1: 'VOLT'
INFO: Weapon 2: 'EVA-8 AUTO'
INFO: 
INFO: >>> Frame 007965
INFO: Player name: 'COL_lou' -> 'COL_Iou'
INFO: Weapon 1: 'VOLT'
INFO: Weapon 2: 'EVA-8 AUTO'
INFO: 
INFO: >>> Frame 007966
INFO: Player name: 'COL_lou' -> 'COL_Iou'
INFO: Weapon 1: 'VOLT'
INFO: Weapon 2: 'EVA-B AUTO' -> 'EVA-8 AUTO'
INFO: 
INFO: >>> Frame 007967
INFO: Player name: '_COL_lou' -> 'COL_Iou'
INFO: Weapon 1: 'VOLT'
INFO: Weapon 2: 'EVA-8 AUTO'
INFO: 
INFO: >>> Frame 007968
INFO: Can't find player name end icon
INFO: 
INFO: >>> Frame 007969
INFO: Can't find player name end icon
INFO: 
INFO: >>> Frame 007970
INFO: Can't find player name end icon
INFO: 
INFO: >>> Frame 007971
INFO: Player name: 'COL_Iou'
INFO: Weapon 1: 'VOLT'
INFO: Weapon 2: 'EVA-B AUTO' -> 'EVA-8 AUTO'
INFO: 
INFO: >>> Frame 007972
INFO: Unknown player: ' ' (best guess: 'CLT Pride', 0.89)
INFO: 
INFO: >>> Frame 007973
INFO: 
INFO: >>> Frame 007974
INFO: Player name: ' \n\nCLG:Vaxlon' -> 'CLG_Vaxlon'
INFO: Weapon 1: 'G7 SCOUT'
INFO: Weapon 2: 'EVA-3 AUTO' -> 'EVA-8 AUTO'
INFO: 
INFO: >>> Frame 007975
INFO: Player name: 'CLG Vaxion' -> 'CLG_Vaxlon'
INFO: Weapon 1: 'G7 SCOUT'
INFO: Weapon 2: 'EVA-8 AUTO'
INFO: 
INFO: >>> Frame 007976
INFO: 
INFO: >>> Frame 007977
INFO: Player name: 'CLG Vaxion' -> 'CLG_Vaxlon'
INFO: Weapon 1: 'G7 SCOUT'
INFO: Weapon 2: 'EVA-8 AUTO'
INFO: 
INFO: >>> Frame 007978
INFO: Player name: 'TSM_ImperialHal' -> 'TSM_ImperialHa1'
INFO: Weapon 1: 'SPITFIRE'
INFO: Weapon 2: 'MASTIFF'
INFO: 
INFO: >>> Frame 007979
INFO: Player name: 'TSM_ImperialHal' -> 'TSM_ImperialHa1'
INFO: Weapon 1: 'SPITFIRE.' -> 'SPITFIRE'
INFO: Weapon 2: 'MASTIFF'
INFO: 
INFO: >>> Frame 007980
INFO: Player name: 'TSM _ImperialHal' -> 'TSM_ImperialHa1'
INFO: Weapon 1: '‘SPITFIRE' -> 'SPITFIRE'
INFO: Weapon 2: 'MASTIFF'
INFO: 
INFO: >>> Frame 007981
INFO: Player name: 'TSM ImperiatHal' -> 'TSM_ImperialHa1'
INFO: Weapon 1: 'SPITFIRE'
INFO: Weapon 2: 'MASTIFF'
INFO: 
INFO: >>> Frame 007982
INFO: Player name: 'TSM_ImperialHal' -> 'TSM_ImperialHa1'
INFO: Weapon 1: 'SPITFIRE'
INFO: Weapon 2: 'MASTIFF'
INFO: 
INFO: >>> Frame 007983
INFO: Player name: 'Reps_TSM'
INFO: Weapon 1: 'R-99'
INFO: Weapon 2: 'SPITFIRE'
INFO: 
INFO: >>> Frame 007984
INFO: Player name: 'sF_Dezignful'
INFO: Weapon 1: 'R-301'
INFO: Weapon 2: 'VOLT'
INFO: 
INFO: >>> Frame 007985
INFO: Player name: 'sF_Gentrifying' -> 'sF_Gentrifyinq'
INFO: Weapon 1: 'R-301'
INFO: Weapon 2: 'EVA-B AUTO' -> 'EVA-8 AUTO'
INFO: 
INFO: >>> Frame 007986
INFO: Player name: 'sF_Gentrifying' -> 'sF_Gentrifyinq'
INFO: Weapon 1: 'R-301'
INFO: Weapon 2: 'EVA-B AUTO' -> 'EVA-8 AUTO'
INFO: 
INFO: >>> Frame 007987
INFO: Player name: 'sF_Gentrifying' -> 'sF_Gentrifyinq'
INFO: Weapon 1: 'R-301'
INFO: Weapon 2: 'EVA-8 AUTO'
INFO: 
INFO: >>> Frame 007988
INFO: Player name: 'sF_Dezignful'
INFO: Weapon 1: 'R-301'
INFO: Weapon 2: 'VOLT'
INFO: 
INFO: >>> Frame 007989
INFO: Player name: 'CLG ImMadness'
INFO: Weapon 2: 'EVA-8 AUTO'
INFO: 
INFO: >>> Frame 007990
INFO: Player name: 'CLG ImMadness'
INFO: Weapon 2: 'EVA-8 AUTO'
INFO: 
INFO: >>> Frame 007991
INFO: Player name: 'CLG ImMadness'
INFO: Weapon 2: 'EV4-B AUTO' -> 'EVA-8 AUTO'
INFO: 
INFO: >>> Frame 007992
INFO: Player name: 'CLG _Vaxton' -> 'CLG_Vaxlon'
INFO: Weapon 1: 'G7 SCOUT'
INFO: Weapon 2: 'EVA-3 AUTO' -> 'EVA-8 AUTO'
INFO: 
INFO: >>> Frame 007993
INFO: 
INFO: >>> Frame 007994
INFO: Player name: 'sF_Dezignful'
INFO: Weapon 1: 'R-301'
INFO: Weapon 2: 'VOLT'
INFO: 
INFO: >>> Frame 007995
INFO: Player name: 'sF_Dezignful'
INFO: Weapon 1: 'R-301'
INFO: Weapon 2: 'VOLT'
INFO: 
INFO: >>> Frame 007996
INFO: Player name: 'SF _Dezignful' -> 'sF_Dezignful'
INFO: Weapon 1: 'R-401' -> 'R-301'
INFO: Weapon 2: 'VOLT'
INFO: 
INFO: >>> Frame 007997
INFO: Player name: 'sF_Dezignful'
INFO: Weapon 1: 'R-301'
INFO: Weapon 2: 'VOLT'
INFO: 
INFO: >>> Frame 007998
INFO: Player name: 'sF_Gentnfying' -> 'sF_Gentrifyinq'
INFO: Weapon 1: 'R-401' -> 'R-301'
INFO: Weapon 2: 'EVA4-8 AUTO' -> 'EVA-8 AUTO'
INFO: 
INFO: >>> Frame 007999
INFO: Player name: 'sF_Gentrifying' -> 'sF_Gentrifyinq'
INFO: Weapon 1: 'R-301'
INFO: Weapon 2: 'EVA-8 AUTO'
INFO: 
INFO: >>> Frame 008000
INFO: Player name: 'sF_Gentrifying' -> 'sF_Gentrifyinq'
INFO: Weapon 1: 'R-301'
INFO: Weapon 2: 'EVA-3 AUTO' -> 'EVA-8 AUTO'
INFO: 
INFO: >>> Frame 008001
INFO: Player name: 'sF_Gentrifying' -> 'sF_Gentrifyinq'
INFO: Weapon 1: 'R-301'
INFO: Weapon 2: 'EVA-3 AUTO' -> 'EVA-8 AUTO'
INFO: 
INFO: >>> Frame 008002
INFO: Player name: 'sF_Dezignful'
INFO: Weapon 1: 'R-301'
INFO: Weapon 2: 'EVA-8 AUTO'
INFO: 
INFO: >>> Frame 008003
INFO: Player name: 'sF_Dezignful'
INFO: Weapon 1: 'R-301'
INFO: Weapon 2: 'EVA-8 AUTO'
INFO: 
INFO: >>> Frame 008004
INFO: Player name: 'NRG_Sweet_Rank 1' -> 'NRG_Sweet_Rank_1'
INFO: Weapon 1: 'FLATLINE'
INFO: Weapon 2: 'R-99'
INFO: 
INFO: >>> Frame 008005
INFO: Player name: 'NRG_Sweet_Rank_]' -> 'NRG_Sweet_Rank_1'
INFO: Weapon 1: 'FLATLINE'
INFO: Weapon 2: 'R-99'
INFO: 
INFO: >>> Frame 008006
INFO: Player name: 'NRG_Sweet_Rank_}' -> 'NRG_Sweet_Rank_1'
INFO: Weapon 1: 'FLATLINE'
INFO: Weapon 2: 'R-99'
INFO: 
INFO: >>> Frame 008007
INFO: Player name: 'NRG _Sweet_Rank_}' -> 'NRG_Sweet_Rank_1'
INFO: Weapon 1: 'FLATLINE'
INFO: Weapon 2: 'R-99'
INFO: 
INFO: >>> Frame 008008
INFO: Player name: 'NAG_Sweet_Rank 1' -> 'NRG_Sweet_Rank_1'
INFO: Weapon 1: 'FLATLINE'
INFO: Weapon 2: 'R-99'
INFO: 
INFO: >>> Frame 008009
INFO: Player name: 'NRG_rocker'
INFO: Weapon 1: 'FLATLINE'
INFO: Weapon 2: 'R-99'
INFO: 
INFO: >>> Frame 008010
INFO: Player name: 'NRG_rocker'
INFO: Weapon 1: 'FLATLINE'
INFO: Weapon 2: 'R-99'
INFO: 
INFO: >>> Frame 008011
INFO: Player name: 'NRG_rocker'
INFO: Weapon 1: '30-30 REPEATE' -> '30-30 REPEATER'
INFO: Weapon 2: 'VOLT'
INFO: 
INFO: >>> Frame 008012
INFO: Player name: ', NRG_rocker' -> 'NRG_rocker'
INFO: Weapon 1: '30-350 REPEATE' -> '30-30 REPEATER'
INFO: Weapon 2: 'VOLT'
INFO: 
INFO: >>> Frame 008013
INFO: Player name: ' NRG_rocker' -> 'NRG_rocker'
INFO: Weapon 1: '40-40 REPEATE' -> '30-30 REPEATER'
INFO: Weapon 2: 'VOLT'
INFO: 
INFO: >>> Frame 008014
INFO: Player name: '_NRG_rocker' -> 'NRG_rocker'
INFO: Weapon 1: '350-30 REPEATER' -> '30-30 REPEATER'
INFO: Weapon 2: 'VOLT'
INFO: 
INFO: >>> Frame 008015
INFO: Player name: '_NRG_rocker' -> 'NRG_rocker'
INFO: Weapon 1: '430-30 REPEATER' -> '30-30 REPEATER'
INFO: Weapon 2: 'VOLT'
INFO: 
INFO: >>> Frame 008016
INFO: Player name: 'CLG ImMadness'
INFO: Weapon 1: 'R-99'
INFO: Weapon 2: 'SHARGE RIFLE' -> 'CHARGE RIFLE'
INFO: 
INFO: >>> Frame 008017
INFO: Player name: 'CLG IimMadness' -> 'CLG ImMadness'
INFO: Weapon 1: 'R-99'
INFO: Weapon 2: 'SHARGE RIFLE' -> 'CHARGE RIFLE'
INFO: 
INFO: >>> Frame 008018
INFO: Player name: 'CLS ImMadness' -> 'CLG ImMadness'
INFO: Weapon 1: 'R-99'
INFO: Weapon 2: 'SHARGE RIFLE' -> 'CHARGE RIFLE'
INFO: 
INFO: >>> Frame 008019
INFO: Player name: 'CLG ImMadness'
INFO: Weapon 1: 'R-99'
INFO: Weapon 2: '>HARGE RIFLE' -> 'CHARGE RIFLE'
INFO: 
INFO: >>> Frame 008020
INFO: Player name: 'CLG ImMadness'
INFO: Weapon 1: 'R-99'
INFO: Weapon 2: 'SHARGE RIFLE' -> 'CHARGE RIFLE'
INFO: 
INFO: >>> Frame 008021
INFO: Player name: 'CLS ImMadness' -> 'CLG ImMadness'
INFO: Weapon 1: 'A-99' -> 'R-99'
INFO: Weapon 2: '>HARGE RIFLE' -> 'CHARGE RIFLE'
INFO: 
INFO: >>> Frame 008022
INFO: Player name: 'CLG ImMacdness' -> 'CLG ImMadness'
INFO: Weapon 1: 'R-99'
INFO: Weapon 2: 'SHARGE RIFLE' -> 'CHARGE RIFLE'
INFO: 
INFO: >>> Frame 008023
INFO: Player name: 'COL_lou.' -> 'COL_Iou'
INFO: Weapon 1: 'HEMLOH' -> 'HEMLOK'
INFO: Weapon 2: 'EVA-8 AUTO'
INFO: 
INFO: >>> Frame 008024
INFO: Player name: ',COL_lou' -> 'COL_Iou'
INFO: Weapon 1: 'HEMLOK'
INFO: Weapon 2: 'EVA-8 AUTO'
INFO: 
INFO: >>> Frame 008025
INFO: Player name: '_COL_lou' -> 'COL_Iou'
INFO: Weapon 1: 'HEMLOK'
INFO: Weapon 2: 'EVA-8 AUTO'
INFO: 
INFO: >>> Frame 008026
INFO: Player name: 'sF_Gentrifying' -> 'sF_Gentrifyinq'
INFO: Weapon 1: 'R-301'
INFO: Weapon 2: 'EV4-8 AUTO' -> 'EVA-8 AUTO'
INFO: 
INFO: >>> Frame 008027
INFO: Player name: 'sF_Gantnifying' -> 'sF_Gentrifyinq'
INFO: Weapon 1: 'R-301'
INFO: Weapon 2: 'FV¥A-B AUTO' -> 'EVA-8 AUTO'
INFO: 
INFO: >>> Frame 008028
INFO: Player name: 'sF_Gentrifying' -> 'sF_Gentrifyinq'
INFO: Weapon 2: 'EVA-8 AUTO'
INFO: 
INFO: >>> Frame 008029
INFO: 
INFO: >>> Frame 008030
INFO: Player name: 'sF_Dezignful'
INFO: Weapon 1: 'R-301'
INFO: Weapon 2: 'VOLT'
INFO: 
INFO: >>> Frame 008031
INFO: Player name: 'SF _Dezignful' -> 'sF_Dezignful'
INFO: Weapon 1: 'R-401' -> 'R-301'
INFO: Weapon 2: 'VOLT'
INFO: 
INFO: >>> Frame 008032
INFO: Player name: 'sF_Dezignful'
INFO: Weapon 1: 'R-301'
INFO: Weapon 2: 'VOLT'
INFO: 
INFO: >>> Frame 008033
INFO: Player name: 'SF_Dezignful' -> 'sF_Dezignful'
INFO: Weapon 1: 'R-301'
INFO: Weapon 2: 'VOLT'
INFO: 
INFO: >>> Frame 008034
INFO: Can't find player name end icon
INFO: 
INFO: >>> Frame 008035
INFO: Can't find player name end icon
INFO: 
INFO: >>> Frame 008036
INFO: Player name: 'sF_Dezignful'
INFO: Weapon 1: 'R-301'
INFO: Weapon 2: 'VOLT'
INFO: 
INFO: >>> Frame 008037
INFO: Player name: 'sF_Gentrifying' -> 'sF_Gentrifyinq'
INFO: Weapon 1: 'R-301'
INFO: Weapon 2: 'EVA-B AUTO' -> 'EVA-8 AUTO'
INFO: 
INFO: >>> Frame 008038
INFO: Player name: 'sF_Gentrifying' -> 'sF_Gentrifyinq'
INFO: Weapon 1: 'R-401' -> 'R-301'
INFO: Weapon 2: 'EVA-3 AUTO' -> 'EVA-8 AUTO'
INFO: 
INFO: >>> Frame 008039
INFO: Player name: 'sF_Gentrifying' -> 'sF_Gentrifyinq'
INFO: Weapon 1: 'R-401' -> 'R-301'
INFO: Weapon 2: 'EVA-3 AUTO' -> 'EVA-8 AUTO'
INFO: 
INFO: >>> Frame 008040
INFO: Player name: '* sF_Gentrifyina' -> 'sF_Gentrifyinq'
INFO: Weapon 1: 'R-301'
INFO: Weapon 2: 'EVA-8 AUTO'
INFO: 
INFO: >>> Frame 008041
INFO: Player name: 'sF Dezignful' -> 'sF_Dezignful'
INFO: Weapon 1: 'R-301'
INFO: Weapon 2: 'VOLT'
INFO: 
INFO: >>> Frame 008042
INFO: Player name: 'SF_Dezignful' -> 'sF_Dezignful'
INFO: Weapon 1: 'R-301'
INFO: Weapon 2: 'VOLT'
INFO: 
INFO: >>> Frame 008043
INFO: Player name: 'SF _Dezignful' -> 'sF_Dezignful'
INFO: Weapon 1: 'R-301'
INFO: Weapon 2: 'VOLT'
INFO: 
INFO: >>> Frame 008044
INFO: Player name: 'SF _Dezignful' -> 'sF_Dezignful'
INFO: Weapon 1: 'R-301'
INFO: Weapon 2: 'VOLT'
INFO: 
INFO: >>> Frame 008045
INFO: Player name: 'sF_Dezignful'
INFO: Weapon 1: 'R-401' -> 'R-301'
INFO: Weapon 2: 'VOLT'
INFO: 
INFO: >>> Frame 008046
INFO: Player name: 'sF_Gantrifying' -> 'sF_Gentrifyinq'
INFO: Weapon 1: 'R-301'
INFO: Weapon 2: 'VOLT'
INFO: 
INFO: >>> Frame 008047
INFO: Player name: '_SF_Resultuh' -> 'sF_Resultuh'
INFO: 
INFO: >>> Frame 008048
INFO: Player name: '_SF_Resultuh' -> 'sF_Resultuh'
INFO: Weapon 1: 'SPITFIRE:' -> 'SPITFIRE'
INFO: 
INFO: >>> Frame 008049
INFO: Player name: '_SF_Resultuh' -> 'sF_Resultuh'
INFO: Weapon 1: 'SPITFIRE.' -> 'SPITFIRE'
INFO: 
INFO: >>> Frame 008050
INFO: 
INFO: >>> Frame 008051
INFO: Player name: 'CLG ImMadness'
INFO: Weapon 1: 'R-99'
INFO: Weapon 2: 'SHARGE RIFLE' -> 'CHARGE RIFLE'
INFO: 
INFO: >>> Frame 008052
INFO: Player name: 'CLG imMadness' -> 'CLG ImMadness'
INFO: Weapon 1: 'R-99'
INFO: Weapon 2: '~HARGE RIFLE' -> 'CHARGE RIFLE'
INFO: 
INFO: >>> Frame 008053
INFO: Player name: 'CLG ImMadness'
INFO: Weapon 1: 'A-99' -> 'R-99'
INFO: Weapon 2: '>HARGE RIFLE' -> 'CHARGE RIFLE'
INFO: 
INFO: >>> Frame 008054
INFO: Player name: 'CLG imMadness' -> 'CLG ImMadness'
INFO: Weapon 1: 'R-99'
INFO: Weapon 2: 'SHARGE RIFLE' -> 'CHARGE RIFLE'
INFO: 
INFO: >>> Frame 008055
INFO: Player name: 'CLG ImMadness'
INFO: Weapon 1: 'R-99'
INFO: Weapon 2: '=HARGE RIFLE' -> 'CHARGE RIFLE'
INFO: 
INFO: >>> Frame 008056
INFO: Player name: 'CLG ImMadness'
INFO: Weapon 1: 'R-99'
INFO: Weapon 2: '=HARGE RIFLE' -> 'CHARGE RIFLE'
INFO: 
INFO: >>> Frame 008057
INFO: Player name: 'Sauceror'
INFO: Weapon 1: 'R-99'
INFO: Weapon 2: 'MASTIFF'
INFO: 
INFO: >>> Frame 008058
INFO: Can't find player name end icon
INFO: 
INFO: >>> Frame 008059
INFO: Player name: 'Sauceror'
INFO: Weapon 1: 'R-99'
INFO: Weapon 2: 'MASTIFF'
INFO: 
INFO: >>> Frame 008060
INFO: Player name: 'bowswar' -> 'bowswerr'
INFO: Weapon 1: 'G7 SCOUT'
INFO: Weapon 2: 'MASTIFF'
INFO: 
INFO: >>> Frame 008061
INFO: Player name: 'ibowswerr' -> 'bowswerr'
INFO: Weapon 1: 'G? SCOUT' -> 'G7 SCOUT'
INFO: Weapon 2: 'MASTIFF'
INFO: 
INFO: >>> Frame 008062
INFO: Player name: 'bowswerr'
INFO: Weapon 1: 'G7 SCOUT'
INFO: Weapon 2: 'MASTIFF'
INFO: 
INFO: >>> Frame 008063
INFO: Player name: '_ bowswerr' -> 'bowswerr'
INFO: Weapon 1: 'G7 SCOUT'
INFO: Weapon 2: 'MASTIFF'
INFO: 
INFO: >>> Frame 008064
INFO: Player name: 'bowswerr'
INFO: Weapon 1: 'G? SCOUT' -> 'G7 SCOUT'
INFO: Weapon 2: 'MASTIFF'
INFO: 
INFO: >>> Frame 008065
INFO: Player name: 'bowswelr' -> 'bowswerr'
INFO: Weapon 1: 'G7 SCOUT'
INFO: Weapon 2: 'MASTIFF'
INFO: 
INFO: >>> Frame 008066
INFO: Player name: 'bowswerr'
INFO: Weapon 1: 'G7 SCOUT'
INFO: Weapon 2: 'MASTIFF'
INFO: 
INFO: >>> Frame 008067
INFO: Player name: '_ bowswerr' -> 'bowswerr'
INFO: Weapon 1: 'G7 SCOUT'
INFO: Weapon 2: 'MASTIFF'
INFO: 
INFO: >>> Frame 008068
INFO: Player name: 'ClaneSZN'
INFO: Weapon 1: 'R-301'
INFO: Weapon 2: 'PEACEKEEPES' -> 'PEACEKEEPER'
INFO: 
INFO: >>> Frame 008069
INFO: Player name: '-ClaneSZN' -> 'ClaneSZN'
INFO: Weapon 1: 'R-30)' -> 'R-301'
INFO: Weapon 2: 'A7EACEKEEPER' -> 'PEACEKEEPER'
INFO: 
INFO: >>> Frame 008070
INFO: Player name: '»ElaneSZN' -> 'ClaneSZN'
INFO: Weapon 1: 'R-301'
INFO: Weapon 2: 'JEACEKEEPER' -> 'PEACEKEEPER'
INFO: 
INFO: >>> Frame 008071
INFO: Player name: 'NRG_nafen'
INFO: Weapon 1: 'VOLT'
INFO: Weapon 2: 'EVA-38 AUTO' -> 'EVA-8 AUTO'
INFO: 
INFO: >>> Frame 008072
INFO: Player name: 'NRG_nafen'
INFO: Weapon 1: 'VOLT'
INFO: Weapon 2: 'EVA-8 AUTO'
INFO: 
INFO: >>> Frame 008073
INFO: Player name: 'NRG_nafen'
INFO: Weapon 1: 'VOLT.' -> 'VOLT'
INFO: Weapon 2: 'EVA-8 AUTO'
INFO: 
INFO: >>> Frame 008074
INFO: Player name: 'NRG_nafen'
INFO: Weapon 1: 'VOLT'
INFO: Weapon 2: 'EVA-38 AUTO' -> 'EVA-8 AUTO'
INFO: 
INFO: >>> Frame 008075
INFO: Player name: 'NRG_nafen'
INFO: Weapon 1: 'VOLT'
INFO: Weapon 2: 'EVA-B AUTO' -> 'EVA-8 AUTO'
INFO: 
INFO: >>> Frame 008076
INFO: Player name: 'NRG_nafen'
INFO: Weapon 1: 'VOLT'
INFO: Weapon 2: 'EVA-8 AUTO'
INFO: 
INFO: >>> Frame 008077
INFO: Player name: 'NRG _Sweet_Rank_]' -> 'NRG_Sweet_Rank_1'
INFO: Weapon 1: 'VOLT'
INFO: Weapon 2: 'EVA-B AUTO' -> 'EVA-8 AUTO'
INFO: 
INFO: >>> Frame 008078
INFO: Player name: 'NRG _Sweet_Rank_]' -> 'NRG_Sweet_Rank_1'
INFO: Weapon 1: 'VOLT'
INFO: Weapon 2: 'EVA-8 AUTO'
INFO: 
INFO: >>> Frame 008079
INFO: Player name: 'NRG_Sweet_Rank 1]' -> 'NRG_Sweet_Rank_1'
INFO: Weapon 1: 'FLATLINE'
INFO: Weapon 2: 'MASTIFF'
INFO: 
INFO: >>> Frame 008080
INFO: Player name: 'NRG_Sweet_Rank]' -> 'NRG_Sweet_Rank_1'
INFO: Weapon 1: 'FLATLINE'
INFO: Weapon 2: 'MASTIFF'
INFO: 
INFO: >>> Frame 008081
INFO: Player name: 'NRG Sweet_Rank_]' -> 'NRG_Sweet_Rank_1'
INFO: Weapon 1: 'FLATLINE'
INFO: Weapon 2: 'MASTIFF'
INFO: 
INFO: >>> Frame 008082
INFO: Player name: 'NRG_Sweet_Rank_1]' -> 'NRG_Sweet_Rank_1'
INFO: Weapon 1: 'FLATLINE'
INFO: Weapon 2: 'MASTIFF'
INFO: 
INFO: >>> Frame 008083
INFO: Player name: 'NRG _Sweet_Rank_|' -> 'NRG_Sweet_Rank_1'
INFO: Weapon 1: 'FLATLINE'
INFO: Weapon 2: 'MASTIFF'
INFO: 
INFO: >>> Frame 008084
INFO: Player name: '“CLG Vaxlon,' -> 'CLG_Vaxlon'
INFO: Weapon 1: 'G7 SCOUT'
INFO: Weapon 2: 'EVA-B AUTO' -> 'EVA-8 AUTO'
INFO: 
INFO: >>> Frame 008085
INFO: Player name: 'CLG Vaxton' -> 'CLG_Vaxlon'
INFO: Weapon 1: 'G7 SCOUT'
INFO: Weapon 2: 'EVA-8 AUTO'
INFO: 
INFO: >>> Frame 008086
INFO: Player name: 'CLG _Vaxlon' -> 'CLG_Vaxlon'
INFO: Weapon 1: 'G7 SCOUT'
INFO: Weapon 2: 'EVA-B AUTO' -> 'EVA-8 AUTO'
INFO: 
INFO: >>> Frame 008087
INFO: Player name: 'CLG_Vaxlon'
INFO: Weapon 1: 'G7 SCOUT'
INFO: Weapon 2: 'EVA-d AUTO' -> 'EVA-8 AUTO'
INFO: 
INFO: >>> Frame 008088
INFO: Player name: 'CLG_Vaxion' -> 'CLG_Vaxlon'
INFO: Weapon 1: 'G7 SCOUT'
INFO: Weapon 2: 'EVA-B AUTO' -> 'EVA-8 AUTO'
INFO: 
INFO: >>> Frame 008089
INFO: Player name: 'NAG _Sweet_Rank_}' -> 'NRG_Sweet_Rank_1'
INFO: Weapon 1: 'FLATLINE'
INFO: Weapon 2: 'MASTIFF'
INFO: 
INFO: >>> Frame 008090
INFO: Player name: 'NRG_Sweet_Rank 1}' -> 'NRG_Sweet_Rank_1'
INFO: Weapon 1: 'FLATLINE'
INFO: Weapon 2: 'MASTIFF'
INFO: 
INFO: >>> Frame 008091
INFO: Player name: 'NRG_Sweet_ Rank 1' -> 'NRG_Sweet_Rank_1'
INFO: Weapon 1: 'FLATLINE'
INFO: Weapon 2: 'MASTIFF'
INFO: 
INFO: >>> Frame 008092
INFO: Player name: 'NAG Sweet_Rank}' -> 'NRG_Sweet_Rank_1'
INFO: Weapon 1: 'FLATLINE'
INFO: Weapon 2: 'MASTIFF'
INFO: 
INFO: >>> Frame 008093
INFO: Player name: 'NRG_Sweet_Rank_}' -> 'NRG_Sweet_Rank_1'
INFO: Weapon 1: 'FLATLINE'
INFO: Weapon 2: 'MASTIFF'
INFO: 
INFO: >>> Frame 008094
INFO: Player name: 'NAG Sweet_Rank_]' -> 'NRG_Sweet_Rank_1'
INFO: Weapon 1: 'FLATLINE'
INFO: Weapon 2: 'MASTIFF'
INFO: 
INFO: >>> Frame 008095
INFO: Player name: 'NAG Sweet_Rank 1' -> 'NRG_Sweet_Rank_1'
INFO: Weapon 1: 'FLATLINE'
INFO: Weapon 2: 'MASTIFF'
INFO: 
INFO: >>> Frame 008096
INFO: Player name: '“NRG Sweet Rank]' -> 'NRG_Sweet_Rank_1'
INFO: Weapon 1: 'FLATLINE'
INFO: Weapon 2: 'MASTIFF'
INFO: 
INFO: >>> Frame 008097
INFO: Unknown player: '‘Sweet Rank]\n\n‘NR\n—' (best guess: 'NRG_Sweet_Rank_1', 0.68)
INFO: 
INFO: >>> Frame 008098
INFO: Unknown player: ' ' (best guess: 'CLT Pride', 0.89)
INFO: 
INFO: >>> Frame 008099
INFO: Player name: 'NRG_Sweet_Rank_]' -> 'NRG_Sweet_Rank_1'
INFO: Weapon 1: 'FLATLINE'
INFO: Weapon 2: 'MASTIFF'
INFO: 
INFO: >>> Frame 008100
INFO: Player name: 'NAG Sweet Rank 1' -> 'NRG_Sweet_Rank_1'
INFO: Weapon 1: 'FLATLINE'
INFO: Weapon 2: 'MASTIFF'
INFO: 
INFO: >>> Frame 008101
INFO: Can't find player name end icon
INFO: 
INFO: >>> Frame 008102
INFO: Can't find player name end icon
INFO: 
INFO: >>> Frame 008103
INFO: Can't find player name end icon
INFO: 
INFO: >>> Frame 008104
INFO: Can't find player name end icon
INFO: 
INFO: >>> Frame 008105
INFO: Can't find player name end icon
INFO: 
INFO: >>> Frame 008106
INFO: Player name: 'TSM ImperialHal' -> 'TSM_ImperialHa1'
INFO: Weapon 1: 'SPITFIRE'
INFO: Weapon 2: 'MASTIFF'
INFO: 
INFO: >>> Frame 008107
INFO: Player name: 'TSM_ImperialHal' -> 'TSM_ImperialHa1'
INFO: Weapon 1: 'SPITFIRE'
INFO: Weapon 2: 'MASTIFF'
INFO: 
INFO: >>> Frame 008108
INFO: Player name: 'TSM ImperialHal' -> 'TSM_ImperialHa1'
INFO: Weapon 1: 'SPITFIRE'
INFO: Weapon 2: 'MASTIFF'
INFO: 
INFO: >>> Frame 008109
INFO: Player name: 'TSM _ImperialHal' -> 'TSM_ImperialHa1'
INFO: Weapon 1: 'SPITFIRE'
INFO: Weapon 2: 'MASTIFF'
INFO: 
INFO: >>> Frame 008110
INFO: Player name: 'TSM_ImperialHal' -> 'TSM_ImperialHa1'
INFO: Weapon 1: 'SPITFIRE'
INFO: Weapon 2: 'MASTIFF'
INFO: 
INFO: >>> Frame 008111
INFO: Player name: 'TSM_ImperialHal' -> 'TSM_ImperialHa1'
INFO: Weapon 1: 'SPITFIRE'
INFO: Weapon 2: 'MASTIFF'
INFO: 
INFO: >>> Frame 008112
INFO: Player name: 'TSM_ImperialHal' -> 'TSM_ImperialHa1'
INFO: Weapon 2: 'MASTIFF'
INFO: 
INFO: >>> Frame 008113
INFO: Player name: 'TSM _ImperialHal' -> 'TSM_ImperialHa1'
INFO: Weapon 1: '‘SPITFIRE:' -> 'SPITFIRE'
INFO: Weapon 2: 'MASTIFF'
INFO: 
INFO: >>> Frame 008114
INFO: Player name: 'TSM _ImperialHal' -> 'TSM_ImperialHa1'
INFO: Weapon 1: '‘SPITFIRE:' -> 'SPITFIRE'
INFO: Weapon 2: 'MASTIFF'
INFO: 
INFO: >>> Frame 008115
INFO: Player name: 'CLG ImMacdness' -> 'CLG ImMadness'
INFO: Weapon 1: 'R-95' -> 'R-99'
INFO: Weapon 2: 'EVA-8 AUTO'
INFO: 
INFO: >>> Frame 008116
INFO: Player name: '"CLG ImMadnass' -> 'CLG ImMadness'
INFO: Weapon 1: 'A-99' -> 'R-99'
INFO: Weapon 2: 'EVA-8 AUTO'
INFO: 
INFO: >>> Frame 008117
INFO: Player name: 'CLG ImMadness'
INFO: Weapon 1: 'R-98' -> 'R-99'
INFO: Weapon 2: 'EVA-6 AUTO' -> 'EVA-8 AUTO'
INFO: 
INFO: >>> Frame 008118
INFO: Player name: ',COL_lou' -> 'COL_Iou'
INFO: Weapon 1: 'R-99'
INFO: Weapon 2: 'EVA-8 AUTO'
INFO: 
INFO: >>> Frame 008119
INFO: Player name: '_COL_lou' -> 'COL_Iou'
INFO: Weapon 1: 'HEMLGEK' -> 'HEMLOK'
INFO: Weapon 2: 'EVA-8 AUTO'
INFO: 
INFO: >>> Frame 008120
INFO: Player name: '_COL_lou' -> 'COL_Iou'
INFO: Weapon 1: 'HEMLOK'
INFO: Weapon 2: 'EVA-8 AUTO'
INFO: 
INFO: >>> Frame 008121
INFO: Player name: '/COL_lou' -> 'COL_Iou'
INFO: Weapon 1: 'HEMLOK'
INFO: Weapon 2: 'EVA-8 AUTO'
INFO: 
INFO: >>> Frame 008122
INFO: Player name: 'COL lou' -> 'COL_Iou'
INFO: Weapon 1: 'HEMLOK'
INFO: Weapon 2: 'EVA-6 AUTO' -> 'EVA-8 AUTO'
INFO: 
INFO: >>> Frame 008123
INFO: Player name: '~COLIou' -> 'COL_Iou'
INFO: Weapon 1: 'HEMLOK'
INFO: Weapon 2: 'EVA-6 AUTO' -> 'EVA-8 AUTO'
INFO: 
INFO: >>> Frame 008124
INFO: Player name: 'CLG imMadness' -> 'CLG ImMadness'
INFO: Weapon 1: 'R-99'
INFO: Weapon 2: 'EVA-8 AUTO'
INFO: 
INFO: >>> Frame 008125
INFO: Player name: 'CLG imMadness' -> 'CLG ImMadness'
INFO: Weapon 2: 'EVA-B AUTO' -> 'EVA-8 AUTO'
INFO: 
INFO: >>> Frame 008126
INFO: Player name: 'CLG ImMadness'
INFO: Weapon 1: 'R-99'
INFO: Weapon 2: 'EVA-B AUTO' -> 'EVA-8 AUTO'
INFO: 
INFO: >>> Frame 008127
INFO: Player name: 'CLG imMadness' -> 'CLG ImMadness'
INFO: Weapon 1: 'R-99'
INFO: Weapon 2: 'EVA-8 AUTO'
INFO: 
INFO: >>> Frame 008128
INFO: Player name: 'CLG ImMadness'
INFO: Weapon 1: 'R-99'
INFO: Weapon 2: 'EVA4-8 AUTO' -> 'EVA-8 AUTO'
INFO: 
INFO: >>> Frame 008129
INFO: Player name: 'CLG ImMadness'
INFO: Weapon 1: 'R-99'
INFO: Weapon 2: 'EVA-8 AUTO'
INFO: 
INFO: >>> Frame 008130
INFO: Player name: 'CLG IimMadness' -> 'CLG ImMadness'
INFO: Weapon 2: 'EVA-B AUTO' -> 'EVA-8 AUTO'
INFO: 
INFO: >>> Frame 008131
INFO: Player name: 'CLG ImMadness'
INFO: Weapon 2: 'EVA-8 AUTO'
INFO: 
INFO: >>> Frame 008132
INFO: Can't find player name end icon
INFO: 
INFO: >>> Frame 008133
INFO: Can't find player name end icon
INFO: 
INFO: >>> Frame 008134
INFO: Can't find player name end icon
INFO: 
INFO: >>> Frame 008135
INFO: Player name: '_NRG_rocker' -> 'NRG_rocker'
INFO: Weapon 1: 'R-301'
INFO: Weapon 2: 'MASTIFF'
INFO: 
INFO: >>> Frame 008136
INFO: Player name: ', NRG_rocker' -> 'NRG_rocker'
INFO: Weapon 1: 'R-301'
INFO: Weapon 2: 'MASTIFF'
INFO: 
INFO: >>> Frame 008137
INFO: Player name: 'NRG_rocker'
INFO: Weapon 1: 'R-301'
INFO: Weapon 2: 'MASTIFF'
INFO: 
INFO: >>> Frame 008138
INFO: Player name: '.NRG_rocker' -> 'NRG_rocker'
INFO: Weapon 1: 'R-301'
INFO: Weapon 2: 'MASTIFF'
INFO: 
INFO: >>> Frame 008139
INFO: Player name: 'NRG_rocker'
INFO: Weapon 1: 'R-301'
INFO: Weapon 2: 'MASTIFF'
INFO: 
INFO: >>> Frame 008140
INFO: Player name: 'NRG_rocker'
INFO: Weapon 1: 'R-401' -> 'R-301'
INFO: Weapon 2: 'MASTIFF'
INFO: 
INFO: >>> Frame 008141
INFO: Player name: 'NRG_rocker'
INFO: Weapon 1: 'R301,' -> 'R-301'
INFO: Weapon 2: 'MASTIFF'
INFO: 
INFO: >>> Frame 008142
INFO: Player name: 'NRG_rocker'
INFO: Weapon 1: 'R-301'
INFO: Weapon 2: 'MASTIFF'
INFO: 
INFO: >>> Frame 008143
INFO: Player name: 'NRG _rocker' -> 'NRG_rocker'
INFO: Weapon 1: 'R-401' -> 'R-301'
INFO: Weapon 2: 'MASTIFF'
INFO: 
INFO: >>> Frame 008144
INFO: Player name: 'NRG_rocker'
INFO: Weapon 1: 'R-301'
INFO: Weapon 2: 'MASTIFF'
INFO: 
INFO: >>> Frame 008145
INFO: Can't find player name end icon
INFO: 
INFO: >>> Frame 008146
INFO: Can't find player name end icon
INFO: 
INFO: >>> Frame 008147
INFO: Can't find player name end icon
INFO: 
INFO: >>> Frame 008148
INFO: Player name: 'NAG Sweet_Rank 1' -> 'NRG_Sweet_Rank_1'
INFO: Weapon 1: 'FLATLINE'
INFO: Weapon 2: 'MASTIFF'
INFO: 
INFO: >>> Frame 008149
INFO: Player name: 'NRG _Sweet_Rank_}' -> 'NRG_Sweet_Rank_1'
INFO: Weapon 1: 'FLATLINE'
INFO: Weapon 2: 'MASTIFF'
INFO: 
INFO: >>> Frame 008150
INFO: Player name: 'NRG_Sweet_Rank_}' -> 'NRG_Sweet_Rank_1'
INFO: Weapon 1: 'FLATLINE'
INFO: Weapon 2: 'MASTIFF'
INFO: 
INFO: >>> Frame 008151
INFO: Player name: 'NRG_Sweet_Rank 1' -> 'NRG_Sweet_Rank_1'
INFO: Weapon 1: 'FLATLINE'
INFO: Weapon 2: 'MASTIFF'
INFO: 
INFO: >>> Frame 008152
INFO: Can't find player name end icon
INFO: 
INFO: >>> Frame 008153
INFO: Can't find player name end icon
INFO: 
INFO: >>> Frame 008154
INFO: Can't find player name end icon
INFO: 
INFO: >>> Frame 008155
INFO: Player name: 'NRG_nafen'
INFO: Weapon 1: 'VOLT'
INFO: Weapon 2: 'EVA-B AUTO' -> 'EVA-8 AUTO'
INFO: 
INFO: >>> Frame 008156
INFO: Player name: 'NRG_nafen'
INFO: Weapon 1: 'VOLT'
INFO: Weapon 2: 'EVA-8 AUTO'
INFO: 
INFO: >>> Frame 008157
INFO: Player name: 'NRG_nafen'
INFO: Weapon 1: 'VOLT'
INFO: Weapon 2: 'EVA-B AUTO' -> 'EVA-8 AUTO'
INFO: 
INFO: >>> Frame 008158
INFO: Player name: 'NRG_nafen'
INFO: Weapon 1: 'VOLT'
INFO: Weapon 2: 'EVA-B AUTO' -> 'EVA-8 AUTO'
INFO: 
INFO: >>> Frame 008159
INFO: Player name: 'NRG_nafen'
INFO: Weapon 1: 'VOLT'
INFO: Weapon 2: 'EVA-8 AUTO'
INFO: 
INFO: >>> Frame 008160
INFO: Player name: 'NRG _nafen' -> 'NRG_nafen'
INFO: Weapon 1: 'VOLT'
INFO: Weapon 2: 'EVA-8 AUTO'
INFO: 
INFO: >>> Frame 008161
INFO: Player name: 'NRG_nafen'
INFO: Weapon 1: 'VOLT'
INFO: Weapon 2: 'EVA-B AUTO' -> 'EVA-8 AUTO'
INFO: 
INFO: >>> Frame 008162
INFO: Player name: 'NRG_nafen'
INFO: Weapon 1: 'VOLT'
INFO: Weapon 2: 'EVA-B AUTO' -> 'EVA-8 AUTO'
INFO: 
INFO: >>> Frame 008163
INFO: Player name: 'NRG_nafen'
INFO: Weapon 1: 'VOLT'
INFO: Weapon 2: 'EVA-8 AUTO'
INFO: 
INFO: >>> Frame 008164
INFO: Player name: 'NRG_nafen'
INFO: Weapon 1: 'VOLT'
INFO: Weapon 2: 'EVA-8 AUTO'
INFO: 
INFO: >>> Frame 008165
INFO: Player name: 'NRG_nafen'
INFO: Weapon 1: 'VOLT'
INFO: Weapon 2: 'EVA-B AUTO' -> 'EVA-8 AUTO'
INFO: 
INFO: >>> Frame 008166
INFO: Can't find player name end icon
INFO: 
INFO: >>> Frame 008167
INFO: Can't find player name end icon
INFO: 
INFO: >>> Frame 008168
INFO: Can't find player name end icon
INFO: 
INFO: >>> Frame 008169
INFO: Can't find player name end icon
INFO: 
INFO: >>> Frame 008170
INFO: Can't find player name end icon
INFO: 
INFO: >>> Frame 008171
INFO: Can't find player name end icon
INFO: 
INFO: >>> Frame 008172
INFO: Can't find player name end icon
INFO: 
INFO: >>> Frame 008173
INFO: Player name: 'TSM_ImperialHal' -> 'TSM_ImperialHa1'
INFO: Weapon 1: 'SPITFIRE'
INFO: Weapon 2: 'MASTIFF'
INFO: 
INFO: >>> Frame 008174
INFO: Player name: 'TSM_ImperialHal' -> 'TSM_ImperialHa1'
INFO: Weapon 1: 'SPITFIRE'
INFO: Weapon 2: 'MASTIFF'
INFO: 
INFO: >>> Frame 008175
INFO: Player name: 'TSM_ImperialHal' -> 'TSM_ImperialHa1'
INFO: Weapon 1: 'SPITFIRE'
INFO: Weapon 2: 'MASTIFF'
INFO: 
INFO: >>> Frame 008176
INFO: Player name: 'TSM _ImperialHal' -> 'TSM_ImperialHa1'
INFO: Weapon 1: 'SPITFIRE'
INFO: Weapon 2: 'MASTIFF'
INFO: 
INFO: >>> Frame 008177
INFO: Player name: 'TSM_ImperialHal' -> 'TSM_ImperialHa1'
INFO: Weapon 1: 'SPITFIRE'
INFO: Weapon 2: 'MASTIFF'
INFO: 
INFO: >>> Frame 008178
INFO: Player name: 'TSM_ImperialHal' -> 'TSM_ImperialHa1'
INFO: Weapon 1: 'SPITFIRE'
INFO: Weapon 2: 'MASTIFF'
INFO: 
INFO: >>> Frame 008179
INFO: Player name: 'TSM_ImperialHal' -> 'TSM_ImperialHa1'
INFO: Weapon 1: 'SPITFIRE'
INFO: Weapon 2: 'MASTIFF'
INFO: 
INFO: >>> Frame 008180
INFO: Can't find player name end icon
INFO: 
INFO: >>> Frame 008181
INFO: Can't find player name end icon
INFO: 
INFO: >>> Frame 008182
INFO: Can't find player name end icon
INFO: 
INFO: >>> Frame 008183
INFO: Can't find player name end icon
INFO: 
INFO: >>> Frame 008184
