INFO: 
INFO: >>> Frame 003093
INFO: Can't find player name end icon
INFO: 
INFO: >>> Frame 003094
INFO: Can't find player name end icon
INFO: 
INFO: >>> Frame 003095
INFO: Can't find player name end icon
INFO: 
INFO: >>> Frame 003096
INFO: Can't find player name end icon
INFO: 
INFO: >>> Frame 003097
INFO: Can't find player name end icon
INFO: 
INFO: >>> Frame 003098
INFO: Can't find player name end icon
INFO: 
INFO: >>> Frame 003099
INFO: Can't find player name end icon
INFO: 
INFO: >>> Frame 003100
INFO: Can't find player name end icon
INFO: 
INFO: >>> Frame 003101
INFO: Can't find player name end icon
INFO: 
INFO: >>> Frame 003102
INFO: Can't find player name end icon
INFO: 
INFO: >>> Frame 003103
INFO: Can't find player name end icon
INFO: 
INFO: >>> Frame 003104
INFO: Can't find player name end icon
INFO: 
INFO: >>> Frame 003105
INFO: Can't find player name end icon
INFO: 
INFO: >>> Frame 003106
INFO: Can't find player name end icon
INFO: 
INFO: >>> Frame 003107
INFO: Can't find player name end icon
INFO: 
INFO: >>> Frame 003108
INFO: Can't find player name end icon
INFO: 
INFO: >>> Frame 003109
INFO: Can't find player name end icon
INFO: 
INFO: >>> Frame 003110
INFO: Can't find player name end icon
INFO: 
INFO: >>> Frame 003111
INFO: Can't find player name end icon
INFO: 
INFO: >>> Frame 003112
INFO: Can't find player name end icon
INFO: 
INFO: >>> Frame 003113
INFO: Can't find player name end icon
INFO: 
INFO: >>> Frame 003114
INFO: Can't find player name end icon
INFO: 
INFO: >>> Frame 003115
INFO: Can't find player name end icon
INFO: 
INFO: >>> Frame 003116
INFO: Player name: 'CLT marcy' -> 'CLT_mercy'
INFO: 
INFO: >>> Frame 003117
INFO: Player name: 'CLT mercy' -> 'CLT_mercy'
INFO: 
INFO: >>> Frame 003118
INFO: Player name: 'CLT_mercy'
INFO: 
INFO: >>> Frame 003119
INFO: Player name: 'CLT marcy' -> 'CLT_mercy'
INFO: 
INFO: >>> Frame 003120
INFO: Player name: 'SCLT-me\n-mercy' -> 'CLT_mercy'
INFO: 
INFO: >>> Frame 003121
INFO: Player name: '_CLT_mercy' -> 'CLT_mercy'
INFO: 
INFO: >>> Frame 003122
INFO: Player name: ', CLT_mercy' -> 'CLT_mercy'
INFO: 
INFO: >>> Frame 003123
INFO: Player name: '_CLT_mercy' -> 'CLT_mercy'
INFO: 
INFO: >>> Frame 003124
INFO: Player name: 'CLT_marcy' -> 'CLT_mercy'
INFO: 
INFO: >>> Frame 003125
INFO: Player name: 'CLT_mercy'
INFO: 
INFO: >>> Frame 003126
INFO: Player name: '_CLT_mercy' -> 'CLT_mercy'
INFO: 
INFO: >>> Frame 003127
INFO: Player name: 'CLT marcy' -> 'CLT_mercy'
INFO: 
INFO: >>> Frame 003128
INFO: Player name: 'CLT Pride'
INFO: Weapon 1: 'RE-45'
INFO: Weapon 2: 'ALTERNATOR'
INFO: 
INFO: >>> Frame 003129
INFO: Player name: 'CLT Pride'
INFO: Weapon 1: 'RE-45'
INFO: Weapon 2: 'ALTERNATOR'
INFO: 
INFO: >>> Frame 003130
INFO: Player name: 'CLT Pride'
INFO: Weapon 1: 'EVA-8 AUTO'
INFO: Weapon 2: 'ALTERNATOR'
INFO: 
INFO: >>> Frame 003131
INFO: Player name: '“CLT Pride' -> 'CLT Pride'
INFO: Weapon 1: 'EVA-8 AUTO'
INFO: Weapon 2: 'ALTERNATOR'
INFO: 
INFO: >>> Frame 003132
INFO: Player name: 'CLT Pride'
INFO: Weapon 1: 'EVA-8 AUTO'
INFO: Weapon 2: 'ALTERNATOR'
INFO: 
INFO: >>> Frame 003133
INFO: Player name: 'CLT Pride'
INFO: Weapon 1: 'EVA-8 AUTO'
INFO: Weapon 2: 'ALTERNATOR'
INFO: 
INFO: >>> Frame 003134
INFO: Player name: 'CLT Pride'
INFO: Weapon 1: 'EVA-8 AUTO'
INFO: Weapon 2: 'ALTERNATOR'
INFO: 
INFO: >>> Frame 003135
INFO: Player name: '_CLT_mercy' -> 'CLT_mercy'
INFO: Weapon 1: 'VOLT'
INFO: Weapon 2: 'HEMLOK'
INFO: 
INFO: >>> Frame 003136
INFO: Player name: '_CLT_mercy' -> 'CLT_mercy'
INFO: Weapon 1: 'VOLT'
INFO: Weapon 2: 'HEMLOK'
INFO: 
INFO: >>> Frame 003137
INFO: Player name: '_CLT_mercy' -> 'CLT_mercy'
INFO: Weapon 1: 'VOLT'
INFO: Weapon 2: 'HEMLOK'
INFO: 
INFO: >>> Frame 003138
INFO: Player name: '_CLT_mercy' -> 'CLT_mercy'
INFO: Weapon 1: 'VOLT'
INFO: Weapon 2: 'HEMLOK'
INFO: 
INFO: >>> Frame 003139
INFO: Player name: '_CLT_mercy' -> 'CLT_mercy'
INFO: Weapon 1: 'VOLT'
INFO: Weapon 2: 'HEMLOK'
INFO: 
INFO: >>> Frame 003140
INFO: Player name: 'CLT Mterceey' -> 'CLT_mercy'
INFO: Weapon 1: '30-30 REPEATE' -> '30-30 REPEATER'
INFO: Unknown weapon: 'a' (best guess: '30-30 REPEATER', 1.00)
INFO: 
INFO: >>> Frame 003141
INFO: Player name: 'CLT Bronzey'
INFO: Weapon 1: '40-350 REPEATE' -> '30-30 REPEATER'
INFO: 
INFO: >>> Frame 003142
INFO: Player name: 'CLT Bronzey'
INFO: Weapon 1: '30-40 REPEATE' -> '30-30 REPEATER'
INFO: 
INFO: >>> Frame 003143
INFO: Player name: '“CLT Pride' -> 'CLT Pride'
INFO: Weapon 1: 'EVA-8 AUTO'
INFO: Weapon 2: 'R-99'
INFO: 
INFO: >>> Frame 003144
INFO: Player name: 'CLT Pride'
INFO: Weapon 1: 'EVA-8 AUTO'
INFO: Weapon 2: 'R-99'
INFO: 
INFO: >>> Frame 003145
INFO: Player name: 'CLT Pride'
INFO: Weapon 1: 'EVA-8 AUTO'
INFO: Weapon 2: 'R-99'
INFO: 
INFO: >>> Frame 003146
INFO: Player name: '_CLT_mercy' -> 'CLT_mercy'
INFO: Weapon 1: 'R-301'
INFO: Weapon 2: 'HEMLOE' -> 'HEMLOK'
INFO: 
INFO: >>> Frame 003147
INFO: Player name: 'CLT_mercy'
INFO: Weapon 1: 'R-301'
INFO: Weapon 2: 'HEMLOK'
INFO: 
INFO: >>> Frame 003148
INFO: Player name: '_CLT_mercy' -> 'CLT_mercy'
INFO: Weapon 1: 'R-301'
INFO: Weapon 2: 'HEMLOK'
INFO: 
INFO: >>> Frame 003149
INFO: Player name: 'TSM Albralelie'
INFO: Weapon 2: 'G7 SCOUT'
INFO: 
INFO: >>> Frame 003150
INFO: Player name: 'TSM Albralelie'
INFO: Weapon 1: 'L-STAR'
INFO: Weapon 2: 'G7 SCOUT'
INFO: 
INFO: >>> Frame 003151
INFO: Player name: 'TSM Albralelia' -> 'TSM Albralelie'
INFO: Weapon 1: 'L-STAR'
INFO: Weapon 2: 'G7 SCUUT' -> 'G7 SCOUT'
INFO: 
INFO: >>> Frame 003152
INFO: Player name: 'TSM Albralelia' -> 'TSM Albralelie'
INFO: Weapon 1: 'L-STAR'
INFO: Weapon 2: 'G7 SCOUT'
INFO: 
INFO: >>> Frame 003153
INFO: Player name: 'TSM Albralelie'
INFO: Weapon 1: 'L-STAR'
INFO: Weapon 2: 'G7 SCOUT'
INFO: 
INFO: >>> Frame 003154
INFO: Player name: 'TSM Albralelie'
INFO: Weapon 1: 'L-STAR'
INFO: Weapon 2: 'G7 SCOUT'
INFO: 
INFO: >>> Frame 003155
INFO: Player name: 'TSM Albralelie'
INFO: Weapon 1: 'L-STAR'
INFO: Weapon 2: 'G7 SCOUT'
INFO: 
INFO: >>> Frame 003156
INFO: Player name: 'TSM Albralelie'
INFO: Weapon 1: 'L-STAR'
INFO: Weapon 2: 'G7? SCOUT' -> 'G7 SCOUT'
INFO: 
INFO: >>> Frame 003157
INFO: Player name: 'TSM Albralelie'
INFO: Weapon 1: 'L-STAR'
INFO: Weapon 2: 'G7 SCOUT'
INFO: 
INFO: >>> Frame 003158
INFO: Player name: 'TSM Albralelie'
INFO: Weapon 1: 'L-STAR'
INFO: Weapon 2: 'G7 SCOUT'
INFO: 
INFO: >>> Frame 003159
INFO: Player name: 'TSM Albralelie'
INFO: Weapon 1: 'L-STAR'
INFO: Weapon 2: 'G7 SCOUT'
INFO: 
INFO: >>> Frame 003160
INFO: Player name: 'Liquid Flanker'
INFO: Weapon 1: 'ALTERNATOR'
INFO: Weapon 2: 'RE-45'
INFO: 
INFO: >>> Frame 003161
INFO: Player name: 'Liquid Flanker'
INFO: Weapon 1: 'ALTERNATOR'
INFO: Weapon 2: 'RE-45'
INFO: 
INFO: >>> Frame 003162
INFO: Player name: 'Liquid Flanker'
INFO: Weapon 1: 'ALTERNATOR'
INFO: Weapon 2: 'RE-45'
INFO: 
INFO: >>> Frame 003163
INFO: Player name: 'Liquid Flanker'
INFO: Weapon 1: 'ALTERNATOR'
INFO: Weapon 2: 'RE-45'
INFO: 
INFO: >>> Frame 003164
INFO: Player name: '_ LiquidNocturnal' -> 'LiquidNocturnal'
INFO: Weapon 1: 'HAVOC'
INFO: Weapon 2: 'TRIPLE TAKE'
INFO: 
INFO: >>> Frame 003165
INFO: Player name: 'sungNguyenn' -> 'SungNguyenn'
INFO: Weapon 1: 'R-301'
INFO: Weapon 2: 'TRIPLE TAKE'
INFO: 
INFO: >>> Frame 003166
INFO: Player name: 'sungNguyenn' -> 'SungNguyenn'
INFO: Weapon 1: 'R-301'
INFO: Weapon 2: 'TRIPLE TAKE'
INFO: 
INFO: >>> Frame 003167
INFO: Player name: 'sungNguyenn' -> 'SungNguyenn'
INFO: Weapon 1: 'R-401' -> 'R-301'
INFO: Weapon 2: 'TRIPLE TAKE'
INFO: 
INFO: >>> Frame 003168
INFO: Player name: 'SungNguyenn'
INFO: Weapon 1: 'R-301'
INFO: Weapon 2: 'TRIPLE TAKE'
INFO: 
INFO: >>> Frame 003169
INFO: Player name: 'SungNguyenn'
INFO: Weapon 1: 'R-301'
INFO: Weapon 2: 'TRIPLE TAKE'
INFO: 
INFO: >>> Frame 003170
INFO: Player name: 'SungNguyenn'
INFO: Weapon 1: 'R-301'
INFO: Weapon 2: 'TRIPLE TAKE'
INFO: 
INFO: >>> Frame 003171
INFO: Player name: 'sungNguyenn' -> 'SungNguyenn'
INFO: Weapon 1: 'R-301'
INFO: Weapon 2: 'TRIPLE TAKE'
INFO: 
INFO: >>> Frame 003172
INFO: Player name: 'sungNguyenn' -> 'SungNguyenn'
INFO: Weapon 1: 'R-401' -> 'R-301'
INFO: Weapon 2: 'TRIPLE TAKE'
INFO: 
INFO: >>> Frame 003173
INFO: 
INFO: >>> Frame 003174
INFO: Player name: '“SungNguyenn' -> 'SungNguyenn'
INFO: Weapon 1: 'R-30)' -> 'R-301'
INFO: Weapon 2: 'TRIPLE TAKE'
INFO: 
INFO: >>> Frame 003175
INFO: Player name: '‘SungNguyenn' -> 'SungNguyenn'
INFO: Weapon 1: 'R-30)' -> 'R-301'
INFO: Weapon 2: 'TRIPLE TAKE'
INFO: 
INFO: >>> Frame 003176
INFO: Player name: 'SungNguyenn'
INFO: Weapon 1: 'R-30)' -> 'R-301'
INFO: Weapon 2: 'TRIPLE TAKE'
INFO: 
INFO: >>> Frame 003177
INFO: Player name: 'sungNguyann' -> 'SungNguyenn'
INFO: Weapon 1: 'R-401' -> 'R-301'
INFO: Weapon 2: 'TRIPLE TAKE'
INFO: 
INFO: >>> Frame 003178
INFO: Player name: 'sungNguyenn' -> 'SungNguyenn'
INFO: Weapon 1: 'R-401' -> 'R-301'
INFO: Weapon 2: 'TRIPLE TAKE'
INFO: 
INFO: >>> Frame 003179
INFO: Player name: 'sungNguyenn' -> 'SungNguyenn'
INFO: Weapon 1: 'R-301'
INFO: Weapon 2: '‘TRIPLE TAKE' -> 'TRIPLE TAKE'
INFO: 
INFO: >>> Frame 003180
INFO: Player name: 'SungNguyeann' -> 'SungNguyenn'
INFO: Weapon 1: 'R-301'
INFO: Weapon 2: 'TRIPLE TAKE'
INFO: 
INFO: >>> Frame 003181
INFO: Player name: ', HisWattson_RXx' -> 'HisWattson_RX'
INFO: Weapon 1: 'MASTIFF'
INFO: Weapon 2: 'FLATLINE'
INFO: 
INFO: >>> Frame 003182
INFO: Player name: 'SungNguyenn'
INFO: Weapon 1: 'R-301'
INFO: Weapon 2: 'TRIPLE TAKE'
INFO: 
INFO: >>> Frame 003183
INFO: Player name: 'sungNguyenn' -> 'SungNguyenn'
INFO: Weapon 1: 'R-301'
INFO: Weapon 2: 'TRIPLE TAKE'
INFO: 
INFO: >>> Frame 003184
INFO: Player name: 'SungNguyenn'
INFO: Weapon 1: 'R-301'
INFO: Weapon 2: 'TRIPLE TAKE'
INFO: 
INFO: >>> Frame 003185
INFO: Player name: 'HisWattson RX' -> 'HisWattson_RX'
INFO: Weapon 1: 'MASTIFF'
INFO: Weapon 2: 'FLATLINE'
INFO: 
INFO: >>> Frame 003186
INFO: Player name: 'SF zachmazer' -> 'sF_zachmazer'
INFO: Weapon 1: 'EVA-8 AUTO'
INFO: Weapon 2: 'G7. SCOUT' -> 'G7 SCOUT'
INFO: 
INFO: >>> Frame 003187
INFO: Player name: 'SF _zachmazer' -> 'sF_zachmazer'
INFO: Weapon 1: 'EVA-8 AUTO'
INFO: Weapon 2: 'G7 SCOUT'
INFO: 
INFO: >>> Frame 003188
INFO: Player name: 'sF_zachmazer'
INFO: Weapon 1: 'EVA-8 AUTO'
INFO: Weapon 2: 'G7? SCOUT' -> 'G7 SCOUT'
INFO: 
INFO: >>> Frame 003189
INFO: Player name: 'sF_zachmazer'
INFO: Weapon 1: 'EVA-8 AUTO'
INFO: Weapon 2: 'G? SCOUT' -> 'G7 SCOUT'
INFO: 
INFO: >>> Frame 003190
INFO: Player name: 'sF_zachmazer'
INFO: Weapon 1: 'EVA-8 AUTO'
INFO: Weapon 2: 'G7? SCOUT' -> 'G7 SCOUT'
INFO: 
INFO: >>> Frame 003191
INFO: Player name: 'sF_zachmazer'
INFO: Weapon 1: 'EVA-B AUTO' -> 'EVA-8 AUTO'
INFO: Weapon 2: 'G7 SCOUT'
INFO: 
INFO: >>> Frame 003192
INFO: Player name: 'sF_zachmazer'
INFO: Weapon 1: 'EVA-38 AUTO' -> 'EVA-8 AUTO'
INFO: Weapon 2: 'G7 SCOUT'
INFO: 
INFO: >>> Frame 003193
INFO: Player name: 'sF zachmazer' -> 'sF_zachmazer'
INFO: Weapon 1: 'FVA-8 AUTO' -> 'EVA-8 AUTO'
INFO: Weapon 2: 'G7.SCOUT' -> 'G7 SCOUT'
INFO: 
INFO: >>> Frame 003194
INFO: Player name: ' knogd' -> 'knoqd'
INFO: Weapon 1: 'TRIPLE TAKE'
INFO: Weapon 2: 'R-301'
INFO: 
INFO: >>> Frame 003195
INFO: Player name: 'COL _Reptar' -> 'COL_Reptar'
INFO: Weapon 1: 'HEMLOK'
INFO: Weapon 2: 'EVA-B AUTO' -> 'EVA-8 AUTO'
INFO: 
INFO: >>> Frame 003196
INFO: Player name: 'COL_Menseon' -> 'COL_Monsoon'
INFO: Weapon 2: 'EVA-B AUTO' -> 'EVA-8 AUTO'
INFO: 
INFO: >>> Frame 003197
INFO: Player name: 'COL_Monsoon'
INFO: Weapon 1: 'R-99'
INFO: Weapon 2: 'EVA-8 AUTO'
INFO: 
INFO: >>> Frame 003198
INFO: Player name: 'COL iShiny' -> 'COL_iShiny'
INFO: Weapon 1: 'TRIPLE TAKE'
INFO: Weapon 2: 'MASTIFF'
INFO: 
INFO: >>> Frame 003199
INFO: Player name: 'COL SShiny' -> 'COL_iShiny'
INFO: Weapon 1: 'TRIPLE TAKE'
INFO: Weapon 2: 'MASTIFF'
INFO: 
INFO: >>> Frame 003200
INFO: Player name: 'COL iShiny' -> 'COL_iShiny'
INFO: Weapon 1: 'TRIPLE TAKE'
INFO: Weapon 2: 'MASTIFF'
INFO: 
INFO: >>> Frame 003201
INFO: Player name: '_COLJShiny' -> 'COL_iShiny'
INFO: Weapon 1: 'TRIPLE TAKE'
INFO: Weapon 2: 'MASTIFF'
INFO: 
INFO: >>> Frame 003202
INFO: Player name: 'COL iShiny' -> 'COL_iShiny'
INFO: Weapon 1: 'TRIPLE TAKE'
INFO: Weapon 2: 'MASTIFF'
INFO: 
INFO: >>> Frame 003203
INFO: Player name: 'COL _iShiny' -> 'COL_iShiny'
INFO: Weapon 1: 'TRIPLE TAKE'
INFO: Weapon 2: 'MASTIFF'
INFO: 
INFO: >>> Frame 003204
INFO: Player name: 'COL iShiny' -> 'COL_iShiny'
INFO: Weapon 1: 'TRIPLE TAKE'
INFO: Weapon 2: 'MASTIFF'
INFO: 
INFO: >>> Frame 003205
INFO: Can't find player name end icon
INFO: 
INFO: >>> Frame 003206
INFO: Can't find player name end icon
INFO: 
INFO: >>> Frame 003207
INFO: Can't find player name end icon
INFO: 
INFO: >>> Frame 003208
INFO: Can't find player name end icon
INFO: 
INFO: >>> Frame 003209
INFO: Can't find player name end icon
INFO: 
INFO: >>> Frame 003210
INFO: Unknown player: 'BbTeOSB' (best guess: '96TeQ96', 0.71)
INFO: 
INFO: >>> Frame 003211
INFO: Player name: 'S6TeO96' -> '96TeQ96'
INFO: Weapon 1: 'FLATLINE'
INFO: Weapon 2: 'SENTINEL'
INFO: 
INFO: >>> Frame 003212
INFO: Player name: 'S6TeQS6' -> '96TeQ96'
INFO: Weapon 1: 'FLATLINE'
INFO: Weapon 2: 'SENTINEL'
INFO: 
INFO: >>> Frame 003213
INFO: Player name: 'AbTeQ96' -> '96TeQ96'
INFO: Weapon 1: 'FLATLINE'
INFO: Weapon 2: 'SENTINEL'
INFO: 
INFO: >>> Frame 003214
INFO: Unknown player: 'S8TeOSB' (best guess: '96TeQ96', 0.71)
INFO: 
INFO: >>> Frame 003215
INFO: Unknown player: 'jBBTeQ' (best guess: '96TeQ96', 0.71)
INFO: 
INFO: >>> Frame 003216
INFO: Can't find player name end icon
INFO: 
INFO: >>> Frame 003217
INFO: Can't find player name end icon
INFO: 
INFO: >>> Frame 003218
INFO: Player name: 'SEN senoxe' -> 'SEN_senoxe'
INFO: Weapon 1: 'R-301'
INFO: Weapon 2: 'EVA-8 AUTO'
INFO: 
INFO: >>> Frame 003219
INFO: Player name: 'SEN _senoxe' -> 'SEN_senoxe'
INFO: Weapon 1: 'R-301'
INFO: Weapon 2: 'EV4-8 AUTO' -> 'EVA-8 AUTO'
INFO: 
INFO: >>> Frame 003220
INFO: Player name: 'SEN_senoxe'
INFO: Weapon 1: 'R-301'
INFO: Weapon 2: 'EVA-8 AUTO'
INFO: 
INFO: >>> Frame 003221
INFO: Player name: 'SEN_senoxe'
INFO: Weapon 1: 'R-301'
INFO: Weapon 2: 'EVA-8 AUTO'
INFO: 
INFO: >>> Frame 003222
INFO: Player name: 'SEN _senoxe' -> 'SEN_senoxe'
INFO: Weapon 1: 'R-301'
INFO: Weapon 2: 'EVA-B AUTO' -> 'EVA-8 AUTO'
INFO: 
INFO: >>> Frame 003223
INFO: Player name: 'SEN _senoxe' -> 'SEN_senoxe'
INFO: Weapon 1: 'R-301'
INFO: Weapon 2: 'EVA-38 AUTO' -> 'EVA-8 AUTO'
INFO: 
INFO: >>> Frame 003224
INFO: Player name: 'SEN senoxe' -> 'SEN_senoxe'
INFO: Weapon 1: 'R-401' -> 'R-301'
INFO: Weapon 2: 'EVA-8 AUTO'
INFO: 
INFO: >>> Frame 003225
INFO: Player name: 'SEN _retzi' -> 'SEN_retzi'
INFO: Weapon 1: 'G7 SCOUT'
INFO: Weapon 2: 'EVA-3 AUTO' -> 'EVA-8 AUTO'
INFO: 
INFO: >>> Frame 003226
INFO: Player name: '_ SEN _crust' -> 'SEN_crust'
INFO: Weapon 1: 'R-301'
INFO: Weapon 2: 'MASTIFF'
INFO: 
INFO: >>> Frame 003227
INFO: Player name: 'SEN_crust'
INFO: Weapon 1: 'R-301'
INFO: Weapon 2: 'MASTIFF'
INFO: 
INFO: >>> Frame 003228
INFO: Player name: 'SEN _crust' -> 'SEN_crust'
INFO: Weapon 1: 'R-301'
INFO: Weapon 2: 'MASTIFF'
INFO: 
INFO: >>> Frame 003229
INFO: Can't find player name end icon
INFO: 
INFO: >>> Frame 003230
INFO: Can't find player name end icon
INFO: 
INFO: >>> Frame 003231
INFO: Can't find player name end icon
INFO: 
INFO: >>> Frame 003232
INFO: Can't find player name end icon
INFO: 
INFO: >>> Frame 003233
INFO: Can't find player name end icon
INFO: 
INFO: >>> Frame 003234
INFO: Player name: 'TSM_ImparialHal' -> 'TSM_ImperialHa1'
INFO: Weapon 1: 'G/ SCOUT' -> 'G7 SCOUT'
INFO: Weapon 2: 'VOLT'
INFO: 
INFO: >>> Frame 003235
INFO: Player name: 'snipddown_EW' -> 'Snip3down_EW'
INFO: Weapon 1: 'G7? SCOUT' -> 'G7 SCOUT'
INFO: Weapon 2: 'VOLT'
INFO: 
INFO: >>> Frame 003236
INFO: Player name: 'snip3down_EW' -> 'Snip3down_EW'
INFO: Weapon 1: 'G7 SCOUT'
INFO: Weapon 2: 'VOLT'
INFO: 
INFO: >>> Frame 003237
INFO: Player name: 'Reps TSM' -> 'Reps_TSM'
INFO: Weapon 1: 'MASTIFF'
INFO: Weapon 2: 'LONGBOW'
INFO: 
INFO: >>> Frame 003238
INFO: Player name: 'Reps TSM' -> 'Reps_TSM'
INFO: Weapon 1: 'MASTIFF'
INFO: Weapon 2: 'LONGBOW'
INFO: 
INFO: >>> Frame 003239
INFO: Unknown player: '‘Aeps.1SM.' (best guess: 'Reps_TSM', 0.50)
INFO: 
INFO: >>> Frame 003240
INFO: Player name: 'Repsi TSM)' -> 'Reps_TSM'
INFO: Weapon 1: 'MASTIFF'
INFO: Weapon 2: 'LONGBOW'
INFO: 
INFO: >>> Frame 003241
INFO: Player name: 'Reps TSM' -> 'Reps_TSM'
INFO: Weapon 1: 'MASTIFF'
INFO: Weapon 2: 'LONGBOW'
INFO: 
INFO: >>> Frame 003242
INFO: Player name: 'Reps_TSM'
INFO: Weapon 1: 'MASTIFF'
INFO: Weapon 2: 'LONGBOW'
INFO: 
INFO: >>> Frame 003243
INFO: Player name: '(Reps: TSM' -> 'Reps_TSM'
INFO: Weapon 1: 'MASTIFF'
INFO: Weapon 2: 'LONGBOW'
INFO: 
INFO: >>> Frame 003244
INFO: Player name: 'TSM _ImperialHal' -> 'TSM_ImperialHa1'
INFO: Weapon 1: 'HEMLOK'
INFO: Weapon 2: 'VOLT'
INFO: 
INFO: >>> Frame 003245
INFO: Player name: 'COL_Monsoon'
INFO: Weapon 1: 'R-401' -> 'R-301'
INFO: Weapon 2: 'MASTIFF'
INFO: 
INFO: >>> Frame 003246
INFO: Player name: 'COL_Monsoon'
INFO: Weapon 1: 'R-401' -> 'R-301'
INFO: Weapon 2: 'MASTIFF'
INFO: 
INFO: >>> Frame 003247
INFO: Player name: 'COL Monsoon' -> 'COL_Monsoon'
INFO: Weapon 1: 'R-401' -> 'R-301'
INFO: Weapon 2: 'MASTIFF'
INFO: 
INFO: >>> Frame 003248
INFO: Player name: 'COL Monsoon' -> 'COL_Monsoon'
INFO: Weapon 1: 'R-301'
INFO: Weapon 2: 'MASTIFF'
INFO: 
INFO: >>> Frame 003249
INFO: Player name: 'COL Monsoon' -> 'COL_Monsoon'
INFO: Weapon 1: 'R-301'
INFO: Weapon 2: 'MASTIFF'
INFO: 
INFO: >>> Frame 003250
INFO: Player name: 'COL Monsoon' -> 'COL_Monsoon'
INFO: Weapon 1: 'R-301'
INFO: Weapon 2: 'MASTIFF'
INFO: 
INFO: >>> Frame 003251
INFO: Player name: 'COL Monsoon' -> 'COL_Monsoon'
INFO: Weapon 1: 'R-301'
INFO: Weapon 2: 'MASTIFF'
INFO: 
INFO: >>> Frame 003252
INFO: Player name: 'COL Monsoon' -> 'COL_Monsoon'
INFO: Weapon 1: 'R-301'
INFO: Weapon 2: 'MASTIFF'
INFO: 
INFO: >>> Frame 003253
INFO: Player name: 'COL Monsoon' -> 'COL_Monsoon'
INFO: Weapon 1: 'R-301'
INFO: Weapon 2: 'MASTIFF'
INFO: 
INFO: >>> Frame 003254
INFO: Player name: 'COL Monsoon' -> 'COL_Monsoon'
INFO: Weapon 1: 'R-301'
INFO: Weapon 2: 'MASTIFF'
INFO: 
INFO: >>> Frame 003255
INFO: Player name: 'COL_Monsoon'
INFO: Weapon 1: 'R-301'
INFO: Weapon 2: 'MASTIFF'
INFO: 
INFO: >>> Frame 003256
INFO: Player name: 'COL_Monsoon'
INFO: Weapon 1: 'R-301'
INFO: Weapon 2: 'MASTIFF'
INFO: 
INFO: >>> Frame 003257
INFO: Player name: 'COL Monsoon' -> 'COL_Monsoon'
INFO: Weapon 1: 'R-401' -> 'R-301'
INFO: Weapon 2: 'MASTIFF'
INFO: 
INFO: >>> Frame 003258
INFO: Player name: 'COL Monsoon' -> 'COL_Monsoon'
INFO: Weapon 1: 'R-401' -> 'R-301'
INFO: Weapon 2: 'MASTIFF'
INFO: 
INFO: >>> Frame 003259
INFO: Player name: 'COL_Mansoon' -> 'COL_Monsoon'
INFO: Weapon 1: 'R-301'
INFO: Weapon 2: 'MASTIFF'
INFO: 
INFO: >>> Frame 003260
INFO: Player name: 'COL_Monsoon'
INFO: Weapon 1: 'R-301'
INFO: Weapon 2: 'MASTIFF'
INFO: 
INFO: >>> Frame 003261
INFO: Player name: 'COL Shiny' -> 'COL_iShiny'
INFO: Weapon 2: 'MASTIFF'
INFO: 
INFO: >>> Frame 003262
INFO: Player name: ', COL iShiny' -> 'COL_iShiny'
INFO: Weapon 1: 'TRIPLE TAKE'
INFO: Weapon 2: 'MASTIFF'
INFO: 
INFO: >>> Frame 003263
INFO: Player name: '_COLIShiny' -> 'COL_iShiny'
INFO: Weapon 1: 'TRIPLE TAKE'
INFO: Weapon 2: 'MASTIFF'
INFO: 
INFO: >>> Frame 003264
INFO: Player name: 'COL iShiny' -> 'COL_iShiny'
INFO: Weapon 1: 'TRIPLE TAKE'
INFO: Weapon 2: 'MASTIFF'
INFO: 
INFO: >>> Frame 003265
INFO: Player name: 'COL Shiny' -> 'COL_iShiny'
INFO: Weapon 1: 'TRIPLE TAKE'
INFO: Weapon 2: 'MASTIFF'
INFO: 
INFO: >>> Frame 003266
INFO: Player name: 'COL _Reptar' -> 'COL_Reptar'
INFO: Weapon 1: 'HEMLOK'
INFO: Weapon 2: 'EVA-B AUTO' -> 'EVA-8 AUTO'
INFO: 
INFO: >>> Frame 003267
INFO: Player name: 'COL Reptar' -> 'COL_Reptar'
INFO: Weapon 1: 'HEMLOK'
INFO: Weapon 2: 'EVA-8 AUTO'
INFO: 
INFO: >>> Frame 003268
INFO: Player name: 'COL_Reptar'
INFO: Weapon 1: 'HEMLOK'
INFO: Weapon 2: 'EVA-8 AUTO'
INFO: 
INFO: >>> Frame 003269
INFO: Player name: 'COL_Reptar'
INFO: Weapon 1: 'HEMLOK'
INFO: Weapon 2: 'EVA-3 AUTO' -> 'EVA-8 AUTO'
INFO: 
INFO: >>> Frame 003270
INFO: Player name: 'COL_Reptar'
INFO: Weapon 1: 'HEMLOK'
INFO: Weapon 2: 'EVA-3 AUTO' -> 'EVA-8 AUTO'
INFO: 
INFO: >>> Frame 003271
INFO: Player name: 'COL Reptar' -> 'COL_Reptar'
INFO: Weapon 1: 'HEMLOK'
INFO: Weapon 2: 'EVA-8 AUTO'
INFO: 
INFO: >>> Frame 003272
INFO: Player name: 'COL _Reptar' -> 'COL_Reptar'
INFO: Weapon 1: 'HEMLOK'
INFO: Weapon 2: 'EVA-8 AUTO'
INFO: 
INFO: >>> Frame 003273
INFO: Player name: 'COL Reptar' -> 'COL_Reptar'
INFO: Weapon 1: 'HEMLOK'
INFO: Weapon 2: 'EVA-8 AUTO'
INFO: 
INFO: >>> Frame 003274
INFO: Player name: 'COL_Reptar'
INFO: Weapon 1: 'HEMLOK'
INFO: Weapon 2: 'EVA-8 AUTO'
INFO: 
INFO: >>> Frame 003275
INFO: Player name: 'COL Reptar' -> 'COL_Reptar'
INFO: Weapon 1: 'HEMLOK'
INFO: Weapon 2: 'EVA-8 AUTO'
INFO: 
INFO: >>> Frame 003276
INFO: Player name: 'COL _Reptar' -> 'COL_Reptar'
INFO: Weapon 1: 'HEMLOK'
INFO: Weapon 2: 'EVA-B AUTO' -> 'EVA-8 AUTO'
INFO: 
INFO: >>> Frame 003277
INFO: Player name: 'COL Monsoon' -> 'COL_Monsoon'
INFO: Weapon 1: 'R-301'
INFO: Weapon 2: 'MASTIFF'
INFO: 
INFO: >>> Frame 003278
INFO: Player name: 'COL Monsoon' -> 'COL_Monsoon'
INFO: Weapon 1: 'R-301'
INFO: Weapon 2: 'MASTIFF'
INFO: 
INFO: >>> Frame 003279
INFO: Player name: 'COL Monsoon' -> 'COL_Monsoon'
INFO: Weapon 1: 'R-301'
INFO: Weapon 2: 'MASTIFF'
INFO: 
INFO: >>> Frame 003280
INFO: Player name: 'COL_Monsoon'
INFO: Weapon 1: 'R-301'
INFO: Weapon 2: 'MASTIFF'
INFO: 
INFO: >>> Frame 003281
INFO: Player name: 'COL_Monsoon'
INFO: Weapon 1: 'R-301'
INFO: Weapon 2: 'MASTIFF'
INFO: 
INFO: >>> Frame 003282
INFO: Player name: 'COL_Monsoon'
INFO: Weapon 1: 'R-301'
INFO: Weapon 2: 'MASTIFF'
INFO: 
INFO: >>> Frame 003283
INFO: Can't find player name end icon
INFO: 
INFO: >>> Frame 003284
INFO: Player name: 'joeyblackout'
INFO: 
INFO: >>> Frame 003285
INFO: Player name: 'Jakkinishu' -> 'Rakkinishu'
INFO: 
INFO: >>> Frame 003286
INFO: Player name: 'Rakkinishu'
INFO: Weapon 1: 'CHARGE RIFLE'
INFO: Weapon 2: 'FLATLINE'
INFO: 
INFO: >>> Frame 003287
INFO: Player name: 'Rakkinishu'
INFO: Weapon 1: 'CHARGE RIFLI' -> 'CHARGE RIFLE'
INFO: Weapon 2: 'FLATLINE'
INFO: 
INFO: >>> Frame 003288
INFO: Player name: 'Rakkinishu'
INFO: Weapon 1: 'CHARGE RIFL' -> 'CHARGE RIFLE'
INFO: Weapon 2: 'FLATLINE'
INFO: 
INFO: >>> Frame 003289
INFO: Player name: 'Rakkinishu'
INFO: Weapon 1: 'CHARGE RIFL' -> 'CHARGE RIFLE'
INFO: Weapon 2: 'FLATLINE'
INFO: 
INFO: >>> Frame 003290
INFO: Player name: 'joeyblackout'
INFO: Weapon 1: 'CHARGE RIFLI' -> 'CHARGE RIFLE'
INFO: Weapon 2: 'EVA-8 AUTO'
INFO: 
INFO: >>> Frame 003291
INFO: Player name: 'joeyblackout'
INFO: Weapon 1: 'CHARGE RIFL!' -> 'CHARGE RIFLE'
INFO: Weapon 2: 'EVA-8 AUTO'
INFO: 
INFO: >>> Frame 003292
INFO: Player name: 'joeyblackout'
INFO: Weapon 1: 'CHARGE RIFL' -> 'CHARGE RIFLE'
INFO: Weapon 2: 'EVA-38 AUTO' -> 'EVA-8 AUTO'
INFO: 
INFO: >>> Frame 003293
INFO: Player name: 'ProdigyAces'
INFO: Weapon 1: 'VOLT'
INFO: Weapon 2: 'EVA-3 AUTO' -> 'EVA-8 AUTO'
INFO: 
INFO: >>> Frame 003294
INFO: Can't find player name end icon
INFO: 
INFO: >>> Frame 003295
INFO: Can't find player name end icon
INFO: 
INFO: >>> Frame 003296
INFO: Can't find player name end icon
INFO: 
INFO: >>> Frame 003297
INFO: Can't find player name end icon
INFO: 
INFO: >>> Frame 003298
INFO: Can't find player name end icon
INFO: 
INFO: >>> Frame 003299
INFO: Can't find player name end icon
INFO: 
INFO: >>> Frame 003300
INFO: Can't find player name end icon
INFO: 
INFO: >>> Frame 003301
INFO: Player name: 'BlurrFlavorz_RX'
INFO: Weapon 1: 'VOLT'
INFO: Weapon 2: 'EVA-8 AUTO'
INFO: 
INFO: >>> Frame 003302
INFO: Player name: 'BlurrFlavorz_RX'
INFO: Weapon 1: 'VOLT'
INFO: Weapon 2: 'EVA-8 AUTO'
INFO: 
INFO: >>> Frame 003303
INFO: Player name: 'BlurrFlavorz_RX'
INFO: Weapon 1: 'VOLT'
INFO: Weapon 2: 'EVA-8 AUTO'
INFO: 
INFO: >>> Frame 003304
INFO: Player name: 'BlurrFlavarz_RXx' -> 'BlurrFlavorz_RX'
INFO: Weapon 1: 'VOLT'
INFO: Weapon 2: 'EVA-@ AUTO' -> 'EVA-8 AUTO'
INFO: 
INFO: >>> Frame 003305
INFO: Player name: 'BlurrFlavarz_RXx' -> 'BlurrFlavorz_RX'
INFO: Weapon 1: 'VOLT'
INFO: Weapon 2: 'EVA-B AUTO' -> 'EVA-8 AUTO'
INFO: 
INFO: >>> Frame 003306
INFO: Player name: 'BlurrFlavarz_RX' -> 'BlurrFlavorz_RX'
INFO: Weapon 1: 'VOLT'
INFO: Weapon 2: 'EVA-8 AUTO'
INFO: 
INFO: >>> Frame 003307
INFO: Player name: 'BlurrFlavorz_RX'
INFO: Weapon 1: 'VOLT'
INFO: Weapon 2: 'EVA-B AUTO' -> 'EVA-8 AUTO'
INFO: 
INFO: >>> Frame 003308
INFO: Player name: 'BlurrFlavorz_RX'
INFO: Weapon 1: 'VOLT'
INFO: Weapon 2: 'EVA-8 AUTO'
INFO: 
INFO: >>> Frame 003309
INFO: Player name: 'BlurrFlavarz_RX' -> 'BlurrFlavorz_RX'
INFO: Weapon 1: 'VOLT'
INFO: Weapon 2: 'EVA-8 AUTO'
INFO: 
INFO: >>> Frame 003310
INFO: Player name: 'BlurrFlavorz_ RX' -> 'BlurrFlavorz_RX'
INFO: Weapon 1: 'VOLT'
INFO: Weapon 2: 'EVA-B AUTO' -> 'EVA-8 AUTO'
INFO: 
INFO: >>> Frame 003311
INFO: Player name: 'COL Reptar' -> 'COL_Reptar'
INFO: Weapon 1: 'HEMLOK'
INFO: Weapon 2: 'EVA-8 AUTO'
INFO: 
INFO: >>> Frame 003312
INFO: Player name: 'COL Reptar' -> 'COL_Reptar'
INFO: Weapon 1: 'HEMLOK:' -> 'HEMLOK'
INFO: Weapon 2: 'EVA-3 AUTO' -> 'EVA-8 AUTO'
INFO: 
INFO: >>> Frame 003313
INFO: Player name: 'COL_Reptar'
INFO: Weapon 1: 'HEMLOK.' -> 'HEMLOK'
INFO: Weapon 2: 'EVA-8 AUTO'
INFO: 
INFO: >>> Frame 003314
INFO: Player name: 'COL_Reptar'
INFO: Weapon 1: 'HEMLOK'
INFO: Weapon 2: 'EVA-8 AUTO'
INFO: 
INFO: >>> Frame 003315
INFO: Player name: 'COL_Reptar'
INFO: Weapon 1: 'HEMLOK'
INFO: Weapon 2: 'EVA-B AUTO' -> 'EVA-8 AUTO'
INFO: 
INFO: >>> Frame 003316
INFO: Can't find player name end icon
INFO: 
INFO: >>> Frame 003317
INFO: Can't find player name end icon
INFO: 
INFO: >>> Frame 003318
INFO: Can't find player name end icon
INFO: 
INFO: >>> Frame 003319
INFO: Can't find player name end icon
INFO: 
INFO: >>> Frame 003320
INFO: Player name: 'CDL_Reptar' -> 'COL_Reptar'
INFO: Weapon 1: 'HEMLOK'
INFO: Weapon 2: 'EVA-3 AUTO' -> 'EVA-8 AUTO'
INFO: 
INFO: >>> Frame 003321
INFO: Player name: 'COL_Reptar'
INFO: Weapon 1: 'HEMLOK'
INFO: Weapon 2: 'EVA-B AUTO' -> 'EVA-8 AUTO'
INFO: 
INFO: >>> Frame 003322
INFO: Player name: 'COL Monsoon' -> 'COL_Monsoon'
INFO: Weapon 1: 'R-301'
INFO: Weapon 2: 'MASTIFF'
INFO: 
INFO: >>> Frame 003323
INFO: Player name: 'COL Monsoon' -> 'COL_Monsoon'
INFO: Weapon 1: 'R-301'
INFO: Weapon 2: 'MASTIFF'
INFO: 
INFO: >>> Frame 003324
INFO: Player name: 'COL_Monsoon'
INFO: Weapon 1: 'R-301'
INFO: Weapon 2: 'MASTIFF'
INFO: 
INFO: >>> Frame 003325
INFO: Player name: 'COL_Monsoon'
INFO: Weapon 1: 'R-301'
INFO: Weapon 2: 'MASTIFF'
INFO: 
INFO: >>> Frame 003326
INFO: Player name: 'COL_Monsoon'
INFO: Weapon 1: 'R-301'
INFO: Weapon 2: 'MASTIFF'
INFO: 
INFO: >>> Frame 003327
INFO: Player name: 'COL_Monsoon'
INFO: Weapon 1: 'R-301'
INFO: Weapon 2: 'MASTIFF'
INFO: 
INFO: >>> Frame 003328
INFO: Can't find player name end icon
INFO: 
INFO: >>> Frame 003329
INFO: Can't find player name end icon
INFO: 
INFO: >>> Frame 003330
INFO: Can't find player name end icon
INFO: 
INFO: >>> Frame 003331
INFO: Player name: 'COL Monsoon' -> 'COL_Monsoon'
INFO: Weapon 1: 'R-301'
INFO: Weapon 2: 'MASTIFF'
INFO: 
INFO: >>> Frame 003332
INFO: Player name: 'COL iShiny' -> 'COL_iShiny'
INFO: Weapon 1: 'TRIPLE TAKE'
INFO: Weapon 2: 'MASTIFF'
INFO: 
INFO: >>> Frame 003333
INFO: Player name: 'COL Reptar' -> 'COL_Reptar'
INFO: Weapon 1: 'HEMLOK'
INFO: Weapon 2: 'EVA-B AUTO' -> 'EVA-8 AUTO'
INFO: 
INFO: >>> Frame 003334
INFO: Player name: 'COL _Reptar' -> 'COL_Reptar'
INFO: Weapon 1: 'HEMLOK'
INFO: Weapon 2: 'EVA-3 AUTO' -> 'EVA-8 AUTO'
INFO: 
INFO: >>> Frame 003335
INFO: Player name: 'COL_Reptar'
INFO: Weapon 1: 'HEMLOK'
INFO: Weapon 2: 'EVA-B AUTO' -> 'EVA-8 AUTO'
INFO: 
INFO: >>> Frame 003336
INFO: Player name: 'COL_Reptar'
INFO: Weapon 1: 'HEMLOK'
INFO: Weapon 2: 'EVA-8 AUTO'
INFO: 
INFO: >>> Frame 003337
INFO: Player name: 'COL_Reptar'
INFO: Weapon 1: 'HEMLOK'
INFO: Weapon 2: 'EVA-38 AUTO' -> 'EVA-8 AUTO'
INFO: 
INFO: >>> Frame 003338
INFO: Player name: 'COL Reptar' -> 'COL_Reptar'
INFO: Weapon 1: 'HEMLOK'
INFO: Weapon 2: 'EVA-2 AUTO' -> 'EVA-8 AUTO'
INFO: 
INFO: >>> Frame 003339
INFO: Player name: 'COL Reptar' -> 'COL_Reptar'
INFO: Weapon 1: 'HEMLOK.' -> 'HEMLOK'
INFO: Weapon 2: 'EVA-8 AUTO'
INFO: 
INFO: >>> Frame 003340
INFO: Player name: 'COL Reptar' -> 'COL_Reptar'
INFO: Weapon 1: 'HEMLOK'
INFO: Weapon 2: 'EVA-8 AUTO'
INFO: 
INFO: >>> Frame 003341
INFO: Player name: 'COL Reptar' -> 'COL_Reptar'
INFO: Weapon 1: 'HEMLOK'
INFO: Weapon 2: 'EVA-3 AUTO' -> 'EVA-8 AUTO'
INFO: 
INFO: >>> Frame 003342
INFO: Player name: 'COL_Reptar'
INFO: Weapon 1: 'HEMLOK'
INFO: Weapon 2: 'EVA-38 AUTO' -> 'EVA-8 AUTO'
INFO: 
INFO: >>> Frame 003343
INFO: Player name: 'COL_Reptar'
INFO: Weapon 1: 'HEMLOK'
INFO: Weapon 2: 'EV4-3 AUTO' -> 'EVA-8 AUTO'
INFO: 
INFO: >>> Frame 003344
INFO: Player name: 'COL Reptar' -> 'COL_Reptar'
INFO: Weapon 1: 'HEMLOK'
INFO: Weapon 2: 'EVA-B AUTO' -> 'EVA-8 AUTO'
INFO: 
INFO: >>> Frame 003345
INFO: Player name: 'COL Reptar' -> 'COL_Reptar'
INFO: Weapon 1: 'HEMLOK'
INFO: Weapon 2: 'EVA-8 AUTO'
INFO: 
INFO: >>> Frame 003346
INFO: Player name: 'COL_Reptar'
INFO: Weapon 1: 'HEMLOK'
INFO: Weapon 2: 'EVA-3 AUTO' -> 'EVA-8 AUTO'
INFO: 
INFO: >>> Frame 003347
INFO: Player name: 'COL_Reptar'
INFO: Weapon 1: 'HEMLOK'
INFO: Weapon 2: 'EVA-8 AUTO'
INFO: 
INFO: >>> Frame 003348
INFO: Player name: 'COL Reptar' -> 'COL_Reptar'
INFO: Weapon 1: 'HEMLOK'
INFO: Weapon 2: 'EVA-38 AUTO' -> 'EVA-8 AUTO'
INFO: 
INFO: >>> Frame 003349
INFO: Can't find player name end icon
INFO: 
INFO: >>> Frame 003350
INFO: Can't find player name end icon
INFO: 
INFO: >>> Frame 003351
INFO: Can't find player name end icon
INFO: 
INFO: >>> Frame 003352
INFO: Player name: '“COL Monsoon' -> 'COL_Monsoon'
INFO: Weapon 1: 'R-301'
INFO: Weapon 2: 'MASTIFF'
INFO: 
INFO: >>> Frame 003353
INFO: Player name: 'COL_Monsoon'
INFO: Weapon 1: 'R-301'
INFO: Weapon 2: 'MASTIFF'
INFO: 
INFO: >>> Frame 003354
INFO: Player name: 'COL Monsoon' -> 'COL_Monsoon'
INFO: Weapon 1: 'R-301'
INFO: Weapon 2: 'MASTIFF'
INFO: 
INFO: >>> Frame 003355
INFO: Player name: 'COL Monsoon' -> 'COL_Monsoon'
INFO: Weapon 1: 'R-301'
INFO: Weapon 2: 'MASTIFF'
INFO: 
INFO: >>> Frame 003356
INFO: Player name: '“COL Mansoor' -> 'COL_Monsoon'
INFO: Weapon 1: 'R-301'
INFO: Weapon 2: 'MASTIFF'
INFO: 
INFO: >>> Frame 003357
INFO: Player name: 'COL IShiny' -> 'COL_iShiny'
INFO: Weapon 1: 'TRIPLE TAKE'
INFO: Weapon 2: 'MASTIFF'
INFO: 
INFO: >>> Frame 003358
INFO: Player name: ', COL iShiny' -> 'COL_iShiny'
INFO: Weapon 1: 'TRIPLE TAKE'
INFO: Weapon 2: 'MASTIFF'
INFO: 
INFO: >>> Frame 003359
INFO: Player name: 'COL Shiny' -> 'COL_iShiny'
INFO: Weapon 1: 'TRIPLE TAKE'
INFO: Weapon 2: 'MASTIFF'
INFO: 
INFO: >>> Frame 003360
INFO: Player name: 'COL iShiny' -> 'COL_iShiny'
INFO: Weapon 1: 'TRIPLE TAKE'
INFO: Weapon 2: 'MASTIFF'
INFO: 
INFO: >>> Frame 003361
INFO: Player name: ', COLiShiny' -> 'COL_iShiny'
INFO: Weapon 1: 'TRIPLE TAKE'
INFO: Weapon 2: 'MASTIFF'
INFO: 
INFO: >>> Frame 003362
INFO: Player name: 'COL. iShiny' -> 'COL_iShiny'
INFO: Weapon 1: 'TRIPLE TAKE'
INFO: Weapon 2: 'MASTIFF'
INFO: 
INFO: >>> Frame 003363
INFO: Player name: 'COL Reptar' -> 'COL_Reptar'
INFO: Weapon 1: 'HEMLOK'
INFO: Weapon 2: 'EVA-B AUTO' -> 'EVA-8 AUTO'
INFO: 
INFO: >>> Frame 003364
INFO: Player name: 'COL Reptar' -> 'COL_Reptar'
INFO: Weapon 1: 'HEMLOK'
INFO: Weapon 2: 'EVA-8 AUTO'
INFO: 
INFO: >>> Frame 003365
INFO: Player name: 'COL Reptar' -> 'COL_Reptar'
INFO: Weapon 1: 'HEMLOK'
INFO: Weapon 2: 'EVA-3 AUTO' -> 'EVA-8 AUTO'
INFO: 
INFO: >>> Frame 003366
INFO: Player name: 'COL Reptar' -> 'COL_Reptar'
INFO: Weapon 1: 'HEMLOK'
INFO: Weapon 2: 'EVA-3 AUTO' -> 'EVA-8 AUTO'
INFO: 
INFO: >>> Frame 003367
INFO: Player name: 'COL Reptar' -> 'COL_Reptar'
INFO: Weapon 1: 'HEMLOK'
INFO: Weapon 2: 'EVA-8 AUTO'
INFO: 
INFO: >>> Frame 003368
INFO: Unknown player: ' ' (best guess: 'CLT Pride', 0.89)
INFO: 
INFO: >>> Frame 003369
INFO: Player name: 'COL_Reptar'
INFO: Weapon 1: 'HEMLOK'
INFO: Weapon 2: 'EVA-B AUTO' -> 'EVA-8 AUTO'
INFO: 
INFO: >>> Frame 003370
INFO: Player name: '“COL Reptar' -> 'COL_Reptar'
INFO: Weapon 1: 'HEMLOK'
INFO: Weapon 2: 'EVA-B AUTO' -> 'EVA-8 AUTO'
INFO: 
INFO: >>> Frame 003371
INFO: Player name: 'OU Reptar' -> 'COL_Reptar'
INFO: Weapon 1: 'HEMLOK'
INFO: Weapon 2: 'EVA-B AUTO' -> 'EVA-8 AUTO'
INFO: 
INFO: >>> Frame 003372
INFO: Player name: 'COL Reptar,' -> 'COL_Reptar'
INFO: Weapon 1: 'HEMLOK'
INFO: Weapon 2: 'EVA-8 AUTO'
INFO: 
INFO: >>> Frame 003373
INFO: Player name: 'COREptar' -> 'COL_Reptar'
INFO: Weapon 1: 'HEMLOK'
INFO: Weapon 2: 'EVA-8 AUTO'
INFO: 
INFO: >>> Frame 003374
INFO: Player name: 'COL_Reptar'
INFO: Weapon 1: 'HEMLOK'
INFO: Weapon 2: 'EVA-8 AUTO'
INFO: 
INFO: >>> Frame 003375
INFO: Player name: '‘COL _Reptar' -> 'COL_Reptar'
INFO: Weapon 1: 'HEMLOK'
INFO: Weapon 2: 'EVA-8 AUTO'
INFO: 
INFO: >>> Frame 003376
INFO: Player name: 'COL Reptar' -> 'COL_Reptar'
INFO: Weapon 1: 'HEMLOK'
INFO: Weapon 2: 'EVA-3 AUTO' -> 'EVA-8 AUTO'
INFO: 
INFO: >>> Frame 003377
INFO: Player name: 'COL_Reptar'
INFO: Weapon 1: 'HEMLOK'
INFO: Weapon 2: 'EVA-8 AUTO'
INFO: 
INFO: >>> Frame 003378
INFO: Player name: 'COL Reptar' -> 'COL_Reptar'
INFO: Weapon 1: 'HEMLOK'
INFO: Weapon 2: 'EVA-8 AUTO'
INFO: 
INFO: >>> Frame 003379
INFO: Player name: 'COL_Monsoon'
INFO: Weapon 1: 'R-401' -> 'R-301'
INFO: Weapon 2: 'MASTIFF'
INFO: 
INFO: >>> Frame 003380
INFO: Unknown player: '“COLMon:' (best guess: 'COL_Monsoon', 0.55)
INFO: 
INFO: >>> Frame 003381
INFO: Player name: 'COL_Monsoon'
INFO: Weapon 1: 'R-301'
INFO: Weapon 2: 'MASTIFF'
INFO: 
INFO: >>> Frame 003382
INFO: Player name: '‘COL Monsoon' -> 'COL_Monsoon'
INFO: Weapon 1: 'R-301'
INFO: Weapon 2: 'MASTIFF'
INFO: 
INFO: >>> Frame 003383
INFO: Player name: 'COL Monsoon' -> 'COL_Monsoon'
INFO: Weapon 1: 'R-401' -> 'R-301'
INFO: Weapon 2: 'MASTIFF'
INFO: 
INFO: >>> Frame 003384
INFO: Player name: 'COL Monsoon' -> 'COL_Monsoon'
INFO: Weapon 1: 'R-301'
INFO: Weapon 2: 'MASTIFF'
INFO: 
INFO: >>> Frame 003385
INFO: Player name: 'COL. Monsoon' -> 'COL_Monsoon'
INFO: Weapon 1: 'R-301'
INFO: Weapon 2: 'MASTIFF'
INFO: 
INFO: >>> Frame 003386
INFO: Player name: 'COL AShiny' -> 'COL_iShiny'
INFO: Weapon 1: 'TRIPLE TAKE'
INFO: Weapon 2: 'MASTIFF'
INFO: 
INFO: >>> Frame 003387
INFO: Player name: '|\nCOL IShiny.' -> 'COL_iShiny'
INFO: Weapon 1: 'TRIPLE TAKE'
INFO: Weapon 2: 'MASTIFF'
INFO: 
INFO: >>> Frame 003388
INFO: Player name: 'COL iShiny' -> 'COL_iShiny'
INFO: Weapon 1: 'TRIPLE TAKE'
INFO: Weapon 2: 'MASTIFF'
INFO: 
INFO: >>> Frame 003389
INFO: Player name: 'COL, Repter' -> 'COL_Reptar'
INFO: Weapon 1: 'TRIPLE TAKE'
INFO: Weapon 2: 'MASTIFF'
INFO: 
INFO: >>> Frame 003390
INFO: Player name: 'COL Reptar' -> 'COL_Reptar'
INFO: Weapon 1: 'HEMLOK'
INFO: Weapon 2: 'EVA-8 AUTO'
INFO: 
INFO: >>> Frame 003391
INFO: Player name: 'COL_Reptar'
INFO: Weapon 1: 'HEMLOK'
INFO: Weapon 2: 'EVA-8 AUTO'
INFO: 
INFO: >>> Frame 003392
INFO: Player name: 'COL _Reptar' -> 'COL_Reptar'
INFO: Weapon 1: 'HEMLOK'
INFO: Weapon 2: 'EVA-8 AUTO'
INFO: 
INFO: >>> Frame 003393
INFO: Player name: 'COL_Reptar'
INFO: Weapon 1: 'HEMLOK'
INFO: Weapon 2: 'EVA-8 AUTO'
INFO: 
INFO: >>> Frame 003394
INFO: Player name: 'COL Reptar' -> 'COL_Reptar'
INFO: Weapon 1: 'HEMLOK'
INFO: Weapon 2: 'EVA-8 AUTO'
INFO: 
INFO: >>> Frame 003395
INFO: Player name: 'COL_Reptar'
INFO: Weapon 1: 'HEMLOK'
INFO: Weapon 2: 'EVA-38 AUTO' -> 'EVA-8 AUTO'
INFO: 
INFO: >>> Frame 003396
INFO: Player name: 'COL Reptar' -> 'COL_Reptar'
INFO: Weapon 1: 'HEMLOK'
INFO: Weapon 2: 'EVA-8 AUTO'
INFO: 
INFO: >>> Frame 003397
INFO: Player name: 'COL _Reptar' -> 'COL_Reptar'
INFO: Weapon 1: 'HEMLOK'
INFO: Weapon 2: 'EVA-B AUTO' -> 'EVA-8 AUTO'
INFO: 
INFO: >>> Frame 003398
INFO: Player name: 'Reps_TSM'
INFO: Weapon 1: 'MASTIFF'
INFO: Weapon 2: 'LONGBOW'
INFO: 
INFO: >>> Frame 003399
INFO: Player name: 'Reps_TSM'
INFO: Weapon 1: 'MASTIFF'
INFO: Weapon 2: 'LONGBOW'
INFO: 
INFO: >>> Frame 003400
INFO: Player name: 'Reps TSM' -> 'Reps_TSM'
INFO: Weapon 1: 'MASTIFF'
INFO: Weapon 2: 'LONGBOW'
INFO: 
INFO: >>> Frame 003401
INFO: Player name: 'Reps TSM' -> 'Reps_TSM'
INFO: Weapon 1: 'MASTIFF'
INFO: Weapon 2: 'LONGBOW'
INFO: 
INFO: >>> Frame 003402
INFO: Player name: 'Reps_TSM'
INFO: Weapon 1: 'MASTIFF'
INFO: Weapon 2: 'LONGBOW'
INFO: 
INFO: >>> Frame 003403
INFO: 
INFO: >>> Frame 003404
INFO: Unknown player: ' ' (best guess: 'CLT Pride', 0.89)
INFO: 
INFO: >>> Frame 003405
INFO: Player name: 'snipscown EW' -> 'Snip3down_EW'
INFO: Weapon 1: 'G7 SCOUT'
INFO: Weapon 2: 'VOLT'
INFO: 
INFO: >>> Frame 003406
INFO: Player name: 'snipacown EW.' -> 'Snip3down_EW'
INFO: Weapon 1: 'G7 SCOUT'
INFO: Weapon 2: 'VOLT'
INFO: 
INFO: >>> Frame 003407
INFO: Player name: 'snipscown EW' -> 'Snip3down_EW'
INFO: Weapon 1: 'G7 SCOUT'
INFO: Weapon 2: 'VOLT'
INFO: 
INFO: >>> Frame 003408
INFO: Player name: 'Snipacown EW' -> 'Snip3down_EW'
INFO: Weapon 1: 'G7 SCOUT'
INFO: Weapon 2: 'VOLT'
INFO: 
INFO: >>> Frame 003409
INFO: Player name: 'onipsgown EW' -> 'Snip3down_EW'
INFO: Weapon 1: 'G7 SCOUT'
INFO: Weapon 2: 'VOLT'
INFO: 
INFO: >>> Frame 003410
INFO: Player name: 'TSM ImperialHal' -> 'TSM_ImperialHa1'
INFO: Weapon 1: 'HEMLOK'
INFO: Weapon 2: 'VOLT'
INFO: 
INFO: >>> Frame 003411
INFO: Player name: 'TSM_ImperiatHal' -> 'TSM_ImperialHa1'
INFO: Weapon 1: 'HEMLOK'
INFO: Weapon 2: '¥VOLT' -> 'VOLT'
INFO: 
INFO: >>> Frame 003412
INFO: Player name: 'TSM_ImperialHal' -> 'TSM_ImperialHa1'
INFO: Weapon 1: 'HEMLOK'
INFO: Weapon 2: 'VOLT'
INFO: 
INFO: >>> Frame 003413
INFO: Player name: 'TSM_ImperialHal' -> 'TSM_ImperialHa1'
INFO: Weapon 1: 'HEMLOK'
INFO: Weapon 2: 'VOLT'
INFO: 
INFO: >>> Frame 003414
INFO: Player name: 'TSM _ImperialHal' -> 'TSM_ImperialHa1'
INFO: Weapon 1: 'HEMLOK'
INFO: Weapon 2: 'VOLT'
INFO: 
INFO: >>> Frame 003415
INFO: Player name: 'TSM ImperialHal' -> 'TSM_ImperialHa1'
INFO: Weapon 1: 'HEMLOK'
INFO: Weapon 2: 'YOLT' -> 'VOLT'
INFO: 
INFO: >>> Frame 003416
INFO: Player name: 'TSM_ImperialHal' -> 'TSM_ImperialHa1'
INFO: Weapon 1: 'HEMLOK'
INFO: Weapon 2: 'VOLT'
INFO: 
INFO: >>> Frame 003417
INFO: Player name: 'TSM _ImperialHal' -> 'TSM_ImperialHa1'
INFO: Weapon 1: 'HEMLOK'
INFO: Weapon 2: 'VOLT'
INFO: 
INFO: >>> Frame 003418
INFO: Player name: 'TSM _ImperialHal' -> 'TSM_ImperialHa1'
INFO: Weapon 1: 'HEMLOK.' -> 'HEMLOK'
INFO: Weapon 2: 'VOLT'
INFO: 
INFO: >>> Frame 003419
INFO: Unknown player: ' ' (best guess: 'CLT Pride', 0.89)
INFO: 
INFO: >>> Frame 003420
INFO: Player name: 'TSM_Imperisiial' -> 'TSM_ImperialHa1'
INFO: Weapon 1: 'HEMLOK'
INFO: Weapon 2: 'VOLT'
INFO: 
INFO: >>> Frame 003421
INFO: Unknown player: 'TSM Imipe alee:' (best guess: 'TSM_ImperialHa1', 0.47)
INFO: 
INFO: >>> Frame 003422
INFO: Player name: 'TSM _ImperialHal' -> 'TSM_ImperialHa1'
INFO: Weapon 1: 'HEMLOK'
INFO: Weapon 2: 'VOLT'
INFO: 
INFO: >>> Frame 003423
INFO: Player name: 'TSM_ImperialHal' -> 'TSM_ImperialHa1'
INFO: Weapon 1: 'HEMLOK'
INFO: Weapon 2: 'VOLT'
INFO: 
INFO: >>> Frame 003424
INFO: Player name: 'TSMimperiaitas' -> 'TSM_ImperialHa1'
INFO: Weapon 1: 'HEMLOK'
INFO: Weapon 2: 'VOLT'
INFO: 
INFO: >>> Frame 003425
INFO: Player name: 'TSM _ImperialHal' -> 'TSM_ImperialHa1'
INFO: Weapon 1: 'HEMLOK'
INFO: Weapon 2: 'VOLT'
INFO: 
INFO: >>> Frame 003426
INFO: Player name: 'Reps TSM' -> 'Reps_TSM'
INFO: Weapon 1: 'MASTIFF'
INFO: Weapon 2: 'LONGBOW'
INFO: 
INFO: >>> Frame 003427
INFO: Unknown player: ' ' (best guess: 'CLT Pride', 0.89)
INFO: 
INFO: >>> Frame 003428
INFO: Player name: 'Reps TSM' -> 'Reps_TSM'
INFO: Weapon 1: 'MASTIFF'
INFO: Weapon 2: 'LONGBOW'
INFO: 
INFO: >>> Frame 003429
INFO: Player name: '. Reps TSM' -> 'Reps_TSM'
INFO: Weapon 1: 'MASTIFF'
INFO: Weapon 2: 'LONGBOW'
INFO: 
INFO: >>> Frame 003430
INFO: Unknown player: 'wa.\n. Reps.TSM;' (best guess: 'Reps_TSM', 0.53)
INFO: 
INFO: >>> Frame 003431
INFO: 
INFO: >>> Frame 003432
INFO: Player name: '“Reps. TSM' -> 'Reps_TSM'
INFO: Weapon 1: 'MASTIFF'
INFO: Weapon 2: 'LONGBOW'
INFO: 
INFO: >>> Frame 003433
INFO: Player name: 'TSM_Iriperialtial' -> 'TSM_ImperialHa1'
INFO: Weapon 1: 'HEMLOK'
INFO: Weapon 2: 'VOLT'
INFO: 
INFO: >>> Frame 003434
INFO: Unknown player: ' ' (best guess: 'CLT Pride', 0.89)
INFO: 
INFO: >>> Frame 003435
INFO: Player name: 'TSM_ImperialHal' -> 'TSM_ImperialHa1'
INFO: Weapon 1: 'HEMLOK'
INFO: Weapon 2: 'VOLT'
INFO: 
INFO: >>> Frame 003436
INFO: Player name: 'TSM _ImperialHal' -> 'TSM_ImperialHa1'
INFO: Weapon 1: 'HEMLOK.' -> 'HEMLOK'
INFO: Weapon 2: 'VOLT'
INFO: 
INFO: >>> Frame 003437
INFO: Player name: 'TSMlimperialHal' -> 'TSM_ImperialHa1'
INFO: Weapon 1: 'HEMLOK'
INFO: Weapon 2: 'VOLT'
INFO: 
INFO: >>> Frame 003438
INFO: Player name: 'TSM ImperialHal' -> 'TSM_ImperialHa1'
INFO: Weapon 1: 'HEMLOK'
INFO: Weapon 2: 'VOLT'
INFO: 
INFO: >>> Frame 003439
INFO: Player name: 'TSM_ImperialHal' -> 'TSM_ImperialHa1'
INFO: Weapon 1: 'HEMLOK'
INFO: Weapon 2: 'VOLT'
INFO: 
INFO: >>> Frame 003440
INFO: Player name: 'TSM _ImperiatHal' -> 'TSM_ImperialHa1'
INFO: Weapon 1: 'HEMLOK'
INFO: Weapon 2: 'VOLT'
INFO: 
INFO: >>> Frame 003441
INFO: Player name: 'COL_Monsoon'
INFO: Weapon 1: 'R-301'
INFO: Weapon 2: 'MASTIFF'
INFO: 
INFO: >>> Frame 003442
INFO: Player name: '“COL Monsoon' -> 'COL_Monsoon'
INFO: Weapon 1: 'R-301'
INFO: Weapon 2: 'MASTIFF'
INFO: 
INFO: >>> Frame 003443
INFO: Can't find player name end icon
INFO: 
INFO: >>> Frame 003444
INFO: Can't find player name end icon
INFO: 
INFO: >>> Frame 003445
INFO: Can't find player name end icon
INFO: 
INFO: >>> Frame 003446
INFO: Player name: 'NRG_rocker'
INFO: Weapon 1: 'R-301'
INFO: Weapon 2: 'EVA-8 AUTO'
INFO: 
INFO: >>> Frame 003447
INFO: Player name: 'NRG rocker' -> 'NRG_rocker'
INFO: Weapon 1: 'R-30)' -> 'R-301'
INFO: Weapon 2: 'EVA-d AUTO' -> 'EVA-8 AUTO'
INFO: 
INFO: >>> Frame 003448
INFO: Player name: 'NRG_nafen'
INFO: Weapon 1: 'SPITFIRE'
INFO: Weapon 2: 'TRIPLE TAKE'
INFO: 
INFO: >>> Frame 003449
INFO: Player name: 'NRG_nafen'
INFO: Weapon 1: 'SPITFIRE'
INFO: Weapon 2: 'TRIPLE TAKE'
INFO: 
INFO: >>> Frame 003450
INFO: Player name: 'NRG_nafen'
INFO: Weapon 1: 'SPITFIRE'
INFO: Weapon 2: 'TRIPLE TAKE'
INFO: 
INFO: >>> Frame 003451
INFO: Player name: 'NRG_nafen'
INFO: Weapon 1: 'SPITFIRE'
INFO: Weapon 2: 'TRIPLE TAKE'
INFO: 
INFO: >>> Frame 003452
INFO: Player name: 'NRG_nafen'
INFO: Weapon 1: 'SPITFIRE'
INFO: Weapon 2: 'TRIPLE TAKE'
INFO: 
INFO: >>> Frame 003453
INFO: Player name: 'INRG_nafen' -> 'NRG_nafen'
INFO: Weapon 1: 'SPITFIRE'
INFO: Weapon 2: 'TRIPLE TAKE'
INFO: 
INFO: >>> Frame 003454
INFO: Player name: 'NRG_nafen'
INFO: Weapon 1: 'SPITFIRE:' -> 'SPITFIRE'
INFO: Weapon 2: 'TRIPLE TAKE'
INFO: 
INFO: >>> Frame 003455
INFO: Player name: 'NRG_nafen'
INFO: Weapon 1: 'SPITFIRE'
INFO: Weapon 2: 'TRIPLE TAKE'
INFO: 
INFO: >>> Frame 003456
INFO: Player name: 'NRG_nafen'
INFO: Weapon 1: 'SPITFIRE'
INFO: Weapon 2: 'TRIPLE TAKE'
INFO: 
INFO: >>> Frame 003457
INFO: Player name: 'NRG_nafen'
INFO: Weapon 1: 'SPITFIRE'
INFO: Weapon 2: 'TRIPLE TAKE'
INFO: 
INFO: >>> Frame 003458
INFO: Player name: 'NRAG_nafen' -> 'NRG_nafen'
INFO: Weapon 1: 'SPITFIRE'
INFO: Weapon 2: 'TRIPLE TAKE'
INFO: 
INFO: >>> Frame 003459
INFO: Player name: 'NRG_nafen'
INFO: Weapon 1: 'SPITFIRE'
INFO: Weapon 2: 'TRIPLE TAKE'
INFO: 
INFO: >>> Frame 003460
INFO: Player name: 'NRG_nafen'
INFO: Weapon 1: 'SPITFIRE.' -> 'SPITFIRE'
INFO: Weapon 2: 'TRIPLE TAKE'
INFO: 
INFO: >>> Frame 003461
INFO: Player name: 'NRG_nafen'
INFO: Weapon 1: 'SPITFIRE'
INFO: Weapon 2: 'TRIPLE TAKE'
INFO: 
INFO: >>> Frame 003462
INFO: Player name: 'NRG_nafen'
INFO: Weapon 1: 'SPITFIRE'
INFO: Weapon 2: 'TRIPLE TAKE'
INFO: 
INFO: >>> Frame 003463
INFO: Player name: 'NRG Sweet Rank 1' -> 'NRG_Sweet_Rank_1'
INFO: Weapon 1: 'HEMLOK'
INFO: Weapon 2: 'EVA-B AUTO' -> 'EVA-8 AUTO'
INFO: 
INFO: >>> Frame 003464
INFO: Player name: 'Reps TSM' -> 'Reps_TSM'
INFO: Weapon 1: 'MASTIFF'
INFO: Weapon 2: 'LONGBOW'
INFO: 
INFO: >>> Frame 003465
INFO: Player name: 'TSM _ImperialHal' -> 'TSM_ImperialHa1'
INFO: Weapon 1: 'HEMLOK'
INFO: Weapon 2: 'VOLT'
INFO: 
INFO: >>> Frame 003466
INFO: Player name: 'snipdsdown_EW' -> 'Snip3down_EW'
INFO: Weapon 1: 'G7 SCOUT'
INFO: Weapon 2: 'VOLT'
INFO: 
INFO: >>> Frame 003467
INFO: Player name: 'onipjdown_EW' -> 'Snip3down_EW'
INFO: Weapon 1: 'G7 SCOUT'
INFO: Weapon 2: 'VOLT'
INFO: 
INFO: >>> Frame 003468
INFO: Can't find player name end icon
INFO: 
INFO: >>> Frame 003469
INFO: Can't find player name end icon
INFO: 
INFO: >>> Frame 003470
INFO: Can't find player name end icon
INFO: 
INFO: >>> Frame 003471
INFO: Can't find player name end icon
INFO: 
INFO: >>> Frame 003472
INFO: Can't find player name end icon
INFO: 
INFO: >>> Frame 003473
INFO: Can't find player name end icon
INFO: 
INFO: >>> Frame 003474
INFO: Can't find player name end icon
INFO: 
INFO: >>> Frame 003475
INFO: Can't find player name end icon
INFO: 
INFO: >>> Frame 003476
INFO: Player name: 'sF _zachmazer' -> 'sF_zachmazer'
INFO: Weapon 1: 'EVA-B AUTO' -> 'EVA-8 AUTO'
INFO: Weapon 2: 'R-301'
INFO: 
INFO: >>> Frame 003477
INFO: Player name: 'sF _zachmazer' -> 'sF_zachmazer'
INFO: Weapon 1: 'EVA-8 AUTO'
INFO: Weapon 2: 'R-301'
INFO: 
INFO: >>> Frame 003478
INFO: Player name: 'sF_zachmazer'
INFO: Weapon 1: 'EVA-@ AUTO' -> 'EVA-8 AUTO'
INFO: Weapon 2: 'R-301'
INFO: 
INFO: >>> Frame 003479
INFO: Player name: 'StayNaughty'
INFO: Weapon 1: 'EVA-8 AUTO'
INFO: Weapon 2: '30-30 REPEATE!' -> '30-30 REPEATER'
INFO: 
INFO: >>> Frame 003480
INFO: Player name: 'CLG ImMadness'
INFO: Weapon 1: 'R-301'
INFO: Weapon 2: 'EVA-8 AUTO'
INFO: 
INFO: >>> Frame 003481
INFO: Player name: 'CLG ImMadness'
INFO: Weapon 1: 'R-301'
INFO: Weapon 2: 'EVA-38 AUTO' -> 'EVA-8 AUTO'
INFO: 
INFO: >>> Frame 003482
INFO: Player name: 'CLG ImMadness'
INFO: Weapon 1: 'R-301'
INFO: Weapon 2: 'EVA-3 AUTO' -> 'EVA-8 AUTO'
INFO: 
INFO: >>> Frame 003483
INFO: Player name: 'CLG ImMadness'
INFO: Weapon 1: 'R-301'
INFO: Weapon 2: 'EVA-38 AUTO' -> 'EVA-8 AUTO'
INFO: 
INFO: >>> Frame 003484
INFO: Player name: 'CLG ImMadness'
INFO: Weapon 1: 'R-301'
INFO: Weapon 2: 'EVA-8 AUTO'
INFO: 
INFO: >>> Frame 003485
INFO: Player name: 'CLG ImMadness'
INFO: Weapon 1: 'R-301'
INFO: Weapon 2: 'EVA-3 AUTO' -> 'EVA-8 AUTO'
INFO: 
INFO: >>> Frame 003486
INFO: Player name: ',COLIou' -> 'COL_Iou'
INFO: Weapon 1: 'VOLT'
INFO: Weapon 2: 'EVA-3 AUTO' -> 'EVA-8 AUTO'
INFO: 
INFO: >>> Frame 003487
INFO: Can't find player name end icon
INFO: 
INFO: >>> Frame 003488
INFO: Can't find player name end icon
INFO: 
INFO: >>> Frame 003489
INFO: Can't find player name end icon
INFO: 
INFO: >>> Frame 003490
INFO: Player name: '_ knogd' -> 'knoqd'
INFO: Weapon 1: 'TRIPLE TAKE'
INFO: Weapon 2: 'R-301'
INFO: 
INFO: >>> Frame 003491
INFO: Player name: '_knogd' -> 'knoqd'
INFO: Weapon 1: 'TRIPLE TAKE'
INFO: Weapon 2: 'R-301'
INFO: 
INFO: >>> Frame 003492
INFO: Unknown player: '_ knagd' (best guess: 'knoqd', 0.57)
INFO: 
INFO: >>> Frame 003493
INFO: Player name: 'stayNaughty' -> 'StayNaughty'
INFO: Weapon 1: 'EVA-8 AUTO'
INFO: Weapon 2: '40-30 REPEATE!' -> '30-30 REPEATER'
INFO: 
INFO: >>> Frame 003494
INFO: Player name: 'stayNaughty' -> 'StayNaughty'
INFO: Weapon 1: 'EVA-8 AUTO'
INFO: Weapon 2: '0-30 REPEATEF' -> '30-30 REPEATER'
INFO: 
INFO: >>> Frame 003495
INFO: Player name: 'otayNaughty' -> 'StayNaughty'
INFO: Weapon 1: 'EVA-8 AUTO'
INFO: Weapon 2: 'O-30 REPEATEE' -> '30-30 REPEATER'
INFO: 
INFO: >>> Frame 003496
INFO: Player name: 'stayNaughty' -> 'StayNaughty'
INFO: Weapon 1: 'EVA-8 AUTO'
INFO: Weapon 2: '0-30 REPEATEF' -> '30-30 REPEATER'
INFO: 
INFO: >>> Frame 003497
INFO: Player name: 'sF_zachmazer'
INFO: Weapon 1: 'EVA-@ AUTO' -> 'EVA-8 AUTO'
INFO: Weapon 2: 'R-301'
INFO: 
INFO: >>> Frame 003498
INFO: Player name: 'sF_zachmazer'
INFO: Weapon 1: 'EVA-8 AUTO'
INFO: Weapon 2: 'R-301'
INFO: 
INFO: >>> Frame 003499
INFO: Player name: 'sF_zachmazer'
INFO: Weapon 1: 'EVA-8 AUTO'
INFO: Weapon 2: 'R-301'
INFO: 
INFO: >>> Frame 003500
INFO: Player name: 'sF_zachmazer'
INFO: Weapon 1: 'EVA-8 AUTO'
INFO: Weapon 2: 'R-301'
INFO: 
INFO: >>> Frame 003501
INFO: Can't find player name end icon
INFO: 
INFO: >>> Frame 003502
INFO: Can't find player name end icon
INFO: 
INFO: >>> Frame 003503
INFO: Can't find player name end icon
INFO: 
INFO: >>> Frame 003504
INFO: Player name: 'NRG _Sweet_Rank_}' -> 'NRG_Sweet_Rank_1'
INFO: Weapon 1: 'HEMLOK'
INFO: Weapon 2: 'EVA-8 AUTO'
INFO: 
INFO: >>> Frame 003505
INFO: Player name: 'NRG rocker' -> 'NRG_rocker'
INFO: Weapon 1: 'R-301'
INFO: Weapon 2: 'EVA-8 AUTO'
INFO: 
INFO: >>> Frame 003506
INFO: Player name: 'NRG_rocker'
INFO: Weapon 1: 'R-301'
INFO: Weapon 2: 'EVA4-B AUTO' -> 'EVA-8 AUTO'
INFO: 
INFO: >>> Frame 003507
INFO: Player name: 'NRG_rocker'
INFO: Weapon 2: 'EVA-B AUTO' -> 'EVA-8 AUTO'
INFO: 
INFO: >>> Frame 003508
INFO: Player name: '.NRG_rocker' -> 'NRG_rocker'
INFO: Weapon 1: 'R-301'
INFO: Weapon 2: 'EVA4-8 AUTO' -> 'EVA-8 AUTO'
INFO: 
INFO: >>> Frame 003509
INFO: Player name: 'NRG _nafen' -> 'NRG_nafen'
INFO: Weapon 1: 'SPITFIRE'
INFO: Weapon 2: 'EVA-B AUTO' -> 'EVA-8 AUTO'
INFO: 
INFO: >>> Frame 003510
INFO: Player name: 'NRG_nafan' -> 'NRG_nafen'
INFO: Weapon 1: 'SPITFIRE'
INFO: Weapon 2: 'EVA-3 AUTO' -> 'EVA-8 AUTO'
INFO: 
INFO: >>> Frame 003511
INFO: Player name: 'NRG_nafen'
INFO: Weapon 1: 'SPITFIRE'
INFO: Weapon 2: 'FVA-8 AUTO' -> 'EVA-8 AUTO'
INFO: 
INFO: >>> Frame 003512
INFO: Player name: 'NAG_nafen' -> 'NRG_nafen'
INFO: Weapon 2: 'EVA AUTO' -> 'EVA-8 AUTO'
INFO: 
INFO: >>> Frame 003513
INFO: Player name: 'NRG_hafen' -> 'NRG_nafen'
INFO: Weapon 1: 'SPITFIRE'
INFO: Weapon 2: 'EVA-B AUTO' -> 'EVA-8 AUTO'
INFO: 
INFO: >>> Frame 003514
INFO: Player name: 'NRG_nafen'
INFO: Weapon 2: 'EVA-8 AUTO'
INFO: 
INFO: >>> Frame 003515
INFO: Player name: 'NRG_nafen'
INFO: Weapon 1: 'SPITFIRE'
INFO: Weapon 2: 'EV4-8 AUTO' -> 'EVA-8 AUTO'
INFO: 
INFO: >>> Frame 003516
INFO: Player name: 'Rakkinishu'
INFO: Weapon 1: 'CHARGE RIFL!' -> 'CHARGE RIFLE'
INFO: Weapon 2: 'FLATLINE'
INFO: 
INFO: >>> Frame 003517
INFO: Player name: 'josyblackout' -> 'joeyblackout'
INFO: Weapon 1: 'CHARGE RIFLI' -> 'CHARGE RIFLE'
INFO: Weapon 2: 'EV4-8 AUTO' -> 'EVA-8 AUTO'
INFO: 
INFO: >>> Frame 003518
INFO: Player name: 'joeyblackout'
INFO: Weapon 1: 'CHARGE RIFLI' -> 'CHARGE RIFLE'
INFO: Weapon 2: 'EVA-B AUTO' -> 'EVA-8 AUTO'
INFO: 
INFO: >>> Frame 003519
INFO: Player name: 'joeyblackout'
INFO: Weapon 1: 'CHARGE RIFLI' -> 'CHARGE RIFLE'
INFO: Weapon 2: 'EVA-B AUTO' -> 'EVA-8 AUTO'
INFO: 
INFO: >>> Frame 003520
INFO: Player name: 'joeyblackout'
INFO: Weapon 1: 'CHARGE RIFLI' -> 'CHARGE RIFLE'
INFO: Weapon 2: 'EVA-8 AUTO'
INFO: 
INFO: >>> Frame 003521
INFO: Player name: 'joeyblackout'
INFO: Weapon 1: 'CHARGE RIFLI' -> 'CHARGE RIFLE'
INFO: Weapon 2: 'EVA-38 AUTO' -> 'EVA-8 AUTO'
INFO: 
INFO: >>> Frame 003522
INFO: Player name: 'joeyblackout'
INFO: Weapon 1: 'CHARGE RIFLI' -> 'CHARGE RIFLE'
INFO: Weapon 2: 'EVA-8 AUTO'
INFO: 
INFO: >>> Frame 003523
INFO: Player name: 'joeyblackout'
INFO: Weapon 1: 'CHARGE RIFL' -> 'CHARGE RIFLE'
INFO: Weapon 2: 'EVA-B AUTO' -> 'EVA-8 AUTO'
INFO: 
INFO: >>> Frame 003524
INFO: Player name: 'joeyblackout'
INFO: Weapon 1: 'CHARGE RIFLI' -> 'CHARGE RIFLE'
INFO: Weapon 2: 'EVA-8 AUTO'
INFO: 
INFO: >>> Frame 003525
INFO: Player name: '-_joeyblackout' -> 'joeyblackout'
INFO: Weapon 1: 'CHARGE RIFLI' -> 'CHARGE RIFLE'
INFO: Weapon 2: 'EVA-B AUTO' -> 'EVA-8 AUTO'
INFO: 
INFO: >>> Frame 003526
INFO: Player name: 'joeyblackout'
INFO: Weapon 1: 'CHARGE RIFLI' -> 'CHARGE RIFLE'
INFO: Weapon 2: 'EVA4-3 AUTO' -> 'EVA-8 AUTO'
INFO: 
INFO: >>> Frame 003527
INFO: Player name: 'joeyblackout'
INFO: Weapon 2: 'EVA-8 AUTO'
INFO: 
INFO: >>> Frame 003528
INFO: Player name: 'joeyblackout'
INFO: Weapon 1: 'CHARGE RIFLI' -> 'CHARGE RIFLE'
INFO: Weapon 2: 'EVA-8 AUTO'
INFO: 
INFO: >>> Frame 003529
INFO: Can't find player name end icon
INFO: 
INFO: >>> Frame 003530
INFO: Player name: 'joeyblackout'
INFO: Weapon 1: 'CHARGE RIFLI' -> 'CHARGE RIFLE'
INFO: Weapon 2: 'EVA-8 AUTO'
INFO: 
INFO: >>> Frame 003531
INFO: Player name: 'joeyblackout'
INFO: Weapon 1: 'CHARGE RIFL' -> 'CHARGE RIFLE'
INFO: Weapon 2: 'EVA-38 AUTO' -> 'EVA-8 AUTO'
INFO: 
INFO: >>> Frame 003532
INFO: Player name: 'joeyblackout'
INFO: Weapon 1: 'CHARGE RIFL' -> 'CHARGE RIFLE'
INFO: Weapon 2: 'EVA4-B AUTO' -> 'EVA-8 AUTO'
INFO: 
INFO: >>> Frame 003533
INFO: Player name: 'joeyblackout'
INFO: Weapon 1: 'CHARGE RIFLI' -> 'CHARGE RIFLE'
INFO: Weapon 2: 'EV4-8 AUTO' -> 'EVA-8 AUTO'
INFO: 
INFO: >>> Frame 003534
INFO: Player name: 'joeyblackout'
INFO: Weapon 1: 'CHARGE RIFLE'
INFO: Weapon 2: 'EVA-8 AUTO'
INFO: 
INFO: >>> Frame 003535
INFO: Player name: 'joeyblackout'
INFO: Weapon 1: 'CHARGE RIFLE'
INFO: Weapon 2: 'EVA-8 AUTO'
INFO: 
INFO: >>> Frame 003536
INFO: Player name: 'joeyblackout'
INFO: Weapon 1: 'CHARGE RIFLE'
INFO: Weapon 2: 'EVA-8 AUTO'
INFO: 
INFO: >>> Frame 003537
INFO: Player name: 'joeyblackout'
INFO: Weapon 1: 'CHARGE RIFLE'
INFO: Weapon 2: 'EVA-8 AUTO'
INFO: 
INFO: >>> Frame 003538
INFO: Player name: 'joeyblackout'
INFO: Weapon 1: 'CHARGE RIFLE'
INFO: Weapon 2: 'EVA-8 AUTO'
INFO: 
INFO: >>> Frame 003539
INFO: 
INFO: >>> Frame 003540
INFO: Player name: '-COL_FunFPs' -> 'COL_FunFPS'
INFO: Weapon 1: 'EVA-8 AUTO'
INFO: Weapon 2: 'TRIPLE TAKE'
INFO: 
INFO: >>> Frame 003541
INFO: Player name: 'COL_FunFRs' -> 'COL_FunFPS'
INFO: Weapon 1: 'EVA-8 AUTO'
INFO: Weapon 2: 'TRIPLE TAKE'
INFO: 
INFO: >>> Frame 003542
INFO: Player name: 'COL FunFPps' -> 'COL_FunFPS'
INFO: Weapon 1: 'EVA-8 AUTO'
INFO: Weapon 2: 'TRIPLE TAKE'
INFO: 
INFO: >>> Frame 003543
INFO: Player name: 'COL FunFPs' -> 'COL_FunFPS'
INFO: Weapon 1: 'EVA-B AUTE' -> 'EVA-8 AUTO'
INFO: Weapon 2: '‘TRIPLE TAKE' -> 'TRIPLE TAKE'
INFO: 
INFO: >>> Frame 003544
INFO: Player name: 'COL FunFPs' -> 'COL_FunFPS'
INFO: Weapon 1: 'EVA-8 AUTO'
INFO: Weapon 2: 'TRIPLE TAKE'
INFO: 
INFO: >>> Frame 003545
INFO: Player name: ',COL_FunFPS' -> 'COL_FunFPS'
INFO: Weapon 1: 'EVA-8 AUTO'
INFO: Weapon 2: 'TRIPLE TAKE'
INFO: 
INFO: >>> Frame 003546
INFO: Player name: 'COL FunFPs' -> 'COL_FunFPS'
INFO: Weapon 1: 'EVA-8 AUTO'
INFO: Weapon 2: 'TRIPLE TAKE'
INFO: 
INFO: >>> Frame 003547
INFO: Player name: 'COL_FunFPS'
INFO: Weapon 1: 'EVA-d AUTO' -> 'EVA-8 AUTO'
INFO: Weapon 2: 'TRIPLE TAKE'
INFO: 
INFO: >>> Frame 003548
INFO: Can't find player name end icon
INFO: 
INFO: >>> Frame 003549
INFO: Can't find player name end icon
INFO: 
INFO: >>> Frame 003550
INFO: Can't find player name end icon
INFO: 
INFO: >>> Frame 003551
INFO: Can't find player name end icon
INFO: 
INFO: >>> Frame 003552
INFO: Unknown player: '“knoe ich:' (best guess: 'knoqd', 0.70)
INFO: 
INFO: >>> Frame 003553
INFO: 
INFO: >>> Frame 003554
INFO: Player name: 'sF_zachmazer'
INFO: Weapon 1: 'EVA-8 AUTO'
INFO: Weapon 2: 'R-301'
INFO: 
INFO: >>> Frame 003555
INFO: Player name: 'sF_zachmazer'
INFO: Weapon 1: 'EVA-8 AUTO'
INFO: Weapon 2: 'R-30)' -> 'R-301'
INFO: 
INFO: >>> Frame 003556
INFO: Player name: 'sF_zachmazer'
INFO: Weapon 1: 'EVA-8 AUTO'
INFO: Weapon 2: 'R-301'
INFO: 
INFO: >>> Frame 003557
INFO: Player name: 'sF_zachmazer'
INFO: Weapon 1: 'EVA-8 AUTO'
INFO: Weapon 2: 'R-301'
INFO: 
INFO: >>> Frame 003558
INFO: Player name: 'sF_zachmazer'
INFO: Weapon 1: 'EVA-8 AUTO'
INFO: Weapon 2: 'R-301'
INFO: 
INFO: >>> Frame 003559
INFO: Player name: 'otayNaughty' -> 'StayNaughty'
INFO: Weapon 1: 'EVA-8 AUTO'
INFO: Weapon 2: 'R-301'
INFO: 
INFO: >>> Frame 003560
INFO: Can't find player name end icon
INFO: 
INFO: >>> Frame 003561
INFO: Can't find player name end icon
INFO: 
INFO: >>> Frame 003562
INFO: Can't find player name end icon
INFO: 
INFO: >>> Frame 003563
INFO: Can't find player name end icon
INFO: 
INFO: >>> Frame 003564
INFO: Player name: 'sF _zachmazer' -> 'sF_zachmazer'
INFO: Weapon 1: 'EVA-8 AUTO'
INFO: Weapon 2: '0-30 REPEATEF' -> '30-30 REPEATER'
INFO: 
INFO: >>> Frame 003565
INFO: Player name: 'sF_zachmazer'
INFO: Weapon 1: 'EVA-8 AUTO'
INFO: Weapon 2: 'R-301'
INFO: 
INFO: >>> Frame 003566
INFO: Player name: 'sF zachmazer' -> 'sF_zachmazer'
INFO: Weapon 1: 'EVA-9 AUTO' -> 'EVA-8 AUTO'
INFO: Weapon 2: 'R-301'
INFO: 
INFO: >>> Frame 003567
INFO: Player name: 'sF_zachmazer'
INFO: Weapon 1: 'EVA-8 AUTO'
INFO: Weapon 2: 'R-301'
INFO: 
INFO: >>> Frame 003568
INFO: Player name: 'sF_zachmazer'
INFO: Weapon 1: 'EVA-8 AUTO'
INFO: Weapon 2: 'R-301'
INFO: 
INFO: >>> Frame 003569
INFO: Player name: 'SF _zachmazer' -> 'sF_zachmazer'
INFO: Weapon 1: 'EVA-8 AUTO'
INFO: Weapon 2: 'R-301'
INFO: 
INFO: >>> Frame 003570
INFO: Player name: 'StayNaughty'
INFO: Weapon 1: 'EVA-8 AUTO'
INFO: Weapon 2: '30-30 REPEATE!' -> '30-30 REPEATER'
INFO: 
INFO: >>> Frame 003571
INFO: Player name: 'sF_zachmazer'
INFO: Weapon 1: 'EVA-8 AUTO'
INFO: Weapon 2: 'R-301'
INFO: 
INFO: >>> Frame 003572
INFO: Player name: 'sF _zachmazer' -> 'sF_zachmazer'
INFO: Weapon 1: 'EVA-8 AUTO'
INFO: Weapon 2: 'R-301'
INFO: 
INFO: >>> Frame 003573
INFO: Can't find player name end icon
INFO: 
INFO: >>> Frame 003574
INFO: Can't find player name end icon
INFO: 
INFO: >>> Frame 003575
INFO: Can't find player name end icon
INFO: 
INFO: >>> Frame 003576
INFO: Player name: 'TSM_ImperialHal' -> 'TSM_ImperialHa1'
INFO: Weapon 1: 'HEMLOK'
INFO: Weapon 2: 'VOLT'
INFO: 
INFO: >>> Frame 003577
INFO: Player name: 'TSM_ImperialHal' -> 'TSM_ImperialHa1'
INFO: Weapon 1: 'HEMLOK'
INFO: Weapon 2: 'VOLT'
INFO: 
INFO: >>> Frame 003578
INFO: Player name: 'TSM_ImpenalHat' -> 'TSM_ImperialHa1'
INFO: Weapon 1: 'HEMLOK'
INFO: Weapon 2: 'VOLT'
INFO: 
INFO: >>> Frame 003579
INFO: Player name: 'TSM_ImperialHal' -> 'TSM_ImperialHa1'
INFO: Weapon 1: 'HEMLDK' -> 'HEMLOK'
INFO: Weapon 2: 'VOLT'
INFO: 
INFO: >>> Frame 003580
INFO: Player name: 'TSM ImperialHal' -> 'TSM_ImperialHa1'
INFO: Weapon 1: 'HEMLOK'
INFO: Weapon 2: 'VOLT'
INFO: 
INFO: >>> Frame 003581
INFO: Player name: 'Reps: TSM.' -> 'Reps_TSM'
INFO: Weapon 1: 'MASTIFF'
INFO: Weapon 2: 'LONGBOW'
INFO: 
INFO: >>> Frame 003582
INFO: Player name: 'Reps_TSM'
INFO: Weapon 1: 'MASTIFF'
INFO: Weapon 2: 'LONGBOW'
INFO: 
INFO: >>> Frame 003583
INFO: Player name: '_Reps_TSM' -> 'Reps_TSM'
INFO: Weapon 1: 'MASTIFF'
INFO: Weapon 2: 'LONGBOW'
INFO: 
INFO: >>> Frame 003584
INFO: Player name: 'Reps TSM' -> 'Reps_TSM'
INFO: Weapon 1: 'MASTIFF'
INFO: Weapon 2: 'LONGBOW'
INFO: 
INFO: >>> Frame 003585
INFO: Player name: 'Reps_TSM'
INFO: Weapon 1: 'MASTIFF'
INFO: Weapon 2: 'LONGBOW'
INFO: 
INFO: >>> Frame 003586
INFO: Player name: 'TSM_ImperialHal' -> 'TSM_ImperialHa1'
INFO: Weapon 1: 'HEMLOK'
INFO: Weapon 2: 'VOLT'
INFO: 
INFO: >>> Frame 003587
INFO: Player name: '/COL_FunFPS' -> 'COL_FunFPS'
INFO: Weapon 1: 'EVA-8 AUTO'
INFO: Weapon 2: 'CHARGE RIFLI' -> 'CHARGE RIFLE'
INFO: 
INFO: >>> Frame 003588
INFO: Player name: '“COL FunFPs' -> 'COL_FunFPS'
INFO: Weapon 1: 'EVA-8 AUTO'
INFO: Weapon 2: 'SHARGE RIFLE' -> 'CHARGE RIFLE'
INFO: 
INFO: >>> Frame 003589
INFO: Player name: ', COL FunFPS' -> 'COL_FunFPS'
INFO: Weapon 1: 'EVA-8 AUTO'
INFO: Weapon 2: 'CHARGE RIFLI' -> 'CHARGE RIFLE'
INFO: 
INFO: >>> Frame 003590
INFO: Unknown player: '‘CBL FURFPS' (best guess: 'COL_FunFPS', 0.45)
INFO: 
INFO: >>> Frame 003591
INFO: Player name: 'COL FunFPs' -> 'COL_FunFPS'
INFO: Weapon 1: 'EVA-8 AUTO'
INFO: Weapon 2: 'CHARGE RIFLE'
INFO: 
INFO: >>> Frame 003592
INFO: Player name: 'COL FunFPs' -> 'COL_FunFPS'
INFO: Weapon 1: 'EVA-8 AUTO'
INFO: Weapon 2: 'CHARGE RIFLI' -> 'CHARGE RIFLE'
INFO: 
INFO: >>> Frame 003593
INFO: Player name: ',COL_FunFPS' -> 'COL_FunFPS'
INFO: Weapon 1: 'EVA-8 AUTO'
INFO: Weapon 2: '>HARGE RIFLE' -> 'CHARGE RIFLE'
INFO: 
INFO: >>> Frame 003594
INFO: Player name: 'COL FunFPs' -> 'COL_FunFPS'
INFO: Weapon 1: 'EVA-8 AUTO'
INFO: Weapon 2: 'SHARGE RIFLE' -> 'CHARGE RIFLE'
INFO: 
INFO: >>> Frame 003595
INFO: Player name: 'COL_FunFPS'
INFO: Weapon 1: 'EVA-8 AUTO'
INFO: Weapon 2: 'SHARGE RIFLE' -> 'CHARGE RIFLE'
INFO: 
INFO: >>> Frame 003596
INFO: Player name: 'COL_FunFPS'
INFO: Weapon 1: 'EVA-8 AUTO'
INFO: 
INFO: >>> Frame 003597
INFO: Player name: 'COL FunFPs' -> 'COL_FunFPS'
INFO: Weapon 1: 'EVA-8 AUTO'
INFO: Weapon 2: 'SHARGE RIFLE' -> 'CHARGE RIFLE'
INFO: 
INFO: >>> Frame 003598
INFO: 
INFO: >>> Frame 003599
INFO: Can't find player name end icon
INFO: 
INFO: >>> Frame 003600
INFO: Can't find player name end icon
INFO: 
INFO: >>> Frame 003601
INFO: Can't find player name end icon
INFO: 
INFO: >>> Frame 003602
INFO: Can't find player name end icon
INFO: 
INFO: >>> Frame 003603
INFO: Can't find player name end icon
INFO: 
INFO: >>> Frame 003604
INFO: Can't find player name end icon
INFO: 
INFO: >>> Frame 003605
INFO: Player name: 'Reps_TSM'
INFO: Weapon 1: 'MASTIFF'
INFO: Weapon 2: 'LONGBOW'
INFO: 
INFO: >>> Frame 003606
INFO: Player name: 'Reps_TSM'
INFO: Weapon 1: 'MASTIFEF' -> 'MASTIFF'
INFO: Weapon 2: 'LONGBOW'
INFO: 
INFO: >>> Frame 003607
INFO: Player name: 'Reps_TSM'
INFO: Weapon 1: 'MASTIFF'
INFO: Weapon 2: 'LONGBOW'
INFO: 
INFO: >>> Frame 003608
INFO: Player name: 'Reps_TSM'
INFO: Weapon 1: 'MASTIFE' -> 'MASTIFF'
INFO: Weapon 2: 'LONGBOW'
INFO: 
INFO: >>> Frame 003609
INFO: Player name: 'Reps_TSM'
INFO: Weapon 1: 'MASTIFEF' -> 'MASTIFF'
INFO: Weapon 2: '- LONGBOW' -> 'LONGBOW'
INFO: 
INFO: >>> Frame 003610
INFO: Player name: 'Reps_TSM'
INFO: Weapon 1: 'MASTIFF'
INFO: Weapon 2: '- LONGBOW' -> 'LONGBOW'
INFO: 
INFO: >>> Frame 003611
INFO: Player name: 'TSM ImperialHal' -> 'TSM_ImperialHa1'
INFO: Weapon 1: 'HEMLOK'
INFO: Weapon 2: 'VOLT'
INFO: 
INFO: >>> Frame 003612
INFO: Player name: '-TSM_Impenatttal' -> 'TSM_ImperialHa1'
INFO: Weapon 1: '‘HEMLOK' -> 'HEMLOK'
INFO: Weapon 2: 'VOLT'
INFO: 
INFO: >>> Frame 003613
INFO: Unknown player: ' ' (best guess: 'CLT Pride', 0.89)
INFO: 
INFO: >>> Frame 003614
INFO: Player name: 'SoG_Claraphi' -> 'SSG_Claraphi'
INFO: Weapon 2: 'MASTIFF'
INFO: 
INFO: >>> Frame 003615
INFO: Player name: 'SoG_Claraphi' -> 'SSG_Claraphi'
INFO: Weapon 1: 'R-99'
INFO: Weapon 2: 'MASTIFF'
INFO: 
INFO: >>> Frame 003616
INFO: Player name: 'soG_Claraphi' -> 'SSG_Claraphi'
INFO: Weapon 1: 'R-99'
INFO: Weapon 2: 'MASTIFF'
INFO: 
INFO: >>> Frame 003617
INFO: Player name: 'soG_Claraphi' -> 'SSG_Claraphi'
INFO: Weapon 1: 'R-99'
INFO: Weapon 2: 'MASTIFF'
INFO: 
INFO: >>> Frame 003618
INFO: Player name: 'SSG Claraphi' -> 'SSG_Claraphi'
INFO: Weapon 1: 'R-99'
INFO: Weapon 2: 'MASTIFF'
INFO: 
INFO: >>> Frame 003619
INFO: Player name: 'SSG Claraphi' -> 'SSG_Claraphi'
INFO: Weapon 1: 'R-99'
INFO: Weapon 2: 'MASTIFF'
INFO: 
INFO: >>> Frame 003620
INFO: Can't find player name end icon
INFO: 
INFO: >>> Frame 003621
INFO: Player name: '_CLT_mercy' -> 'CLT_mercy'
INFO: Weapon 1: 'HEMLOK'
INFO: Weapon 2: 'R-301'
INFO: 
INFO: >>> Frame 003622
INFO: Can't find player name end icon
INFO: 
INFO: >>> Frame 003623
INFO: Can't find player name end icon
INFO: 
INFO: >>> Frame 003624
INFO: Can't find player name end icon
INFO: 
INFO: >>> Frame 003625
INFO: Can't find player name end icon
INFO: 
INFO: >>> Frame 003626
INFO: Player name: 'CLT_mercy'
INFO: Weapon 1: 'HEMLOK'
INFO: Weapon 2: 'R-301'
INFO: 
INFO: >>> Frame 003627
INFO: Player name: 'CLT mercy' -> 'CLT_mercy'
INFO: Unknown weapon: 'HEBILGIK' (best guess: 'HEMLOK', 0.50)
INFO: Weapon 2: '|R-30T' -> 'R-301'
INFO: 
INFO: >>> Frame 003628
INFO: Unknown player: 'Al .' (best guess: 'TSM Albralelie', 0.86)
INFO: 
INFO: >>> Frame 003629
INFO: Player name: 'CLE imMadness' -> 'CLG ImMadness'
INFO: Weapon 1: 'A-30)' -> 'R-301'
INFO: Weapon 2: 'EVA-8 AUTO'
INFO: 
INFO: >>> Frame 003630
INFO: Can't find player name end icon
INFO: 
INFO: >>> Frame 003631
INFO: Can't find player name end icon
INFO: 
INFO: >>> Frame 003632
INFO: Player name: 'CLGImMadness' -> 'CLG ImMadness'
INFO: Weapon 1: 'R-301'
INFO: Weapon 2: 'EVA-8 AUTO'
INFO: 
INFO: >>> Frame 003633
INFO: Player name: 'CLG ImMacness' -> 'CLG ImMadness'
INFO: Weapon 1: 'R301' -> 'R-301'
INFO: Weapon 2: 'EVA-B AUTO' -> 'EVA-8 AUTO'
INFO: 
INFO: >>> Frame 003634
INFO: Player name: 'COL tow' -> 'COL_Iou'
INFO: Weapon 1: 'VOLT'
INFO: Weapon 2: 'EVA-B AUTO' -> 'EVA-8 AUTO'
INFO: 
INFO: >>> Frame 003635
INFO: Player name: 'COL_lou' -> 'COL_Iou'
INFO: Weapon 1: 'VOLT'
INFO: Weapon 2: 'EVA-8 AUTO'
INFO: 
INFO: >>> Frame 003636
INFO: Unknown player: 'o\ncs' (best guess: 'ProdigyAces', 0.73)
INFO: 
INFO: >>> Frame 003637
INFO: Can't find player name end icon
INFO: 
INFO: >>> Frame 003638
INFO: Can't find player name end icon
INFO: 
INFO: >>> Frame 003639
INFO: Can't find player name end icon
INFO: 
INFO: >>> Frame 003640
INFO: Can't find player name end icon
INFO: 
INFO: >>> Frame 003641
INFO: Can't find player name end icon
INFO: 
INFO: >>> Frame 003642
INFO: Can't find player name end icon
INFO: 
INFO: >>> Frame 003643
INFO: Can't find player name end icon
INFO: 
INFO: >>> Frame 003644
INFO: Player name: "'NPL,OMGRONNIE" -> 'NPL_OMGRONN1E'
INFO: Weapon 1: 'R-99'
INFO: Unknown weapon: 'PROWLER' (best guess: 'VOLT', 0.71)
INFO: 
INFO: >>> Frame 003645
INFO: Player name: 'NPL_OMGRONNIE' -> 'NPL_OMGRONN1E'
INFO: Weapon 1: 'R-99'
INFO: Unknown weapon: 'PROWLER' (best guess: 'VOLT', 0.71)
INFO: 
INFO: >>> Frame 003646
INFO: Player name: 'NPL_OMGRONNIE' -> 'NPL_OMGRONN1E'
INFO: Weapon 1: 'R-99'
INFO: Unknown weapon: 'PROWLER' (best guess: 'VOLT', 0.71)
INFO: 
INFO: >>> Frame 003647
INFO: Player name: 'NPL_OMGRONNIE' -> 'NPL_OMGRONN1E'
INFO: Weapon 1: 'R-99'
INFO: Unknown weapon: 'PROWLER' (best guess: 'VOLT', 0.71)
INFO: 
INFO: >>> Frame 003648
INFO: Player name: 'NPL_OMGRONNIE' -> 'NPL_OMGRONN1E'
INFO: Weapon 1: 'R-99'
INFO: Unknown weapon: 'PROWLER' (best guess: 'VOLT', 0.71)
INFO: 
INFO: >>> Frame 003649
INFO: Player name: 'NPL_OMGRONNIE' -> 'NPL_OMGRONN1E'
INFO: Weapon 1: 'R-99'
INFO: Unknown weapon: 'PROWLER' (best guess: 'VOLT', 0.71)
INFO: 
INFO: >>> Frame 003650
INFO: Player name: 'NPL_OMGRONNY' -> 'NPL_OMGRONN1E'
INFO: Unknown weapon: 'PROWLER' (best guess: 'VOLT', 0.71)
INFO: 
INFO: >>> Frame 003651
INFO: Player name: 'NPL OMGRONNIE' -> 'NPL_OMGRONN1E'
INFO: Weapon 1: 'R-99'
INFO: Unknown weapon: 'PROWLER' (best guess: 'VOLT', 0.71)
INFO: 
INFO: >>> Frame 003652
INFO: Player name: 'CLG_Vaxlon'
INFO: Weapon 1: 'WINGMAN'
INFO: Weapon 2: 'EVA-8 AUTO'
INFO: 
INFO: >>> Frame 003653
INFO: Player name: 'CLG imMadness' -> 'CLG ImMadness'
INFO: Weapon 1: 'R-301'
INFO: Weapon 2: 'EVA-8 AUTO'
INFO: 
INFO: >>> Frame 003654
INFO: Player name: 'CLG ImMadness'
INFO: Weapon 1: 'R-301'
INFO: Weapon 2: 'EVA-3 AUTO' -> 'EVA-8 AUTO'
INFO: 
INFO: >>> Frame 003655
INFO: Player name: 'CLG ImMadness'
INFO: Weapon 1: 'R-301'
INFO: Weapon 2: 'EVA-B AUTO' -> 'EVA-8 AUTO'
INFO: 
INFO: >>> Frame 003656
INFO: Player name: '_COL_lou' -> 'COL_Iou'
INFO: Weapon 1: 'VOLT'
INFO: Weapon 2: 'EVA-3 AUTO' -> 'EVA-8 AUTO'
INFO: 
INFO: >>> Frame 003657
INFO: Player name: 'CDL lou' -> 'COL_Iou'
INFO: Weapon 1: 'VOLT'
INFO: Weapon 2: 'EVA-38 AUTO' -> 'EVA-8 AUTO'
INFO: 
INFO: >>> Frame 003658
INFO: Player name: 'COL lou' -> 'COL_Iou'
INFO: Weapon 1: 'VOLT'
INFO: Weapon 2: 'EVA-8 AUTO'
INFO: 
INFO: >>> Frame 003659
INFO: Can't find player name end icon
INFO: 
INFO: >>> Frame 003660
INFO: Can't find player name end icon
INFO: 
INFO: >>> Frame 003661
INFO: Player name: 'SF _Dezignful' -> 'sF_Dezignful'
INFO: Weapon 1: 'VOLT'
INFO: Weapon 2: 'G7 SCOUT:' -> 'G7 SCOUT'
INFO: 
INFO: >>> Frame 003662
INFO: Player name: 'SF Dezignful' -> 'sF_Dezignful'
INFO: Weapon 1: 'VOLT'
INFO: Weapon 2: 'G7 SCOUT'
INFO: 
INFO: >>> Frame 003663
INFO: Player name: '"SF _Dezignful' -> 'sF_Dezignful'
INFO: Weapon 1: 'VOLT'
INFO: Weapon 2: 'G7 SCOUT'
INFO: 
INFO: >>> Frame 003664
INFO: Player name: 'SF_Dezignful' -> 'sF_Dezignful'
INFO: Weapon 1: 'VOLT'
INFO: Weapon 2: 'G7 SCOUT'
INFO: 
INFO: >>> Frame 003665
INFO: Player name: 'sF_Dezignful'
INFO: Weapon 1: 'VOLT'
INFO: Weapon 2: 'G7:SCOUT' -> 'G7 SCOUT'
INFO: 
INFO: >>> Frame 003666
INFO: Player name: 'sF_Dezignful'
INFO: Weapon 1: 'VOLT'
INFO: Weapon 2: 'G7 SCOUT'
INFO: 
INFO: >>> Frame 003667
INFO: Player name: 'sf Bantrifying' -> 'sF_Gentrifyinq'
INFO: Weapon 1: 'R-301'
INFO: Weapon 2: 'EV4-8 &UTO' -> 'EVA-8 AUTO'
INFO: 
INFO: >>> Frame 003668
INFO: Player name: 'sF _Gentrifying' -> 'sF_Gentrifyinq'
INFO: Weapon 1: 'R-301'
INFO: Weapon 2: 'EVA-3 AUTO' -> 'EVA-8 AUTO'
INFO: 
INFO: >>> Frame 003669
INFO: Player name: 'sF_Gentrifying' -> 'sF_Gentrifyinq'
INFO: Weapon 1: 'R-301'
INFO: Weapon 2: 'EVA-8 AUTO'
INFO: 
INFO: >>> Frame 003670
INFO: Player name: 'sF_Gentrifying' -> 'sF_Gentrifyinq'
INFO: Weapon 1: 'R-301'
INFO: Weapon 2: 'EVA-B8 AUTO' -> 'EVA-8 AUTO'
INFO: 
INFO: >>> Frame 003671
INFO: Player name: 'sF_Gentrifying' -> 'sF_Gentrifyinq'
INFO: Weapon 1: 'R-301'
INFO: Weapon 2: 'EVA-B AUTO' -> 'EVA-8 AUTO'
INFO: 
INFO: >>> Frame 003672
INFO: Player name: 'sF_Gentrifying' -> 'sF_Gentrifyinq'
INFO: Weapon 1: 'R-301'
INFO: Weapon 2: 'EVA-B AUTO' -> 'EVA-8 AUTO'
INFO: 
INFO: >>> Frame 003673
INFO: Player name: 'sF_Gentrifying' -> 'sF_Gentrifyinq'
INFO: Weapon 1: 'R-301'
INFO: Weapon 2: 'EVA-8 AUTO'
INFO: 
INFO: >>> Frame 003674
INFO: Player name: 'sF_Gentrifying' -> 'sF_Gentrifyinq'
INFO: Weapon 1: 'R-301'
INFO: Weapon 2: 'EVA-8 AUTO'
INFO: 
INFO: >>> Frame 003675
INFO: Player name: 'SF_Gentrifying' -> 'sF_Gentrifyinq'
INFO: Weapon 1: 'R-301'
INFO: Weapon 2: 'EVA-8 AUTO'
INFO: 
INFO: >>> Frame 003676
INFO: Unknown player: ' ' (best guess: 'CLT Pride', 0.89)
INFO: 
INFO: >>> Frame 003677
INFO: Player name: 'sF_Gentrifying' -> 'sF_Gentrifyinq'
INFO: Weapon 1: 'R-401' -> 'R-301'
INFO: Weapon 2: 'EVA-38 AUTO' -> 'EVA-8 AUTO'
INFO: 
INFO: >>> Frame 003678
INFO: Can't find player name end icon
INFO: 
INFO: >>> Frame 003679
INFO: Player name: 'TSM_ImperialHal' -> 'TSM_ImperialHa1'
INFO: Weapon 1: 'HEMLOK'
INFO: Weapon 2: 'VOLT'
INFO: 
INFO: >>> Frame 003680
INFO: Player name: 'TSM _ImperialHal' -> 'TSM_ImperialHa1'
INFO: Weapon 1: 'HEMLOK'
INFO: Weapon 2: 'VOLT'
INFO: 
INFO: >>> Frame 003681
INFO: Player name: 'TSM_ImperialHal' -> 'TSM_ImperialHa1'
INFO: Weapon 1: 'HEMLODK' -> 'HEMLOK'
INFO: Weapon 2: 'VOLT'
INFO: 
INFO: >>> Frame 003682
INFO: Player name: 'TSM_ImperialHal' -> 'TSM_ImperialHa1'
INFO: Weapon 1: 'HEMLOK'
INFO: Weapon 2: 'VOLT'
INFO: 
INFO: >>> Frame 003683
INFO: Player name: 'TSM _ImperialHal' -> 'TSM_ImperialHa1'
INFO: Weapon 1: 'HEMLOK'
INFO: Weapon 2: 'VOLT'
INFO: 
INFO: >>> Frame 003684
INFO: Player name: 'TSM_ImperialHal' -> 'TSM_ImperialHa1'
INFO: Weapon 1: 'HEMLOK'
INFO: Weapon 2: 'VOLT'
INFO: 
INFO: >>> Frame 003685
INFO: Unknown player: ', gerook' (best guess: 'qcrook', 0.50)
INFO: 
INFO: >>> Frame 003686
INFO: Unknown player: '_gerack' (best guess: 'CLT_mercy', 0.67)
INFO: 
INFO: >>> Frame 003687
INFO: Player name: '_qerook' -> 'qcrook'
INFO: Weapon 1: 'G7 SCOUT'
INFO: Weapon 2: 'MASTIFF'
INFO: 
INFO: >>> Frame 003688
INFO: Unknown player: ', gceraok' (best guess: 'Sauceror', 0.56)
INFO: 
INFO: >>> Frame 003689
INFO: Unknown player: ', gcraok' (best guess: 'qcrook', 0.50)
INFO: 
INFO: >>> Frame 003690
INFO: Player name: '_gcraok' -> 'qcrook'
INFO: Weapon 1: 'G7 SCOUT'
INFO: Weapon 2: 'MASTIFF'
INFO: 
INFO: >>> Frame 003691
INFO: Unknown player: '. gcrock' (best guess: 'qcrook', 0.50)
INFO: 
INFO: >>> Frame 003692
INFO: Unknown player: '_gerock' (best guess: 'qcrook', 0.57)
INFO: 
INFO: >>> Frame 003693
INFO: Player name: '_ qcrook' -> 'qcrook'
INFO: Weapon 1: 'G7 SCOUT'
INFO: Weapon 2: 'MASTIFF'
INFO: 
INFO: >>> Frame 003694
INFO: Player name: '_qcrook' -> 'qcrook'
INFO: Weapon 1: 'G7 SCOUT'
INFO: Weapon 2: 'MASTIFF'
INFO: 
INFO: >>> Frame 003695
INFO: Unknown player: '. gcrack' (best guess: 'qcrook', 0.62)
INFO: 
INFO: >>> Frame 003696
INFO: Can't find player name end icon
INFO: 
INFO: >>> Frame 003697
INFO: Can't find player name end icon
INFO: 
INFO: >>> Frame 003698
INFO: Player name: '_SF_Resultuh' -> 'sF_Resultuh'
INFO: Weapon 1: 'MASTIFF'
INFO: Weapon 2: 'G7 SCOUT'
INFO: 
INFO: >>> Frame 003699
INFO: Player name: '_SF_Resultuh:' -> 'sF_Resultuh'
INFO: Weapon 1: 'MASTIFE' -> 'MASTIFF'
INFO: Weapon 2: 'G7 SCOUT'
INFO: 
INFO: >>> Frame 003700
INFO: Player name: '_SF_Resultuh' -> 'sF_Resultuh'
INFO: Weapon 1: 'MASTIFF'
INFO: Weapon 2: 'G7-SCOUT' -> 'G7 SCOUT'
INFO: 
INFO: >>> Frame 003701
INFO: Player name: '. sF_Resultuh' -> 'sF_Resultuh'
INFO: Weapon 1: 'MASTIFE' -> 'MASTIFF'
INFO: Weapon 2: 'G? SCOUT' -> 'G7 SCOUT'
INFO: 
INFO: >>> Frame 003702
INFO: Player name: '_sF_Resultuh' -> 'sF_Resultuh'
INFO: Weapon 1: 'MASTIFF'
INFO: Weapon 2: 'G7 SCOUT'
INFO: 
INFO: >>> Frame 003703
INFO: Player name: 'SF_Resultuh' -> 'sF_Resultuh'
INFO: Weapon 1: 'MASTIFF'
INFO: Weapon 2: 'G7 SCOUT'
INFO: 
INFO: >>> Frame 003704
INFO: Can't find player name end icon
INFO: 
INFO: >>> Frame 003705
INFO: Can't find player name end icon
INFO: 
INFO: >>> Frame 003706
INFO: Can't find player name end icon
INFO: 
INFO: >>> Frame 003707
INFO: Can't find player name end icon
INFO: 
INFO: >>> Frame 003708
INFO: Can't find player name end icon
INFO: 
INFO: >>> Frame 003709
INFO: Can't find player name end icon
INFO: 
INFO: >>> Frame 003710
INFO: Can't find player name end icon
INFO: 
INFO: >>> Frame 003711
INFO: Can't find player name end icon
INFO: 
INFO: >>> Frame 003712
INFO: Can't find player name end icon
INFO: 
INFO: >>> Frame 003713
INFO: Can't find player name end icon
INFO: 
INFO: >>> Frame 003714
INFO: Player name: 'TSM_ImperialHal' -> 'TSM_ImperialHa1'
INFO: Weapon 1: 'VOLT'
INFO: Weapon 2: 'MASTIFF'
INFO: 
INFO: >>> Frame 003715
INFO: Player name: 'TSM_ImperialHal' -> 'TSM_ImperialHa1'
INFO: Weapon 1: 'VOLT'
INFO: Weapon 2: 'MASTIFF'
INFO: 
INFO: >>> Frame 003716
INFO: Can't find player name end icon
INFO: 
INFO: >>> Frame 003717
INFO: Player name: 'sF_Oezignful' -> 'sF_Dezignful'
INFO: Weapon 1: 'YOLT' -> 'VOLT'
INFO: Weapon 2: 'G7 SCOUT'
INFO: 
INFO: >>> Frame 003718
INFO: Player name: 'sF_Dezignful'
INFO: Weapon 1: 'VOLT'
INFO: Weapon 2: 'G7.SCOUT' -> 'G7 SCOUT'
INFO: 
INFO: >>> Frame 003719
INFO: Player name: '‘sF Gentrifying' -> 'sF_Gentrifyinq'
INFO: Weapon 1: 'R-301'
INFO: Weapon 2: 'EVA-38 AUTO' -> 'EVA-8 AUTO'
INFO: 
INFO: >>> Frame 003720
INFO: Player name: 'sF_Gentrifying' -> 'sF_Gentrifyinq'
INFO: Weapon 1: 'R-301'
INFO: Weapon 2: 'EVA-B AUTO' -> 'EVA-8 AUTO'
INFO: 
INFO: >>> Frame 003721
INFO: Player name: 'sF_Gentrifying' -> 'sF_Gentrifyinq'
INFO: Weapon 1: 'R-301'
INFO: Weapon 2: 'EVA-B AUTO' -> 'EVA-8 AUTO'
INFO: 
INFO: >>> Frame 003722
INFO: Player name: 'sF_Gentrifying' -> 'sF_Gentrifyinq'
INFO: Weapon 1: 'R301' -> 'R-301'
INFO: Weapon 2: 'EVA-8 AUTO'
INFO: 
INFO: >>> Frame 003723
INFO: Can't find player name end icon
INFO: 
INFO: >>> Frame 003724
INFO: Can't find player name end icon
INFO: 
INFO: >>> Frame 003725
INFO: Can't find player name end icon
INFO: 
INFO: >>> Frame 003726
INFO: Can't find player name end icon
INFO: 
INFO: >>> Frame 003727
INFO: Player name: 'CLG imMadness' -> 'CLG ImMadness'
INFO: Weapon 1: 'R-301'
INFO: Weapon 2: 'EVA-38 AUTO' -> 'EVA-8 AUTO'
INFO: 
INFO: >>> Frame 003728
INFO: Player name: 'CLG ImMadness'
INFO: Weapon 1: 'R-301'
INFO: Weapon 2: 'EVa-38 AUTO' -> 'EVA-8 AUTO'
INFO: 
INFO: >>> Frame 003729
INFO: Player name: 'CLG ImMadness'
INFO: Weapon 1: 'R-301'
INFO: Weapon 2: 'EVA-8 AUTO'
INFO: 
INFO: >>> Frame 003730
INFO: Player name: 'CLG ImMadness'
INFO: Weapon 1: 'R-40)' -> 'R-301'
INFO: Weapon 2: 'EVA-8 AUTO'
INFO: 
INFO: >>> Frame 003731
INFO: Player name: 'CLG ImMadness'
INFO: Weapon 1: 'R-301'
INFO: Weapon 2: 'EVA-8 AUTO'
INFO: 
INFO: >>> Frame 003732
INFO: Player name: '_qcraok' -> 'qcrook'
INFO: Weapon 1: 'G7 SCOUT'
INFO: Weapon 2: 'MASTIFF'
INFO: 
INFO: >>> Frame 003733
INFO: Unknown player: ', gceraok' (best guess: 'Sauceror', 0.56)
INFO: 
INFO: >>> Frame 003734
INFO: Player name: ', qcrook' -> 'qcrook'
INFO: Weapon 1: 'G7 SCOUT'
INFO: Weapon 2: 'MASTIFF'
INFO: 
INFO: >>> Frame 003735
INFO: Player name: '_qcrook' -> 'qcrook'
INFO: Weapon 1: 'G7 SCOUT'
INFO: Weapon 2: 'MASTIFF'
INFO: 
INFO: >>> Frame 003736
INFO: Can't find player name end icon
INFO: 
INFO: >>> Frame 003737
INFO: Can't find player name end icon
INFO: 
INFO: >>> Frame 003738
INFO: Can't find player name end icon
INFO: 
INFO: >>> Frame 003739
INFO: Player name: 'SF Dezignful' -> 'sF_Dezignful'
INFO: Weapon 1: 'VOLT'
INFO: Weapon 2: 'G7 SCOUT'
INFO: 
INFO: >>> Frame 003740
INFO: Player name: 'sF_Dezignful'
INFO: Weapon 1: 'VOLT.' -> 'VOLT'
INFO: Weapon 2: 'G7 SCOUT'
INFO: 
INFO: >>> Frame 003741
INFO: Player name: 'SF_Dezignful' -> 'sF_Dezignful'
INFO: Weapon 1: 'VOLT'
INFO: Weapon 2: 'G7 SCOUT'
INFO: 
INFO: >>> Frame 003742
INFO: Player name: 'SF_Dezignful' -> 'sF_Dezignful'
INFO: Weapon 1: 'VOLT'
INFO: Weapon 2: 'G7 SCOUT'
INFO: 
INFO: >>> Frame 003743
INFO: Player name: 'SF_Dezignful' -> 'sF_Dezignful'
INFO: Weapon 1: 'VOLT'
INFO: Weapon 2: 'G7 SCOUT'
INFO: 
INFO: >>> Frame 003744
INFO: Player name: 'sF Oezignful' -> 'sF_Dezignful'
INFO: Weapon 1: 'VOLT'
INFO: Weapon 2: 'G7 SCOUT'
INFO: 
INFO: >>> Frame 003745
INFO: Player name: 'SF_Dezignful' -> 'sF_Dezignful'
INFO: Weapon 1: 'VOLT'
INFO: Weapon 2: 'G7? SCOUT' -> 'G7 SCOUT'
INFO: 
INFO: >>> Frame 003746
INFO: Can't find player name end icon
INFO: 
INFO: >>> Frame 003747
INFO: Can't find player name end icon
INFO: 
INFO: >>> Frame 003748
INFO: Can't find player name end icon
INFO: 
INFO: >>> Frame 003749
INFO: Player name: 'CLG imMadness' -> 'CLG ImMadness'
INFO: Weapon 1: 'R-401' -> 'R-301'
INFO: Weapon 2: 'EVA-8 AUTO'
INFO: 
INFO: >>> Frame 003750
INFO: Player name: '‘Hambino24TV.' -> 'Hambino24TV'
INFO: Weapon 1: 'SENTINEL'
INFO: Weapon 2: 'R-99'
INFO: 
INFO: >>> Frame 003751
INFO: Player name: '“Hamnino24tv:' -> 'Hambino24TV'
INFO: Weapon 1: 'SENTINEL'
INFO: Weapon 2: 'R-99'
INFO: 
INFO: >>> Frame 003752
INFO: Player name: 'Hambino24TV'
INFO: Weapon 1: 'SENTINEL'
INFO: Weapon 2: 'R-99'
INFO: 
INFO: >>> Frame 003753
INFO: Player name: 'Hambino24TV'
INFO: Weapon 1: 'SENTINEL'
INFO: Weapon 2: 'R-99'
INFO: 
INFO: >>> Frame 003754
INFO: Player name: 'Hambino24TV'
INFO: Weapon 1: 'SENTINEL'
INFO: Weapon 2: 'R-89' -> 'R-99'
INFO: 
INFO: >>> Frame 003755
INFO: 
INFO: >>> Frame 003756
INFO: Unknown player: ', ™' (best guess: 'CLT Pride', 0.89)
INFO: 
INFO: >>> Frame 003757
INFO: 
INFO: >>> Frame 003758
INFO: Player name: 'NPL_OMGRONNIE' -> 'NPL_OMGRONN1E'
INFO: Weapon 1: 'R-99'
INFO: Unknown weapon: 'PROWLER' (best guess: 'VOLT', 0.71)
INFO: 
INFO: >>> Frame 003759
INFO: Player name: 'NPL_OMGRONNIE' -> 'NPL_OMGRONN1E'
INFO: Weapon 1: 'R-99'
INFO: Unknown weapon: 'PROWLER' (best guess: 'VOLT', 0.71)
INFO: 
INFO: >>> Frame 003760
INFO: Player name: 'sF_Resultuh'
INFO: Weapon 1: 'MASTIFF'
INFO: Weapon 2: 'G7 SCOUT'
INFO: 
INFO: >>> Frame 003761
INFO: Player name: '_sF_Resultuh' -> 'sF_Resultuh'
INFO: Weapon 1: 'MASTIFF'
INFO: Weapon 2: 'G7? SCOUT' -> 'G7 SCOUT'
INFO: 
INFO: >>> Frame 003762
INFO: Player name: 'SF_Resultuh' -> 'sF_Resultuh'
INFO: Weapon 1: 'MASTIFF'
INFO: Weapon 2: 'G7 SCOUT'
INFO: 
INFO: >>> Frame 003763
INFO: Can't find player name end icon
INFO: 
INFO: >>> Frame 003764
INFO: Can't find player name end icon
INFO: 
INFO: >>> Frame 003765
INFO: Can't find player name end icon
INFO: 
INFO: >>> Frame 003766
INFO: Player name: 'SF _Resultuh' -> 'sF_Resultuh'
INFO: Weapon 1: 'MASTIFF'
INFO: Weapon 2: 'G7 SCOUT'
INFO: 
INFO: >>> Frame 003767
INFO: Player name: '_SF_Resultuh' -> 'sF_Resultuh'
INFO: Weapon 1: 'MASTIFF'
INFO: Weapon 2: 'G7 SCOUT'
INFO: 
INFO: >>> Frame 003768
INFO: Player name: ', SF Resultuh' -> 'sF_Resultuh'
INFO: Weapon 1: 'MASTIFF'
INFO: Weapon 2: 'G7? SCOUT' -> 'G7 SCOUT'
INFO: 
INFO: >>> Frame 003769
INFO: Player name: '-sF_Resultuh' -> 'sF_Resultuh'
INFO: Weapon 1: 'MASTIFF'
INFO: Weapon 2: 'G7 SCOUT'
INFO: 
INFO: >>> Frame 003770
INFO: Player name: '_SF_Resultuh' -> 'sF_Resultuh'
INFO: Weapon 1: 'MASTIFF'
INFO: Weapon 2: 'G7 SCOUT'
INFO: 
INFO: >>> Frame 003771
INFO: Player name: '_SF_Resultuh' -> 'sF_Resultuh'
INFO: Weapon 1: 'MASTIFF'
INFO: Weapon 2: 'G7 SCOUT'
INFO: 
INFO: >>> Frame 003772
INFO: Player name: ', SF_Resultuh' -> 'sF_Resultuh'
INFO: Weapon 1: 'MASTIFF'
INFO: Weapon 2: 'G7 SCOUT'
INFO: 
INFO: >>> Frame 003773
INFO: Player name: 'sk _Resultuh' -> 'sF_Resultuh'
INFO: Weapon 1: 'MASTIFF'
INFO: Weapon 2: 'G? SCOUT' -> 'G7 SCOUT'
INFO: 
INFO: >>> Frame 003774
INFO: Player name: 'SF_Resultuh' -> 'sF_Resultuh'
INFO: Weapon 1: 'MASTIFF'
INFO: Weapon 2: 'G7 SCOUT'
INFO: 
INFO: >>> Frame 003775
INFO: Player name: 'eo .\nSF _Resultuh' -> 'sF_Resultuh'
INFO: Weapon 1: 'MASTIFF'
INFO: Weapon 2: 'G7 SCOUT'
INFO: 
INFO: >>> Frame 003776
INFO: Unknown player: ' ' (best guess: 'CLT Pride', 0.89)
INFO: 
INFO: >>> Frame 003777
INFO: 
INFO: >>> Frame 003778
INFO: Unknown player: 'La' (best guess: 'CLG_Vaxlon', 0.80)
INFO: 
INFO: >>> Frame 003779
INFO: Can't find player name end icon
