INFO: 
INFO: >>> Frame 004238
INFO: Can't find player name end icon
INFO: 
INFO: >>> Frame 004239
INFO: Can't find player name end icon
INFO: 
INFO: >>> Frame 004240
INFO: Can't find player name end icon
INFO: 
INFO: >>> Frame 004241
INFO: Can't find player name end icon
INFO: 
INFO: >>> Frame 004242
INFO: Can't find player name end icon
INFO: 
INFO: >>> Frame 004243
INFO: Can't find player name end icon
INFO: 
INFO: >>> Frame 004244
INFO: Can't find player name end icon
INFO: 
INFO: >>> Frame 004245
INFO: Can't find player name end icon
INFO: 
INFO: >>> Frame 004246
INFO: Player name: '7xaniya'
INFO: 
INFO: >>> Frame 004247
INFO: Player name: 'Txaniya' -> '7xaniya'
INFO: 
INFO: >>> Frame 004248
INFO: Player name: '7xaniya'
INFO: 
INFO: >>> Frame 004249
INFO: Player name: '7xaniya'
INFO: 
INFO: >>> Frame 004250
INFO: Player name: '7xaniya'
INFO: 
INFO: >>> Frame 004251
INFO: Player name: '7xaniya'
INFO: 
INFO: >>> Frame 004252
INFO: Player name: 'Txaniya' -> '7xaniya'
INFO: 
INFO: >>> Frame 004253
INFO: Player name: '7xaniya'
INFO: 
INFO: >>> Frame 004254
INFO: Player name: '7xaniya'
INFO: 
INFO: >>> Frame 004255
INFO: Player name: '7xaniya'
INFO: 
INFO: >>> Frame 004256
INFO: Player name: '7xaniya'
INFO: 
INFO: >>> Frame 004257
INFO: Player name: '7xantya' -> '7xaniya'
INFO: 
INFO: >>> Frame 004258
INFO: Player name: '7xaniya'
INFO: 
INFO: >>> Frame 004259
INFO: Player name: 'F7xaniyas' -> '7xaniya'
INFO: Unknown weapon: 'ey' (best guess: '30-30 REPEATER', 1.00)
INFO: 
INFO: >>> Frame 004260
INFO: Player name: '7xaniya'
INFO: 
INFO: >>> Frame 004261
INFO: Player name: 'Txaniya' -> '7xaniya'
INFO: 
INFO: >>> Frame 004262
INFO: Player name: '7xaniya'
INFO: 
INFO: >>> Frame 004263
INFO: Player name: '7xaniya'
INFO: 
INFO: >>> Frame 004264
INFO: 
INFO: >>> Frame 004265
INFO: Player name: '7xaniya'
INFO: 
INFO: >>> Frame 004266
INFO: Player name: 'twitch-maydeelol'
INFO: Weapon 1: 'P?020' -> 'P2020'
INFO: Weapon 2: 'TRIPLE TAKE'
INFO: 
INFO: >>> Frame 004267
INFO: Player name: 'twitch-maydeelol'
INFO: Weapon 1: 'P7020' -> 'P2020'
INFO: Weapon 2: 'TRIPLE TAKE'
INFO: 
INFO: >>> Frame 004268
INFO: Player name: 'twitch-maydeelol'
INFO: Weapon 1: 'P2020'
INFO: Weapon 2: 'TRIPLE TAKE'
INFO: 
INFO: >>> Frame 004269
INFO: Player name: 'twitch-maydeelol'
INFO: Weapon 1: 'P2020'
INFO: Weapon 2: 'TRIPLE TAKE'
INFO: 
INFO: >>> Frame 004270
INFO: Player name: 'twitch-maydeetol' -> 'twitch-maydeelol'
INFO: Weapon 1: '‘P2020' -> 'P2020'
INFO: Weapon 2: 'TRIPLE TAKE'
INFO: 
INFO: >>> Frame 004271
INFO: Player name: 'twitch-maydeelo!' -> 'twitch-maydeelol'
INFO: Weapon 1: 'VOLT'
INFO: Weapon 2: 'TRIPLE TAKE'
INFO: 
INFO: >>> Frame 004272
INFO: Player name: 'twitch-maydeelol'
INFO: Weapon 1: 'VOLT'
INFO: Weapon 2: '‘TRIPLE TAKE' -> 'TRIPLE TAKE'
INFO: 
INFO: >>> Frame 004273
INFO: Player name: 'twitch-maydeelol'
INFO: Weapon 1: 'VOLT'
INFO: Weapon 2: 'TRIPLE TAKE'
INFO: 
INFO: >>> Frame 004274
INFO: Player name: 'twitch-maydeelol'
INFO: Weapon 1: 'VOLT'
INFO: Weapon 2: 'TRIPLE TAKE'
INFO: 
INFO: >>> Frame 004275
INFO: Player name: 'twitch-maydeelol'
INFO: Weapon 1: 'VOLT'
INFO: Weapon 2: 'TRIPLE TAKE'
INFO: 
INFO: >>> Frame 004276
INFO: Player name: '_ Gracefulfps' -> 'Gracefulfps'
INFO: Weapon 1: 'EVA-8 AUTO'
INFO: Weapon 2: 'ALTERNATOR'
INFO: 
INFO: >>> Frame 004277
INFO: Player name: '_ Gracefulfps' -> 'Gracefulfps'
INFO: Weapon 1: 'EVA-8 AUTO'
INFO: Weapon 2: 'ALTERNATOR'
INFO: 
INFO: >>> Frame 004278
INFO: Player name: 'Gracefulfps'
INFO: Weapon 1: 'EVA-8 AUTO'
INFO: Weapon 2: 'ALTERNATOR'
INFO: 
INFO: >>> Frame 004279
INFO: Player name: ', Gracefulfps' -> 'Gracefulfps'
INFO: Weapon 1: 'EVA-8 AUTO'
INFO: Weapon 2: 'ALTERNATOR'
INFO: 
INFO: >>> Frame 004280
INFO: Player name: '_Gracefulfps' -> 'Gracefulfps'
INFO: Weapon 1: 'EVA-8 AUTO'
INFO: Weapon 2: 'WINGMAN'
INFO: 
INFO: >>> Frame 004281
INFO: Player name: '_ Gracefulfps' -> 'Gracefulfps'
INFO: Weapon 1: 'EVA-8 AUTO'
INFO: Weapon 2: 'WINGMAN'
INFO: 
INFO: >>> Frame 004282
INFO: Player name: 'Gracetulfps' -> 'Gracefulfps'
INFO: Weapon 1: '~EV4-8 AUTO' -> 'EVA-8 AUTO'
INFO: Weapon 2: 'WINGMAN'
INFO: 
INFO: >>> Frame 004283
INFO: Player name: 'Jmwfps'
INFO: Weapon 1: 'EVA-B AUTO' -> 'EVA-8 AUTO'
INFO: Weapon 2: 'SPITFIRE'
INFO: 
INFO: >>> Frame 004284
INFO: Unknown player: 'mW fi NS\nLs' (best guess: 'Jmwfps', 0.82)
INFO: 
INFO: >>> Frame 004285
INFO: Player name: 'Jmwfps'
INFO: Weapon 1: 'EVA-8 AUTO'
INFO: Weapon 2: 'SPITFIRE'
INFO: 
INFO: >>> Frame 004286
INFO: Player name: 'Jmwfps'
INFO: Weapon 1: 'EVA-8 AUTO'
INFO: Weapon 2: 'SPITFIRE'
INFO: 
INFO: >>> Frame 004287
INFO: Player name: 'Jmwfps'
INFO: Weapon 1: 'EVA-8 AUTO'
INFO: Weapon 2: 'SPITFIRE'
INFO: 
INFO: >>> Frame 004288
INFO: Can't find player name end icon
INFO: 
INFO: >>> Frame 004289
INFO: Can't find player name end icon
INFO: 
INFO: >>> Frame 004290
INFO: Can't find player name end icon
INFO: 
INFO: >>> Frame 004291
INFO: Can't find player name end icon
INFO: 
INFO: >>> Frame 004292
INFO: Player name: 'Jmwfps'
INFO: Weapon 1: 'EVA-8 AUTO'
INFO: Weapon 2: 'SPITFIRE'
INFO: 
INFO: >>> Frame 004293
INFO: Player name: 'Jmwipsi' -> 'Jmwfps'
INFO: Weapon 1: 'EVA-8 AUTO'
INFO: Weapon 2: 'SPITFIRE'
INFO: 
INFO: >>> Frame 004294
INFO: Player name: 'Jmwfps'
INFO: Weapon 1: 'EVA-8 AUTO'
INFO: Weapon 2: 'SPITFIRE'
INFO: 
INFO: >>> Frame 004295
INFO: Player name: 'Jmwfps'
INFO: Weapon 1: 'EVA-8 AUTO'
INFO: Weapon 2: 'SPITFIRE'
INFO: 
INFO: >>> Frame 004296
INFO: Player name: 'Jmwfps'
INFO: Weapon 1: 'EVA-8 AUTO'
INFO: Weapon 2: 'SPITFIRE'
INFO: 
INFO: >>> Frame 004297
INFO: Player name: 'Jmwips' -> 'Jmwfps'
INFO: Weapon 1: 'EVA-8 AUTO'
INFO: Weapon 2: 'SPITFIRE'
INFO: 
INFO: >>> Frame 004298
INFO: Player name: 'Jmwfps'
INFO: Weapon 1: 'EVA-8 AUTO'
INFO: Weapon 2: 'SPITFIRE'
INFO: 
INFO: >>> Frame 004299
INFO: Player name: 'Jmwips' -> 'Jmwfps'
INFO: Weapon 1: 'EVA-8 AUTO'
INFO: Weapon 2: 'SPITFIRE'
INFO: 
INFO: >>> Frame 004300
INFO: Player name: 'Jmwips' -> 'Jmwfps'
INFO: Weapon 1: 'EVA-8 AUTO'
INFO: Weapon 2: 'SPITFIRE'
INFO: 
INFO: >>> Frame 004301
INFO: Player name: 'Jmwfps'
INFO: Weapon 1: 'EVA-8 AUTO'
INFO: Weapon 2: 'SPITFIRE'
INFO: 
INFO: >>> Frame 004302
INFO: Player name: 'Jmwfps'
INFO: Weapon 1: 'EVA-89 AUTO' -> 'EVA-8 AUTO'
INFO: Weapon 2: 'SPITFIRE'
INFO: 
INFO: >>> Frame 004303
INFO: Player name: 'Jmwfps'
INFO: Weapon 1: 'EVA-8 AUTO'
INFO: Weapon 2: 'SPITFIRE'
INFO: 
INFO: >>> Frame 004304
INFO: Player name: 'twitch-maydeelol'
INFO: Weapon 1: 'VOLT'
INFO: Weapon 2: 'TRIPLE TAKE'
INFO: 
INFO: >>> Frame 004305
INFO: Player name: 'twitch-maydeelol'
INFO: Weapon 1: 'VOLT'
INFO: Weapon 2: 'TRIPLE TAKE'
INFO: 
INFO: >>> Frame 004306
INFO: Player name: '-_twitch-maydeelol' -> 'twitch-maydeelol'
INFO: Weapon 1: 'VOLT'
INFO: Weapon 2: 'TRIPLE TAKE'
INFO: 
INFO: >>> Frame 004307
INFO: Player name: '“twitch-maydeelol' -> 'twitch-maydeelol'
INFO: Weapon 1: 'VOLT'
INFO: Weapon 2: 'TRIPLE TAKE'
INFO: 
INFO: >>> Frame 004308
INFO: Player name: 'twitch-maydeelol'
INFO: Weapon 1: 'VOLT'
INFO: Weapon 2: 'TRIPLE TAKE'
INFO: 
INFO: >>> Frame 004309
INFO: Player name: 'twitch-maydeelol'
INFO: Weapon 1: 'VOLT'
INFO: Weapon 2: 'TRIPLE TAKE'
INFO: 
INFO: >>> Frame 004310
INFO: Player name: 'twitch-maydeelol'
INFO: Weapon 1: 'VOLT'
INFO: Weapon 2: '‘TRIPLE TAKE' -> 'TRIPLE TAKE'
INFO: 
INFO: >>> Frame 004311
INFO: Player name: '“twitch-maydeetol' -> 'twitch-maydeelol'
INFO: Weapon 1: 'VOLT'
INFO: Weapon 2: 'TRIPLE TAKE'
INFO: 
INFO: >>> Frame 004312
INFO: Player name: '“twitch-maydeetol' -> 'twitch-maydeelol'
INFO: Weapon 1: 'YOLT' -> 'VOLT'
INFO: Weapon 2: '‘TRIPLE TAKE' -> 'TRIPLE TAKE'
INFO: 
INFO: >>> Frame 004313
INFO: Player name: 'twitch-maydeelo!' -> 'twitch-maydeelol'
INFO: Weapon 1: 'VOLT'
INFO: Weapon 2: 'TRIPLE TAKE'
INFO: 
INFO: >>> Frame 004314
INFO: Player name: 'twitch-maydeelol'
INFO: Weapon 1: 'VOLT'
INFO: Weapon 2: 'TRIPLE TAKE'
INFO: 
INFO: >>> Frame 004315
INFO: Player name: 'twitch-maydeelol'
INFO: Weapon 1: 'VOLT'
INFO: Weapon 2: 'TRIPLE TAKE'
INFO: 
INFO: >>> Frame 004316
INFO: Player name: 'twitch-maydeelol'
INFO: Weapon 1: 'VOLT'
INFO: Weapon 2: 'TRIPLE TAKE'
INFO: 
INFO: >>> Frame 004317
INFO: Player name: 'twitch-maydeelo!l' -> 'twitch-maydeelol'
INFO: Weapon 1: 'VOLT'
INFO: Weapon 2: 'TRIPLE TAKE'
INFO: 
INFO: >>> Frame 004318
INFO: Player name: 'twitch-maydeelol'
INFO: Weapon 1: 'VOLT'
INFO: Weapon 2: 'TRIPLE TAKE'
INFO: 
INFO: >>> Frame 004319
INFO: Player name: '| twitch-m aydeelol' -> 'twitch-maydeelol'
INFO: Weapon 1: 'VOLT'
INFO: Weapon 2: '‘TRIPLE TAKE' -> 'TRIPLE TAKE'
INFO: 
INFO: >>> Frame 004320
INFO: Player name: 'twitch-maydeelol'
INFO: Weapon 1: 'VOLT'
INFO: Weapon 2: 'TRIPLE TAKE'
INFO: 
INFO: >>> Frame 004321
INFO: Player name: 'twitch-maydeelol'
INFO: Weapon 1: 'VOLT'
INFO: Weapon 2: 'TRIPLE TAKE'
INFO: 
INFO: >>> Frame 004322
INFO: Player name: 'twitch-maydeelol'
INFO: Weapon 1: 'VOLT'
INFO: Weapon 2: 'TRIPLE TAKE'
INFO: 
INFO: >>> Frame 004323
INFO: Player name: 'twitch-maydeelol'
INFO: Weapon 1: 'VOLT'
INFO: Weapon 2: 'TRIPLE TAKE'
INFO: 
INFO: >>> Frame 004324
INFO: Player name: 'twitch-maydeelol'
INFO: Weapon 1: 'VOLT'
INFO: Weapon 2: 'TRIPLE TAKE'
INFO: 
INFO: >>> Frame 004325
INFO: Player name: 'twitch-maydeelol'
INFO: Weapon 1: 'VOLT'
INFO: Weapon 2: 'TRIPLE TAKE'
INFO: 
INFO: >>> Frame 004326
INFO: Player name: 'twitch-maydeelol'
INFO: Weapon 1: 'VOLT'
INFO: Weapon 2: '‘TRIPLE TAKE.' -> 'TRIPLE TAKE'
INFO: 
INFO: >>> Frame 004327
INFO: Player name: 'twitch-maydeelol'
INFO: Weapon 1: 'VOLT'
INFO: Weapon 2: 'TRIPLE TAKE'
INFO: 
INFO: >>> Frame 004328
INFO: Player name: 'twitch-maydeelol'
INFO: Weapon 1: 'VOLT'
INFO: Weapon 2: 'TRIPLE TAKE'
INFO: 
INFO: >>> Frame 004329
INFO: Player name: 'twitch-maydeelol'
INFO: Weapon 1: 'VOLT'
INFO: Weapon 2: 'TRIPLE TAKE'
INFO: 
INFO: >>> Frame 004330
INFO: Player name: 'twitch-maydeelol'
INFO: Weapon 1: 'VOLT'
INFO: Weapon 2: '‘TRIPLE TAKE' -> 'TRIPLE TAKE'
INFO: 
INFO: >>> Frame 004331
INFO: Player name: 'twitch-maydeelol'
INFO: Weapon 1: 'VOLT'
INFO: Weapon 2: 'TRIPLE TAKE'
INFO: 
INFO: >>> Frame 004332
INFO: Player name: 'Gracefulfps'
INFO: Weapon 1: 'MASTIFF'
INFO: 
INFO: >>> Frame 004333
INFO: Player name: ', Gracefulfps' -> 'Gracefulfps'
INFO: Weapon 1: 'MASTIFF'
INFO: 
INFO: >>> Frame 004334
INFO: Player name: '_Gracefulfps' -> 'Gracefulfps'
INFO: Weapon 1: 'MASTIFF'
INFO: Weapon 2: 'TRIPLE TAKE'
INFO: 
INFO: >>> Frame 004335
INFO: Player name: ' Gracefulfps' -> 'Gracefulfps'
INFO: Weapon 1: 'MASTIFF'
INFO: Weapon 2: 'TRIPLE TAKE'
INFO: 
INFO: >>> Frame 004336
INFO: Player name: '_ Gracefulfps' -> 'Gracefulfps'
INFO: Weapon 1: 'MASTIFF'
INFO: Weapon 2: 'TRIPLE TAKE'
INFO: 
INFO: >>> Frame 004337
INFO: Player name: '_ Gracefulfps' -> 'Gracefulfps'
INFO: Weapon 1: 'MASTIFF'
INFO: Weapon 2: 'TRIPLE TAKE'
INFO: 
INFO: >>> Frame 004338
INFO: Player name: ', Gracefulfps' -> 'Gracefulfps'
INFO: Weapon 1: 'MASTIFF'
INFO: Weapon 2: 'TRIPLE TAKE'
INFO: 
INFO: >>> Frame 004339
INFO: Player name: '_ Gracefulfps' -> 'Gracefulfps'
INFO: Weapon 1: 'MASTIFF'
INFO: Weapon 2: 'TRIPLE TAKE'
INFO: 
INFO: >>> Frame 004340
INFO: Player name: '_ Gracefulfps' -> 'Gracefulfps'
INFO: Weapon 1: 'MASTIFF'
INFO: Weapon 2: 'TRIPLE TAKE'
INFO: 
INFO: >>> Frame 004341
INFO: Player name: '_Gracefulfps' -> 'Gracefulfps'
INFO: Weapon 1: 'MASTIFF'
INFO: Weapon 2: 'TRIPLE TAKE'
INFO: 
INFO: >>> Frame 004342
INFO: Player name: ', Gracefulfps' -> 'Gracefulfps'
INFO: Weapon 1: 'MASTIFF'
INFO: Weapon 2: 'TRIPLE TAKE'
INFO: 
INFO: >>> Frame 004343
INFO: Player name: '_Gracefulfps' -> 'Gracefulfps'
INFO: Weapon 1: 'MASTIFF'
INFO: Weapon 2: 'TRIPLE TAKE'
INFO: 
INFO: >>> Frame 004344
INFO: Player name: ' Gracefulfps' -> 'Gracefulfps'
INFO: Weapon 1: 'MASTIFF'
INFO: Weapon 2: 'TRIPLE TAKE'
INFO: 
INFO: >>> Frame 004345
INFO: Player name: '_ Gracefulfps' -> 'Gracefulfps'
INFO: Weapon 1: 'MASTIFF'
INFO: Weapon 2: 'TRIPLE TAKE'
INFO: 
INFO: >>> Frame 004346
INFO: Player name: '_ Gracefulfps' -> 'Gracefulfps'
INFO: Weapon 1: 'MASTIFF'
INFO: Weapon 2: 'TRIPLE TAKE'
INFO: 
INFO: >>> Frame 004347
INFO: Player name: '_ Gracefulfps' -> 'Gracefulfps'
INFO: Weapon 1: 'MASTIFF'
INFO: Weapon 2: 'TRIPLE TAKE'
INFO: 
INFO: >>> Frame 004348
INFO: Player name: 'Jmwfps'
INFO: Weapon 1: 'EVA-8 AUTO'
INFO: Weapon 2: 'SPITFIRE'
INFO: 
INFO: >>> Frame 004349
INFO: Player name: 'Jmwips' -> 'Jmwfps'
INFO: Weapon 1: 'EVA-8 AUTO'
INFO: Weapon 2: 'SPITFIRE'
INFO: 
INFO: >>> Frame 004350
INFO: Player name: 'Jmwfps'
INFO: Weapon 1: 'EVA-B AUTO' -> 'EVA-8 AUTO'
INFO: Weapon 2: 'SPITFIRE'
INFO: 
INFO: >>> Frame 004351
INFO: Player name: 'Jmwfps'
INFO: Weapon 1: 'EVA-8 AUTO'
INFO: Weapon 2: 'SPITFIRE'
INFO: 
INFO: >>> Frame 004352
INFO: Player name: 'Jmwips' -> 'Jmwfps'
INFO: Weapon 1: 'EVA-8 AUTO'
INFO: Weapon 2: 'oPITFIRE' -> 'SPITFIRE'
INFO: 
INFO: >>> Frame 004353
INFO: Player name: 'Jmwfps'
INFO: Weapon 1: 'EVA-8 AUTO'
INFO: Weapon 2: 'SPITFIRE'
INFO: 
INFO: >>> Frame 004354
INFO: Player name: 'Jmwips' -> 'Jmwfps'
INFO: Weapon 1: 'EVA-8 AUTO'
INFO: Weapon 2: 'SPITFIRE'
INFO: 
INFO: >>> Frame 004355
INFO: Player name: 'Jmwfps'
INFO: Weapon 1: 'EVA-9 AUTO' -> 'EVA-8 AUTO'
INFO: Weapon 2: 'SPITFIRE'
INFO: 
INFO: >>> Frame 004356
INFO: Player name: 'Jmwfps'
INFO: Weapon 1: 'EVA-8 AUTO'
INFO: Weapon 2: 'SPITFIRE'
INFO: 
INFO: >>> Frame 004357
INFO: Player name: 'Jmwfps'
INFO: Weapon 1: 'EVA-8 AUTO'
INFO: Weapon 2: 'SPITFIRE'
INFO: 
INFO: >>> Frame 004358
INFO: Can't find player name end icon
INFO: 
INFO: >>> Frame 004359
INFO: Can't find player name end icon
INFO: 
INFO: >>> Frame 004360
INFO: Can't find player name end icon
INFO: 
INFO: >>> Frame 004361
INFO: Can't find player name end icon
INFO: 
INFO: >>> Frame 004362
INFO: Player name: 'Jmwfps'
INFO: Weapon 1: 'EVA-8 AUTO'
INFO: Weapon 2: 'OPITFIRE' -> 'SPITFIRE'
INFO: 
INFO: >>> Frame 004363
INFO: Player name: 'twitch-maydeelol'
INFO: Weapon 1: 'EVA-8 AUTO'
INFO: Weapon 2: 'SPITFIRE'
INFO: 
INFO: >>> Frame 004364
INFO: Player name: 'twitchMaydeelol' -> 'twitch-maydeelol'
INFO: Weapon 1: 'EVA-38 AUTO' -> 'EVA-8 AUTO'
INFO: Weapon 2: 'SPITFIRE'
INFO: 
INFO: >>> Frame 004365
INFO: Player name: 'twitch-maydeelol'
INFO: Weapon 1: 'EVA-8 AUTO'
INFO: Weapon 2: 'SPITFIRE'
INFO: 
INFO: >>> Frame 004366
INFO: Player name: 'twitch-maydeelo!' -> 'twitch-maydeelol'
INFO: Weapon 1: 'WINGMAN'
INFO: Weapon 2: 'VOLT'
INFO: 
INFO: >>> Frame 004367
INFO: Player name: 'twitch-maydeelol'
INFO: Weapon 1: 'WINGMAN'
INFO: Weapon 2: 'VOLT'
INFO: 
INFO: >>> Frame 004368
INFO: Can't find player name end icon
INFO: 
INFO: >>> Frame 004369
INFO: Can't find player name end icon
INFO: 
INFO: >>> Frame 004370
INFO: Player name: 'COOLER Gnaske' -> 'COOLER_Gnaske'
INFO: Weapon 1: 'HEMLOK'
INFO: Weapon 2: 'EVA-8 AUTO'
INFO: 
INFO: >>> Frame 004371
INFO: Player name: 'COOLER _Gnaske' -> 'COOLER_Gnaske'
INFO: Weapon 1: 'HEMLOK'
INFO: Weapon 2: 'EVA-B AUTO' -> 'EVA-8 AUTO'
INFO: 
INFO: >>> Frame 004372
INFO: Player name: 'COOLER Gnaske' -> 'COOLER_Gnaske'
INFO: Weapon 1: 'TRIPLE TAKE'
INFO: Weapon 2: 'EVA-B AUTO' -> 'EVA-8 AUTO'
INFO: 
INFO: >>> Frame 004373
INFO: Player name: 'COOLER. Gnaske' -> 'COOLER_Gnaske'
INFO: Weapon 1: 'TRIPLE TAKE'
INFO: Weapon 2: 'EVA-B AUTO' -> 'EVA-8 AUTO'
INFO: 
INFO: >>> Frame 004374
INFO: Can't find player name end icon
INFO: 
INFO: >>> Frame 004375
INFO: Can't find player name end icon
INFO: 
INFO: >>> Frame 004376
INFO: Can't find player name end icon
INFO: 
INFO: >>> Frame 004377
INFO: Can't find player name end icon
INFO: 
INFO: >>> Frame 004378
INFO: Can't find player name end icon
INFO: 
INFO: >>> Frame 004379
INFO: Can't find player name end icon
INFO: 
INFO: >>> Frame 004380
INFO: Player name: 'NEW_Rogerboger'
INFO: Weapon 1: 'FLATLINE'
INFO: Weapon 2: 'SHARGE RIFLE' -> 'CHARGE RIFLE'
INFO: 
INFO: >>> Frame 004381
INFO: Player name: 'NEW Rogerboger' -> 'NEW_Rogerboger'
INFO: Weapon 1: 'FLATLINE'
INFO: Weapon 2: 'SHARGE RIFLE' -> 'CHARGE RIFLE'
INFO: 
INFO: >>> Frame 004382
INFO: Player name: 'NEW Rogerboger' -> 'NEW_Rogerboger'
INFO: Weapon 1: 'FLATLINE'
INFO: Weapon 2: 'CHARGE RIFLE'
INFO: 
INFO: >>> Frame 004383
INFO: Player name: 'NEW _Rogerboger' -> 'NEW_Rogerboger'
INFO: Weapon 1: 'FLATLINE'
INFO: Weapon 2: 'SHARGE RIFLE' -> 'CHARGE RIFLE'
INFO: 
INFO: >>> Frame 004384
INFO: Player name: 'NEW_Rogerboger'
INFO: Weapon 1: 'FLATLINE'
INFO: Weapon 2: 'SHARGE RIFLE' -> 'CHARGE RIFLE'
INFO: 
INFO: >>> Frame 004385
INFO: Player name: 'NEW Rogerboger' -> 'NEW_Rogerboger'
INFO: Weapon 1: 'FLATLINE'
INFO: Weapon 2: 'SHARGE RIFLE' -> 'CHARGE RIFLE'
INFO: 
INFO: >>> Frame 004386
INFO: Can't find player name end icon
INFO: 
INFO: >>> Frame 004387
INFO: Can't find player name end icon
INFO: 
INFO: >>> Frame 004388
INFO: Can't find player name end icon
INFO: 
INFO: >>> Frame 004389
INFO: Can't find player name end icon
INFO: 
INFO: >>> Frame 004390
INFO: Can't find player name end icon
INFO: 
INFO: >>> Frame 004391
INFO: Player name: 'Legitlolly'
INFO: Weapon 1: 'WINGMAN'
INFO: Weapon 2: 'R-301'
INFO: 
INFO: >>> Frame 004392
INFO: Player name: 'HestiaWasTaken'
INFO: Weapon 1: 'R-401' -> 'R-301'
INFO: Weapon 2: 'MASTIFF'
INFO: 
INFO: >>> Frame 004393
INFO: Player name: 'HestiaWas Taken' -> 'HestiaWasTaken'
INFO: Weapon 1: 'R-301'
INFO: Weapon 2: 'MASTIFF'
INFO: 
INFO: >>> Frame 004394
INFO: Player name: 'HestiaWasTaken'
INFO: Weapon 1: 'A-301' -> 'R-301'
INFO: Weapon 2: 'MASTIFF'
INFO: 
INFO: >>> Frame 004395
INFO: Player name: 'HestiaWasTaken'
INFO: Weapon 1: 'R-301'
INFO: Weapon 2: 'MASTIFF'
INFO: 
INFO: >>> Frame 004396
INFO: Player name: 'HestiaWasTaken'
INFO: Weapon 1: 'R-301'
INFO: Weapon 2: 'MASTIFF'
INFO: 
INFO: >>> Frame 004397
INFO: Player name: 'HestiaWasTaken'
INFO: Weapon 1: 'R-301'
INFO: Weapon 2: 'MASTIFF'
INFO: 
INFO: >>> Frame 004398
INFO: Player name: 'PatEmre' -> 'PatEmra'
INFO: Weapon 1: 'FLATLINE'
INFO: Weapon 2: 'MASTIFF'
INFO: 
INFO: >>> Frame 004399
INFO: Player name: 'PatEmre' -> 'PatEmra'
INFO: Weapon 1: 'FLATLINE'
INFO: Weapon 2: 'MASTIFF'
INFO: 
INFO: >>> Frame 004400
INFO: Player name: 'PatEmre' -> 'PatEmra'
INFO: Weapon 1: 'FLATLINE'
INFO: Weapon 2: 'MASTIFF'
INFO: 
INFO: >>> Frame 004401
INFO: Can't find player name end icon
INFO: 
INFO: >>> Frame 004402
INFO: Player name: 'PatEmre' -> 'PatEmra'
INFO: Weapon 1: 'FLATLINE'
INFO: Weapon 2: 'MASTIFF'
INFO: 
INFO: >>> Frame 004403
INFO: Player name: 'PatEmre' -> 'PatEmra'
INFO: Weapon 1: 'FLATLINE'
INFO: Weapon 2: 'MASTIFF'
INFO: 
INFO: >>> Frame 004404
INFO: Player name: 'PatEmre' -> 'PatEmra'
INFO: Weapon 1: 'FLATLINE'
INFO: Weapon 2: 'MASTIFF'
INFO: 
INFO: >>> Frame 004405
INFO: Player name: 'SabroNn' -> 'SabroNN'
INFO: Weapon 1: 'SPITFIRE'
INFO: Weapon 2: 'EVA-B AUTO' -> 'EVA-8 AUTO'
INFO: 
INFO: >>> Frame 004406
INFO: Player name: 'SabroNNn' -> 'SabroNN'
INFO: Weapon 1: 'SPITFIRE'
INFO: Weapon 2: 'EVA-38 AUTO' -> 'EVA-8 AUTO'
INFO: 
INFO: >>> Frame 004407
INFO: 
INFO: >>> Frame 004408
INFO: Player name: '“SabroNN:' -> 'SabroNN'
INFO: Weapon 1: 'SPITFIRE'
INFO: Weapon 2: 'EVA-B AUTG' -> 'EVA-8 AUTO'
INFO: 
INFO: >>> Frame 004409
INFO: Player name: 'SabroNNn' -> 'SabroNN'
INFO: Weapon 1: 'SPITFIRE'
INFO: Weapon 2: 'EVA-8 AUTO'
INFO: 
INFO: >>> Frame 004410
INFO: Player name: 'SabroNNn' -> 'SabroNN'
INFO: Weapon 1: 'SPITFIRE'
INFO: Weapon 2: 'EVA-8 AUTO'
INFO: 
INFO: >>> Frame 004411
INFO: Player name: 'SabroNn' -> 'SabroNN'
INFO: Weapon 1: 'SPITFIRE'
INFO: Weapon 2: 'EVA-B AUTO' -> 'EVA-8 AUTO'
INFO: 
INFO: >>> Frame 004412
INFO: Player name: 'SabroNn' -> 'SabroNN'
INFO: Weapon 1: 'SPITFIRE'
INFO: Weapon 2: 'EVA-8 AUTO'
INFO: 
INFO: >>> Frame 004413
INFO: Player name: 'SabroNN.' -> 'SabroNN'
INFO: Weapon 1: 'SPITFIRE'
INFO: Weapon 2: 'EVA-3 AUTO' -> 'EVA-8 AUTO'
INFO: 
INFO: >>> Frame 004414
INFO: Player name: 'TTM_JSavageW'
INFO: Weapon 1: 'WINGMAN'
INFO: Weapon 2: 'EVA-B AUTO' -> 'EVA-8 AUTO'
INFO: 
INFO: >>> Frame 004415
INFO: Player name: 'TTM_JSavagew' -> 'TTM_JSavageW'
INFO: Weapon 1: 'WINGMAN'
INFO: Weapon 2: 'EVA-8 AUTO'
INFO: 
INFO: >>> Frame 004416
INFO: Player name: 'TTM_ShRP'
INFO: Weapon 2: 'EVA-B AUTO' -> 'EVA-8 AUTO'
INFO: 
INFO: >>> Frame 004417
INFO: Player name: '-TTM_ShRP' -> 'TTM_ShRP'
INFO: Weapon 1: 'LONGBOW'
INFO: Weapon 2: 'EVA-38 AUTO' -> 'EVA-8 AUTO'
INFO: 
INFO: >>> Frame 004418
INFO: Player name: '_TTM_ShRP' -> 'TTM_ShRP'
INFO: Weapon 1: 'LONGBOW'
INFO: Weapon 2: 'EVA-8 AUTO'
INFO: 
INFO: >>> Frame 004419
INFO: Player name: 'TTM_ShRP'
INFO: Weapon 1: 'LONGBOW'
INFO: Weapon 2: 'EVA-B AUTO' -> 'EVA-8 AUTO'
INFO: 
INFO: >>> Frame 004420
INFO: Player name: '-TTM_ShRP' -> 'TTM_ShRP'
INFO: Weapon 1: 'LONGBOW'
INFO: Weapon 2: 'EVA-8 AUTO'
INFO: 
INFO: >>> Frame 004421
INFO: Player name: 'TTM_ShRP'
INFO: Weapon 1: 'LONGBOW'
INFO: Weapon 2: 'EVa-8 AUTO' -> 'EVA-8 AUTO'
INFO: 
INFO: >>> Frame 004422
INFO: Player name: 'TTM_ShRP'
INFO: Weapon 1: 'LONGBOW'
INFO: Weapon 2: 'EVA-B AUTO' -> 'EVA-8 AUTO'
INFO: 
INFO: >>> Frame 004423
INFO: Player name: 'TTM_ShRP'
INFO: Weapon 2: 'EVA-B AUTO' -> 'EVA-8 AUTO'
INFO: 
INFO: >>> Frame 004424
INFO: Player name: '_TTM_ShRP' -> 'TTM_ShRP'
INFO: Weapon 1: 'LONGBOW'
INFO: Weapon 2: 'EVA-8 AUTO'
INFO: 
INFO: >>> Frame 004425
INFO: Player name: 'TTM_ShAP' -> 'TTM_ShRP'
INFO: Weapon 1: 'LONGBOW'
INFO: Weapon 2: 'EVA-B AUTO' -> 'EVA-8 AUTO'
INFO: 
INFO: >>> Frame 004426
INFO: Player name: 'TTM_Amaazz'
INFO: Weapon 1: 'R-301'
INFO: Weapon 2: 'EVA-B AUTO' -> 'EVA-8 AUTO'
INFO: 
INFO: >>> Frame 004427
INFO: Player name: 'TIM Amaazz' -> 'TTM_Amaazz'
INFO: Weapon 1: 'R-301'
INFO: Weapon 2: 'EVA-B AUTO' -> 'EVA-8 AUTO'
INFO: 
INFO: >>> Frame 004428
INFO: Player name: 'TTM Amaazz' -> 'TTM_Amaazz'
INFO: Weapon 1: 'R301' -> 'R-301'
INFO: Weapon 2: 'EVA-B AUTO' -> 'EVA-8 AUTO'
INFO: 
INFO: >>> Frame 004429
INFO: Player name: 'FotM_nothFPS'
INFO: Weapon 1: 'EVA-8 AUTO'
INFO: Weapon 2: 'R-301'
INFO: 
INFO: >>> Frame 004430
INFO: Player name: 'FotM_nothFPS'
INFO: Weapon 1: 'EVA-8 AUTO'
INFO: Weapon 2: 'R-301'
INFO: 
INFO: >>> Frame 004431
INFO: Player name: 'FaotM_nothFPS' -> 'FotM_nothFPS'
INFO: Weapon 1: 'EVA-8 AUTO'
INFO: Weapon 2: 'R-307' -> 'R-301'
INFO: 
INFO: >>> Frame 004432
INFO: Player name: 'FotM_nothFPS'
INFO: Weapon 1: 'EVA-98 AUTO' -> 'EVA-8 AUTO'
INFO: Weapon 2: 'R-301'
INFO: 
INFO: >>> Frame 004433
INFO: Player name: 'FotM Taylor' -> 'FotM_Taylor'
INFO: Weapon 1: 'EVA4-8 AUTO' -> 'EVA-8 AUTO'
INFO: Weapon 2: 'R-301'
INFO: 
INFO: >>> Frame 004434
INFO: Player name: 'FotM Taylor' -> 'FotM_Taylor'
INFO: Weapon 1: 'EVA-8 AUT' -> 'EVA-8 AUTO'
INFO: Unknown weapon: 'R-SO]' (best guess: 'R-301', 0.60)
INFO: 
INFO: >>> Frame 004435
INFO: Player name: 'FotM Taylor' -> 'FotM_Taylor'
INFO: Weapon 1: 'FLATLINE'
INFO: Weapon 2: 'EVA-8 AUTO'
INFO: 
INFO: >>> Frame 004436
INFO: Player name: 'FotM Taylor' -> 'FotM_Taylor'
INFO: Weapon 1: 'FLATLINE'
INFO: Weapon 2: 'EVA-8 AUTO'
INFO: 
INFO: >>> Frame 004437
INFO: Player name: 'FotM Taylor' -> 'FotM_Taylor'
INFO: Weapon 1: 'FLATLINE'
INFO: Weapon 2: 'EVA-8 AUTO'
INFO: 
INFO: >>> Frame 004438
INFO: Player name: 'FotM Taylor' -> 'FotM_Taylor'
INFO: Weapon 1: 'FLATLINE'
INFO: Weapon 2: 'EVA-8 AUTO'
INFO: 
INFO: >>> Frame 004439
INFO: Player name: 'FotM_Pjeh'
INFO: Weapon 1: 'TRIPLE TAKE'
INFO: Weapon 2: 'MASTIFF'
INFO: 
INFO: >>> Frame 004440
INFO: Player name: 'FotM_Taylor'
INFO: Weapon 1: 'FLATLINE'
INFO: Weapon 2: 'EVA4-8 AUTO' -> 'EVA-8 AUTO'
INFO: 
INFO: >>> Frame 004441
INFO: Player name: 'FotM_ Taylor' -> 'FotM_Taylor'
INFO: Weapon 1: 'FLATLINE'
INFO: Weapon 2: 'EVA-3 AUTO' -> 'EVA-8 AUTO'
INFO: 
INFO: >>> Frame 004442
INFO: Player name: 'FotM_ Taylor' -> 'FotM_Taylor'
INFO: Weapon 1: 'FLATLINE'
INFO: Weapon 2: 'EVA-3 AUTO' -> 'EVA-8 AUTO'
INFO: 
INFO: >>> Frame 004443
INFO: Can't find player name end icon
INFO: 
INFO: >>> Frame 004444
INFO: Can't find player name end icon
INFO: 
INFO: >>> Frame 004445
INFO: Player name: 'FotM_Taylor'
INFO: Weapon 1: 'FLATLINE'
INFO: Weapon 2: 'EVA-B AUTO' -> 'EVA-8 AUTO'
INFO: 
INFO: >>> Frame 004446
INFO: Player name: 'FotM Taylor' -> 'FotM_Taylor'
INFO: Weapon 1: '- FLATLINE' -> 'FLATLINE'
INFO: Weapon 2: 'EVA-B AUTO' -> 'EVA-8 AUTO'
INFO: 
INFO: >>> Frame 004447
INFO: Player name: 'FotM_Taylor'
INFO: Weapon 1: 'FLATLINE'
INFO: Weapon 2: 'EVA-3 AUTO' -> 'EVA-8 AUTO'
INFO: 
INFO: >>> Frame 004448
INFO: Player name: 'FotM_ Taylor' -> 'FotM_Taylor'
INFO: Weapon 1: 'FLATLINE'
INFO: Weapon 2: 'EVA4-B AUTO' -> 'EVA-8 AUTO'
INFO: 
INFO: >>> Frame 004449
INFO: Player name: 'FotM Taylor' -> 'FotM_Taylor'
INFO: Weapon 1: 'FLATLINE'
INFO: Weapon 2: 'EVA-8 AUTO'
INFO: 
INFO: >>> Frame 004450
INFO: Player name: 'FotM_Taylor'
INFO: Weapon 1: 'FLATLINE'
INFO: Weapon 2: 'EVA-8 AUTO'
INFO: 
INFO: >>> Frame 004451
INFO: Player name: 'FotM_ Taylor' -> 'FotM_Taylor'
INFO: Weapon 1: 'FLATLINE'
INFO: Weapon 2: 'EVA-8 AUTO'
INFO: 
INFO: >>> Frame 004452
INFO: Player name: 'FotM Taylor' -> 'FotM_Taylor'
INFO: Weapon 1: 'FLATLINE'
INFO: Weapon 2: 'EVA-B AUTO' -> 'EVA-8 AUTO'
INFO: 
INFO: >>> Frame 004453
INFO: Player name: 'FotM_Taylor'
INFO: Weapon 1: 'FLATLINE'
INFO: Weapon 2: 'EVA-3 AUTO' -> 'EVA-8 AUTO'
INFO: 
INFO: >>> Frame 004454
INFO: Player name: 'FotM_Taylor'
INFO: Weapon 1: 'FLATLINE'
INFO: Weapon 2: 'EVA-38 AUTO' -> 'EVA-8 AUTO'
INFO: 
INFO: >>> Frame 004455
INFO: Player name: 'FotM Taylor' -> 'FotM_Taylor'
INFO: Weapon 1: 'FLATLINE'
INFO: Weapon 2: 'EVA-3 AUTO' -> 'EVA-8 AUTO'
INFO: 
INFO: >>> Frame 004456
INFO: Player name: 'FotM Taylor' -> 'FotM_Taylor'
INFO: Weapon 1: 'FLATLINE'
INFO: Weapon 2: 'EVA-B AUTO' -> 'EVA-8 AUTO'
INFO: 
INFO: >>> Frame 004457
INFO: Player name: 'FotM_Taylor'
INFO: Weapon 1: 'FLATLINE'
INFO: Weapon 2: 'EVA-8 AUTO'
INFO: 
INFO: >>> Frame 004458
INFO: Player name: 'FotM_Taylor'
INFO: Weapon 1: 'FLATLINE'
INFO: Weapon 2: 'EVA-B AUTO' -> 'EVA-8 AUTO'
INFO: 
INFO: >>> Frame 004459
INFO: Player name: 'FotM_Taylor'
INFO: Weapon 1: 'FLATLINE'
INFO: Weapon 2: 'EVA-3 AUTO' -> 'EVA-8 AUTO'
INFO: 
INFO: >>> Frame 004460
INFO: Player name: 'FotM_Taylor'
INFO: Weapon 1: 'FLATLINE'
INFO: Weapon 2: 'EVA-8 AUTO'
INFO: 
INFO: >>> Frame 004461
INFO: Player name: 'FotM_Taylor'
INFO: Weapon 1: 'FLATLINE'
INFO: Weapon 2: 'EVA-8 AUTO'
INFO: 
INFO: >>> Frame 004462
INFO: Player name: 'FotM Taylor' -> 'FotM_Taylor'
INFO: Weapon 1: 'FLATLINE'
INFO: Weapon 2: 'FVA-B AUTO' -> 'EVA-8 AUTO'
INFO: 
INFO: >>> Frame 004463
INFO: Player name: 'FotM Taylor' -> 'FotM_Taylor'
INFO: Weapon 1: 'FLATLINE'
INFO: Weapon 2: 'EVA-B AUTO' -> 'EVA-8 AUTO'
INFO: 
INFO: >>> Frame 004464
INFO: Player name: 'FotM_Taylor'
INFO: Weapon 1: 'FLATLINE'
INFO: Weapon 2: 'EVA-38 AUTO' -> 'EVA-8 AUTO'
INFO: 
INFO: >>> Frame 004465
INFO: Player name: 'FotM Taylor' -> 'FotM_Taylor'
INFO: Weapon 1: 'FLATLINE'
INFO: Weapon 2: 'EVA-B AUTO' -> 'EVA-8 AUTO'
INFO: 
INFO: >>> Frame 004466
INFO: Player name: 'FotM_Taylor'
INFO: Weapon 1: 'FLATLINE'
INFO: Weapon 2: 'EVA-8 AUTO'
INFO: 
INFO: >>> Frame 004467
INFO: Player name: 'FotM_Taylor'
INFO: Weapon 1: 'FLATLINE'
INFO: Weapon 2: 'EVA-B AUTO' -> 'EVA-8 AUTO'
INFO: 
INFO: >>> Frame 004468
INFO: Player name: '_FrtM_Pjeh' -> 'FotM_Pjeh'
INFO: Weapon 1: 'TRIPLE TAKE'
INFO: Weapon 2: 'MASTIFF'
INFO: 
INFO: >>> Frame 004469
INFO: Player name: 'FotM_Pjeh'
INFO: Weapon 1: 'TRIPLE TAKE'
INFO: Weapon 2: 'MASTIFF'
INFO: 
INFO: >>> Frame 004470
INFO: Player name: 'FotM_Pjeh'
INFO: Weapon 1: 'TRIPLE TAKE'
INFO: Weapon 2: 'MASTIFF'
INFO: 
INFO: >>> Frame 004471
INFO: Player name: 'FotM_Pjeh'
INFO: Weapon 1: 'TRIPLE TAKE'
INFO: Weapon 2: 'MASTIFF'
INFO: 
INFO: >>> Frame 004472
INFO: Can't find player name end icon
INFO: 
INFO: >>> Frame 004473
INFO: Can't find player name end icon
INFO: 
INFO: >>> Frame 004474
INFO: Can't find player name end icon
INFO: 
INFO: >>> Frame 004475
INFO: Player name: 'FotM_Taylor'
INFO: Weapon 1: 'FLATLINE'
INFO: Weapon 2: 'EVA-8 AUTO'
INFO: 
INFO: >>> Frame 004476
INFO: Player name: 'FotM_Taylor'
INFO: Weapon 1: 'FLATLINE'
INFO: Weapon 2: 'EVA-38 AUTO' -> 'EVA-8 AUTO'
INFO: 
INFO: >>> Frame 004477
INFO: Player name: 'FotM Taylor' -> 'FotM_Taylor'
INFO: Weapon 1: 'FLATLINE'
INFO: Weapon 2: 'EVA-38 AUTO' -> 'EVA-8 AUTO'
INFO: 
INFO: >>> Frame 004478
INFO: Player name: 'FotM Taylor' -> 'FotM_Taylor'
INFO: Weapon 1: 'FLATLINE'
INFO: Weapon 2: 'EVA-B AUTO' -> 'EVA-8 AUTO'
INFO: 
INFO: >>> Frame 004479
INFO: Player name: 'FotM Taylor' -> 'FotM_Taylor'
INFO: Weapon 1: 'FLATLINE'
INFO: Weapon 2: 'EVA-38 AUTO' -> 'EVA-8 AUTO'
INFO: 
INFO: >>> Frame 004480
INFO: Player name: 'FotM_Taylor'
INFO: Weapon 1: 'FLATLINE'
INFO: Weapon 2: 'EVA-B AUTO' -> 'EVA-8 AUTO'
INFO: 
INFO: >>> Frame 004481
INFO: Player name: 'FotM Taylor' -> 'FotM_Taylor'
INFO: Weapon 1: 'FLATLINE'
INFO: Weapon 2: 'EVA-8 AUTO'
INFO: 
INFO: >>> Frame 004482
INFO: Player name: 'FotM Taylor' -> 'FotM_Taylor'
INFO: Weapon 1: 'FLATLINE'
INFO: Weapon 2: 'EVA-B AUTO' -> 'EVA-8 AUTO'
INFO: 
INFO: >>> Frame 004483
INFO: Player name: 'FotM Taylor' -> 'FotM_Taylor'
INFO: Weapon 1: 'FLATLINE'
INFO: Weapon 2: 'EVA-8 AUTO'
INFO: 
INFO: >>> Frame 004484
INFO: Can't find player name end icon
INFO: 
INFO: >>> Frame 004485
INFO: Can't find player name end icon
INFO: 
INFO: >>> Frame 004486
INFO: Can't find player name end icon
INFO: 
INFO: >>> Frame 004487
INFO: Can't find player name end icon
INFO: 
INFO: >>> Frame 004488
INFO: Can't find player name end icon
INFO: 
INFO: >>> Frame 004489
INFO: Can't find player name end icon
INFO: 
INFO: >>> Frame 004490
INFO: Can't find player name end icon
INFO: 
INFO: >>> Frame 004491
INFO: Can't find player name end icon
INFO: 
INFO: >>> Frame 004492
INFO: Can't find player name end icon
INFO: 
INFO: >>> Frame 004493
INFO: Player name: 'MicroFiberz'
INFO: Weapon 1: 'FLATLINE'
INFO: Weapon 2: 'R-99'
INFO: 
INFO: >>> Frame 004494
INFO: Player name: 'MicroFiberz'
INFO: Weapon 1: 'FLATLINE'
INFO: Weapon 2: 'R-99'
INFO: 
INFO: >>> Frame 004495
INFO: Player name: 'MicraFiberz' -> 'MicroFiberz'
INFO: Weapon 1: 'FLATLINE'
INFO: Weapon 2: 'R-99'
INFO: 
INFO: >>> Frame 004496
INFO: Player name: 'MicroFiberz'
INFO: Weapon 1: 'FLATLINE'
INFO: Weapon 2: 'R-99'
INFO: 
INFO: >>> Frame 004497
INFO: Player name: 'MicroFiberz'
INFO: Weapon 1: 'FLATLINE'
INFO: Weapon 2: '‘R-99' -> 'R-99'
INFO: 
INFO: >>> Frame 004498
INFO: Player name: 'MicroFiberz'
INFO: Weapon 1: 'FLATLINE'
INFO: Weapon 2: 'R-99'
INFO: 
INFO: >>> Frame 004499
INFO: Player name: 'MicroFiberz'
INFO: Weapon 1: 'FLATLINE'
INFO: Weapon 2: 'R-99'
INFO: 
INFO: >>> Frame 004500
INFO: Player name: 'MicroFiberz'
INFO: Weapon 1: 'FLATLINE'
INFO: Weapon 2: 'R-99'
INFO: 
INFO: >>> Frame 004501
INFO: Player name: 'MicroFiberz'
INFO: Weapon 1: 'FLATLINE'
INFO: Weapon 2: 'A-99' -> 'R-99'
INFO: 
INFO: >>> Frame 004502
INFO: Player name: 'MicroFiberz:' -> 'MicroFiberz'
INFO: Weapon 1: 'FLATLINE'
INFO: Weapon 2: 'R-99'
INFO: 
INFO: >>> Frame 004503
INFO: Player name: 'MicroFiberz'
INFO: Weapon 1: 'FLATLINE'
INFO: Weapon 2: 'R-99'
INFO: 
INFO: >>> Frame 004504
INFO: Player name: 'MicroFiberz'
INFO: Weapon 1: 'FLATLINE'
INFO: Weapon 2: 'R-99'
INFO: 
INFO: >>> Frame 004505
INFO: Player name: 'MicroFiberz'
INFO: Weapon 1: 'FLATLINE'
INFO: Weapon 2: 'R-99'
INFO: 
INFO: >>> Frame 004506
INFO: Player name: 'MicroFiberz'
INFO: Weapon 1: 'FLATLINE'
INFO: Weapon 2: 'R-39' -> 'R-99'
INFO: 
INFO: >>> Frame 004507
INFO: Can't find player name end icon
INFO: 
INFO: >>> Frame 004508
INFO: Can't find player name end icon
INFO: 
INFO: >>> Frame 004509
INFO: Player name: 'MicroFiberz'
INFO: Weapon 1: 'FLATLINE'
INFO: Weapon 2: 'R-99'
INFO: 
INFO: >>> Frame 004510
INFO: Player name: 'MicroFiberz'
INFO: Weapon 1: 'FLATLINE'
INFO: Weapon 2: 'R-99'
INFO: 
INFO: >>> Frame 004511
INFO: Player name: 'MicroFiberz'
INFO: Weapon 1: 'FLATLINE'
INFO: 
INFO: >>> Frame 004512
INFO: Player name: 'MicroFiberz'
INFO: Weapon 1: 'FLATLINE'
INFO: Weapon 2: 'R-99'
INFO: 
INFO: >>> Frame 004513
INFO: Player name: 'MicroFiberz'
INFO: Weapon 1: 'FLATLINE'
INFO: Weapon 2: 'R-99'
INFO: 
INFO: >>> Frame 004514
INFO: Player name: 'MicroFiberz'
INFO: Weapon 1: 'FLATLINE'
INFO: Weapon 2: 'R-99'
INFO: 
INFO: >>> Frame 004515
INFO: Can't find player name end icon
INFO: 
INFO: >>> Frame 004516
INFO: Player name: 'Fasnex' -> 'Faenex'
INFO: Weapon 1: 'R-301.' -> 'R-301'
INFO: Weapon 2: 'VOLT'
INFO: 
INFO: >>> Frame 004517
INFO: Can't find player name end icon
INFO: 
INFO: >>> Frame 004518
INFO: Can't find player name end icon
INFO: 
INFO: >>> Frame 004519
INFO: Can't find player name end icon
INFO: 
INFO: >>> Frame 004520
INFO: Player name: 'row'
INFO: Weapon 1: 'G? SCOUT' -> 'G7 SCOUT'
INFO: Weapon 2: 'EVA-8 AUTO'
INFO: 
INFO: >>> Frame 004521
INFO: Player name: 'row'
INFO: Weapon 1: 'G7 SCOUT'
INFO: Weapon 2: 'EVA-3 AUTO' -> 'EVA-8 AUTO'
INFO: 
INFO: >>> Frame 004522
INFO: 
INFO: >>> Frame 004523
INFO: Player name: 'row'
INFO: Weapon 1: 'G7 SCOUT'
INFO: Weapon 2: 'EVA-3 AUTO' -> 'EVA-8 AUTO'
INFO: 
INFO: >>> Frame 004524
INFO: Player name: 'PatEmre' -> 'PatEmra'
INFO: Weapon 1: 'FLATLINE'
INFO: Weapon 2: 'MASTIFF'
INFO: 
INFO: >>> Frame 004525
INFO: Player name: 'PatEmre' -> 'PatEmra'
INFO: Weapon 1: 'FLATLINE'
INFO: Weapon 2: 'MASTIFF'
INFO: 
INFO: >>> Frame 004526
INFO: Player name: 'PatEmre' -> 'PatEmra'
INFO: Weapon 1: 'FLATLINE'
INFO: Weapon 2: 'MASTIFF'
INFO: 
INFO: >>> Frame 004527
INFO: Player name: 'PatEmre' -> 'PatEmra'
INFO: Weapon 1: 'FLATLINE'
INFO: Weapon 2: 'MASTIFF'
INFO: 
INFO: >>> Frame 004528
INFO: Player name: 'PatEmre' -> 'PatEmra'
INFO: Weapon 1: 'FLATLINE'
INFO: Weapon 2: 'MASTIFF'
INFO: 
INFO: >>> Frame 004529
INFO: Player name: 'PatEmre' -> 'PatEmra'
INFO: Weapon 1: 'FLATLINE'
INFO: Weapon 2: 'MASTIFF'
INFO: 
INFO: >>> Frame 004530
INFO: Player name: '‘PatEmre' -> 'PatEmra'
INFO: Weapon 1: 'FLATLINE'
INFO: Weapon 2: 'MASTIFF'
INFO: 
INFO: >>> Frame 004531
INFO: Player name: '-SabroNN' -> 'SabroNN'
INFO: Weapon 1: 'SPITFIRE'
INFO: Weapon 2: 'EVA-8 AUTO'
INFO: 
INFO: >>> Frame 004532
INFO: Can't find player name end icon
INFO: 
INFO: >>> Frame 004533
INFO: Can't find player name end icon
INFO: 
INFO: >>> Frame 004534
INFO: Player name: 'Tl jaazzaz' -> 'TI_jaazzaz'
INFO: Weapon 1: 'FLATLINE'
INFO: Weapon 2: 'EVA-B AUTO' -> 'EVA-8 AUTO'
INFO: 
INFO: >>> Frame 004535
INFO: Player name: 'Tl_jaazzaz' -> 'TI_jaazzaz'
INFO: Weapon 1: 'FLATLINE'
INFO: Weapon 2: 'EVA-8 AUTO'
INFO: 
INFO: >>> Frame 004536
INFO: Player name: 'Tl _jaazzaz' -> 'TI_jaazzaz'
INFO: Weapon 1: 'FLATLINE'
INFO: Weapon 2: 'EVA-B AUTO' -> 'EVA-8 AUTO'
INFO: 
INFO: >>> Frame 004537
INFO: Player name: 'Tl jaazzaz' -> 'TI_jaazzaz'
INFO: Weapon 1: 'FLATLINE'
INFO: Weapon 2: 'EVA-8 AUTO'
INFO: 
INFO: >>> Frame 004538
INFO: Player name: 'Tl jaazzaz' -> 'TI_jaazzaz'
INFO: Weapon 1: 'FLATLINE'
INFO: Weapon 2: 'EVA-B AUTO' -> 'EVA-8 AUTO'
INFO: 
INFO: >>> Frame 004539
INFO: Player name: 'Tl _jaazzaz' -> 'TI_jaazzaz'
INFO: Weapon 1: 'FLATLINE'
INFO: Weapon 2: 'EVA-8 AUTO'
INFO: 
INFO: >>> Frame 004540
INFO: Player name: 'row'
INFO: Weapon 1: 'G7 SCOUT'
INFO: Weapon 2: 'EVA-8 AUTO'
INFO: 
INFO: >>> Frame 004541
INFO: Player name: 'Lewitlolly' -> 'Legitlolly'
INFO: Weapon 1: 'WINGMAN'
INFO: Weapon 2: 'R-301'
INFO: 
INFO: >>> Frame 004542
INFO: Player name: 'Legitlolly'
INFO: Weapon 1: 'WINGMAN'
INFO: Weapon 2: 'R-301'
INFO: 
INFO: >>> Frame 004543
INFO: Player name: 'Legitlolly'
INFO: Weapon 1: 'WINGMAN'
INFO: Weapon 2: 'R-301'
INFO: 
INFO: >>> Frame 004544
INFO: Player name: 'Legitiolly' -> 'Legitlolly'
INFO: Weapon 1: 'WINGMAN'
INFO: Weapon 2: 'R-301'
INFO: 
INFO: >>> Frame 004545
INFO: Player name: '_HestiaWasTaken' -> 'HestiaWasTaken'
INFO: Weapon 1: 'R301' -> 'R-301'
INFO: Weapon 2: 'MASTIFF'
INFO: 
INFO: >>> Frame 004546
INFO: Player name: 'HestiaWasTaken'
INFO: Weapon 1: 'R-301'
INFO: Weapon 2: 'MASTIFF'
INFO: 
INFO: >>> Frame 004547
INFO: Player name: 'HestiaWasTaken'
INFO: Weapon 1: 'R-301'
INFO: Weapon 2: 'MASTIFF'
INFO: 
INFO: >>> Frame 004548
INFO: Can't find player name end icon
INFO: 
INFO: >>> Frame 004549
INFO: Can't find player name end icon
INFO: 
INFO: >>> Frame 004550
INFO: Can't find player name end icon
INFO: 
INFO: >>> Frame 004551
INFO: Can't find player name end icon
INFO: 
INFO: >>> Frame 004552
INFO: Player name: 'Tl BallonG' -> 'TI_BallonG'
INFO: Weapon 1: 'MASTIFF'
INFO: Weapon 2: 'G7 SCOUT'
INFO: 
INFO: >>> Frame 004553
INFO: Player name: '_ TL_BallonG' -> 'TI_BallonG'
INFO: Weapon 1: 'MASTIFF'
INFO: Weapon 2: 'G7 SCOUT'
INFO: 
INFO: >>> Frame 004554
INFO: Player name: 'TI_BallonG'
INFO: Weapon 1: 'MASTIFF'
INFO: Weapon 2: 'G7 SCOUT'
INFO: 
INFO: >>> Frame 004555
INFO: Player name: '_ Tl_BallonG' -> 'TI_BallonG'
INFO: Weapon 1: 'MASTIFF'
INFO: Weapon 2: 'G7 SCOUT'
INFO: 
INFO: >>> Frame 004556
INFO: Player name: '_ Tt_BallonG' -> 'TI_BallonG'
INFO: Weapon 1: 'MASTIFF'
INFO: Weapon 2: 'G7 SCOUT'
INFO: 
INFO: >>> Frame 004557
INFO: Player name: '_ TLBallonG' -> 'TI_BallonG'
INFO: Weapon 1: 'MASTIFF'
INFO: Weapon 2: 'G7 SCOUT'
INFO: 
INFO: >>> Frame 004558
INFO: Player name: '_TI_BallonG' -> 'TI_BallonG'
INFO: Weapon 1: 'MASTIFF'
INFO: Weapon 2: 'G7 SCOUT'
INFO: 
INFO: >>> Frame 004559
INFO: Player name: 'HestiaWasTaken'
INFO: Weapon 1: 'R-301'
INFO: Weapon 2: 'MASTIFF'
INFO: 
INFO: >>> Frame 004560
INFO: Player name: 'HestiaWasTaken'
INFO: Weapon 1: 'R301' -> 'R-301'
INFO: Weapon 2: 'MASTIFF'
INFO: 
INFO: >>> Frame 004561
INFO: Player name: 'HestiaWasTaken'
INFO: Weapon 1: 'R-301'
INFO: Weapon 2: 'MASTIFF'
INFO: 
INFO: >>> Frame 004562
INFO: Player name: '. HestiaWasTaken' -> 'HestiaWasTaken'
INFO: Weapon 2: 'MASTIFF'
INFO: 
INFO: >>> Frame 004563
INFO: Player name: '_HestiaWasTaken' -> 'HestiaWasTaken'
INFO: Weapon 1: 'R-301'
INFO: Weapon 2: 'MASTIFF'
INFO: 
INFO: >>> Frame 004564
INFO: Player name: 'HestiaWas Taken' -> 'HestiaWasTaken'
INFO: Weapon 1: 'R-301'
INFO: Weapon 2: 'MASTIFF'
INFO: 
INFO: >>> Frame 004565
INFO: Player name: 'HestiaWasTaken'
INFO: Weapon 1: 'R-401' -> 'R-301'
INFO: Weapon 2: 'MASTIFF'
INFO: 
INFO: >>> Frame 004566
INFO: Player name: 'HestiaWasTaken'
INFO: Weapon 2: 'MASTIFF'
INFO: 
INFO: >>> Frame 004567
INFO: Player name: '_HestiaWasTakan' -> 'HestiaWasTaken'
INFO: Weapon 1: 'A-301' -> 'R-301'
INFO: Weapon 2: 'MASTIFF'
INFO: 
INFO: >>> Frame 004568
INFO: Player name: 'HestiaWas Taken' -> 'HestiaWasTaken'
INFO: 
INFO: >>> Frame 004569
INFO: Can't find player name end icon
INFO: 
INFO: >>> Frame 004570
INFO: Can't find player name end icon
INFO: 
INFO: >>> Frame 004571
INFO: Can't find player name end icon
INFO: 
INFO: >>> Frame 004572
INFO: Can't find player name end icon
INFO: 
INFO: >>> Frame 004573
INFO: Can't find player name end icon
INFO: 
INFO: >>> Frame 004574
INFO: Player name: 'Tl_jaazzaz' -> 'TI_jaazzaz'
INFO: Weapon 1: 'FLATLINE'
INFO: Weapon 2: 'EVA-3 AUTO' -> 'EVA-8 AUTO'
INFO: 
INFO: >>> Frame 004575
INFO: Player name: 'Ti jaazzaz' -> 'TI_jaazzaz'
INFO: Weapon 1: 'FLATLINE'
INFO: Weapon 2: 'EVA-B AUTO' -> 'EVA-8 AUTO'
INFO: 
INFO: >>> Frame 004576
INFO: Player name: 'Tl jaazzaz' -> 'TI_jaazzaz'
INFO: Weapon 1: 'FLATLINE'
INFO: Weapon 2: 'EVA-B AUTO' -> 'EVA-8 AUTO'
INFO: 
INFO: >>> Frame 004577
INFO: Player name: 'TI zikii' -> 'TI_zikii'
INFO: Weapon 1: 'SPITFIRE'
INFO: Weapon 2: 'EVA-8 AUTO'
INFO: 
INFO: >>> Frame 004578
INFO: 
INFO: >>> Frame 004579
INFO: Player name: 'TI zikii' -> 'TI_zikii'
INFO: Weapon 1: 'SPITFIRE'
INFO: Weapon 2: 'EVA-8 AUTO'
INFO: 
INFO: >>> Frame 004580
INFO: Player name: 'Th _zikii' -> 'TI_zikii'
INFO: Weapon 1: 'SPITFIRE'
INFO: Weapon 2: 'EVA-8 AUTO'
INFO: 
INFO: >>> Frame 004581
INFO: Player name: 'Gambit _Hardecki,' -> 'Gambit_Hardecki'
INFO: Weapon 1: 'VOLT'
INFO: Weapon 2: 'ALTERNATOR'
INFO: 
INFO: >>> Frame 004582
INFO: Player name: 'Gambit_Hardacki' -> 'Gambit_Hardecki'
INFO: Weapon 1: 'WINGMAN'
INFO: Weapon 2: 'EVA-8 AUTO'
INFO: 
INFO: >>> Frame 004583
INFO: Player name: 'Gambit_Hardecki'
INFO: Weapon 1: 'WINGMAN.' -> 'WINGMAN'
INFO: Weapon 2: 'EVA-B AUTO' -> 'EVA-8 AUTO'
INFO: 
INFO: >>> Frame 004584
INFO: Player name: 'Gambit Hardecki' -> 'Gambit_Hardecki'
INFO: Weapon 1: 'WINGMAN'
INFO: Weapon 2: 'EVA-8 AUTO'
INFO: 
INFO: >>> Frame 004585
INFO: Player name: 'Gambit_Hardecki'
INFO: Weapon 1: 'WINGMAN'
INFO: Weapon 2: 'EVA-38 AUTO' -> 'EVA-8 AUTO'
INFO: 
INFO: >>> Frame 004586
INFO: Player name: 'Gambit_Hardecki'
INFO: Weapon 1: 'WINGMAN'
INFO: Weapon 2: 'EVA-8 AUTO'
INFO: 
INFO: >>> Frame 004587
INFO: Player name: 'Gambit_Hardecki'
INFO: Weapon 1: 'WINGMAN'
INFO: Weapon 2: 'EVA4-8 AUTO' -> 'EVA-8 AUTO'
INFO: 
INFO: >>> Frame 004588
INFO: Player name: '_Gambit_Artyco' -> 'Gambit_Artyco'
INFO: Weapon 1: 'WINGMAN'
INFO: Weapon 2: 'EVA-8 AUTO'
INFO: 
INFO: >>> Frame 004589
INFO: Player name: '_Gambit_Artyco' -> 'Gambit_Artyco'
INFO: Weapon 1: 'WINGMAN'
INFO: Weapon 2: 'EVA-8 AUTO'
INFO: 
INFO: >>> Frame 004590
INFO: Player name: '_Gambit_Artyco' -> 'Gambit_Artyco'
INFO: Weapon 1: 'WINGMAN'
INFO: Weapon 2: 'EVA-8 AUTO'
INFO: 
INFO: >>> Frame 004591
INFO: Player name: 'Leogri3x6 Gambit' -> 'Leogri3x6_Gambit'
INFO: Weapon 1: 'R-99'
INFO: Weapon 2: '0-30 REPEATE®' -> '30-30 REPEATER'
INFO: 
INFO: >>> Frame 004592
INFO: Player name: 'FotM_nothFPS'
INFO: Weapon 1: 'EVA-4 AUTO' -> 'EVA-8 AUTO'
INFO: Weapon 2: 'R-S01' -> 'R-301'
INFO: 
INFO: >>> Frame 004593
INFO: Player name: 'FotM_nothFPS'
INFO: Weapon 1: 'EVA-8 AUTO'
INFO: Weapon 2: 'R-301'
INFO: 
INFO: >>> Frame 004594
INFO: Player name: 'FotM_hothFPS' -> 'FotM_nothFPS'
INFO: Weapon 1: 'EVA-8 AUTO'
INFO: Weapon 2: 'R-301'
INFO: 
INFO: >>> Frame 004595
INFO: Player name: 'FotM_nothFPS'
INFO: Weapon 1: 'EVA-8 AUTO'
INFO: Weapon 2: 'R-301'
INFO: 
INFO: >>> Frame 004596
INFO: 
INFO: >>> Frame 004597
INFO: Player name: 'FotM_nothFPS'
INFO: Weapon 1: 'EVA-8 AUTO'
INFO: Weapon 2: 'R-301'
INFO: 
INFO: >>> Frame 004598
INFO: Player name: "FotM_nothFPS'" -> 'FotM_nothFPS'
INFO: Weapon 1: 'EVA-B AUTO' -> 'EVA-8 AUTO'
INFO: Weapon 2: 'R-301'
INFO: 
INFO: >>> Frame 004599
INFO: Player name: 'FotM_nothFPS'
INFO: Weapon 1: 'EVA-8 AUTO'
INFO: Weapon 2: 'R-301'
INFO: 
INFO: >>> Frame 004600
INFO: Player name: 'FotM_nothFPS'
INFO: Weapon 1: 'EVA-8 AUTO'
INFO: Weapon 2: 'R-301'
INFO: 
INFO: >>> Frame 004601
INFO: Player name: 'FotM_nothFPS'
INFO: Weapon 1: 'EVA-8 AUTO'
INFO: Weapon 2: 'R-301'
INFO: 
INFO: >>> Frame 004602
INFO: Player name: 'FotM_nothFPS'
INFO: Weapon 1: 'EVA-8 AUTO'
INFO: Weapon 2: 'R-301'
INFO: 
INFO: >>> Frame 004603
INFO: Player name: 'FotM_nothFPS'
INFO: Weapon 1: 'EVA-8 AUTO'
INFO: Weapon 2: 'R-301'
INFO: 
INFO: >>> Frame 004604
INFO: Player name: 'FotM_Pjeh'
INFO: Weapon 1: 'TRIPLE TAKE'
INFO: Weapon 2: 'MASTIFF'
INFO: 
INFO: >>> Frame 004605
INFO: Player name: '-FotM_Pjeh' -> 'FotM_Pjeh'
INFO: Weapon 2: 'MASTIFF'
INFO: 
INFO: >>> Frame 004606
INFO: Player name: 'FotM_Pjeh'
INFO: Weapon 1: 'TRIPLE TAKE'
INFO: Weapon 2: 'MASTIFF'
INFO: 
INFO: >>> Frame 004607
INFO: Player name: 'FotM _Pjeh' -> 'FotM_Pjeh'
INFO: Weapon 1: 'TRIPLE TAKE'
INFO: Weapon 2: 'MASTIFF'
INFO: 
INFO: >>> Frame 004608
INFO: Player name: 'FotM_Pjeh'
INFO: Weapon 1: 'TRIPLE TAKE'
INFO: Weapon 2: 'MASTIFF'
INFO: 
INFO: >>> Frame 004609
INFO: Player name: 'FotM_Pjeh'
INFO: Weapon 1: 'TRIPLE TAKE'
INFO: Weapon 2: 'MASTIFF'
INFO: 
INFO: >>> Frame 004610
INFO: Player name: 'FotM_Pjeh'
INFO: Weapon 1: 'TRIPLE TAKE'
INFO: Weapon 2: 'MASTIFF'
INFO: 
INFO: >>> Frame 004611
INFO: Player name: '-FotM_Pjeh' -> 'FotM_Pjeh'
INFO: Weapon 1: 'TRIPLE TAKE'
INFO: Weapon 2: 'MASTIFF'
INFO: 
INFO: >>> Frame 004612
INFO: Player name: '-FotM_Pjeh' -> 'FotM_Pjeh'
INFO: Weapon 1: 'TRIPLE TAKE'
INFO: Weapon 2: 'MASTIFF'
INFO: 
INFO: >>> Frame 004613
INFO: Player name: '-FotM_Pjeh' -> 'FotM_Pjeh'
INFO: Weapon 1: 'TRIPLE TAKE'
INFO: Weapon 2: 'MASTIFF'
INFO: 
INFO: >>> Frame 004614
INFO: Player name: 'FotM_Pjeh'
INFO: Weapon 1: 'TRIPLE TAKE'
INFO: Weapon 2: 'MASTIFF'
INFO: 
INFO: >>> Frame 004615
INFO: Player name: 'FotM Pjeh' -> 'FotM_Pjeh'
INFO: Weapon 1: 'TRIPLE TAKE'
INFO: Weapon 2: 'MASTIFF'
INFO: 
INFO: >>> Frame 004616
INFO: Player name: 'FotM_Taylor'
INFO: Weapon 1: 'FLATLINE'
INFO: Weapon 2: 'EVA-8 AUTO'
INFO: 
INFO: >>> Frame 004617
INFO: Player name: 'FotM_Taylor'
INFO: Weapon 1: 'FLATLINE'
INFO: Weapon 2: 'EVA-38 AUTO' -> 'EVA-8 AUTO'
INFO: 
INFO: >>> Frame 004618
INFO: Player name: 'FotM_Taylor'
INFO: Weapon 1: 'FLATLINE'
INFO: Weapon 2: 'EVA-8 AUTO'
INFO: 
INFO: >>> Frame 004619
INFO: Player name: 'FotM_Taylor'
INFO: Weapon 1: 'FLATLINE'
INFO: Weapon 2: 'EVA-38 AUTO' -> 'EVA-8 AUTO'
INFO: 
INFO: >>> Frame 004620
INFO: Player name: 'FotM_Taylor'
INFO: Weapon 1: 'FLATLINE'
INFO: Weapon 2: 'EVA-B AUTO' -> 'EVA-8 AUTO'
INFO: 
INFO: >>> Frame 004621
INFO: Player name: 'FotM_Taylor'
INFO: Weapon 1: 'FLATLINE'
INFO: Weapon 2: 'EV4-8 AUTO' -> 'EVA-8 AUTO'
INFO: 
INFO: >>> Frame 004622
INFO: 
INFO: >>> Frame 004623
INFO: Player name: 'FotM Taylor' -> 'FotM_Taylor'
INFO: Weapon 1: 'FLATLINE'
INFO: Weapon 2: 'EVA-8 AUTO'
INFO: 
INFO: >>> Frame 004624
INFO: Player name: 'FotM Taylor' -> 'FotM_Taylor'
INFO: Weapon 1: 'FLATLINE'
INFO: Weapon 2: 'EVA-B AUTO' -> 'EVA-8 AUTO'
INFO: 
INFO: >>> Frame 004625
INFO: Player name: 'FotM_Taylor'
INFO: Weapon 1: 'FLATLINE'
INFO: Weapon 2: 'EVA-8 AUTO'
INFO: 
INFO: >>> Frame 004626
INFO: Can't find player name end icon
INFO: 
INFO: >>> Frame 004627
INFO: Can't find player name end icon
INFO: 
INFO: >>> Frame 004628
INFO: Can't find player name end icon
INFO: 
INFO: >>> Frame 004629
INFO: Player name: 'Fat M Taylor' -> 'FotM_Taylor'
INFO: Weapon 1: 'FLATLINE'
INFO: Weapon 2: 'EVA-B AUTO' -> 'EVA-8 AUTO'
INFO: 
INFO: >>> Frame 004630
INFO: Player name: 'Fat M Taylor' -> 'FotM_Taylor'
INFO: Weapon 1: 'FLATLINE'
INFO: Weapon 2: 'EVA-8 AUTO'
INFO: 
INFO: >>> Frame 004631
INFO: Player name: 'FotM_Taylor'
INFO: Weapon 1: 'FLATLINE'
INFO: Weapon 2: 'EVA4-8 AUTO' -> 'EVA-8 AUTO'
INFO: 
INFO: >>> Frame 004632
INFO: Player name: 'FotM_nothFPS'
INFO: Weapon 1: 'EVA-8 AUTO'
INFO: Weapon 2: 'R-301'
INFO: 
INFO: >>> Frame 004633
INFO: Player name: 'FotM_nothFP§' -> 'FotM_nothFPS'
INFO: Weapon 1: 'EVA-8 AUTO'
INFO: Weapon 2: 'R-301'
INFO: 
INFO: >>> Frame 004634
INFO: Player name: 'FotM_nothFPS'
INFO: Weapon 1: 'EVA-8 AUTO'
INFO: Weapon 2: 'R-301'
INFO: 
INFO: >>> Frame 004635
INFO: Player name: 'FotM_nothFPS'
INFO: Weapon 1: 'EVA-8 AUTO'
INFO: Weapon 2: 'R-301'
INFO: 
INFO: >>> Frame 004636
INFO: Player name: 'FotM_nothFPS'
INFO: Weapon 1: 'EVA-8 AUTO'
INFO: Weapon 2: 'R-301'
INFO: 
INFO: >>> Frame 004637
INFO: Player name: 'FotM_nothFPS'
INFO: Weapon 1: 'EVA-B AUTO' -> 'EVA-8 AUTO'
INFO: Weapon 2: 'R-301'
INFO: 
INFO: >>> Frame 004638
INFO: Player name: 'FotM_nothFPS'
INFO: Weapon 1: 'EVA-B AUTH' -> 'EVA-8 AUTO'
INFO: Weapon 2: 'R-301'
INFO: 
INFO: >>> Frame 004639
INFO: Player name: 'FotM_nothFPS'
INFO: Weapon 1: 'EVA-38 AUTO' -> 'EVA-8 AUTO'
INFO: Weapon 2: 'R-301'
INFO: 
INFO: >>> Frame 004640
INFO: Player name: 'FotM_nothFPS'
INFO: Weapon 1: 'EVA-8 AUTO'
INFO: Weapon 2: 'R-301'
INFO: 
INFO: >>> Frame 004641
INFO: Player name: 'FotM_nothFPS'
INFO: Weapon 1: 'EVA-8 AUTO'
INFO: Weapon 2: 'R-301'
INFO: 
INFO: >>> Frame 004642
INFO: Player name: 'FotM_nothFPS'
INFO: Weapon 1: 'EVA-8 AUTO'
INFO: Weapon 2: 'R-301'
INFO: 
INFO: >>> Frame 004643
INFO: Player name: 'FotM_nothFPS'
INFO: Weapon 1: 'EVA-8 AUTO'
INFO: Weapon 2: 'R-301'
INFO: 
INFO: >>> Frame 004644
INFO: Player name: 'FotM_nothFPS'
INFO: Weapon 1: 'EVA-8 AUTO'
INFO: Weapon 2: 'R-301'
INFO: 
INFO: >>> Frame 004645
INFO: Player name: 'FotM_nothFPS'
INFO: Weapon 1: 'EVA-8 AUTO'
INFO: Weapon 2: 'R-301'
INFO: 
INFO: >>> Frame 004646
INFO: Player name: 'FotM Taylor' -> 'FotM_Taylor'
INFO: Weapon 1: 'FLATLINE'
INFO: Weapon 2: 'EVA-8 AUTO'
INFO: 
INFO: >>> Frame 004647
INFO: Player name: 'FotM_Taylor'
INFO: Weapon 1: 'FLATLINE'
INFO: Weapon 2: 'EVA-8 AUTO'
INFO: 
INFO: >>> Frame 004648
INFO: Player name: '-FotM_Taylor' -> 'FotM_Taylor'
INFO: Weapon 1: 'FLATLINE'
INFO: Weapon 2: 'EVA-8 AUTO'
INFO: 
INFO: >>> Frame 004649
INFO: Player name: 'FotM_Taylor'
INFO: Weapon 1: 'FLATLINE'
INFO: Weapon 2: 'EVA-B AUTO' -> 'EVA-8 AUTO'
INFO: 
INFO: >>> Frame 004650
INFO: Player name: 'FotM_Pjeh'
INFO: Weapon 1: 'FLATLINE'
INFO: Weapon 2: 'EVA-8 AUTO'
INFO: 
INFO: >>> Frame 004651
INFO: Player name: ',FotM_Pjeh' -> 'FotM_Pjeh'
INFO: Weapon 1: 'TRIPLE TAKE'
INFO: Weapon 2: 'MASTIFF'
INFO: 
INFO: >>> Frame 004652
INFO: Player name: 'FotM_Pjeh'
INFO: Weapon 1: 'TRIPLE TAKE'
INFO: Weapon 2: 'MASTIFF'
INFO: 
INFO: >>> Frame 004653
INFO: Player name: 'FotM_Pjeh'
INFO: Weapon 1: 'TRIPLE TAKE'
INFO: Weapon 2: 'MASTIFF'
INFO: 
INFO: >>> Frame 004654
INFO: Player name: '-FotM_Pjeh' -> 'FotM_Pjeh'
INFO: Weapon 1: 'TRIPLE TAKE'
INFO: Weapon 2: 'MASTIFF'
INFO: 
INFO: >>> Frame 004655
INFO: Player name: 'FotM_Pjeh'
INFO: Weapon 1: 'TRIPLE TAKE'
INFO: Weapon 2: 'MASTIFF'
INFO: 
INFO: >>> Frame 004656
INFO: Player name: 'FotM_Pjeh'
INFO: Weapon 1: 'TRIPLE TAKE'
INFO: Weapon 2: 'MASTIFF'
INFO: 
INFO: >>> Frame 004657
INFO: Player name: '-FotM_Pjeh' -> 'FotM_Pjeh'
INFO: Weapon 1: 'TRIPLE TAKE'
INFO: Weapon 2: 'MASTIFF'
INFO: 
INFO: >>> Frame 004658
INFO: Player name: 'FotM Pjeh' -> 'FotM_Pjeh'
INFO: Weapon 1: 'TRIPLE TAKE'
INFO: Weapon 2: 'MASTIFF'
INFO: 
INFO: >>> Frame 004659
INFO: Can't find player name end icon
INFO: 
INFO: >>> Frame 004660
INFO: Can't find player name end icon
INFO: 
INFO: >>> Frame 004661
INFO: Can't find player name end icon
INFO: 
INFO: >>> Frame 004662
INFO: Can't find player name end icon
INFO: 
INFO: >>> Frame 004663
INFO: Can't find player name end icon
INFO: 
INFO: >>> Frame 004664
INFO: Player name: 'FotM_Pjeh'
INFO: Weapon 1: 'TRIPLE TAKE'
INFO: Weapon 2: 'MASTIFF'
INFO: 
INFO: >>> Frame 004665
INFO: Player name: 'FotM_Pjeh'
INFO: Weapon 1: 'TRIPLE TAKE'
INFO: Weapon 2: 'MASTIFF'
INFO: 
INFO: >>> Frame 004666
INFO: Player name: 'FotM_Pjeh'
INFO: Weapon 1: 'TRIPLE TAKE'
INFO: Weapon 2: 'MASTIFF'
INFO: 
INFO: >>> Frame 004667
INFO: Player name: 'COOLER Sirdel' -> 'COOLER_SirDel'
INFO: Weapon 1: 'oe\n\nTRIPLE TAKE' -> 'TRIPLE TAKE'
INFO: Weapon 2: 'MASTIFF'
INFO: 
INFO: >>> Frame 004668
INFO: Player name: 'COOLER Sidal' -> 'COOLER_SirDel'
INFO: Unknown weapon: 'EAACTIFE' (best guess: 'MASTIFF', 0.50)
INFO: 
INFO: >>> Frame 004669
INFO: Player name: 'COOLER SirDal' -> 'COOLER_SirDel'
INFO: Weapon 2: 'MASTIFF'
INFO: 
INFO: >>> Frame 004670
INFO: Player name: 'COOLER SirDel' -> 'COOLER_SirDel'
INFO: Weapon 1: 'TRIPLE TAKE'
INFO: Weapon 2: 'MASTIFF'
INFO: 
INFO: >>> Frame 004671
INFO: Player name: 'COOLER SirDel' -> 'COOLER_SirDel'
INFO: Weapon 1: 'TRIPLE TAKE'
INFO: Weapon 2: 'MASTIFF'
INFO: 
INFO: >>> Frame 004672
INFO: Player name: 'COOLER Yuki' -> 'COOLER_Yuki'
INFO: Weapon 1: 'TRIPLE TAKE'
INFO: Weapon 2: 'MASTIFF'
INFO: 
INFO: >>> Frame 004673
INFO: Player name: 'COOLER Yuki' -> 'COOLER_Yuki'
INFO: Weapon 1: 'HEMLOK'
INFO: Weapon 2: 'EVA-8 AUTO'
INFO: 
INFO: >>> Frame 004674
INFO: Can't find player name end icon
INFO: 
INFO: >>> Frame 004675
INFO: Can't find player name end icon
INFO: 
INFO: >>> Frame 004676
INFO: Player name: 'COOLER SirQel' -> 'COOLER_SirDel'
INFO: Weapon 1: 'TRIPLE TAKE'
INFO: Weapon 2: 'MASTIFF'
INFO: 
INFO: >>> Frame 004677
INFO: Player name: 'COOLER _SirDel' -> 'COOLER_SirDel'
INFO: Weapon 1: 'TRIPLE TAKE'
INFO: Weapon 2: 'MASTIFF'
INFO: 
INFO: >>> Frame 004678
INFO: Player name: 'COOLER Sirfel' -> 'COOLER_SirDel'
INFO: Weapon 1: 'TRIPLE TAKE'
INFO: Weapon 2: 'MASTIFF'
INFO: 
INFO: >>> Frame 004679
INFO: Player name: 'COOLER _SirDel' -> 'COOLER_SirDel'
INFO: Weapon 1: 'TRIPLE TAKE'
INFO: Weapon 2: 'MASTIFF'
INFO: 
INFO: >>> Frame 004680
INFO: Player name: 'TI zikii' -> 'TI_zikii'
INFO: Weapon 1: 'SPITFIRE'
INFO: Weapon 2: 'EVA-8 AUTO'
INFO: 
INFO: >>> Frame 004681
INFO: Player name: 'TI zikii' -> 'TI_zikii'
INFO: Weapon 1: 'SPITFIRE'
INFO: Weapon 2: 'EVA-8 AUTO'
INFO: 
INFO: >>> Frame 004682
INFO: Player name: 'TI zikii' -> 'TI_zikii'
INFO: Weapon 1: 'SPITFIRE'
INFO: Weapon 2: 'EVA-8 AUTO'
INFO: 
INFO: >>> Frame 004683
INFO: Player name: 'TI zikii' -> 'TI_zikii'
INFO: Weapon 1: 'SPITFIRE'
INFO: Weapon 2: 'EVA-8 AUTO'
INFO: 
INFO: >>> Frame 004684
INFO: Player name: 'TI zikii' -> 'TI_zikii'
INFO: Weapon 1: 'SPITFIRE'
INFO: Weapon 2: 'EVA-3 AUTO' -> 'EVA-8 AUTO'
INFO: 
INFO: >>> Frame 004685
INFO: Player name: 'TI_zikii'
INFO: Weapon 1: 'SPITFIRE'
INFO: Weapon 2: 'EVA-8 AUTO'
INFO: 
INFO: >>> Frame 004686
INFO: Player name: 'Th_zikii' -> 'TI_zikii'
INFO: Weapon 1: 'SPITFIRE'
INFO: Weapon 2: 'EV4-B AUTO' -> 'EVA-8 AUTO'
INFO: 
INFO: >>> Frame 004687
INFO: Player name: 'TI zikii' -> 'TI_zikii'
INFO: Weapon 1: 'SPITFIRE'
INFO: Weapon 2: 'EVA-8 AUTO'
INFO: 
INFO: >>> Frame 004688
INFO: Player name: 'TI zikii' -> 'TI_zikii'
INFO: Weapon 1: 'SPITFIRE'
INFO: Weapon 2: 'EVA-8 AUTO'
INFO: 
INFO: >>> Frame 004689
INFO: Can't find player name end icon
INFO: 
INFO: >>> Frame 004690
INFO: Player name: 'NEW_K4SHERA'
INFO: Weapon 1: 'FLATLINE'
INFO: Weapon 2: 'G7 SCOUT'
INFO: 
INFO: >>> Frame 004691
INFO: Player name: 'NEW _K4SHERA' -> 'NEW_K4SHERA'
INFO: Weapon 1: 'FLATLINE'
INFO: Weapon 2: 'G7? SCOUT' -> 'G7 SCOUT'
INFO: 
INFO: >>> Frame 004692
INFO: Can't find player name end icon
INFO: 
INFO: >>> Frame 004693
INFO: Player name: '“FotM_Pjeh' -> 'FotM_Pjeh'
INFO: Weapon 1: 'TRIPLE TAKE'
INFO: Weapon 2: 'MASTIFF'
INFO: 
INFO: >>> Frame 004694
INFO: Player name: '_FotM_Pjeh' -> 'FotM_Pjeh'
INFO: Weapon 1: 'TRIPLE TAKE'
INFO: Weapon 2: 'MASTIFF'
INFO: 
INFO: >>> Frame 004695
INFO: Player name: 'FotM_Pjeh'
INFO: Weapon 1: 'TRIPLE TAKE'
INFO: Weapon 2: 'MASTIFF'
INFO: 
INFO: >>> Frame 004696
INFO: Player name: 'FotM Pjeh' -> 'FotM_Pjeh'
INFO: Weapon 1: 'TRIPLE TAKE'
INFO: Weapon 2: 'MASTIFF'
INFO: 
INFO: >>> Frame 004697
INFO: Can't find player name end icon
INFO: 
INFO: >>> Frame 004698
INFO: Can't find player name end icon
INFO: 
INFO: >>> Frame 004699
INFO: Can't find player name end icon
INFO: 
INFO: >>> Frame 004700
INFO: Player name: '_FotM_Pjeh' -> 'FotM_Pjeh'
INFO: Weapon 1: 'TRIPLE TAKE'
INFO: Weapon 2: 'MASTIFF'
INFO: 
INFO: >>> Frame 004701
INFO: Player name: '-FotM_Pjeh' -> 'FotM_Pjeh'
INFO: Weapon 1: 'TRIPLE TAKE'
INFO: Weapon 2: 'MASTIFF'
INFO: 
INFO: >>> Frame 004702
INFO: Player name: 'FotM Pjeh' -> 'FotM_Pjeh'
INFO: Weapon 1: 'TRIPLE TAKE'
INFO: Weapon 2: 'MASTIFF'
INFO: 
INFO: >>> Frame 004703
INFO: Player name: 'FotM_Pjeh'
INFO: Weapon 1: 'TRIPLE TAKE'
INFO: Weapon 2: 'MASTIFF'
INFO: 
INFO: >>> Frame 004704
INFO: Player name: 'FotM _Pjeh' -> 'FotM_Pjeh'
INFO: Weapon 1: 'TRIPLE TAKE'
INFO: Weapon 2: 'MASTIFF'
INFO: 
INFO: >>> Frame 004705
INFO: Player name: 'FotM_Pjeh'
INFO: Weapon 1: 'TRIPLE TAKE'
INFO: Weapon 2: 'MASTIFF'
INFO: 
INFO: >>> Frame 004706
INFO: Player name: '_FotM_Pjeh' -> 'FotM_Pjeh'
INFO: Weapon 1: 'TRIPLE TAKE'
INFO: Weapon 2: 'MASTIFF'
INFO: 
INFO: >>> Frame 004707
INFO: Player name: 'FotM_Pjeh'
INFO: Weapon 1: 'TRIPLE TAKE'
INFO: Weapon 2: 'MASTIFF'
INFO: 
INFO: >>> Frame 004708
INFO: Player name: 'FotM_Pjeh'
INFO: Weapon 1: 'TRIPLE TAKE'
INFO: Weapon 2: 'MASTIFF'
INFO: 
INFO: >>> Frame 004709
INFO: Player name: '-FotM_Pjeh' -> 'FotM_Pjeh'
INFO: Weapon 1: 'TRIPLE TAKE'
INFO: Weapon 2: 'MASTIFF'
INFO: 
INFO: >>> Frame 004710
INFO: Player name: ', FotM_Pjeh' -> 'FotM_Pjeh'
INFO: Weapon 1: 'TRIPLE TAKE'
INFO: Weapon 2: 'MASTIFF'
INFO: 
INFO: >>> Frame 004711
INFO: Player name: '_FotM_Pjeh' -> 'FotM_Pjeh'
INFO: Weapon 1: 'TRIPLE TAKE'
INFO: Weapon 2: 'MASTIFF'
INFO: 
INFO: >>> Frame 004712
INFO: Player name: 'FotM-Pjeh' -> 'FotM_Pjeh'
INFO: Weapon 1: 'TRIPLE TAKE'
INFO: Weapon 2: 'MASTIFF'
INFO: 
INFO: >>> Frame 004713
INFO: Can't find player name end icon
INFO: 
INFO: >>> Frame 004714
INFO: Can't find player name end icon
INFO: 
INFO: >>> Frame 004715
INFO: Can't find player name end icon
INFO: 
INFO: >>> Frame 004716
INFO: Can't find player name end icon
INFO: 
INFO: >>> Frame 004717
INFO: Can't find player name end icon
INFO: 
INFO: >>> Frame 004718
INFO: Can't find player name end icon
INFO: 
INFO: >>> Frame 004719
INFO: Can't find player name end icon
INFO: 
INFO: >>> Frame 004720
INFO: Player name: 'COOLER Yuki' -> 'COOLER_Yuki'
INFO: Weapon 1: 'HEMLOK'
INFO: Weapon 2: 'EVA-3 AUTO' -> 'EVA-8 AUTO'
INFO: 
INFO: >>> Frame 004721
INFO: Player name: 'COOLER Yuki' -> 'COOLER_Yuki'
INFO: Weapon 1: 'HEMLOK'
INFO: Weapon 2: 'EVA-8 AUTO'
INFO: 
INFO: >>> Frame 004722
INFO: Player name: 'COOLER Yuki' -> 'COOLER_Yuki'
INFO: Weapon 1: 'HEMLOK'
INFO: Weapon 2: 'EVA-B AUTO' -> 'EVA-8 AUTO'
INFO: 
INFO: >>> Frame 004723
INFO: Player name: 'COOLER Yuki' -> 'COOLER_Yuki'
INFO: Weapon 1: 'HEMLOK'
INFO: Weapon 2: 'EVA-8 AUTO'
INFO: 
INFO: >>> Frame 004724
INFO: Player name: 'COOLER Yuki' -> 'COOLER_Yuki'
INFO: Weapon 1: 'HEMLOK'
INFO: Weapon 2: 'EVA-38 AUTO' -> 'EVA-8 AUTO'
INFO: 
INFO: >>> Frame 004725
INFO: Player name: 'COOLER Yuki' -> 'COOLER_Yuki'
INFO: Weapon 1: 'HEMLOK'
INFO: Weapon 2: 'EVA-8 AUTO'
INFO: 
INFO: >>> Frame 004726
INFO: Player name: 'COOLER Yuki' -> 'COOLER_Yuki'
INFO: Weapon 1: 'HEMLOK'
INFO: Weapon 2: 'EVA-8 AUTO'
INFO: 
INFO: >>> Frame 004727
INFO: Player name: 'COOLER_Yuki'
INFO: Weapon 1: 'HEMLOK'
INFO: Weapon 2: 'EVA-8 AUTO'
INFO: 
INFO: >>> Frame 004728
INFO: Player name: 'FEDOLER Yuki' -> 'COOLER_Yuki'
INFO: Weapon 1: 'HEMLOK'
INFO: Weapon 2: 'EVA-38 AUTO' -> 'EVA-8 AUTO'
INFO: 
INFO: >>> Frame 004729
INFO: Player name: 'COOLER Yuki' -> 'COOLER_Yuki'
INFO: Weapon 1: 'HEMLOK'
INFO: Weapon 2: 'EVA-3 AUTO' -> 'EVA-8 AUTO'
INFO: 
INFO: >>> Frame 004730
INFO: Player name: 'COOLER Yuki' -> 'COOLER_Yuki'
INFO: Weapon 1: 'HEMLOK'
INFO: Weapon 2: 'EVA-38 AUTO' -> 'EVA-8 AUTO'
INFO: 
INFO: >>> Frame 004731
INFO: Player name: 'COOLER Yuki' -> 'COOLER_Yuki'
INFO: Weapon 1: 'HEMLOK'
INFO: Weapon 2: 'EVA-38 AUTO' -> 'EVA-8 AUTO'
INFO: 
INFO: >>> Frame 004732
INFO: Player name: 'COOLER _Gnaske' -> 'COOLER_Gnaske'
INFO: Weapon 1: 'FLATLINE'
INFO: Weapon 2: 'EVA-8 AUTO'
INFO: 
INFO: >>> Frame 004733
INFO: Player name: 'COOLER_Gnaske'
INFO: Weapon 1: 'FLATLINE'
INFO: Weapon 2: 'EVA-8 AUTO'
INFO: 
INFO: >>> Frame 004734
INFO: Can't find player name end icon
INFO: 
INFO: >>> Frame 004735
INFO: Can't find player name end icon
INFO: 
INFO: >>> Frame 004736
INFO: Can't find player name end icon
INFO: 
INFO: >>> Frame 004737
INFO: Can't find player name end icon
INFO: 
INFO: >>> Frame 004738
INFO: Player name: 'KICK Jacuu' -> 'K1CK_Jacuu'
INFO: Weapon 1: 'R-99'
INFO: Weapon 2: 'EVA-38 AUTO' -> 'EVA-8 AUTO'
INFO: 
INFO: >>> Frame 004739
INFO: Player name: 'KICK Jacuu' -> 'K1CK_Jacuu'
INFO: Weapon 1: 'R-99'
INFO: Weapon 2: 'EVA-8 AUTO'
INFO: 
INFO: >>> Frame 004740
INFO: Player name: 'KICK Jacuu' -> 'K1CK_Jacuu'
INFO: Weapon 2: 'EVAa-3 AUTO' -> 'EVA-8 AUTO'
INFO: 
INFO: >>> Frame 004741
INFO: Player name: 'KICK Jacuu' -> 'K1CK_Jacuu'
INFO: Weapon 2: 'EVA-38 AUTO' -> 'EVA-8 AUTO'
INFO: 
INFO: >>> Frame 004742
INFO: Player name: 'KICK Jacuu' -> 'K1CK_Jacuu'
INFO: Weapon 2: 'EVA-3 AUTO' -> 'EVA-8 AUTO'
INFO: 
INFO: >>> Frame 004743
INFO: Player name: 'KICK Jacuu' -> 'K1CK_Jacuu'
INFO: Weapon 1: 'R-99'
INFO: Weapon 2: 'EVA-B AUTO' -> 'EVA-8 AUTO'
INFO: 
INFO: >>> Frame 004744
INFO: Unknown player: 'HICH Jeruu' (best guess: 'K1CK_Jacuu', 0.60)
INFO: 
INFO: >>> Frame 004745
INFO: Player name: 'KICK Jacuu' -> 'K1CK_Jacuu'
INFO: Weapon 2: 'EVA-B AUTO' -> 'EVA-8 AUTO'
INFO: 
INFO: >>> Frame 004746
INFO: Player name: 'KICK Jacuu' -> 'K1CK_Jacuu'
INFO: Weapon 1: 'R-99'
INFO: Weapon 2: 'EVA-B AUTO' -> 'EVA-8 AUTO'
INFO: 
INFO: >>> Frame 004747
INFO: Player name: 'KICK Jacuu' -> 'K1CK_Jacuu'
INFO: Weapon 1: 'R-99'
INFO: Weapon 2: 'EVA-8 AUTO'
INFO: 
INFO: >>> Frame 004748
INFO: Player name: 'KICK Jacuu' -> 'K1CK_Jacuu'
INFO: Weapon 1: 'R-99'
INFO: Weapon 2: 'EVA-8 AUTO'
INFO: 
INFO: >>> Frame 004749
INFO: Player name: 'KICK _Jacuu' -> 'K1CK_Jacuu'
INFO: Weapon 2: 'EVA-3 AUTO' -> 'EVA-8 AUTO'
INFO: 
INFO: >>> Frame 004750
INFO: Player name: 'KICK_Jacuu' -> 'K1CK_Jacuu'
INFO: Weapon 1: 'R-99'
INFO: Weapon 2: 'EVA-3 AUTO' -> 'EVA-8 AUTO'
INFO: 
INFO: >>> Frame 004751
INFO: Player name: 'KICK Jacuu' -> 'K1CK_Jacuu'
INFO: Weapon 1: 'R-99'
INFO: Weapon 2: 'EVA-B AUTO' -> 'EVA-8 AUTO'
INFO: 
INFO: >>> Frame 004752
INFO: Can't find player name end icon
INFO: 
INFO: >>> Frame 004753
INFO: Can't find player name end icon
INFO: 
INFO: >>> Frame 004754
INFO: Player name: 'KICK_Jacuu' -> 'K1CK_Jacuu'
INFO: Weapon 2: 'EVA-8 AUTO'
INFO: 
INFO: >>> Frame 004755
INFO: Player name: 'KICK Deanzay' -> 'K1CK_Denzay'
INFO: Weapon 1: 'R-301'
INFO: Weapon 2: 'EVA-3 AUTO' -> 'EVA-8 AUTO'
INFO: 
INFO: >>> Frame 004756
INFO: Player name: 'KIC K: Denzay' -> 'K1CK_Denzay'
INFO: Weapon 2: 'EVA-38 AUTO' -> 'EVA-8 AUTO'
INFO: 
INFO: >>> Frame 004757
INFO: Player name: 'KICK _Jacuu' -> 'K1CK_Jacuu'
INFO: Weapon 1: 'R-401' -> 'R-301'
INFO: Weapon 2: 'EVA-8 AUTO'
INFO: 
INFO: >>> Frame 004758
INFO: Player name: 'KICK Jacuu' -> 'K1CK_Jacuu'
INFO: Weapon 1: 'R-39"' -> 'R-301'
INFO: Weapon 2: 'EVA-B AUTO' -> 'EVA-8 AUTO'
INFO: 
INFO: >>> Frame 004759
INFO: Player name: 'KICK Jacuu' -> 'K1CK_Jacuu'
INFO: Weapon 1: 'R-99'
INFO: Weapon 2: 'EVA-8 AUTO'
INFO: 
INFO: >>> Frame 004760
INFO: 
INFO: >>> Frame 004761
INFO: 
INFO: >>> Frame 004762
INFO: Can't find player name end icon
INFO: 
INFO: >>> Frame 004763
INFO: Player name: 'NEW _PostKiLL' -> 'NEW_PostKiLL'
INFO: Weapon 1: 'CHARGE RIFLI' -> 'CHARGE RIFLE'
INFO: Weapon 2: 'R-301'
INFO: 
INFO: >>> Frame 004764
INFO: Player name: 'NEW PostKiLL' -> 'NEW_PostKiLL'
INFO: Weapon 1: 'CHARGE RIFL' -> 'CHARGE RIFLE'
INFO: Weapon 2: 'R-301'
INFO: 
INFO: >>> Frame 004765
INFO: Player name: 'NEW PostKiLL' -> 'NEW_PostKiLL'
INFO: Weapon 1: 'CHARGE RIFL' -> 'CHARGE RIFLE'
INFO: Weapon 2: 'R-301'
INFO: 
INFO: >>> Frame 004766
INFO: Player name: 'NEW:PostKill' -> 'NEW_PostKiLL'
INFO: Weapon 1: 'SPITFIRE'
INFO: Weapon 2: 'R-301'
INFO: 
INFO: >>> Frame 004767
INFO: Player name: 'NEW _PostKiLL' -> 'NEW_PostKiLL'
INFO: Weapon 1: 'SPITFIRE'
INFO: Weapon 2: 'R-301'
INFO: 
INFO: >>> Frame 004768
INFO: Player name: 'NEW _PostKiLL' -> 'NEW_PostKiLL'
INFO: Weapon 1: 'SPITFIRE'
INFO: Weapon 2: 'R-301'
INFO: 
INFO: >>> Frame 004769
INFO: Can't find player name end icon
INFO: 
INFO: >>> Frame 004770
INFO: Can't find player name end icon
INFO: 
INFO: >>> Frame 004771
INFO: Can't find player name end icon
INFO: 
INFO: >>> Frame 004772
INFO: Player name: 'FotM_ Taylor' -> 'FotM_Taylor'
INFO: Weapon 1: 'FLATLINE'
INFO: Weapon 2: 'EVA-8 AUTO'
INFO: 
INFO: >>> Frame 004773
INFO: Player name: 'FotM_Taytor' -> 'FotM_Taylor'
INFO: Weapon 1: 'FLATLINE'
INFO: Weapon 2: 'EVA-B AUTO' -> 'EVA-8 AUTO'
INFO: 
INFO: >>> Frame 004774
INFO: Player name: 'FotM_Taylor'
INFO: Weapon 1: 'FLATLINE'
INFO: Weapon 2: 'EVA-B AUTO' -> 'EVA-8 AUTO'
INFO: 
INFO: >>> Frame 004775
INFO: Player name: 'FotM_Pjeh'
INFO: Weapon 1: 'TRIPLE TAKE'
INFO: Weapon 2: 'MASTIFF'
INFO: 
INFO: >>> Frame 004776
INFO: Player name: 'FotM_Pjeh'
INFO: Weapon 1: 'TRIPLE TAKE'
INFO: Weapon 2: 'MASTIFF'
INFO: 
INFO: >>> Frame 004777
INFO: Player name: 'FotM_Pjeh'
INFO: Weapon 1: 'TRIPLE TAKE'
INFO: Weapon 2: 'MASTIFF'
INFO: 
INFO: >>> Frame 004778
INFO: Player name: 'FotM_Pjeh'
INFO: Weapon 1: 'TRIPLE TAKE'
INFO: Weapon 2: 'MASTIFF'
INFO: 
INFO: >>> Frame 004779
INFO: Can't find player name end icon
INFO: 
INFO: >>> Frame 004780
INFO: Can't find player name end icon
INFO: 
INFO: >>> Frame 004781
INFO: Can't find player name end icon
INFO: 
INFO: >>> Frame 004782
INFO: Can't find player name end icon
INFO: 
INFO: >>> Frame 004783
INFO: Player name: ', Gambit_Artyco' -> 'Gambit_Artyco'
INFO: Weapon 1: 'FLATLINE'
INFO: Weapon 2: 'MASTIFFE' -> 'MASTIFF'
INFO: 
INFO: >>> Frame 004784
INFO: Player name: '_Gambit_Artyco' -> 'Gambit_Artyco'
INFO: Weapon 1: 'FLATLINE'
INFO: Weapon 2: 'MASTIFF'
INFO: 
INFO: >>> Frame 004785
INFO: Player name: '_Gambit_Artyco' -> 'Gambit_Artyco'
INFO: Weapon 1: 'FLATLINE'
INFO: Weapon 2: 'MASTIFF'
INFO: 
INFO: >>> Frame 004786
INFO: Player name: ', Gambit_Artyco' -> 'Gambit_Artyco'
INFO: Weapon 1: 'FLATLINE'
INFO: Weapon 2: 'MASTIFF'
INFO: 
INFO: >>> Frame 004787
INFO: Can't find player name end icon
INFO: 
INFO: >>> Frame 004788
INFO: Can't find player name end icon
INFO: 
INFO: >>> Frame 004789
INFO: Player name: 'NEW_K4SHERA'
INFO: Weapon 1: 'FLATLINE'
INFO: Weapon 2: 'EVA-8 AUTO'
INFO: 
INFO: >>> Frame 004790
INFO: Player name: 'NEW _K4ASHERA' -> 'NEW_K4SHERA'
INFO: Weapon 1: 'FLATLINE'
INFO: Weapon 2: 'EVA-8 AUTO'
INFO: 
INFO: >>> Frame 004791
INFO: Player name: 'NEW_K4SHERA'
INFO: Weapon 1: 'FLATLINE'
INFO: Weapon 2: 'EVA-38 AUTO' -> 'EVA-8 AUTO'
INFO: 
INFO: >>> Frame 004792
INFO: Player name: 'NEW K4SHERA' -> 'NEW_K4SHERA'
INFO: Weapon 1: 'FLATLINE'
INFO: Weapon 2: 'EVA-8 AUTO'
INFO: 
INFO: >>> Frame 004793
INFO: Player name: 'NEW_K4SHERA'
INFO: Weapon 1: 'FLATLINE'
INFO: Weapon 2: 'EVA-B AUTO' -> 'EVA-8 AUTO'
INFO: 
INFO: >>> Frame 004794
INFO: Player name: 'NEW_K4SHERA'
INFO: Weapon 1: 'FLATLINE'
INFO: Weapon 2: 'EVA-8 AUTO'
INFO: 
INFO: >>> Frame 004795
INFO: Player name: 'NEW_K4SHERA'
INFO: Weapon 1: 'FLATLINE'
INFO: Weapon 2: 'EVA-8 AUTO'
INFO: 
INFO: >>> Frame 004796
INFO: Player name: 'NEW_K4SHERA'
INFO: Weapon 1: 'FLATLINE'
INFO: Weapon 2: 'EVA-8 AUTO'
INFO: 
INFO: >>> Frame 004797
INFO: Player name: 'NEW_K4SHERA'
INFO: Weapon 1: 'FLATLINE'
INFO: Weapon 2: 'EVA-8 AUTO'
INFO: 
INFO: >>> Frame 004798
INFO: Player name: 'NEW_K4SHERA'
INFO: Weapon 1: 'FLATLINE'
INFO: Weapon 2: 'EVA-8 AUTO'
INFO: 
INFO: >>> Frame 004799
INFO: Player name: 'NEW_K4SHERA'
INFO: Weapon 1: 'FLATLINE'
INFO: Weapon 2: 'EVA-8 AUTO'
INFO: 
INFO: >>> Frame 004800
INFO: Player name: 'NEW Rogerboger' -> 'NEW_Rogerboger'
INFO: Weapon 1: 'FLATLINE'
INFO: Weapon 2: 'EVA-8 AUTO'
INFO: 
INFO: >>> Frame 004801
INFO: Player name: 'NEW Rogerboger' -> 'NEW_Rogerboger'
INFO: Weapon 1: 'FLATLINE'
INFO: Weapon 2: 'EVA-8 AUTO'
INFO: 
INFO: >>> Frame 004802
INFO: Player name: 'NEW_Rogerboger'
INFO: Weapon 1: 'FLATLINE'
INFO: Weapon 2: 'EVA-8 AUTO'
INFO: 
INFO: >>> Frame 004803
INFO: Can't find player name end icon
INFO: 
INFO: >>> Frame 004804
INFO: Can't find player name end icon
INFO: 
INFO: >>> Frame 004805
INFO: Can't find player name end icon
INFO: 
INFO: >>> Frame 004806
INFO: Player name: 'FotM Taylor' -> 'FotM_Taylor'
INFO: Weapon 1: 'EVA-8 AUTO'
INFO: Weapon 2: 'R-301'
INFO: 
INFO: >>> Frame 004807
INFO: Player name: 'FotM Taylor' -> 'FotM_Taylor'
INFO: Weapon 1: 'EVA-8 AUTO'
INFO: Weapon 2: 'R-301'
INFO: 
INFO: >>> Frame 004808
INFO: Player name: 'FotM Taylor' -> 'FotM_Taylor'
INFO: Weapon 1: 'EVA-8 AUTO'
INFO: Weapon 2: 'R-301'
INFO: 
INFO: >>> Frame 004809
INFO: Player name: 'FatM Taylor' -> 'FotM_Taylor'
INFO: Weapon 2: 'EYAa-8 AUTO' -> 'EVA-8 AUTO'
INFO: 
INFO: >>> Frame 004810
INFO: Player name: 'FotM_nothFPS'
INFO: Weapon 1: 'EVA-8 AUTO'
INFO: Weapon 2: 'R-301'
INFO: 
INFO: >>> Frame 004811
INFO: Player name: 'FotM_nothFPS'
INFO: Weapon 1: 'EVA-8 AUTO'
INFO: Weapon 2: 'R-301'
INFO: 
INFO: >>> Frame 004812
INFO: Can't find player name end icon
INFO: 
INFO: >>> Frame 004813
INFO: Player name: 'Gambit_Hardecki'
INFO: Weapon 1: 'FLATLINE'
INFO: Weapon 2: 'PEACEKEEPEF' -> 'PEACEKEEPER'
INFO: 
INFO: >>> Frame 004814
INFO: Player name: 'Gambit_Hardecki'
INFO: Weapon 1: 'FLATLINE'
INFO: Weapon 2: 'PEACEKEEPE' -> 'PEACEKEEPER'
INFO: 
INFO: >>> Frame 004815
INFO: Can't find player name end icon
INFO: 
INFO: >>> Frame 004816
INFO: 
INFO: >>> Frame 004817
INFO: Can't find player name end icon
INFO: 
INFO: >>> Frame 004818
INFO: Can't find player name end icon
INFO: 
INFO: >>> Frame 004819
INFO: Can't find player name end icon
INFO: 
INFO: >>> Frame 004820
INFO: Player name: 'FotM Taylor' -> 'FotM_Taylor'
INFO: Weapon 1: 'FLATLINE'
INFO: Weapon 2: 'EV4-8 AUTO' -> 'EVA-8 AUTO'
INFO: 
INFO: >>> Frame 004821
INFO: Player name: 'FotM Taylor' -> 'FotM_Taylor'
INFO: Weapon 1: 'FLATLINE'
INFO: Weapon 2: 'EVA-8 AUTO'
INFO: 
INFO: >>> Frame 004822
INFO: Player name: 'FotM_Taylor'
INFO: Weapon 1: 'FLATLINE'
INFO: Weapon 2: 'EVA-8 AUTO'
INFO: 
INFO: >>> Frame 004823
INFO: Player name: 'FotM_Taylor'
INFO: Weapon 1: 'FLATLINE'
INFO: Weapon 2: 'FVA-B AUTO' -> 'EVA-8 AUTO'
INFO: 
INFO: >>> Frame 004824
INFO: Player name: 'FotM_Taylor'
INFO: Weapon 1: 'FLATLINE'
INFO: Weapon 2: 'EVA-B AUTO' -> 'EVA-8 AUTO'
INFO: 
INFO: >>> Frame 004825
INFO: Can't find player name end icon
INFO: 
INFO: >>> Frame 004826
INFO: Can't find player name end icon
INFO: 
INFO: >>> Frame 004827
INFO: Can't find player name end icon
INFO: 
INFO: >>> Frame 004828
INFO: Can't find player name end icon
INFO: 
INFO: >>> Frame 004829
INFO: Can't find player name end icon
INFO: 
INFO: >>> Frame 004830
INFO: Player name: 'NEW _K4SHERA' -> 'NEW_K4SHERA'
INFO: Weapon 1: 'FLATLINE'
INFO: Weapon 2: 'EVA-3 AUTO' -> 'EVA-8 AUTO'
INFO: 
INFO: >>> Frame 004831
INFO: Player name: 'NEW_K4SHERA'
INFO: Weapon 1: 'FLATLINE'
INFO: Weapon 2: 'EVA-B8 AUTO' -> 'EVA-8 AUTO'
INFO: 
INFO: >>> Frame 004832
INFO: Player name: 'NEW_K4SHERA'
INFO: Weapon 1: 'FLATLINE'
INFO: Weapon 2: 'EVA-8 AUTO'
INFO: 
INFO: >>> Frame 004833
INFO: Player name: 'NEW_K4SHERA'
INFO: Weapon 1: 'FLATLINE'
INFO: Weapon 2: 'EVA4-8 AUTO' -> 'EVA-8 AUTO'
INFO: 
INFO: >>> Frame 004834
INFO: Player name: 'NEW_K4SHERA'
INFO: Weapon 1: 'FLATLINE'
INFO: Weapon 2: 'EVA-8 AUTO'
INFO: 
INFO: >>> Frame 004835
INFO: Player name: 'NEW_K4SHERA'
INFO: Weapon 1: 'FLATLINE'
INFO: Weapon 2: 'EVA-B AUTO' -> 'EVA-8 AUTO'
INFO: 
INFO: >>> Frame 004836
INFO: Player name: 'NEW_K4SHERA'
INFO: Weapon 1: 'FLATLINE'
INFO: Weapon 2: 'EVA-B AUTO' -> 'EVA-8 AUTO'
INFO: 
INFO: >>> Frame 004837
INFO: Can't find player name end icon
INFO: 
INFO: >>> Frame 004838
INFO: Can't find player name end icon
INFO: 
INFO: >>> Frame 004839
INFO: Can't find player name end icon
INFO: 
INFO: >>> Frame 004840
INFO: Can't find player name end icon
INFO: 
INFO: >>> Frame 004841
INFO: Can't find player name end icon
INFO: 
INFO: >>> Frame 004842
INFO: Can't find player name end icon
INFO: 
INFO: >>> Frame 004843
INFO: Can't find player name end icon
INFO: 
INFO: >>> Frame 004844
INFO: Can't find player name end icon
INFO: 
INFO: >>> Frame 004845
INFO: Can't find player name end icon
INFO: 
INFO: >>> Frame 004846
INFO: Can't find player name end icon
INFO: 
INFO: >>> Frame 004847
INFO: Can't find player name end icon
INFO: 
INFO: >>> Frame 004848
INFO: Can't find player name end icon
INFO: 
INFO: >>> Frame 004849
INFO: Can't find player name end icon
INFO: 
INFO: >>> Frame 004850
INFO: Player name: 'NEW_K4SHERA'
INFO: Weapon 1: 'FLATLINE'
INFO: Weapon 2: 'EVA-B AUTO' -> 'EVA-8 AUTO'
INFO: 
INFO: >>> Frame 004851
INFO: Player name: 'NEW_K4SHERA'
INFO: Weapon 1: 'FLATLINE'
INFO: Weapon 2: 'EVA-B AUTO' -> 'EVA-8 AUTO'
INFO: 
INFO: >>> Frame 004852
INFO: Player name: 'NEW_K4SHERA'
INFO: Weapon 1: 'FLATLINE'
INFO: Weapon 2: 'EVA-38 AUTO' -> 'EVA-8 AUTO'
INFO: 
INFO: >>> Frame 004853
INFO: Player name: 'NEW_K4SHERA'
INFO: Weapon 1: 'FLATLINE'
INFO: Weapon 2: 'EVA-8 AUTO'
INFO: 
INFO: >>> Frame 004854
INFO: Player name: 'NEW PostKiLL' -> 'NEW_PostKiLL'
INFO: Weapon 2: 'R-30]' -> 'R-301'
INFO: 
INFO: >>> Frame 004855
INFO: Player name: 'NEW PostKiLL' -> 'NEW_PostKiLL'
INFO: Weapon 1: 'SPITFIRE'
INFO: Weapon 2: 'R-301'
INFO: 
INFO: >>> Frame 004856
INFO: Player name: 'NEW PostKiLL' -> 'NEW_PostKiLL'
INFO: Weapon 1: 'SPITFIRE'
INFO: Weapon 2: 'R-301'
INFO: 
INFO: >>> Frame 004857
INFO: Player name: 'NEW PostKiLL' -> 'NEW_PostKiLL'
INFO: Weapon 1: 'SPITFIRE'
INFO: Weapon 2: 'R-30)' -> 'R-301'
INFO: 
INFO: >>> Frame 004858
INFO: Player name: 'NEW_Rogerboger'
INFO: Weapon 1: 'FLATLINE'
INFO: Weapon 2: 'EVA-8 AUTO'
INFO: 
INFO: >>> Frame 004859
INFO: Player name: 'NEW Rogerboger' -> 'NEW_Rogerboger'
INFO: Weapon 1: 'FLATLINE'
INFO: Weapon 2: 'EVA-8 AUTO'
INFO: 
INFO: >>> Frame 004860
INFO: Player name: '“NEW Rogerboger' -> 'NEW_Rogerboger'
INFO: Weapon 1: 'FLATLINE'
INFO: Weapon 2: 'EVA-8 AUTO'
INFO: 
INFO: >>> Frame 004861
INFO: 
INFO: >>> Frame 004862
INFO: Player name: 'NEW_Rogerboger'
INFO: Weapon 1: 'FLATLINE'
INFO: Weapon 2: 'EVA-8 AUTO'
INFO: 
INFO: >>> Frame 004863
INFO: Player name: 'NEW _K4SHERA' -> 'NEW_K4SHERA'
INFO: Weapon 1: 'FLATLINE'
INFO: Weapon 2: 'EVA-3 AUTO' -> 'EVA-8 AUTO'
INFO: 
INFO: >>> Frame 004864
INFO: Player name: 'NEW_K4SHERA'
INFO: Weapon 1: 'FLATLINE'
INFO: Weapon 2: 'EVA-8 AUTO'
INFO: 
INFO: >>> Frame 004865
INFO: Player name: 'NEW_K4SHERA'
INFO: Weapon 1: 'FLATLINE'
INFO: Weapon 2: 'EVA-8 AUTO'
INFO: 
INFO: >>> Frame 004866
INFO: Player name: 'NEW _H4SHERA' -> 'NEW_K4SHERA'
INFO: Weapon 2: 'EVA-B AUTO' -> 'EVA-8 AUTO'
INFO: 
INFO: >>> Frame 004867
INFO: Player name: 'NEW_K4SHERA'
INFO: Weapon 1: 'FLATLINE'
INFO: Weapon 2: 'EVA-B AUTO' -> 'EVA-8 AUTO'
INFO: 
INFO: >>> Frame 004868
INFO: 
INFO: >>> Frame 004869
INFO: Player name: 'NEW _PostKiLL' -> 'NEW_PostKiLL'
INFO: Weapon 1: 'SPITFIRE'
INFO: Weapon 2: 'R-3D)' -> 'R-301'
INFO: 
INFO: >>> Frame 004870
INFO: Player name: 'NEW PostKiLL' -> 'NEW_PostKiLL'
INFO: Weapon 1: 'SPITFIRE'
INFO: Weapon 2: 'R-301'
INFO: 
INFO: >>> Frame 004871
INFO: Can't find player name end icon
INFO: 
INFO: >>> Frame 004872
INFO: Can't find player name end icon
INFO: 
INFO: >>> Frame 004873
INFO: Can't find player name end icon
INFO: 
INFO: >>> Frame 004874
INFO: Player name: 'FotM_nothFPS'
INFO: Weapon 1: 'EVA-8 AUTO'
INFO: Weapon 2: 'R-301'
INFO: 
INFO: >>> Frame 004875
INFO: Player name: 'FotM_nothFPS'
INFO: Weapon 1: 'EVA-8 AUTO'
INFO: Weapon 2: 'R-30' -> 'R-301'
INFO: 
INFO: >>> Frame 004876
INFO: Player name: 'FotM_nothFPS'
INFO: Weapon 1: 'EVA-8 AUTO'
INFO: Weapon 2: 'R-301'
INFO: 
INFO: >>> Frame 004877
INFO: Player name: 'FotM_nothFPS'
INFO: Weapon 1: 'EVA-8 AUTO'
INFO: Weapon 2: 'R-301'
INFO: 
INFO: >>> Frame 004878
INFO: Player name: 'NEW Rogerboger' -> 'NEW_Rogerboger'
INFO: Weapon 1: 'FLATLINE'
INFO: Weapon 2: 'EVA-8 AUTO'
