INFO: 
INFO: >>> Frame 003144
INFO: Can't find player name end icon
INFO: 
INFO: >>> Frame 003145
INFO: Can't find player name end icon
INFO: 
INFO: >>> Frame 003146
INFO: Can't find player name end icon
INFO: 
INFO: >>> Frame 003147
INFO: Can't find player name end icon
INFO: 
INFO: >>> Frame 003148
INFO: Can't find player name end icon
INFO: 
INFO: >>> Frame 003149
INFO: Can't find player name end icon
INFO: 
INFO: >>> Frame 003150
INFO: Can't find player name end icon
INFO: 
INFO: >>> Frame 003151
INFO: Player name: 'Txaniya' -> '7xaniya'
INFO: 
INFO: >>> Frame 003152
INFO: Player name: '7xaniya'
INFO: 
INFO: >>> Frame 003153
INFO: Player name: 'Fxaniya' -> '7xaniya'
INFO: 
INFO: >>> Frame 003154
INFO: Player name: '7xaniya'
INFO: 
INFO: >>> Frame 003155
INFO: Player name: '7xaniya'
INFO: 
INFO: >>> Frame 003156
INFO: Player name: '7xaniya'
INFO: 
INFO: >>> Frame 003157
INFO: Player name: 'Txaniya' -> '7xaniya'
INFO: 
INFO: >>> Frame 003158
INFO: Player name: '7xaniya'
INFO: 
INFO: >>> Frame 003159
INFO: Player name: '7xaniya'
INFO: 
INFO: >>> Frame 003160
INFO: Player name: '7xaniya'
INFO: 
INFO: >>> Frame 003161
INFO: Player name: '7xaniya'
INFO: 
INFO: >>> Frame 003162
INFO: Player name: 'Txaniva' -> '7xaniya'
INFO: 
INFO: >>> Frame 003163
INFO: Player name: '7xaniya'
INFO: 
INFO: >>> Frame 003164
INFO: Player name: '7xaniya'
INFO: 
INFO: >>> Frame 003165
INFO: Player name: '7xaniya'
INFO: Unknown weapon: 'yas' (best guess: '30-30 REPEATER', 1.00)
INFO: 
INFO: >>> Frame 003166
INFO: Player name: 'Txaniya' -> '7xaniya'
INFO: 
INFO: >>> Frame 003167
INFO: Player name: 'hanya' -> '7xaniya'
INFO: 
INFO: >>> Frame 003168
INFO: Player name: 'Jxaniya' -> '7xaniya'
INFO: Unknown weapon: '+ Tom;\n\n—' (best guess: 'ALTERNATOR', 0.90)
INFO: 
INFO: >>> Frame 003169
INFO: Player name: '?xaniya' -> '7xaniya'
INFO: 
INFO: >>> Frame 003170
INFO: Player name: '7xaniya'
INFO: 
INFO: >>> Frame 003171
INFO: Unknown player: 'Traniyz\nanive.' (best guess: '7xaniya', 0.64)
INFO: 
INFO: >>> Frame 003172
INFO: Player name: '7xaniya'
INFO: Unknown weapon: 'ne at® gh' (best guess: 'G7 SCOUT', 0.89)
INFO: 
INFO: >>> Frame 003173
INFO: Player name: '7xaniya'
INFO: 
INFO: >>> Frame 003174
INFO: Player name: '7xaniya'
INFO: 
INFO: >>> Frame 003175
INFO: Player name: '7xaniya'
INFO: Unknown weapon: 'ea' (best guess: '30-30 REPEATER', 1.00)
INFO: 
INFO: >>> Frame 003176
INFO: Player name: '7xaniya'
INFO: 
INFO: >>> Frame 003177
INFO: Player name: 'Txaniya' -> '7xaniya'
INFO: 
INFO: >>> Frame 003178
INFO: Player name: '7xaniya'
INFO: 
INFO: >>> Frame 003179
INFO: Player name: '7xaniya'
INFO: 
INFO: >>> Frame 003180
INFO: Player name: '7xaniya'
INFO: 
INFO: >>> Frame 003181
INFO: Player name: 'Atrosty3'
INFO: Weapon 1: 'FLATLINE'
INFO: Weapon 2: 'ALTERNATOR'
INFO: 
INFO: >>> Frame 003182
INFO: Player name: 'Atrosty3'
INFO: Weapon 1: 'FLATLINE'
INFO: Weapon 2: 'ALTERNATOR'
INFO: 
INFO: >>> Frame 003183
INFO: Player name: 'Atrosty3'
INFO: Weapon 1: 'FLATLINE'
INFO: Weapon 2: 'ALTERNATOR'
INFO: 
INFO: >>> Frame 003184
INFO: 
INFO: >>> Frame 003185
INFO: Player name: 'Atrosty3'
INFO: Weapon 1: 'FLATLINE'
INFO: Weapon 2: 'ALTERNATOR'
INFO: 
INFO: >>> Frame 003186
INFO: Player name: 'Atrosty3'
INFO: Weapon 1: 'FLATLINE'
INFO: Weapon 2: 'ALTERNATOR'
INFO: 
INFO: >>> Frame 003187
INFO: Player name: 'Atrosty3'
INFO: Weapon 1: 'FLATLINE'
INFO: Weapon 2: 'ALTERNATOR'
INFO: 
INFO: >>> Frame 003188
INFO: Player name: 'Atrosty3'
INFO: Weapon 1: 'FLATLINE'
INFO: Weapon 2: 'ALTERNATOR'
INFO: 
INFO: >>> Frame 003189
INFO: Player name: 'Atrosty3'
INFO: Weapon 1: 'FLATLINE'
INFO: Weapon 2: 'ALTERNATOR'
INFO: 
INFO: >>> Frame 003190
INFO: Player name: 'Atrosty3'
INFO: Weapon 1: 'FLATLINE'
INFO: Weapon 2: 'ALTERNATOR'
INFO: 
INFO: >>> Frame 003191
INFO: 
INFO: >>> Frame 003192
INFO: Player name: 'Atrosty3'
INFO: Weapon 1: 'FLATLINE'
INFO: Weapon 2: 'ALTERNATOR'
INFO: 
INFO: >>> Frame 003193
INFO: Player name: 'Atrosty3'
INFO: Weapon 1: 'FLATLINE'
INFO: Weapon 2: 'ALTERNATOR'
INFO: 
INFO: >>> Frame 003194
INFO: Unknown player: '_foZ8)' (best guess: 'foZej', 0.50)
INFO: 
INFO: >>> Frame 003195
INFO: Can't find player name end icon
INFO: 
INFO: >>> Frame 003196
INFO: Can't find player name end icon
INFO: 
INFO: >>> Frame 003197
INFO: Can't find player name end icon
INFO: 
INFO: >>> Frame 003198
INFO: Player name: 'MicroFiberz'
INFO: Weapon 1: 'R-99'
INFO: Weapon 2: 'HAVOC'
INFO: 
INFO: >>> Frame 003199
INFO: Player name: 'MicroFiberz'
INFO: Weapon 2: 'HAVOC'
INFO: 
INFO: >>> Frame 003200
INFO: Player name: 'MicroFiberz'
INFO: Weapon 1: 'R-99'
INFO: Weapon 2: 'HAVOC'
INFO: 
INFO: >>> Frame 003201
INFO: Player name: 'MicroFiberz'
INFO: Weapon 1: 'R-99'
INFO: Weapon 2: 'HAVOC'
INFO: 
INFO: >>> Frame 003202
INFO: Player name: 'MicroFiberz'
INFO: Weapon 1: 'R-99'
INFO: Weapon 2: 'HAVOC'
INFO: 
INFO: >>> Frame 003203
INFO: Player name: 'MicroFiberz'
INFO: Weapon 1: 'R-99'
INFO: Weapon 2: 'HAVOC'
INFO: 
INFO: >>> Frame 003204
INFO: Player name: 'Atrosty3'
INFO: Weapon 1: 'FLATLINE'
INFO: Weapon 2: 'ALTERNATOR'
INFO: 
INFO: >>> Frame 003205
INFO: Player name: 'Atrostyd' -> 'Atrosty3'
INFO: Weapon 1: 'FLATLINE'
INFO: Weapon 2: 'ALTERNATOR'
INFO: 
INFO: >>> Frame 003206
INFO: Player name: 'Atrostys' -> 'Atrosty3'
INFO: Weapon 1: 'FLATLINE'
INFO: Weapon 2: 'ALTERNATOR'
INFO: 
INFO: >>> Frame 003207
INFO: Player name: '“Atrosty3' -> 'Atrosty3'
INFO: Weapon 1: 'FLATLINE'
INFO: Weapon 2: 'ALTERNATOR'
INFO: 
INFO: >>> Frame 003208
INFO: Player name: 'Atrosty3'
INFO: Weapon 1: 'FLATLINE'
INFO: Weapon 2: 'ALTERNATOR'
INFO: 
INFO: >>> Frame 003209
INFO: Player name: 'Atrosty3'
INFO: Weapon 1: 'FLATLINE'
INFO: Weapon 2: 'ALTERNATOR'
INFO: 
INFO: >>> Frame 003210
INFO: Player name: 'Atrosty3'
INFO: Weapon 1: 'FLATLINE'
INFO: Weapon 2: 'ALTERNATOR'
INFO: 
INFO: >>> Frame 003211
INFO: Player name: 'Atrosty3'
INFO: Weapon 1: 'FLATLINE'
INFO: Weapon 2: 'ALTERNATOR'
INFO: 
INFO: >>> Frame 003212
INFO: Player name: 'Atrosty3'
INFO: Weapon 1: 'FLATLINE'
INFO: Weapon 2: 'ALTERNATOR'
INFO: 
INFO: >>> Frame 003213
INFO: Player name: 'Atrosty3'
INFO: Weapon 1: 'FLATLINE'
INFO: Weapon 2: 'ALTERNATOR'
INFO: 
INFO: >>> Frame 003214
INFO: Player name: 'Atrosty3'
INFO: Weapon 1: 'FLATLINE'
INFO: Weapon 2: 'ALTERNATOR'
INFO: 
INFO: >>> Frame 003215
INFO: Player name: 'Atrosty3'
INFO: Weapon 1: 'FLATLINE'
INFO: Weapon 2: 'ALTERNATOR'
INFO: 
INFO: >>> Frame 003216
INFO: Player name: 'Atrosty3'
INFO: Weapon 1: 'FLATLINE'
INFO: Weapon 2: 'ALTERNATOR'
INFO: 
INFO: >>> Frame 003217
INFO: Player name: 'Atrosty3'
INFO: Weapon 1: 'FLATLINE'
INFO: Weapon 2: 'ALTERNATOR'
INFO: 
INFO: >>> Frame 003218
INFO: Player name: 'Atrosty3'
INFO: Weapon 1: 'FLATLINE'
INFO: Weapon 2: 'ALTERNATOR'
INFO: 
INFO: >>> Frame 003219
INFO: Player name: 'Atrosty3'
INFO: Weapon 1: 'FLATLINE'
INFO: Weapon 2: 'ALTERNATOR'
INFO: 
INFO: >>> Frame 003220
INFO: Player name: '“‘atrosty3' -> 'Atrosty3'
INFO: Weapon 1: 'FLATLINE'
INFO: Weapon 2: 'ALTERNATOR'
INFO: 
INFO: >>> Frame 003221
INFO: Player name: 'Atrosty3'
INFO: Weapon 1: 'FLATLINE'
INFO: Weapon 2: 'ALTERNATOR'
INFO: 
INFO: >>> Frame 003222
INFO: Player name: 'HestiaWasTaken'
INFO: Weapon 1: '40-30 REPEATER' -> '30-30 REPEATER'
INFO: Weapon 2: 'MOZAMBIQUE'
INFO: 
INFO: >>> Frame 003223
INFO: Player name: 'HestiaWasTaken'
INFO: Weapon 1: '40-30 REPEATER' -> '30-30 REPEATER'
INFO: Weapon 2: 'MOZAMBIQUE'
INFO: 
INFO: >>> Frame 003224
INFO: Player name: 'HestiaWa ME' -> 'HestiaWasTaken'
INFO: 
INFO: >>> Frame 003225
INFO: Can't find player name end icon
INFO: 
INFO: >>> Frame 003226
INFO: Player name: 'Tl jaazzaz' -> 'TI_jaazzaz'
INFO: Weapon 1: 'SPITFIRE'
INFO: Weapon 2: 'EVA-8 AUTO'
INFO: 
INFO: >>> Frame 003227
INFO: Player name: 'Tl_jaazzaz' -> 'TI_jaazzaz'
INFO: Weapon 1: 'SPITFIRE'
INFO: Weapon 2: 'EVA-8 AUTO'
INFO: 
INFO: >>> Frame 003228
INFO: Player name: 'Tl jaazzaz' -> 'TI_jaazzaz'
INFO: Weapon 1: 'SPITFIRE'
INFO: Weapon 2: 'EVA-8 AUTO'
INFO: 
INFO: >>> Frame 003229
INFO: Player name: ', foZe;' -> 'foZej'
INFO: Weapon 2: 'EVA-8 AUTO'
INFO: 
INFO: >>> Frame 003230
INFO: Player name: '_ foZe;' -> 'foZej'
INFO: Weapon 1: 'R-301'
INFO: Weapon 2: 'EVA-8 AUTO'
INFO: 
INFO: >>> Frame 003231
INFO: Player name: 'fozej' -> 'foZej'
INFO: Weapon 2: 'EV4-8 AUTO' -> 'EVA-8 AUTO'
INFO: 
INFO: >>> Frame 003232
INFO: Player name: 'foZe|' -> 'foZej'
INFO: Weapon 1: 'R-40)' -> 'R-301'
INFO: Weapon 2: 'EVA-8 AUTO'
INFO: 
INFO: >>> Frame 003233
INFO: Player name: '_foZaj' -> 'foZej'
INFO: Weapon 1: 'A-301' -> 'R-301'
INFO: Weapon 2: 'EVA-6 AUTO' -> 'EVA-8 AUTO'
INFO: 
INFO: >>> Frame 003234
INFO: Player name: 'foze|' -> 'foZej'
INFO: Weapon 1: 'R-301'
INFO: Weapon 2: 'EVA-6 AUTO' -> 'EVA-8 AUTO'
INFO: 
INFO: >>> Frame 003235
INFO: 
INFO: >>> Frame 003236
INFO: Unknown player: '_foZ8)' (best guess: 'foZej', 0.50)
INFO: 
INFO: >>> Frame 003237
INFO: Player name: '_ foZej' -> 'foZej'
INFO: Weapon 1: 'R-30)' -> 'R-301'
INFO: Weapon 2: 'EVA-8 AUTO'
INFO: 
INFO: >>> Frame 003238
INFO: Player name: 'f0Ze}' -> 'foZej'
INFO: Weapon 1: 'R-30)' -> 'R-301'
INFO: Weapon 2: 'EVA-8 AUTO'
INFO: 
INFO: >>> Frame 003239
INFO: Player name: ', foZe;' -> 'foZej'
INFO: Weapon 1: 'R-301'
INFO: Weapon 2: 'EVA-8 AUTO'
INFO: 
INFO: >>> Frame 003240
INFO: Player name: 'foze;' -> 'foZej'
INFO: Weapon 1: 'R-301'
INFO: Weapon 2: 'EVA-8 AUTO'
INFO: 
INFO: >>> Frame 003241
INFO: Unknown player: '_foze;' (best guess: 'foZej', 0.50)
INFO: 
INFO: >>> Frame 003242
INFO: Player name: '_foZ6j' -> 'foZej'
INFO: Weapon 1: 'R-301'
INFO: Weapon 2: 'EVA-B AUTO' -> 'EVA-8 AUTO'
INFO: 
INFO: >>> Frame 003243
INFO: Player name: ' foZej' -> 'foZej'
INFO: Weapon 1: 'R-301'
INFO: Weapon 2: 'EVA-3 AUTO' -> 'EVA-8 AUTO'
INFO: 
INFO: >>> Frame 003244
INFO: Can't find player name end icon
INFO: 
INFO: >>> Frame 003245
INFO: Can't find player name end icon
INFO: 
INFO: >>> Frame 003246
INFO: Player name: 'TO_Ruabbe' -> 'TD_Ruabbe'
INFO: Weapon 1: 'R-40)' -> 'R-301'
INFO: Weapon 2: 'VOLT'
INFO: 
INFO: >>> Frame 003247
INFO: Player name: 'TO _Ruabbe' -> 'TD_Ruabbe'
INFO: Weapon 1: 'R-301'
INFO: Weapon 2: 'VOLT'
INFO: 
INFO: >>> Frame 003248
INFO: Player name: '“TD Ruabbe' -> 'TD_Ruabbe'
INFO: Weapon 1: 'A-30)' -> 'R-301'
INFO: Weapon 2: 'VOLT'
INFO: 
INFO: >>> Frame 003249
INFO: Player name: 'TO_Ruabbe' -> 'TD_Ruabbe'
INFO: Weapon 1: 'R-301'
INFO: Weapon 2: 'VOLT'
INFO: 
INFO: >>> Frame 003250
INFO: Can't find player name end icon
INFO: 
INFO: >>> Frame 003251
INFO: Can't find player name end icon
INFO: 
INFO: >>> Frame 003252
INFO: Can't find player name end icon
INFO: 
INFO: >>> Frame 003253
INFO: Can't find player name end icon
INFO: 
INFO: >>> Frame 003254
INFO: Can't find player name end icon
INFO: 
INFO: >>> Frame 003255
INFO: Can't find player name end icon
INFO: 
INFO: >>> Frame 003256
INFO: Can't find player name end icon
INFO: 
INFO: >>> Frame 003257
INFO: Can't find player name end icon
INFO: 
INFO: >>> Frame 003258
INFO: Can't find player name end icon
INFO: 
INFO: >>> Frame 003259
INFO: Can't find player name end icon
INFO: 
INFO: >>> Frame 003260
INFO: Can't find player name end icon
INFO: 
INFO: >>> Frame 003261
INFO: Can't find player name end icon
INFO: 
INFO: >>> Frame 003262
INFO: Player name: 'TO_Mimu' -> 'TD_Mimu'
INFO: Weapon 1: 'TRIPLE TAKE'
INFO: Weapon 2: 'EVA-8 AUTO'
INFO: 
INFO: >>> Frame 003263
INFO: Player name: 'TD_Mimu'
INFO: Weapon 1: 'TRIPLE TAKE'
INFO: Weapon 2: 'EVA-8 AUTO'
INFO: 
INFO: >>> Frame 003264
INFO: Player name: ', TO_Mimu' -> 'TD_Mimu'
INFO: Weapon 1: 'TRIPLE TAKE'
INFO: Weapon 2: 'EVA-8 AUTO'
INFO: 
INFO: >>> Frame 003265
INFO: Player name: 'TO_Mimu' -> 'TD_Mimu'
INFO: Weapon 1: 'TRIPLE TAKE'
INFO: Weapon 2: 'EVA-8 AUTO'
INFO: 
INFO: >>> Frame 003266
INFO: Player name: 'TO_Mimu' -> 'TD_Mimu'
INFO: Weapon 1: 'TRIPLE TAKE'
INFO: Weapon 2: 'EVA-8 AUTO'
INFO: 
INFO: >>> Frame 003267
INFO: Player name: 'TO_Mimu' -> 'TD_Mimu'
INFO: Weapon 1: 'TRIPLE TAKE'
INFO: Weapon 2: 'EVA-B AUTO' -> 'EVA-8 AUTO'
INFO: 
INFO: >>> Frame 003268
INFO: Player name: '_TD_Mimu' -> 'TD_Mimu'
INFO: Weapon 1: 'TRIPLE TAKE'
INFO: Weapon 2: 'EVA-8 AUTO'
INFO: 
INFO: >>> Frame 003269
INFO: Player name: 'TO’ Mimu' -> 'TD_Mimu'
INFO: Weapon 1: 'TRIPLE TAKE'
INFO: Weapon 2: 'EVA-8 AUTO'
INFO: 
INFO: >>> Frame 003270
INFO: Player name: 'TO_Mimu' -> 'TD_Mimu'
INFO: Weapon 1: 'TRIPLE TAKE'
INFO: Weapon 2: 'EVA-B AUTO' -> 'EVA-8 AUTO'
INFO: 
INFO: >>> Frame 003271
INFO: Can't find player name end icon
INFO: 
INFO: >>> Frame 003272
INFO: Can't find player name end icon
INFO: 
INFO: >>> Frame 003273
INFO: Can't find player name end icon
INFO: 
INFO: >>> Frame 003274
INFO: Can't find player name end icon
INFO: 
INFO: >>> Frame 003275
INFO: Can't find player name end icon
INFO: 
INFO: >>> Frame 003276
INFO: Can't find player name end icon
INFO: 
INFO: >>> Frame 003277
INFO: Can't find player name end icon
INFO: 
INFO: >>> Frame 003278
INFO: Can't find player name end icon
INFO: 
INFO: >>> Frame 003279
INFO: Can't find player name end icon
INFO: 
INFO: >>> Frame 003280
INFO: Can't find player name end icon
INFO: 
INFO: >>> Frame 003281
INFO: Can't find player name end icon
INFO: 
INFO: >>> Frame 003282
INFO: Can't find player name end icon
INFO: 
INFO: >>> Frame 003283
INFO: Player name: 'JNEW:Ragerboger,' -> 'NEW_Rogerboger'
INFO: Weapon 1: 'HAVOC'
INFO: Weapon 2: 'EVA-8 AUTO'
INFO: 
INFO: >>> Frame 003284
INFO: Player name: 'NEW Rogerboger' -> 'NEW_Rogerboger'
INFO: Weapon 1: 'HAVOC'
INFO: Weapon 2: 'EVA-38 AUTO' -> 'EVA-8 AUTO'
INFO: 
INFO: >>> Frame 003285
INFO: Player name: 'NEW_Rogerboger'
INFO: Weapon 1: 'HAVOC'
INFO: Weapon 2: 'EVA-B AUTO' -> 'EVA-8 AUTO'
INFO: 
INFO: >>> Frame 003286
INFO: Player name: 'NEW PostKiLL' -> 'NEW_PostKiLL'
INFO: Weapon 1: 'EVA-8 AUTO'
INFO: Weapon 2: 'SPITFIRE'
INFO: 
INFO: >>> Frame 003287
INFO: Player name: 'NEW _PostKiLL' -> 'NEW_PostKiLL'
INFO: Weapon 1: 'EVA-8 AUTO'
INFO: Weapon 2: 'SPITFIRE'
INFO: 
INFO: >>> Frame 003288
INFO: Player name: 'NEW _PostKiLL' -> 'NEW_PostKiLL'
INFO: Weapon 1: 'EVA-3 AUTO' -> 'EVA-8 AUTO'
INFO: Weapon 2: 'SPITFIRE'
INFO: 
INFO: >>> Frame 003289
INFO: Player name: 'NEW _PostKiLL' -> 'NEW_PostKiLL'
INFO: Weapon 1: 'EVA-8 AUTO'
INFO: Weapon 2: 'SPITFIRE'
INFO: 
INFO: >>> Frame 003290
INFO: Player name: 'NEW PostKiLL' -> 'NEW_PostKiLL'
INFO: Weapon 1: 'EVA-8 AUTO'
INFO: Weapon 2: 'SPITFIRE'
INFO: 
INFO: >>> Frame 003291
INFO: Player name: 'NEW PostKiLL' -> 'NEW_PostKiLL'
INFO: Weapon 1: 'EVA-8 AUTO'
INFO: Weapon 2: 'SPITFIRE'
INFO: 
INFO: >>> Frame 003292
INFO: Player name: 'NEW PostKiLL' -> 'NEW_PostKiLL'
INFO: Weapon 1: 'EVA-8 AUTO'
INFO: Weapon 2: 'SPITFIRE'
INFO: 
INFO: >>> Frame 003293
INFO: Player name: 'NEW PostKiLL' -> 'NEW_PostKiLL'
INFO: Weapon 1: 'EVA-8 AUTO'
INFO: Weapon 2: 'SPITFIRE'
INFO: 
INFO: >>> Frame 003294
INFO: Player name: 'NEW _PostKiLL' -> 'NEW_PostKiLL'
INFO: Weapon 1: 'EVA-8 AUTO'
INFO: Weapon 2: 'SPITFIRE'
INFO: 
INFO: >>> Frame 003295
INFO: Player name: 'NEW PostKiLL' -> 'NEW_PostKiLL'
INFO: Weapon 1: 'EVA-8 AUTO'
INFO: Weapon 2: 'SPITFIRE'
INFO: 
INFO: >>> Frame 003296
INFO: Player name: 'NEW _PostKiLL' -> 'NEW_PostKiLL'
INFO: Weapon 1: 'EVA-8 AUTO'
INFO: Weapon 2: 'SPITFIRE'
INFO: 
INFO: >>> Frame 003297
INFO: Player name: 'NEW PostKiLL' -> 'NEW_PostKiLL'
INFO: Weapon 1: 'EVA-8 AUTO'
INFO: Weapon 2: 'SPITFIRE'
INFO: 
INFO: >>> Frame 003298
INFO: Player name: 'NEW PostKiLl' -> 'NEW_PostKiLL'
INFO: Weapon 1: 'EVA-8 AUTO'
INFO: Weapon 2: 'SPITFIRE'
INFO: 
INFO: >>> Frame 003299
INFO: 
INFO: >>> Frame 003300
INFO: Player name: '"NEW PostKiLL' -> 'NEW_PostKiLL'
INFO: Weapon 1: 'EVA-8 AUTO'
INFO: Weapon 2: 'SPITFIRE'
INFO: 
INFO: >>> Frame 003301
INFO: Player name: 'NEW PostKiLL' -> 'NEW_PostKiLL'
INFO: Weapon 1: 'EVA-98 AUTO' -> 'EVA-8 AUTO'
INFO: Weapon 2: 'SPITFIRE'
INFO: 
INFO: >>> Frame 003302
INFO: Player name: 'NEW PostKiLL' -> 'NEW_PostKiLL'
INFO: Weapon 1: 'EVA-8 AUTE' -> 'EVA-8 AUTO'
INFO: Weapon 2: 'SPITFIRE'
INFO: 
INFO: >>> Frame 003303
INFO: Player name: 'NEW PostKiLL' -> 'NEW_PostKiLL'
INFO: Weapon 1: 'EVA-8 AUTO'
INFO: Weapon 2: 'SPITFIRE'
INFO: 
INFO: >>> Frame 003304
INFO: Player name: 'NEW PostKiLL' -> 'NEW_PostKiLL'
INFO: Weapon 1: 'EVA-8 AUTO'
INFO: Weapon 2: 'SPITFIRE'
INFO: 
INFO: >>> Frame 003305
INFO: Player name: 'NEW _PostKiLL' -> 'NEW_PostKiLL'
INFO: Weapon 1: 'EVA-8 AUTO'
INFO: Weapon 2: 'SPITFIRE'
INFO: 
INFO: >>> Frame 003306
INFO: Player name: 'NEW_PostKiLL'
INFO: Weapon 1: 'EVA-8 AUTO'
INFO: Weapon 2: 'SPITFIRE'
INFO: 
INFO: >>> Frame 003307
INFO: 
INFO: >>> Frame 003308
INFO: Player name: 'Alliance _iPN-kOu' -> 'Alliance_iPN-kOu'
INFO: Weapon 1: 'R-301'
INFO: Weapon 2: 'MASTIFF'
INFO: 
INFO: >>> Frame 003309
INFO: Player name: 'Alliance_iPN-kOu'
INFO: Weapon 1: 'R-301'
INFO: Weapon 2: 'MASTIFF'
INFO: 
INFO: >>> Frame 003310
INFO: Player name: 'Alliance_iPN-kOu'
INFO: Weapon 1: 'R-301'
INFO: Weapon 2: 'MASTIFF'
INFO: 
INFO: >>> Frame 003311
INFO: Player name: 'Alliance_iPN-kDu' -> 'Alliance_iPN-kOu'
INFO: Weapon 1: 'R-401' -> 'R-301'
INFO: Weapon 2: 'MASTIFF'
INFO: 
INFO: >>> Frame 003312
INFO: Player name: 'Alliance iPN-kOu' -> 'Alliance_iPN-kOu'
INFO: Weapon 1: 'R-301.' -> 'R-301'
INFO: Weapon 2: 'MASTIFF'
INFO: 
INFO: >>> Frame 003313
INFO: Player name: 'Alliance_IPN-kOu' -> 'Alliance_iPN-kOu'
INFO: Weapon 1: 'R-401.' -> 'R-301'
INFO: Weapon 2: 'MASTIFF'
INFO: 
INFO: >>> Frame 003314
INFO: Player name: 'Alliance_iPN-kOu'
INFO: Weapon 1: 'R-301'
INFO: Weapon 2: 'MASTIFF'
INFO: 
INFO: >>> Frame 003315
INFO: Player name: 'Alliance_iPN-kOu'
INFO: Weapon 1: 'R-401' -> 'R-301'
INFO: Weapon 2: 'MASTIFF'
INFO: 
INFO: >>> Frame 003316
INFO: Player name: 'Alliance_iPN-kOu'
INFO: Weapon 1: 'R-301'
INFO: Weapon 2: 'MASTIFF'
INFO: 
INFO: >>> Frame 003317
INFO: Player name: 'Alliance iPN-kOu' -> 'Alliance_iPN-kOu'
INFO: Weapon 1: 'R-301'
INFO: Weapon 2: 'MASTIFF'
INFO: 
INFO: >>> Frame 003318
INFO: Player name: 'Alliance IPN=kDu' -> 'Alliance_iPN-kOu'
INFO: Weapon 1: 'R-301'
INFO: Weapon 2: 'MASTIFF'
INFO: 
INFO: >>> Frame 003319
INFO: Player name: 'Alliance_iPN-kOwu' -> 'Alliance_iPN-kOu'
INFO: Weapon 1: 'R-301.' -> 'R-301'
INFO: Weapon 2: 'MASTIFF'
INFO: 
INFO: >>> Frame 003320
INFO: Player name: 'Alliance_iPN-kOu'
INFO: Weapon 1: 'A-30)' -> 'R-301'
INFO: Weapon 2: 'MASTIFF'
INFO: 
INFO: >>> Frame 003321
INFO: Player name: 'Alliance_IPN-kOu' -> 'Alliance_iPN-kOu'
INFO: Weapon 2: 'MASTIFF'
INFO: 
INFO: >>> Frame 003322
INFO: Player name: 'Altiance_iPN-kOu' -> 'Alliance_iPN-kOu'
INFO: Weapon 1: 'R-301'
INFO: Weapon 2: 'MASTIFF'
INFO: 
INFO: >>> Frame 003323
INFO: Player name: 'Alliance_iPN-kOu'
INFO: Weapon 1: 'R-301'
INFO: Weapon 2: 'MASTIFF'
INFO: 
INFO: >>> Frame 003324
INFO: Player name: 'Alliance_iPN-kDu' -> 'Alliance_iPN-kOu'
INFO: Weapon 1: 'R-301'
INFO: Weapon 2: 'MASTIFF'
INFO: 
INFO: >>> Frame 003325
INFO: Player name: 'Alliance_IPN-kOu' -> 'Alliance_iPN-kOu'
INFO: Weapon 1: 'R-301'
INFO: Weapon 2: 'MASTIFF'
INFO: 
INFO: >>> Frame 003326
INFO: Player name: 'Alliance_iPN-kOu'
INFO: Weapon 1: 'R-301'
INFO: Weapon 2: 'MASTIFF'
INFO: 
INFO: >>> Frame 003327
INFO: Player name: 'Alliance_iPN-kOu'
INFO: Weapon 1: 'R-301'
INFO: Weapon 2: 'MASTIFF'
INFO: 
INFO: >>> Frame 003328
INFO: Player name: 'Alliance_iPN-kOu'
INFO: Weapon 1: 'R-30)' -> 'R-301'
INFO: Weapon 2: 'MASTIFF'
INFO: 
INFO: >>> Frame 003329
INFO: Player name: 'Alliance_IPN-kDu' -> 'Alliance_iPN-kOu'
INFO: Weapon 1: 'R-301'
INFO: Weapon 2: 'MASTIFF'
INFO: 
INFO: >>> Frame 003330
INFO: Player name: 'Alliance iPN-kDu' -> 'Alliance_iPN-kOu'
INFO: Weapon 1: 'R-301'
INFO: Weapon 2: 'MASTIFF'
INFO: 
INFO: >>> Frame 003331
INFO: Player name: 'Alliance iPN-kOu' -> 'Alliance_iPN-kOu'
INFO: Unknown weapon: 'A-40)' (best guess: 'R-301', 0.60)
INFO: Weapon 2: 'MASTIFF'
INFO: 
INFO: >>> Frame 003332
INFO: Player name: 'Alliance_iPN-kOu'
INFO: Weapon 1: 'R-3O1' -> 'R-301'
INFO: Weapon 2: 'MASTIFF'
INFO: 
INFO: >>> Frame 003333
INFO: Player name: 'Alliance_iPN-kOu'
INFO: Weapon 1: 'R-301'
INFO: Weapon 2: 'MASTIFF'
INFO: 
INFO: >>> Frame 003334
INFO: Player name: 'Altiance_iPN-kOu' -> 'Alliance_iPN-kOu'
INFO: Weapon 1: 'R-301'
INFO: Weapon 2: 'MASTIFF'
INFO: 
INFO: >>> Frame 003335
INFO: Player name: 'Alliance_iPN-kOu'
INFO: Weapon 1: 'R-301'
INFO: Weapon 2: 'MASTIFF'
INFO: 
INFO: >>> Frame 003336
INFO: Can't find player name end icon
INFO: 
INFO: >>> Frame 003337
INFO: Can't find player name end icon
INFO: 
INFO: >>> Frame 003338
INFO: Can't find player name end icon
INFO: 
INFO: >>> Frame 003339
INFO: Can't find player name end icon
INFO: 
INFO: >>> Frame 003340
INFO: Can't find player name end icon
INFO: 
INFO: >>> Frame 003341
INFO: Player name: 'SZ _rpr' -> 'SZ_rpr'
INFO: Weapon 1: 'FLATLINE'
INFO: Weapon 2: 'EVA-B AUTO' -> 'EVA-8 AUTO'
INFO: 
INFO: >>> Frame 003342
INFO: Unknown player: 'o2_ lpr' (best guess: 'SZ_rpr', 0.57)
INFO: 
INFO: >>> Frame 003343
INFO: Can't find player name end icon
INFO: 
INFO: >>> Frame 003344
INFO: Player name: 'SZ_rpr'
INFO: Weapon 1: 'FLATLINE'
INFO: Weapon 2: 'EVA-3 AUTO' -> 'EVA-8 AUTO'
INFO: 
INFO: >>> Frame 003345
INFO: Player name: '_5Z_Mande' -> 'SZ_Mande'
INFO: Weapon 1: 'LONGBOW'
INFO: Weapon 2: 'MASTIFF'
INFO: 
INFO: >>> Frame 003346
INFO: Player name: '_5Z_Mande' -> 'SZ_Mande'
INFO: Weapon 1: 'LONGBOW'
INFO: Weapon 2: 'MASTIFF'
INFO: 
INFO: >>> Frame 003347
INFO: Player name: '_5Z_Mande' -> 'SZ_Mande'
INFO: Weapon 1: 'LONGBOW'
INFO: Weapon 2: 'MASTIFF'
INFO: 
INFO: >>> Frame 003348
INFO: Player name: '5Z_Mande' -> 'SZ_Mande'
INFO: Weapon 1: 'LONGBOW'
INFO: Weapon 2: 'MASTIFF'
INFO: 
INFO: >>> Frame 003349
INFO: Player name: '_SZ_Mande' -> 'SZ_Mande'
INFO: Weapon 2: 'MASTIFF'
INFO: 
INFO: >>> Frame 003350
INFO: Player name: 'SZ _Taisheen' -> 'SZ_Taisheen'
INFO: Weapon 1: 'A-301' -> 'R-301'
INFO: Weapon 2: '‘TRIPLE TAKE' -> 'TRIPLE TAKE'
INFO: 
INFO: >>> Frame 003351
INFO: Player name: 'SZ _Taisheen' -> 'SZ_Taisheen'
INFO: Weapon 1: 'R-301'
INFO: Weapon 2: 'TRIPLE TAKE'
INFO: 
INFO: >>> Frame 003352
INFO: Player name: 'o2_Taishean' -> 'SZ_Taisheen'
INFO: Weapon 1: 'R-30)' -> 'R-301'
INFO: Weapon 2: 'TRIPLE TAKE ©' -> 'TRIPLE TAKE'
INFO: 
INFO: >>> Frame 003353
INFO: Player name: '92_Taisheen' -> 'SZ_Taisheen'
INFO: Weapon 1: 'R-301'
INFO: Weapon 2: '‘TRIPLE TAKE' -> 'TRIPLE TAKE'
INFO: 
INFO: >>> Frame 003354
INFO: Player name: 'SZ Taisheen' -> 'SZ_Taisheen'
INFO: Weapon 1: 'R-301'
INFO: Weapon 2: 'TRIPLE TAKE.' -> 'TRIPLE TAKE'
INFO: 
INFO: >>> Frame 003355
INFO: Player name: 'SZ_rpr'
INFO: Weapon 1: 'FLATLINE'
INFO: Weapon 2: 'EVA-8 AUTO'
INFO: 
INFO: >>> Frame 003356
INFO: Player name: 'SZ_rpr'
INFO: Weapon 1: 'FLATLINE'
INFO: Weapon 2: 'EVA-8 AUTO'
INFO: 
INFO: >>> Frame 003357
INFO: Player name: '“SZirpr' -> 'SZ_rpr'
INFO: Weapon 1: 'FLATLINE'
INFO: Weapon 2: 'EVA-8 AUTO'
INFO: 
INFO: >>> Frame 003358
INFO: 
INFO: >>> Frame 003359
INFO: Player name: 'SZ _rpr' -> 'SZ_rpr'
INFO: Weapon 1: 'FLATLINE'
INFO: Weapon 2: 'EVA-B AUTO' -> 'EVA-8 AUTO'
INFO: 
INFO: >>> Frame 003360
INFO: Player name: 'SZ_rpr'
INFO: Weapon 1: 'FLATLINE'
INFO: Weapon 2: 'EV4-8 AUTO' -> 'EVA-8 AUTO'
INFO: 
INFO: >>> Frame 003361
INFO: Player name: 'SZ rpr' -> 'SZ_rpr'
INFO: Weapon 1: 'FLATLINE'
INFO: Weapon 2: 'EV4-8 AUTO' -> 'EVA-8 AUTO'
INFO: 
INFO: >>> Frame 003362
INFO: Player name: 'oZ_fpr' -> 'SZ_rpr'
INFO: Weapon 1: 'FLATLINE'
INFO: Weapon 2: 'EVA-38 AUTO' -> 'EVA-8 AUTO'
INFO: 
INFO: >>> Frame 003363
INFO: Unknown player: '2 fpr' (best guess: 'Jmwfps', 0.67)
INFO: 
INFO: >>> Frame 003364
INFO: 
INFO: >>> Frame 003365
INFO: Player name: 'SZ_rpr'
INFO: Weapon 2: 'EVA-8 AUTO'
INFO: 
INFO: >>> Frame 003366
INFO: Player name: 'SZ_tpr' -> 'SZ_rpr'
INFO: Weapon 1: 'FLATLINE'
INFO: Weapon 2: 'EVA-8 AUTO'
INFO: 
INFO: >>> Frame 003367
INFO: Player name: 'SZ lpr' -> 'SZ_rpr'
INFO: Weapon 1: 'FLATLINE'
INFO: Weapon 2: 'EVA-8 AUTO'
INFO: 
INFO: >>> Frame 003368
INFO: Player name: ',5Z_Mande' -> 'SZ_Mande'
INFO: Weapon 1: 'CHARGE RIFL' -> 'CHARGE RIFLE'
INFO: Weapon 2: 'MASTIFF'
INFO: 
INFO: >>> Frame 003369
INFO: Player name: '_5Z_Mande' -> 'SZ_Mande'
INFO: Weapon 1: 'CHARGE RIFLI' -> 'CHARGE RIFLE'
INFO: Weapon 2: 'MASTIFF'
INFO: 
INFO: >>> Frame 003370
INFO: Can't find player name end icon
INFO: 
INFO: >>> Frame 003371
INFO: Can't find player name end icon
INFO: 
INFO: >>> Frame 003372
INFO: Can't find player name end icon
INFO: 
INFO: >>> Frame 003373
INFO: Can't find player name end icon
INFO: 
INFO: >>> Frame 003374
INFO: Can't find player name end icon
INFO: 
INFO: >>> Frame 003375
INFO: Can't find player name end icon
INFO: 
INFO: >>> Frame 003376
INFO: Can't find player name end icon
INFO: 
INFO: >>> Frame 003377
INFO: Can't find player name end icon
INFO: 
INFO: >>> Frame 003378
INFO: Player name: 'TL zikii' -> 'TI_zikii'
INFO: Weapon 1: 'FLATLINE'
INFO: Weapon 2: 'MASTIFF'
INFO: 
INFO: >>> Frame 003379
INFO: Unknown player: '“TD ziki' (best guess: 'TI_zikii', 0.50)
INFO: 
INFO: >>> Frame 003380
INFO: Player name: 'TI zikii' -> 'TI_zikii'
INFO: Weapon 1: 'FLATLINE'
INFO: Weapon 2: 'MASTIFF'
INFO: 
INFO: >>> Frame 003381
INFO: Player name: '“Tie zikii' -> 'TI_zikii'
INFO: Weapon 1: 'FLATLINE'
INFO: Weapon 2: 'MASTIFF'
INFO: 
INFO: >>> Frame 003382
INFO: Player name: 'Th zikii' -> 'TI_zikii'
INFO: Weapon 1: 'FLATLINE'
INFO: Weapon 2: 'MASTIFF'
INFO: 
INFO: >>> Frame 003383
INFO: Unknown player: 'Th ziti' (best guess: 'TI_zikii', 0.50)
INFO: 
INFO: >>> Frame 003384
INFO: Unknown player: 'Fleziktl' (best guess: 'TI_zikii', 0.62)
INFO: 
INFO: >>> Frame 003385
INFO: Can't find player name end icon
INFO: 
INFO: >>> Frame 003386
INFO: Can't find player name end icon
INFO: 
INFO: >>> Frame 003387
INFO: Can't find player name end icon
INFO: 
INFO: >>> Frame 003388
INFO: Can't find player name end icon
INFO: 
INFO: >>> Frame 003389
INFO: Player name: 'Tl_jaazzaz' -> 'TI_jaazzaz'
INFO: Weapon 1: 'SPITFIRE'
INFO: Weapon 2: 'EVA-B AUTO' -> 'EVA-8 AUTO'
INFO: 
INFO: >>> Frame 003390
INFO: Player name: 'Tl_jaazzaz' -> 'TI_jaazzaz'
INFO: Weapon 1: 'SPITFIRE'
INFO: Weapon 2: 'EVA-3 AUTO' -> 'EVA-8 AUTO'
INFO: 
INFO: >>> Frame 003391
INFO: Player name: 'Tl_jaazzaz' -> 'TI_jaazzaz'
INFO: Weapon 1: 'SPITFIRE'
INFO: Weapon 2: 'EVA-8 AUTO'
INFO: 
INFO: >>> Frame 003392
INFO: Player name: 'Tl_jaazzaz' -> 'TI_jaazzaz'
INFO: Weapon 1: 'SPITFIRE'
INFO: Weapon 2: 'EVA4-8 AUTO' -> 'EVA-8 AUTO'
INFO: 
INFO: >>> Frame 003393
INFO: Player name: 'Tl jaazzaz' -> 'TI_jaazzaz'
INFO: Weapon 1: 'SPITFIRE'
INFO: Weapon 2: 'EVA-8 ALTO' -> 'EVA-8 AUTO'
INFO: 
INFO: >>> Frame 003394
INFO: Player name: 'Tl jaazzaz' -> 'TI_jaazzaz'
INFO: Weapon 1: 'SPITFIRE'
INFO: Weapon 2: 'EVA-3 AUTO' -> 'EVA-8 AUTO'
INFO: 
INFO: >>> Frame 003395
INFO: Player name: 'Tl jaazzaz' -> 'TI_jaazzaz'
INFO: Weapon 1: 'SPITFIRE'
INFO: Weapon 2: 'EVA-38 AUTO' -> 'EVA-8 AUTO'
INFO: 
INFO: >>> Frame 003396
INFO: Can't find player name end icon
INFO: 
INFO: >>> Frame 003397
INFO: Can't find player name end icon
INFO: 
INFO: >>> Frame 003398
INFO: Can't find player name end icon
INFO: 
INFO: >>> Frame 003399
INFO: Can't find player name end icon
INFO: 
INFO: >>> Frame 003400
INFO: Player name: 'MicroFiberz'
INFO: Weapon 1: 'R-99'
INFO: Weapon 2: 'EVA-8 AUTO'
INFO: 
INFO: >>> Frame 003401
INFO: Player name: 'MicroFiberz'
INFO: Weapon 1: 'R-99'
INFO: Weapon 2: 'EVA-8 AUTO'
INFO: 
INFO: >>> Frame 003402
INFO: Player name: 'MicroFiberz'
INFO: Weapon 1: 'R-99'
INFO: Weapon 2: 'EVA-8 AUTO'
INFO: 
INFO: >>> Frame 003403
INFO: Player name: 'MicroFiberz'
INFO: Weapon 1: 'R-99'
INFO: Weapon 2: 'EVA-3 AUTO' -> 'EVA-8 AUTO'
INFO: 
INFO: >>> Frame 003404
INFO: Player name: 'MicroFiberz'
INFO: Weapon 2: 'EVA-8 AUTO'
INFO: 
INFO: >>> Frame 003405
INFO: Player name: 'NEW PostKiLl' -> 'NEW_PostKiLL'
INFO: Weapon 1: 'SPITFIRE'
INFO: Weapon 2: 'EVA-38 AUTO' -> 'EVA-8 AUTO'
INFO: 
INFO: >>> Frame 003406
INFO: Player name: 'NEW PostKiLL' -> 'NEW_PostKiLL'
INFO: Weapon 1: 'SPITFIRE'
INFO: Weapon 2: 'EVA-8 AUTO'
INFO: 
INFO: >>> Frame 003407
INFO: Player name: 'NEW _PostKiLL' -> 'NEW_PostKiLL'
INFO: Weapon 1: 'SPITFIRE'
INFO: Weapon 2: 'EVA-B AUTO' -> 'EVA-8 AUTO'
INFO: 
INFO: >>> Frame 003408
INFO: Player name: 'NEW PostKiLL' -> 'NEW_PostKiLL'
INFO: Weapon 1: 'SPITFIRE'
INFO: Weapon 2: 'EV4-8 AUTO' -> 'EVA-8 AUTO'
INFO: 
INFO: >>> Frame 003409
INFO: Player name: 'NEW PostKiLL' -> 'NEW_PostKiLL'
INFO: Weapon 1: 'SPITFIRE'
INFO: Weapon 2: 'EVA-B AUTO' -> 'EVA-8 AUTO'
INFO: 
INFO: >>> Frame 003410
INFO: Player name: 'NEW PostKiLL' -> 'NEW_PostKiLL'
INFO: Weapon 1: 'SPITFIRE'
INFO: Weapon 2: 'EVA-3 AUTO' -> 'EVA-8 AUTO'
INFO: 
INFO: >>> Frame 003411
INFO: Player name: 'NEW K4SHERA' -> 'NEW_K4SHERA'
INFO: Weapon 1: 'SPITFIRE'
INFO: Weapon 2: 'VOLT'
INFO: 
INFO: >>> Frame 003412
INFO: 
INFO: >>> Frame 003413
INFO: Player name: 'NEW_K4SHERA'
INFO: Weapon 1: 'SPITFIRE:' -> 'SPITFIRE'
INFO: Weapon 2: 'VOLT'
INFO: 
INFO: >>> Frame 003414
INFO: Player name: 'NEW_K4SHERA'
INFO: Weapon 1: 'SPITFIRE'
INFO: Weapon 2: 'VOLT'
INFO: 
INFO: >>> Frame 003415
INFO: Player name: 'NEW _K4SHERA' -> 'NEW_K4SHERA'
INFO: Weapon 1: 'SPITFIRE'
INFO: Weapon 2: 'VOLT'
INFO: 
INFO: >>> Frame 003416
INFO: Player name: 'NEW _PostKiLL' -> 'NEW_PostKiLL'
INFO: Weapon 1: 'SPITFIRE'
INFO: Weapon 2: 'EVA-8 AUTU' -> 'EVA-8 AUTO'
INFO: 
INFO: >>> Frame 003417
INFO: Player name: 'NEW PostKiLl' -> 'NEW_PostKiLL'
INFO: Weapon 1: 'SPITFIRE'
INFO: Weapon 2: 'EVA4-3 AUTO' -> 'EVA-8 AUTO'
INFO: 
INFO: >>> Frame 003418
INFO: Player name: 'NEW PostKiL' -> 'NEW_PostKiLL'
INFO: Weapon 1: 'SPITFIRE'
INFO: Weapon 2: 'EVA-B AUTO' -> 'EVA-8 AUTO'
INFO: 
INFO: >>> Frame 003419
INFO: Player name: 'NEW PostKiLL' -> 'NEW_PostKiLL'
INFO: Weapon 1: 'SPITFIRE'
INFO: Weapon 2: 'EVA-B AUTO' -> 'EVA-8 AUTO'
INFO: 
INFO: >>> Frame 003420
INFO: Player name: 'NEW. PastKikL' -> 'NEW_PostKiLL'
INFO: Weapon 2: 'EVA-8 ALTO' -> 'EVA-8 AUTO'
INFO: 
INFO: >>> Frame 003421
INFO: Can't find player name end icon
INFO: 
INFO: >>> Frame 003422
INFO: Can't find player name end icon
INFO: 
INFO: >>> Frame 003423
INFO: Player name: 'G7Dolphn'
INFO: Weapon 1: 'EVA-8 AUTO'
INFO: Weapon 2: 'SPITFIRE'
INFO: 
INFO: >>> Frame 003424
INFO: Player name: 'G7Dolphn'
INFO: Weapon 1: 'EV4-8 AUTO' -> 'EVA-8 AUTO'
INFO: Weapon 2: 'SPITFIRE'
INFO: 
INFO: >>> Frame 003425
INFO: Can't find player name end icon
INFO: 
INFO: >>> Frame 003426
INFO: Can't find player name end icon
INFO: 
INFO: >>> Frame 003427
INFO: Player name: 'G7Dolphn'
INFO: Weapon 1: 'EVA-8 AUTO'
INFO: Weapon 2: 'SPITFIRE'
INFO: 
INFO: >>> Frame 003428
INFO: Player name: 'G7Dolphn'
INFO: Weapon 1: 'EVA-8 AUTO'
INFO: Weapon 2: 'SPITFIRE'
INFO: 
INFO: >>> Frame 003429
INFO: Player name: ', Twitch-Badali' -> 'Twitch-Badoli'
INFO: Weapon 1: 'EVA-8 AUTO'
INFO: Weapon 2: 'FLATLINE'
INFO: 
INFO: >>> Frame 003430
INFO: Can't find player name end icon
INFO: 
INFO: >>> Frame 003431
INFO: Can't find player name end icon
INFO: 
INFO: >>> Frame 003432
INFO: Can't find player name end icon
INFO: 
INFO: >>> Frame 003433
INFO: Can't find player name end icon
INFO: 
INFO: >>> Frame 003434
INFO: Can't find player name end icon
INFO: 
INFO: >>> Frame 003435
INFO: Can't find player name end icon
INFO: 
INFO: >>> Frame 003436
INFO: Can't find player name end icon
INFO: 
INFO: >>> Frame 003437
INFO: Can't find player name end icon
INFO: 
INFO: >>> Frame 003438
INFO: Can't find player name end icon
INFO: 
INFO: >>> Frame 003439
INFO: Can't find player name end icon
INFO: 
INFO: >>> Frame 003440
INFO: Player name: 'JNAVI_MaxStrafe' -> 'NAVI_MaxStrafe'
INFO: Weapon 1: 'HEMLOK'
INFO: Weapon 2: 'TRIPLE TAKE'
INFO: 
INFO: >>> Frame 003441
INFO: Can't find player name end icon
INFO: 
INFO: >>> Frame 003442
INFO: Player name: 'JNAVI_MaxStrafe' -> 'NAVI_MaxStrafe'
INFO: Weapon 1: 'HEMLOK'
INFO: Weapon 2: 'TRIPLE TAKE'
INFO: 
INFO: >>> Frame 003443
INFO: Player name: 'JNAVI_MaxStrafe' -> 'NAVI_MaxStrafe'
INFO: Weapon 1: 'HEMLOK'
INFO: Weapon 2: 'TRIPLE TAKE'
INFO: 
INFO: >>> Frame 003444
INFO: Player name: 'NAVI_MaxStrafe'
INFO: Weapon 1: 'HEMLOK'
INFO: Weapon 2: 'TRIPLE TAKE'
INFO: 
INFO: >>> Frame 003445
INFO: Player name: 'JNAVI_MaxStrafe' -> 'NAVI_MaxStrafe'
INFO: Weapon 1: 'HEMLOK'
INFO: Weapon 2: 'TRIPLE TAKE'
INFO: 
INFO: >>> Frame 003446
INFO: Player name: 'JNAVI_MaxStrafe' -> 'NAVI_MaxStrafe'
INFO: Weapon 1: 'HEMLOK'
INFO: Weapon 2: 'TRIPLE TAKE'
INFO: 
INFO: >>> Frame 003447
INFO: Player name: 'JNAVI_MaxStrafe' -> 'NAVI_MaxStrafe'
INFO: Weapon 1: 'HEMLOK'
INFO: Weapon 2: 'TRIPLE TAKE'
INFO: 
INFO: >>> Frame 003448
INFO: Player name: 'NAVI_Nesh' -> 'NAVI_Neshh'
INFO: Weapon 1: 'HEMLOK'
INFO: Weapon 2: 'ALTERNATOR'
INFO: 
INFO: >>> Frame 003449
INFO: Player name: 'NAVI_Nesh' -> 'NAVI_Neshh'
INFO: Weapon 1: 'HEMLOK'
INFO: Weapon 2: 'ALTERNATOR'
INFO: 
INFO: >>> Frame 003450
INFO: Player name: 'twitoh-maydeeto!' -> 'twitch-maydeelol'
INFO: Weapon 1: 'WINGMAN'
INFO: Weapon 2: 'EVA4-8 AUTO' -> 'EVA-8 AUTO'
INFO: 
INFO: >>> Frame 003451
INFO: Unknown player: 'Swi\na (chem\nelo!' (best guess: 'SZ_Taisheen', 0.69)
INFO: 
INFO: >>> Frame 003452
INFO: Unknown player: 'iWitoh: A!\nmayue 810\n3 oll' (best guess: 'twitch-maydeelol', 0.65)
INFO: 
INFO: >>> Frame 003453
INFO: 
INFO: >>> Frame 003454
INFO: Player name: 'twitch-maydeelol'
INFO: Weapon 2: 'EVA-3 AUTO' -> 'EVA-8 AUTO'
INFO: 
INFO: >>> Frame 003455
INFO: Player name: 'twitch-maydeelol'
INFO: Weapon 1: 'WINGMAN.' -> 'WINGMAN'
INFO: Weapon 2: 'EVA-3 AUTO' -> 'EVA-8 AUTO'
INFO: 
INFO: >>> Frame 003456
INFO: Can't find player name end icon
INFO: 
INFO: >>> Frame 003457
INFO: Can't find player name end icon
INFO: 
INFO: >>> Frame 003458
INFO: Can't find player name end icon
INFO: 
INFO: >>> Frame 003459
INFO: Can't find player name end icon
INFO: 
INFO: >>> Frame 003460
INFO: Player name: 'NAVI_Kauhia' -> 'NAVI_Kouhia'
INFO: Weapon 1: 'WINGMAN'
INFO: Weapon 2: 'G7 SCOUT'
INFO: 
INFO: >>> Frame 003461
INFO: Player name: 'NAVI_Kouhia'
INFO: Weapon 1: 'WINGMAN'
INFO: Weapon 2: 'G7 SCOUT'
INFO: 
INFO: >>> Frame 003462
INFO: Player name: 'NAVI Kauhia' -> 'NAVI_Kouhia'
INFO: Weapon 1: 'WINGMAN'
INFO: Weapon 2: 'G? SCOUT' -> 'G7 SCOUT'
INFO: 
INFO: >>> Frame 003463
INFO: Player name: 'NAVI_Kouhia'
INFO: Weapon 1: 'WINGMAN'
INFO: Weapon 2: 'G? SCOUT' -> 'G7 SCOUT'
INFO: 
INFO: >>> Frame 003464
INFO: Player name: 'TLzikii' -> 'TI_zikii'
INFO: Weapon 1: 'FLATLINE'
INFO: Weapon 2: 'MASTIFF'
INFO: 
INFO: >>> Frame 003465
INFO: Player name: 'TI_zikii'
INFO: Weapon 1: 'FLATLINE'
INFO: Weapon 2: 'MASTIFF'
INFO: 
INFO: >>> Frame 003466
INFO: Player name: 'TIzikii' -> 'TI_zikii'
INFO: Weapon 1: 'FLATLINE'
INFO: Weapon 2: 'MASTIFF'
INFO: 
INFO: >>> Frame 003467
INFO: Player name: 'TLzikii' -> 'TI_zikii'
INFO: Weapon 1: 'FLATLINE'
INFO: Weapon 2: 'MASTIFF'
INFO: 
INFO: >>> Frame 003468
INFO: Player name: 'TI zikii' -> 'TI_zikii'
INFO: Weapon 1: 'FLATLINE'
INFO: Weapon 2: 'MASTIFF'
INFO: 
INFO: >>> Frame 003469
INFO: Player name: 'TI zikii' -> 'TI_zikii'
INFO: Weapon 1: 'FLATLINE'
INFO: Weapon 2: 'MASTIFF'
INFO: 
INFO: >>> Frame 003470
INFO: Player name: 'TL zikii' -> 'TI_zikii'
INFO: Weapon 1: 'FLATLINE'
INFO: Weapon 2: 'MASTIFF'
INFO: 
INFO: >>> Frame 003471
INFO: Player name: 'Thzikii' -> 'TI_zikii'
INFO: Weapon 1: 'FLATLINE'
INFO: Weapon 2: 'MASTIFF'
INFO: 
INFO: >>> Frame 003472
INFO: Player name: 'TLzikii' -> 'TI_zikii'
INFO: Weapon 1: 'FLATLINE'
INFO: Weapon 2: 'MASTIFF'
INFO: 
INFO: >>> Frame 003473
INFO: Player name: 'TI zikii' -> 'TI_zikii'
INFO: Weapon 1: 'FLATLINE'
INFO: Weapon 2: 'MASTIFF'
INFO: 
INFO: >>> Frame 003474
INFO: Player name: 'TI zikii' -> 'TI_zikii'
INFO: Weapon 1: 'FLATLINE'
INFO: Weapon 2: 'MASTIFF'
INFO: 
INFO: >>> Frame 003475
INFO: Player name: 'TI zikii' -> 'TI_zikii'
INFO: Weapon 1: 'FLATLINE'
INFO: Weapon 2: 'MASTIFF'
INFO: 
INFO: >>> Frame 003476
INFO: Player name: 'TI zikii' -> 'TI_zikii'
INFO: Weapon 1: 'FLATLINE'
INFO: Weapon 2: 'MASTIFF'
INFO: 
INFO: >>> Frame 003477
INFO: Player name: 'TL zikii' -> 'TI_zikii'
INFO: Weapon 1: 'FLATLINE'
INFO: Weapon 2: 'MASTIFF'
INFO: 
INFO: >>> Frame 003478
INFO: Can't find player name end icon
INFO: 
INFO: >>> Frame 003479
INFO: Player name: 'Tl jaazzaz' -> 'TI_jaazzaz'
INFO: Weapon 1: '‘SPITFIRE.' -> 'SPITFIRE'
INFO: Weapon 2: 'EVA-38 AUTO' -> 'EVA-8 AUTO'
INFO: 
INFO: >>> Frame 003480
INFO: Player name: 'TI zikii' -> 'TI_zikii'
INFO: Weapon 1: 'FLATLINE'
INFO: Weapon 2: 'MASTIFF'
INFO: 
INFO: >>> Frame 003481
INFO: Player name: 'TI zikii' -> 'TI_zikii'
INFO: Weapon 1: 'FLATLINE'
INFO: Weapon 2: 'MASTIFF'
INFO: 
INFO: >>> Frame 003482
INFO: Player name: 'TI zikii' -> 'TI_zikii'
INFO: Weapon 1: 'FLATLINE'
INFO: Weapon 2: 'MASTIFF'
INFO: 
INFO: >>> Frame 003483
INFO: 
INFO: >>> Frame 003484
INFO: Player name: 'Tl _jaazzaz' -> 'TI_jaazzaz'
INFO: Weapon 1: 'SPITFIRE'
INFO: Weapon 2: 'EVA-3 AUTO' -> 'EVA-8 AUTO'
INFO: 
INFO: >>> Frame 003485
INFO: Player name: 'Tl_jaazzaz' -> 'TI_jaazzaz'
INFO: Weapon 1: 'SPITFIRE'
INFO: Weapon 2: 'EVA-8 AUTO'
INFO: 
INFO: >>> Frame 003486
INFO: Player name: 'Tl jaezzaz' -> 'TI_jaazzaz'
INFO: Weapon 1: 'SPITFIRE'
INFO: Weapon 2: 'EVA-B AUTO' -> 'EVA-8 AUTO'
INFO: 
INFO: >>> Frame 003487
INFO: Player name: 'Tl jaazzaz' -> 'TI_jaazzaz'
INFO: Weapon 1: 'SPITFIRE'
INFO: Weapon 2: 'EVA-3 AUTO' -> 'EVA-8 AUTO'
INFO: 
INFO: >>> Frame 003488
INFO: Player name: 'Tl_jaazzaz' -> 'TI_jaazzaz'
INFO: Weapon 1: 'SPITFIRE'
INFO: Weapon 2: 'EVA-8 AUTO'
INFO: 
INFO: >>> Frame 003489
INFO: Player name: 'Tl _jaazzaz' -> 'TI_jaazzaz'
INFO: Weapon 1: 'SPITFIRE'
INFO: Weapon 2: 'EVA-8 AUTO'
INFO: 
INFO: >>> Frame 003490
INFO: Player name: 'Ti jaazzaz' -> 'TI_jaazzaz'
INFO: Weapon 1: 'SBITFIRE' -> 'SPITFIRE'
INFO: Weapon 2: 'EVA-8 AUTO'
INFO: 
INFO: >>> Frame 003491
INFO: Player name: 'Tl_jaazzaz' -> 'TI_jaazzaz'
INFO: Weapon 1: 'SPITFIRE'
INFO: Weapon 2: 'EVA-B AUTO' -> 'EVA-8 AUTO'
INFO: 
INFO: >>> Frame 003492
INFO: Can't find player name end icon
INFO: 
INFO: >>> Frame 003493
INFO: Can't find player name end icon
INFO: 
INFO: >>> Frame 003494
INFO: Player name: 'TI_zikii'
INFO: Weapon 1: 'FLATLINE'
INFO: Weapon 2: 'MASTIFF'
INFO: 
INFO: >>> Frame 003495
INFO: Player name: 'TI zikii' -> 'TI_zikii'
INFO: Weapon 1: 'FLATLINE'
INFO: Weapon 2: 'MASTIFF'
INFO: 
INFO: >>> Frame 003496
INFO: Player name: 'TI zikii' -> 'TI_zikii'
INFO: Weapon 1: 'FLATLINE'
INFO: Weapon 2: 'MASTIFF'
INFO: 
INFO: >>> Frame 003497
INFO: Player name: 'TI zikii' -> 'TI_zikii'
INFO: Weapon 1: 'FLATLINE'
INFO: Weapon 2: 'MASTIFF'
INFO: 
INFO: >>> Frame 003498
INFO: Player name: 'TI zikii' -> 'TI_zikii'
INFO: Weapon 1: 'FLATLINE'
INFO: Weapon 2: 'MASTIFF'
INFO: 
INFO: >>> Frame 003499
INFO: Player name: 'TI zikii' -> 'TI_zikii'
INFO: Weapon 1: 'FLATLINE'
INFO: Weapon 2: 'MASTIFF'
INFO: 
INFO: >>> Frame 003500
INFO: Player name: 'TI_zikii'
INFO: Weapon 1: 'FLATLINE'
INFO: Weapon 2: 'MASTIFF'
INFO: 
INFO: >>> Frame 003501
INFO: Player name: 'TI_zikii'
INFO: Weapon 1: 'FLATLINE'
INFO: Weapon 2: 'MASTIFF'
INFO: 
INFO: >>> Frame 003502
INFO: Player name: 'TI zikii' -> 'TI_zikii'
INFO: Weapon 1: 'FLATLINE'
INFO: Weapon 2: 'MASTIFF'
INFO: 
INFO: >>> Frame 003503
INFO: Player name: 'TI_zikii'
INFO: Weapon 1: 'FLATLINE'
INFO: Weapon 2: 'MASTIFF'
INFO: 
INFO: >>> Frame 003504
INFO: Player name: 'TI_zikii'
INFO: Weapon 1: 'FLATLINE'
INFO: Weapon 2: 'MASTIFF'
INFO: 
INFO: >>> Frame 003505
INFO: Player name: 'Tl zikii' -> 'TI_zikii'
INFO: Weapon 1: 'FLATLINE'
INFO: Weapon 2: 'MASTIFF'
INFO: 
INFO: >>> Frame 003506
INFO: Player name: 'TI zikii' -> 'TI_zikii'
INFO: Weapon 1: 'FLATLINE'
INFO: Weapon 2: 'MASTIFF'
INFO: 
INFO: >>> Frame 003507
INFO: Player name: 'TI zikii' -> 'TI_zikii'
INFO: Weapon 1: 'FLATLINE'
INFO: Weapon 2: 'MASTIFF'
INFO: 
INFO: >>> Frame 003508
INFO: Player name: 'TI zikii' -> 'TI_zikii'
INFO: Weapon 1: 'FLATLINE'
INFO: Weapon 2: 'MASTIFF'
INFO: 
INFO: >>> Frame 003509
INFO: Player name: 'TI zikii' -> 'TI_zikii'
INFO: Weapon 1: 'FLATLINE'
INFO: Weapon 2: 'MASTIFF'
INFO: 
INFO: >>> Frame 003510
INFO: Player name: 'Tl_jaazzaz' -> 'TI_jaazzaz'
INFO: Weapon 1: 'SPITFIRE'
INFO: Weapon 2: 'EVA-B8 AUTO' -> 'EVA-8 AUTO'
INFO: 
INFO: >>> Frame 003511
INFO: Unknown player: 'fe\nei' (best guess: 'foZej', 0.60)
INFO: 
INFO: >>> Frame 003512
INFO: Player name: 'Tl_jaazzaz' -> 'TI_jaazzaz'
INFO: Weapon 1: 'SPITFIRE'
INFO: Weapon 2: 'EVA-8 AUTO'
INFO: 
INFO: >>> Frame 003513
INFO: Player name: 'TI_BallonG'
INFO: Weapon 1: 'SPITFIRE'
INFO: Weapon 2: 'EVA-8 AUTO'
INFO: 
INFO: >>> Frame 003514
INFO: Player name: '_Tl_BallonG' -> 'TI_BallonG'
INFO: Weapon 1: 'MASTIFF'
INFO: Weapon 2: 'SPITFIRE'
INFO: 
INFO: >>> Frame 003515
INFO: Player name: '_Tl_BallonG' -> 'TI_BallonG'
INFO: Weapon 1: 'MASTIFF'
INFO: Weapon 2: 'SPITFIRE'
INFO: 
INFO: >>> Frame 003516
INFO: Player name: '_TI_BallonG' -> 'TI_BallonG'
INFO: Weapon 1: 'MASTIFF'
INFO: Weapon 2: 'SPITFIRE'
INFO: 
INFO: >>> Frame 003517
INFO: Player name: '_TI_BallonG' -> 'TI_BallonG'
INFO: Weapon 1: 'MASTIFF'
INFO: Weapon 2: 'SPITFIRE'
INFO: 
INFO: >>> Frame 003518
INFO: Player name: 'Tt BallonG' -> 'TI_BallonG'
INFO: Weapon 1: 'MASTIFF'
INFO: Weapon 2: 'SPITFIRE'
INFO: 
INFO: >>> Frame 003519
INFO: Player name: 'Ti BallonG' -> 'TI_BallonG'
INFO: Weapon 1: 'MASTIFF'
INFO: Weapon 2: 'SPITFIRE'
INFO: 
INFO: >>> Frame 003520
INFO: Player name: 'TIBallonG' -> 'TI_BallonG'
INFO: Weapon 1: 'MASTIFF'
INFO: Weapon 2: 'oPITFIRE' -> 'SPITFIRE'
INFO: 
INFO: >>> Frame 003521
INFO: Player name: 'TEBallonG' -> 'TI_BallonG'
INFO: Weapon 1: 'MASTIFF'
INFO: Weapon 2: 'oPITFIRE' -> 'SPITFIRE'
INFO: 
INFO: >>> Frame 003522
INFO: Can't find player name end icon
INFO: 
INFO: >>> Frame 003523
INFO: Can't find player name end icon
INFO: 
INFO: >>> Frame 003524
INFO: Player name: '_TL_BallonG' -> 'TI_BallonG'
INFO: Weapon 1: 'MASTIFF'
INFO: Weapon 2: 'SPITFIRE'
INFO: 
INFO: >>> Frame 003525
INFO: Player name: '_ Tl_BallonG' -> 'TI_BallonG'
INFO: Weapon 1: 'MASTIFE' -> 'MASTIFF'
INFO: Weapon 2: 'SPITFIRE'
INFO: 
INFO: >>> Frame 003526
INFO: Player name: 'TI_BallonG'
INFO: Weapon 1: 'MASTIFF'
INFO: Weapon 2: 'oPITFIRE' -> 'SPITFIRE'
INFO: 
INFO: >>> Frame 003527
INFO: Player name: '_ TI_BallanG' -> 'TI_BallonG'
INFO: Weapon 1: 'MASTIFF'
INFO: Weapon 2: 'SPITFIRE'
INFO: 
INFO: >>> Frame 003528
INFO: Player name: '_Tl_BallanG' -> 'TI_BallonG'
INFO: Weapon 1: 'MASTIFF'
INFO: Weapon 2: 'SPITFIRE'
INFO: 
INFO: >>> Frame 003529
INFO: Player name: '_ Tl_BallonG' -> 'TI_BallonG'
INFO: Weapon 1: 'MASTIFF'
INFO: Weapon 2: 'SPITFIRE'
INFO: 
INFO: >>> Frame 003530
INFO: Player name: '_TIBallonG' -> 'TI_BallonG'
INFO: Weapon 1: 'MASTIFF'
INFO: Weapon 2: 'SPITFIRE'
INFO: 
INFO: >>> Frame 003531
INFO: Player name: 'TI zikii' -> 'TI_zikii'
INFO: Weapon 2: 'MASTIFF'
INFO: 
INFO: >>> Frame 003532
INFO: Player name: 'TI zikii' -> 'TI_zikii'
INFO: Weapon 1: 'FLATLINE'
INFO: Weapon 2: 'MASTIFF'
INFO: 
INFO: >>> Frame 003533
INFO: 
INFO: >>> Frame 003534
INFO: Player name: 'TI zikii' -> 'TI_zikii'
INFO: Weapon 1: 'FLATLINE'
INFO: Weapon 2: 'MASTIFF'
INFO: 
INFO: >>> Frame 003535
INFO: Player name: 'TL zikii' -> 'TI_zikii'
INFO: Weapon 1: 'FLATLINE'
INFO: Weapon 2: 'MASTIFF'
INFO: 
INFO: >>> Frame 003536
INFO: Player name: 'TI zikii' -> 'TI_zikii'
INFO: Weapon 1: 'FLATLINE'
INFO: Weapon 2: 'MASTIFF'
INFO: 
INFO: >>> Frame 003537
INFO: Unknown player: '=) tl tt\n\n1 i' (best guess: 'Atrosty3', 0.85)
INFO: 
INFO: >>> Frame 003538
INFO: Unknown player: 'A ztkit' (best guess: 'TI_zikii', 0.62)
INFO: 
INFO: >>> Frame 003539
INFO: 
INFO: >>> Frame 003540
INFO: Player name: 'TI zikii' -> 'TI_zikii'
INFO: Weapon 1: 'FLATLINE'
INFO: Weapon 2: 'MASTIFF'
INFO: 
INFO: >>> Frame 003541
INFO: Can't find player name end icon
INFO: 
INFO: >>> Frame 003542
INFO: Can't find player name end icon
INFO: 
INFO: >>> Frame 003543
INFO: Can't find player name end icon
INFO: 
INFO: >>> Frame 003544
INFO: Can't find player name end icon
INFO: 
INFO: >>> Frame 003545
INFO: Can't find player name end icon
INFO: 
INFO: >>> Frame 003546
INFO: Can't find player name end icon
INFO: 
INFO: >>> Frame 003547
INFO: Player name: '7ozzzZus' -> '7ozzzus'
INFO: Weapon 1: 'R-301'
INFO: Weapon 2: 'JEACEKEEPER' -> 'PEACEKEEPER'
INFO: 
INFO: >>> Frame 003548
INFO: Unknown player: '7OzzZuUS' (best guess: '7ozzzus', 0.50)
INFO: 
INFO: >>> Frame 003549
INFO: Player name: '7ozzzus'
INFO: Weapon 1: 'R-301'
INFO: Weapon 2: 'PEACEKEEPEF' -> 'PEACEKEEPER'
INFO: 
INFO: >>> Frame 003550
INFO: Player name: '7O0zzzZus' -> '7ozzzus'
INFO: Weapon 1: 'R-40)' -> 'R-301'
INFO: Weapon 2: '7EACEKEEPER' -> 'PEACEKEEPER'
INFO: 
INFO: >>> Frame 003551
INFO: Player name: '7ozzzus'
INFO: Weapon 1: 'R-30)' -> 'R-301'
INFO: Weapon 2: 'JEACEKEEPER' -> 'PEACEKEEPER'
INFO: 
INFO: >>> Frame 003552
INFO: Player name: '7Ozzzus' -> '7ozzzus'
INFO: Weapon 1: 'R-301'
INFO: Weapon 2: 'JEACEKEEPER' -> 'PEACEKEEPER'
INFO: 
INFO: >>> Frame 003553
INFO: Player name: '70zzzZUuS' -> '7ozzzus'
INFO: Weapon 1: 'R-301'
INFO: Weapon 2: 'JEACEKEEPER' -> 'PEACEKEEPER'
INFO: 
INFO: >>> Frame 003554
INFO: Player name: '7ozzzus'
INFO: Weapon 1: 'R-401' -> 'R-301'
INFO: Weapon 2: 'JEACEKEEPER' -> 'PEACEKEEPER'
INFO: 
INFO: >>> Frame 003555
INFO: Player name: '-Jozzzus' -> '7ozzzus'
INFO: Weapon 1: 'R-301'
INFO: Weapon 2: 'JEACEKEEPER' -> 'PEACEKEEPER'
INFO: 
INFO: >>> Frame 003556
INFO: Unknown player: '7OzzZuUS' (best guess: '7ozzzus', 0.50)
INFO: 
INFO: >>> Frame 003557
INFO: Player name: '7ozzzus'
INFO: Weapon 1: 'R-401' -> 'R-301'
INFO: Weapon 2: 'AEACEKEEPER' -> 'PEACEKEEPER'
INFO: 
INFO: >>> Frame 003558
INFO: Player name: 'Alliance Hakis' -> 'Alliance_Hakis'
INFO: Weapon 1: 'VOLT'
INFO: Weapon 2: 'MASTIFF'
INFO: 
INFO: >>> Frame 003559
INFO: Player name: 'Alllanne_Valts' -> 'Alliance_Vaifs'
INFO: Weapon 2: 'MASTIFF'
INFO: 
INFO: >>> Frame 003560
INFO: Player name: 'Alliance iPN-kOu' -> 'Alliance_iPN-kOu'
INFO: Weapon 1: 'R-301'
INFO: Weapon 2: 'MASTIFF'
INFO: 
INFO: >>> Frame 003561
INFO: Player name: 'Alliance iPN-kOu' -> 'Alliance_iPN-kOu'
INFO: Weapon 1: 'R-301'
INFO: Weapon 2: 'MASTIFF'
INFO: 
INFO: >>> Frame 003562
INFO: Player name: 'Alliance_iIPN-kOu' -> 'Alliance_iPN-kOu'
INFO: Weapon 1: 'R-301'
INFO: Weapon 2: 'MASTIFF'
INFO: 
INFO: >>> Frame 003563
INFO: Player name: 'Alliance iPN-kOu' -> 'Alliance_iPN-kOu'
INFO: Weapon 1: 'R-301'
INFO: Weapon 2: 'MASTIFF'
INFO: 
INFO: >>> Frame 003564
INFO: Can't find player name end icon
INFO: 
INFO: >>> Frame 003565
INFO: Can't find player name end icon
INFO: 
INFO: >>> Frame 003566
INFO: Can't find player name end icon
INFO: 
INFO: >>> Frame 003567
INFO: Can't find player name end icon
INFO: 
INFO: >>> Frame 003568
INFO: Can't find player name end icon
INFO: 
INFO: >>> Frame 003569
INFO: Can't find player name end icon
INFO: 
INFO: >>> Frame 003570
INFO: Can't find player name end icon
INFO: 
INFO: >>> Frame 003571
INFO: Can't find player name end icon
INFO: 
INFO: >>> Frame 003572
INFO: Can't find player name end icon
INFO: 
INFO: >>> Frame 003573
INFO: Player name: '_Alliance_Vaifs' -> 'Alliance_Vaifs'
INFO: Weapon 1: 'FLATLINE'
INFO: Weapon 2: 'MASTIFF'
INFO: 
INFO: >>> Frame 003574
INFO: Player name: 'Alliance Vaifs' -> 'Alliance_Vaifs'
INFO: Weapon 1: 'FLATLINE'
INFO: Weapon 2: 'MASTIFF'
INFO: 
INFO: >>> Frame 003575
INFO: Player name: 'Alliance iPN-kOu' -> 'Alliance_iPN-kOu'
INFO: Weapon 1: 'R-301'
INFO: Weapon 2: 'MASTIFF'
INFO: 
INFO: >>> Frame 003576
INFO: Player name: 'Alliance iPN-kOu' -> 'Alliance_iPN-kOu'
INFO: Weapon 1: 'R-301'
INFO: Weapon 2: 'MASTIFF'
INFO: 
INFO: >>> Frame 003577
INFO: Player name: 'Alliance_iPN-kOu'
INFO: Weapon 1: 'R-301'
INFO: Weapon 2: 'MASTIFF'
INFO: 
INFO: >>> Frame 003578
INFO: Player name: 'Alliance iPN-kOu' -> 'Alliance_iPN-kOu'
INFO: Weapon 1: 'R-301'
INFO: Weapon 2: 'MASTIFF'
INFO: 
INFO: >>> Frame 003579
INFO: Player name: 'Alliance iPN-kOu' -> 'Alliance_iPN-kOu'
INFO: Weapon 1: 'R-301'
INFO: Weapon 2: 'MASTIFF'
INFO: 
INFO: >>> Frame 003580
INFO: Player name: 'Alliance iPN-kOu' -> 'Alliance_iPN-kOu'
INFO: Weapon 1: 'R-301'
INFO: Weapon 2: 'MASTIFF'
INFO: 
INFO: >>> Frame 003581
INFO: Player name: 'Alliance_iPN-kDu' -> 'Alliance_iPN-kOu'
INFO: Weapon 1: 'R-301'
INFO: Weapon 2: 'MASTIFF'
INFO: 
INFO: >>> Frame 003582
INFO: Player name: 'Alliance _IPN-kOu' -> 'Alliance_iPN-kOu'
INFO: Weapon 1: 'R-301'
INFO: Weapon 2: 'MASTIFF'
INFO: 
INFO: >>> Frame 003583
INFO: Player name: 'Alliance_iPN-kOu'
INFO: Weapon 1: 'R-301'
INFO: Weapon 2: 'MASTIFF'
INFO: 
INFO: >>> Frame 003584
INFO: Player name: 'Alliance_iPN-kOu'
INFO: Weapon 1: 'R-401' -> 'R-301'
INFO: Weapon 2: 'MASTIFF'
INFO: 
INFO: >>> Frame 003585
INFO: Player name: 'Alliance_iPN-kOu'
INFO: Weapon 1: 'R-301'
INFO: Weapon 2: 'MASTIFF'
INFO: 
INFO: >>> Frame 003586
INFO: Player name: 'Alliance_iPN-kOu'
INFO: Weapon 1: 'R-401' -> 'R-301'
INFO: Weapon 2: 'MASTIFF'
INFO: 
INFO: >>> Frame 003587
INFO: Player name: 'Alliance_iPN-kOu'
INFO: Weapon 1: 'R-301'
INFO: Weapon 2: 'MASTIFF'
INFO: 
INFO: >>> Frame 003588
INFO: Player name: 'Alliance_iPN-kDu' -> 'Alliance_iPN-kOu'
INFO: Weapon 1: 'R-401' -> 'R-301'
INFO: Weapon 2: 'MASTIFF'
INFO: 
INFO: >>> Frame 003589
INFO: Player name: 'Alliance iPN-kOu' -> 'Alliance_iPN-kOu'
INFO: Weapon 1: 'R-301'
INFO: Weapon 2: 'MASTIFF'
INFO: 
INFO: >>> Frame 003590
INFO: Player name: 'Alliance_iPN-kOu'
INFO: Weapon 1: 'R-301'
INFO: Weapon 2: 'MASTIFF'
INFO: 
INFO: >>> Frame 003591
INFO: Player name: 'Alliance_iPN-kDu' -> 'Alliance_iPN-kOu'
INFO: Weapon 1: 'R-301'
INFO: Weapon 2: 'MASTIFF'
INFO: 
INFO: >>> Frame 003592
INFO: Player name: 'Alliance_iPN-kOu'
INFO: Weapon 1: 'R-301'
INFO: Weapon 2: 'MASTIFF'
INFO: 
INFO: >>> Frame 003593
INFO: Unknown player: 'Badoli\n\n2\n\nSs\n\na\n, Twit' (best guess: 'Alliance_Hakis', 0.83)
INFO: 
INFO: >>> Frame 003594
INFO: Player name: 'Re ee em\n Twitch-Badoli' -> 'Twitch-Badoli'
INFO: Weapon 1: 'EVA-8 AUTO'
INFO: Weapon 2: 'FLATLINE'
INFO: 
INFO: >>> Frame 003595
INFO: Player name: 'Twitch-Badoli'
INFO: Weapon 1: 'EVA-8 AUTO'
INFO: Weapon 2: 'FLATLINE'
INFO: 
INFO: >>> Frame 003596
INFO: Player name: '‘Twitch=Badoli' -> 'Twitch-Badoli'
INFO: Weapon 1: 'EVA-8 AUTO'
INFO: Weapon 2: 'FLATLINE'
INFO: 
INFO: >>> Frame 003597
INFO: Player name: '-Naghz' -> 'Naghz'
INFO: Weapon 1: 'EVA-8 AUTO'
INFO: Weapon 2: 'FLATLINE'
INFO: 
INFO: >>> Frame 003598
INFO: Player name: 'Naghz'
INFO: Weapon 1: 'EVA-8 AUTO'
INFO: Weapon 2: 'R-99'
INFO: 
INFO: >>> Frame 003599
INFO: Player name: 'Naghz'
INFO: Weapon 1: 'EVA-8 AUTO'
INFO: Weapon 2: 'R-99'
INFO: 
INFO: >>> Frame 003600
INFO: Player name: 'Naghz'
INFO: Weapon 1: 'EVA-8 AUTO'
INFO: Weapon 2: 'R-99'
INFO: 
INFO: >>> Frame 003601
INFO: Can't find player name end icon
INFO: 
INFO: >>> Frame 003602
INFO: Can't find player name end icon
INFO: 
INFO: >>> Frame 003603
INFO: Can't find player name end icon
INFO: 
INFO: >>> Frame 003604
INFO: Can't find player name end icon
INFO: 
INFO: >>> Frame 003605
INFO: Player name: 'Alliance_Vaits' -> 'Alliance_Vaifs'
INFO: Weapon 1: 'FLATLINE'
INFO: Weapon 2: 'MASTIFF'
INFO: 
INFO: >>> Frame 003606
INFO: Player name: '_Alliance_Vaifs' -> 'Alliance_Vaifs'
INFO: Weapon 1: 'FLATLINE'
INFO: Weapon 2: 'MASTIFF'
INFO: 
INFO: >>> Frame 003607
INFO: Player name: 'Alliance _Vaifs' -> 'Alliance_Vaifs'
INFO: Weapon 1: 'FLATLINE'
INFO: Weapon 2: 'MASTIFF'
INFO: 
INFO: >>> Frame 003608
INFO: Player name: 'Alliance_Vaifs'
INFO: Weapon 1: 'FLATLINE'
INFO: Weapon 2: 'MASTIFF'
INFO: 
INFO: >>> Frame 003609
INFO: Player name: 'Alliance iPN-kOu' -> 'Alliance_iPN-kOu'
INFO: Weapon 1: 'R-301'
INFO: Weapon 2: 'MASTIFF'
INFO: 
INFO: >>> Frame 003610
INFO: Player name: 'Alliance_iPN-kOu'
INFO: Weapon 1: 'R-301'
INFO: Weapon 2: 'MASTIFF'
INFO: 
INFO: >>> Frame 003611
INFO: Player name: 'Alliance iPN-kOu' -> 'Alliance_iPN-kOu'
INFO: Weapon 1: 'R-301'
INFO: Weapon 2: 'MASTIFF'
INFO: 
INFO: >>> Frame 003612
INFO: Player name: 'Alliance_iIPN-kOu' -> 'Alliance_iPN-kOu'
INFO: Weapon 1: 'R-301'
INFO: Weapon 2: 'MASTIFF'
INFO: 
INFO: >>> Frame 003613
INFO: Can't find player name end icon
INFO: 
INFO: >>> Frame 003614
INFO: Can't find player name end icon
INFO: 
INFO: >>> Frame 003615
INFO: Player name: 'COOLER SirDel' -> 'COOLER_SirDel'
INFO: Weapon 1: 'VOLT'
INFO: Weapon 2: 'EVA-8 AUTO'
INFO: 
INFO: >>> Frame 003616
INFO: Player name: '-CDOLER SirDel' -> 'COOLER_SirDel'
INFO: Weapon 1: 'VOLT'
INFO: Weapon 2: 'EVA-8 AUTO'
INFO: 
INFO: >>> Frame 003617
INFO: Player name: 'COOLER SirDel' -> 'COOLER_SirDel'
INFO: Weapon 1: 'VOLT'
INFO: Weapon 2: 'EVA-8 AUTO'
INFO: 
INFO: >>> Frame 003618
INFO: Player name: 'COOLER SirDel' -> 'COOLER_SirDel'
INFO: Weapon 1: 'VOLT'
INFO: Weapon 2: 'EVA-8 AUTO'
INFO: 
INFO: >>> Frame 003619
INFO: Player name: 'COOLER SirDel' -> 'COOLER_SirDel'
INFO: Weapon 1: 'VOLT'
INFO: Weapon 2: 'EVA-8 AUTO'
INFO: 
INFO: >>> Frame 003620
INFO: Player name: 'COOLER SirDel' -> 'COOLER_SirDel'
INFO: Weapon 1: 'VOLT'
INFO: Weapon 2: 'EVA-8 AUTO'
INFO: 
INFO: >>> Frame 003621
INFO: Player name: 'COOLER SirDel' -> 'COOLER_SirDel'
INFO: Weapon 1: 'VOLT'
INFO: Weapon 2: 'EVA-3 AUTO' -> 'EVA-8 AUTO'
INFO: 
INFO: >>> Frame 003622
INFO: Player name: 'COOLER SirDel' -> 'COOLER_SirDel'
INFO: Weapon 1: 'VOLT'
INFO: Weapon 2: 'EVA-8 AUTO'
INFO: 
INFO: >>> Frame 003623
INFO: Player name: 'COOLER _SirDel' -> 'COOLER_SirDel'
INFO: Weapon 1: 'VOLT'
INFO: Weapon 2: 'EVA-3 AUTO' -> 'EVA-8 AUTO'
INFO: 
INFO: >>> Frame 003624
INFO: Player name: 'COOLER SirDel' -> 'COOLER_SirDel'
INFO: Weapon 1: 'VOLT'
INFO: Weapon 2: 'EVA-8 AUTO'
INFO: 
INFO: >>> Frame 003625
INFO: Player name: 'COOLER SirDel' -> 'COOLER_SirDel'
INFO: Weapon 1: 'VOLT'
INFO: Weapon 2: 'EVA-3 AUTO' -> 'EVA-8 AUTO'
INFO: 
INFO: >>> Frame 003626
INFO: Player name: 'COOLER SirDel' -> 'COOLER_SirDel'
INFO: Weapon 1: 'VOLT'
INFO: Weapon 2: 'EVA-8 AUTO'
INFO: 
INFO: >>> Frame 003627
INFO: Player name: 'COOLER SirDel' -> 'COOLER_SirDel'
INFO: Weapon 1: 'VOLT'
INFO: Weapon 2: 'EVA-3 AUTO' -> 'EVA-8 AUTO'
INFO: 
INFO: >>> Frame 003628
INFO: Player name: 'COOLER SirDel' -> 'COOLER_SirDel'
INFO: Weapon 1: 'VOLT'
INFO: Weapon 2: 'EVA-8 AUTO'
INFO: 
INFO: >>> Frame 003629
INFO: 
INFO: >>> Frame 003630
INFO: Player name: 'COOLER SirDel' -> 'COOLER_SirDel'
INFO: Weapon 1: 'VOLT'
INFO: Weapon 2: 'EVA-8 AUTO'
INFO: 
INFO: >>> Frame 003631
INFO: Player name: 'COOLER SirDel' -> 'COOLER_SirDel'
INFO: Weapon 1: 'VOLT'
INFO: Weapon 2: 'EVA-8 AUTO'
INFO: 
INFO: >>> Frame 003632
INFO: Can't find player name end icon
INFO: 
INFO: >>> Frame 003633
INFO: Can't find player name end icon
INFO: 
INFO: >>> Frame 003634
INFO: Player name: 'COOLER SirDel' -> 'COOLER_SirDel'
INFO: Weapon 1: 'VOLT'
INFO: Weapon 2: 'EVA-B AUTO' -> 'EVA-8 AUTO'
INFO: 
INFO: >>> Frame 003635
INFO: Player name: 'COOLER_SirOs!' -> 'COOLER_SirDel'
INFO: Weapon 1: 'VOLT'
INFO: Weapon 2: 'EVA-3 AUTO' -> 'EVA-8 AUTO'
INFO: 
INFO: >>> Frame 003636
INFO: Player name: 'COOLER SirDel' -> 'COOLER_SirDel'
INFO: Weapon 1: 'VOLT'
INFO: Weapon 2: 'EVA-B AUTO' -> 'EVA-8 AUTO'
INFO: 
INFO: >>> Frame 003637
INFO: Player name: 'COOLER Gnaske' -> 'COOLER_Gnaske'
INFO: Weapon 1: 'SPITFIRE'
INFO: Weapon 2: 'EVA-8 AUTO'
INFO: 
INFO: >>> Frame 003638
INFO: 
INFO: >>> Frame 003639
INFO: Player name: 'COOLER Gnaske' -> 'COOLER_Gnaske'
INFO: Weapon 1: 'SPITFIRE'
INFO: Weapon 2: 'EVA-3 AUTO' -> 'EVA-8 AUTO'
INFO: 
INFO: >>> Frame 003640
INFO: Player name: 'COOLER. _Gnaske' -> 'COOLER_Gnaske'
INFO: Weapon 1: 'SPITFIRE'
INFO: Weapon 2: 'EV4-8 AUTO' -> 'EVA-8 AUTO'
INFO: 
INFO: >>> Frame 003641
INFO: Player name: 'COOLER Gnaske' -> 'COOLER_Gnaske'
INFO: Weapon 1: 'SBITFIRE' -> 'SPITFIRE'
INFO: Weapon 2: 'EV4-8 AUTO' -> 'EVA-8 AUTO'
INFO: 
INFO: >>> Frame 003642
INFO: Player name: 'COOLER.(Ghaske' -> 'COOLER_Gnaske'
INFO: Weapon 2: 'EVai-8 AUTO' -> 'EVA-8 AUTO'
INFO: 
INFO: >>> Frame 003643
INFO: Player name: 'COOLER _Gnaske' -> 'COOLER_Gnaske'
INFO: Weapon 1: 'SPITFIRE'
INFO: Weapon 2: 'EVA-8 AUTO'
INFO: 
INFO: >>> Frame 003644
INFO: Player name: 'COOLER_Gnaske'
INFO: Weapon 1: 'SPITFIRE'
INFO: Weapon 2: 'EVA-38 AUTO' -> 'EVA-8 AUTO'
INFO: 
INFO: >>> Frame 003645
INFO: Player name: 'COOLER_Gnaske'
INFO: Weapon 1: 'SPITFIRE'
INFO: Weapon 2: 'EVA-8 AUTO'
INFO: 
INFO: >>> Frame 003646
INFO: Player name: 'COOLER _Gnaske' -> 'COOLER_Gnaske'
INFO: Weapon 1: 'SPITFIRE'
INFO: Weapon 2: 'EVA-38 AUTO' -> 'EVA-8 AUTO'
INFO: 
INFO: >>> Frame 003647
INFO: Player name: 'COOLER SirDel' -> 'COOLER_SirDel'
INFO: Weapon 1: 'VOLT'
INFO: Weapon 2: 'EVA-8 AUTO'
INFO: 
INFO: >>> Frame 003648
INFO: Can't find player name end icon
INFO: 
INFO: >>> Frame 003649
INFO: Can't find player name end icon
INFO: 
INFO: >>> Frame 003650
INFO: Player name: '“CDOLER Sirdel' -> 'COOLER_SirDel'
INFO: Weapon 1: 'VOLT'
INFO: Weapon 2: 'EVA-8 AUTO'
INFO: 
INFO: >>> Frame 003651
INFO: Player name: 'COOLER SirDel' -> 'COOLER_SirDel'
INFO: Weapon 1: 'VOLT'
INFO: Weapon 2: 'EVA-8 AUTO'
INFO: 
INFO: >>> Frame 003652
INFO: Player name: 'COOLER SirDel' -> 'COOLER_SirDel'
INFO: Weapon 1: 'VOLT'
INFO: Weapon 2: 'EVA-B AUTO' -> 'EVA-8 AUTO'
INFO: 
INFO: >>> Frame 003653
INFO: Player name: 'COOLER SirDel' -> 'COOLER_SirDel'
INFO: Weapon 1: 'VOLT'
INFO: Weapon 2: 'EVA-8 AUTO'
INFO: 
INFO: >>> Frame 003654
INFO: Player name: 'COOLER _SirDel' -> 'COOLER_SirDel'
INFO: Weapon 1: 'VOLT'
INFO: Weapon 2: 'EV4-8 AUTO' -> 'EVA-8 AUTO'
INFO: 
INFO: >>> Frame 003655
INFO: Player name: 'COOLER SirDel' -> 'COOLER_SirDel'
INFO: Weapon 1: 'VOLT'
INFO: Weapon 2: 'EVA-8 AUTO'
INFO: 
INFO: >>> Frame 003656
INFO: Player name: 'COOLER Yuki' -> 'COOLER_Yuki'
INFO: Weapon 1: 'SPITFIRE'
INFO: Weapon 2: 'R-301'
INFO: 
INFO: >>> Frame 003657
INFO: Player name: 'COOLER _Yuki' -> 'COOLER_Yuki'
INFO: Weapon 1: 'SPITFIRE'
INFO: Weapon 2: 'R-301'
INFO: 
INFO: >>> Frame 003658
INFO: Player name: 'COOLER Yuki' -> 'COOLER_Yuki'
INFO: Weapon 1: 'SPITFIRE'
INFO: Weapon 2: 'R-30)' -> 'R-301'
INFO: 
INFO: >>> Frame 003659
INFO: Player name: 'COOLER_Yuki'
INFO: Weapon 1: '‘SPITFIRE' -> 'SPITFIRE'
INFO: Weapon 2: 'R-3D)' -> 'R-301'
INFO: 
INFO: >>> Frame 003660
INFO: Player name: 'COOLER Yuki' -> 'COOLER_Yuki'
INFO: Weapon 1: 'SFITFIRE' -> 'SPITFIRE'
INFO: Weapon 2: 'R-3D]' -> 'R-301'
INFO: 
INFO: >>> Frame 003661
INFO: 
INFO: >>> Frame 003662
INFO: Player name: 'COOLER Yuki' -> 'COOLER_Yuki'
INFO: Weapon 1: 'SPITFIRE'
INFO: Weapon 2: 'R-301'
INFO: 
INFO: >>> Frame 003663
INFO: Player name: 'COOLER Yuki' -> 'COOLER_Yuki'
INFO: Weapon 1: 'SPITFIRE'
INFO: Weapon 2: 'R-301'
INFO: 
INFO: >>> Frame 003664
INFO: Player name: 'COOLER _Yuki' -> 'COOLER_Yuki'
INFO: Weapon 1: 'SPITFIRE'
INFO: Weapon 2: 'R-301'
INFO: 
INFO: >>> Frame 003665
INFO: Can't find player name end icon
INFO: 
INFO: >>> Frame 003666
INFO: Can't find player name end icon
INFO: 
INFO: >>> Frame 003667
INFO: Can't find player name end icon
INFO: 
INFO: >>> Frame 003668
INFO: Player name: 'COOLER SirDel' -> 'COOLER_SirDel'
INFO: Weapon 1: 'VOLT'
INFO: Weapon 2: 'EVA-6 AUTO' -> 'EVA-8 AUTO'
INFO: 
INFO: >>> Frame 003669
INFO: Player name: 'COOLER SirDel' -> 'COOLER_SirDel'
INFO: Weapon 1: 'VOLT'
INFO: Weapon 2: 'EVA-6 AUTO' -> 'EVA-8 AUTO'
INFO: 
INFO: >>> Frame 003670
INFO: Player name: 'COOLER SirDel' -> 'COOLER_SirDel'
INFO: Weapon 1: 'VOLT'
INFO: Weapon 2: 'EVA-8 AUTO'
INFO: 
INFO: >>> Frame 003671
INFO: Player name: 'COOLER SirDel' -> 'COOLER_SirDel'
INFO: Weapon 1: 'VOLT'
INFO: Weapon 2: 'EVA-8 AUTO'
INFO: 
INFO: >>> Frame 003672
INFO: Player name: 'COOLER SirDel' -> 'COOLER_SirDel'
INFO: Weapon 1: 'VOLT'
INFO: Weapon 2: 'EVA-6 AUTO' -> 'EVA-8 AUTO'
INFO: 
INFO: >>> Frame 003673
INFO: Player name: 'COOLER SirDel' -> 'COOLER_SirDel'
INFO: Weapon 1: 'VOLT'
INFO: Weapon 2: 'EVA-8 AUTO'
INFO: 
INFO: >>> Frame 003674
INFO: Player name: 'COOLER SirDel' -> 'COOLER_SirDel'
INFO: Weapon 1: '¥VOLT' -> 'VOLT'
INFO: Weapon 2: 'EVA-8 AUTO'
INFO: 
INFO: >>> Frame 003675
INFO: Player name: 'COOLER SirDel' -> 'COOLER_SirDel'
INFO: Weapon 1: 'YOLT' -> 'VOLT'
INFO: Weapon 2: 'EVA-6 AUTO' -> 'EVA-8 AUTO'
INFO: 
INFO: >>> Frame 003676
INFO: Player name: 'COOLER SirDel' -> 'COOLER_SirDel'
INFO: Weapon 1: 'VOLT'
INFO: Weapon 2: 'EVA-3 AUTO' -> 'EVA-8 AUTO'
INFO: 
INFO: >>> Frame 003677
INFO: Player name: 'COOLER SirDel' -> 'COOLER_SirDel'
INFO: Weapon 1: 'VOLT'
INFO: Weapon 2: 'EVA-8 AUTO'
INFO: 
INFO: >>> Frame 003678
INFO: Player name: 'COOLER SirBel' -> 'COOLER_SirDel'
INFO: Weapon 2: 'EVA4-8 AUTO' -> 'EVA-8 AUTO'
INFO: 
INFO: >>> Frame 003679
INFO: Player name: 'COOLER SirDel' -> 'COOLER_SirDel'
INFO: Weapon 1: 'VOLT'
INFO: Weapon 2: 'EVa-B AUTO' -> 'EVA-8 AUTO'
INFO: 
INFO: >>> Frame 003680
INFO: Player name: '(COOLER Yuki' -> 'COOLER_Yuki'
INFO: Weapon 1: 'SPITFIRE'
INFO: Weapon 2: 'R-301'
INFO: 
INFO: >>> Frame 003681
INFO: Player name: '“COOLER! Yuki' -> 'COOLER_Yuki'
INFO: Weapon 1: 'SPITFIRE'
INFO: Weapon 2: 'R-301'
INFO: 
INFO: >>> Frame 003682
INFO: Player name: 'COOLER _Yuki' -> 'COOLER_Yuki'
INFO: Weapon 1: 'SPITFIRE'
INFO: Weapon 2: 'R-30)' -> 'R-301'
INFO: 
INFO: >>> Frame 003683
INFO: Player name: 'COOLER Yuki' -> 'COOLER_Yuki'
INFO: Weapon 1: 'SPITFIRE'
INFO: Weapon 2: 'R-301'
INFO: 
INFO: >>> Frame 003684
INFO: Player name: 'COOLER Yuki' -> 'COOLER_Yuki'
INFO: Weapon 1: 'SPITFIRE'
INFO: Weapon 2: 'R-301'
INFO: 
INFO: >>> Frame 003685
INFO: Can't find player name end icon
INFO: 
INFO: >>> Frame 003686
INFO: Can't find player name end icon
INFO: 
INFO: >>> Frame 003687
INFO: Can't find player name end icon
INFO: 
INFO: >>> Frame 003688
INFO: Player name: 'COOLER Yuki' -> 'COOLER_Yuki'
INFO: Weapon 1: 'SPITFIRE'
INFO: Weapon 2: 'R-301'
INFO: 
INFO: >>> Frame 003689
INFO: Player name: 'COOLERLVuki' -> 'COOLER_Yuki'
INFO: Weapon 1: 'SPITFIRE'
INFO: Weapon 2: 'R-301'
INFO: 
INFO: >>> Frame 003690
INFO: Player name: 'COOLER Yuki' -> 'COOLER_Yuki'
INFO: Weapon 1: 'SPITFIRE'
INFO: Weapon 2: 'R-301'
INFO: 
INFO: >>> Frame 003691
INFO: Player name: '“COOLER Yuki' -> 'COOLER_Yuki'
INFO: Weapon 1: 'SPITFIRE'
INFO: Weapon 2: 'R-30)' -> 'R-301'
INFO: 
INFO: >>> Frame 003692
INFO: Player name: 'COOLER _Yuki' -> 'COOLER_Yuki'
INFO: Weapon 1: 'SPITFIRE'
INFO: Weapon 2: 'R-3D1' -> 'R-301'
INFO: 
INFO: >>> Frame 003693
INFO: Player name: 'COOLER Yuki' -> 'COOLER_Yuki'
INFO: Weapon 1: 'SPITFIRE.' -> 'SPITFIRE'
INFO: Weapon 2: 'R-30)' -> 'R-301'
INFO: 
INFO: >>> Frame 003694
INFO: Player name: 'COOLER Yuki' -> 'COOLER_Yuki'
INFO: Weapon 1: 'SPITFIRE'
INFO: Weapon 2: 'R-301'
INFO: 
INFO: >>> Frame 003695
INFO: Player name: 'COOLER_Yuki'
INFO: Weapon 1: 'SPITFIRE.' -> 'SPITFIRE'
INFO: Weapon 2: 'R-301'
INFO: 
INFO: >>> Frame 003696
INFO: Player name: 'COOLER Yuki' -> 'COOLER_Yuki'
INFO: Weapon 1: 'SPITFIRE'
INFO: Weapon 2: 'R-301'
INFO: 
INFO: >>> Frame 003697
INFO: Player name: 'COOLER Yuki' -> 'COOLER_Yuki'
INFO: Weapon 1: 'SPITFIRE'
INFO: Weapon 2: 'R-30)' -> 'R-301'
INFO: 
INFO: >>> Frame 003698
INFO: Player name: 'COOLER Yuki' -> 'COOLER_Yuki'
INFO: Weapon 1: 'SPITFIRE'
INFO: Weapon 2: 'R-301'
INFO: 
INFO: >>> Frame 003699
INFO: Player name: 'COOLER Yuki' -> 'COOLER_Yuki'
INFO: Weapon 1: 'SPITFIRE'
INFO: Weapon 2: 'R-3D1' -> 'R-301'
INFO: 
INFO: >>> Frame 003700
INFO: Player name: 'COOLER Yuki' -> 'COOLER_Yuki'
INFO: Weapon 1: 'SPITFIRE'
INFO: Weapon 2: 'R-301'
INFO: 
INFO: >>> Frame 003701
INFO: Player name: 'COOLER Yuki' -> 'COOLER_Yuki'
INFO: Weapon 1: 'SPITFIRE'
INFO: Weapon 2: 'R-301'
INFO: 
INFO: >>> Frame 003702
INFO: Player name: 'COOLER_Yuki'
INFO: Weapon 1: 'SPITFIRE'
INFO: Weapon 2: 'R-301'
INFO: 
INFO: >>> Frame 003703
INFO: Player name: 'COOLER Yuki' -> 'COOLER_Yuki'
INFO: Weapon 1: 'SPITFIRE'
INFO: Weapon 2: 'R-30)' -> 'R-301'
INFO: 
INFO: >>> Frame 003704
INFO: Can't find player name end icon
INFO: 
INFO: >>> Frame 003705
INFO: Can't find player name end icon
INFO: 
INFO: >>> Frame 003706
INFO: Can't find player name end icon
INFO: 
INFO: >>> Frame 003707
INFO: Can't find player name end icon
INFO: 
INFO: >>> Frame 003708
INFO: Player name: 'COOLER. Yuki' -> 'COOLER_Yuki'
INFO: Weapon 1: 'SPITFIRE'
INFO: Weapon 2: '‘R-301' -> 'R-301'
INFO: 
INFO: >>> Frame 003709
INFO: 
INFO: >>> Frame 003710
INFO: Player name: 'COOLER Yuki' -> 'COOLER_Yuki'
INFO: Weapon 1: 'SPITFIRE'
INFO: Weapon 2: 'R-301'
INFO: 
INFO: >>> Frame 003711
INFO: Player name: 'COOLER_Yuki'
INFO: Weapon 1: 'SPITFIRE'
INFO: Weapon 2: 'R-301'
INFO: 
INFO: >>> Frame 003712
INFO: Player name: 'COOLER Yuki' -> 'COOLER_Yuki'
INFO: Weapon 1: 'SPITFIRE'
INFO: Weapon 2: 'R-301'
INFO: 
INFO: >>> Frame 003713
INFO: Player name: 'COOLER_Yuki'
INFO: Weapon 1: 'SPITFIRE'
INFO: Weapon 2: 'R-301'
INFO: 
INFO: >>> Frame 003714
INFO: Player name: 'COOLER Yuki' -> 'COOLER_Yuki'
INFO: Weapon 1: 'SPITFIRE'
INFO: Weapon 2: 'R-301'
INFO: 
INFO: >>> Frame 003715
INFO: Player name: 'CDOLER-Yuki' -> 'COOLER_Yuki'
INFO: Weapon 1: 'SPITFIRE'
INFO: Weapon 2: 'R-301'
INFO: 
INFO: >>> Frame 003716
INFO: Player name: 'COOLER Yuki' -> 'COOLER_Yuki'
INFO: Weapon 1: 'SPITFIRE'
INFO: Weapon 2: 'R-301'
INFO: 
INFO: >>> Frame 003717
INFO: 
INFO: >>> Frame 003718
INFO: Player name: '‘COOLER Yuki' -> 'COOLER_Yuki'
INFO: Weapon 1: 'SPITFIRE'
INFO: Weapon 2: 'R-301'
INFO: 
INFO: >>> Frame 003719
INFO: Player name: 'COOLER Yuki' -> 'COOLER_Yuki'
INFO: Weapon 1: 'SPITFIRE'
INFO: Weapon 2: 'R-301'
INFO: 
INFO: >>> Frame 003720
INFO: Player name: 'COOLER Yuki' -> 'COOLER_Yuki'
INFO: Weapon 1: 'SPITFIRE'
INFO: Weapon 2: 'R-301'
INFO: 
INFO: >>> Frame 003721
INFO: Player name: 'COOLER Yuki' -> 'COOLER_Yuki'
INFO: Weapon 1: 'SPITFIRE'
INFO: Weapon 2: 'R-301'
INFO: 
INFO: >>> Frame 003722
INFO: Player name: 'COQLER_Yuki' -> 'COOLER_Yuki'
INFO: Weapon 1: 'SPITFIRE'
INFO: Weapon 2: 'R-301'
INFO: 
INFO: >>> Frame 003723
INFO: Player name: 'COOLER Yuki' -> 'COOLER_Yuki'
INFO: Weapon 1: 'SPITFIRE'
INFO: Weapon 2: 'R-301'
INFO: 
INFO: >>> Frame 003724
INFO: Player name: 'COOLER Yuki' -> 'COOLER_Yuki'
INFO: Weapon 1: 'SPITFIRE'
INFO: Weapon 2: 'R-30)' -> 'R-301'
INFO: 
INFO: >>> Frame 003725
INFO: Can't find player name end icon
INFO: 
INFO: >>> Frame 003726
INFO: Can't find player name end icon
INFO: 
INFO: >>> Frame 003727
INFO: Can't find player name end icon
INFO: 
INFO: >>> Frame 003728
INFO: Player name: 'COOLER Yuki' -> 'COOLER_Yuki'
INFO: Weapon 1: 'SPITFIRE'
INFO: Weapon 2: 'R-3D)' -> 'R-301'
INFO: 
INFO: >>> Frame 003729
INFO: Player name: 'COOLER _Yuki' -> 'COOLER_Yuki'
INFO: Weapon 1: 'SPITFIRE'
INFO: Weapon 2: 'R-301'
INFO: 
INFO: >>> Frame 003730
INFO: Player name: 'FCOOLER Yuki' -> 'COOLER_Yuki'
INFO: Weapon 1: 'SPITFIRE'
INFO: Weapon 2: 'R-301'
INFO: 
INFO: >>> Frame 003731
INFO: Player name: 'COOLER _Yuki' -> 'COOLER_Yuki'
INFO: Weapon 1: 'SPITFIRE'
INFO: Weapon 2: 'R-301'
INFO: 
INFO: >>> Frame 003732
INFO: Player name: 'COOLER Yuki' -> 'COOLER_Yuki'
INFO: Weapon 1: 'SPITFIRE'
INFO: Weapon 2: 'R-301'
INFO: 
INFO: >>> Frame 003733
INFO: Can't find player name end icon
INFO: 
INFO: >>> Frame 003734
INFO: Can't find player name end icon
INFO: 
INFO: >>> Frame 003735
INFO: Can't find player name end icon
INFO: 
INFO: >>> Frame 003736
INFO: Player name: 'COOLER: Yuki' -> 'COOLER_Yuki'
INFO: Weapon 1: '‘SPITFIRE' -> 'SPITFIRE'
INFO: Weapon 2: 'R-301'
INFO: 
INFO: >>> Frame 003737
INFO: Player name: 'COOLER Yuki' -> 'COOLER_Yuki'
INFO: Weapon 1: 'SPITFIRE'
INFO: Weapon 2: 'R-301'
INFO: 
INFO: >>> Frame 003738
INFO: Player name: 'COOLER Yuki' -> 'COOLER_Yuki'
INFO: Weapon 1: 'SPITFIRE'
INFO: Weapon 2: 'R-301'
INFO: 
INFO: >>> Frame 003739
INFO: Player name: 'COOLER Yuki' -> 'COOLER_Yuki'
INFO: Weapon 1: 'SPITFIRE'
INFO: Weapon 2: 'R-30)' -> 'R-301'
INFO: 
INFO: >>> Frame 003740
INFO: Can't find player name end icon
INFO: 
INFO: >>> Frame 003741
INFO: Can't find player name end icon
INFO: 
INFO: >>> Frame 003742
INFO: Can't find player name end icon
INFO: 
INFO: >>> Frame 003743
INFO: Can't find player name end icon
INFO: 
INFO: >>> Frame 003744
INFO: Can't find player name end icon
INFO: 
INFO: >>> Frame 003745
INFO: Can't find player name end icon
INFO: 
INFO: >>> Frame 003746
INFO: 
INFO: >>> Frame 003747
INFO: Player name: '‘Gambit Artyco' -> 'Gambit_Artyco'
INFO: Weapon 1: 'SPITFIRE'
INFO: Weapon 2: 'EVA-B AUTO' -> 'EVA-8 AUTO'
INFO: 
INFO: >>> Frame 003748
INFO: Player name: 'Gambit_Artyco'
INFO: Weapon 1: 'SPITFIRE'
INFO: Weapon 2: 'EVA-B AUTO' -> 'EVA-8 AUTO'
INFO: 
INFO: >>> Frame 003749
INFO: Player name: '_Gambit_Artyco' -> 'Gambit_Artyco'
INFO: Weapon 1: 'SPITFIRE'
INFO: Weapon 2: 'EVA-B AUTO' -> 'EVA-8 AUTO'
INFO: 
INFO: >>> Frame 003750
INFO: Player name: ', Gambit_Artyco' -> 'Gambit_Artyco'
INFO: Weapon 1: 'SPITFIRE'
INFO: Weapon 2: 'EVA4-8 AUTO' -> 'EVA-8 AUTO'
INFO: 
INFO: >>> Frame 003751
INFO: Player name: ', Gambit_Artyco' -> 'Gambit_Artyco'
INFO: Weapon 1: 'SPITFIRE'
INFO: Weapon 2: 'EVA-8 AUTO'
INFO: 
INFO: >>> Frame 003752
INFO: Player name: ', Gambit_Artyco' -> 'Gambit_Artyco'
INFO: Weapon 1: 'SPITFIRE'
INFO: Weapon 2: 'EVA-8 AUTO'
INFO: 
INFO: >>> Frame 003753
INFO: Player name: '_ Gambit_Artyco' -> 'Gambit_Artyco'
INFO: Weapon 1: 'SPITFIRE'
INFO: Weapon 2: 'EVA-8 AUTO'
INFO: 
INFO: >>> Frame 003754
INFO: Player name: '_ Gambit_Artyco' -> 'Gambit_Artyco'
INFO: Weapon 1: 'SPITFIRE'
INFO: Weapon 2: 'EVA-8 AUTO'
INFO: 
INFO: >>> Frame 003755
INFO: Player name: '_Gambit_Artyco' -> 'Gambit_Artyco'
INFO: Weapon 1: 'SPITFIRE'
INFO: Weapon 2: 'EVA-8 AUTO'
INFO: 
INFO: >>> Frame 003756
INFO: Player name: '“Gambit Artyco' -> 'Gambit_Artyco'
INFO: Weapon 1: 'SPITFIRE'
INFO: Weapon 2: 'EVA-8 AUTO'
INFO: 
INFO: >>> Frame 003757
INFO: Player name: 'Gambit _Artyco' -> 'Gambit_Artyco'
INFO: Weapon 1: 'SPITFIRE'
INFO: Weapon 2: 'EVA-8 AUTO'
INFO: 
INFO: >>> Frame 003758
INFO: 
INFO: >>> Frame 003759
INFO: 
INFO: >>> Frame 003760
INFO: Can't find player name end icon
INFO: 
INFO: >>> Frame 003761
INFO: Player name: 'NAVI_Kouhia'
INFO: Weapon 1: 'WINGMAN'
INFO: Weapon 2: 'G? SCOUT' -> 'G7 SCOUT'
INFO: 
INFO: >>> Frame 003762
INFO: Player name: 'NAVI_Kouhia'
INFO: Weapon 2: 'G? SCOUT' -> 'G7 SCOUT'
INFO: 
INFO: >>> Frame 003763
INFO: Player name: 'NAVI_Kouhia'
INFO: Weapon 1: 'WINGMAN'
INFO: Weapon 2: 'G7 SCOUT'
INFO: 
INFO: >>> Frame 003764
INFO: Player name: 'NAVI_Kouhia'
INFO: Weapon 1: 'WINGMAN'
INFO: Weapon 2: 'G7 SCOUT'
INFO: 
INFO: >>> Frame 003765
INFO: Can't find player name end icon
INFO: 
INFO: >>> Frame 003766
INFO: Can't find player name end icon
INFO: 
INFO: >>> Frame 003767
INFO: Can't find player name end icon
INFO: 
INFO: >>> Frame 003768
INFO: Can't find player name end icon
INFO: 
INFO: >>> Frame 003769
INFO: Player name: 'NAVI_Kouhia'
INFO: Weapon 1: 'WINGMAN'
INFO: Weapon 2: 'G7 SCOUT'
INFO: 
INFO: >>> Frame 003770
INFO: Player name: 'NAVI_Nesh' -> 'NAVI_Neshh'
INFO: Weapon 1: 'HEMLOK'
INFO: Weapon 2: 'PEACEKEEPEF' -> 'PEACEKEEPER'
INFO: 
INFO: >>> Frame 003771
INFO: Player name: '_NAVI_Nesh' -> 'NAVI_Neshh'
INFO: Weapon 1: 'HEMLOK'
INFO: Weapon 2: 'PEACEKEEPE!' -> 'PEACEKEEPER'
INFO: 
INFO: >>> Frame 003772
INFO: Player name: '/NAVI_Nesh' -> 'NAVI_Neshh'
INFO: Weapon 1: 'HEMLOK'
INFO: Weapon 2: 'PEACEKEEPEF' -> 'PEACEKEEPER'
INFO: 
INFO: >>> Frame 003773
INFO: Player name: 'COOLER Yuki' -> 'COOLER_Yuki'
INFO: Weapon 2: 'R-301'
INFO: 
INFO: >>> Frame 003774
INFO: Player name: 'COOLER Yuki' -> 'COOLER_Yuki'
INFO: Weapon 1: 'SPITFIRE'
INFO: Weapon 2: 'R-301'
INFO: 
INFO: >>> Frame 003775
INFO: Player name: 'COOLER Yuki' -> 'COOLER_Yuki'
INFO: Weapon 1: 'SPITFIRE'
INFO: Weapon 2: 'R-301'
INFO: 
INFO: >>> Frame 003776
INFO: Player name: 'COOLER SirDel' -> 'COOLER_SirDel'
INFO: Weapon 1: 'VOLT'
INFO: Weapon 2: 'EVA-8 AUTO'
INFO: 
INFO: >>> Frame 003777
INFO: Player name: 'COOLER SirDel' -> 'COOLER_SirDel'
INFO: Weapon 1: 'VOLT'
INFO: Weapon 2: 'EVA-B AUTO' -> 'EVA-8 AUTO'
INFO: 
INFO: >>> Frame 003778
INFO: Player name: 'COOLER SirDel' -> 'COOLER_SirDel'
INFO: Weapon 1: 'VOLT'
INFO: Weapon 2: 'EVA-B AUTO' -> 'EVA-8 AUTO'
INFO: 
INFO: >>> Frame 003779
INFO: Player name: 'COOLER SirDel' -> 'COOLER_SirDel'
INFO: Weapon 1: 'VOLT'
INFO: Weapon 2: 'EVA-8 AUTO'
INFO: 
INFO: >>> Frame 003780
INFO: Can't find player name end icon
INFO: 
INFO: >>> Frame 003781
INFO: Can't find player name end icon
INFO: 
INFO: >>> Frame 003782
INFO: Can't find player name end icon
INFO: 
INFO: >>> Frame 003783
INFO: Player name: 'JNAV|_MaxStrafe' -> 'NAVI_MaxStrafe'
INFO: Weapon 1: 'FLATLINE'
INFO: Weapon 2: 'R-301'
INFO: 
INFO: >>> Frame 003784
INFO: Player name: 'JNAVI_MaxStrafe' -> 'NAVI_MaxStrafe'
INFO: Weapon 1: 'FLATLINE'
INFO: Weapon 2: 'R-301'
INFO: 
INFO: >>> Frame 003785
INFO: Player name: 'JNAV|_Maxstrafe' -> 'NAVI_MaxStrafe'
INFO: Weapon 1: 'FLATLINE'
INFO: Weapon 2: 'R-301'
INFO: 
INFO: >>> Frame 003786
INFO: Player name: '_NAVI_Nesh' -> 'NAVI_Neshh'
INFO: Weapon 1: 'HEMLOK'
INFO: Weapon 2: 'PEACEKEEPEF' -> 'PEACEKEEPER'
INFO: 
INFO: >>> Frame 003787
INFO: Player name: 'NAVI_Nesh' -> 'NAVI_Neshh'
INFO: Weapon 1: 'HEMLOK'
INFO: Weapon 2: 'PEACEKEEPES' -> 'PEACEKEEPER'
INFO: 
INFO: >>> Frame 003788
INFO: Player name: 'NAVI_Nesh' -> 'NAVI_Neshh'
INFO: Weapon 1: 'HEMLOK'
INFO: Weapon 2: 'PEACEKEEPES' -> 'PEACEKEEPER'
INFO: 
INFO: >>> Frame 003789
INFO: Can't find player name end icon
INFO: 
INFO: >>> Frame 003790
INFO: Player name: '_NAVI_Nesh' -> 'NAVI_Neshh'
INFO: Weapon 1: 'HEMLOK'
INFO: Weapon 2: 'JEACEKEEPER' -> 'PEACEKEEPER'
INFO: 
INFO: >>> Frame 003791
INFO: Player name: 'JNAVI_MaxStrafe' -> 'NAVI_MaxStrafe'
INFO: Weapon 1: 'FLATLINE'
INFO: Weapon 2: 'R-301'
INFO: 
INFO: >>> Frame 003792
INFO: Player name: 'JNAVI_MaxStrafe' -> 'NAVI_MaxStrafe'
INFO: Weapon 1: 'FLATLINE'
INFO: Weapon 2: 'R-301'
INFO: 
INFO: >>> Frame 003793
INFO: Player name: 'JNAVI_Maxstrafe' -> 'NAVI_MaxStrafe'
INFO: Weapon 1: 'FLATLINE'
INFO: Weapon 2: 'R-30)' -> 'R-301'
INFO: 
INFO: >>> Frame 003794
INFO: Player name: '_NAVI_Nesh' -> 'NAVI_Neshh'
INFO: Weapon 1: 'HEMLOH' -> 'HEMLOK'
INFO: Weapon 2: 'JEACEKEEPER' -> 'PEACEKEEPER'
