INFO: 
INFO: >>> Frame 001922
INFO: Player name: 'CLT Pride'
INFO: 
INFO: >>> Frame 001923
INFO: Player name: 'CLT Pride'
INFO: 
INFO: >>> Frame 001924
INFO: Player name: 'CLT Pride'
INFO: Weapon 1: 'R-99'
INFO: Weapon 2: 'MOZAMBIQUE'
INFO: 
INFO: >>> Frame 001925
INFO: Player name: 'CLT Pride'
INFO: Weapon 1: 'R-99'
INFO: Weapon 2: 'MOZAMBIQUE'
INFO: 
INFO: >>> Frame 001926
INFO: Player name: 'Koatigami' -> 'Kotigami'
INFO: 
INFO: >>> Frame 001927
INFO: Player name: 'Kotigami'
INFO: Weapon 1: 'MASTIFF'
INFO: 
INFO: >>> Frame 001928
INFO: Player name: 'MrGreekGodTTV'
INFO: Weapon 1: 'WINGMAN'
INFO: Weapon 2: 'R-99'
INFO: 
INFO: >>> Frame 001929
INFO: Player name: 'MrGreekGodTTV'
INFO: Weapon 1: 'WINGMAN.' -> 'WINGMAN'
INFO: Weapon 2: 'R-99'
INFO: 
INFO: >>> Frame 001930
INFO: Player name: 'MrGreekGodTTV'
INFO: Weapon 1: 'WINGMAN'
INFO: Weapon 2: 'R-99'
INFO: 
INFO: >>> Frame 001931
INFO: Player name: 'MrGreekGodTTV'
INFO: Weapon 1: 'WINGMAN'
INFO: Weapon 2: 'R-99'
INFO: 
INFO: >>> Frame 001932
INFO: Player name: 'MrGreekGodTTV'
INFO: Weapon 1: 'WINGMAN'
INFO: Weapon 2: 'R-99'
INFO: 
INFO: >>> Frame 001933
INFO: Player name: 'MrGreekGodTTV'
INFO: Weapon 1: 'WINGMAN'
INFO: Weapon 2: 'R-89' -> 'R-99'
INFO: 
INFO: >>> Frame 001934
INFO: Player name: 'MrGreekGodTTV'
INFO: Weapon 1: 'WINGMAN'
INFO: Weapon 2: 'R-99'
INFO: 
INFO: >>> Frame 001935
INFO: 
INFO: >>> Frame 001936
INFO: Player name: 'MrGreekGodTTV'
INFO: Weapon 1: 'WINGMAN'
INFO: Weapon 2: 'R-99'
INFO: 
INFO: >>> Frame 001937
INFO: Player name: 'MrGreekGodTTV'
INFO: Weapon 1: 'WINGMAN'
INFO: Weapon 2: 'R-99'
INFO: 
INFO: >>> Frame 001938
INFO: Player name: 'MrGreekGodTTV:' -> 'MrGreekGodTTV'
INFO: Weapon 1: 'SPITFIRE'
INFO: Weapon 2: 'R-99'
INFO: 
INFO: >>> Frame 001939
INFO: Player name: 'MrGreekGodTTV'
INFO: Weapon 1: 'SPITFIRE'
INFO: Weapon 2: 'R-99'
INFO: 
INFO: >>> Frame 001940
INFO: Player name: 'MrGreekGodTTV'
INFO: Weapon 1: 'SPITFIRE'
INFO: Weapon 2: 'R-99'
INFO: 
INFO: >>> Frame 001941
INFO: Can't find player name end icon
INFO: 
INFO: >>> Frame 001942
INFO: Player name: 'HisWattson_ RX' -> 'HisWattson_RX'
INFO: Weapon 1: 'ALTERNATOR'
INFO: Weapon 2: 'G7 SCOUT'
INFO: 
INFO: >>> Frame 001943
INFO: Player name: 'HisWattson_ RX' -> 'HisWattson_RX'
INFO: Weapon 1: 'ALTERNATOR'
INFO: Weapon 2: 'G? SCOUT' -> 'G7 SCOUT'
INFO: 
INFO: >>> Frame 001944
INFO: Player name: 'HisWattson_RX'
INFO: Weapon 1: 'ALTERNATOR'
INFO: Weapon 2: 'G7 SCOUT'
INFO: 
INFO: >>> Frame 001945
INFO: Player name: 'HisWattson_RX'
INFO: Weapon 1: 'ALTERNATOR'
INFO: Weapon 2: 'G7 SCOUT'
INFO: 
INFO: >>> Frame 001946
INFO: Player name: 'HisWattson_RX'
INFO: Weapon 1: 'ALTERNATOR'
INFO: Weapon 2: 'G? SCOUT' -> 'G7 SCOUT'
INFO: 
INFO: >>> Frame 001947
INFO: Player name: 'HisWattson_RX'
INFO: Weapon 1: 'ALTERNATOR'
INFO: Weapon 2: 'G7 SCOUT'
INFO: 
INFO: >>> Frame 001948
INFO: Can't find player name end icon
INFO: 
INFO: >>> Frame 001949
INFO: Can't find player name end icon
INFO: 
INFO: >>> Frame 001950
INFO: Can't find player name end icon
INFO: 
INFO: >>> Frame 001951
INFO: Player name: 'TSM Albralelie'
INFO: Weapon 1: 'R-99'
INFO: Weapon 2: 'VOLT'
INFO: 
INFO: >>> Frame 001952
INFO: Player name: 'TSM Albralelie'
INFO: Weapon 1: 'R-99'
INFO: Weapon 2: 'VOLT'
INFO: 
INFO: >>> Frame 001953
INFO: Player name: 'TSM Albralelie'
INFO: Weapon 1: 'R-99'
INFO: Weapon 2: 'VOLT'
INFO: 
INFO: >>> Frame 001954
INFO: Player name: 'TSM Albralelie'
INFO: Weapon 1: 'R-99'
INFO: Weapon 2: 'VOLT'
INFO: 
INFO: >>> Frame 001955
INFO: Player name: 'TSM Albralelie'
INFO: Weapon 1: 'R-99'
INFO: Weapon 2: 'VOLT'
INFO: 
INFO: >>> Frame 001956
INFO: Player name: '“TSM Albralelie' -> 'TSM Albralelie'
INFO: Weapon 1: 'R-99'
INFO: Weapon 2: 'VOLT'
INFO: 
INFO: >>> Frame 001957
INFO: Player name: 'TSM Albralelie'
INFO: Weapon 1: 'R-99'
INFO: Weapon 2: 'VOLT'
INFO: 
INFO: >>> Frame 001958
INFO: Player name: 'TSM Albralelie'
INFO: Weapon 1: 'R-99'
INFO: Weapon 2: 'VOLT'
INFO: 
INFO: >>> Frame 001959
INFO: Player name: 'TSM Albralelie'
INFO: Weapon 1: 'R-99'
INFO: Weapon 2: 'VOLT'
INFO: 
INFO: >>> Frame 001960
INFO: Player name: 'TSM Albralelie'
INFO: Weapon 1: 'R-99'
INFO: Weapon 2: 'VOLT'
INFO: 
INFO: >>> Frame 001961
INFO: Player name: 'TSM Albralelie'
INFO: Weapon 1: 'R-99'
INFO: Weapon 2: 'VOLT'
INFO: 
INFO: >>> Frame 001962
INFO: Player name: 'TSM Albralelie'
INFO: Weapon 1: 'R-99'
INFO: Weapon 2: 'VOLT'
INFO: 
INFO: >>> Frame 001963
INFO: Player name: 'TSM Albralelie'
INFO: Weapon 1: 'R-99'
INFO: Weapon 2: 'VOLT'
INFO: 
INFO: >>> Frame 001964
INFO: Player name: 'TSM Albralelie'
INFO: Weapon 2: 'VOLT'
INFO: 
INFO: >>> Frame 001965
INFO: Player name: 'TSM Albralelie'
INFO: Weapon 1: 'R-99'
INFO: Weapon 2: 'VOLT'
INFO: 
INFO: >>> Frame 001966
INFO: Player name: 'TSM Albralelie'
INFO: Weapon 2: 'VOLT'
INFO: 
INFO: >>> Frame 001967
INFO: Player name: 'TSM Albralelie'
INFO: Weapon 1: 'R-99'
INFO: Weapon 2: 'VOLT'
INFO: 
INFO: >>> Frame 001968
INFO: Player name: 'TSM Albralelie'
INFO: Weapon 1: 'R-99'
INFO: Weapon 2: 'VOLT'
INFO: 
INFO: >>> Frame 001969
INFO: Player name: 'TSM Albralelie'
INFO: Weapon 1: 'R-99'
INFO: Weapon 2: 'VOLT'
INFO: 
INFO: >>> Frame 001970
INFO: Player name: 'TSM Albralelie'
INFO: Weapon 1: 'R-99'
INFO: Weapon 2: 'VOLT'
INFO: 
INFO: >>> Frame 001971
INFO: Player name: '“COLlou' -> 'COL_Iou'
INFO: Weapon 1: 'R-301'
INFO: Weapon 2: 'MASTIFF'
INFO: 
INFO: >>> Frame 001972
INFO: Player name: 'COLlou' -> 'COL_Iou'
INFO: Weapon 1: 'R-301'
INFO: Weapon 2: 'MASTIFF'
INFO: 
INFO: >>> Frame 001973
INFO: Player name: 'COL Jou' -> 'COL_Iou'
INFO: Weapon 1: 'R-301'
INFO: Weapon 2: 'MASTIFF'
INFO: 
INFO: >>> Frame 001974
INFO: Unknown player: 'COu.o0' (best guess: 'COL_Iou', 0.57)
INFO: 
INFO: >>> Frame 001975
INFO: Unknown player: 'COL tor\nJL OU' (best guess: 'COL_Iou', 0.69)
INFO: 
INFO: >>> Frame 001976
INFO: Player name: 'COLIou' -> 'COL_Iou'
INFO: Weapon 1: 'R-401' -> 'R-301'
INFO: Weapon 2: 'MASTIFF'
INFO: 
INFO: >>> Frame 001977
INFO: Player name: 'CLG ImMadness'
INFO: Weapon 2: 'MASTIFF'
INFO: 
INFO: >>> Frame 001978
INFO: Player name: 'CLG ImMadness'
INFO: Weapon 1: 'R-99'
INFO: Weapon 2: 'MASTIFF'
INFO: 
INFO: >>> Frame 001979
INFO: Player name: '/peeshCYA' -> 'peeshCYA'
INFO: Weapon 1: 'R-30)' -> 'R-301'
INFO: Weapon 2: 'EVA-8 AUTO'
INFO: 
INFO: >>> Frame 001980
INFO: Player name: 'peeshCYA'
INFO: Weapon 1: 'R-30)' -> 'R-301'
INFO: Weapon 2: 'EVA-8 AUTO'
INFO: 
INFO: >>> Frame 001981
INFO: Unknown player: ')S6TeG98' (best guess: '96TeQ96', 0.50)
INFO: 
INFO: >>> Frame 001982
INFO: Player name: 'bTe Q96' -> '96TeQ96'
INFO: Weapon 1: 'SPITFIRE'
INFO: Weapon 2: 'EV4-8 AUTO' -> 'EVA-8 AUTO'
INFO: 
INFO: >>> Frame 001983
INFO: Player name: 'peeshCYA'
INFO: Weapon 1: 'R-30)' -> 'R-301'
INFO: Weapon 2: 'EVA-8 AUTO'
INFO: 
INFO: >>> Frame 001984
INFO: Player name: '_peeshCYA' -> 'peeshCYA'
INFO: Weapon 1: 'R-30)' -> 'R-301'
INFO: Weapon 2: 'EVA-6 AUTO' -> 'EVA-8 AUTO'
INFO: 
INFO: >>> Frame 001985
INFO: Player name: '-peeshCYA' -> 'peeshCYA'
INFO: Weapon 1: 'R-301'
INFO: Weapon 2: 'EVA-8 AUTO'
INFO: 
INFO: >>> Frame 001986
INFO: Player name: '_peeshCYA' -> 'peeshCYA'
INFO: Weapon 1: 'R-301'
INFO: Weapon 2: 'EVA-8 AUTO'
INFO: 
INFO: >>> Frame 001987
INFO: Player name: 'peeshCYA'
INFO: Weapon 1: 'R-401' -> 'R-301'
INFO: Weapon 2: 'EVA-8 AUTO'
INFO: 
INFO: >>> Frame 001988
INFO: Player name: 'peeshCYA'
INFO: Weapon 1: 'R-301'
INFO: Weapon 2: 'EVA-6 AUTO' -> 'EVA-8 AUTO'
INFO: 
INFO: >>> Frame 001989
INFO: Player name: '_peeshCYA' -> 'peeshCYA'
INFO: Weapon 1: 'R-301'
INFO: Weapon 2: 'EVA-8 AUTO'
INFO: 
INFO: >>> Frame 001990
INFO: Player name: '_peeshCYA' -> 'peeshCYA'
INFO: Weapon 1: 'R-30)' -> 'R-301'
INFO: Weapon 2: 'EVA-6 AUTO' -> 'EVA-8 AUTO'
INFO: 
INFO: >>> Frame 001991
INFO: Player name: 'peeshCYA'
INFO: Weapon 1: 'R-401' -> 'R-301'
INFO: Weapon 2: 'EVA-8 AUTO'
INFO: 
INFO: >>> Frame 001992
INFO: Player name: 'peeshCYA'
INFO: Weapon 1: 'R-401' -> 'R-301'
INFO: Weapon 2: 'EVA-8 AUTO'
INFO: 
INFO: >>> Frame 001993
INFO: Player name: 'peeshCYA'
INFO: Weapon 1: 'R-301'
INFO: Weapon 2: 'EVA-6 AUTO' -> 'EVA-8 AUTO'
INFO: 
INFO: >>> Frame 001994
INFO: Player name: 'CLG ImMaitiness' -> 'CLG ImMadness'
INFO: Weapon 1: 'R-99'
INFO: Weapon 2: 'MASTIFF'
INFO: 
INFO: >>> Frame 001995
INFO: Player name: 'CLG ImMadness'
INFO: Weapon 1: 'R-99'
INFO: Weapon 2: 'MASTIFF'
INFO: 
INFO: >>> Frame 001996
INFO: Player name: 'CLG ImMadness'
INFO: Weapon 1: 'R-99'
INFO: Weapon 2: 'MASTIFF'
INFO: 
INFO: >>> Frame 001997
INFO: Player name: 'CLG ImMadness'
INFO: Weapon 1: 'R-99'
INFO: Weapon 2: 'MASTIFF'
INFO: 
INFO: >>> Frame 001998
INFO: Player name: 'CLG ImMadness'
INFO: Weapon 1: 'R-99'
INFO: Weapon 2: 'MASTIFF'
INFO: 
INFO: >>> Frame 001999
INFO: Player name: 'CLG ImMadness'
INFO: Weapon 1: 'R-39' -> 'R-99'
INFO: Weapon 2: 'MASTIFF'
INFO: 
INFO: >>> Frame 002000
INFO: Player name: 'CLG ImMadness'
INFO: Weapon 2: 'MASTIFF'
INFO: 
INFO: >>> Frame 002001
INFO: Player name: 'CLG ImMadness'
INFO: Weapon 1: 'R-99'
INFO: Weapon 2: 'MASTIFF'
INFO: 
INFO: >>> Frame 002002
INFO: Player name: 'CLG ImMadness'
INFO: Weapon 1: 'R-99'
INFO: Weapon 2: 'MASTIFF'
INFO: 
INFO: >>> Frame 002003
INFO: Player name: 'CLG ImMadness'
INFO: Weapon 2: 'MASTIFF'
INFO: 
INFO: >>> Frame 002004
INFO: Player name: 'CLG ImMadness.' -> 'CLG ImMadness'
INFO: Weapon 1: 'R-99'
INFO: Weapon 2: 'MASTIFF'
INFO: 
INFO: >>> Frame 002005
INFO: Player name: 'CLG ImMadness'
INFO: Weapon 1: 'R-99'
INFO: Weapon 2: 'MASTIFF'
INFO: 
INFO: >>> Frame 002006
INFO: Player name: 'Reps_TSM'
INFO: Weapon 1: 'MASTIFF'
INFO: Weapon 2: 'FLATLINE'
INFO: 
INFO: >>> Frame 002007
INFO: Player name: 'Reps_TSM'
INFO: Weapon 1: 'MASTIFF'
INFO: Weapon 2: 'FLATLINE'
INFO: 
INFO: >>> Frame 002008
INFO: Player name: 'Reps_TSM'
INFO: Weapon 1: 'MASTIFF'
INFO: Weapon 2: 'FLATLINE'
INFO: 
INFO: >>> Frame 002009
INFO: Player name: '_Reps_TSM' -> 'Reps_TSM'
INFO: Weapon 1: 'MASTIFF'
INFO: Weapon 2: 'FLATLINE'
INFO: 
INFO: >>> Frame 002010
INFO: Player name: 'Reps TSM' -> 'Reps_TSM'
INFO: Weapon 1: 'MASTIFF'
INFO: Weapon 2: 'FLATLINE'
INFO: 
INFO: >>> Frame 002011
INFO: Player name: '_Reps_TSM' -> 'Reps_TSM'
INFO: Weapon 1: 'MASTIFF'
INFO: Weapon 2: 'FLATLINE'
INFO: 
INFO: >>> Frame 002012
INFO: Player name: 'Reps_TSM'
INFO: Weapon 1: 'MASTIFF'
INFO: Weapon 2: 'FLATLINE'
INFO: 
INFO: >>> Frame 002013
INFO: Player name: 'Reps_TSM'
INFO: Weapon 1: 'MASTIFF'
INFO: Weapon 2: 'FLATLINE'
INFO: 
INFO: >>> Frame 002014
INFO: Player name: 'Reps_TSM'
INFO: Weapon 1: 'MASTIFF'
INFO: Weapon 2: 'FLATLINE'
INFO: 
INFO: >>> Frame 002015
INFO: Player name: '_Reps_TSM' -> 'Reps_TSM'
INFO: Weapon 1: 'MASTIFF'
INFO: Weapon 2: 'FLATLINE'
INFO: 
INFO: >>> Frame 002016
INFO: Player name: 'Reps_TSM'
INFO: Weapon 1: 'MASTIFF'
INFO: Weapon 2: 'FLATLINE'
INFO: 
INFO: >>> Frame 002017
INFO: 
INFO: >>> Frame 002018
INFO: Player name: 'Reps TSM' -> 'Reps_TSM'
INFO: Weapon 1: 'MASTIFF'
INFO: Weapon 2: 'FLATLINE'
INFO: 
INFO: >>> Frame 002019
INFO: Player name: 'Reps_TSM'
INFO: Weapon 1: 'MASTIFF'
INFO: Weapon 2: 'FLATLINE'
INFO: 
INFO: >>> Frame 002020
INFO: Player name: 'Reps_TSM'
INFO: Weapon 1: 'MASTIFF'
INFO: Weapon 2: 'LONGBOW'
INFO: 
INFO: >>> Frame 002021
INFO: Player name: 'Reps_TSM'
INFO: Weapon 1: 'MASTIFE' -> 'MASTIFF'
INFO: Weapon 2: 'LONGBOW'
INFO: 
INFO: >>> Frame 002022
INFO: Player name: 'Sripatdown EW' -> 'Snip3down_EW'
INFO: Weapon 2: 'FLATUINE' -> 'FLATLINE'
INFO: 
INFO: >>> Frame 002023
INFO: Player name: 'onip3down_EwW' -> 'Snip3down_EW'
INFO: Weapon 1: 'VOLT'
INFO: Weapon 2: 'FLATLINE.' -> 'FLATLINE'
INFO: 
INFO: >>> Frame 002024
INFO: Player name: 'onipsdown_EW' -> 'Snip3down_EW'
INFO: Weapon 1: 'VOLT'
INFO: Weapon 2: 'FLATLINE'
INFO: 
INFO: >>> Frame 002025
INFO: Player name: 'Snip3down EW' -> 'Snip3down_EW'
INFO: Weapon 1: 'VOLT'
INFO: Weapon 2: 'FLATLINE'
INFO: 
INFO: >>> Frame 002026
INFO: Player name: 'snipddown_EW' -> 'Snip3down_EW'
INFO: Weapon 1: 'VOLT'
INFO: Weapon 2: 'FLATLINE'
INFO: 
INFO: >>> Frame 002027
INFO: Player name: 'Snip3down EW' -> 'Snip3down_EW'
INFO: Weapon 1: 'VOLT'
INFO: Weapon 2: 'FLATLINE'
INFO: 
INFO: >>> Frame 002028
INFO: Player name: 'snipddown_EW' -> 'Snip3down_EW'
INFO: Weapon 1: 'VOLT'
INFO: Weapon 2: 'FLATLINE'
INFO: 
INFO: >>> Frame 002029
INFO: Can't find player name end icon
INFO: 
INFO: >>> Frame 002030
INFO: Can't find player name end icon
INFO: 
INFO: >>> Frame 002031
INFO: Can't find player name end icon
INFO: 
INFO: >>> Frame 002032
INFO: Can't find player name end icon
INFO: 
INFO: >>> Frame 002033
INFO: Player name: 'snipddown_EW' -> 'Snip3down_EW'
INFO: Weapon 1: 'VOLT'
INFO: Weapon 2: 'FLATLINE'
INFO: 
INFO: >>> Frame 002034
INFO: Player name: 'onipddown_EW' -> 'Snip3down_EW'
INFO: Weapon 1: 'VOLT'
INFO: Weapon 2: 'FLATLINE'
INFO: 
INFO: >>> Frame 002035
INFO: Player name: 'onipddawn_Ew' -> 'Snip3down_EW'
INFO: Weapon 1: 'VOLT'
INFO: Weapon 2: 'FLATLINE'
INFO: 
INFO: >>> Frame 002036
INFO: Player name: 'TSM_ImperialHal' -> 'TSM_ImperialHa1'
INFO: Weapon 1: 'SPITFIRE'
INFO: Weapon 2: 'MASTIFF'
INFO: 
INFO: >>> Frame 002037
INFO: Player name: 'TSM_ImperialHal' -> 'TSM_ImperialHa1'
INFO: Weapon 1: 'SPITFIRE'
INFO: Weapon 2: 'MASTIFF'
INFO: 
INFO: >>> Frame 002038
INFO: 
INFO: >>> Frame 002039
INFO: Player name: 'SEN_reun' -> 'SEN_retzi'
INFO: Weapon 1: 'FLATLINE'
INFO: Weapon 2: 'EVA-B AUTO' -> 'EVA-8 AUTO'
INFO: 
INFO: >>> Frame 002040
INFO: Player name: 'NRG Sweet Rank]' -> 'NRG_Sweet_Rank_1'
INFO: Weapon 1: 'HAVOC'
INFO: Weapon 2: 'EVA-8 AUTO'
INFO: 
INFO: >>> Frame 002041
INFO: Player name: 'NRG _Sweet_Rank_l' -> 'NRG_Sweet_Rank_1'
INFO: Weapon 1: 'HAVOC'
INFO: Weapon 2: 'EVA-8 AUTO'
INFO: 
INFO: >>> Frame 002042
INFO: Player name: 'NAG_Sweet_Rank]' -> 'NRG_Sweet_Rank_1'
INFO: Weapon 1: 'HAVOC'
INFO: Weapon 2: 'EVA-8 AUTO'
INFO: 
INFO: >>> Frame 002043
INFO: Player name: 'NRG Sweet Rank]' -> 'NRG_Sweet_Rank_1'
INFO: Weapon 1: 'HAVOC'
INFO: Weapon 2: 'EVA-B AUTO' -> 'EVA-8 AUTO'
INFO: 
INFO: >>> Frame 002044
INFO: Player name: 'NRG_Sweet_Rank_)' -> 'NRG_Sweet_Rank_1'
INFO: Weapon 1: 'HAVOC'
INFO: Weapon 2: 'EVA-8 AUTO'
INFO: 
INFO: >>> Frame 002045
INFO: 
INFO: >>> Frame 002046
INFO: Player name: 'NRG_nafen'
INFO: Weapon 1: 'HAVOC'
INFO: Weapon 2: 'EVA-3 AUTO' -> 'EVA-8 AUTO'
INFO: 
INFO: >>> Frame 002047
INFO: Player name: 'NRG_Sweet_Rank_}' -> 'NRG_Sweet_Rank_1'
INFO: Weapon 1: 'HAVOC'
INFO: Weapon 2: 'EVA-38 AUTO' -> 'EVA-8 AUTO'
INFO: 
INFO: >>> Frame 002048
INFO: Player name: '“NRG Sweet Rank]' -> 'NRG_Sweet_Rank_1'
INFO: Weapon 1: 'HAVOC'
INFO: Weapon 2: 'EVA-8 AUTO'
INFO: 
INFO: >>> Frame 002049
INFO: Player name: 'NRG _Sweet_Rank_}' -> 'NRG_Sweet_Rank_1'
INFO: Weapon 1: 'HAVOC'
INFO: Weapon 2: 'EVA-B AUTO' -> 'EVA-8 AUTO'
INFO: 
INFO: >>> Frame 002050
INFO: Player name: 'NAG _Sweet_Rank 1' -> 'NRG_Sweet_Rank_1'
INFO: Weapon 1: 'HAVOC'
INFO: Weapon 2: 'EVA-8 AUTO'
INFO: 
INFO: >>> Frame 002051
INFO: Player name: 'NRG_rocker'
INFO: Weapon 1: 'HAVOC'
INFO: Weapon 2: 'EVA-8 AUTO'
INFO: 
INFO: >>> Frame 002052
INFO: Player name: '_NRG_rocker' -> 'NRG_rocker'
INFO: Weapon 1: 'HAVOC'
INFO: Weapon 2: 'EVA-8 AUTO'
INFO: 
INFO: >>> Frame 002053
INFO: Player name: 'NRG_nafen'
INFO: Weapon 1: 'TRIPLE TAKE'
INFO: Weapon 2: 'EVA-8 AUTO'
INFO: 
INFO: >>> Frame 002054
INFO: Player name: 'NRG_nafen'
INFO: Weapon 1: 'TRIPLE TAKE'
INFO: Weapon 2: 'EVA-8 AUTO'
INFO: 
INFO: >>> Frame 002055
INFO: Player name: 'NRG_nafen'
INFO: Weapon 1: 'TRIPLE TAKE'
INFO: Weapon 2: 'EVA-6 AUTO' -> 'EVA-8 AUTO'
INFO: 
INFO: >>> Frame 002056
INFO: Player name: 'NRAG_nafen' -> 'NRG_nafen'
INFO: Weapon 1: 'TRIPLE TAKE'
INFO: Weapon 2: 'EVA-6 AUTO' -> 'EVA-8 AUTO'
INFO: 
INFO: >>> Frame 002057
INFO: Player name: 'NRG_nafen'
INFO: Weapon 1: 'TRIPLE TAKE'
INFO: Weapon 2: 'EVA-8 AUTO'
INFO: 
INFO: >>> Frame 002058
INFO: Player name: 'NRG_nafen'
INFO: Weapon 1: 'TRIPLE TAKE'
INFO: Weapon 2: 'EVA-8 AUTO'
INFO: 
INFO: >>> Frame 002059
INFO: Player name: 'NRG_nafen'
INFO: Weapon 1: 'TRIPLE TAKE'
INFO: Weapon 2: 'EVA-6 AUTO' -> 'EVA-8 AUTO'
INFO: 
INFO: >>> Frame 002060
INFO: Player name: 'NRG_nafen'
INFO: Weapon 1: 'TRIPLE TAKE'
INFO: Weapon 2: 'EVA-6 AUTO' -> 'EVA-8 AUTO'
INFO: 
INFO: >>> Frame 002061
INFO: Can't find player name end icon
INFO: 
INFO: >>> Frame 002062
INFO: Player name: 'CLG ImMadness'
INFO: 
INFO: >>> Frame 002063
INFO: Player name: 'CLG ImMadness'
INFO: 
INFO: >>> Frame 002064
INFO: Player name: 'CLG ImMadness'
INFO: 
INFO: >>> Frame 002065
INFO: Player name: 'CLG ImMadness'
INFO: 
INFO: >>> Frame 002066
INFO: Player name: 'CLG ImMadness'
INFO: 
INFO: >>> Frame 002067
INFO: Can't find player name end icon
INFO: 
INFO: >>> Frame 002068
INFO: Can't find player name end icon
INFO: 
INFO: >>> Frame 002069
INFO: Player name: '_ LiquidNocturnal' -> 'LiquidNocturnal'
INFO: Weapon 1: 'LONGBOW'
INFO: Weapon 2: 'MASTIFF'
INFO: 
INFO: >>> Frame 002070
INFO: Player name: '_ LiquidNocturnal' -> 'LiquidNocturnal'
INFO: Weapon 1: 'LONGBOW'
INFO: Weapon 2: 'MASTIFF'
INFO: 
INFO: >>> Frame 002071
INFO: Player name: '_ LiquidNocturnal' -> 'LiquidNocturnal'
INFO: Weapon 1: 'LONGBOW'
INFO: Weapon 2: 'MASTIFF'
INFO: 
INFO: >>> Frame 002072
INFO: Player name: '_ LiguidNocturnal' -> 'LiquidNocturnal'
INFO: Weapon 1: 'LONGBOW'
INFO: Weapon 2: 'MASTIFF'
INFO: 
INFO: >>> Frame 002073
INFO: Player name: '_LiguidNocturnal' -> 'LiquidNocturnal'
INFO: Weapon 1: 'LONGBOW'
INFO: Weapon 2: 'MASTIFF'
INFO: 
INFO: >>> Frame 002074
INFO: Player name: '_ LiguidNocturnal' -> 'LiquidNocturnal'
INFO: Weapon 1: 'LONGBOW'
INFO: Weapon 2: 'MASTIFF'
INFO: 
INFO: >>> Frame 002075
INFO: Player name: '_ LiquidNocturnal' -> 'LiquidNocturnal'
INFO: Weapon 1: 'LONGBOW'
INFO: Weapon 2: 'MASTIFF'
INFO: 
INFO: >>> Frame 002076
INFO: Player name: ', LiquidNocturnal' -> 'LiquidNocturnal'
INFO: Weapon 1: 'LONGBOW'
INFO: Weapon 2: 'MASTIFF'
INFO: 
INFO: >>> Frame 002077
INFO: Player name: '_ LiquidNocturnal' -> 'LiquidNocturnal'
INFO: Weapon 1: 'LONGBOW'
INFO: Weapon 2: 'MASTIFF'
INFO: 
INFO: >>> Frame 002078
INFO: Player name: '_LiguidNocturnal' -> 'LiquidNocturnal'
INFO: Weapon 1: 'LONGBOW'
INFO: Weapon 2: 'MASTIFF'
INFO: 
INFO: >>> Frame 002079
INFO: Player name: 'LiquidNocturnal'
INFO: Weapon 1: 'LONGBOW'
INFO: Weapon 2: 'MASTIFF'
INFO: 
INFO: >>> Frame 002080
INFO: Player name: '_LiguidNocturnal' -> 'LiquidNocturnal'
INFO: Weapon 1: 'LONGBOW'
INFO: Weapon 2: 'MASTIFF'
INFO: 
INFO: >>> Frame 002081
INFO: Player name: '_ LiquidNocturnal' -> 'LiquidNocturnal'
INFO: Weapon 1: 'LONGBOW'
INFO: Weapon 2: 'MASTIFF'
INFO: 
INFO: >>> Frame 002082
INFO: Can't find player name end icon
INFO: 
INFO: >>> Frame 002083
INFO: Can't find player name end icon
INFO: 
INFO: >>> Frame 002084
INFO: Player name: '“LiquidNocturnal' -> 'LiquidNocturnal'
INFO: Weapon 1: 'LONGBOW'
INFO: Weapon 2: 'MASTIFF'
INFO: 
INFO: >>> Frame 002085
INFO: Player name: '_ LiguidNocturnal' -> 'LiquidNocturnal'
INFO: Weapon 1: 'LONGBOW'
INFO: Weapon 2: 'MASTIFF'
INFO: 
INFO: >>> Frame 002086
INFO: Player name: '_ LiquidNocturnal' -> 'LiquidNocturnal'
INFO: Weapon 1: 'LONGBOW'
INFO: Weapon 2: 'MASTIFF'
INFO: 
INFO: >>> Frame 002087
INFO: Player name: '_ LiquidNocturnal' -> 'LiquidNocturnal'
INFO: Weapon 1: 'LONGBOW'
INFO: Weapon 2: 'MASTIFF'
INFO: 
INFO: >>> Frame 002088
INFO: Player name: 'Liquid Flanker'
INFO: Weapon 1: 'FLATLINE'
INFO: Weapon 2: 'R-89' -> 'R-99'
INFO: 
INFO: >>> Frame 002089
INFO: Player name: 'Liquid Flanker'
INFO: Weapon 1: 'FLATLINE'
INFO: Weapon 2: 'R-989' -> 'R-99'
INFO: 
INFO: >>> Frame 002090
INFO: Player name: 'Liquid Flanker'
INFO: Weapon 1: 'FLATLINE'
INFO: Weapon 2: 'R-99'
INFO: 
INFO: >>> Frame 002091
INFO: Player name: 'Liquid Flanker'
INFO: Weapon 1: 'FLATLINE'
INFO: Weapon 2: 'R-99'
INFO: 
INFO: >>> Frame 002092
INFO: Player name: 'Liquid Flanwer' -> 'Liquid Flanker'
INFO: Weapon 1: 'FLATLINE'
INFO: Weapon 2: 'R-99'
INFO: 
INFO: >>> Frame 002093
INFO: Player name: 'Liquid Flanker'
INFO: Weapon 1: 'FLATLINE'
INFO: Weapon 2: 'R-89' -> 'R-99'
INFO: 
INFO: >>> Frame 002094
INFO: Player name: 'Liquid Flanker'
INFO: Weapon 1: 'FLATLINE'
INFO: Weapon 2: 'R-99'
INFO: 
INFO: >>> Frame 002095
INFO: Player name: 'Liquid Flanker'
INFO: Weapon 1: 'FLATLINE'
INFO: Weapon 2: 'R-99'
INFO: 
INFO: >>> Frame 002096
INFO: Player name: 'Liquid Flanker'
INFO: Weapon 1: 'FLATLINE'
INFO: Weapon 2: 'R-99'
INFO: 
INFO: >>> Frame 002097
INFO: Player name: 'Liquid Flanker'
INFO: Weapon 1: 'FLATLINE'
INFO: Weapon 2: 'R-99'
INFO: 
INFO: >>> Frame 002098
INFO: Player name: 'Liquid Flanker'
INFO: Weapon 1: 'FLATLINE'
INFO: Weapon 2: 'R-389' -> 'R-301'
INFO: 
INFO: >>> Frame 002099
INFO: Player name: 'TSM Albralelia' -> 'TSM Albralelie'
INFO: Weapon 1: 'TRIPLE TAKE'
INFO: Weapon 2: 'R-99'
INFO: 
INFO: >>> Frame 002100
INFO: Player name: 'TSM Albralelia' -> 'TSM Albralelie'
INFO: Weapon 1: 'TRIPLE TAKE'
INFO: Weapon 2: 'R-99'
INFO: 
INFO: >>> Frame 002101
INFO: Player name: 'TSM Albralelie'
INFO: Weapon 1: 'TRIPLE TAKE'
INFO: Weapon 2: 'R-99'
INFO: 
INFO: >>> Frame 002102
INFO: Can't find player name end icon
INFO: 
INFO: >>> Frame 002103
INFO: Can't find player name end icon
INFO: 
INFO: >>> Frame 002104
INFO: Can't find player name end icon
INFO: 
INFO: >>> Frame 002105
INFO: Player name: 'TSM Albralelia' -> 'TSM Albralelie'
INFO: 
INFO: >>> Frame 002106
INFO: Player name: 'TSM Albralelie'
INFO: Weapon 1: 'TRIPLE TAKE'
INFO: Weapon 2: 'R-99'
INFO: 
INFO: >>> Frame 002107
INFO: Player name: 'TSM Albralalie' -> 'TSM Albralelie'
INFO: Weapon 1: 'TRIPLE TAKE'
INFO: Weapon 2: 'R-99'
INFO: 
INFO: >>> Frame 002108
INFO: Player name: 'TSM Albralelip' -> 'TSM Albralelie'
INFO: Weapon 1: 'TRIPLE TAKE'
INFO: Weapon 2: 'R-99'
INFO: 
INFO: >>> Frame 002109
INFO: Player name: 'TSM Albralelis' -> 'TSM Albralelie'
INFO: Weapon 1: 'TRIPLE TAKE'
INFO: Weapon 2: 'R-9¢9' -> 'R-99'
INFO: 
INFO: >>> Frame 002110
INFO: Player name: 'TSM Albralelie'
INFO: Weapon 1: 'TRIPLE TAKE'
INFO: Weapon 2: 'R-99'
INFO: 
INFO: >>> Frame 002111
INFO: Player name: 'TSM Albralelia' -> 'TSM Albralelie'
INFO: Weapon 1: 'TRIPLE TAKE'
INFO: Weapon 2: 'R-99'
INFO: 
INFO: >>> Frame 002112
INFO: Player name: 'TSM Albralelis' -> 'TSM Albralelie'
INFO: Weapon 1: 'TRIPLE TAKE'
INFO: Weapon 2: 'R-99'
INFO: 
INFO: >>> Frame 002113
INFO: Player name: 'TSM Albralelie'
INFO: Weapon 1: 'TRIPLE TAKE'
INFO: Weapon 2: 'R-99'
INFO: 
INFO: >>> Frame 002114
INFO: Player name: 'TSM Albralelie'
INFO: Weapon 1: 'TRIPLE TAKE'
INFO: Weapon 2: 'R-99'
INFO: 
INFO: >>> Frame 002115
INFO: Player name: 'TSM Albralelie'
INFO: Weapon 1: 'TRIPLE TAKE'
INFO: Weapon 2: 'R-99'
INFO: 
INFO: >>> Frame 002116
INFO: Player name: 'Liquid’ Flanker' -> 'Liquid Flanker'
INFO: Weapon 1: 'FLATLINE'
INFO: Weapon 2: 'R-99.' -> 'R-99'
INFO: 
INFO: >>> Frame 002117
INFO: Can't find player name end icon
INFO: 
INFO: >>> Frame 002118
INFO: Can't find player name end icon
INFO: 
INFO: >>> Frame 002119
INFO: Can't find player name end icon
INFO: 
INFO: >>> Frame 002120
INFO: Player name: '_ LiquidNocturnal' -> 'LiquidNocturnal'
INFO: Weapon 1: 'LONGBOW'
INFO: Weapon 2: 'MASTIFF'
INFO: 
INFO: >>> Frame 002121
INFO: Player name: '_LiquidNocturnal' -> 'LiquidNocturnal'
INFO: Weapon 1: 'LONGBOW'
INFO: Weapon 2: 'MASTIFF'
INFO: 
INFO: >>> Frame 002122
INFO: Player name: '_ LiguidNocturnal' -> 'LiquidNocturnal'
INFO: Weapon 1: 'LONGBOW'
INFO: Weapon 2: 'MASTIFF'
INFO: 
INFO: >>> Frame 002123
INFO: Player name: 'LiquidNocturnal'
INFO: Weapon 1: 'LONGBOW'
INFO: Weapon 2: 'MASTIFF'
INFO: 
INFO: >>> Frame 002124
INFO: Player name: 'LiquidNocturnal'
INFO: Weapon 1: 'LONGBOW'
INFO: Weapon 2: 'MASTIFF'
INFO: 
INFO: >>> Frame 002125
INFO: Player name: '_ LiquidNocturnal' -> 'LiquidNocturnal'
INFO: Weapon 1: 'LONGBOW'
INFO: Weapon 2: 'MASTIFF'
INFO: 
INFO: >>> Frame 002126
INFO: Player name: '_ LiquidNocturnal' -> 'LiquidNocturnal'
INFO: Weapon 1: 'LONGBOW'
INFO: Weapon 2: 'MASTIFF'
INFO: 
INFO: >>> Frame 002127
INFO: Player name: '_ LiquidNecturnal' -> 'LiquidNocturnal'
INFO: Weapon 1: 'LONGBOW'
INFO: Weapon 2: 'MASTIFF'
INFO: 
INFO: >>> Frame 002128
INFO: Player name: '_ LiquidNocturnal' -> 'LiquidNocturnal'
INFO: Weapon 1: 'LONGBOW'
INFO: Weapon 2: 'MASTIFF'
INFO: 
INFO: >>> Frame 002129
INFO: Player name: 'SEN retzi' -> 'SEN_retzi'
INFO: Weapon 1: 'FLATLINE'
INFO: Weapon 2: 'EVA-B AUTO' -> 'EVA-8 AUTO'
INFO: 
INFO: >>> Frame 002130
INFO: Player name: 'SEN retzi' -> 'SEN_retzi'
INFO: Weapon 1: 'FLATLINE'
INFO: Weapon 2: 'EVA-B AUTO' -> 'EVA-8 AUTO'
INFO: 
INFO: >>> Frame 002131
INFO: Player name: 'SEN _retzi' -> 'SEN_retzi'
INFO: Weapon 1: 'FLATLINE'
INFO: Weapon 2: 'EVA-8 AUTO'
INFO: 
INFO: >>> Frame 002132
INFO: Player name: 'SEN retzi' -> 'SEN_retzi'
INFO: Weapon 1: 'FLATLINE'
INFO: Weapon 2: 'EVA-38 AUTO' -> 'EVA-8 AUTO'
INFO: 
INFO: >>> Frame 002133
INFO: Player name: 'SEN retzi' -> 'SEN_retzi'
INFO: Weapon 1: 'FLATLINE'
INFO: Weapon 2: 'EVA-3 AUTO' -> 'EVA-8 AUTO'
INFO: 
INFO: >>> Frame 002134
INFO: Player name: 'SEN retzi' -> 'SEN_retzi'
INFO: Weapon 1: 'FLATLINE'
INFO: Weapon 2: 'EVA-38 AUTO' -> 'EVA-8 AUTO'
INFO: 
INFO: >>> Frame 002135
INFO: Player name: 'SEN _retzi' -> 'SEN_retzi'
INFO: Weapon 1: 'FLATLINE'
INFO: Weapon 2: 'EVA-38 AUTO' -> 'EVA-8 AUTO'
INFO: 
INFO: >>> Frame 002136
INFO: Player name: 'SEN retzi' -> 'SEN_retzi'
INFO: Weapon 1: 'FLATLINE'
INFO: Weapon 2: 'EVA-38 AUTO' -> 'EVA-8 AUTO'
INFO: 
INFO: >>> Frame 002137
INFO: Player name: 'SEN _retzi' -> 'SEN_retzi'
INFO: Weapon 1: 'FLATLINE'
INFO: Weapon 2: 'EVA-38 AUTO' -> 'EVA-8 AUTO'
INFO: 
INFO: >>> Frame 002138
INFO: Player name: 'SEN retzi' -> 'SEN_retzi'
INFO: Weapon 1: 'FLATLINE'
INFO: Weapon 2: 'EVA-8 AUTO'
INFO: 
INFO: >>> Frame 002139
INFO: Player name: 'SEN _retzi' -> 'SEN_retzi'
INFO: Weapon 1: 'FLATLINE'
INFO: Weapon 2: 'EVA-8 AUTO'
INFO: 
INFO: >>> Frame 002140
INFO: Player name: 'SEN _retzi' -> 'SEN_retzi'
INFO: Weapon 1: 'FLATLINE'
INFO: Weapon 2: 'EVA-8 AUTO'
INFO: 
INFO: >>> Frame 002141
INFO: Player name: 'SEN retzi' -> 'SEN_retzi'
INFO: Weapon 1: 'FLATLINE'
INFO: Weapon 2: 'EVA-3 AUTO' -> 'EVA-8 AUTO'
INFO: 
INFO: >>> Frame 002142
INFO: Player name: 'SEN _retzi' -> 'SEN_retzi'
INFO: Weapon 1: 'FLATLINE'
INFO: Weapon 2: 'EVA-8 AUTO'
INFO: 
INFO: >>> Frame 002143
INFO: Player name: 'FP_CUBSKi'
INFO: Weapon 1: 'R-301'
INFO: Weapon 2: 'MASTIFF'
INFO: 
INFO: >>> Frame 002144
INFO: Player name: 'FP_CUBSKi'
INFO: Weapon 1: 'R-301'
INFO: Weapon 2: 'MASTIFF'
INFO: 
INFO: >>> Frame 002145
INFO: Unknown player: 'SBTeO9B' (best guess: '96TeQ96', 0.57)
INFO: 
INFO: >>> Frame 002146
INFO: Player name: 'SbTeO96' -> '96TeQ96'
INFO: Weapon 1: 'EVA-8 AUTO'
INFO: Weapon 2: 'G7 SCOUT'
INFO: 
INFO: >>> Frame 002147
INFO: Player name: 'ABTeO96' -> '96TeQ96'
INFO: Weapon 1: 'EVA-8 AUTO'
INFO: Weapon 2: 'G7 SCOUT'
INFO: 
INFO: >>> Frame 002148
INFO: Unknown player: 'ASBTeOS6' (best guess: '96TeQ96', 0.62)
INFO: 
INFO: >>> Frame 002149
INFO: Unknown player: 'B8TeOS6' (best guess: '96TeQ96', 0.57)
INFO: 
INFO: >>> Frame 002150
INFO: Player name: 'NAG rocker' -> 'NRG_rocker'
INFO: Weapon 1: 'A-30)' -> 'R-301'
INFO: Weapon 2: 'MASTIFF'
INFO: 
INFO: >>> Frame 002151
INFO: Player name: '_NRG_rocker' -> 'NRG_rocker'
INFO: Weapon 1: 'R-301'
INFO: Weapon 2: 'MASTIFF'
INFO: 
INFO: >>> Frame 002152
INFO: Player name: 'NRG _rocker' -> 'NRG_rocker'
INFO: Weapon 1: 'R-301'
INFO: Weapon 2: 'MASTIFF'
INFO: 
INFO: >>> Frame 002153
INFO: Player name: 'NRG Sweet Rank)' -> 'NRG_Sweet_Rank_1'
INFO: Weapon 1: 'HAVOC'
INFO: Weapon 2: 'EVA-8 AUTO'
INFO: 
INFO: >>> Frame 002154
INFO: Player name: 'NAG _Sweet_Rank_]' -> 'NRG_Sweet_Rank_1'
INFO: Weapon 1: 'HAVOC'
INFO: Weapon 2: 'EVA-6 AUTO' -> 'EVA-8 AUTO'
INFO: 
INFO: >>> Frame 002155
INFO: Player name: 'NRG_Sweet_Rank 1}' -> 'NRG_Sweet_Rank_1'
INFO: Weapon 1: 'HAVOC'
INFO: Weapon 2: 'EVA-8 AUTO'
INFO: 
INFO: >>> Frame 002156
INFO: Player name: 'NRG _Sweet_Rank_]' -> 'NRG_Sweet_Rank_1'
INFO: Weapon 1: 'HAVOC'
INFO: Weapon 2: 'EVA-8 AUTO'
INFO: 
INFO: >>> Frame 002157
INFO: Player name: '_SEN_crust' -> 'SEN_crust'
INFO: Weapon 1: 'R-401' -> 'R-301'
INFO: Weapon 2: 'MASTIFF'
INFO: 
INFO: >>> Frame 002158
INFO: Player name: '_ SEN_crust' -> 'SEN_crust'
INFO: Weapon 1: 'R-301'
INFO: Weapon 2: 'MASTIFF'
INFO: 
INFO: >>> Frame 002159
INFO: Player name: 'SEN_crust'
INFO: Weapon 1: 'R-301'
INFO: Weapon 2: 'MASTIFF'
INFO: 
INFO: >>> Frame 002160
INFO: Player name: ', SEN_crust' -> 'SEN_crust'
INFO: Weapon 1: 'R-301'
INFO: Weapon 2: 'MASTIFF'
INFO: 
INFO: >>> Frame 002161
INFO: Can't find player name end icon
INFO: 
INFO: >>> Frame 002162
INFO: Can't find player name end icon
INFO: 
INFO: >>> Frame 002163
INFO: Can't find player name end icon
INFO: 
INFO: >>> Frame 002164
INFO: Can't find player name end icon
INFO: 
INFO: >>> Frame 002165
INFO: Player name: 'NRG_rocker'
INFO: Weapon 1: 'TRIPLE TAKE'
INFO: Weapon 2: 'EVA-B AUTO' -> 'EVA-8 AUTO'
INFO: 
INFO: >>> Frame 002166
INFO: Player name: '_NRG_rocker' -> 'NRG_rocker'
INFO: Weapon 1: 'R-301'
INFO: Weapon 2: 'MASTIFF'
INFO: 
INFO: >>> Frame 002167
INFO: Player name: 'NRG_rocker'
INFO: Weapon 1: 'R-301'
INFO: Weapon 2: 'MASTIFF'
INFO: 
INFO: >>> Frame 002168
INFO: Player name: '_NRG_rocker' -> 'NRG_rocker'
INFO: Weapon 1: 'R-301'
INFO: Weapon 2: 'MASTIFF'
INFO: 
INFO: >>> Frame 002169
INFO: Player name: 'NAG _Sweet_Rank_]' -> 'NRG_Sweet_Rank_1'
INFO: Weapon 1: 'HAYOC' -> 'HAVOC'
INFO: Weapon 2: 'EVA-8 AUTO'
INFO: 
INFO: >>> Frame 002170
INFO: Player name: 'NRG_Sweet_Rank1' -> 'NRG_Sweet_Rank_1'
INFO: Weapon 1: 'HAVOC'
INFO: Weapon 2: 'EVA-8 AUTO'
INFO: 
INFO: >>> Frame 002171
INFO: Player name: 'NRG _Sweet_Rank_l' -> 'NRG_Sweet_Rank_1'
INFO: Weapon 1: 'HAVOC'
INFO: Weapon 2: 'EVA-6 AUTO' -> 'EVA-8 AUTO'
INFO: 
INFO: >>> Frame 002172
INFO: Can't find player name end icon
INFO: 
INFO: >>> Frame 002173
INFO: Can't find player name end icon
INFO: 
INFO: >>> Frame 002174
INFO: Player name: 'SF _zachmazer' -> 'sF_zachmazer'
INFO: Weapon 1: 'EVA-8 AUTO'
INFO: Weapon 2: 'oPITFIRE' -> 'SPITFIRE'
INFO: 
INFO: >>> Frame 002175
INFO: Player name: 'SF _zachmazer' -> 'sF_zachmazer'
INFO: Weapon 1: 'EVA-8 AUTO'
INFO: Weapon 2: 'SPITFIRE'
INFO: 
INFO: >>> Frame 002176
INFO: Player name: 'sF_zachmazer'
INFO: Weapon 1: 'EVA-8 AUTO'
INFO: Weapon 2: 'SPITFIRE'
INFO: 
INFO: >>> Frame 002177
INFO: Player name: 'sF_zachmazer'
INFO: Weapon 1: 'EVA-8 AUTO'
INFO: Weapon 2: 'SPITFIRE'
INFO: 
INFO: >>> Frame 002178
INFO: Player name: 'sF_zachmazer'
INFO: Weapon 1: 'EVA-8 AUTO'
INFO: Weapon 2: 'SPITFIRE'
INFO: 
INFO: >>> Frame 002179
INFO: Player name: 'sF zachmazer' -> 'sF_zachmazer'
INFO: Weapon 1: 'EVA-8 AUTO'
INFO: Weapon 2: 'SPITFIRE'
INFO: 
INFO: >>> Frame 002180
INFO: Player name: 'sF_zachmazer'
INFO: Weapon 1: 'EVA-8 AUTO'
INFO: Weapon 2: 'SPITFIRE'
INFO: 
INFO: >>> Frame 002181
INFO: Unknown player: ' ' (best guess: 'CLT Pride', 0.89)
INFO: 
INFO: >>> Frame 002182
INFO: Player name: 'is zachmazer' -> 'sF_zachmazer'
INFO: Weapon 1: 'EVA-8 AUTO'
INFO: Weapon 2: 'SPITFIRE'
INFO: 
INFO: >>> Frame 002183
INFO: Player name: 'SF zachmazer' -> 'sF_zachmazer'
INFO: Weapon 1: 'EVA-9 AUTO' -> 'EVA-8 AUTO'
INFO: Weapon 2: 'SPITFIRE'
INFO: 
INFO: >>> Frame 002184
INFO: Player name: 'SF _zachmazer' -> 'sF_zachmazer'
INFO: Weapon 1: 'EVA-B AUTO' -> 'EVA-8 AUTO'
INFO: Weapon 2: 'SPITFIRE'
INFO: 
INFO: >>> Frame 002185
INFO: Player name: 'sF_zachmazer'
INFO: Weapon 1: 'EVA-8 AUTO'
INFO: Weapon 2: 'SPITFIRE'
INFO: 
INFO: >>> Frame 002186
INFO: Player name: 'knoqd'
INFO: Weapon 1: 'SENTINEL'
INFO: Weapon 2: 'VOLT'
INFO: 
INFO: >>> Frame 002187
INFO: Player name: 'StayNaughty'
INFO: Weapon 1: 'EVA-8 AUTO'
INFO: Weapon 2: 'G7.SCOUT' -> 'G7 SCOUT'
INFO: 
INFO: >>> Frame 002188
INFO: Player name: 'StayNaughty'
INFO: Weapon 1: 'EVA-8 AUTO'
INFO: Weapon 2: 'G7 SCOUT'
INFO: 
INFO: >>> Frame 002189
INFO: Player name: 'stayNaughty' -> 'StayNaughty'
INFO: Weapon 1: 'EVA-8 AUTO'
INFO: Weapon 2: 'G7 SCOUT.' -> 'G7 SCOUT'
INFO: 
INFO: >>> Frame 002190
INFO: Player name: 'StayNaughty'
INFO: Weapon 1: 'EVA-8 AUTO'
INFO: Weapon 2: 'G7 SCOUT'
INFO: 
INFO: >>> Frame 002191
INFO: Player name: 'StayNaughty'
INFO: Weapon 1: 'EVA-8 AUTO'
INFO: Weapon 2: 'G7 SCOUT'
INFO: 
INFO: >>> Frame 002192
INFO: Player name: 'otayNaughty' -> 'StayNaughty'
INFO: Weapon 1: 'EVA-8 AUTO'
INFO: Weapon 2: 'G7 SCOUT'
INFO: 
INFO: >>> Frame 002193
INFO: Player name: 'otayNaughty' -> 'StayNaughty'
INFO: Weapon 1: 'EVA-8 AUTO'
INFO: Weapon 2: 'G? SCOUT' -> 'G7 SCOUT'
INFO: 
INFO: >>> Frame 002194
INFO: Player name: 'sF_zachmazer'
INFO: Weapon 1: 'EVA-8 AUTO'
INFO: Weapon 2: 'SPITFIRE'
INFO: 
INFO: >>> Frame 002195
INFO: Player name: 'sF zachmazer' -> 'sF_zachmazer'
INFO: Weapon 1: 'EVA-8 AUTO'
INFO: Weapon 2: 'SPITFIRE'
INFO: 
INFO: >>> Frame 002196
INFO: Player name: 'knogd' -> 'knoqd'
INFO: Weapon 1: 'SENTINEL'
INFO: Weapon 2: 'VOLT'
INFO: 
INFO: >>> Frame 002197
INFO: Can't find player name end icon
INFO: 
INFO: >>> Frame 002198
INFO: Can't find player name end icon
INFO: 
INFO: >>> Frame 002199
INFO: Can't find player name end icon
INFO: 
INFO: >>> Frame 002200
INFO: Player name: 'Rakkinishu'
INFO: 
INFO: >>> Frame 002201
INFO: Player name: 'Rakkinishu'
INFO: 
INFO: >>> Frame 002202
INFO: Player name: 'Rakkinishu'
INFO: 
INFO: >>> Frame 002203
INFO: Player name: 'Rakkinishu'
INFO: 
INFO: >>> Frame 002204
INFO: Player name: 'Rakkinishu'
INFO: Weapon 1: 'R-99'
INFO: Weapon 2: 'TRIPLE TAKE'
INFO: 
INFO: >>> Frame 002205
INFO: Player name: 'Rakkinishu'
INFO: Weapon 2: 'TRIPLE TAKE'
INFO: 
INFO: >>> Frame 002206
INFO: Player name: 'Rakkinishu'
INFO: Weapon 2: 'TRIPLE TAKE'
INFO: 
INFO: >>> Frame 002207
INFO: Player name: 'Rakkinishu'
INFO: Weapon 1: 'R-99'
INFO: Weapon 2: 'TRIPLE TAKE'
INFO: 
INFO: >>> Frame 002208
INFO: Player name: 'Rakkinishu'
INFO: Weapon 2: 'TRIPLE TAKE'
INFO: 
INFO: >>> Frame 002209
INFO: Player name: 'Rakkinishu'
INFO: Weapon 2: 'TRIPLE TAKE'
INFO: 
INFO: >>> Frame 002210
INFO: Player name: 'Rakkinishu'
INFO: Weapon 2: 'TRIPLE TAKE'
INFO: 
INFO: >>> Frame 002211
INFO: Player name: 'Rakkinishu'
INFO: Weapon 2: 'TRIPLE TAKE'
INFO: 
INFO: >>> Frame 002212
INFO: Player name: 'Rakkinishu'
INFO: Weapon 2: 'TRIPLE TAKE'
INFO: 
INFO: >>> Frame 002213
INFO: Player name: 'Rakkinishu'
INFO: Weapon 2: 'TRIPLE TAKE'
INFO: 
INFO: >>> Frame 002214
INFO: Can't find player name end icon
INFO: 
INFO: >>> Frame 002215
INFO: Can't find player name end icon
INFO: 
INFO: >>> Frame 002216
INFO: Can't find player name end icon
INFO: 
INFO: >>> Frame 002217
INFO: Can't find player name end icon
INFO: 
INFO: >>> Frame 002218
INFO: Player name: 'Rakkinishu'
INFO: Weapon 1: 'R-99'
INFO: Weapon 2: '‘TRIPLE TAKE' -> 'TRIPLE TAKE'
INFO: 
INFO: >>> Frame 002219
INFO: Player name: 'Rakkinishu'
INFO: Weapon 1: 'R-99'
INFO: Weapon 2: 'TRIPLE TAKE'
INFO: 
INFO: >>> Frame 002220
INFO: Player name: 'Rakkinishu'
INFO: Weapon 1: 'R-99'
INFO: Weapon 2: 'TRIPLE TAKE'
INFO: 
INFO: >>> Frame 002221
INFO: Can't find player name end icon
INFO: 
INFO: >>> Frame 002222
INFO: Can't find player name end icon
INFO: 
INFO: >>> Frame 002223
INFO: Can't find player name end icon
INFO: 
INFO: >>> Frame 002224
INFO: Can't find player name end icon
INFO: 
INFO: >>> Frame 002225
INFO: Can't find player name end icon
INFO: 
INFO: >>> Frame 002226
INFO: Can't find player name end icon
INFO: 
INFO: >>> Frame 002227
INFO: Can't find player name end icon
INFO: 
INFO: >>> Frame 002228
INFO: Can't find player name end icon
INFO: 
INFO: >>> Frame 002229
INFO: Player name: 'Zeroplus'
INFO: Weapon 1: 'R-99'
INFO: Weapon 2: 'EVA-8 AUTO'
INFO: 
INFO: >>> Frame 002230
INFO: Player name: 'Zeroplus'
INFO: Weapon 1: 'R-99'
INFO: Weapon 2: 'EVA-38 AUTO' -> 'EVA-8 AUTO'
INFO: 
INFO: >>> Frame 002231
INFO: Player name: 'Zeroplus'
INFO: Weapon 1: 'R-99'
INFO: Weapon 2: 'EVA-B AUTO' -> 'EVA-8 AUTO'
INFO: 
INFO: >>> Frame 002232
INFO: Player name: 'Zeroplus'
INFO: Weapon 2: 'EVA-B AUTO' -> 'EVA-8 AUTO'
INFO: 
INFO: >>> Frame 002233
INFO: Player name: 'TSM_ImperialHal' -> 'TSM_ImperialHa1'
INFO: Weapon 1: 'SPITFIRE'
INFO: Weapon 2: 'MASTIFF'
INFO: 
INFO: >>> Frame 002234
INFO: Player name: 'TSM_ImperialHal' -> 'TSM_ImperialHa1'
INFO: Weapon 1: 'SPITFIRE'
INFO: Weapon 2: 'MASTIFF'
INFO: 
INFO: >>> Frame 002235
INFO: Player name: 'TSM_ImperialHal' -> 'TSM_ImperialHa1'
INFO: Weapon 1: 'SPITFIRE'
INFO: Weapon 2: 'MASTIFF'
INFO: 
INFO: >>> Frame 002236
INFO: Player name: 'TSM _ImperialHal' -> 'TSM_ImperialHa1'
INFO: Weapon 1: 'SPITFIRE'
INFO: Weapon 2: 'MASTIFF'
INFO: 
INFO: >>> Frame 002237
INFO: Player name: 'TSM_ImperialHal' -> 'TSM_ImperialHa1'
INFO: Weapon 1: 'SPITFIRE'
INFO: Weapon 2: 'MASTIFF'
INFO: 
INFO: >>> Frame 002238
INFO: Can't find player name end icon
INFO: 
INFO: >>> Frame 002239
INFO: Can't find player name end icon
INFO: 
INFO: >>> Frame 002240
INFO: Can't find player name end icon
INFO: 
INFO: >>> Frame 002241
INFO: Player name: 'TSM_ImperialtHal' -> 'TSM_ImperialHa1'
INFO: Weapon 1: 'SPITFIRE'
INFO: Weapon 2: 'MASTIFF'
INFO: 
INFO: >>> Frame 002242
INFO: Player name: 'TSM_ImperialHal' -> 'TSM_ImperialHa1'
INFO: Weapon 1: '‘SPITFIRE' -> 'SPITFIRE'
INFO: Weapon 2: 'MASTIFF'
INFO: 
INFO: >>> Frame 002243
INFO: Player name: 'TSM _ImperiatHal' -> 'TSM_ImperialHa1'
INFO: Weapon 1: 'SPITFIRE'
INFO: Weapon 2: 'MASTIFF'
INFO: 
INFO: >>> Frame 002244
INFO: Player name: 'TSM _ImperialHal' -> 'TSM_ImperialHa1'
INFO: Weapon 1: 'SPITFIRE'
INFO: Weapon 2: 'MASTIFF'
INFO: 
INFO: >>> Frame 002245
INFO: Player name: '\\TSM_ImperialHal' -> 'TSM_ImperialHa1'
INFO: Weapon 1: 'SPITFIRE'
INFO: Weapon 2: 'MASTIFF'
INFO: 
INFO: >>> Frame 002246
INFO: Player name: 'TSM ImperialHal' -> 'TSM_ImperialHa1'
INFO: Weapon 1: 'SPITFIRE'
INFO: Weapon 2: 'MASTIFF'
INFO: 
INFO: >>> Frame 002247
INFO: Player name: 'TSM ImperialHal' -> 'TSM_ImperialHa1'
INFO: Weapon 1: 'SPITFIRE'
INFO: Weapon 2: 'MASTIFF'
INFO: 
INFO: >>> Frame 002248
INFO: Player name: '| StayNa ughty' -> 'StayNaughty'
INFO: Weapon 1: 'EVA-8 AUTO'
INFO: Weapon 2: 'G7? SCOUT' -> 'G7 SCOUT'
INFO: 
INFO: >>> Frame 002249
INFO: Player name: '" StayNaughty' -> 'StayNaughty'
INFO: Weapon 1: 'EVA-8 AUTO'
INFO: Weapon 2: 'G7? SCOUT' -> 'G7 SCOUT'
INFO: 
INFO: >>> Frame 002250
INFO: Player name: 'StayNaughty'
INFO: Weapon 1: 'EVA-8 AUTO'
INFO: Weapon 2: 'G7 SCOUT'
INFO: 
INFO: >>> Frame 002251
INFO: Player name: 'otayNaughty' -> 'StayNaughty'
INFO: Weapon 1: 'EVA-8 AUTO'
INFO: Weapon 2: 'G7 SCOUT'
INFO: 
INFO: >>> Frame 002252
INFO: Player name: 'StayNaughty'
INFO: Weapon 1: 'EVA-8 AUTO'
INFO: Weapon 2: 'G7 SCOUT'
INFO: 
INFO: >>> Frame 002253
INFO: Player name: 'sF_zachmazer'
INFO: Weapon 1: 'EVA-8 AUTO'
INFO: Weapon 2: 'SPITFIRE'
INFO: 
INFO: >>> Frame 002254
INFO: Player name: 'sF _zachmazer' -> 'sF_zachmazer'
INFO: Weapon 1: 'EVA-8 AUTO'
INFO: Weapon 2: 'SPITFIRE'
INFO: 
INFO: >>> Frame 002255
INFO: Player name: 'sF zachmazer' -> 'sF_zachmazer'
INFO: Weapon 1: 'EVA-8 AUTO'
INFO: Weapon 2: 'SPITFIRE'
INFO: 
INFO: >>> Frame 002256
INFO: Player name: 'sF_zachmazer'
INFO: Weapon 1: 'EVA-8 AUTO'
INFO: Weapon 2: 'SPITFIRE ©' -> 'SPITFIRE'
INFO: 
INFO: >>> Frame 002257
INFO: Player name: 'sF zachmazer' -> 'sF_zachmazer'
INFO: Weapon 1: 'EVA-3 AUTO' -> 'EVA-8 AUTO'
INFO: Weapon 2: 'SPITFIRE'
INFO: 
INFO: >>> Frame 002258
INFO: Player name: 'sF_zachmazer'
INFO: Weapon 1: 'EVA-8 AUTO'
INFO: Weapon 2: 'SPITFIRE'
INFO: 
INFO: >>> Frame 002259
INFO: Player name: 'sF zachmazer' -> 'sF_zachmazer'
INFO: Weapon 1: 'EVA-8 AUTC' -> 'EVA-8 AUTO'
INFO: Weapon 2: 'SPITFIRE'
INFO: 
INFO: >>> Frame 002260
INFO: Player name: 'sF zachmazer' -> 'sF_zachmazer'
INFO: Weapon 1: 'EVA-8 AUTO'
INFO: Weapon 2: 'SPITFIRE'
INFO: 
INFO: >>> Frame 002261
INFO: Player name: 'SF _zachmazer' -> 'sF_zachmazer'
INFO: Weapon 1: 'EVA-3 AUTO' -> 'EVA-8 AUTO'
INFO: Weapon 2: 'SPITFIRE'
INFO: 
INFO: >>> Frame 002262
INFO: Player name: 'sF_zachmazer'
INFO: Weapon 1: 'EVA-8 AUTO'
INFO: Weapon 2: 'SPITFIRE'
INFO: 
INFO: >>> Frame 002263
INFO: Player name: 'sF_zachmazer'
INFO: Weapon 1: 'EVA-8 AUTO'
INFO: Weapon 2: 'SPITFIRE'
INFO: 
INFO: >>> Frame 002264
INFO: Player name: ' knogd' -> 'knoqd'
INFO: Weapon 1: '‘SENTINEL' -> 'SENTINEL'
INFO: Weapon 2: 'VOLT'
INFO: 
INFO: >>> Frame 002265
INFO: Player name: 'StayNaughty'
INFO: Weapon 1: 'EVA-8 AUTO'
INFO: Weapon 2: 'G7 SCOUT'
INFO: 
INFO: >>> Frame 002266
INFO: Can't find player name end icon
INFO: 
INFO: >>> Frame 002267
INFO: Can't find player name end icon
INFO: 
INFO: >>> Frame 002268
INFO: Can't find player name end icon
INFO: 
INFO: >>> Frame 002269
INFO: Can't find player name end icon
INFO: 
INFO: >>> Frame 002270
INFO: Can't find player name end icon
INFO: 
INFO: >>> Frame 002271
INFO: Can't find player name end icon
INFO: 
INFO: >>> Frame 002272
INFO: Can't find player name end icon
INFO: 
INFO: >>> Frame 002273
INFO: Can't find player name end icon
INFO: 
INFO: >>> Frame 002274
INFO: Can't find player name end icon
INFO: 
INFO: >>> Frame 002275
INFO: Player name: 'ooG_Frexs' -> 'SSG_Frexs'
INFO: Weapon 1: 'TRIPLE TAKE'
INFO: Weapon 2: 'FLATLINE'
INFO: 
INFO: >>> Frame 002276
INFO: Player name: 'SSG_Frexs'
INFO: Weapon 1: 'TRIPLE TAKE'
INFO: Weapon 2: 'FLATLINE'
INFO: 
INFO: >>> Frame 002277
INFO: Player name: 'ooG_Frexs' -> 'SSG_Frexs'
INFO: Weapon 1: 'TRIPLE TAKE'
INFO: Weapon 2: 'FLATLINE'
INFO: 
INFO: >>> Frame 002278
INFO: Player name: 'ooG_Frexs' -> 'SSG_Frexs'
INFO: Weapon 1: 'TRIPLE TAKE'
INFO: Weapon 2: 'FLATLINE'
INFO: 
INFO: >>> Frame 002279
INFO: Player name: 'ooG_Frexs' -> 'SSG_Frexs'
INFO: Weapon 1: 'TRIPLE TAKE'
INFO: Weapon 2: 'FLATLINE'
INFO: 
INFO: >>> Frame 002280
INFO: Player name: 'ooG_Frexs' -> 'SSG_Frexs'
INFO: Weapon 1: 'TRIPLE TAKE'
INFO: Weapon 2: 'FLATLINE'
INFO: 
INFO: >>> Frame 002281
INFO: Player name: 'SoG _Frexs' -> 'SSG_Frexs'
INFO: Weapon 1: 'TRIPLE TAKE'
INFO: Weapon 2: 'FLATLINE'
INFO: 
INFO: >>> Frame 002282
INFO: Player name: 'SSG Frexs' -> 'SSG_Frexs'
INFO: Weapon 1: 'TRIPLE TAKE'
INFO: Weapon 2: 'FLATLINE'
INFO: 
INFO: >>> Frame 002283
INFO: Player name: 'SoG_Frexs' -> 'SSG_Frexs'
INFO: Weapon 1: 'TRIPLE TAKE'
INFO: Weapon 2: 'FLATLINE'
INFO: 
INFO: >>> Frame 002284
INFO: Player name: 'S9G_xental' -> 'SSG_xenial'
INFO: Weapon 1: '~ TRIPLE TAKE' -> 'TRIPLE TAKE'
INFO: Weapon 2: 'FLATLINE'
INFO: 
INFO: >>> Frame 002285
INFO: 
INFO: >>> Frame 002286
INFO: 
INFO: >>> Frame 002287
INFO: Player name: 'SSG_xenial'
INFO: Weapon 1: 'G7 SCOUT'
INFO: Weapon 2: 'EVA-B AUTO' -> 'EVA-8 AUTO'
INFO: 
INFO: >>> Frame 002288
INFO: Player name: 'SSG_xenial'
INFO: Weapon 1: 'G7 SCOUT'
INFO: Weapon 2: 'EVA-8 AUTO'
INFO: 
INFO: >>> Frame 002289
INFO: Player name: 'SSG _xenial' -> 'SSG_xenial'
INFO: Weapon 1: 'G7 SCOUT'
INFO: Weapon 2: 'EVA-8 AUTO'
INFO: 
INFO: >>> Frame 002290
INFO: Player name: 'SSG_xenial'
INFO: Weapon 1: 'G7 SCOUT'
INFO: Weapon 2: 'EVA-8 AUTO'
INFO: 
INFO: >>> Frame 002291
INFO: Player name: 'SSG xenial' -> 'SSG_xenial'
INFO: Weapon 1: 'G7 SCOUT'
INFO: Weapon 2: 'EVA-2 AUTO' -> 'EVA-8 AUTO'
INFO: 
INFO: >>> Frame 002292
INFO: Player name: 'ooG_xenial' -> 'SSG_xenial'
INFO: Weapon 1: 'G7 SCOUT'
INFO: Weapon 2: 'EVA-8 AUTO'
INFO: 
INFO: >>> Frame 002293
INFO: Player name: 'SSG_xenial'
INFO: Weapon 1: 'G7 SCOUT'
INFO: Weapon 2: 'EVA-d AUTO' -> 'EVA-8 AUTO'
INFO: 
INFO: >>> Frame 002294
INFO: Player name: 'SSG xenial' -> 'SSG_xenial'
INFO: Weapon 1: 'G/ SCOUT' -> 'G7 SCOUT'
INFO: Weapon 2: 'EVA-8 AUTO'
INFO: 
INFO: >>> Frame 002295
INFO: Player name: '5$5G_xenial' -> 'SSG_xenial'
INFO: Weapon 1: 'G7 SCOUT'
INFO: Weapon 2: 'EV4-8 AUTO' -> 'EVA-8 AUTO'
INFO: 
INFO: >>> Frame 002296
INFO: Player name: 'SSG xenial' -> 'SSG_xenial'
INFO: Weapon 1: 'G7 SCOUT'
INFO: Weapon 2: 'EVA-8 AUTO'
INFO: 
INFO: >>> Frame 002297
INFO: Player name: 'SSG xenial' -> 'SSG_xenial'
INFO: Weapon 1: 'G7 SCOUT'
INFO: Weapon 2: 'EVA-3 AUTO' -> 'EVA-8 AUTO'
INFO: 
INFO: >>> Frame 002298
INFO: Can't find player name end icon
INFO: 
INFO: >>> Frame 002299
INFO: Can't find player name end icon
INFO: 
INFO: >>> Frame 002300
INFO: Player name: 'NRG_Sweet_Rank' -> 'NRG_Sweet_Rank_1'
INFO: Weapon 1: 'HAVOC'
INFO: Weapon 2: 'EVA-8 AUTO'
INFO: 
INFO: >>> Frame 002301
INFO: Player name: 'NAG Sweet_Rank_]' -> 'NRG_Sweet_Rank_1'
INFO: Weapon 1: 'HAVOC'
INFO: Weapon 2: 'EVA-8 AUTO'
INFO: 
INFO: >>> Frame 002302
INFO: Player name: 'NRG_Sweet_Rank_}' -> 'NRG_Sweet_Rank_1'
INFO: Weapon 1: 'HAVOC'
INFO: Weapon 2: 'EVA-B AUTO' -> 'EVA-8 AUTO'
INFO: 
INFO: >>> Frame 002303
INFO: Player name: 'SoG _Frexs' -> 'SSG_Frexs'
INFO: Weapon 1: 'TRIPLE TAKE'
INFO: Weapon 2: 'FLATLINE'
INFO: 
INFO: >>> Frame 002304
INFO: Player name: 'SSG Claraphi' -> 'SSG_Claraphi'
INFO: Weapon 1: 'R-301'
INFO: Weapon 2: 'TRIPLE TAKE'
INFO: 
INFO: >>> Frame 002305
INFO: Player name: 'SoG_Claraphi' -> 'SSG_Claraphi'
INFO: Weapon 1: 'R-301'
INFO: Weapon 2: 'TRIPLE TAKE'
INFO: 
INFO: >>> Frame 002306
INFO: Player name: '-§SG_Claraphi' -> 'SSG_Claraphi'
INFO: Weapon 1: 'R-301'
INFO: Weapon 2: 'TRIPLE TAKE'
INFO: 
INFO: >>> Frame 002307
INFO: Player name: 'soG_Claraphi' -> 'SSG_Claraphi'
INFO: Weapon 1: 'R-401' -> 'R-301'
INFO: Weapon 2: 'TRIPLE TAKE'
INFO: 
INFO: >>> Frame 002308
INFO: Player name: 'ooG_Frexs' -> 'SSG_Frexs'
INFO: Weapon 1: 'TRIPLE TAKE'
INFO: Weapon 2: 'FLATLINE'
INFO: 
INFO: >>> Frame 002309
INFO: Player name: 'ooG_Frexs' -> 'SSG_Frexs'
INFO: Weapon 1: 'TRIPLE TAKE'
INFO: Weapon 2: 'FLATLINE'
INFO: 
INFO: >>> Frame 002310
INFO: Player name: 'SoG _Frexs' -> 'SSG_Frexs'
INFO: Weapon 1: 'TRIPLE TAKE'
INFO: Weapon 2: 'FLATLINE'
INFO: 
INFO: >>> Frame 002311
INFO: Player name: 'SoG _Frexs' -> 'SSG_Frexs'
INFO: Weapon 1: 'TRIPLE TAKE'
INFO: Weapon 2: 'FLATLINE'
INFO: 
INFO: >>> Frame 002312
INFO: Player name: 'ooG_Frexs' -> 'SSG_Frexs'
INFO: Weapon 1: 'TRIPLE TAKE'
INFO: Weapon 2: 'FLATLINE'
INFO: 
INFO: >>> Frame 002313
INFO: Can't find player name end icon
INFO: 
INFO: >>> Frame 002314
INFO: Player name: 'onipddown_EW' -> 'Snip3down_EW'
INFO: Weapon 1: 'VOLT'
INFO: Weapon 2: 'FLATLINE'
INFO: 
INFO: >>> Frame 002315
INFO: Player name: 'onipsdown_EW' -> 'Snip3down_EW'
INFO: Weapon 1: 'VOLT'
INFO: Weapon 2: 'FLATLINE'
INFO: 
INFO: >>> Frame 002316
INFO: Player name: 'Snip3down EW' -> 'Snip3down_EW'
INFO: Weapon 1: 'VOLT'
INFO: Weapon 2: 'FLATLINE'
INFO: 
INFO: >>> Frame 002317
INFO: Player name: 'snipddown_EW' -> 'Snip3down_EW'
INFO: Weapon 1: 'VOLT'
INFO: Weapon 2: 'FLATLINE'
INFO: 
INFO: >>> Frame 002318
INFO: Player name: 'snipnddown_EW' -> 'Snip3down_EW'
INFO: Weapon 1: 'VOLT'
INFO: Weapon 2: 'FLATLINE'
INFO: 
INFO: >>> Frame 002319
INFO: Player name: 'onipsdown_EW' -> 'Snip3down_EW'
INFO: Weapon 1: 'VOLT'
INFO: Weapon 2: 'FLATLINE'
INFO: 
INFO: >>> Frame 002320
INFO: Player name: 'snip3down_EW' -> 'Snip3down_EW'
INFO: Weapon 1: 'VOLT'
INFO: Weapon 2: 'FLATLINE'
INFO: 
INFO: >>> Frame 002321
INFO: Player name: 'Snip3down EW' -> 'Snip3down_EW'
INFO: Weapon 1: 'VOLT'
INFO: Weapon 2: 'FLATLINE'
INFO: 
INFO: >>> Frame 002322
INFO: Player name: 'Snip3down EW' -> 'Snip3down_EW'
INFO: Weapon 1: 'VOLT'
INFO: Weapon 2: 'FLATLINE'
INFO: 
INFO: >>> Frame 002323
INFO: Player name: 'onip3down_EW' -> 'Snip3down_EW'
INFO: Weapon 1: 'VOLT'
INFO: Weapon 2: 'FLATLINE'
INFO: 
INFO: >>> Frame 002324
INFO: Player name: 'TSM ImperialHal' -> 'TSM_ImperialHa1'
INFO: Weapon 1: '‘SPITFIRE' -> 'SPITFIRE'
INFO: Weapon 2: 'PEACEKEEPEF' -> 'PEACEKEEPER'
INFO: 
INFO: >>> Frame 002325
INFO: Player name: 'TSM_ImperialHal' -> 'TSM_ImperialHa1'
INFO: Weapon 1: 'SPITFIRE'
INFO: Weapon 2: 'PEACEKEEPEF' -> 'PEACEKEEPER'
INFO: 
INFO: >>> Frame 002326
INFO: Player name: 'TSM_ImperialHal' -> 'TSM_ImperialHa1'
INFO: Weapon 1: 'SPITFIRE'
INFO: Weapon 2: 'PEACEKEEPES' -> 'PEACEKEEPER'
INFO: 
INFO: >>> Frame 002327
INFO: Player name: 'TSM _ImperialHal' -> 'TSM_ImperialHa1'
INFO: Weapon 1: 'SPITFIRE'
INFO: Weapon 2: 'PEACEKEEPE?' -> 'PEACEKEEPER'
INFO: 
INFO: >>> Frame 002328
INFO: Can't find player name end icon
INFO: 
INFO: >>> Frame 002329
INFO: Can't find player name end icon
INFO: 
INFO: >>> Frame 002330
INFO: Can't find player name end icon
INFO: 
INFO: >>> Frame 002331
INFO: Can't find player name end icon
INFO: 
INFO: >>> Frame 002332
INFO: Can't find player name end icon
INFO: 
INFO: >>> Frame 002333
INFO: Player name: 'NRG Sweet_Rank_]' -> 'NRG_Sweet_Rank_1'
INFO: Weapon 1: 'HAVOC'
INFO: Weapon 2: 'EVA-8 AUTO'
INFO: 
INFO: >>> Frame 002334
INFO: Player name: 'NRG Sweet_Rank_]' -> 'NRG_Sweet_Rank_1'
INFO: Weapon 1: 'HAVOC'
INFO: Weapon 2: 'EVA-8 AUTO'
INFO: 
INFO: >>> Frame 002335
INFO: Player name: 'NRG_Sweet_Rank' -> 'NRG_Sweet_Rank_1'
INFO: Weapon 1: 'HAVOC'
INFO: Weapon 2: 'EVA-3 AUTO' -> 'EVA-8 AUTO'
INFO: 
INFO: >>> Frame 002336
INFO: Player name: 'NRG_Sweet_Rank' -> 'NRG_Sweet_Rank_1'
INFO: Weapon 1: 'HAVOC'
INFO: Weapon 2: 'EVA-8 AUTO'
INFO: 
INFO: >>> Frame 002337
INFO: Player name: 'NRG _Sweet_Rank_}' -> 'NRG_Sweet_Rank_1'
INFO: Weapon 1: 'HAVOC'
INFO: Weapon 2: 'EVA-38 AUTO' -> 'EVA-8 AUTO'
INFO: 
INFO: >>> Frame 002338
INFO: Player name: 'NRG _Sweet_Rank_|' -> 'NRG_Sweet_Rank_1'
INFO: Weapon 1: 'HAVOC'
INFO: Weapon 2: 'EVA-8 AUTO'
INFO: 
INFO: >>> Frame 002339
INFO: Player name: 'NRG Sweet Rank 1' -> 'NRG_Sweet_Rank_1'
INFO: Weapon 1: 'HAVOC'
INFO: Weapon 2: 'EVA-3 AUTO' -> 'EVA-8 AUTO'
INFO: 
INFO: >>> Frame 002340
INFO: Player name: 'NRG_Sweet_Rank 1' -> 'NRG_Sweet_Rank_1'
INFO: Weapon 1: 'HAVOC'
INFO: Weapon 2: 'EVA-B8 AUTO' -> 'EVA-8 AUTO'
INFO: 
INFO: >>> Frame 002341
INFO: Player name: 'NRG_Sweet_Rank}' -> 'NRG_Sweet_Rank_1'
INFO: Weapon 1: 'HAVOC'
INFO: Weapon 2: 'EVA-8 AUTO'
INFO: 
INFO: >>> Frame 002342
INFO: Player name: 'NRG_Sweet_Rank_l' -> 'NRG_Sweet_Rank_1'
INFO: Weapon 1: 'HAVOC'
INFO: Weapon 2: 'EVA-B AUTO' -> 'EVA-8 AUTO'
INFO: 
INFO: >>> Frame 002343
INFO: Player name: 'NRG_Sweet_Rank)' -> 'NRG_Sweet_Rank_1'
INFO: Weapon 1: 'HAVOC'
INFO: Weapon 2: 'EVA-8 AUTO'
INFO: 
INFO: >>> Frame 002344
INFO: Player name: 'NRG_Sweet_Rank1]' -> 'NRG_Sweet_Rank_1'
INFO: Weapon 1: 'HAVOC'
INFO: Weapon 2: 'EVA-B AUTO' -> 'EVA-8 AUTO'
INFO: 
INFO: >>> Frame 002345
INFO: Player name: 'NRG Sweet_Rank 1' -> 'NRG_Sweet_Rank_1'
INFO: Weapon 1: 'HAVOC'
INFO: Weapon 2: 'EVA-B AUTO' -> 'EVA-8 AUTO'
INFO: 
INFO: >>> Frame 002346
INFO: Player name: 'NRG _Sweet_Rank_]' -> 'NRG_Sweet_Rank_1'
INFO: Weapon 1: 'HAVOC'
INFO: Weapon 2: 'EVA-B AUTO' -> 'EVA-8 AUTO'
INFO: 
INFO: >>> Frame 002347
INFO: Can't find player name end icon
INFO: 
INFO: >>> Frame 002348
INFO: Can't find player name end icon
INFO: 
INFO: >>> Frame 002349
INFO: Player name: 'NRG_Sweet_Rank_]' -> 'NRG_Sweet_Rank_1'
INFO: Weapon 1: 'HAVOC'
INFO: Weapon 2: 'EVA-8 AUTO'
INFO: 
INFO: >>> Frame 002350
INFO: Player name: 'NRG_Sweet_Rank_]' -> 'NRG_Sweet_Rank_1'
INFO: Weapon 1: 'HAVOC'
INFO: Weapon 2: 'EVA-B AUTO' -> 'EVA-8 AUTO'
INFO: 
INFO: >>> Frame 002351
INFO: Player name: 'NAG Sweet Rank]' -> 'NRG_Sweet_Rank_1'
INFO: Weapon 1: 'HAVOC'
INFO: Weapon 2: 'EVA-B AUTO' -> 'EVA-8 AUTO'
INFO: 
INFO: >>> Frame 002352
INFO: Player name: 'NRG_Sweet_ Rank}' -> 'NRG_Sweet_Rank_1'
INFO: Weapon 1: 'HAVOC'
INFO: Weapon 2: 'EVA-B AUTO' -> 'EVA-8 AUTO'
INFO: 
INFO: >>> Frame 002353
INFO: Player name: 'NRG Sweet Rank]' -> 'NRG_Sweet_Rank_1'
INFO: Weapon 1: 'HAVOC'
INFO: Weapon 2: 'EVA-8 AUTO'
INFO: 
INFO: >>> Frame 002354
INFO: Can't find player name end icon
INFO: 
INFO: >>> Frame 002355
INFO: Player name: 'COL Shiny' -> 'COL_iShiny'
INFO: Weapon 1: 'TRIPLE TAKE'
INFO: Weapon 2: 'MASTIFF'
INFO: 
INFO: >>> Frame 002356
INFO: Player name: 'COL AShiny' -> 'COL_iShiny'
INFO: Weapon 1: 'TRIPLE TAKE'
INFO: Weapon 2: 'MASTIFF'
INFO: 
INFO: >>> Frame 002357
INFO: Can't find player name end icon
INFO: 
INFO: >>> Frame 002358
INFO: Can't find player name end icon
INFO: 
INFO: >>> Frame 002359
INFO: Player name: 'SoG_Claraphi' -> 'SSG_Claraphi'
INFO: Weapon 1: 'R-301'
INFO: Weapon 2: 'TRIPLE TAKE'
INFO: 
INFO: >>> Frame 002360
INFO: Player name: 'ooG_Frexs' -> 'SSG_Frexs'
INFO: Weapon 1: 'TRIPLE TAKE'
INFO: Weapon 2: 'FLATLINE'
INFO: 
INFO: >>> Frame 002361
INFO: Player name: 'SSG_Claraphi'
INFO: Weapon 1: 'R-301'
INFO: Weapon 2: 'TRIPLE TAKE'
INFO: 
INFO: >>> Frame 002362
INFO: Player name: 'SoG_Claraphi' -> 'SSG_Claraphi'
INFO: Weapon 1: 'R-301'
INFO: Weapon 2: 'TRIPLE TAKE'
INFO: 
INFO: >>> Frame 002363
INFO: Player name: '=SSG_Claraphi.' -> 'SSG_Claraphi'
INFO: Weapon 1: 'R-301'
INFO: Weapon 2: 'TRIPLE TAKE'
INFO: 
INFO: >>> Frame 002364
INFO: Player name: 'S9G_Claraphi' -> 'SSG_Claraphi'
INFO: Weapon 1: 'R-301'
INFO: Weapon 2: 'TRIPLE TAKE'
INFO: 
INFO: >>> Frame 002365
INFO: Player name: 'SoG_Claraphi' -> 'SSG_Claraphi'
INFO: Weapon 1: 'R-401' -> 'R-301'
INFO: Weapon 2: 'TRIPLE TAKE'
INFO: 
INFO: >>> Frame 002366
INFO: Player name: '§SG Claraphi' -> 'SSG_Claraphi'
INFO: Weapon 1: 'R-301'
INFO: Weapon 2: 'TRIPLE TAKE'
INFO: 
INFO: >>> Frame 002367
INFO: Player name: 'SSG_Frexs:' -> 'SSG_Frexs'
INFO: Weapon 1: 'TRIPLE TAKE'
INFO: Weapon 2: 'FLATLINE'
INFO: 
INFO: >>> Frame 002368
INFO: Player name: 'SoG _Frexs' -> 'SSG_Frexs'
INFO: Weapon 1: 'TRIPLE TAKE'
INFO: Weapon 2: 'FLATLINE'
INFO: 
INFO: >>> Frame 002369
INFO: Player name: 'SSG_Frexs'
INFO: Weapon 1: 'TRIPLE TAKE'
INFO: Weapon 2: 'FLATLINE'
INFO: 
INFO: >>> Frame 002370
INFO: Player name: 'ooG_Frexs' -> 'SSG_Frexs'
INFO: Weapon 1: 'TRIPLE TAKE'
INFO: Weapon 2: 'FLATLINE'
INFO: 
INFO: >>> Frame 002371
INFO: Player name: 'SoG _Frexs' -> 'SSG_Frexs'
INFO: Weapon 1: 'TRIPLE TAKE'
INFO: Weapon 2: 'FLATLINE'
INFO: 
INFO: >>> Frame 002372
INFO: Player name: 'SoG_Frexs' -> 'SSG_Frexs'
INFO: Weapon 1: 'TRIPLE TAKE'
INFO: Weapon 2: 'FLATLINE'
INFO: 
INFO: >>> Frame 002373
INFO: Player name: 'SSG_Frexs'
INFO: Weapon 1: 'TRIPLE TAKE'
INFO: Weapon 2: 'FLATLINE'
INFO: 
INFO: >>> Frame 002374
INFO: Can't find player name end icon
INFO: 
INFO: >>> Frame 002375
INFO: Can't find player name end icon
INFO: 
INFO: >>> Frame 002376
INFO: Can't find player name end icon
INFO: 
INFO: >>> Frame 002377
INFO: Player name: 'StinkTV'
INFO: Weapon 1: 'R-301'
INFO: Weapon 2: 'EVA-8 AUTO'
INFO: 
INFO: >>> Frame 002378
INFO: Player name: 'StinkTV'
INFO: Weapon 1: 'R-401.' -> 'R-301'
INFO: Weapon 2: 'EVA-B AUTO' -> 'EVA-8 AUTO'
INFO: 
INFO: >>> Frame 002379
INFO: Player name: 'StinkTV'
INFO: Weapon 1: 'R-301'
INFO: Weapon 2: 'EVA-8 AUTO'
INFO: 
INFO: >>> Frame 002380
INFO: Player name: 'StinkTV'
INFO: Weapon 1: 'R-301'
INFO: Weapon 2: 'EVA-8 AUTO'
INFO: 
INFO: >>> Frame 002381
INFO: Player name: 'StinkTV'
INFO: Weapon 1: 'R-301'
INFO: Weapon 2: 'EVA-8 AUTO'
INFO: 
INFO: >>> Frame 002382
INFO: Player name: 'COL_Monsoon'
INFO: Weapon 1: 'R-301'
INFO: Weapon 2: 'MASTIFF'
INFO: 
INFO: >>> Frame 002383
INFO: Player name: 'COL_Monsoon'
INFO: Weapon 1: 'R-301'
INFO: Weapon 2: 'MASTIFF'
INFO: 
INFO: >>> Frame 002384
INFO: Player name: 'COL Monsoon' -> 'COL_Monsoon'
INFO: Weapon 1: 'R-301'
INFO: Weapon 2: 'MASTIFF'
INFO: 
INFO: >>> Frame 002385
INFO: Player name: 'COL Monsoon' -> 'COL_Monsoon'
INFO: Weapon 1: 'R-301'
INFO: Weapon 2: 'MASTIFF'
INFO: 
INFO: >>> Frame 002386
INFO: Can't find player name end icon
INFO: 
INFO: >>> Frame 002387
INFO: Can't find player name end icon
INFO: 
INFO: >>> Frame 002388
INFO: Can't find player name end icon
INFO: 
INFO: >>> Frame 002389
INFO: Can't find player name end icon
INFO: 
INFO: >>> Frame 002390
INFO: Can't find player name end icon
INFO: 
INFO: >>> Frame 002391
INFO: Can't find player name end icon
INFO: 
INFO: >>> Frame 002392
INFO: Can't find player name end icon
INFO: 
INFO: >>> Frame 002393
INFO: Player name: 'HRN _Euriece' -> 'HRN_Euriece'
INFO: Weapon 1: 'MASTIFF'
INFO: Weapon 2: 'R-301'
INFO: 
INFO: >>> Frame 002394
INFO: Player name: 'HRN Euriece' -> 'HRN_Euriece'
INFO: Weapon 1: 'MASTIFF'
INFO: Weapon 2: 'R-301'
INFO: 
INFO: >>> Frame 002395
INFO: Player name: 'HRN Akn' -> 'HRN_Rkn'
INFO: Weapon 1: 'MASTIFF'
INFO: Weapon 2: 'R-301'
INFO: 
INFO: >>> Frame 002396
INFO: Player name: 'HRN_Rkn'
INFO: Weapon 1: 'WINGMAN'
INFO: Weapon 2: 'EVA-8 AUTO'
INFO: 
INFO: >>> Frame 002397
INFO: Player name: '-HRN_Euriece' -> 'HRN_Euriece'
INFO: Weapon 1: 'MASTIFF'
INFO: Weapon 2: 'R-301'
INFO: 
INFO: >>> Frame 002398
INFO: Player name: ',HRN_Euriece' -> 'HRN_Euriece'
INFO: Weapon 1: 'MASTIFF'
INFO: Weapon 2: 'R-301'
INFO: 
INFO: >>> Frame 002399
INFO: Player name: ', HRN_Euriece' -> 'HRN_Euriece'
INFO: Weapon 1: 'MASTIFF'
INFO: Weapon 2: 'R-301'
INFO: 
INFO: >>> Frame 002400
INFO: Player name: '-HRN_Euriece' -> 'HRN_Euriece'
INFO: Weapon 1: 'MASTIFF'
INFO: Weapon 2: 'R-301'
INFO: 
INFO: >>> Frame 002401
INFO: Player name: '_HRN_Eurnece' -> 'HRN_Euriece'
INFO: Weapon 1: 'MASTIFF'
INFO: Weapon 2: 'R-301'
INFO: 
INFO: >>> Frame 002402
INFO: 
INFO: >>> Frame 002403
INFO: 
INFO: >>> Frame 002404
INFO: 
INFO: >>> Frame 002405
INFO: Player name: 'peeshCYA'
INFO: Weapon 2: 'EVa-a AUTO' -> 'EVA-8 AUTO'
INFO: 
INFO: >>> Frame 002406
INFO: Can't find player name end icon
INFO: 
INFO: >>> Frame 002407
INFO: Player name: 'Zeroplus'
INFO: Weapon 1: 'R-301'
INFO: Weapon 2: 'EVA-2 AUTO' -> 'EVA-8 AUTO'
INFO: 
INFO: >>> Frame 002408
INFO: Player name: 'Zeroplus'
INFO: Weapon 1: 'R-301'
INFO: Weapon 2: 'EVA-3 AUTO' -> 'EVA-8 AUTO'
INFO: 
INFO: >>> Frame 002409
INFO: Can't find player name end icon
INFO: 
INFO: >>> Frame 002410
INFO: Can't find player name end icon
INFO: 
INFO: >>> Frame 002411
INFO: Player name: 'Zeroplus'
INFO: Weapon 1: 'R-301'
INFO: Weapon 2: 'EVA-B AUTO' -> 'EVA-8 AUTO'
INFO: 
INFO: >>> Frame 002412
INFO: Player name: 'DROPPEDKd' -> 'DROPPEDxd'
INFO: Weapon 1: 'R-99'
INFO: Weapon 2: 'HEMLDK' -> 'HEMLOK'
INFO: 
INFO: >>> Frame 002413
INFO: Can't find player name end icon
INFO: 
INFO: >>> Frame 002414
INFO: Can't find player name end icon
INFO: 
INFO: >>> Frame 002415
INFO: Can't find player name end icon
INFO: 
INFO: >>> Frame 002416
INFO: Can't find player name end icon
INFO: 
INFO: >>> Frame 002417
INFO: Can't find player name end icon
INFO: 
INFO: >>> Frame 002418
INFO: Player name: 'HRN_Rkn'
INFO: Weapon 1: 'WINGMAN'
INFO: Weapon 2: 'EVA-3 AUTO' -> 'EVA-8 AUTO'
INFO: 
INFO: >>> Frame 002419
INFO: Player name: 'HRN_Rkn'
INFO: Weapon 1: 'WINGMAN'
INFO: Weapon 2: 'EVA-8 AUTO'
INFO: 
INFO: >>> Frame 002420
INFO: Player name: 'HRN _Rkn' -> 'HRN_Rkn'
INFO: Weapon 1: 'WINGMAN'
INFO: Weapon 2: 'EVA-8 AUTO'
INFO: 
INFO: >>> Frame 002421
INFO: Player name: 'HRN_Hill'
INFO: Weapon 1: 'SPITFIRE'
INFO: Weapon 2: 'ALTERNATOR'
INFO: 
INFO: >>> Frame 002422
INFO: Player name: 'HRN Hill' -> 'HRN_Hill'
INFO: Weapon 1: 'SPITFIRE.' -> 'SPITFIRE'
INFO: Weapon 2: 'ALTERNATOR'
INFO: 
INFO: >>> Frame 002423
INFO: Player name: 'MrGreekGodTTV'
INFO: Weapon 1: 'SPITFIRE:' -> 'SPITFIRE'
INFO: Weapon 2: 'R-30)' -> 'R-301'
INFO: 
INFO: >>> Frame 002424
INFO: Player name: 'MrGreekGodTTV'
INFO: Weapon 1: 'SPITFIRE'
INFO: Weapon 2: 'R-301'
INFO: 
INFO: >>> Frame 002425
INFO: Player name: 'MrGreekGodTTV'
INFO: Weapon 1: 'SPITFIRE'
INFO: Weapon 2: 'R-301'
INFO: 
INFO: >>> Frame 002426
INFO: Player name: 'MrGreekGodTTV'
INFO: Weapon 1: 'SPITFIRE'
INFO: Weapon 2: 'R-30)' -> 'R-301'
INFO: 
INFO: >>> Frame 002427
INFO: 
INFO: >>> Frame 002428
INFO: Player name: '_HRN_Euriece' -> 'HRN_Euriece'
INFO: Weapon 1: 'MASTIFF'
INFO: Weapon 2: 'R-30)' -> 'R-301'
INFO: 
INFO: >>> Frame 002429
INFO: Player name: ',HRN_Euriece' -> 'HRN_Euriece'
INFO: Weapon 1: 'MASTIFF'
INFO: Weapon 2: 'R-30)' -> 'R-301'
INFO: 
INFO: >>> Frame 002430
INFO: Player name: '_HRN_Euriece' -> 'HRN_Euriece'
INFO: Weapon 1: 'MASTIFF'
INFO: Weapon 2: 'R-301'
INFO: 
INFO: >>> Frame 002431
INFO: Player name: 'HRN Euriece' -> 'HRN_Euriece'
INFO: Weapon 1: 'MASTIFF'
INFO: Weapon 2: 'R-301'
INFO: 
INFO: >>> Frame 002432
INFO: Player name: '_HRN_Euriece' -> 'HRN_Euriece'
INFO: Weapon 1: 'MASTIFF'
INFO: Weapon 2: 'R-30]' -> 'R-301'
INFO: 
INFO: >>> Frame 002433
INFO: 
INFO: >>> Frame 002434
INFO: Can't find player name end icon
INFO: 
INFO: >>> Frame 002435
INFO: Can't find player name end icon
INFO: 
INFO: >>> Frame 002436
INFO: 
INFO: >>> Frame 002437
INFO: 
INFO: >>> Frame 002438
INFO: Player name: 'kfogd' -> 'knoqd'
INFO: Weapon 1: 'SENTINEL'
INFO: Weapon 2: 'VOLT'
INFO: 
INFO: >>> Frame 002439
INFO: Player name: 'knogd' -> 'knoqd'
INFO: Weapon 1: 'SENTINEL'
INFO: Weapon 2: 'VOLT'
INFO: 
INFO: >>> Frame 002440
INFO: Player name: '-knogd' -> 'knoqd'
INFO: Weapon 1: 'SENTINEL'
INFO: Weapon 2: 'VOLT'
INFO: 
INFO: >>> Frame 002441
INFO: Player name: '-knogd' -> 'knoqd'
INFO: Weapon 1: 'SENTINEL'
INFO: Weapon 2: 'VOLT'
INFO: 
INFO: >>> Frame 002442
INFO: 
INFO: >>> Frame 002443
INFO: Player name: '_knogd' -> 'knoqd'
INFO: Weapon 1: 'SENTINEL'
INFO: Weapon 2: 'VOLT'
INFO: 
INFO: >>> Frame 002444
INFO: Player name: 'stayNaughty' -> 'StayNaughty'
INFO: Weapon 1: 'SENTINEL'
INFO: Weapon 2: 'VOLT'
INFO: 
INFO: >>> Frame 002445
INFO: Player name: '‘StayNaughty' -> 'StayNaughty'
INFO: Weapon 1: 'EVA-8 AUTO'
INFO: Weapon 2: 'G? SCOUT' -> 'G7 SCOUT'
INFO: 
INFO: >>> Frame 002446
INFO: Can't find player name end icon
INFO: 
INFO: >>> Frame 002447
INFO: Can't find player name end icon
INFO: 
INFO: >>> Frame 002448
INFO: Can't find player name end icon
INFO: 
INFO: >>> Frame 002449
INFO: Can't find player name end icon
INFO: 
INFO: >>> Frame 002450
INFO: Can't find player name end icon
INFO: 
INFO: >>> Frame 002451
INFO: Can't find player name end icon
INFO: 
INFO: >>> Frame 002452
INFO: Can't find player name end icon
INFO: 
INFO: >>> Frame 002453
INFO: Player name: 'StayNaughty'
INFO: Weapon 1: 'EVA-8 AUTO'
INFO: Weapon 2: 'R-301'
INFO: 
INFO: >>> Frame 002454
INFO: Player name: 'otayNaughty' -> 'StayNaughty'
INFO: Weapon 1: 'EVA-8 AUTO'
INFO: Weapon 2: 'R-301'
INFO: 
INFO: >>> Frame 002455
INFO: Player name: 'sF_zachmazer'
INFO: Weapon 1: 'EVA-8 AUTO'
INFO: Weapon 2: 'OPITFIRE' -> 'SPITFIRE'
INFO: 
INFO: >>> Frame 002456
INFO: Player name: 'COL Monsoon' -> 'COL_Monsoon'
INFO: Weapon 1: 'R-301'
INFO: Weapon 2: 'MASTIFF'
INFO: 
INFO: >>> Frame 002457
INFO: Player name: 'COL_Monsoon'
INFO: Weapon 1: 'R-30)' -> 'R-301'
INFO: Weapon 2: 'MASTIFF'
INFO: 
INFO: >>> Frame 002458
INFO: Player name: 'COL Monsoon' -> 'COL_Monsoon'
INFO: Weapon 1: 'R-301'
INFO: Weapon 2: 'MASTIFF'
INFO: 
INFO: >>> Frame 002459
INFO: 
INFO: >>> Frame 002460
INFO: 
INFO: >>> Frame 002461
INFO: Player name: 'COL_Reptar'
INFO: Weapon 1: 'VOLT'
INFO: Weapon 2: 'LONGBOW'
INFO: 
INFO: >>> Frame 002462
INFO: Player name: 'COL Reptar' -> 'COL_Reptar'
INFO: Weapon 1: 'VOLT'
INFO: Weapon 2: 'LONGSOW' -> 'LONGBOW'
INFO: 
INFO: >>> Frame 002463
INFO: Player name: 'COL_Reptar'
INFO: Weapon 1: 'VOLT'
INFO: Weapon 2: 'LONGBOW'
INFO: 
INFO: >>> Frame 002464
INFO: Player name: 'COLA\n(COL Reptar' -> 'COL_Reptar'
INFO: Weapon 1: 'VOLT'
INFO: Weapon 2: 'LONGBOW'
INFO: 
INFO: >>> Frame 002465
INFO: Player name: 'COL _Reptar' -> 'COL_Reptar'
INFO: Weapon 1: 'VOLT'
INFO: Weapon 2: 'LONGBOW'
INFO: 
INFO: >>> Frame 002466
INFO: Player name: 'COL Reptar' -> 'COL_Reptar'
INFO: Weapon 1: 'VOLT'
INFO: Weapon 2: 'LONGBOW'
INFO: 
INFO: >>> Frame 002467
INFO: Player name: 'COL_Reptar'
INFO: Weapon 1: 'VOLT'
INFO: Weapon 2: 'LONGBOW'
INFO: 
INFO: >>> Frame 002468
INFO: Can't find player name end icon
INFO: 
INFO: >>> Frame 002469
INFO: Can't find player name end icon
INFO: 
INFO: >>> Frame 002470
INFO: Can't find player name end icon
INFO: 
INFO: >>> Frame 002471
INFO: Can't find player name end icon
INFO: 
INFO: >>> Frame 002472
INFO: Can't find player name end icon
INFO: 
INFO: >>> Frame 002473
INFO: Can't find player name end icon
INFO: 
INFO: >>> Frame 002474
INFO: Can't find player name end icon
INFO: 
INFO: >>> Frame 002475
INFO: Player name: 'Hambino24TV'
INFO: Weapon 1: 'WINGMAN'
INFO: Weapon 2: 'R-301'
INFO: 
INFO: >>> Frame 002476
INFO: Player name: 'Hambino24TV'
INFO: Weapon 1: 'WINGMAN'
INFO: Weapon 2: 'R-301'
INFO: 
INFO: >>> Frame 002477
INFO: Player name: 'Hambino24TV'
INFO: Weapon 1: 'WINGMAN'
INFO: Weapon 2: 'R-301'
INFO: 
INFO: >>> Frame 002478
INFO: Player name: 'Hambino24TV'
INFO: Weapon 1: 'WINGMAN'
INFO: Weapon 2: 'R-301'
INFO: 
INFO: >>> Frame 002479
INFO: Player name: '‘Hambino24TV' -> 'Hambino24TV'
INFO: Weapon 1: 'WINGMAN'
INFO: Weapon 2: 'R-301'
INFO: 
INFO: >>> Frame 002480
INFO: Player name: 'Hambino24TV'
INFO: Weapon 1: 'WINGMAN'
INFO: Weapon 2: 'R-301'
INFO: 
INFO: >>> Frame 002481
INFO: Player name: 'Hambino24TV'
INFO: Weapon 1: 'WINGMAN'
INFO: Weapon 2: 'R-301'
INFO: 
INFO: >>> Frame 002482
INFO: Player name: 'Hambino24TV'
INFO: Weapon 1: 'WINGMAN'
INFO: Weapon 2: 'R-301'
INFO: 
INFO: >>> Frame 002483
INFO: Player name: 'HambinoZ4Tv' -> 'Hambino24TV'
INFO: Weapon 1: 'WINGMAN'
INFO: Weapon 2: 'R-301'
INFO: 
INFO: >>> Frame 002484
INFO: Player name: 'Hambino24TV'
INFO: Weapon 1: 'WINGMAN'
INFO: Weapon 2: 'R-3D)' -> 'R-301'
INFO: 
INFO: >>> Frame 002485
INFO: Player name: 'Hambino24Tv' -> 'Hambino24TV'
INFO: Weapon 1: 'WINGMAN'
INFO: Weapon 2: 'R-30)' -> 'R-301'
INFO: 
INFO: >>> Frame 002486
INFO: Player name: 'Hambino24TV'
INFO: Weapon 1: 'WINGMAN'
INFO: Weapon 2: 'R-30)' -> 'R-301'
INFO: 
INFO: >>> Frame 002487
INFO: Can't find player name end icon
INFO: 
INFO: >>> Frame 002488
INFO: Player name: ', LiguidNocturnal' -> 'LiquidNocturnal'
INFO: Weapon 1: 'LONGBOW'
INFO: Weapon 2: 'MASTIFF'
INFO: 
INFO: >>> Frame 002489
INFO: Player name: '_LiquidNocturnal' -> 'LiquidNocturnal'
INFO: Weapon 1: 'LONGBOW'
INFO: Weapon 2: 'MASTIFF'
INFO: 
INFO: >>> Frame 002490
INFO: Player name: '_ LiquidNocturnal' -> 'LiquidNocturnal'
INFO: Weapon 2: 'MASTIFF'
INFO: 
INFO: >>> Frame 002491
INFO: Player name: '_ LiquidNocturnal' -> 'LiquidNocturnal'
INFO: Weapon 1: 'LONGBOW'
INFO: Weapon 2: 'MASTIFF'
INFO: 
INFO: >>> Frame 002492
INFO: 
INFO: >>> Frame 002493
INFO: 
INFO: >>> Frame 002494
INFO: 
INFO: >>> Frame 002495
INFO: Player name: 'Hambino24TV'
INFO: Weapon 1: 'WINGMAN'
INFO: Weapon 2: 'R-30)' -> 'R-301'
INFO: 
INFO: >>> Frame 002496
INFO: Player name: 'StayNa ughty' -> 'StayNaughty'
INFO: Weapon 1: 'EVA-9 AUTO' -> 'EVA-8 AUTO'
INFO: Weapon 2: 'R-301'
INFO: 
INFO: >>> Frame 002497
INFO: 
INFO: >>> Frame 002498
INFO: Player name: 'StayNaughty'
INFO: Weapon 1: 'EVA-8 AUTO'
INFO: Weapon 2: 'R-301'
INFO: 
INFO: >>> Frame 002499
INFO: Player name: 'StayNaughty'
INFO: Weapon 1: 'EVA-S AUTO' -> 'EVA-8 AUTO'
INFO: Weapon 2: '#301' -> 'R-301'
INFO: 
INFO: >>> Frame 002500
INFO: Player name: 'StayNaughty'
INFO: Weapon 1: 'EVA-8 AUTO'
INFO: Weapon 2: 'R-30)' -> 'R-301'
INFO: 
INFO: >>> Frame 002501
INFO: Player name: 'StayNaughty'
INFO: Weapon 1: 'EVA-8 AUTO'
INFO: Weapon 2: 'R-301'
INFO: 
INFO: >>> Frame 002502
INFO: Player name: 'StayNaughty'
INFO: Weapon 1: 'EVA-8 AUTO'
INFO: Weapon 2: 'R-3D)' -> 'R-301'
INFO: 
INFO: >>> Frame 002503
INFO: Player name: 'StayNaughty'
INFO: Weapon 1: 'EVA-8 AUTO'
INFO: Weapon 2: 'R-301'
INFO: 
INFO: >>> Frame 002504
INFO: Player name: 'SF _zachmazer' -> 'sF_zachmazer'
INFO: Weapon 1: 'EVA-8 AUTO'
INFO: Weapon 2: 'R-301'
INFO: 
INFO: >>> Frame 002505
INFO: Can't find player name end icon
INFO: 
INFO: >>> Frame 002506
INFO: Can't find player name end icon
INFO: 
INFO: >>> Frame 002507
INFO: Can't find player name end icon
INFO: 
INFO: >>> Frame 002508
INFO: Can't find player name end icon
INFO: 
INFO: >>> Frame 002509
INFO: Player name: 'Liquid Flanker'
INFO: Weapon 1: 'FLATLINE'
INFO: Weapon 2: 'R-99'
INFO: 
INFO: >>> Frame 002510
INFO: Player name: '. TSM Albralelie' -> 'TSM Albralelie'
INFO: Weapon 1: 'TRIPLE TAKE'
INFO: Weapon 2: 'R-99'
INFO: 
INFO: >>> Frame 002511
INFO: Player name: 'TSM Albralelie'
INFO: Weapon 1: 'TRIPLE TAKE'
INFO: Weapon 2: 'R-99'
INFO: 
INFO: >>> Frame 002512
INFO: Player name: 'TSM Albralelie'
INFO: Weapon 1: 'TRIPLE TAKE'
INFO: Weapon 2: 'R-39' -> 'R-99'
INFO: 
INFO: >>> Frame 002513
INFO: Player name: 'TSM Albralelie'
INFO: Weapon 1: 'TRIPLE TAKE'
INFO: Weapon 2: 'R-99'
INFO: 
INFO: >>> Frame 002514
INFO: Player name: 'Liquid Flanker'
INFO: Weapon 1: 'FLATLINE'
INFO: Weapon 2: 'R-99'
INFO: 
INFO: >>> Frame 002515
INFO: Player name: 'Liquid Flanker'
INFO: Weapon 1: 'FLATLINE'
INFO: Weapon 2: 'R-99'
INFO: 
INFO: >>> Frame 002516
INFO: Player name: 'TSM Albralelia' -> 'TSM Albralelie'
INFO: Weapon 1: 'TRIPLE TAKE'
INFO: Weapon 2: 'R-89' -> 'R-99'
INFO: 
INFO: >>> Frame 002517
INFO: Player name: 'TSM Albralelie'
INFO: Weapon 1: 'TRIPLE TAKE'
INFO: Weapon 2: 'R-99'
INFO: 
INFO: >>> Frame 002518
INFO: Player name: '_ LiguidNocturnal' -> 'LiquidNocturnal'
INFO: Weapon 1: 'LONGBOW'
INFO: Weapon 2: 'MASTIFF'
INFO: 
INFO: >>> Frame 002519
INFO: Player name: '_ LiguidNocturnal' -> 'LiquidNocturnal'
INFO: Weapon 1: 'LONGBOW'
INFO: Weapon 2: 'MASTIFF'
INFO: 
INFO: >>> Frame 002520
INFO: Player name: '_ LiquidNocturnal' -> 'LiquidNocturnal'
INFO: Weapon 1: 'LONGBOW'
INFO: Weapon 2: 'MASTIFF'
INFO: 
INFO: >>> Frame 002521
INFO: Can't find player name end icon
INFO: 
INFO: >>> Frame 002522
INFO: Can't find player name end icon
INFO: 
INFO: >>> Frame 002523
INFO: Can't find player name end icon
INFO: 
INFO: >>> Frame 002524
INFO: Can't find player name end icon
INFO: 
INFO: >>> Frame 002525
INFO: Can't find player name end icon
INFO: 
INFO: >>> Frame 002526
INFO: Can't find player name end icon
INFO: 
INFO: >>> Frame 002527
INFO: Player name: 'TSM: IniperiaiHal' -> 'TSM_ImperialHa1'
INFO: Weapon 1: 'SPITFIRE'
INFO: Weapon 2: 'JEACEKEEPER' -> 'PEACEKEEPER'
INFO: 
INFO: >>> Frame 002528
INFO: Player name: 'TSM ImperialHal' -> 'TSM_ImperialHa1'
INFO: Weapon 1: 'SPITFIRE'
INFO: Weapon 2: 'JEACEKEEPER' -> 'PEACEKEEPER'
INFO: 
INFO: >>> Frame 002529
INFO: Player name: 'TSM_ImperialHal' -> 'TSM_ImperialHa1'
INFO: Weapon 1: 'SPITFIRE'
INFO: Weapon 2: 'JEACEKEEPER' -> 'PEACEKEEPER'
INFO: 
INFO: >>> Frame 002530
INFO: Player name: 'TSM_ImperialHal' -> 'TSM_ImperialHa1'
INFO: Weapon 1: 'SPITFIRE'
INFO: Weapon 2: 'JEACEKEEPER' -> 'PEACEKEEPER'
INFO: 
INFO: >>> Frame 002531
INFO: Player name: '“TSM.(mperiatHal.' -> 'TSM_ImperialHa1'
INFO: Weapon 1: 'SPITFIRE'
INFO: Weapon 2: 'JEACEKEEPER' -> 'PEACEKEEPER'
INFO: 
INFO: >>> Frame 002532
INFO: Can't find player name end icon
INFO: 
INFO: >>> Frame 002533
INFO: Can't find player name end icon
INFO: 
INFO: >>> Frame 002534
INFO: Can't find player name end icon
INFO: 
INFO: >>> Frame 002535
INFO: Player name: 'TSM ImperialHal' -> 'TSM_ImperialHa1'
INFO: Weapon 1: 'SPITFIRE'
INFO: Weapon 2: 'JEACEKEEPER' -> 'PEACEKEEPER'
INFO: 
INFO: >>> Frame 002536
INFO: Player name: 'TSM_ImperialHal' -> 'TSM_ImperialHa1'
INFO: Weapon 1: 'SPITFIRE'
INFO: Weapon 2: 'jEACEKEEPER' -> 'PEACEKEEPER'
INFO: 
INFO: >>> Frame 002537
INFO: Can't find player name end icon
INFO: 
INFO: >>> Frame 002538
INFO: Can't find player name end icon
INFO: 
INFO: >>> Frame 002539
INFO: Player name: 'sF_zachmazer'
INFO: Weapon 1: 'MASTIFE' -> 'MASTIFF'
INFO: Weapon 2: 'SPITFIRE'
INFO: 
INFO: >>> Frame 002540
INFO: Player name: 'sF_zachmazer'
INFO: Weapon 1: 'MASTIFF'
INFO: Weapon 2: 'SPITFIRE'
INFO: 
INFO: >>> Frame 002541
INFO: Player name: 'knogd' -> 'knoqd'
INFO: Weapon 1: 'MASTIFF'
INFO: Weapon 2: 'R-301'
INFO: 
INFO: >>> Frame 002542
INFO: Player name: 'stayNaughty' -> 'StayNaughty'
INFO: Weapon 1: 'EVA-8 AUTO'
INFO: Weapon 2: 'VOLT'
INFO: 
INFO: >>> Frame 002543
INFO: Player name: 'StayNaughty'
INFO: Weapon 1: 'EVA-8 AUTO'
INFO: Weapon 2: 'VOLT'
INFO: 
INFO: >>> Frame 002544
INFO: Player name: '= sf zachmazer' -> 'sF_zachmazer'
INFO: Weapon 1: 'MASTIFF'
INFO: Weapon 2: 'SPITFIRE'
INFO: 
INFO: >>> Frame 002545
INFO: 
INFO: >>> Frame 002546
INFO: Player name: 'sF_zachmazer'
INFO: Weapon 1: 'MASTIFF'
INFO: Weapon 2: 'SPITFIRE'
INFO: 
INFO: >>> Frame 002547
INFO: Player name: 'sF_zachmazer'
INFO: Weapon 1: 'MASTIFE' -> 'MASTIFF'
INFO: Weapon 2: 'SPITFIRE'
INFO: 
INFO: >>> Frame 002548
INFO: Player name: 'SF _zachmazer' -> 'sF_zachmazer'
INFO: Weapon 1: 'MASTIFF'
INFO: Weapon 2: 'SPITFIRE'
INFO: 
INFO: >>> Frame 002549
INFO: Player name: 'sF _zachmazer' -> 'sF_zachmazer'
INFO: Weapon 1: 'MASTIFF'
INFO: Weapon 2: 'SPITFIRE'
INFO: 
INFO: >>> Frame 002550
INFO: Can't find player name end icon
INFO: 
INFO: >>> Frame 002551
INFO: Can't find player name end icon
INFO: 
INFO: >>> Frame 002552
INFO: Player name: '_LiguidNocturnal' -> 'LiquidNocturnal'
INFO: Weapon 1: 'WINGMAN'
INFO: Weapon 2: 'MASTIFF'
INFO: 
INFO: >>> Frame 002553
INFO: Player name: '_ LiguidNocturnal' -> 'LiquidNocturnal'
INFO: Weapon 1: 'WINGMAN.' -> 'WINGMAN'
INFO: Weapon 2: 'MASTIFF'
INFO: 
INFO: >>> Frame 002554
INFO: Player name: '_ LiquidNecturnal' -> 'LiquidNocturnal'
INFO: Weapon 1: 'WINGMAN'
INFO: Weapon 2: 'MASTIFF'
INFO: 
INFO: >>> Frame 002555
INFO: Player name: '_ LiguidNocturnal' -> 'LiquidNocturnal'
INFO: Weapon 1: 'WINGMAN'
INFO: Weapon 2: 'MASTIFF'
INFO: 
INFO: >>> Frame 002556
INFO: Player name: 'LiquidNocturnal'
INFO: Weapon 1: 'WINGMAN.' -> 'WINGMAN'
INFO: Weapon 2: 'MASTIFF'
INFO: 
INFO: >>> Frame 002557
INFO: Player name: '_ LiguidNocturna!' -> 'LiquidNocturnal'
INFO: Weapon 1: 'WINGMAN'
INFO: Weapon 2: 'MASTIFF'
INFO: 
INFO: >>> Frame 002558
INFO: Player name: '_LiquidNocturnal' -> 'LiquidNocturnal'
INFO: Weapon 1: 'WINGMAN'
INFO: Weapon 2: 'MASTIFF'
INFO: 
INFO: >>> Frame 002559
INFO: Player name: '_ LiquidNocturnal' -> 'LiquidNocturnal'
INFO: Weapon 1: 'WINGMAN'
INFO: Weapon 2: 'MASTIFF'
INFO: 
INFO: >>> Frame 002560
INFO: Can't find player name end icon
INFO: 
INFO: >>> Frame 002561
INFO: Can't find player name end icon
INFO: 
INFO: >>> Frame 002562
INFO: Can't find player name end icon
INFO: 
INFO: >>> Frame 002563
INFO: Can't find player name end icon
INFO: 
INFO: >>> Frame 002564
INFO: Can't find player name end icon
INFO: 
INFO: >>> Frame 002565
INFO: Can't find player name end icon
INFO: 
INFO: >>> Frame 002566
INFO: Player name: '_ LiquidNocturnal' -> 'LiquidNocturnal'
INFO: Weapon 1: 'WINGMAN'
INFO: Weapon 2: 'MASTIFF'
INFO: 
INFO: >>> Frame 002567
INFO: Player name: '_ LiquidNocturnal' -> 'LiquidNocturnal'
INFO: Weapon 1: 'WINGMAN'
INFO: Weapon 2: 'MASTIFF'
INFO: 
INFO: >>> Frame 002568
INFO: Player name: ' LiguidNocturnal' -> 'LiquidNocturnal'
INFO: Weapon 1: 'WINGMAN'
INFO: Weapon 2: 'MASTIFF'
INFO: 
INFO: >>> Frame 002569
INFO: Player name: '_ LiquidNocturnal' -> 'LiquidNocturnal'
INFO: Weapon 1: 'WINGMAN'
INFO: Weapon 2: 'MASTIFF'
INFO: 
INFO: >>> Frame 002570
INFO: Can't find player name end icon
INFO: 
INFO: >>> Frame 002571
INFO: Can't find player name end icon
INFO: 
INFO: >>> Frame 002572
INFO: Can't find player name end icon
INFO: 
INFO: >>> Frame 002573
INFO: Player name: '_LiquidNocturnal' -> 'LiquidNocturnal'
INFO: Weapon 1: 'WINGMAN'
INFO: Weapon 2: 'MASTIFF'
INFO: 
INFO: >>> Frame 002574
INFO: Player name: '_ LiquidNocturnal' -> 'LiquidNocturnal'
INFO: Weapon 1: 'WINGMAN'
INFO: Weapon 2: 'MASTIFF'
INFO: 
INFO: >>> Frame 002575
INFO: Player name: '_ LiquidNocturnal' -> 'LiquidNocturnal'
INFO: Weapon 1: 'WINGMAN'
INFO: Weapon 2: 'MASTIFF'
INFO: 
INFO: >>> Frame 002576
INFO: Unknown player: '; =~ ft 7 *\n-iquidNocturnal' (best guess: 'LiquidNocturnal', 0.48)
INFO: 
INFO: >>> Frame 002577
INFO: Player name: 'LiquidNocturnal'
INFO: Weapon 1: 'WINGMAN'
INFO: Weapon 2: 'MASTIFF'
INFO: 
INFO: >>> Frame 002578
INFO: Can't find player name end icon
INFO: 
INFO: >>> Frame 002579
INFO: Can't find player name end icon
INFO: 
INFO: >>> Frame 002580
INFO: Can't find player name end icon
INFO: 
INFO: >>> Frame 002581
INFO: Player name: 'snipadown_EW' -> 'Snip3down_EW'
INFO: Weapon 1: 'VOLT'
INFO: Weapon 2: 'FLATLINE'
INFO: 
INFO: >>> Frame 002582
INFO: Player name: 'TSM_ImperialHal' -> 'TSM_ImperialHa1'
INFO: 
INFO: >>> Frame 002583
INFO: Player name: '_LiquidNocturnal' -> 'LiquidNocturnal'
INFO: Weapon 1: 'WINGMAN'
INFO: Weapon 2: 'MASTIFF'
INFO: 
INFO: >>> Frame 002584
INFO: Can't find player name end icon
INFO: 
INFO: >>> Frame 002585
INFO: Can't find player name end icon
INFO: 
INFO: >>> Frame 002586
INFO: Player name: 'sF _zachmazer' -> 'sF_zachmazer'
INFO: Weapon 1: 'MASTIFF'
INFO: Weapon 2: 'SPITFIRE'
INFO: 
INFO: >>> Frame 002587
INFO: Can't find player name end icon
