INFO: 
INFO: >>> Frame 000835
INFO: Can't find player name end icon
INFO: 
INFO: >>> Frame 000836
INFO: Can't find player name end icon
INFO: 
INFO: >>> Frame 000837
INFO: Can't find player name end icon
INFO: 
INFO: >>> Frame 000838
INFO: Can't find player name end icon
INFO: 
INFO: >>> Frame 000839
INFO: Can't find player name end icon
INFO: 
INFO: >>> Frame 000840
INFO: Can't find player name end icon
INFO: 
INFO: >>> Frame 000841
INFO: Can't find player name end icon
INFO: 
INFO: >>> Frame 000842
INFO: Can't find player name end icon
INFO: 
INFO: >>> Frame 000843
INFO: Can't find player name end icon
INFO: 
INFO: >>> Frame 000844
INFO: Can't find player name end icon
INFO: 
INFO: >>> Frame 000845
INFO: Can't find player name end icon
INFO: 
INFO: >>> Frame 000846
INFO: Player name: 'SungNguyenn'
INFO: Weapon 1: 'HEMLOK'
INFO: 
INFO: >>> Frame 000847
INFO: Player name: 'SungNguyenn'
INFO: Weapon 1: 'HEMLOK'
INFO: 
INFO: >>> Frame 000848
INFO: Player name: 'SungNguyenn'
INFO: Weapon 1: 'HEMLOK'
INFO: Weapon 2: 'R-99'
INFO: 
INFO: >>> Frame 000849
INFO: Player name: 'sungNguyenn' -> 'SungNguyenn'
INFO: Weapon 1: 'HEMLOK'
INFO: Weapon 2: 'R-99'
INFO: 
INFO: >>> Frame 000850
INFO: Player name: ', BlurrFlavorz_RX' -> 'BlurrFlavorz_RX'
INFO: Weapon 1: 'SPITFIRE'
INFO: Weapon 2: 'ALTERNATOR'
INFO: 
INFO: >>> Frame 000851
INFO: Player name: ', BlurrFlavorz_RX' -> 'BlurrFlavorz_RX'
INFO: Weapon 1: 'SPITFIRE'
INFO: Weapon 2: 'ALTERNATOR'
INFO: 
INFO: >>> Frame 000852
INFO: Player name: '_BlurrFlavorz_ RX' -> 'BlurrFlavorz_RX'
INFO: Weapon 1: 'SPITFIAE' -> 'SPITFIRE'
INFO: Weapon 2: 'ALTERNATOR'
INFO: 
INFO: >>> Frame 000853
INFO: Player name: ', BlurrFlavorz_RX' -> 'BlurrFlavorz_RX'
INFO: Weapon 1: 'SPITFIRE'
INFO: Weapon 2: 'ALTERNATOR'
INFO: 
INFO: >>> Frame 000854
INFO: Player name: ' BlurrFlavarz_RX' -> 'BlurrFlavorz_RX'
INFO: Weapon 1: 'SPITFIRE'
INFO: Weapon 2: 'ALTERNATOR'
INFO: 
INFO: >>> Frame 000855
INFO: Player name: 'BlurrFlavorz_RX'
INFO: Weapon 1: 'SPITFIRE'
INFO: Weapon 2: 'ALTERNATOR'
INFO: 
INFO: >>> Frame 000856
INFO: Player name: 'HisWattson_RX'
INFO: Weapon 1: 'MASTIFF'
INFO: Weapon 2: 'ALTERNATOR'
INFO: 
INFO: >>> Frame 000857
INFO: Player name: 'HisWattson_RX'
INFO: Weapon 1: 'MASTIFE' -> 'MASTIFF'
INFO: Weapon 2: 'ALTERNATOR'
INFO: 
INFO: >>> Frame 000858
INFO: Player name: 'HisWattson RX' -> 'HisWattson_RX'
INFO: Weapon 1: 'MASTIFF'
INFO: Weapon 2: 'ALTERNATOR'
INFO: 
INFO: >>> Frame 000859
INFO: Player name: '_CLT_mercy' -> 'CLT_mercy'
INFO: Weapon 1: 'SPITFIRE'
INFO: 
INFO: >>> Frame 000860
INFO: Player name: ' CLT_mercy' -> 'CLT_mercy'
INFO: Weapon 1: 'SPITFIRE'
INFO: 
INFO: >>> Frame 000861
INFO: Player name: '_CLT_mercy' -> 'CLT_mercy'
INFO: Weapon 1: 'SPITFIRE'
INFO: 
INFO: >>> Frame 000862
INFO: Player name: 'CLT Bronzay' -> 'CLT Bronzey'
INFO: Weapon 1: '30-30 REPEATE' -> '30-30 REPEATER'
INFO: Weapon 2: 'MASTIFF'
INFO: 
INFO: >>> Frame 000863
INFO: Player name: 'CLT Bronzey'
INFO: Weapon 1: '350-450 REPEATE' -> '30-30 REPEATER'
INFO: Weapon 2: 'MASTIFF'
INFO: 
INFO: >>> Frame 000864
INFO: Can't find player name end icon
INFO: 
INFO: >>> Frame 000865
INFO: Can't find player name end icon
INFO: 
INFO: >>> Frame 000866
INFO: Player name: 'CLT Bronzey'
INFO: Weapon 1: '30-50 REPEATE' -> '30-30 REPEATER'
INFO: Weapon 2: 'MASTIFF'
INFO: 
INFO: >>> Frame 000867
INFO: Player name: 'CLT mercy' -> 'CLT_mercy'
INFO: Weapon 1: 'SPITFIRE'
INFO: 
INFO: >>> Frame 000868
INFO: Player name: 'CLT mercy' -> 'CLT_mercy'
INFO: Weapon 1: 'SPITFIRE'
INFO: 
INFO: >>> Frame 000869
INFO: Player name: 'CLT Bronzey'
INFO: Weapon 1: '40-50 REPEATE' -> '30-30 REPEATER'
INFO: Weapon 2: 'MASTIFF'
INFO: 
INFO: >>> Frame 000870
INFO: Player name: 'CLT Bronzey'
INFO: Weapon 1: '30-30 REPEATE' -> '30-30 REPEATER'
INFO: Weapon 2: 'MASTIFF'
INFO: 
INFO: >>> Frame 000871
INFO: Player name: 'CLT Bronzey'
INFO: Weapon 1: '40-50 REPEATE' -> '30-30 REPEATER'
INFO: Weapon 2: 'MASTIFF'
INFO: 
INFO: >>> Frame 000872
INFO: Player name: 'CLT Pride'
INFO: Weapon 1: 'RE-45'
INFO: Weapon 2: 'MASTIFF'
INFO: 
INFO: >>> Frame 000873
INFO: Player name: 'CLT Pride'
INFO: Weapon 1: 'RE-45'
INFO: Weapon 2: 'MASTIFF'
INFO: 
INFO: >>> Frame 000874
INFO: Player name: 'CLT Pride'
INFO: Weapon 1: 'RE-45'
INFO: Weapon 2: 'MASTIFF'
INFO: 
INFO: >>> Frame 000875
INFO: Player name: 'CLT Bronzey'
INFO: Weapon 1: '30-50 REPEATE' -> '30-30 REPEATER'
INFO: Weapon 2: 'MASTIFF'
INFO: 
INFO: >>> Frame 000876
INFO: Player name: 'HisWattson_RxX' -> 'HisWattson_RX'
INFO: Weapon 1: 'MASTIFF'
INFO: Weapon 2: 'ALTERNATOR'
INFO: 
INFO: >>> Frame 000877
INFO: Player name: 'HisWattson_ RX' -> 'HisWattson_RX'
INFO: Weapon 1: 'MASTIFF'
INFO: Weapon 2: 'ALTERNATOR'
INFO: 
INFO: >>> Frame 000878
INFO: Player name: 'SungNguyenn'
INFO: Weapon 1: 'HEMLOK'
INFO: Weapon 2: 'R-99'
INFO: 
INFO: >>> Frame 000879
INFO: Player name: 'SungNguyenn'
INFO: Weapon 1: 'HEMLOK'
INFO: Weapon 2: 'R-99'
INFO: 
INFO: >>> Frame 000880
INFO: Player name: 'SungNguyenn'
INFO: Weapon 1: 'HEMLGK' -> 'HEMLOK'
INFO: Weapon 2: 'R-99'
INFO: 
INFO: >>> Frame 000881
INFO: Player name: 'SungNguyenn'
INFO: Weapon 1: 'HEMLOK'
INFO: Weapon 2: 'R-99'
INFO: 
INFO: >>> Frame 000882
INFO: Player name: 'SungNguyann' -> 'SungNguyenn'
INFO: Weapon 1: 'HEMLOK'
INFO: Weapon 2: 'R-39.' -> 'R-301'
INFO: 
INFO: >>> Frame 000883
INFO: Player name: ' BlurrFlavorz_RX' -> 'BlurrFlavorz_RX'
INFO: Weapon 1: 'SPITFIRE:' -> 'SPITFIRE'
INFO: Weapon 2: 'ALTERNATOR'
INFO: 
INFO: >>> Frame 000884
INFO: Player name: '_ BlurrFlavorz_RX' -> 'BlurrFlavorz_RX'
INFO: Weapon 1: 'SPITFIRE:' -> 'SPITFIRE'
INFO: Weapon 2: 'ALTERNATOR'
INFO: 
INFO: >>> Frame 000885
INFO: Can't find player name end icon
INFO: 
INFO: >>> Frame 000886
INFO: Player name: '-BlurrFlavorz_AXx' -> 'BlurrFlavorz_RX'
INFO: Weapon 2: 'SLTERNATLIP' -> 'ALTERNATOR'
INFO: 
INFO: >>> Frame 000887
INFO: Player name: '| BlurrFlavorz_ RX' -> 'BlurrFlavorz_RX'
INFO: Weapon 2: 'ALTERNATOR'
INFO: 
INFO: >>> Frame 000888
INFO: Player name: 'MrGreekGodTTV'
INFO: Weapon 1: 'VOLT'
INFO: Weapon 2: 'FLATLINE'
INFO: 
INFO: >>> Frame 000889
INFO: Player name: 'MrGreekGodTTV'
INFO: Weapon 1: 'VOLT'
INFO: Weapon 2: 'FLATLINE'
INFO: 
INFO: >>> Frame 000890
INFO: Player name: 'MrGreekGodTTV-' -> 'MrGreekGodTTV'
INFO: Weapon 1: 'VOLT'
INFO: Weapon 2: 'FLATLINE'
INFO: 
INFO: >>> Frame 000891
INFO: Player name: 'StinkTV'
INFO: Weapon 1: '-HEMLOK' -> 'HEMLOK'
INFO: Weapon 2: 'R-301'
INFO: 
INFO: >>> Frame 000892
INFO: Player name: 'StinkTV'
INFO: Weapon 1: 'HEMLOK'
INFO: Weapon 2: 'R-301'
INFO: 
INFO: >>> Frame 000893
INFO: Player name: 'StinkTV'
INFO: Weapon 1: 'HEMLOK'
INFO: Weapon 2: 'R-301'
INFO: 
INFO: >>> Frame 000894
INFO: Player name: 'StinkTV¥' -> 'StinkTV'
INFO: Weapon 1: 'HEMLOK'
INFO: Weapon 2: 'R-301'
INFO: 
INFO: >>> Frame 000895
INFO: Player name: 'StinkTV'
INFO: Weapon 1: 'HEMLOH' -> 'HEMLOK'
INFO: Unknown weapon: 'ASO' (best guess: 'MASTIFF', 0.71)
INFO: 
INFO: >>> Frame 000896
INFO: Player name: 'StinkTV'
INFO: Weapon 1: 'HEMLOK'
INFO: Weapon 2: 'R-301'
INFO: 
INFO: >>> Frame 000897
INFO: Player name: 'StinkTV'
INFO: Weapon 1: 'HEMLOK'
INFO: Weapon 2: 'R-301'
INFO: 
INFO: >>> Frame 000898
INFO: Player name: '-StinkTV' -> 'StinkTV'
INFO: Weapon 1: 'HEMLOK'
INFO: Weapon 2: 'R-301'
INFO: 
INFO: >>> Frame 000899
INFO: Player name: 'StinkTV'
INFO: Weapon 1: 'HEMLOK'
INFO: Weapon 2: 'R-301'
INFO: 
INFO: >>> Frame 000900
INFO: Can't find player name end icon
INFO: 
INFO: >>> Frame 000901
INFO: Can't find player name end icon
INFO: 
INFO: >>> Frame 000902
INFO: Can't find player name end icon
INFO: 
INFO: >>> Frame 000903
INFO: Can't find player name end icon
INFO: 
INFO: >>> Frame 000904
INFO: Player name: 'Kotigami'
INFO: Weapon 1: 'ALTERNATOR'
INFO: Weapon 2: 'TRIPLE TAKE'
INFO: 
INFO: >>> Frame 000905
INFO: Player name: 'Kotigami'
INFO: Weapon 1: 'ALTERNATOR'
INFO: Weapon 2: 'TRIPLE TAKE'
INFO: 
INFO: >>> Frame 000906
INFO: Player name: 'Kotigami'
INFO: Weapon 1: 'ALTERNATOR'
INFO: Weapon 2: 'TRIPLE TAKE'
INFO: 
INFO: >>> Frame 000907
INFO: Player name: 'CLG jriMadness' -> 'CLG ImMadness'
INFO: Unknown weapon: 'A-39' (best guess: 'R-99', 0.50)
INFO: Weapon 2: 'EVA-8 AUTG' -> 'EVA-8 AUTO'
INFO: 
INFO: >>> Frame 000908
INFO: Player name: ',COL_Iou' -> 'COL_Iou'
INFO: Weapon 1: 'G7 SCOUT'
INFO: Weapon 2: 'FLATLINE'
INFO: 
INFO: >>> Frame 000909
INFO: Player name: 'COL lou' -> 'COL_Iou'
INFO: Weapon 1: 'G7 SCOUT'
INFO: Weapon 2: 'FLATLINE'
INFO: 
INFO: >>> Frame 000910
INFO: Player name: 'CLG Vaxton' -> 'CLG_Vaxlon'
INFO: Weapon 1: 'WINGMAN'
INFO: Weapon 2: 'MASTIFF'
INFO: 
INFO: >>> Frame 000911
INFO: Player name: 'CLG Vaxlon' -> 'CLG_Vaxlon'
INFO: Weapon 1: 'WINGMAN'
INFO: Weapon 2: 'MASTIFF'
INFO: 
INFO: >>> Frame 000912
INFO: Player name: 'CLG Vaxion' -> 'CLG_Vaxlon'
INFO: Weapon 1: 'WINGMAN'
INFO: Weapon 2: 'MASTIFF'
INFO: 
INFO: >>> Frame 000913
INFO: Player name: 'CLG Vaxlon' -> 'CLG_Vaxlon'
INFO: Weapon 1: 'WINGMAN'
INFO: Weapon 2: 'MASTIFF'
INFO: 
INFO: >>> Frame 000914
INFO: Player name: '‘CLG Vaxton' -> 'CLG_Vaxlon'
INFO: Weapon 1: 'WINGMAN'
INFO: Weapon 2: 'MASTIFF'
INFO: 
INFO: >>> Frame 000915
INFO: Player name: 'CLG _Vaxion' -> 'CLG_Vaxlon'
INFO: Weapon 1: 'WINGMAN'
INFO: Weapon 2: 'MASTIFF'
INFO: 
INFO: >>> Frame 000916
INFO: Player name: 'CLG Vaxlon' -> 'CLG_Vaxlon'
INFO: Weapon 1: 'WINGMAN'
INFO: Weapon 2: 'MASTIFF'
INFO: 
INFO: >>> Frame 000917
INFO: Player name: 'CLG Vaxlon' -> 'CLG_Vaxlon'
INFO: Weapon 1: 'WINGMAN'
INFO: Weapon 2: 'MASTIFF'
INFO: 
INFO: >>> Frame 000918
INFO: Player name: 'CLG _Vaxlon' -> 'CLG_Vaxlon'
INFO: Weapon 1: 'WINGMAN'
INFO: Weapon 2: 'MASTIFF'
INFO: 
INFO: >>> Frame 000919
INFO: Player name: 'CLG Vaxion' -> 'CLG_Vaxlon'
INFO: Weapon 1: 'WINGMAN'
INFO: Weapon 2: 'MASTIFF'
INFO: 
INFO: >>> Frame 000920
INFO: Player name: 'CLG Vaxion' -> 'CLG_Vaxlon'
INFO: Weapon 1: 'WINGMAN'
INFO: Weapon 2: 'MASTIFF'
INFO: 
INFO: >>> Frame 000921
INFO: Player name: 'CLG_Vaxlon'
INFO: Weapon 1: 'WINGMAN'
INFO: Weapon 2: 'MASTIFF'
INFO: 
INFO: >>> Frame 000922
INFO: Player name: 'CLG_Vaxlon'
INFO: Weapon 1: 'WINGMAN'
INFO: Weapon 2: 'MASTIFF'
INFO: 
INFO: >>> Frame 000923
INFO: Player name: 'CLG Vaxlon' -> 'CLG_Vaxlon'
INFO: Weapon 1: 'WINGMAN'
INFO: Weapon 2: 'MASTIFF'
INFO: 
INFO: >>> Frame 000924
INFO: Player name: 'CLG Vaxlon' -> 'CLG_Vaxlon'
INFO: Weapon 1: 'WINGMAN'
INFO: Weapon 2: 'MAS TIFF' -> 'MASTIFF'
INFO: 
INFO: >>> Frame 000925
INFO: Player name: '. sF_Resultuh' -> 'sF_Resultuh'
INFO: Weapon 1: 'EVA-8 AUTO'
INFO: Weapon 2: 'G7 SCOUT'
INFO: 
INFO: >>> Frame 000926
INFO: Player name: '_sF_Resultuh' -> 'sF_Resultuh'
INFO: Weapon 1: 'EVA-8 AUTO'
INFO: Weapon 2: 'G7 SCOUT'
INFO: 
INFO: >>> Frame 000927
INFO: Player name: 'SF _Resultuh' -> 'sF_Resultuh'
INFO: Weapon 1: 'EVA-8 AUTO'
INFO: Weapon 2: 'G7 SCOUT'
INFO: 
INFO: >>> Frame 000928
INFO: Player name: '_sF_Resultuh' -> 'sF_Resultuh'
INFO: Weapon 1: 'EVA-8 AUTO'
INFO: Weapon 2: 'G7 SCOUT'
INFO: 
INFO: >>> Frame 000929
INFO: Player name: '_SF_Resultuh' -> 'sF_Resultuh'
INFO: Weapon 1: 'EVA-8 AUTO'
INFO: Weapon 2: 'G7 SCOUT'
INFO: 
INFO: >>> Frame 000930
INFO: Player name: '_SF_Resultuh' -> 'sF_Resultuh'
INFO: Weapon 1: 'EVA-8 AUTO'
INFO: Weapon 2: 'G7 SCOUT'
INFO: 
INFO: >>> Frame 000931
INFO: Player name: '-sF_Resultuh' -> 'sF_Resultuh'
INFO: Weapon 1: 'EVA-B AUTO' -> 'EVA-8 AUTO'
INFO: Weapon 2: 'G7 SCOUT'
INFO: 
INFO: >>> Frame 000932
INFO: Player name: 'SF _Resultuh' -> 'sF_Resultuh'
INFO: Weapon 1: 'EVA-8 AUTO'
INFO: Weapon 2: 'G? SCOUT' -> 'G7 SCOUT'
INFO: 
INFO: >>> Frame 000933
INFO: Player name: 'SF _Resultuh' -> 'sF_Resultuh'
INFO: Weapon 1: 'EVA-8 AUTO'
INFO: Weapon 2: 'G7 SCOUT'
INFO: 
INFO: >>> Frame 000934
INFO: Player name: 'Sauceror'
INFO: Weapon 2: 'MASTIFF'
INFO: 
INFO: >>> Frame 000935
INFO: Player name: 'Saucerot' -> 'Sauceror'
INFO: Weapon 2: 'MASTIFF'
INFO: 
INFO: >>> Frame 000936
INFO: Player name: 'Sauceror'
INFO: Weapon 1: 'R-99'
INFO: Weapon 2: 'MASTIFF'
INFO: 
INFO: >>> Frame 000937
INFO: Player name: 'Sauceror'
INFO: Weapon 1: 'R-99'
INFO: Weapon 2: 'MASTIFF'
INFO: 
INFO: >>> Frame 000938
INFO: Can't find player name end icon
INFO: 
INFO: >>> Frame 000939
INFO: Can't find player name end icon
INFO: 
INFO: >>> Frame 000940
INFO: Player name: 'bowswerr'
INFO: Weapon 1: 'G7 SCOUT'
INFO: Weapon 2: 'EVA-8 AUTO'
INFO: 
INFO: >>> Frame 000941
INFO: Player name: 'bowswerr'
INFO: Weapon 1: 'G7 SCOUT'
INFO: Weapon 2: 'EVA-3 AUTO' -> 'EVA-8 AUTO'
INFO: 
INFO: >>> Frame 000942
INFO: Player name: 'bowswerr'
INFO: Weapon 1: 'G7 SCOUT'
INFO: Weapon 2: 'EVA-8 AUTO'
INFO: 
INFO: >>> Frame 000943
INFO: Player name: 'CLG _PowPow' -> 'CLG_PowPow'
INFO: Weapon 1: 'FLATLINE'
INFO: Weapon 2: 'EVA-B AUTO' -> 'EVA-8 AUTO'
INFO: 
INFO: >>> Frame 000944
INFO: Player name: 'CLG_PowPow'
INFO: Weapon 1: 'FLATLINE'
INFO: Weapon 2: 'EVA-B AUTO' -> 'EVA-8 AUTO'
INFO: 
INFO: >>> Frame 000945
INFO: Player name: 'CLG PowPow' -> 'CLG_PowPow'
INFO: Weapon 1: 'FLATLINE'
INFO: Weapon 2: 'EVA-8 AUTO'
INFO: 
INFO: >>> Frame 000946
INFO: Player name: 'CLG_PowPow'
INFO: Weapon 1: 'FLATLINE'
INFO: Weapon 2: 'EVA-8 AUTO'
INFO: 
INFO: >>> Frame 000947
INFO: Player name: 'CLG _PowPow' -> 'CLG_PowPow'
INFO: Weapon 1: 'FLATLINE'
INFO: Weapon 2: 'EVA-8 AUTO'
INFO: 
INFO: >>> Frame 000948
INFO: Player name: 'CLG PowPow' -> 'CLG_PowPow'
INFO: Weapon 1: 'FLATLINE'
INFO: Weapon 2: 'EVA-38 AUTO' -> 'EVA-8 AUTO'
INFO: 
INFO: >>> Frame 000949
INFO: Player name: 'SEN_senoxe'
INFO: Weapon 1: 'TRIPLE TAKE'
INFO: Weapon 2: 'R-301'
INFO: 
INFO: >>> Frame 000950
INFO: Player name: 'SEN senoxe' -> 'SEN_senoxe'
INFO: Weapon 1: 'TRIPLE TAKE'
INFO: Weapon 2: 'R-30)' -> 'R-301'
INFO: 
INFO: >>> Frame 000951
INFO: Player name: 'SEN senoxe' -> 'SEN_senoxe'
INFO: Weapon 1: 'TRIPLE TAKE'
INFO: Weapon 2: 'R-301'
INFO: 
INFO: >>> Frame 000952
INFO: Player name: 'SEN_sanoxe' -> 'SEN_senoxe'
INFO: Weapon 1: 'TRIPLE TAKE'
INFO: Weapon 2: 'R-30)' -> 'R-301'
INFO: 
INFO: >>> Frame 000953
INFO: Player name: 'SEN_senoxe'
INFO: Weapon 1: 'TRIPLE TAKE'
INFO: Weapon 2: 'R-301'
INFO: 
INFO: >>> Frame 000954
INFO: Player name: 'SEN_senoxe'
INFO: Weapon 1: 'TRIPLE TAKE'
INFO: Weapon 2: 'R-301'
INFO: 
INFO: >>> Frame 000955
INFO: Player name: 'SEN senoxe' -> 'SEN_senoxe'
INFO: Weapon 1: 'TRIPLE TAKE'
INFO: Weapon 2: 'R-301'
INFO: 
INFO: >>> Frame 000956
INFO: Player name: 'SEN _senoxe' -> 'SEN_senoxe'
INFO: Weapon 1: 'TRIPLE TAKE'
INFO: Weapon 2: 'R-30)' -> 'R-301'
INFO: 
INFO: >>> Frame 000957
INFO: Can't find player name end icon
INFO: 
INFO: >>> Frame 000958
INFO: Player name: 'TSM _ImperialHal' -> 'TSM_ImperialHa1'
INFO: Weapon 2: 'EVA-B AUTO' -> 'EVA-8 AUTO'
INFO: 
INFO: >>> Frame 000959
INFO: Can't find player name end icon
INFO: 
INFO: >>> Frame 000960
INFO: Player name: 'TSM_ImperialHal' -> 'TSM_ImperialHa1'
INFO: Weapon 1: 'R-99'
INFO: Weapon 2: 'EVA-2 AUTO' -> 'EVA-8 AUTO'
INFO: 
INFO: >>> Frame 000961
INFO: Player name: 'TSM _ImperialHal' -> 'TSM_ImperialHa1'
INFO: Weapon 1: 'R-99'
INFO: Weapon 2: 'EV4-8 AUTO' -> 'EVA-8 AUTO'
INFO: 
INFO: >>> Frame 000962
INFO: Can't find player name end icon
INFO: 
INFO: >>> Frame 000963
INFO: Can't find player name end icon
INFO: 
INFO: >>> Frame 000964
INFO: Can't find player name end icon
INFO: 
INFO: >>> Frame 000965
INFO: Player name: 'NPL_OMGRONNIE' -> 'NPL_OMGRONN1E'
INFO: Weapon 1: 'EVA-8 AUTO'
INFO: Weapon 2: 'VOLT'
INFO: 
INFO: >>> Frame 000966
INFO: Player name: 'NPLOMGRONNIE' -> 'NPL_OMGRONN1E'
INFO: Weapon 1: 'EVA-8 AUTO'
INFO: Weapon 2: 'VOLT'
INFO: 
INFO: >>> Frame 000967
INFO: Player name: 'NPL OMGRONNIE' -> 'NPL_OMGRONN1E'
INFO: Weapon 1: 'EVA-8 AUTO'
INFO: Weapon 2: 'VOLT'
INFO: 
INFO: >>> Frame 000968
INFO: Can't find player name end icon
INFO: 
INFO: >>> Frame 000969
INFO: Player name: 'NPL_OMGRONNIE' -> 'NPL_OMGRONN1E'
INFO: Weapon 1: 'EVA-98 AUTO' -> 'EVA-8 AUTO'
INFO: Weapon 2: 'VOLT'
INFO: 
INFO: >>> Frame 000970
INFO: Player name: 'gcrook' -> 'qcrook'
INFO: Weapon 1: 'CHARGE RIFLE'
INFO: Weapon 2: 'MASTIFF'
INFO: 
INFO: >>> Frame 000971
INFO: Player name: 'NPL_OMGRONNIE' -> 'NPL_OMGRONN1E'
INFO: Weapon 1: 'EVA-8 AUTO'
INFO: Weapon 2: 'VOLT'
INFO: 
INFO: >>> Frame 000972
INFO: Player name: 'NPL OMGRONNIE' -> 'NPL_OMGRONN1E'
INFO: Weapon 1: 'EVA-8 AUTO'
INFO: Weapon 2: 'VOLT'
INFO: 
INFO: >>> Frame 000973
INFO: Unknown player: ' geraok' (best guess: 'qcrook', 0.57)
INFO: 
INFO: >>> Frame 000974
INFO: Player name: 'HRN_Hill'
INFO: Weapon 1: 'TRIPLE TAKE'
INFO: Weapon 2: 'VOLT'
INFO: 
INFO: >>> Frame 000975
INFO: Player name: 'HRN Hill' -> 'HRN_Hill'
INFO: Weapon 1: 'TRIPLE TAKE'
INFO: Weapon 2: 'VOLT'
INFO: 
INFO: >>> Frame 000976
INFO: Player name: 'HRN_Hill'
INFO: Weapon 1: 'TRIPLE TAKE'
INFO: Weapon 2: 'VOLT'
INFO: 
INFO: >>> Frame 000977
INFO: Player name: 'HRN_Hill'
INFO: Weapon 1: 'TRIPLE TAKE'
INFO: Weapon 2: 'VOLT'
INFO: 
INFO: >>> Frame 000978
INFO: Player name: 'HRN Hill' -> 'HRN_Hill'
INFO: Weapon 1: 'TRIPLE TAKE'
INFO: Weapon 2: 'VOLT'
INFO: 
INFO: >>> Frame 000979
INFO: Player name: 'HRN _Hill' -> 'HRN_Hill'
INFO: Weapon 1: 'TRIPLE TAKE'
INFO: Weapon 2: 'VOLT'
INFO: 
INFO: >>> Frame 000980
INFO: Player name: 'HRN_Rkn'
INFO: Weapon 1: 'SPITFIRE'
INFO: Weapon 2: 'VOLT'
INFO: 
INFO: >>> Frame 000981
INFO: Player name: 'HRN_Rkn'
INFO: Weapon 1: 'SPITFIRE'
INFO: Weapon 2: 'VOLT'
INFO: 
INFO: >>> Frame 000982
INFO: Player name: 'HRN_Rkn'
INFO: Weapon 1: 'SPITFIRE.' -> 'SPITFIRE'
INFO: Weapon 2: 'VOLT'
INFO: 
INFO: >>> Frame 000983
INFO: Player name: 'HRN_Rkn'
INFO: Weapon 1: 'SPITFIRE'
INFO: Weapon 2: 'VOLT'
INFO: 
INFO: >>> Frame 000984
INFO: Player name: 'HRN_Rkn'
INFO: Weapon 1: 'SPITFIRE'
INFO: Weapon 2: 'VOLT'
INFO: 
INFO: >>> Frame 000985
INFO: Player name: 'HRN_Rkn'
INFO: Weapon 1: 'SPITFIRE'
INFO: Weapon 2: 'VOLT'
INFO: 
INFO: >>> Frame 000986
INFO: Player name: 'HRN_Rkn'
INFO: Weapon 1: 'SPITFIRE'
INFO: Weapon 2: 'VOLT'
INFO: 
INFO: >>> Frame 000987
INFO: Player name: 'HRN_Rkn'
INFO: Weapon 1: 'SPITFIRE'
INFO: Weapon 2: 'VOLT'
INFO: 
INFO: >>> Frame 000988
INFO: Player name: 'HRN_Rkn'
INFO: Weapon 1: 'SPITFIRE'
INFO: Weapon 2: 'VOLT'
INFO: 
INFO: >>> Frame 000989
INFO: Player name: 'HRN_Rkn'
INFO: Weapon 1: 'SPITFIRE'
INFO: Weapon 2: 'VOLT'
INFO: 
INFO: >>> Frame 000990
INFO: Player name: 'HRN_Rkn'
INFO: Weapon 1: 'SPITFIRE'
INFO: Weapon 2: 'VOLT'
INFO: 
INFO: >>> Frame 000991
INFO: Player name: 'HRN_Rkn'
INFO: Weapon 1: 'SPITFIRE'
INFO: Weapon 2: 'VOLT'
INFO: 
INFO: >>> Frame 000992
INFO: Player name: 'HRN_Rkn'
INFO: Weapon 1: 'SPITFIRE'
INFO: Weapon 2: 'VOLT'
INFO: 
INFO: >>> Frame 000993
INFO: Player name: 'HRN_Rkn'
INFO: Weapon 1: 'SPITFIRE'
INFO: Weapon 2: 'VOLT'
INFO: 
INFO: >>> Frame 000994
INFO: Player name: 'HRN _Rkn' -> 'HRN_Rkn'
INFO: Weapon 1: 'SPITFIRE'
INFO: Weapon 2: 'VOLT'
INFO: 
INFO: >>> Frame 000995
INFO: Player name: 'HRN_Rkn'
INFO: Weapon 1: 'SPITFIRE'
INFO: Weapon 2: 'VOLT'
INFO: 
INFO: >>> Frame 000996
INFO: Player name: 'Reps_TSM'
INFO: Weapon 1: 'MASTIFF'
INFO: Weapon 2: 'G7 SCOUT'
INFO: 
INFO: >>> Frame 000997
INFO: Player name: '_Reps_TSM' -> 'Reps_TSM'
INFO: Weapon 1: 'MASTIFF'
INFO: Weapon 2: 'G7 SCOUT'
INFO: 
INFO: >>> Frame 000998
INFO: Player name: 'Reps_TSM'
INFO: Weapon 1: 'MASTIFF'
INFO: Weapon 2: 'G7 SCOUT'
INFO: 
INFO: >>> Frame 000999
INFO: Player name: 'TSM_ImperialHal' -> 'TSM_ImperialHa1'
INFO: Weapon 1: 'R-301'
INFO: Weapon 2: 'EVA-8 AUTO'
INFO: 
INFO: >>> Frame 001000
INFO: Can't find player name end icon
INFO: 
INFO: >>> Frame 001001
INFO: Player name: 'HRN_Rkn'
INFO: Weapon 1: 'SPITFIRE'
INFO: Weapon 2: 'YOLT' -> 'VOLT'
INFO: 
INFO: >>> Frame 001002
INFO: Player name: 'HRN_Rkn'
INFO: Weapon 1: 'SPITFIRE:' -> 'SPITFIRE'
INFO: Weapon 2: 'VOLT'
INFO: 
INFO: >>> Frame 001003
INFO: Player name: 'HRN_Rkn'
INFO: Weapon 1: '‘SPITFIRE' -> 'SPITFIRE'
INFO: Weapon 2: 'VOLT'
INFO: 
INFO: >>> Frame 001004
INFO: Player name: '-HRN_Rkn' -> 'HRN_Rkn'
INFO: Weapon 1: 'SPITFIRE'
INFO: Weapon 2: 'VOLT'
INFO: 
INFO: >>> Frame 001005
INFO: Player name: 'HRN_Rkn'
INFO: Weapon 1: 'SPITFIRE'
INFO: Weapon 2: 'VOLT'
INFO: 
INFO: >>> Frame 001006
INFO: Player name: 'HRN _Rkn' -> 'HRN_Rkn'
INFO: Weapon 1: 'SPITFIRE'
INFO: Weapon 2: 'VOLT'
INFO: 
INFO: >>> Frame 001007
INFO: Player name: 'HRN_Rkn'
INFO: Weapon 1: 'SPITFIRE'
INFO: Weapon 2: 'VOLT'
INFO: 
INFO: >>> Frame 001008
INFO: Player name: 'HRN_Rkn'
INFO: Weapon 1: 'SPITFIRE'
INFO: Weapon 2: 'VOLT'
INFO: 
INFO: >>> Frame 001009
INFO: Player name: 'HRN_Rkn'
INFO: Weapon 1: 'SPITFIRE'
INFO: Weapon 2: 'VOLT'
INFO: 
INFO: >>> Frame 001010
INFO: Player name: 'HRN_Rkn'
INFO: Weapon 1: 'SPITFIRE'
INFO: Weapon 2: 'VOLT'
INFO: 
INFO: >>> Frame 001011
INFO: Player name: 'HRN_Rkn'
INFO: Weapon 1: 'SPITFIRE'
INFO: Weapon 2: 'VOLT'
INFO: 
INFO: >>> Frame 001012
INFO: Player name: 'HRN _Rkn' -> 'HRN_Rkn'
INFO: Weapon 1: 'SPITFIRE'
INFO: Weapon 2: 'VOLT'
INFO: 
INFO: >>> Frame 001013
INFO: Player name: 'HRN_Rkn'
INFO: Weapon 1: 'SPITFIRE'
INFO: Weapon 2: 'VOLT'
INFO: 
INFO: >>> Frame 001014
INFO: Player name: 'ClaneSZN'
INFO: Weapon 1: 'R-99'
INFO: Weapon 2: 'FLATLINE'
INFO: 
INFO: >>> Frame 001015
INFO: Player name: 'ClaneSZN'
INFO: Weapon 1: 'R-99'
INFO: Weapon 2: 'FLATLINE'
INFO: 
INFO: >>> Frame 001016
INFO: Player name: 'ClaneSZN'
INFO: Weapon 1: 'R-99'
INFO: Weapon 2: 'FLATLINE'
INFO: 
INFO: >>> Frame 001017
INFO: Player name: 'ClaneSZN'
INFO: Weapon 1: 'R-99'
INFO: Weapon 2: 'FLATLINE'
INFO: 
INFO: >>> Frame 001018
INFO: Player name: 'ClaneSZN'
INFO: Weapon 1: 'R-99'
INFO: Weapon 2: 'FLATLINE'
INFO: 
INFO: >>> Frame 001019
INFO: Player name: 'ClaneSZN'
INFO: Weapon 1: 'R-99'
INFO: Weapon 2: 'FLATLINE'
INFO: 
INFO: >>> Frame 001020
INFO: Player name: '“ClaneSZN' -> 'ClaneSZN'
INFO: Weapon 1: 'R-99'
INFO: Weapon 2: 'FLATLINE'
INFO: 
INFO: >>> Frame 001021
INFO: Can't find player name end icon
INFO: 
INFO: >>> Frame 001022
INFO: Can't find player name end icon
INFO: 
INFO: >>> Frame 001023
INFO: Player name: 'ClaneSZN'
INFO: Weapon 1: 'R-99'
INFO: Weapon 2: 'FLATLINE'
INFO: 
INFO: >>> Frame 001024
INFO: Player name: 'ClaneSZN'
INFO: Weapon 1: 'R-99'
INFO: Weapon 2: 'FLATLINE'
INFO: 
INFO: >>> Frame 001025
INFO: Player name: 'ClaneSZN'
INFO: Weapon 1: 'R-99'
INFO: Weapon 2: 'FLATLINE'
INFO: 
INFO: >>> Frame 001026
INFO: Player name: 'ClaneSZN'
INFO: Weapon 1: 'R-99'
INFO: Weapon 2: 'FLATLINE'
INFO: 
INFO: >>> Frame 001027
INFO: Player name: 'ClaneSZN'
INFO: Weapon 1: 'R-99'
INFO: Weapon 2: 'FLATLINE'
INFO: 
INFO: >>> Frame 001028
INFO: Player name: 'ClaneSZN'
INFO: Weapon 1: 'R-99'
INFO: Weapon 2: 'FLATLINE'
INFO: 
INFO: >>> Frame 001029
INFO: Player name: 'ClaneSZN'
INFO: Weapon 1: 'R-99'
INFO: Weapon 2: 'FLATLINE'
INFO: 
INFO: >>> Frame 001030
INFO: Can't find player name end icon
INFO: 
INFO: >>> Frame 001031
INFO: Can't find player name end icon
INFO: 
INFO: >>> Frame 001032
INFO: Can't find player name end icon
INFO: 
INFO: >>> Frame 001033
INFO: Player name: 'KeniFPS'
INFO: Weapon 1: '30-30 REPEATER'
INFO: Weapon 2: 'VOLT'
INFO: 
INFO: >>> Frame 001034
INFO: Player name: 'COL FunFPs' -> 'COL_FunFPS'
INFO: Weapon 1: 'SENTINEL'
INFO: Weapon 2: 'R-99'
INFO: 
INFO: >>> Frame 001035
INFO: Player name: 'KeniFPS'
INFO: Weapon 1: '40-30 REPEATER' -> '30-30 REPEATER'
INFO: Weapon 2: 'VOLT'
INFO: 
INFO: >>> Frame 001036
INFO: Player name: 'ClaneSZN'
INFO: Weapon 1: 'R-99'
INFO: Weapon 2: 'FLATLINE'
INFO: 
INFO: >>> Frame 001037
INFO: Player name: 'Claneszn' -> 'ClaneSZN'
INFO: Weapon 1: 'R-99'
INFO: Weapon 2: 'FLATLINE'
INFO: 
INFO: >>> Frame 001038
INFO: Player name: "'ClarieSZN." -> 'ClaneSZN'
INFO: Weapon 1: 'R-99'
INFO: Weapon 2: 'FLATLINE'
INFO: 
INFO: >>> Frame 001039
INFO: Player name: 'ClaneSZN'
INFO: Weapon 1: 'R-99'
INFO: Weapon 2: 'FLATLINE'
INFO: 
INFO: >>> Frame 001040
INFO: Player name: 'ClaneSZN'
INFO: Weapon 1: 'R-99'
INFO: Weapon 2: 'FLATLINE'
INFO: 
INFO: >>> Frame 001041
INFO: Player name: 'ClaneSZN'
INFO: Weapon 1: 'R-99'
INFO: Weapon 2: 'FLATLINE'
INFO: 
INFO: >>> Frame 001042
INFO: Player name: 'ClaneSZN'
INFO: Weapon 1: 'R-99'
INFO: Weapon 2: 'FLATLINE'
INFO: 
INFO: >>> Frame 001043
INFO: Player name: 'ClaneSZN'
INFO: Weapon 1: 'R-99'
INFO: Weapon 2: 'FLATLINE'
INFO: 
INFO: >>> Frame 001044
INFO: Player name: 'ClaneSZN'
INFO: Weapon 1: 'R-99'
INFO: Weapon 2: 'FLATLINE'
INFO: 
INFO: >>> Frame 001045
INFO: Player name: 'ClaneSZN'
INFO: Weapon 1: 'R-99'
INFO: Weapon 2: 'FLATLINE'
INFO: 
INFO: >>> Frame 001046
INFO: Player name: 'ClaneSZN'
INFO: Weapon 1: 'R-99'
INFO: Weapon 2: 'FLATLINE'
INFO: 
INFO: >>> Frame 001047
INFO: Player name: 'ClaneSZN'
INFO: Weapon 1: 'R-99'
INFO: Weapon 2: 'FLATLINE'
INFO: 
INFO: >>> Frame 001048
INFO: Player name: '-COL_FunFPs' -> 'COL_FunFPS'
INFO: Weapon 1: 'SENTINEL'
INFO: Weapon 2: 'R-99'
INFO: 
INFO: >>> Frame 001049
INFO: Player name: '-COL_FunFPs' -> 'COL_FunFPS'
INFO: Weapon 1: 'SENTINEL'
INFO: Weapon 2: 'R-99'
INFO: 
INFO: >>> Frame 001050
INFO: Player name: 'COL_FunFPS'
INFO: Weapon 1: 'SENTINEL'
INFO: Weapon 2: 'R-99'
INFO: 
INFO: >>> Frame 001051
INFO: Player name: 'CLG ImMadness'
INFO: Weapon 1: 'R-99'
INFO: Weapon 2: 'EVA-8 AUTO'
INFO: 
INFO: >>> Frame 001052
INFO: Player name: 'CLG ImMadness'
INFO: Weapon 2: 'EVA-8 AUTO'
INFO: 
INFO: >>> Frame 001053
INFO: Player name: '“CLG ImMadness' -> 'CLG ImMadness'
INFO: Weapon 1: 'R-99'
INFO: Weapon 2: 'EVA-8 AUTO'
INFO: 
INFO: >>> Frame 001054
INFO: Player name: 'COLI' -> 'COL_Iou'
INFO: Weapon 2: 'EVA-B AUTO' -> 'EVA-8 AUTO'
INFO: 
INFO: >>> Frame 001055
INFO: Player name: 'COL lou' -> 'COL_Iou'
INFO: Weapon 2: 'FLATLINE'
INFO: 
INFO: >>> Frame 001056
INFO: Player name: 'CLG Vaxlon' -> 'CLG_Vaxlon'
INFO: Weapon 1: 'WINGMAN'
INFO: Weapon 2: 'EVA-8 AUTO'
INFO: 
INFO: >>> Frame 001057
INFO: Can't find player name end icon
INFO: 
INFO: >>> Frame 001058
INFO: Can't find player name end icon
INFO: 
INFO: >>> Frame 001059
INFO: Can't find player name end icon
INFO: 
INFO: >>> Frame 001060
INFO: Player name: 'CLG ImMadness'
INFO: Weapon 1: 'WINGMAN'
INFO: Weapon 2: 'EVA-B AUTO' -> 'EVA-8 AUTO'
INFO: 
INFO: >>> Frame 001061
INFO: Player name: 'CLG ImMadness'
INFO: Weapon 1: 'WINGMAN'
INFO: Weapon 2: 'EVA-8 AUTO'
INFO: 
INFO: >>> Frame 001062
INFO: Player name: 'CLG ImMadness'
INFO: Weapon 2: 'EVA-38 AUTO' -> 'EVA-8 AUTO'
INFO: 
INFO: >>> Frame 001063
INFO: Player name: 'CLG ImMadness'
INFO: Weapon 2: 'EVA-3 AUTO' -> 'EVA-8 AUTO'
INFO: 
INFO: >>> Frame 001064
INFO: Player name: 'COL_lou' -> 'COL_Iou'
INFO: Weapon 1: 'G7 SCOUT'
INFO: Weapon 2: 'FLATLINE'
INFO: 
INFO: >>> Frame 001065
INFO: Player name: '_COL_lou' -> 'COL_Iou'
INFO: Weapon 1: 'G7 SCOUT'
INFO: Weapon 2: 'FLATLINE'
INFO: 
INFO: >>> Frame 001066
INFO: Player name: ',COL_lou' -> 'COL_Iou'
INFO: Weapon 1: 'G7 SCOUT'
INFO: Weapon 2: 'FLATLINE'
INFO: 
INFO: >>> Frame 001067
INFO: Player name: 'COL_ou' -> 'COL_Iou'
INFO: Weapon 1: 'G7 SCOUT'
INFO: Weapon 2: 'FLATLINE'
INFO: 
INFO: >>> Frame 001068
INFO: Player name: ',COL_lou' -> 'COL_Iou'
INFO: Weapon 1: 'G7 SCOUT'
INFO: Weapon 2: 'FLATLINE'
INFO: 
INFO: >>> Frame 001069
INFO: Player name: 'COL Jou' -> 'COL_Iou'
INFO: Weapon 1: 'G7 SCOUT'
INFO: Weapon 2: 'FLATLINE'
INFO: 
INFO: >>> Frame 001070
INFO: Player name: 'StinkTV'
INFO: Weapon 1: 'EVA-d AUTH' -> 'EVA-8 AUTO'
INFO: Weapon 2: 'R-301'
INFO: 
INFO: >>> Frame 001071
INFO: Player name: 'Kotigami'
INFO: Weapon 1: 'EVA-S AUTO' -> 'EVA-8 AUTO'
INFO: Weapon 2: 'R-301'
INFO: 
INFO: >>> Frame 001072
INFO: Player name: 'MrGreekGodTTV'
INFO: Weapon 1: 'VOLT'
INFO: Weapon 2: 'TRIPLE TAKE'
INFO: 
INFO: >>> Frame 001073
INFO: Player name: 'MrGreekGodTTV'
INFO: Weapon 1: 'VOLT'
INFO: Weapon 2: 'TRIPLE TAKE'
INFO: 
INFO: >>> Frame 001074
INFO: Player name: 'Kotigami'
INFO: Weapon 1: 'G7? SCOUT' -> 'G7 SCOUT'
INFO: Weapon 2: 'FLATLINE'
INFO: 
INFO: >>> Frame 001075
INFO: Player name: 'Kotigami'
INFO: Weapon 1: 'G7 SEOUT' -> 'G7 SCOUT'
INFO: Weapon 2: 'FLATLINE'
INFO: 
INFO: >>> Frame 001076
INFO: Player name: 'Kotigami'
INFO: Weapon 1: 'G7? SCOUT' -> 'G7 SCOUT'
INFO: Weapon 2: 'FLATLINE'
INFO: 
INFO: >>> Frame 001077
INFO: Player name: 'MrGreekGodTTV'
INFO: Weapon 1: 'VOLT'
INFO: Weapon 2: 'TRIPLE TAKE'
INFO: 
INFO: >>> Frame 001078
INFO: 
INFO: >>> Frame 001079
INFO: Can't find player name end icon
INFO: 
INFO: >>> Frame 001080
INFO: Can't find player name end icon
INFO: 
INFO: >>> Frame 001081
INFO: Can't find player name end icon
INFO: 
INFO: >>> Frame 001082
INFO: Can't find player name end icon
INFO: 
INFO: >>> Frame 001083
INFO: Player name: 'Kotigami'
INFO: Weapon 1: 'G7 SCOUT'
INFO: Weapon 2: 'FLATLINE'
INFO: 
INFO: >>> Frame 001084
INFO: Player name: 'Kotigam|' -> 'Kotigami'
INFO: Weapon 1: 'G7 SCOUT'
INFO: Weapon 2: 'FLATLINE'
INFO: 
INFO: >>> Frame 001085
INFO: Player name: 'Kotigami'
INFO: Weapon 1: 'G? SCOUT' -> 'G7 SCOUT'
INFO: Weapon 2: 'FLATLINE'
INFO: 
INFO: >>> Frame 001086
INFO: Player name: 'MrGreaekGodTTVv' -> 'MrGreekGodTTV'
INFO: Weapon 1: 'VOLT'
INFO: Weapon 2: 'TRIPLE TAKE'
INFO: 
INFO: >>> Frame 001087
INFO: Player name: 'MrGreekGodTTV'
INFO: Weapon 1: 'VOLT'
INFO: Weapon 2: 'TRIPLE TAKE'
INFO: 
INFO: >>> Frame 001088
INFO: Player name: 'StinkTV'
INFO: Weapon 1: 'EVA-8 AUTO'
INFO: Weapon 2: 'R-301'
INFO: 
INFO: >>> Frame 001089
INFO: Player name: 'StinkTV'
INFO: Weapon 1: 'EVA-8 AUTO'
INFO: Weapon 2: 'R-301'
INFO: 
INFO: >>> Frame 001090
INFO: Player name: 'MrGreekGodTTV'
INFO: Weapon 1: 'EVA-8 AUTO'
INFO: Weapon 2: 'R-301'
INFO: 
INFO: >>> Frame 001091
INFO: Player name: 'Kotigami'
INFO: Weapon 1: 'G7 SCOUT'
INFO: Weapon 2: 'FLATLINE'
INFO: 
INFO: >>> Frame 001092
INFO: Player name: 'Kotigami'
INFO: Weapon 1: 'G7 SCOUT'
INFO: Weapon 2: 'FLATLINE'
INFO: 
INFO: >>> Frame 001093
INFO: Player name: 'Kotigami'
INFO: Weapon 1: 'G7 SCOUT'
INFO: Weapon 2: 'FLATLINE'
INFO: 
INFO: >>> Frame 001094
INFO: Player name: 'Kotigami'
INFO: Weapon 1: 'G7 SCOUT'
INFO: Weapon 2: 'FLATLINE'
INFO: 
INFO: >>> Frame 001095
INFO: Player name: 'Kotigami'
INFO: Weapon 1: 'G7 SCOUT'
INFO: Weapon 2: 'FLATLINE'
INFO: 
INFO: >>> Frame 001096
INFO: Player name: 'Kotigami'
INFO: Weapon 1: 'G7 SCOUT'
INFO: Weapon 2: 'FLATLINE'
INFO: 
INFO: >>> Frame 001097
INFO: Player name: 'Kotigami'
INFO: Weapon 1: 'G7 SCOUT'
INFO: Weapon 2: 'FLATLINE'
INFO: 
INFO: >>> Frame 001098
INFO: Player name: 'StinkTV'
INFO: Weapon 1: 'G7 SCOUT'
INFO: Weapon 2: 'FLATLINE'
INFO: 
INFO: >>> Frame 001099
INFO: Can't find player name end icon
INFO: 
INFO: >>> Frame 001100
INFO: Can't find player name end icon
INFO: 
INFO: >>> Frame 001101
INFO: Player name: 'MrGreekGodTTV'
INFO: Weapon 1: 'VOLT'
INFO: Weapon 2: 'TRIPLE TAKE'
INFO: 
INFO: >>> Frame 001102
INFO: Player name: 'Kotigami'
INFO: Weapon 1: 'G7 SCOUT'
INFO: Weapon 2: 'FLATLINE'
INFO: 
INFO: >>> Frame 001103
INFO: Player name: 'Kotigami'
INFO: Weapon 1: 'G7? SCOUT' -> 'G7 SCOUT'
INFO: Weapon 2: 'FLATLINE'
INFO: 
INFO: >>> Frame 001104
INFO: Player name: 'Kotigami'
INFO: Weapon 1: 'G7 SCOUT'
INFO: Weapon 2: 'FLATLINE'
INFO: 
INFO: >>> Frame 001105
INFO: Player name: 'MrGraaskGodTTV' -> 'MrGreekGodTTV'
INFO: Weapon 1: 'VOLT'
INFO: Weapon 2: 'TRIPLE TAKE'
INFO: 
INFO: >>> Frame 001106
INFO: Player name: 'MrGreekGodTTV'
INFO: Weapon 1: 'VOLT'
INFO: Weapon 2: 'TRIPLE TAKE'
INFO: 
INFO: >>> Frame 001107
INFO: Player name: 'MrGreekGodTTV'
INFO: Weapon 2: 'TRIPLE TAKE'
INFO: 
INFO: >>> Frame 001108
INFO: Player name: 'MrGreekGodTTV'
INFO: Weapon 1: 'VOLT'
INFO: Weapon 2: 'TRIPLE TAKE'
INFO: 
INFO: >>> Frame 001109
INFO: Player name: 'MrGreekGodTTV'
INFO: Weapon 1: 'VOLT'
INFO: Weapon 2: 'TRIPLE TAKE'
INFO: 
INFO: >>> Frame 001110
INFO: Player name: 'Kotigami'
INFO: Weapon 1: 'G7 SCOUT'
INFO: Weapon 2: 'FLATLINE'
INFO: 
INFO: >>> Frame 001111
INFO: Player name: 'Kotigami'
INFO: Weapon 1: 'G7 SCOUT'
INFO: Weapon 2: 'FLATLINE'
INFO: 
INFO: >>> Frame 001112
INFO: Player name: 'Kotigami'
INFO: Weapon 1: 'G7 SCOUT'
INFO: Weapon 2: 'FLATLINE'
INFO: 
INFO: >>> Frame 001113
INFO: Player name: 'Kotigami'
INFO: Weapon 1: 'G7 SCOUT'
INFO: Weapon 2: 'FLATLINE'
INFO: 
INFO: >>> Frame 001114
INFO: Player name: 'Kotigami'
INFO: Weapon 1: 'G7 SCOUT'
INFO: Weapon 2: 'FLATLINE'
INFO: 
INFO: >>> Frame 001115
INFO: Player name: 'Kotigami'
INFO: Weapon 1: 'G? SCOUT' -> 'G7 SCOUT'
INFO: Weapon 2: 'FLATLINE'
INFO: 
INFO: >>> Frame 001116
INFO: Player name: 'MrGreekGodTTV'
INFO: Weapon 1: 'VOLT'
INFO: Weapon 2: 'TRIPLE TAKE'
INFO: 
INFO: >>> Frame 001117
INFO: Player name: 'MrGreekGodTTV'
INFO: Weapon 1: 'VOLT'
INFO: Weapon 2: 'TRIPLE TAKE'
INFO: 
INFO: >>> Frame 001118
INFO: Player name: 'MrGreekGodTTV'
INFO: Weapon 1: 'VOLT'
INFO: Weapon 2: 'TRIPLE TAKE'
INFO: 
INFO: >>> Frame 001119
INFO: Player name: 'MrGreakGodTTV' -> 'MrGreekGodTTV'
INFO: Weapon 1: 'VOLT'
INFO: Weapon 2: 'TRIPLE TAKE'
INFO: 
INFO: >>> Frame 001120
INFO: Player name: 'MrGreekGodTTV'
INFO: Weapon 1: 'VOLT'
INFO: Weapon 2: 'TRIPLE TAKE'
INFO: 
INFO: >>> Frame 001121
INFO: Player name: 'MrGreekGodTTV'
INFO: Weapon 1: 'VOLT'
INFO: Weapon 2: 'TRIPLE TAKE'
INFO: 
INFO: >>> Frame 001122
INFO: Player name: 'MrGreekGooTTV' -> 'MrGreekGodTTV'
INFO: Weapon 1: 'VOLT'
INFO: Weapon 2: 'TRIPLE TAKE'
INFO: 
INFO: >>> Frame 001123
INFO: Player name: 'MrGreekGodTTV'
INFO: Weapon 1: 'VOLT'
INFO: Weapon 2: 'TRIPLE TAKE'
INFO: 
INFO: >>> Frame 001124
INFO: Player name: 'MrGreakGodTTV' -> 'MrGreekGodTTV'
INFO: Weapon 1: 'VOLT'
INFO: Weapon 2: 'TRIPLE TAKE'
INFO: 
INFO: >>> Frame 001125
INFO: Player name: 'MrGreekGodTTV'
INFO: Weapon 1: 'VOLT'
INFO: Weapon 2: 'TRIPLE TAKE'
INFO: 
INFO: >>> Frame 001126
INFO: Player name: 'MrGreekGodTTV'
INFO: Weapon 1: 'VOLT'
INFO: Weapon 2: '‘TRIPLE TAKE' -> 'TRIPLE TAKE'
INFO: 
INFO: >>> Frame 001127
INFO: Player name: 'MrGreakGodTTV' -> 'MrGreekGodTTV'
INFO: Weapon 1: 'VOLT'
INFO: Weapon 2: 'TRIPLE TAKE'
INFO: 
INFO: >>> Frame 001128
INFO: Player name: 'Kotigami'
INFO: Weapon 1: 'G7 SCOUT'
INFO: Weapon 2: 'FLATLINE'
INFO: 
INFO: >>> Frame 001129
INFO: Player name: 'Kotigami'
INFO: Weapon 1: 'G? SCOUT' -> 'G7 SCOUT'
INFO: Weapon 2: 'FLATLINE'
INFO: 
INFO: >>> Frame 001130
INFO: Player name: 'Kotigami'
INFO: Weapon 1: 'G7 SCOUT'
INFO: Weapon 2: 'FLATLINE'
INFO: 
INFO: >>> Frame 001131
INFO: Player name: 'Kotigami'
INFO: Weapon 1: 'G? SCOUT' -> 'G7 SCOUT'
INFO: Weapon 2: 'FLATLINE'
INFO: 
INFO: >>> Frame 001132
INFO: Can't find player name end icon
INFO: 
INFO: >>> Frame 001133
INFO: Can't find player name end icon
INFO: 
INFO: >>> Frame 001134
INFO: Player name: 'StinkTV'
INFO: Weapon 1: 'EVA-8 AUTO'
INFO: Weapon 2: 'R-301'
INFO: 
INFO: >>> Frame 001135
INFO: Player name: '- StinkTV' -> 'StinkTV'
INFO: Weapon 1: 'EVA-8 AUTO'
INFO: Weapon 2: 'R-301'
INFO: 
INFO: >>> Frame 001136
INFO: Player name: 'StinkTV'
INFO: Weapon 1: 'EVA-8 AUTO'
INFO: Weapon 2: 'R-301'
INFO: 
INFO: >>> Frame 001137
INFO: Player name: 'otinkTV' -> 'StinkTV'
INFO: Weapon 1: 'EVA-8 AUTO'
INFO: Weapon 2: 'R-301'
INFO: 
INFO: >>> Frame 001138
INFO: Player name: 'StinkTV'
INFO: Weapon 1: 'EVA-8 AUTO'
INFO: Weapon 2: 'R-301'
INFO: 
INFO: >>> Frame 001139
INFO: Player name: 'stinkTV' -> 'StinkTV'
INFO: Weapon 1: 'EVA-8 ALTO' -> 'EVA-8 AUTO'
INFO: Weapon 2: 'R-301'
INFO: 
INFO: >>> Frame 001140
INFO: Player name: 'StinkTV'
INFO: Weapon 1: 'EVA-8 ALTO' -> 'EVA-8 AUTO'
INFO: Weapon 2: 'R-301'
INFO: 
INFO: >>> Frame 001141
INFO: Player name: 'StinkTV'
INFO: Weapon 1: 'EVA-8 AUTO'
INFO: Weapon 2: 'R-301'
INFO: 
INFO: >>> Frame 001142
INFO: Player name: 'Kotigami'
INFO: Weapon 1: 'G7 SCOUT'
INFO: Weapon 2: 'FLATLINE'
INFO: 
INFO: >>> Frame 001143
INFO: Player name: 'Kotigami'
INFO: Weapon 1: 'G7 SCOUT'
INFO: Weapon 2: 'FLATLINE'
INFO: 
INFO: >>> Frame 001144
INFO: Player name: 'Kotigami'
INFO: Weapon 1: 'G7? SCOUT' -> 'G7 SCOUT'
INFO: Weapon 2: 'FLATLINE'
INFO: 
INFO: >>> Frame 001145
INFO: Player name: 'Kotigami'
INFO: Weapon 1: 'G7 SCOUT'
INFO: Weapon 2: 'FLATLINE'
INFO: 
INFO: >>> Frame 001146
INFO: Player name: 'Kotigami'
INFO: Weapon 1: 'G7 SCOUT'
INFO: Weapon 2: 'FLATLINE'
INFO: 
INFO: >>> Frame 001147
INFO: Player name: 'StinkTV'
INFO: Weapon 1: 'EVA-8 AUTO'
INFO: Weapon 2: 'R-301'
INFO: 
INFO: >>> Frame 001148
INFO: Player name: 'StinkTV'
INFO: Weapon 1: 'EVA-8 AUTO'
INFO: Weapon 2: 'R-301'
INFO: 
INFO: >>> Frame 001149
INFO: Player name: 'StinkTV'
INFO: Weapon 1: 'EVA-8 AUTO'
INFO: Weapon 2: 'R-301'
INFO: 
INFO: >>> Frame 001150
INFO: Player name: 'StinkTV'
INFO: Weapon 1: 'EVA-98 AUTO' -> 'EVA-8 AUTO'
INFO: Weapon 2: 'R-301'
INFO: 
INFO: >>> Frame 001151
INFO: Player name: 'StinkTV'
INFO: Weapon 1: 'EVA-8 AUTO'
INFO: Weapon 2: 'R-301'
INFO: 
INFO: >>> Frame 001152
INFO: Player name: 'otinkTV' -> 'StinkTV'
INFO: Weapon 1: 'EVA-8 AUTO'
INFO: Weapon 2: 'R-301'
INFO: 
INFO: >>> Frame 001153
INFO: Player name: 'stinkTV' -> 'StinkTV'
INFO: Weapon 1: 'G7 SCOUT'
INFO: Weapon 2: 'FLATLINE'
INFO: 
INFO: >>> Frame 001154
INFO: Player name: 'Kotigami'
INFO: Weapon 1: 'G7 SCOUT'
INFO: Weapon 2: 'FLATLINE'
INFO: 
INFO: >>> Frame 001155
INFO: Player name: 'Kotigami'
INFO: Weapon 1: 'G7 SCOUT'
INFO: Weapon 2: 'FLATLINE'
INFO: 
INFO: >>> Frame 001156
INFO: 
INFO: >>> Frame 001157
INFO: Player name: 'StinkTV'
INFO: Weapon 1: 'VOLT'
INFO: Weapon 2: 'TRIPLE TAKE'
INFO: 
INFO: >>> Frame 001158
INFO: Player name: 'StinkTV'
INFO: Weapon 1: 'VOLT'
INFO: Weapon 2: 'TRIPLE TAKE'
INFO: 
INFO: >>> Frame 001159
INFO: 
INFO: >>> Frame 001160
INFO: Player name: 'otinkTV' -> 'StinkTV'
INFO: Weapon 1: 'EVA-8 AUTO'
INFO: Weapon 2: 'R-301'
INFO: 
INFO: >>> Frame 001161
INFO: Player name: 'StinkTV'
INFO: Weapon 1: 'EVA-8 AUTO'
INFO: Weapon 2: 'R-301'
INFO: 
INFO: >>> Frame 001162
INFO: Player name: 'StinkTV'
INFO: Weapon 1: 'EVA-8 AUTO'
INFO: Weapon 2: 'R-301'
INFO: 
INFO: >>> Frame 001163
INFO: Player name: 'MrGreekGodTTV'
INFO: Weapon 1: 'VOLT'
INFO: Weapon 2: 'TRIPLE TAKE'
INFO: 
INFO: >>> Frame 001164
INFO: Player name: 'MrGreekGodTTV'
INFO: Weapon 1: 'VOLT'
INFO: Weapon 2: 'TRIPLE TAKE'
INFO: 
INFO: >>> Frame 001165
INFO: Player name: 'MrGreekGodTTV'
INFO: Weapon 1: '‘VOLT' -> 'VOLT'
INFO: Weapon 2: 'TRIPLE TAKE'
INFO: 
INFO: >>> Frame 001166
INFO: Player name: 'MrGreekGodTTV'
INFO: Weapon 1: 'VOLT'
INFO: Weapon 2: 'TRIPLE TAKE'
INFO: 
INFO: >>> Frame 001167
INFO: Player name: 'MrGreekGodTTV'
INFO: Weapon 1: 'VOLT'
INFO: Weapon 2: 'TRIPLE TAKE'
INFO: 
INFO: >>> Frame 001168
INFO: Player name: 'MrGreekGodTTV'
INFO: Weapon 1: 'VOLT'
INFO: Weapon 2: '‘TRIPLE TAKE' -> 'TRIPLE TAKE'
INFO: 
INFO: >>> Frame 001169
INFO: Player name: 'MrGreekGodTTV'
INFO: Weapon 1: 'VOLT'
INFO: Weapon 2: 'TRIPLE TAKE'
INFO: 
INFO: >>> Frame 001170
INFO: Player name: 'MrGreekGodTTV'
INFO: Weapon 1: 'VOLT'
INFO: Weapon 2: 'TRIPLE TAKE'
INFO: 
INFO: >>> Frame 001171
INFO: Can't find player name end icon
INFO: 
INFO: >>> Frame 001172
INFO: Can't find player name end icon
INFO: 
INFO: >>> Frame 001173
INFO: Player name: 'Kotigami'
INFO: Weapon 1: 'G7 SCOUT'
INFO: Weapon 2: 'FLATLINE'
INFO: 
INFO: >>> Frame 001174
INFO: Player name: 'Kotigami'
INFO: Weapon 1: 'G7 SCOUT'
INFO: Weapon 2: 'FLATLINE'
INFO: 
INFO: >>> Frame 001175
INFO: Player name: 'Kotigami'
INFO: Weapon 1: 'G7 SCOUT'
INFO: Weapon 2: 'FLATLINE'
INFO: 
INFO: >>> Frame 001176
INFO: Player name: 'MrGreekGodTTV'
INFO: Weapon 1: 'VOLT'
INFO: Weapon 2: '‘TRIPLE TAKE' -> 'TRIPLE TAKE'
INFO: 
INFO: >>> Frame 001177
INFO: Player name: 'MrGreekGodTTV'
INFO: Weapon 1: 'VOLT'
INFO: Weapon 2: 'TRIPLE TAKE'
INFO: 
INFO: >>> Frame 001178
INFO: Player name: 'MrGreekGodTTV'
INFO: Weapon 1: 'VOLT'
INFO: Weapon 2: 'TRIPLE TAKE'
INFO: 
INFO: >>> Frame 001179
INFO: Player name: 'Kotigami'
INFO: Weapon 1: 'G7 SCOUT'
INFO: Weapon 2: 'FLATLINE'
INFO: 
INFO: >>> Frame 001180
INFO: Can't find player name end icon
INFO: 
INFO: >>> Frame 001181
INFO: Can't find player name end icon
INFO: 
INFO: >>> Frame 001182
INFO: Player name: 'MrGreekGodTTV'
INFO: Weapon 1: 'VOLT'
INFO: Weapon 2: 'TRIPLE TAKE'
INFO: 
INFO: >>> Frame 001183
INFO: Player name: 'MrGreekGodTTV'
INFO: Weapon 1: 'VOLT'
INFO: Weapon 2: 'TRIPLE TAKE'
INFO: 
INFO: >>> Frame 001184
INFO: Player name: 'MrGreekGodTTV'
INFO: Weapon 1: 'VOLT'
INFO: Weapon 2: 'TRIPLE TAKE'
INFO: 
INFO: >>> Frame 001185
INFO: Player name: 'MrGreekGodTTV'
INFO: Weapon 1: 'VOLT'
INFO: Weapon 2: 'TRIPLE TAKE'
INFO: 
INFO: >>> Frame 001186
INFO: Player name: 'MrGreekGaodTTV' -> 'MrGreekGodTTV'
INFO: Weapon 1: 'VOLT'
INFO: Weapon 2: 'TRIPLE TAKE'
INFO: 
INFO: >>> Frame 001187
INFO: Player name: 'MrGreekGodTTV'
INFO: Weapon 1: 'VOLT'
INFO: Weapon 2: 'TRIPLE TAKE'
INFO: 
INFO: >>> Frame 001188
INFO: Player name: 'Kotigami'
INFO: Weapon 1: 'G7 SCOUT'
INFO: Weapon 2: 'FLATLINE'
INFO: 
INFO: >>> Frame 001189
INFO: Player name: 'Kotigami'
INFO: Weapon 1: 'G7 SCOUT'
INFO: Weapon 2: 'FLATLINE'
INFO: 
INFO: >>> Frame 001190
INFO: Player name: 'Kotigami'
INFO: Weapon 1: 'G7 SCOUT'
INFO: Weapon 2: 'FLATLINE'
INFO: 
INFO: >>> Frame 001191
INFO: Player name: 'Kotigami'
INFO: Weapon 1: 'G7 SCOUT'
INFO: Weapon 2: 'FLATLINE'
INFO: 
INFO: >>> Frame 001192
INFO: Player name: 'Kotigami'
INFO: Weapon 1: 'G7 SCOUT'
INFO: Weapon 2: 'FLATLINE'
INFO: 
INFO: >>> Frame 001193
INFO: Player name: 'MrGreekGodTTV'
INFO: Weapon 1: 'VOLT'
INFO: Weapon 2: '‘TRIPLE TAKE' -> 'TRIPLE TAKE'
INFO: 
INFO: >>> Frame 001194
INFO: Player name: 'MrGreakGodTTV' -> 'MrGreekGodTTV'
INFO: Weapon 1: 'VOLT'
INFO: Weapon 2: '‘TRIPLE TAKE' -> 'TRIPLE TAKE'
INFO: 
INFO: >>> Frame 001195
INFO: Player name: 'MrGreekGodTTV'
INFO: Weapon 1: 'VOLT'
INFO: Weapon 2: 'TRIPLE TAKE'
INFO: 
INFO: >>> Frame 001196
INFO: Player name: 'MrGreekGodTTV'
INFO: Weapon 1: 'VOLT'
INFO: Weapon 2: '‘TRIPLE TAKE.' -> 'TRIPLE TAKE'
INFO: 
INFO: >>> Frame 001197
INFO: Player name: 'MrGreekGodTTV'
INFO: Weapon 1: 'VOLT'
INFO: Weapon 2: 'TRIPLE TAKE.' -> 'TRIPLE TAKE'
INFO: 
INFO: >>> Frame 001198
INFO: Player name: 'StinkTV'
INFO: Weapon 1: 'EVA-8 AUTO'
INFO: Weapon 2: 'R-301'
INFO: 
INFO: >>> Frame 001199
INFO: Player name: 'StinkTV'
INFO: Weapon 1: 'EVA-8 AUTO'
INFO: Weapon 2: 'R-301'
INFO: 
INFO: >>> Frame 001200
INFO: Player name: 'StinkTV'
INFO: Weapon 1: 'EVA-8 AUTO'
INFO: Weapon 2: 'R-301'
INFO: 
INFO: >>> Frame 001201
INFO: Player name: 'MrGreekGodTTV'
INFO: Weapon 1: 'VOLT'
INFO: Weapon 2: 'TRIPLE TAKE'
INFO: 
INFO: >>> Frame 001202
INFO: Player name: 'MrGreekGodTTV'
INFO: Weapon 1: 'VOLT'
INFO: Weapon 2: 'TRIPLE TAKE'
INFO: 
INFO: >>> Frame 001203
INFO: Player name: 'MrGreekGodTTV'
INFO: Weapon 1: 'VOLT'
INFO: Weapon 2: 'TRIPLE TAKE'
INFO: 
INFO: >>> Frame 001204
INFO: Player name: 'MrGreekGodTTV'
INFO: Weapon 1: 'VOLT'
INFO: Weapon 2: 'TRIPLE TAKE'
INFO: 
INFO: >>> Frame 001205
INFO: Player name: 'MrGreekGodTTV'
INFO: Weapon 1: 'VOLT'
INFO: Weapon 2: 'TRIPLE TAKE'
INFO: 
INFO: >>> Frame 001206
INFO: Player name: 'MrGreekGodTTV'
INFO: Weapon 1: 'VOLT'
INFO: Weapon 2: 'TRIPLE TAKE'
INFO: 
INFO: >>> Frame 001207
INFO: Player name: 'MrGreaekGodTTV' -> 'MrGreekGodTTV'
INFO: Weapon 1: 'VOLT'
INFO: Weapon 2: 'TRIPLE TAKE'
INFO: 
INFO: >>> Frame 001208
INFO: Player name: 'MrGreekGodTTV'
INFO: Weapon 1: 'VOLT'
INFO: Weapon 2: 'TRIPLE TAKE'
INFO: 
INFO: >>> Frame 001209
INFO: Player name: 'MrGreekGodTTV'
INFO: Weapon 1: 'VOLT'
INFO: Weapon 2: 'TRIPLE TAKE'
INFO: 
INFO: >>> Frame 001210
INFO: Player name: 'MrGreekGodTTV'
INFO: Weapon 1: 'VOLT'
INFO: Weapon 2: 'TRIPLE TAKE'
INFO: 
INFO: >>> Frame 001211
INFO: Player name: 'MrGreekGodTTV'
INFO: Weapon 1: 'VOLT'
INFO: Weapon 2: '‘TRIPLE TAKE' -> 'TRIPLE TAKE'
INFO: 
INFO: >>> Frame 001212
INFO: Player name: 'TSM_ImperialHal' -> 'TSM_ImperialHa1'
INFO: Weapon 1: 'R-301'
INFO: Weapon 2: 'EVA-B AUTO' -> 'EVA-8 AUTO'
INFO: 
INFO: >>> Frame 001213
INFO: Player name: 'TSM_ImperialHal' -> 'TSM_ImperialHa1'
INFO: Weapon 1: 'R-301'
INFO: Weapon 2: 'EVA-8 AUTO'
INFO: 
INFO: >>> Frame 001214
INFO: Player name: 'TSM_ImperialHal' -> 'TSM_ImperialHa1'
INFO: Weapon 1: 'R-301'
INFO: Weapon 2: 'EVA-8 AUTO'
INFO: 
INFO: >>> Frame 001215
INFO: Player name: 'TSM_imperaltal' -> 'TSM_ImperialHa1'
INFO: Weapon 1: 'R-301'
INFO: Weapon 2: 'EVA-8 AUTO'
INFO: 
INFO: >>> Frame 001216
INFO: Player name: 'TSM_ImperialHal' -> 'TSM_ImperialHa1'
INFO: Weapon 1: 'R-301'
INFO: Weapon 2: 'EVA-B AUTO' -> 'EVA-8 AUTO'
INFO: 
INFO: >>> Frame 001217
INFO: Player name: 'Reps. TSM' -> 'Reps_TSM'
INFO: Weapon 1: 'MASTIFF'
INFO: Weapon 2: 'G7 SCOUT'
INFO: 
INFO: >>> Frame 001218
INFO: Player name: 'Reps_TSM'
INFO: Weapon 1: 'MASTIFF'
INFO: Weapon 2: 'G7 SCOUT'
INFO: 
INFO: >>> Frame 001219
INFO: Player name: 'Reps TSM' -> 'Reps_TSM'
INFO: Weapon 1: 'MASTIFF'
INFO: Weapon 2: 'G7 SCOUT'
INFO: 
INFO: >>> Frame 001220
INFO: Can't find player name end icon
INFO: 
INFO: >>> Frame 001221
INFO: Can't find player name end icon
INFO: 
INFO: >>> Frame 001222
INFO: Player name: '¢NPL_OMGRONNIE' -> 'NPL_OMGRONN1E'
INFO: Weapon 1: 'EVA-8 AUTO'
INFO: Weapon 2: 'VOLT'
INFO: 
INFO: >>> Frame 001223
INFO: Player name: 'NPLOMGRONNIE' -> 'NPL_OMGRONN1E'
INFO: Weapon 1: 'EVA-8 AUTO'
INFO: Weapon 2: 'VOLT'
INFO: 
INFO: >>> Frame 001224
INFO: Player name: 'NPL_OMGRONNIE' -> 'NPL_OMGRONN1E'
INFO: Weapon 1: 'EVA-G ALTO' -> 'EVA-8 AUTO'
INFO: Weapon 2: 'VOLT'
INFO: 
INFO: >>> Frame 001225
INFO: Player name: 'NPL_OMGRONNIE' -> 'NPL_OMGRONN1E'
INFO: Weapon 1: 'EVA-8 AUTO'
INFO: Weapon 2: 'VOLT'
INFO: 
INFO: >>> Frame 001226
INFO: Player name: 'NPL_OMGRONNIE' -> 'NPL_OMGRONN1E'
INFO: Weapon 1: 'EVA-8 AUTO'
INFO: Weapon 2: 'VOLT'
INFO: 
INFO: >>> Frame 001227
INFO: Player name: 'NPL_OMGRONNIE' -> 'NPL_OMGRONN1E'
INFO: Weapon 1: 'EVA-8 AUTO'
INFO: Weapon 2: 'VOLT'
INFO: 
INFO: >>> Frame 001228
INFO: Player name: ' qcrack' -> 'qcrook'
INFO: Weapon 1: 'EVA-8 AUTO'
INFO: Weapon 2: 'VOLT'
INFO: 
INFO: >>> Frame 001229
INFO: Player name: '_qcrook' -> 'qcrook'
INFO: Weapon 1: 'EVA-8 AUTO'
INFO: Weapon 2: 'VOLT'
INFO: 
INFO: >>> Frame 001230
INFO: Player name: '_qerook' -> 'qcrook'
INFO: Weapon 1: 'EVA-8 AUTO'
INFO: Weapon 2: 'VOLT'
INFO: 
INFO: >>> Frame 001231
INFO: Can't find player name end icon
INFO: 
INFO: >>> Frame 001232
INFO: Can't find player name end icon
INFO: 
INFO: >>> Frame 001233
INFO: Player name: ', qcrook' -> 'qcrook'
INFO: Weapon 1: 'CHARGE RIFLI' -> 'CHARGE RIFLE'
INFO: Weapon 2: 'MASTIFF'
INFO: 
INFO: >>> Frame 001234
INFO: Can't find player name end icon
INFO: 
INFO: >>> Frame 001235
INFO: Player name: ', gcrook' -> 'qcrook'
INFO: Weapon 1: 'CHARGE RIFLI' -> 'CHARGE RIFLE'
INFO: Weapon 2: 'MASTIFF'
INFO: 
INFO: >>> Frame 001236
INFO: Player name: ', gcrook' -> 'qcrook'
INFO: Weapon 1: 'CHARGE RIFLI' -> 'CHARGE RIFLE'
INFO: Weapon 2: 'MASTIFF'
INFO: 
INFO: >>> Frame 001237
INFO: Player name: ', qcrook' -> 'qcrook'
INFO: Weapon 1: 'CHARGE RIFLI' -> 'CHARGE RIFLE'
INFO: Weapon 2: 'MASTIFF'
INFO: 
INFO: >>> Frame 001238
INFO: Player name: '_gcrook' -> 'qcrook'
INFO: Weapon 1: 'CHARGE RIFL' -> 'CHARGE RIFLE'
INFO: Weapon 2: 'MASTIFF'
INFO: 
INFO: >>> Frame 001239
INFO: Unknown player: ' ' (best guess: 'CLT Pride', 0.89)
INFO: 
INFO: >>> Frame 001240
INFO: Player name: 'Hambino24TV'
INFO: Weapon 1: 'CHARGE RIFLE'
INFO: Weapon 2: 'R-301'
INFO: 
INFO: >>> Frame 001241
INFO: Player name: 'Hambino24TV'
INFO: Weapon 1: 'CHAPGE RIFLE' -> 'CHARGE RIFLE'
INFO: Weapon 2: 'R-301'
INFO: 
INFO: >>> Frame 001242
INFO: Player name: 'Hambino24TV'
INFO: Weapon 1: 'CHARGE RIFLE'
INFO: Weapon 2: 'R-401' -> 'R-301'
INFO: 
INFO: >>> Frame 001243
INFO: Player name: 'Hambino24TV'
INFO: Weapon 1: 'CHARGE RIFLE'
INFO: Weapon 2: 'R-301'
INFO: 
INFO: >>> Frame 001244
INFO: Unknown player: ' ' (best guess: 'CLT Pride', 0.89)
INFO: 
INFO: >>> Frame 001245
INFO: Player name: 'Hambino24TV'
INFO: Weapon 1: 'CHARGE RIFLE'
INFO: Weapon 2: 'R-301'
INFO: 
INFO: >>> Frame 001246
INFO: Player name: 'Hambino24TV'
INFO: Weapon 1: 'CHARGE RIFLE'
INFO: Weapon 2: 'R-301'
INFO: 
INFO: >>> Frame 001247
INFO: Player name: 'Hambino24TV'
INFO: Weapon 1: 'CHARGE RIFLE'
INFO: Weapon 2: 'R-301'
INFO: 
INFO: >>> Frame 001248
INFO: Player name: 'NPL_OMGRONNIE' -> 'NPL_OMGRONN1E'
INFO: Weapon 1: 'EVA-8 AUTO'
INFO: Weapon 2: 'VOLT'
INFO: 
INFO: >>> Frame 001249
INFO: Player name: 'NPL_OMGRONNIE' -> 'NPL_OMGRONN1E'
INFO: Weapon 1: 'EVA-8 AUTO'
INFO: Weapon 2: 'VOLT'
INFO: 
INFO: >>> Frame 001250
INFO: Player name: 'NPL_OMGRONNIE' -> 'NPL_OMGRONN1E'
INFO: Weapon 1: 'EVA-8 AUTO'
INFO: Weapon 2: 'VOLT'
INFO: 
INFO: >>> Frame 001251
INFO: Player name: 'COL Shiny' -> 'COL_iShiny'
INFO: Weapon 1: 'R-30)' -> 'R-301'
INFO: Weapon 2: 'MASTIFF'
INFO: 
INFO: >>> Frame 001252
INFO: 
INFO: >>> Frame 001253
INFO: Player name: 'COL_Monsoon'
INFO: Weapon 1: 'R-301'
INFO: Weapon 2: 'MASTIFF'
INFO: 
INFO: >>> Frame 001254
INFO: Player name: 'COL Monsoon' -> 'COL_Monsoon'
INFO: Weapon 1: 'R-301'
INFO: Weapon 2: 'MASTIFF'
INFO: 
INFO: >>> Frame 001255
INFO: Player name: 'COL_Monsoon'
INFO: Weapon 1: 'R-301'
INFO: Weapon 2: 'MASTIFF'
INFO: 
INFO: >>> Frame 001256
INFO: Player name: 'COL_Monsoon'
INFO: Weapon 1: 'A-301' -> 'R-301'
INFO: Weapon 2: 'MASTIFF'
INFO: 
INFO: >>> Frame 001257
INFO: Player name: 'COL_Monsoon'
INFO: Weapon 1: 'R-301'
INFO: Weapon 2: 'MASTIFF'
INFO: 
INFO: >>> Frame 001258
INFO: Player name: 'COL_Monsoon'
INFO: Weapon 1: 'R-301'
INFO: Weapon 2: 'MASTIFF'
INFO: 
INFO: >>> Frame 001259
INFO: Can't find player name end icon
INFO: 
INFO: >>> Frame 001260
INFO: Can't find player name end icon
INFO: 
INFO: >>> Frame 001261
INFO: Can't find player name end icon
INFO: 
INFO: >>> Frame 001262
INFO: Player name: 'sF_zachmazer'
INFO: Weapon 1: 'MASTIFF'
INFO: Weapon 2: 'R-301'
INFO: 
INFO: >>> Frame 001263
INFO: Player name: 'sF zachmazer' -> 'sF_zachmazer'
INFO: Weapon 1: 'MASTIFF'
INFO: Weapon 2: 'R-301'
INFO: 
INFO: >>> Frame 001264
INFO: Unknown player: '_ knagqd' (best guess: 'knoqd', 0.50)
INFO: 
INFO: >>> Frame 001265
INFO: Player name: '_ knogd' -> 'knoqd'
INFO: Weapon 1: 'VOLT'
INFO: Weapon 2: 'MASTIFF'
INFO: 
INFO: >>> Frame 001266
INFO: Player name: '_ knogd' -> 'knoqd'
INFO: Weapon 1: 'VOLT'
INFO: Weapon 2: 'MASTIFF'
INFO: 
INFO: >>> Frame 001267
INFO: Player name: '_knogd' -> 'knoqd'
INFO: Weapon 1: 'VOLT'
INFO: Weapon 2: 'MASTIFF'
INFO: 
INFO: >>> Frame 001268
INFO: Player name: 'StayNaughty'
INFO: Weapon 1: 'VOLT'
INFO: Weapon 2: 'WINGMAN'
INFO: 
INFO: >>> Frame 001269
INFO: Player name: 'Snip3down EW' -> 'Snip3down_EW'
INFO: Weapon 1: 'EVA-8 AUTO'
INFO: Weapon 2: 'SPITFIRE'
INFO: 
INFO: >>> Frame 001270
INFO: Player name: 'Snip3down_EW'
INFO: Weapon 1: 'EVA-8 AUTO'
INFO: Weapon 2: 'SPITFIRE'
INFO: 
INFO: >>> Frame 001271
INFO: Player name: 'Snip3down_EW'
INFO: Weapon 1: 'EVA-B AUTO' -> 'EVA-8 AUTO'
INFO: Weapon 2: 'SPITFIRE'
INFO: 
INFO: >>> Frame 001272
INFO: Player name: 'onipddown_EW' -> 'Snip3down_EW'
INFO: Weapon 1: 'EVA-8 AUTO'
INFO: Weapon 2: 'oPITFIRE' -> 'SPITFIRE'
INFO: 
INFO: >>> Frame 001273
INFO: Player name: 'snipddown_EW' -> 'Snip3down_EW'
INFO: Weapon 1: 'EVA-8 AUTO'
INFO: Weapon 2: 'SPITFIRE'
INFO: 
INFO: >>> Frame 001274
INFO: Player name: 'Snip3down EW' -> 'Snip3down_EW'
INFO: Weapon 1: 'EVA-8 AUTO'
INFO: Weapon 2: 'SPITFIRE'
INFO: 
INFO: >>> Frame 001275
INFO: Player name: 'TSM_imperiainal' -> 'TSM_ImperialHa1'
INFO: Weapon 1: 'R-301'
INFO: Weapon 2: 'EVA-38 AUTO' -> 'EVA-8 AUTO'
INFO: 
INFO: >>> Frame 001276
INFO: Player name: 'TSM_imperialHal' -> 'TSM_ImperialHa1'
INFO: Weapon 1: 'R-301'
INFO: Weapon 2: 'EVA-d AUTO' -> 'EVA-8 AUTO'
INFO: 
INFO: >>> Frame 001277
INFO: Player name: 'TSM_ImperialHal' -> 'TSM_ImperialHa1'
INFO: Weapon 1: 'R-301'
INFO: Weapon 2: 'EVA-8 AUTO'
INFO: 
INFO: >>> Frame 001278
INFO: Player name: 'TSM_ImperialHal' -> 'TSM_ImperialHa1'
INFO: Weapon 1: 'R-301'
INFO: Weapon 2: 'EVA-B AUTO' -> 'EVA-8 AUTO'
INFO: 
INFO: >>> Frame 001279
INFO: Player name: 'TSM_ImperialHal' -> 'TSM_ImperialHa1'
INFO: Weapon 1: 'R-301'
INFO: Weapon 2: 'EVA-8 AUTO'
INFO: 
INFO: >>> Frame 001280
INFO: Player name: 'TSM ImperialHal' -> 'TSM_ImperialHa1'
INFO: Weapon 1: 'R-301'
INFO: Weapon 2: 'EVA-8 AUTO'
INFO: 
INFO: >>> Frame 001281
INFO: Player name: 'TSM_ImperialHal' -> 'TSM_ImperialHa1'
INFO: Weapon 1: 'R-301'
INFO: Weapon 2: 'EVA-B AUTO' -> 'EVA-8 AUTO'
INFO: 
INFO: >>> Frame 001282
INFO: Player name: 'TSM_ImperialHal' -> 'TSM_ImperialHa1'
INFO: Weapon 1: 'R-301'
INFO: Weapon 2: 'EVA-B AUTO' -> 'EVA-8 AUTO'
INFO: 
INFO: >>> Frame 001283
INFO: Player name: 'TSM_ImperialHal' -> 'TSM_ImperialHa1'
INFO: Weapon 1: 'R-301'
INFO: Weapon 2: 'EVA-38 AUTO' -> 'EVA-8 AUTO'
INFO: 
INFO: >>> Frame 001284
INFO: Player name: 'Reps_TSM'
INFO: Weapon 1: 'R-301'
INFO: Weapon 2: 'EVA-B AUTO' -> 'EVA-8 AUTO'
INFO: 
INFO: >>> Frame 001285
INFO: Can't find player name end icon
INFO: 
INFO: >>> Frame 001286
INFO: Can't find player name end icon
INFO: 
INFO: >>> Frame 001287
INFO: Player name: 'peeshCYA'
INFO: Weapon 1: 'R-401' -> 'R-301'
INFO: Weapon 2: 'EVA-8 AUTO'
INFO: 
INFO: >>> Frame 001288
INFO: Player name: 'peeshCYA'
INFO: Weapon 1: 'R-301'
INFO: Weapon 2: 'EVA-B AUTO' -> 'EVA-8 AUTO'
INFO: 
INFO: >>> Frame 001289
INFO: Player name: 'peeshCYA'
INFO: Weapon 1: 'R-401' -> 'R-301'
INFO: Weapon 2: 'EVA-B AUTO' -> 'EVA-8 AUTO'
INFO: 
INFO: >>> Frame 001290
INFO: Player name: '_peeshCYA' -> 'peeshCYA'
INFO: Weapon 1: 'R-301'
INFO: Weapon 2: 'EVA-B AUTO' -> 'EVA-8 AUTO'
INFO: 
INFO: >>> Frame 001291
INFO: Player name: 'peeshCYA'
INFO: Weapon 1: 'R-401' -> 'R-301'
INFO: Weapon 2: 'EVA-3 AUTO' -> 'EVA-8 AUTO'
INFO: 
INFO: >>> Frame 001292
INFO: Player name: 'peeshCYA'
INFO: Weapon 1: 'R-301'
INFO: Weapon 2: 'EVA-8 AUTO'
INFO: 
INFO: >>> Frame 001293
INFO: Player name: '_peeshCYA' -> 'peeshCYA'
INFO: Weapon 1: 'R-301'
INFO: Weapon 2: 'EVA-3 AUTO' -> 'EVA-8 AUTO'
INFO: 
INFO: >>> Frame 001294
INFO: Player name: 'peeshCYA'
INFO: Weapon 1: 'R-301'
INFO: Weapon 2: 'EVA-d AUTO' -> 'EVA-8 AUTO'
INFO: 
INFO: >>> Frame 001295
INFO: Unknown player: 'PSTeOSB' (best guess: '9BTeQ9B', 0.57)
INFO: 
INFO: >>> Frame 001296
INFO: Player name: 'BbTeO9B' -> '9BTeQ9B'
INFO: Weapon 1: 'L-STAR'
INFO: Weapon 2: 'G7 SCOUT'
INFO: 
INFO: >>> Frame 001297
INFO: Player name: '“FR_CUBSKI' -> 'FP_CUBSKi'
INFO: Weapon 1: 'R-30)' -> 'R-301'
INFO: Weapon 2: '‘TRIPLE TAKE' -> 'TRIPLE TAKE'
INFO: 
INFO: >>> Frame 001298
INFO: Player name: '“FPL CUBSKi' -> 'FP_CUBSKi'
INFO: Weapon 1: 'R-301'
INFO: Weapon 2: 'TRIPLE TAKE'
INFO: 
INFO: >>> Frame 001299
INFO: Player name: 'FP_CUBSKi'
INFO: Weapon 1: 'R-401' -> 'R-301'
INFO: Weapon 2: 'TRIPLE TAKE'
INFO: 
INFO: >>> Frame 001300
INFO: Player name: 'FP_CUBSKi'
INFO: Weapon 1: 'R-301'
INFO: Weapon 2: 'TRIPLE TAKE'
INFO: 
INFO: >>> Frame 001301
INFO: Player name: 'onipadown_EW' -> 'Snip3down_EW'
INFO: Weapon 1: 'EVA-8 AUTO'
INFO: Weapon 2: 'SPITFIRE'
INFO: 
INFO: >>> Frame 001302
INFO: Player name: 'Snip3dawn_EW' -> 'Snip3down_EW'
INFO: Weapon 1: 'EVA-8 AUTO'
INFO: Weapon 2: 'SPITFIRE'
INFO: 
INFO: >>> Frame 001303
INFO: Player name: 'Snip3down_EW'
INFO: Weapon 1: 'EVA-8 AUTO'
INFO: Weapon 2: 'SPITFIRE'
INFO: 
INFO: >>> Frame 001304
INFO: Can't find player name end icon
INFO: 
INFO: >>> Frame 001305
INFO: Player name: '_COL_lou' -> 'COL_Iou'
INFO: Weapon 1: 'G7 SCOUT'
INFO: Weapon 2: 'FLATLINE'
INFO: 
INFO: >>> Frame 001306
INFO: Player name: 'COL Jou' -> 'COL_Iou'
INFO: Weapon 1: 'G7 SCOUT'
INFO: Weapon 2: 'FLATLINE'
INFO: 
INFO: >>> Frame 001307
INFO: Player name: '_COL_lou' -> 'COL_Iou'
INFO: Weapon 1: 'G7 SCOUT'
INFO: Weapon 2: 'FLATLINE'
INFO: 
INFO: >>> Frame 001308
INFO: Player name: '_COL_lou' -> 'COL_Iou'
INFO: Weapon 1: 'G7 SCOUT'
INFO: Weapon 2: 'FLATLINE'
INFO: 
INFO: >>> Frame 001309
INFO: Player name: ',COL_lou' -> 'COL_Iou'
INFO: Weapon 1: 'G7? SCOUT' -> 'G7 SCOUT'
INFO: Weapon 2: 'FLATLINE'
INFO: 
INFO: >>> Frame 001310
INFO: Player name: 'COL_lou' -> 'COL_Iou'
INFO: Weapon 1: 'G7 SCOUT'
INFO: Weapon 2: 'FLATLINE'
INFO: 
INFO: >>> Frame 001311
INFO: Player name: 'COL_lou' -> 'COL_Iou'
INFO: Weapon 1: 'G7 SCOUT'
INFO: Weapon 2: 'FLATLINE'
INFO: 
INFO: >>> Frame 001312
INFO: Player name: 'COLlau' -> 'COL_Iou'
INFO: Weapon 1: 'G7 SCOUT'
INFO: Weapon 2: 'FLATLINE'
INFO: 
INFO: >>> Frame 001313
INFO: Player name: 'CLG Vaxlon' -> 'CLG_Vaxlon'
INFO: Weapon 2: 'EVA-B AUTO' -> 'EVA-8 AUTO'
INFO: 
INFO: >>> Frame 001314
INFO: Player name: 'CLG Vaxion' -> 'CLG_Vaxlon'
INFO: Weapon 1: 'WINGMAN'
INFO: Weapon 2: 'EVA-B AUTO' -> 'EVA-8 AUTO'
INFO: 
INFO: >>> Frame 001315
INFO: Player name: 'CLG Vaxlon' -> 'CLG_Vaxlon'
INFO: Weapon 1: 'WINGMAN'
INFO: Weapon 2: 'FVA-8 AUTO' -> 'EVA-8 AUTO'
INFO: 
INFO: >>> Frame 001316
INFO: Player name: 'CLG_Vaxlon'
INFO: Weapon 1: 'WINGMAN'
INFO: Weapon 2: 'EVA-8 AUTO'
INFO: 
INFO: >>> Frame 001317
INFO: Player name: 'CLG_Vaxion' -> 'CLG_Vaxlon'
INFO: Weapon 1: 'WINGMAN'
INFO: Weapon 2: 'EVA-B AUTO' -> 'EVA-8 AUTO'
INFO: 
INFO: >>> Frame 001318
INFO: Player name: 'CLG_Vaxlon'
INFO: Weapon 1: 'WINGMAN'
INFO: Weapon 2: 'EVA-B AUTO' -> 'EVA-8 AUTO'
INFO: 
INFO: >>> Frame 001319
INFO: Player name: 'CLG_Vaxlon'
INFO: Weapon 1: 'WINGMAN'
INFO: Weapon 2: 'EVA-B AUTO' -> 'EVA-8 AUTO'
INFO: 
INFO: >>> Frame 001320
INFO: Player name: 'CLG_Vaxton' -> 'CLG_Vaxlon'
INFO: Weapon 1: 'WINGMAN'
INFO: Weapon 2: 'EVA-8 AUTO'
INFO: 
INFO: >>> Frame 001321
INFO: Player name: 'CLG_Vaxton' -> 'CLG_Vaxlon'
INFO: Weapon 1: 'WINGMAN'
INFO: Weapon 2: 'EVA-3 AUTO' -> 'EVA-8 AUTO'
INFO: 
INFO: >>> Frame 001322
INFO: Player name: 'CLG Vaxilon' -> 'CLG_Vaxlon'
INFO: Weapon 1: 'WINGMAN'
INFO: Weapon 2: 'EVA-8 AUTO'
INFO: 
INFO: >>> Frame 001323
INFO: Can't find player name end icon
INFO: 
INFO: >>> Frame 001324
INFO: Can't find player name end icon
INFO: 
INFO: >>> Frame 001325
INFO: Can't find player name end icon
INFO: 
INFO: >>> Frame 001326
INFO: Can't find player name end icon
INFO: 
INFO: >>> Frame 001327
INFO: Can't find player name end icon
INFO: 
INFO: >>> Frame 001328
INFO: Can't find player name end icon
INFO: 
INFO: >>> Frame 001329
INFO: Can't find player name end icon
INFO: 
INFO: >>> Frame 001330
INFO: Can't find player name end icon
INFO: 
INFO: >>> Frame 001331
INFO: Player name: 'CLT Bronzey'
INFO: Weapon 1: 'HEMLOK'
INFO: Weapon 2: 'MASTIFF'
INFO: 
INFO: >>> Frame 001332
INFO: Player name: 'CLT Bronzey'
INFO: Weapon 1: 'HEMLOK'
INFO: Weapon 2: 'MASTIFF'
INFO: 
INFO: >>> Frame 001333
INFO: Player name: 'CLT Bronzey'
INFO: Weapon 1: 'HEMLOK'
INFO: Weapon 2: 'MASTIFF'
INFO: 
INFO: >>> Frame 001334
INFO: Player name: '_CLT_mercy' -> 'CLT_mercy'
INFO: Weapon 1: 'VOLT'
INFO: Weapon 2: 'WINGMAN'
INFO: 
INFO: >>> Frame 001335
INFO: Player name: '_CLT_mercy' -> 'CLT_mercy'
INFO: Weapon 1: 'VOLT'
INFO: Weapon 2: 'WINGMAN'
INFO: 
INFO: >>> Frame 001336
INFO: Player name: 'CLT Pride'
INFO: Weapon 2: 'EVA-8 AUTO'
INFO: 
INFO: >>> Frame 001337
INFO: Player name: 'CLT Pride'
INFO: Weapon 2: 'EVA-8 AUTO'
INFO: 
INFO: >>> Frame 001338
INFO: Player name: 'CLT Pride'
INFO: Weapon 2: 'EVA-B AUTO' -> 'EVA-8 AUTO'
INFO: 
INFO: >>> Frame 001339
INFO: Player name: 'CLT Pride'
INFO: Weapon 1: 'R-99'
INFO: Weapon 2: 'EVA-8 AUTO'
INFO: 
INFO: >>> Frame 001340
INFO: Player name: 'CLT Pride'
INFO: Weapon 2: 'EVA-38 AUTO' -> 'EVA-8 AUTO'
INFO: 
INFO: >>> Frame 001341
INFO: Player name: 'CLT Pride'
INFO: Weapon 2: 'EVA-8 AUTO'
INFO: 
INFO: >>> Frame 001342
INFO: Player name: 'CLT Pride'
INFO: Weapon 1: 'R-99'
INFO: Weapon 2: 'EVA-3 AUTO' -> 'EVA-8 AUTO'
INFO: 
INFO: >>> Frame 001343
INFO: Player name: 'CLT Pride'
INFO: Weapon 1: 'R-99'
INFO: Weapon 2: 'EVA-8 AUTO'
INFO: 
INFO: >>> Frame 001344
INFO: Player name: 'CLT Pride'
INFO: Weapon 1: 'R-99'
INFO: Weapon 2: 'EVA-8 AUTO'
INFO: 
INFO: >>> Frame 001345
INFO: Unknown player: ' ' (best guess: 'CLT Pride', 0.89)
INFO: 
INFO: >>> Frame 001346
INFO: Player name: 'CLT Pride'
INFO: Weapon 1: 'R-99'
INFO: Weapon 2: '~EVYA-B AUTO' -> 'EVA-8 AUTO'
INFO: 
INFO: >>> Frame 001347
INFO: Player name: 'Chr pride' -> 'CLT Pride'
INFO: Weapon 1: 'R-99'
INFO: Weapon 2: 'EVA-8 ALTO' -> 'EVA-8 AUTO'
INFO: 
INFO: >>> Frame 001348
INFO: Player name: 'CLT Bride' -> 'CLT Pride'
INFO: Weapon 1: 'R-99'
INFO: Weapon 2: 'EVA-8 AUTO'
INFO: 
INFO: >>> Frame 001349
INFO: Player name: 'CLT Pridé)' -> 'CLT Pride'
INFO: Weapon 1: 'R-99'
INFO: Weapon 2: 'EVA-8 AUTO'
INFO: 
INFO: >>> Frame 001350
INFO: Player name: 'CLT. Pride' -> 'CLT Pride'
INFO: Weapon 1: 'A-99' -> 'R-99'
INFO: Weapon 2: 'EVA-8 AUTO'
INFO: 
INFO: >>> Frame 001351
INFO: Player name: 'Liquid Flanker'
INFO: Weapon 1: 'TRIPLE TAKE'
INFO: Weapon 2: 'R-301'
INFO: 
INFO: >>> Frame 001352
INFO: Player name: 'Liquid Flanker'
INFO: Weapon 1: 'TRIPLE TAKE'
INFO: Weapon 2: 'R-301'
INFO: 
INFO: >>> Frame 001353
INFO: Player name: 'Liquid Flanker'
INFO: Weapon 1: 'TRIPLE TAKE'
INFO: Weapon 2: 'R-301'
INFO: 
INFO: >>> Frame 001354
INFO: Player name: 'Liquid Flanker'
INFO: Weapon 1: 'TRIPLE TAKE'
INFO: Weapon 2: 'R-301'
INFO: 
INFO: >>> Frame 001355
INFO: Player name: 'Liquid Flanker'
INFO: Weapon 1: 'TRIPLE TAKE'
INFO: Weapon 2: 'R-301'
INFO: 
INFO: >>> Frame 001356
INFO: Player name: 'Liquid Flanker'
INFO: Weapon 1: 'TRIPLE TAKE'
INFO: Weapon 2: 'R-301'
INFO: 
INFO: >>> Frame 001357
INFO: Can't find player name end icon
INFO: 
INFO: >>> Frame 001358
INFO: Can't find player name end icon
INFO: 
INFO: >>> Frame 001359
INFO: Can't find player name end icon
INFO: 
INFO: >>> Frame 001360
INFO: Player name: 'NRG _Sweet_Rank_]' -> 'NRG_Sweet_Rank_1'
INFO: Weapon 1: 'G7 SCOUT'
INFO: Weapon 2: 'R-99'
INFO: 
INFO: >>> Frame 001361
INFO: Player name: 'NRG_Sweet_Rank_}' -> 'NRG_Sweet_Rank_1'
INFO: Weapon 1: 'G? SCOUT' -> 'G7 SCOUT'
INFO: Weapon 2: 'R-99'
INFO: 
INFO: >>> Frame 001362
INFO: Player name: '‘NRG_Sweet Rank 1]' -> 'NRG_Sweet_Rank_1'
INFO: Weapon 1: 'G7 SCOUT'
INFO: 
INFO: >>> Frame 001363
INFO: Player name: 'NAG _Sweet_Rank_}' -> 'NRG_Sweet_Rank_1'
INFO: Weapon 1: 'G7 SCOUT'
INFO: Weapon 2: 'R-99'
INFO: 
INFO: >>> Frame 001364
INFO: Player name: 'NRG _Sweet_Rank_}' -> 'NRG_Sweet_Rank_1'
INFO: Weapon 1: 'G7 SCOUT'
INFO: Weapon 2: 'R-99'
INFO: 
INFO: >>> Frame 001365
INFO: Player name: 'NRG _Sweet_Rank)' -> 'NRG_Sweet_Rank_1'
INFO: Weapon 1: 'G7 SCOUT'
INFO: Weapon 2: 'R-99'
INFO: 
INFO: >>> Frame 001366
INFO: Player name: 'NRG Sweet_Rank_]' -> 'NRG_Sweet_Rank_1'
INFO: Weapon 2: 'R-99'
INFO: 
INFO: >>> Frame 001367
INFO: Unknown player: '-NRG Sweet: Rank\netiRank.|' (best guess: 'NRG_Sweet_Rank_1', 0.54)
INFO: 
INFO: >>> Frame 001368
INFO: Player name: 'NRG_rocker'
INFO: Weapon 1: 'R-301'
INFO: Weapon 2: 'CHARGE RIFLI' -> 'CHARGE RIFLE'
INFO: 
INFO: >>> Frame 001369
INFO: Can't find player name end icon
INFO: 
INFO: >>> Frame 001370
INFO: Can't find player name end icon
INFO: 
INFO: >>> Frame 001371
INFO: Can't find player name end icon
INFO: 
INFO: >>> Frame 001372
INFO: Player name: 'bowswerr'
INFO: Weapon 1: 'R-30)' -> 'R-301'
INFO: Weapon 2: 'EVA-8 AUTO'
INFO: 
INFO: >>> Frame 001373
INFO: 
INFO: >>> Frame 001374
INFO: Player name: 'CLG PowPow' -> 'CLG_PowPow'
INFO: Weapon 1: 'FLATLINE'
INFO: Weapon 2: 'EVA-8 AUTO'
INFO: 
INFO: >>> Frame 001375
INFO: Player name: '_SF_Resultuh' -> 'sF_Resultuh'
INFO: Weapon 1: 'EVA-8 AUTO'
INFO: Weapon 2: 'G7 SCOUT'
INFO: 
INFO: >>> Frame 001376
INFO: Player name: ',SF_Resultuh' -> 'sF_Resultuh'
INFO: Weapon 1: 'EVA-8 AUTO'
INFO: Weapon 2: 'G7? SCOUT' -> 'G7 SCOUT'
INFO: 
INFO: >>> Frame 001377
INFO: Player name: 'SF _Dezignful' -> 'sF_Dezignful'
INFO: Weapon 1: 'EVA-8 AUTO'
INFO: Weapon 2: 'G7 SCOUT'
INFO: 
INFO: >>> Frame 001378
INFO: Player name: 'SF Dezignful' -> 'sF_Dezignful'
INFO: Weapon 1: 'VOLT'
INFO: Weapon 2: 'G7? SCOUT' -> 'G7 SCOUT'
INFO: 
INFO: >>> Frame 001379
INFO: Player name: 'sF_Dezignful'
INFO: Weapon 1: 'VOLT'
INFO: Weapon 2: 'G7 SCOUT'
INFO: 
INFO: >>> Frame 001380
INFO: Player name: 'sF_Dezignful'
INFO: Weapon 1: 'VOLT'
INFO: Weapon 2: 'G7 SCOUT'
INFO: 
INFO: >>> Frame 001381
INFO: Player name: 'sF_Dezignful'
INFO: Weapon 1: 'VOLT'
INFO: Weapon 2: 'G7 SCOUT'
INFO: 
INFO: >>> Frame 001382
INFO: Player name: 'sFiDezionful' -> 'sF_Dezignful'
INFO: Weapon 1: 'VOLT'
INFO: Weapon 2: 'G7 SCOUT'
INFO: 
INFO: >>> Frame 001383
INFO: Player name: '1sF Dezignful' -> 'sF_Dezignful'
INFO: Weapon 1: 'VOLT'
INFO: Weapon 2: 'G7 SCOUT'
INFO: 
INFO: >>> Frame 001384
INFO: Player name: 'sF_Gantrifying' -> 'sF_Gentrifyinq'
INFO: Weapon 1: 'HEMLOK'
INFO: Weapon 2: 'R-99'
INFO: 
INFO: >>> Frame 001385
INFO: Player name: 'sF_Gentrifying' -> 'sF_Gentrifyinq'
INFO: Weapon 1: 'HEMLOK'
INFO: Weapon 2: 'R-99'
INFO: 
INFO: >>> Frame 001386
INFO: Player name: 'sF_Gentrifying' -> 'sF_Gentrifyinq'
INFO: Weapon 1: 'HEMLOK'
INFO: Weapon 2: 'R-39' -> 'R-99'
INFO: 
INFO: >>> Frame 001387
INFO: Can't find player name end icon
INFO: 
INFO: >>> Frame 001388
INFO: Can't find player name end icon
INFO: 
INFO: >>> Frame 001389
INFO: Can't find player name end icon
INFO: 
INFO: >>> Frame 001390
INFO: Can't find player name end icon
INFO: 
INFO: >>> Frame 001391
INFO: Player name: '/NRG_rocker' -> 'NRG_rocker'
INFO: Weapon 2: 'CHARGE RIFLE'
INFO: 
INFO: >>> Frame 001392
INFO: Player name: 'NRG _Sweet_Rank_]' -> 'NRG_Sweet_Rank_1'
INFO: Weapon 1: 'G7 SCOUT'
INFO: Weapon 2: 'R-99'
INFO: 
INFO: >>> Frame 001393
INFO: Player name: 'NRG_nafen'
INFO: Weapon 1: 'G7 SCOUT'
INFO: Weapon 2: 'EVA-B AUTO' -> 'EVA-8 AUTO'
INFO: 
INFO: >>> Frame 001394
INFO: Player name: 'NRG_nafen'
INFO: Weapon 1: 'G7 SCOUT'
INFO: Weapon 2: 'EVA-B8 AUTO' -> 'EVA-8 AUTO'
INFO: 
INFO: >>> Frame 001395
INFO: Player name: 'NRG_nafen'
INFO: Weapon 1: 'G7 SCOUT'
INFO: Weapon 2: 'EVA-3 AUTO' -> 'EVA-8 AUTO'
INFO: 
INFO: >>> Frame 001396
INFO: Player name: 'NRG_nafen'
INFO: Weapon 1: 'G7 SCOUT'
INFO: Weapon 2: 'EV4-3 AUTO' -> 'EVA-8 AUTO'
INFO: 
INFO: >>> Frame 001397
INFO: Player name: 'NRG_Sweet_Rank 1}' -> 'NRG_Sweet_Rank_1'
INFO: Weapon 1: 'G7 SCOUT'
INFO: Weapon 2: 'R-99'
INFO: 
INFO: >>> Frame 001398
INFO: Player name: 'NRG_Sweet_Rank_|' -> 'NRG_Sweet_Rank_1'
INFO: Weapon 1: 'G7 SCOUT'
INFO: Weapon 2: 'R-99'
INFO: 
INFO: >>> Frame 001399
INFO: Player name: 'NRG_Sweet_Rank_|' -> 'NRG_Sweet_Rank_1'
INFO: Weapon 1: 'G7 SCOUT'
INFO: Weapon 2: 'R-99'
INFO: 
INFO: >>> Frame 001400
INFO: Player name: 'ClaneSZN'
INFO: Weapon 1: '40-30 REPEATER' -> '30-30 REPEATER'
INFO: Weapon 2: 'VOLT'
INFO: 
INFO: >>> Frame 001401
INFO: Player name: 'ClaneSZN'
INFO: Weapon 1: '30-40 REPEATER' -> '30-30 REPEATER'
INFO: Weapon 2: 'VOLT'
INFO: 
INFO: >>> Frame 001402
INFO: Player name: 'ClaneSZn' -> 'ClaneSZN'
INFO: Weapon 1: 'R-99'
INFO: Weapon 2: 'FLATLINE'
INFO: 
INFO: >>> Frame 001403
INFO: 
INFO: >>> Frame 001404
INFO: Player name: 'ClaneSZN'
INFO: Unknown weapon: 'ag' (best guess: '30-30 REPEATER', 1.00)
INFO: Weapon 2: 'FLATLINE'
INFO: 
INFO: >>> Frame 001405
INFO: 
INFO: >>> Frame 001406
INFO: Player name: 'SF _Rasultuh' -> 'sF_Resultuh'
INFO: Weapon 1: 'EVA-8 AUTO'
INFO: Weapon 2: 'G7 SCOUT'
INFO: 
INFO: >>> Frame 001407
INFO: Player name: 'sF_Gentrifying' -> 'sF_Gentrifyinq'
INFO: Weapon 1: 'HEMLOK'
INFO: Weapon 2: 'R-99'
INFO: 
INFO: >>> Frame 001408
INFO: Player name: "'sF Gentrifying" -> 'sF_Gentrifyinq'
INFO: Weapon 1: 'HEMLOK'
INFO: Weapon 2: 'R-99'
INFO: 
INFO: >>> Frame 001409
INFO: Player name: 'sF_Gentrifying' -> 'sF_Gentrifyinq'
INFO: Weapon 1: 'HEMLOK'
INFO: Weapon 2: 'R-99'
INFO: 
INFO: >>> Frame 001410
INFO: Player name: 'sF_Gantrifying' -> 'sF_Gentrifyinq'
INFO: Weapon 1: 'HEMLOK'
INFO: Weapon 2: 'R-99'
INFO: 
INFO: >>> Frame 001411
INFO: Player name: 'sF_Gentrifying' -> 'sF_Gentrifyinq'
INFO: Weapon 1: 'HEMLOK'
INFO: Weapon 2: 'R-99'
INFO: 
INFO: >>> Frame 001412
INFO: Player name: 'SF Gentrifying' -> 'sF_Gentrifyinq'
INFO: Weapon 1: 'HEMLOK'
INFO: Weapon 2: 'R-99'
INFO: 
INFO: >>> Frame 001413
INFO: Player name: 'sF_Gentrifying' -> 'sF_Gentrifyinq'
INFO: Weapon 1: 'HEMLDK.' -> 'HEMLOK'
INFO: Weapon 2: 'R-99'
INFO: 
INFO: >>> Frame 001414
INFO: Player name: 'sF_Gantrifying' -> 'sF_Gentrifyinq'
INFO: Weapon 1: 'HEMLOK'
INFO: Weapon 2: 'R-99'
INFO: 
INFO: >>> Frame 001415
INFO: Player name: 'sF_Gentrifying' -> 'sF_Gentrifyinq'
INFO: Weapon 1: 'HEMLOK'
INFO: Weapon 2: 'R-99'
INFO: 
INFO: >>> Frame 001416
INFO: Can't find player name end icon
INFO: 
INFO: >>> Frame 001417
INFO: Can't find player name end icon
INFO: 
INFO: >>> Frame 001418
INFO: Can't find player name end icon
INFO: 
INFO: >>> Frame 001419
INFO: Can't find player name end icon
INFO: 
INFO: >>> Frame 001420
INFO: 
INFO: >>> Frame 001421
INFO: 
INFO: >>> Frame 001422
INFO: Player name: '_SF_Resultuh' -> 'sF_Resultuh'
INFO: Weapon 1: 'EVA-9 AUTO' -> 'EVA-8 AUTO'
INFO: Weapon 2: 'G7 SCOUT'
INFO: 
INFO: >>> Frame 001423
INFO: Player name: 'ProdigyAces'
INFO: Weapon 1: 'FLATLINE —' -> 'FLATLINE'
INFO: Weapon 2: 'MASTIFF'
INFO: 
INFO: >>> Frame 001424
INFO: Player name: 'ProdigyAces'
INFO: Weapon 1: 'FLATLINE'
INFO: Weapon 2: 'MASTIFF'
INFO: 
INFO: >>> Frame 001425
INFO: Player name: 'ProdigyAces'
INFO: Weapon 1: 'FLATLINE'
INFO: Weapon 2: 'MASTIFF'
INFO: 
INFO: >>> Frame 001426
INFO: Player name: 'ProdigyAces'
INFO: Weapon 1: 'FLATLINE'
INFO: Weapon 2: 'MASTIFF'
INFO: 
INFO: >>> Frame 001427
INFO: Player name: '“ProdigyAces' -> 'ProdigyAces'
INFO: Weapon 1: 'FLATLINE'
INFO: Weapon 2: 'MASTIFF'
INFO: 
INFO: >>> Frame 001428
INFO: Player name: 'ProdigyAces'
INFO: Weapon 1: 'FLATLINE'
INFO: Weapon 2: 'MASTIFF'
INFO: 
INFO: >>> Frame 001429
INFO: Player name: 'ProdigyAces'
INFO: Weapon 1: 'FLATLINE'
INFO: Weapon 2: 'MASTIFF'
INFO: 
INFO: >>> Frame 001430
INFO: Player name: 'ProdigyAces'
INFO: Weapon 1: 'FLATLINE'
INFO: Weapon 2: 'MASTIFF'
INFO: 
INFO: >>> Frame 001431
INFO: Player name: 'joeyblackout'
INFO: Weapon 1: 'G7 SCOUT'
INFO: Weapon 2: 'EVA-B AUTO' -> 'EVA-8 AUTO'
INFO: 
INFO: >>> Frame 001432
INFO: Player name: 'joeyblackout'
INFO: Weapon 1: 'G7 SCOUT'
INFO: Weapon 2: 'EVA-3 AUTO' -> 'EVA-8 AUTO'
INFO: 
INFO: >>> Frame 001433
INFO: Player name: 'joeyblackout'
INFO: Weapon 1: 'G7 SCOUT'
INFO: Weapon 2: 'EVA-3 AUTO' -> 'EVA-8 AUTO'
INFO: 
INFO: >>> Frame 001434
INFO: Player name: 'joeyblackout'
INFO: Weapon 1: 'G7 SCOUT'
INFO: Weapon 2: 'EVA-3 AUTO' -> 'EVA-8 AUTO'
INFO: 
INFO: >>> Frame 001435
INFO: Player name: 'Rakkinishu'
INFO: Weapon 1: 'R-301'
INFO: Weapon 2: 'FLATLINE'
INFO: 
INFO: >>> Frame 001436
INFO: Player name: 'ProdigyAces'
INFO: Weapon 1: 'FLATLINE'
INFO: Weapon 2: 'MASTIFF'
INFO: 
INFO: >>> Frame 001437
INFO: Can't find player name end icon
INFO: 
INFO: >>> Frame 001438
INFO: Can't find player name end icon
INFO: 
INFO: >>> Frame 001439
INFO: Can't find player name end icon
INFO: 
INFO: >>> Frame 001440
INFO: Can't find player name end icon
INFO: 
INFO: >>> Frame 001441
INFO: Player name: 'CLG Vaxion' -> 'CLG_Vaxlon'
INFO: Weapon 1: 'WINGMAN'
INFO: Weapon 2: 'EVA-3 AUTO' -> 'EVA-8 AUTO'
INFO: 
INFO: >>> Frame 001442
INFO: Player name: 'CLG _Vaxlon' -> 'CLG_Vaxlon'
INFO: Weapon 1: 'WINGMAN'
INFO: Weapon 2: 'EVA-38 AUTO' -> 'EVA-8 AUTO'
INFO: 
INFO: >>> Frame 001443
INFO: Player name: 'CLG Vaxion' -> 'CLG_Vaxlon'
INFO: Weapon 1: 'WINGMAN'
INFO: Weapon 2: 'EVA-38 AUTO' -> 'EVA-8 AUTO'
INFO: 
INFO: >>> Frame 001444
INFO: Player name: 'CLG_Vaxlon'
INFO: Weapon 1: 'WINGMAN'
INFO: Weapon 2: 'EVA-8 AUTO'
INFO: 
INFO: >>> Frame 001445
INFO: Player name: 'CLG Vaxlon' -> 'CLG_Vaxlon'
INFO: Weapon 1: 'WINGMAN'
INFO: Weapon 2: 'EVA-8 AUTO'
INFO: 
INFO: >>> Frame 001446
INFO: Player name: 'CLG Vaxion' -> 'CLG_Vaxlon'
INFO: Weapon 1: 'WINGMAN'
INFO: Weapon 2: 'EVA-8 AUTO'
INFO: 
INFO: >>> Frame 001447
INFO: Player name: 'CLG _Vaxlon' -> 'CLG_Vaxlon'
INFO: Weapon 1: 'WINGMAN'
INFO: Weapon 2: 'EVA-8 AUTO'
INFO: 
INFO: >>> Frame 001448
INFO: Player name: 'CLG _Vaxlon' -> 'CLG_Vaxlon'
INFO: Weapon 1: 'WINGMAN'
INFO: Weapon 2: 'EVA-8 AUTO'
INFO: 
INFO: >>> Frame 001449
INFO: Player name: 'CLG _Vaxlon' -> 'CLG_Vaxlon'
INFO: Weapon 1: 'WINGMAN'
INFO: Weapon 2: 'EVA-B AUTO' -> 'EVA-8 AUTO'
INFO: 
INFO: >>> Frame 001450
INFO: Player name: 'CLG Vaxton' -> 'CLG_Vaxlon'
INFO: Weapon 1: 'WINGMAN'
INFO: Weapon 2: 'EVA-8 AUTO'
INFO: 
INFO: >>> Frame 001451
INFO: Player name: 'CLG Vaxton' -> 'CLG_Vaxlon'
INFO: Weapon 1: 'WINGMAN'
INFO: Weapon 2: 'EVA-8 AUTO'
INFO: 
INFO: >>> Frame 001452
INFO: Player name: 'CLG Vaxton' -> 'CLG_Vaxlon'
INFO: Weapon 1: 'WINGMAN'
INFO: Weapon 2: 'EVA-B AUTO' -> 'EVA-8 AUTO'
INFO: 
INFO: >>> Frame 001453
INFO: Player name: 'CLG_Vaxion' -> 'CLG_Vaxlon'
INFO: Weapon 1: 'WINGMAN'
INFO: Weapon 2: 'EVA-8 AUTO'
INFO: 
INFO: >>> Frame 001454
INFO: Player name: 'CLG_Vaxion' -> 'CLG_Vaxlon'
INFO: Weapon 1: 'WINGMAN'
INFO: Weapon 2: 'EVA-38 AUTO' -> 'EVA-8 AUTO'
INFO: 
INFO: >>> Frame 001455
INFO: Player name: 'CLG _Vaxlon' -> 'CLG_Vaxlon'
INFO: Weapon 1: 'WINGMAN'
INFO: Weapon 2: 'EVA-8 AUTO'
INFO: 
INFO: >>> Frame 001456
INFO: Player name: 'CLG Vaxlon' -> 'CLG_Vaxlon'
INFO: Weapon 1: 'WINGMAN'
INFO: Weapon 2: 'EVA-8 AUTO'
INFO: 
INFO: >>> Frame 001457
INFO: Player name: 'CLB_Vaxlon' -> 'CLG_Vaxlon'
INFO: Weapon 1: 'WINGMAN:' -> 'WINGMAN'
INFO: Weapon 2: 'EVA-8 AUTO'
INFO: 
INFO: >>> Frame 001458
INFO: Player name: 'CLG _Vaxlon' -> 'CLG_Vaxlon'
INFO: Weapon 1: 'WINGMAN'
INFO: Weapon 2: 'EVA-8 AUTO'
INFO: 
INFO: >>> Frame 001459
INFO: Player name: 'CLG Vaxlon' -> 'CLG_Vaxlon'
INFO: Weapon 1: 'WINGMAN'
INFO: Weapon 2: 'EVA-38 AUTO' -> 'EVA-8 AUTO'
INFO: 
INFO: >>> Frame 001460
INFO: Player name: 'CLG Vaxlon' -> 'CLG_Vaxlon'
INFO: Weapon 1: 'WINGMAN'
INFO: Weapon 2: 'EVA-8 AUTO'
INFO: 
INFO: >>> Frame 001461
INFO: Player name: 'CLG Vaxloi' -> 'CLG_Vaxlon'
INFO: Weapon 1: 'WINGMAN.' -> 'WINGMAN'
INFO: Weapon 2: 'EVA-8 AUTO'
INFO: 
INFO: >>> Frame 001462
INFO: Player name: 'CLG Vaxton' -> 'CLG_Vaxlon'
INFO: Weapon 1: 'WINGMAN'
INFO: Weapon 2: 'EVA-8 AUTO'
INFO: 
INFO: >>> Frame 001463
INFO: Player name: 'CLG_Vaxion' -> 'CLG_Vaxlon'
INFO: Weapon 1: 'WINGMAN'
INFO: Weapon 2: 'EVA-8 AUTO'
INFO: 
INFO: >>> Frame 001464
INFO: Player name: 'CLG Vaxlon' -> 'CLG_Vaxlon'
INFO: Weapon 1: 'WINGMAN'
INFO: Weapon 2: 'EVA-B AUTO' -> 'EVA-8 AUTO'
INFO: 
INFO: >>> Frame 001465
INFO: Player name: 'CLG Vaxton' -> 'CLG_Vaxlon'
INFO: Weapon 2: 'EVA-B ALTO' -> 'EVA-8 AUTO'
INFO: 
INFO: >>> Frame 001466
INFO: Player name: 'CLG ImMadness'
INFO: Weapon 1: 'R-99'
INFO: Weapon 2: 'EVA-8 AUTO'
INFO: 
INFO: >>> Frame 001467
INFO: Player name: 'CLG ImMadness'
INFO: Weapon 1: 'R-99'
INFO: Weapon 2: 'EVA-8 AUTO'
INFO: 
INFO: >>> Frame 001468
INFO: Player name: 'CLG IimMadness' -> 'CLG ImMadness'
INFO: Weapon 1: 'R-99'
INFO: Weapon 2: 'EVA-8 AUTO'
INFO: 
INFO: >>> Frame 001469
INFO: Player name: 'CLG ImMadness'
INFO: Weapon 1: 'R-99'
INFO: Weapon 2: 'EVA-8 AUTO'
INFO: 
INFO: >>> Frame 001470
INFO: Player name: 'CLG ImMadness'
INFO: Weapon 2: 'EVA-3 AUTO' -> 'EVA-8 AUTO'
INFO: 
INFO: >>> Frame 001471
INFO: Player name: '‘CLG ImMadness' -> 'CLG ImMadness'
INFO: Weapon 1: 'R-99'
INFO: Weapon 2: 'EVA-3 AUTO' -> 'EVA-8 AUTO'
INFO: 
INFO: >>> Frame 001472
INFO: Player name: 'CLG ImMadness'
INFO: Weapon 1: 'R-99'
INFO: Weapon 2: 'EVA-B ALUITO' -> 'EVA-8 AUTO'
INFO: 
INFO: >>> Frame 001473
INFO: Can't find player name end icon
INFO: 
INFO: >>> Frame 001474
INFO: Can't find player name end icon
INFO: 
INFO: >>> Frame 001475
INFO: Can't find player name end icon
INFO: 
INFO: >>> Frame 001476
INFO: Can't find player name end icon
INFO: 
INFO: >>> Frame 001477
INFO: Player name: 'joeyblackout'
INFO: Weapon 1: 'G7 SCOUT'
INFO: Weapon 2: 'EVA-8 AUTO'
INFO: 
INFO: >>> Frame 001478
INFO: Player name: 'joyblackout' -> 'joeyblackout'
INFO: Weapon 1: 'G7 SCOUT'
INFO: Weapon 2: 'EVA-8 AUTO'
INFO: 
INFO: >>> Frame 001479
INFO: Player name: 'joeyblackout'
INFO: Weapon 1: 'G7 SCOUT'
INFO: Weapon 2: 'EVA-6 AUTO' -> 'EVA-8 AUTO'
INFO: 
INFO: >>> Frame 001480
INFO: Player name: 'joeyblackout'
INFO: Weapon 1: 'G7 SCOUT'
INFO: Weapon 2: 'EVA-8 AUTO'
INFO: 
INFO: >>> Frame 001481
INFO: Player name: 'joeyblackout'
INFO: Weapon 1: 'G7 SCOUT'
INFO: Weapon 2: 'EVA-3 AUTO' -> 'EVA-8 AUTO'
INFO: 
INFO: >>> Frame 001482
INFO: Player name: 'Rakkinishu'
INFO: Weapon 1: 'R-301'
INFO: Weapon 2: 'FLATLINE'
INFO: 
INFO: >>> Frame 001483
INFO: Player name: 'Rakkinishu'
INFO: Weapon 1: 'R-401' -> 'R-301'
INFO: Weapon 2: 'FLATLINE'
INFO: 
INFO: >>> Frame 001484
INFO: Player name: 'Joeybtackout' -> 'joeyblackout'
INFO: Weapon 1: 'G7 SCOUT'
INFO: Weapon 2: 'EVA-B AUTO' -> 'EVA-8 AUTO'
INFO: 
INFO: >>> Frame 001485
INFO: Player name: 'joeyblackout'
INFO: Weapon 1: 'G? SCOUT' -> 'G7 SCOUT'
INFO: Weapon 2: 'EVA-8 AUTO'
INFO: 
INFO: >>> Frame 001486
INFO: Can't find player name end icon
INFO: 
INFO: >>> Frame 001487
INFO: Can't find player name end icon
INFO: 
INFO: >>> Frame 001488
INFO: Player name: 'josyblackout' -> 'joeyblackout'
INFO: Weapon 2: 'EVA-8 AUTO'
INFO: 
INFO: >>> Frame 001489
INFO: Player name: 'joeyblackout'
INFO: Weapon 1: 'G7 SCOUT'
INFO: Weapon 2: 'EVA-6 AUTO' -> 'EVA-8 AUTO'
INFO: 
INFO: >>> Frame 001490
INFO: Player name: 'joeyblackout'
INFO: Weapon 1: 'G7 SCOUT'
INFO: Weapon 2: 'EVA-8 AUTO'
INFO: 
INFO: >>> Frame 001491
INFO: Player name: 'joeyblackout'
INFO: Weapon 1: 'G7 SCOUT'
INFO: Weapon 2: 'EVA-6 AUTO' -> 'EVA-8 AUTO'
INFO: 
INFO: >>> Frame 001492
INFO: Can't find player name end icon
INFO: 
INFO: >>> Frame 001493
INFO: Can't find player name end icon
INFO: 
INFO: >>> Frame 001494
INFO: Player name: 'CLG _Vaxlon' -> 'CLG_Vaxlon'
INFO: Weapon 1: 'WINGMAN'
INFO: Weapon 2: 'EVA-8 AUTO'
INFO: 
INFO: >>> Frame 001495
INFO: 
INFO: >>> Frame 001496
INFO: Player name: 'CLG _Vaxlon' -> 'CLG_Vaxlon'
INFO: Weapon 1: 'WINGMAN'
INFO: Weapon 2: 'EVA-8 AUTO'
INFO: 
INFO: >>> Frame 001497
INFO: Player name: 'CLG _Vaxlon' -> 'CLG_Vaxlon'
INFO: Weapon 2: 'EVA-B AUTO' -> 'EVA-8 AUTO'
INFO: 
INFO: >>> Frame 001498
INFO: Player name: 'CLG _Vaxlon' -> 'CLG_Vaxlon'
INFO: Weapon 1: 'WIHGMAN' -> 'WINGMAN'
INFO: Weapon 2: 'EVA-8 AUTO'
INFO: 
INFO: >>> Frame 001499
INFO: Player name: 'CLG _Vaxton' -> 'CLG_Vaxlon'
INFO: Weapon 1: 'WINGMAN'
INFO: Weapon 2: 'EVA-8 AUTO'
