14:41:58 INFO: 
14:41:58 INFO: >>> Frame 000835
14:41:58 INFO: Can't find player name end icon
14:41:58 INFO: 
14:41:58 INFO: >>> Frame 000836
14:41:58 INFO: Can't find player name end icon
14:41:58 INFO: 
14:41:58 INFO: >>> Frame 000837
14:41:58 INFO: Can't find player name end icon
14:41:58 INFO: 
14:41:58 INFO: >>> Frame 000838
14:41:58 INFO: Can't find player name end icon
14:41:58 INFO: 
14:41:58 INFO: >>> Frame 000839
14:41:58 INFO: Can't find player name end icon
14:41:58 INFO: 
14:41:58 INFO: >>> Frame 000840
14:41:58 INFO: Can't find player name end icon
14:41:58 INFO: 
14:41:58 INFO: >>> Frame 000841
14:41:58 INFO: Can't find player name end icon
14:41:58 INFO: 
14:41:58 INFO: >>> Frame 000842
14:41:58 INFO: Can't find player name end icon
14:41:58 INFO: 
14:41:58 INFO: >>> Frame 000843
14:41:58 INFO: Can't find player name end icon
14:41:58 INFO: 
14:41:58 INFO: >>> Frame 000844
14:41:58 INFO: Can't find player name end icon
14:41:58 INFO: 
14:41:58 INFO: >>> Frame 000845
14:41:58 INFO: Can't find player name end icon
14:41:58 INFO: 
14:41:58 INFO: >>> Frame 000846
14:41:59 INFO: Player name: 'SungNguyenn'
14:41:59 INFO: 
14:41:59 INFO: >>> Frame 000847
14:42:00 INFO: Player name: 'SungNguyenn'
14:42:00 INFO: 
14:42:00 INFO: >>> Frame 000848
14:42:01 INFO: Player name: 'SungNguyenn'
14:42:01 INFO: 
14:42:01 INFO: >>> Frame 000849
14:42:01 INFO: Player name: 'sungNguyenn'
14:42:01 INFO: Player name: 'sungNguyenn' -> 'SungNguyenn'
14:42:01 INFO: 
14:42:01 INFO: >>> Frame 000850
14:42:02 INFO: Player name: ', BlurrFlavorz_RX'
14:42:02 INFO: Player name: ', BlurrFlavorz_RX' -> 'BlurrFlavorz_RX'
14:42:02 INFO: 
14:42:02 INFO: >>> Frame 000851
14:42:03 INFO: Player name: ', BlurrFlavorz_RX'
14:42:03 INFO: Player name: ', BlurrFlavorz_RX' -> 'BlurrFlavorz_RX'
14:42:03 INFO: 
14:42:03 INFO: >>> Frame 000852
14:42:04 INFO: Player name: '_BlurrFlavorz_ RX'
14:42:04 INFO: Player name: '_BlurrFlavorz_ RX' -> 'BlurrFlavorz_RX'
14:42:04 INFO: 
14:42:04 INFO: >>> Frame 000853
14:42:05 INFO: Player name: ', BlurrFlavorz_RX'
14:42:05 INFO: Player name: ', BlurrFlavorz_RX' -> 'BlurrFlavorz_RX'
14:42:05 INFO: 
14:42:05 INFO: >>> Frame 000854
14:42:06 INFO: Player name: ' BlurrFlavarz_RX'
14:42:06 INFO: Player name: ' BlurrFlavarz_RX' -> 'BlurrFlavorz_RX'
14:42:06 INFO: 
14:42:06 INFO: >>> Frame 000855
14:42:07 INFO: Player name: 'BlurrFlavorz_RX'
14:42:07 INFO: 
14:42:07 INFO: >>> Frame 000856
14:42:08 INFO: Player name: 'HisWattson_RX'
14:42:08 INFO: 
14:42:08 INFO: >>> Frame 000857
14:42:08 INFO: Player name: 'HisWattson_RX'
14:42:08 INFO: 
14:42:08 INFO: >>> Frame 000858
14:42:09 INFO: Player name: 'HisWattson RX'
14:42:09 INFO: Player name: 'HisWattson RX' -> 'HisWattson_RX'
14:42:09 INFO: 
14:42:09 INFO: >>> Frame 000859
14:42:10 INFO: Player name: '_CLT_mercy'
14:42:10 INFO: Player name: '_CLT_mercy' -> 'CLT_mercy'
14:42:10 INFO: 
14:42:10 INFO: >>> Frame 000860
14:42:11 INFO: Player name: ' CLT_mercy'
14:42:11 INFO: Player name: ' CLT_mercy' -> 'CLT_mercy'
14:42:11 INFO: 
14:42:11 INFO: >>> Frame 000861
14:42:11 INFO: Player name: '_CLT_mercy'
14:42:11 INFO: Player name: '_CLT_mercy' -> 'CLT_mercy'
14:42:11 INFO: 
14:42:11 INFO: >>> Frame 000862
14:42:12 INFO: Player name: 'CLT Bronzay'
14:42:12 INFO: Player name: 'CLT Bronzay' -> 'CLT Bronzey'
14:42:12 INFO: 
14:42:12 INFO: >>> Frame 000863
14:42:13 INFO: Player name: 'CLT Bronzey'
14:42:13 INFO: 
14:42:13 INFO: >>> Frame 000864
14:42:13 INFO: Can't find player name end icon
14:42:13 INFO: 
14:42:13 INFO: >>> Frame 000865
14:42:13 INFO: Can't find player name end icon
14:42:13 INFO: 
14:42:13 INFO: >>> Frame 000866
14:42:13 INFO: Player name: 'CLT Bronzey'
14:42:13 INFO: 
14:42:13 INFO: >>> Frame 000867
14:42:14 INFO: Player name: 'CLT mercy'
14:42:14 INFO: Player name: 'CLT mercy' -> 'CLT_mercy'
14:42:14 INFO: 
14:42:14 INFO: >>> Frame 000868
14:42:15 INFO: Player name: 'CLT mercy'
14:42:15 INFO: Player name: 'CLT mercy' -> 'CLT_mercy'
14:42:15 INFO: 
14:42:15 INFO: >>> Frame 000869
14:42:15 INFO: Player name: 'CLT Bronzey'
14:42:15 INFO: 
14:42:15 INFO: >>> Frame 000870
14:42:16 INFO: Player name: 'CLT Bronzey'
14:42:16 INFO: 
14:42:16 INFO: >>> Frame 000871
14:42:17 INFO: Player name: 'CLT Bronzey'
14:42:17 INFO: 
14:42:17 INFO: >>> Frame 000872
14:42:17 INFO: Player name: 'CLT Pride'
14:42:17 INFO: 
14:42:17 INFO: >>> Frame 000873
14:42:18 INFO: Player name: 'CLT Pride'
14:42:18 INFO: 
14:42:18 INFO: >>> Frame 000874
14:42:19 INFO: Player name: 'CLT Pride'
14:42:19 INFO: 
14:42:19 INFO: >>> Frame 000875
14:42:19 INFO: Player name: 'CLT Bronzey'
14:42:19 INFO: 
14:42:19 INFO: >>> Frame 000876
14:42:20 INFO: Player name: 'HisWattson_RxX'
14:42:20 INFO: Player name: 'HisWattson_RxX' -> 'HisWattson_RX'
14:42:20 INFO: 
14:42:20 INFO: >>> Frame 000877
14:42:21 INFO: Player name: 'HisWattson_ RX'
14:42:21 INFO: Player name: 'HisWattson_ RX' -> 'HisWattson_RX'
14:42:21 INFO: 
14:42:21 INFO: >>> Frame 000878
14:42:22 INFO: Player name: 'SungNguyenn'
14:42:22 INFO: 
14:42:22 INFO: >>> Frame 000879
14:42:23 INFO: Player name: 'SungNguyenn'
14:42:23 INFO: 
14:42:23 INFO: >>> Frame 000880
14:42:23 INFO: Player name: 'SungNguyenn'
14:42:23 INFO: 
14:42:23 INFO: >>> Frame 000881
14:42:24 INFO: Player name: 'SungNguyenn'
14:42:24 INFO: 
14:42:24 INFO: >>> Frame 000882
14:42:25 INFO: Player name: 'SungNguyann'
14:42:25 INFO: Player name: 'SungNguyann' -> 'SungNguyenn'
14:42:25 INFO: 
14:42:25 INFO: >>> Frame 000883
14:42:26 INFO: Player name: ' BlurrFlavorz_RX'
14:42:26 INFO: Player name: ' BlurrFlavorz_RX' -> 'BlurrFlavorz_RX'
14:42:26 INFO: 
14:42:26 INFO: >>> Frame 000884
14:42:27 INFO: Player name: '_ BlurrFlavorz_RX'
14:42:27 INFO: Player name: '_ BlurrFlavorz_RX' -> 'BlurrFlavorz_RX'
14:42:27 INFO: 
14:42:27 INFO: >>> Frame 000885
14:42:27 INFO: Can't find player name end icon
14:42:27 INFO: 
14:42:27 INFO: >>> Frame 000886
14:42:27 INFO: Player name: '-BlurrFlavorz_AXx'
14:42:27 INFO: Player name: '-BlurrFlavorz_AXx' -> 'BlurrFlavorz_RX'
14:42:27 INFO: 
14:42:27 INFO: >>> Frame 000887
14:42:28 INFO: Player name: '| BlurrFlavorz_ RX'
14:42:28 INFO: Player name: '| BlurrFlavorz_ RX' -> 'BlurrFlavorz_RX'
14:42:28 INFO: 
14:42:28 INFO: >>> Frame 000888
14:42:29 INFO: Player name: 'MrGreekGodTTV'
14:42:29 INFO: 
14:42:29 INFO: >>> Frame 000889
14:42:30 INFO: Player name: 'MrGreekGodTTV'
14:42:30 INFO: 
14:42:30 INFO: >>> Frame 000890
14:42:31 INFO: Player name: 'MrGreekGodTTV-'
14:42:31 INFO: Player name: 'MrGreekGodTTV-' -> 'MrGreekGodTTV'
14:42:31 INFO: 
14:42:31 INFO: >>> Frame 000891
14:42:31 INFO: Player name: 'StinkTV'
14:42:31 INFO: 
14:42:31 INFO: >>> Frame 000892
14:42:32 INFO: Player name: 'StinkTV'
14:42:32 INFO: 
14:42:32 INFO: >>> Frame 000893
14:42:32 INFO: Player name: 'StinkTV'
14:42:32 INFO: 
14:42:32 INFO: >>> Frame 000894
14:42:33 INFO: Player name: 'StinkTV¥'
14:42:33 INFO: Player name: 'StinkTV¥' -> 'StinkTV'
14:42:33 INFO: 
14:42:33 INFO: >>> Frame 000895
14:42:34 INFO: Player name: 'StinkTV'
14:42:34 INFO: 
14:42:34 INFO: >>> Frame 000896
14:42:34 INFO: Player name: 'StinkTV'
14:42:34 INFO: 
14:42:34 INFO: >>> Frame 000897
14:42:35 INFO: Player name: 'StinkTV'
14:42:35 INFO: 
14:42:35 INFO: >>> Frame 000898
14:42:35 INFO: Player name: '-StinkTV'
14:42:35 INFO: Player name: '-StinkTV' -> 'StinkTV'
14:42:35 INFO: 
14:42:35 INFO: >>> Frame 000899
14:42:36 INFO: Player name: 'StinkTV'
14:42:36 INFO: 
14:42:36 INFO: >>> Frame 000900
14:42:36 INFO: Can't find player name end icon
14:42:36 INFO: 
14:42:36 INFO: >>> Frame 000901
14:42:36 INFO: Can't find player name end icon
14:42:36 INFO: 
14:42:36 INFO: >>> Frame 000902
14:42:36 INFO: Can't find player name end icon
14:42:36 INFO: 
14:42:36 INFO: >>> Frame 000903
14:42:36 INFO: Can't find player name end icon
14:42:36 INFO: 
14:42:36 INFO: >>> Frame 000904
14:42:37 INFO: Player name: 'Kotigami'
14:42:37 INFO: 
14:42:37 INFO: >>> Frame 000905
14:42:37 INFO: Player name: 'Kotigami'
14:42:37 INFO: 
14:42:37 INFO: >>> Frame 000906
14:42:38 INFO: Player name: 'Kotigami'
14:42:38 INFO: 
14:42:38 INFO: >>> Frame 000907
14:42:39 INFO: Player name: 'CLG jriMadness'
14:42:39 INFO: Player name: 'CLG jriMadness' -> 'CLG ImMadness'
14:42:39 INFO: 
14:42:39 INFO: >>> Frame 000908
14:42:39 INFO: Player name: ',COL_Iou'
14:42:39 INFO: Player name: ',COL_Iou' -> 'COL_Iou'
14:42:39 INFO: 
14:42:39 INFO: >>> Frame 000909
14:42:40 INFO: Player name: 'COL lou'
14:42:40 INFO: Player name: 'COL lou' -> 'COL_Iou'
14:42:40 INFO: 
14:42:40 INFO: >>> Frame 000910
14:42:40 INFO: Player name: 'CLG Vaxton'
14:42:40 INFO: Player name: 'CLG Vaxton' -> 'CLG_Vaxlon'
14:42:40 INFO: 
14:42:40 INFO: >>> Frame 000911
14:42:41 INFO: Player name: 'CLG Vaxlon'
14:42:41 INFO: Player name: 'CLG Vaxlon' -> 'CLG_Vaxlon'
14:42:41 INFO: 
14:42:41 INFO: >>> Frame 000912
14:42:42 INFO: Player name: 'CLG Vaxion'
14:42:42 INFO: Player name: 'CLG Vaxion' -> 'CLG_Vaxlon'
14:42:42 INFO: 
14:42:42 INFO: >>> Frame 000913
14:42:42 INFO: Player name: 'CLG Vaxlon'
14:42:42 INFO: Player name: 'CLG Vaxlon' -> 'CLG_Vaxlon'
14:42:42 INFO: 
14:42:42 INFO: >>> Frame 000914
14:42:43 INFO: Player name: '‘CLG Vaxton'
14:42:43 INFO: Player name: '‘CLG Vaxton' -> 'CLG_Vaxlon'
14:42:43 INFO: 
14:42:43 INFO: >>> Frame 000915
14:42:44 INFO: Player name: 'CLG _Vaxion'
14:42:44 INFO: Player name: 'CLG _Vaxion' -> 'CLG_Vaxlon'
14:42:44 INFO: 
14:42:44 INFO: >>> Frame 000916
14:42:44 INFO: Player name: 'CLG Vaxlon'
14:42:44 INFO: Player name: 'CLG Vaxlon' -> 'CLG_Vaxlon'
14:42:44 INFO: 
14:42:44 INFO: >>> Frame 000917
14:42:45 INFO: Player name: 'CLG Vaxlon'
14:42:45 INFO: Player name: 'CLG Vaxlon' -> 'CLG_Vaxlon'
14:42:45 INFO: 
14:42:45 INFO: >>> Frame 000918
14:42:46 INFO: Player name: 'CLG _Vaxlon'
14:42:46 INFO: Player name: 'CLG _Vaxlon' -> 'CLG_Vaxlon'
14:42:46 INFO: 
14:42:46 INFO: >>> Frame 000919
14:42:47 INFO: Player name: 'CLG Vaxion'
14:42:47 INFO: Player name: 'CLG Vaxion' -> 'CLG_Vaxlon'
14:42:47 INFO: 
14:42:47 INFO: >>> Frame 000920
14:42:47 INFO: Player name: 'CLG Vaxion'
14:42:47 INFO: Player name: 'CLG Vaxion' -> 'CLG_Vaxlon'
14:42:47 INFO: 
14:42:47 INFO: >>> Frame 000921
14:42:48 INFO: Player name: 'CLG_Vaxlon'
14:42:48 INFO: 
14:42:48 INFO: >>> Frame 000922
14:42:49 INFO: Player name: 'CLG_Vaxlon'
14:42:49 INFO: 
14:42:49 INFO: >>> Frame 000923
14:42:49 INFO: Player name: 'CLG Vaxlon'
14:42:49 INFO: Player name: 'CLG Vaxlon' -> 'CLG_Vaxlon'
14:42:49 INFO: 
14:42:49 INFO: >>> Frame 000924
14:42:50 INFO: Player name: 'CLG Vaxlon'
14:42:50 INFO: Player name: 'CLG Vaxlon' -> 'CLG_Vaxlon'
14:42:50 INFO: 
14:42:50 INFO: >>> Frame 000925
14:42:51 INFO: Player name: '. sF_Resultuh'
14:42:51 INFO: Player name: '. sF_Resultuh' -> 'sF_Resultuh'
14:42:51 INFO: 
14:42:51 INFO: >>> Frame 000926
14:42:51 INFO: Player name: '_sF_Resultuh'
14:42:51 INFO: Player name: '_sF_Resultuh' -> 'sF_Resultuh'
14:42:51 INFO: 
14:42:51 INFO: >>> Frame 000927
14:42:52 INFO: Player name: 'SF _Resultuh'
14:42:52 INFO: Player name: 'SF _Resultuh' -> 'sF_Resultuh'
14:42:52 INFO: 
14:42:52 INFO: >>> Frame 000928
14:42:53 INFO: Player name: '_sF_Resultuh'
14:42:53 INFO: Player name: '_sF_Resultuh' -> 'sF_Resultuh'
14:42:53 INFO: 
14:42:53 INFO: >>> Frame 000929
14:42:53 INFO: Player name: '_SF_Resultuh'
14:42:53 INFO: Player name: '_SF_Resultuh' -> 'sF_Resultuh'
14:42:53 INFO: 
14:42:53 INFO: >>> Frame 000930
14:42:54 INFO: Player name: '_SF_Resultuh'
14:42:54 INFO: Player name: '_SF_Resultuh' -> 'sF_Resultuh'
14:42:54 INFO: 
14:42:54 INFO: >>> Frame 000931
14:42:55 INFO: Player name: '-sF_Resultuh'
14:42:55 INFO: Player name: '-sF_Resultuh' -> 'sF_Resultuh'
14:42:55 INFO: 
14:42:55 INFO: >>> Frame 000932
14:42:56 INFO: Player name: 'SF _Resultuh'
14:42:56 INFO: Player name: 'SF _Resultuh' -> 'sF_Resultuh'
14:42:56 INFO: 
14:42:56 INFO: >>> Frame 000933
14:42:56 INFO: Player name: 'SF _Resultuh'
14:42:56 INFO: Player name: 'SF _Resultuh' -> 'sF_Resultuh'
14:42:56 INFO: 
14:42:56 INFO: >>> Frame 000934
14:42:57 INFO: Player name: 'Sauceror'
14:42:57 INFO: 
14:42:57 INFO: >>> Frame 000935
14:42:57 INFO: Player name: 'Saucerot'
14:42:57 INFO: Player name: 'Saucerot' -> 'Sauceror'
14:42:57 INFO: 
14:42:57 INFO: >>> Frame 000936
14:42:58 INFO: Player name: 'Sauceror'
14:42:58 INFO: 
14:42:58 INFO: >>> Frame 000937
14:42:58 INFO: Player name: 'Sauceror'
14:42:58 INFO: 
14:42:58 INFO: >>> Frame 000938
14:42:59 INFO: Can't find player name end icon
14:42:59 INFO: 
14:42:59 INFO: >>> Frame 000939
14:42:59 INFO: Can't find player name end icon
14:42:59 INFO: 
14:42:59 INFO: >>> Frame 000940
14:42:59 INFO: Player name: 'bowswerr'
14:42:59 INFO: 
14:42:59 INFO: >>> Frame 000941
14:43:00 INFO: Player name: 'bowswerr'
14:43:00 INFO: 
14:43:00 INFO: >>> Frame 000942
14:43:00 INFO: Player name: 'bowswerr'
14:43:00 INFO: 
14:43:00 INFO: >>> Frame 000943
14:43:01 INFO: Player name: 'CLG _PowPow'
14:43:01 INFO: Player name: 'CLG _PowPow' -> 'CLG_PowPow'
14:43:01 INFO: 
14:43:01 INFO: >>> Frame 000944
14:43:02 INFO: Player name: 'CLG_PowPow'
14:43:02 INFO: 
14:43:02 INFO: >>> Frame 000945
14:43:03 INFO: Player name: 'CLG PowPow'
14:43:03 INFO: Player name: 'CLG PowPow' -> 'CLG_PowPow'
14:43:03 INFO: 
14:43:03 INFO: >>> Frame 000946
14:43:03 INFO: Player name: 'CLG_PowPow'
14:43:03 INFO: 
14:43:03 INFO: >>> Frame 000947
14:43:04 INFO: Player name: 'CLG _PowPow'
14:43:04 INFO: Player name: 'CLG _PowPow' -> 'CLG_PowPow'
14:43:04 INFO: 
14:43:04 INFO: >>> Frame 000948
14:43:05 INFO: Player name: 'CLG PowPow'
14:43:05 INFO: Player name: 'CLG PowPow' -> 'CLG_PowPow'
14:43:05 INFO: 
14:43:05 INFO: >>> Frame 000949
14:43:06 INFO: Player name: 'SEN_senoxe'
14:43:06 INFO: 
14:43:06 INFO: >>> Frame 000950
14:43:07 INFO: Player name: 'SEN senoxe'
14:43:07 INFO: Player name: 'SEN senoxe' -> 'SEN_senoxe'
14:43:07 INFO: 
14:43:07 INFO: >>> Frame 000951
14:43:07 INFO: Player name: 'SEN senoxe'
14:43:07 INFO: Player name: 'SEN senoxe' -> 'SEN_senoxe'
14:43:07 INFO: 
14:43:07 INFO: >>> Frame 000952
14:43:08 INFO: Player name: 'SEN_sanoxe'
14:43:08 INFO: Player name: 'SEN_sanoxe' -> 'SEN_senoxe'
14:43:08 INFO: 
14:43:08 INFO: >>> Frame 000953
14:43:09 INFO: Player name: 'SEN_senoxe'
14:43:09 INFO: 
14:43:09 INFO: >>> Frame 000954
14:43:09 INFO: Player name: 'SEN_senoxe'
14:43:09 INFO: 
14:43:09 INFO: >>> Frame 000955
14:43:10 INFO: Player name: 'SEN senoxe'
14:43:10 INFO: Player name: 'SEN senoxe' -> 'SEN_senoxe'
14:43:10 INFO: 
14:43:10 INFO: >>> Frame 000956
14:43:11 INFO: Player name: 'SEN _senoxe'
14:43:11 INFO: Player name: 'SEN _senoxe' -> 'SEN_senoxe'
14:43:11 INFO: 
14:43:11 INFO: >>> Frame 000957
14:43:11 INFO: Can't find player name end icon
14:43:11 INFO: 
14:43:11 INFO: >>> Frame 000958
14:43:12 INFO: Player name: 'TSM _ImperialHal'
14:43:12 INFO: Player name: 'TSM _ImperialHal' -> 'TSM_ImperialHa1'
14:43:12 INFO: 
14:43:12 INFO: >>> Frame 000959
14:43:12 INFO: Can't find player name end icon
14:43:12 INFO: 
14:43:12 INFO: >>> Frame 000960
14:43:13 INFO: Player name: 'TSM_ImperialHal'
14:43:13 INFO: Player name: 'TSM_ImperialHal' -> 'TSM_ImperialHa1'
14:43:13 INFO: 
14:43:13 INFO: >>> Frame 000961
14:43:14 INFO: Player name: 'TSM _ImperialHal'
14:43:14 INFO: Player name: 'TSM _ImperialHal' -> 'TSM_ImperialHa1'
14:43:14 INFO: 
14:43:14 INFO: >>> Frame 000962
14:43:14 INFO: Can't find player name end icon
14:43:14 INFO: 
14:43:14 INFO: >>> Frame 000963
14:43:14 INFO: Can't find player name end icon
14:43:14 INFO: 
14:43:14 INFO: >>> Frame 000964
14:43:14 INFO: Can't find player name end icon
14:43:14 INFO: 
14:43:14 INFO: >>> Frame 000965
14:43:15 INFO: Player name: 'NPL_OMGRONNIE'
14:43:15 INFO: Player name: 'NPL_OMGRONNIE' -> 'NPL_OMGRONN1E'
14:43:15 INFO: 
14:43:15 INFO: >>> Frame 000966
14:43:16 INFO: Player name: 'NPLOMGRONNIE'
14:43:16 INFO: Player name: 'NPLOMGRONNIE' -> 'NPL_OMGRONN1E'
14:43:16 INFO: 
14:43:16 INFO: >>> Frame 000967
14:43:17 INFO: Player name: 'NPL OMGRONNIE'
14:43:17 INFO: Player name: 'NPL OMGRONNIE' -> 'NPL_OMGRONN1E'
14:43:17 INFO: 
14:43:17 INFO: >>> Frame 000968
14:43:17 INFO: Can't find player name end icon
14:43:17 INFO: 
14:43:17 INFO: >>> Frame 000969
14:43:18 INFO: Player name: 'NPL_OMGRONNIE'
14:43:18 INFO: Player name: 'NPL_OMGRONNIE' -> 'NPL_OMGRONN1E'
14:43:18 INFO: 
14:43:18 INFO: >>> Frame 000970
14:43:18 INFO: Player name: 'gcrook'
14:43:18 INFO: Player name: 'gcrook' -> 'qcrook'
14:43:18 INFO: 
14:43:18 INFO: >>> Frame 000971
14:43:19 INFO: Player name: 'NPL_OMGRONNIE'
14:43:19 INFO: Player name: 'NPL_OMGRONNIE' -> 'NPL_OMGRONN1E'
14:43:19 INFO: 
14:43:19 INFO: >>> Frame 000972
14:43:20 INFO: Player name: 'NPL OMGRONNIE'
14:43:20 INFO: Player name: 'NPL OMGRONNIE' -> 'NPL_OMGRONN1E'
14:43:20 INFO: 
14:43:20 INFO: >>> Frame 000973
14:43:20 INFO: Player name: ' geraok'
14:43:20 INFO: Unknown player: ' geraok' (best guess: 'qcrook', 0.57)
14:43:20 INFO: 
14:43:20 INFO: >>> Frame 000974
14:43:21 INFO: Player name: 'HRN_Hill'
14:43:21 INFO: 
14:43:21 INFO: >>> Frame 000975
14:43:21 INFO: Player name: 'HRN Hill'
14:43:21 INFO: Player name: 'HRN Hill' -> 'HRN_Hill'
14:43:21 INFO: 
14:43:21 INFO: >>> Frame 000976
14:43:22 INFO: Player name: 'HRN_Hill'
14:43:22 INFO: 
14:43:22 INFO: >>> Frame 000977
14:43:23 INFO: Player name: 'HRN_Hill'
14:43:23 INFO: 
14:43:23 INFO: >>> Frame 000978
14:43:23 INFO: Player name: 'HRN Hill'
14:43:23 INFO: Player name: 'HRN Hill' -> 'HRN_Hill'
14:43:23 INFO: 
14:43:23 INFO: >>> Frame 000979
14:43:24 INFO: Player name: 'HRN _Hill'
14:43:24 INFO: Player name: 'HRN _Hill' -> 'HRN_Hill'
14:43:24 INFO: 
14:43:24 INFO: >>> Frame 000980
14:43:24 INFO: Player name: 'HRN_Rkn'
14:43:24 INFO: 
14:43:24 INFO: >>> Frame 000981
14:43:25 INFO: Player name: 'HRN_Rkn'
14:43:25 INFO: 
14:43:25 INFO: >>> Frame 000982
14:43:25 INFO: Player name: 'HRN_Rkn'
14:43:25 INFO: 
14:43:25 INFO: >>> Frame 000983
14:43:26 INFO: Player name: 'HRN_Rkn'
14:43:26 INFO: 
14:43:26 INFO: >>> Frame 000984
14:43:27 INFO: Player name: 'HRN_Rkn'
14:43:27 INFO: 
14:43:27 INFO: >>> Frame 000985
14:43:27 INFO: Player name: 'HRN_Rkn'
14:43:27 INFO: 
14:43:27 INFO: >>> Frame 000986
14:43:28 INFO: Player name: 'HRN_Rkn'
14:43:28 INFO: 
14:43:28 INFO: >>> Frame 000987
14:43:28 INFO: Player name: 'HRN_Rkn'
14:43:28 INFO: 
14:43:28 INFO: >>> Frame 000988
14:43:29 INFO: Player name: 'HRN_Rkn'
14:43:29 INFO: 
14:43:29 INFO: >>> Frame 000989
14:43:30 INFO: Player name: 'HRN_Rkn'
14:43:30 INFO: 
14:43:30 INFO: >>> Frame 000990
14:43:30 INFO: Player name: 'HRN_Rkn'
14:43:30 INFO: 
14:43:30 INFO: >>> Frame 000991
14:43:31 INFO: Player name: 'HRN_Rkn'
14:43:31 INFO: 
14:43:31 INFO: >>> Frame 000992
14:43:31 INFO: Player name: 'HRN_Rkn'
14:43:31 INFO: 
14:43:31 INFO: >>> Frame 000993
14:43:32 INFO: Player name: 'HRN_Rkn'
14:43:32 INFO: 
14:43:32 INFO: >>> Frame 000994
14:43:33 INFO: Player name: 'HRN _Rkn'
14:43:33 INFO: Player name: 'HRN _Rkn' -> 'HRN_Rkn'
14:43:33 INFO: 
14:43:33 INFO: >>> Frame 000995
14:43:33 INFO: Player name: 'HRN_Rkn'
14:43:33 INFO: 
14:43:33 INFO: >>> Frame 000996
14:43:34 INFO: Player name: 'Reps_TSM'
14:43:34 INFO: 
14:43:34 INFO: >>> Frame 000997
14:43:35 INFO: Player name: '_Reps_TSM'
14:43:35 INFO: Player name: '_Reps_TSM' -> 'Reps_TSM'
14:43:35 INFO: 
14:43:35 INFO: >>> Frame 000998
14:43:35 INFO: Player name: 'Reps_TSM'
14:43:35 INFO: 
14:43:35 INFO: >>> Frame 000999
14:43:36 INFO: Player name: 'TSM_ImperialHal'
14:43:36 INFO: Player name: 'TSM_ImperialHal' -> 'TSM_ImperialHa1'
14:43:36 INFO: 
14:43:36 INFO: >>> Frame 001000
14:43:36 INFO: Can't find player name end icon
14:43:36 INFO: 
14:43:36 INFO: >>> Frame 001001
14:43:37 INFO: Player name: 'HRN_Rkn'
14:43:37 INFO: 
14:43:37 INFO: >>> Frame 001002
14:43:37 INFO: Player name: 'HRN_Rkn'
14:43:37 INFO: 
14:43:37 INFO: >>> Frame 001003
14:43:38 INFO: Player name: 'HRN_Rkn'
14:43:38 INFO: 
14:43:38 INFO: >>> Frame 001004
14:43:38 INFO: Player name: '-HRN_Rkn'
14:43:38 INFO: Player name: '-HRN_Rkn' -> 'HRN_Rkn'
14:43:38 INFO: 
14:43:38 INFO: >>> Frame 001005
14:43:39 INFO: Player name: 'HRN_Rkn'
14:43:39 INFO: 
14:43:39 INFO: >>> Frame 001006
14:43:40 INFO: Player name: 'HRN _Rkn'
14:43:40 INFO: Player name: 'HRN _Rkn' -> 'HRN_Rkn'
14:43:40 INFO: 
14:43:40 INFO: >>> Frame 001007
14:43:40 INFO: Player name: 'HRN_Rkn'
14:43:40 INFO: 
14:43:40 INFO: >>> Frame 001008
14:43:41 INFO: Player name: 'HRN_Rkn'
14:43:41 INFO: 
14:43:41 INFO: >>> Frame 001009
14:43:41 INFO: Player name: 'HRN_Rkn'
14:43:41 INFO: 
14:43:41 INFO: >>> Frame 001010
14:43:42 INFO: Player name: 'HRN_Rkn'
14:43:42 INFO: 
14:43:42 INFO: >>> Frame 001011
14:43:43 INFO: Player name: 'HRN_Rkn'
14:43:43 INFO: 
14:43:43 INFO: >>> Frame 001012
14:43:43 INFO: Player name: 'HRN _Rkn'
14:43:43 INFO: Player name: 'HRN _Rkn' -> 'HRN_Rkn'
14:43:43 INFO: 
14:43:43 INFO: >>> Frame 001013
14:43:44 INFO: Player name: 'HRN_Rkn'
14:43:44 INFO: 
14:43:44 INFO: >>> Frame 001014
14:43:44 INFO: Player name: 'ClaneSZN'
14:43:44 INFO: 
14:43:44 INFO: >>> Frame 001015
14:43:45 INFO: Player name: 'ClaneSZN'
14:43:45 INFO: 
14:43:45 INFO: >>> Frame 001016
14:43:46 INFO: Player name: 'ClaneSZN'
14:43:46 INFO: 
14:43:46 INFO: >>> Frame 001017
14:43:46 INFO: Player name: 'ClaneSZN'
14:43:46 INFO: 
14:43:46 INFO: >>> Frame 001018
14:43:47 INFO: Player name: 'ClaneSZN'
14:43:47 INFO: 
14:43:47 INFO: >>> Frame 001019
14:43:47 INFO: Player name: 'ClaneSZN'
14:43:47 INFO: 
14:43:47 INFO: >>> Frame 001020
14:43:48 INFO: Player name: '“ClaneSZN'
14:43:48 INFO: Player name: '“ClaneSZN' -> 'ClaneSZN'
14:43:48 INFO: 
14:43:48 INFO: >>> Frame 001021
14:43:48 INFO: Can't find player name end icon
14:43:48 INFO: 
14:43:48 INFO: >>> Frame 001022
14:43:48 INFO: Can't find player name end icon
14:43:48 INFO: 
14:43:48 INFO: >>> Frame 001023
14:43:49 INFO: Player name: 'ClaneSZN'
14:43:49 INFO: 
14:43:49 INFO: >>> Frame 001024
14:43:49 INFO: Player name: 'ClaneSZN'
14:43:49 INFO: 
14:43:49 INFO: >>> Frame 001025
14:43:50 INFO: Player name: 'ClaneSZN'
14:43:50 INFO: 
14:43:50 INFO: >>> Frame 001026
14:43:51 INFO: Player name: 'ClaneSZN'
14:43:51 INFO: 
14:43:51 INFO: >>> Frame 001027
14:43:51 INFO: Player name: 'ClaneSZN'
14:43:51 INFO: 
14:43:51 INFO: >>> Frame 001028
14:43:52 INFO: Player name: 'ClaneSZN'
14:43:52 INFO: 
14:43:52 INFO: >>> Frame 001029
14:43:52 INFO: Player name: 'ClaneSZN'
14:43:52 INFO: 
14:43:52 INFO: >>> Frame 001030
14:43:52 INFO: Can't find player name end icon
14:43:52 INFO: 
14:43:52 INFO: >>> Frame 001031
14:43:53 INFO: Can't find player name end icon
14:43:53 INFO: 
14:43:53 INFO: >>> Frame 001032
14:43:53 INFO: Can't find player name end icon
14:43:53 INFO: 
14:43:53 INFO: >>> Frame 001033
14:43:53 INFO: Player name: 'KeniFPS'
14:43:53 INFO: 
14:43:53 INFO: >>> Frame 001034
14:43:54 INFO: Player name: 'COL FunFPs'
14:43:54 INFO: Player name: 'COL FunFPs' -> 'COL_FunFPS'
14:43:54 INFO: 
14:43:54 INFO: >>> Frame 001035
14:43:54 INFO: Player name: 'KeniFPS'
14:43:54 INFO: 
14:43:54 INFO: >>> Frame 001036
14:43:55 INFO: Player name: 'ClaneSZN'
14:43:55 INFO: 
14:43:55 INFO: >>> Frame 001037
14:43:56 INFO: Player name: 'Claneszn'
14:43:56 INFO: Player name: 'Claneszn' -> 'ClaneSZN'
14:43:56 INFO: 
14:43:56 INFO: >>> Frame 001038
14:43:56 INFO: Player name: "'ClarieSZN."
14:43:56 INFO: Player name: "'ClarieSZN." -> 'ClaneSZN'
14:43:56 INFO: 
14:43:56 INFO: >>> Frame 001039
14:43:57 INFO: Player name: 'ClaneSZN'
14:43:57 INFO: 
14:43:57 INFO: >>> Frame 001040
14:43:58 INFO: Player name: 'ClaneSZN'
14:43:58 INFO: 
14:43:58 INFO: >>> Frame 001041
14:43:58 INFO: Player name: 'ClaneSZN'
14:43:58 INFO: 
14:43:58 INFO: >>> Frame 001042
14:43:59 INFO: Player name: 'ClaneSZN'
14:43:59 INFO: 
14:43:59 INFO: >>> Frame 001043
14:43:59 INFO: Player name: 'ClaneSZN'
14:43:59 INFO: 
14:43:59 INFO: >>> Frame 001044
14:44:00 INFO: Player name: 'ClaneSZN'
14:44:00 INFO: 
14:44:00 INFO: >>> Frame 001045
14:44:01 INFO: Player name: 'ClaneSZN'
14:44:01 INFO: 
14:44:01 INFO: >>> Frame 001046
14:44:01 INFO: Player name: 'ClaneSZN'
14:44:01 INFO: 
14:44:01 INFO: >>> Frame 001047
14:44:02 INFO: Player name: 'ClaneSZN'
14:44:02 INFO: 
14:44:02 INFO: >>> Frame 001048
14:44:03 INFO: Player name: '-COL_FunFPs'
14:44:03 INFO: Player name: '-COL_FunFPs' -> 'COL_FunFPS'
14:44:03 INFO: 
14:44:03 INFO: >>> Frame 001049
14:44:03 INFO: Player name: '-COL_FunFPs'
14:44:03 INFO: Player name: '-COL_FunFPs' -> 'COL_FunFPS'
14:44:03 INFO: 
14:44:03 INFO: >>> Frame 001050
14:44:04 INFO: Player name: 'COL_FunFPS'
14:44:04 INFO: 
14:44:04 INFO: >>> Frame 001051
14:44:05 INFO: Player name: 'CLG ImMadness'
14:44:05 INFO: 
14:44:05 INFO: >>> Frame 001052
14:44:06 INFO: Player name: 'CLG ImMadness'
14:44:06 INFO: 
14:44:06 INFO: >>> Frame 001053
14:44:07 INFO: Player name: '“CLG ImMadness'
14:44:07 INFO: Player name: '“CLG ImMadness' -> 'CLG ImMadness'
14:44:07 INFO: 
14:44:07 INFO: >>> Frame 001054
14:44:07 INFO: Player name: 'COLI'
14:44:07 INFO: Player name: 'COLI' -> 'COL_Iou'
14:44:07 INFO: 
14:44:07 INFO: >>> Frame 001055
14:44:08 INFO: Player name: 'COL lou'
14:44:08 INFO: Player name: 'COL lou' -> 'COL_Iou'
14:44:08 INFO: 
14:44:08 INFO: >>> Frame 001056
14:44:09 INFO: Player name: 'CLG Vaxlon'
14:44:09 INFO: Player name: 'CLG Vaxlon' -> 'CLG_Vaxlon'
14:44:09 INFO: 
14:44:09 INFO: >>> Frame 001057
14:44:09 INFO: Can't find player name end icon
14:44:09 INFO: 
14:44:09 INFO: >>> Frame 001058
14:44:09 INFO: Can't find player name end icon
14:44:09 INFO: 
14:44:09 INFO: >>> Frame 001059
14:44:09 INFO: Can't find player name end icon
14:44:09 INFO: 
14:44:09 INFO: >>> Frame 001060
14:44:10 INFO: Player name: 'CLG ImMadness'
14:44:10 INFO: 
14:44:10 INFO: >>> Frame 001061
14:44:10 INFO: Player name: 'CLG ImMadness'
14:44:10 INFO: 
14:44:10 INFO: >>> Frame 001062
14:44:11 INFO: Player name: 'CLG ImMadness'
14:44:11 INFO: 
14:44:11 INFO: >>> Frame 001063
14:44:12 INFO: Player name: 'CLG ImMadness'
14:44:12 INFO: 
14:44:12 INFO: >>> Frame 001064
14:44:13 INFO: Player name: 'COL_lou'
14:44:13 INFO: Player name: 'COL_lou' -> 'COL_Iou'
14:44:13 INFO: 
14:44:13 INFO: >>> Frame 001065
14:44:13 INFO: Player name: '_COL_lou'
14:44:13 INFO: Player name: '_COL_lou' -> 'COL_Iou'
14:44:13 INFO: 
14:44:13 INFO: >>> Frame 001066
14:44:14 INFO: Player name: ',COL_lou'
14:44:14 INFO: Player name: ',COL_lou' -> 'COL_Iou'
14:44:14 INFO: 
14:44:14 INFO: >>> Frame 001067
14:44:14 INFO: Player name: 'COL_ou'
14:44:14 INFO: Player name: 'COL_ou' -> 'COL_Iou'
14:44:14 INFO: 
14:44:14 INFO: >>> Frame 001068
14:44:15 INFO: Player name: ',COL_lou'
14:44:15 INFO: Player name: ',COL_lou' -> 'COL_Iou'
14:44:15 INFO: 
14:44:15 INFO: >>> Frame 001069
14:44:15 INFO: Player name: 'COL Jou'
14:44:15 INFO: Player name: 'COL Jou' -> 'COL_Iou'
14:44:15 INFO: 
14:44:15 INFO: >>> Frame 001070
14:44:16 INFO: Player name: 'StinkTV'
14:44:16 INFO: 
14:44:16 INFO: >>> Frame 001071
14:44:17 INFO: Player name: 'Kotigami'
14:44:17 INFO: 
14:44:17 INFO: >>> Frame 001072
14:44:17 INFO: Player name: 'MrGreekGodTTV'
14:44:17 INFO: 
14:44:17 INFO: >>> Frame 001073
14:44:18 INFO: Player name: 'MrGreekGodTTV'
14:44:18 INFO: 
14:44:18 INFO: >>> Frame 001074
14:44:19 INFO: Player name: 'Kotigami'
14:44:19 INFO: 
14:44:19 INFO: >>> Frame 001075
14:44:19 INFO: Player name: 'Kotigami'
14:44:19 INFO: 
14:44:19 INFO: >>> Frame 001076
14:44:20 INFO: Player name: 'Kotigami'
14:44:20 INFO: 
14:44:20 INFO: >>> Frame 001077
14:44:21 INFO: Player name: 'MrGreekGodTTV'
14:44:21 INFO: 
14:44:21 INFO: >>> Frame 001078
14:44:22 INFO: Player name: ''
14:44:22 INFO: 
14:44:22 INFO: >>> Frame 001079
14:44:22 INFO: Can't find player name end icon
14:44:22 INFO: 
14:44:22 INFO: >>> Frame 001080
14:44:22 INFO: Can't find player name end icon
14:44:22 INFO: 
14:44:22 INFO: >>> Frame 001081
14:44:22 INFO: Can't find player name end icon
14:44:22 INFO: 
14:44:22 INFO: >>> Frame 001082
14:44:22 INFO: Can't find player name end icon
14:44:22 INFO: 
14:44:22 INFO: >>> Frame 001083
14:44:23 INFO: Player name: 'Kotigami'
14:44:23 INFO: 
14:44:23 INFO: >>> Frame 001084
14:44:23 INFO: Player name: 'Kotigam|'
14:44:23 INFO: Player name: 'Kotigam|' -> 'Kotigami'
14:44:23 INFO: 
14:44:23 INFO: >>> Frame 001085
14:44:24 INFO: Player name: 'Kotigami'
14:44:24 INFO: 
14:44:24 INFO: >>> Frame 001086
14:44:25 INFO: Player name: 'MrGreaekGodTTVv'
14:44:25 INFO: Player name: 'MrGreaekGodTTVv' -> 'MrGreekGodTTV'
14:44:25 INFO: 
14:44:25 INFO: >>> Frame 001087
14:44:25 INFO: Player name: 'MrGreekGodTTV'
14:44:25 INFO: 
14:44:25 INFO: >>> Frame 001088
14:44:26 INFO: Player name: 'StinkTV'
14:44:26 INFO: 
14:44:26 INFO: >>> Frame 001089
14:44:27 INFO: Player name: 'StinkTV'
14:44:27 INFO: 
14:44:27 INFO: >>> Frame 001090
14:44:27 INFO: Player name: 'MrGreekGodTTV'
14:44:27 INFO: 
14:44:27 INFO: >>> Frame 001091
14:44:28 INFO: Player name: 'Kotigami'
14:44:28 INFO: 
14:44:28 INFO: >>> Frame 001092
14:44:29 INFO: Player name: 'Kotigami'
14:44:29 INFO: 
14:44:29 INFO: >>> Frame 001093
14:44:29 INFO: Player name: 'Kotigami'
14:44:29 INFO: 
14:44:29 INFO: >>> Frame 001094
14:44:30 INFO: Player name: 'Kotigami'
14:44:30 INFO: 
14:44:30 INFO: >>> Frame 001095
14:44:30 INFO: Player name: 'Kotigami'
14:44:30 INFO: 
14:44:30 INFO: >>> Frame 001096
14:44:31 INFO: Player name: 'Kotigami'
14:44:31 INFO: 
14:44:31 INFO: >>> Frame 001097
14:44:31 INFO: Player name: 'Kotigami'
14:44:31 INFO: 
14:44:31 INFO: >>> Frame 001098
14:44:32 INFO: Player name: 'StinkTV'
14:44:32 INFO: 
14:44:32 INFO: >>> Frame 001099
14:44:32 INFO: Can't find player name end icon
14:44:32 INFO: 
14:44:32 INFO: >>> Frame 001100
14:44:32 INFO: Can't find player name end icon
14:44:32 INFO: 
14:44:32 INFO: >>> Frame 001101
14:44:33 INFO: Player name: 'MrGreekGodTTV'
14:44:33 INFO: 
14:44:33 INFO: >>> Frame 001102
14:44:34 INFO: Player name: 'Kotigami'
14:44:34 INFO: 
14:44:34 INFO: >>> Frame 001103
14:44:34 INFO: Player name: 'Kotigami'
14:44:34 INFO: 
14:44:34 INFO: >>> Frame 001104
14:44:35 INFO: Player name: 'Kotigami'
14:44:35 INFO: 
14:44:35 INFO: >>> Frame 001105
14:44:36 INFO: Player name: 'MrGraaskGodTTV'
14:44:36 INFO: Player name: 'MrGraaskGodTTV' -> 'MrGreekGodTTV'
14:44:36 INFO: 
14:44:36 INFO: >>> Frame 001106
14:44:37 INFO: Player name: 'MrGreekGodTTV'
14:44:37 INFO: 
14:44:37 INFO: >>> Frame 001107
14:44:37 INFO: Player name: 'MrGreekGodTTV'
14:44:37 INFO: 
14:44:37 INFO: >>> Frame 001108
14:44:38 INFO: Player name: 'MrGreekGodTTV'
14:44:38 INFO: 
14:44:38 INFO: >>> Frame 001109
14:44:39 INFO: Player name: 'MrGreekGodTTV'
14:44:39 INFO: 
14:44:39 INFO: >>> Frame 001110
14:44:40 INFO: Player name: 'Kotigami'
14:44:40 INFO: 
14:44:40 INFO: >>> Frame 001111
14:44:40 INFO: Player name: 'Kotigami'
14:44:40 INFO: 
14:44:40 INFO: >>> Frame 001112
14:44:41 INFO: Player name: 'Kotigami'
14:44:41 INFO: 
14:44:41 INFO: >>> Frame 001113
14:44:41 INFO: Player name: 'Kotigami'
14:44:41 INFO: 
14:44:41 INFO: >>> Frame 001114
14:44:42 INFO: Player name: 'Kotigami'
14:44:42 INFO: 
14:44:42 INFO: >>> Frame 001115
14:44:43 INFO: Player name: 'Kotigami'
14:44:43 INFO: 
14:44:43 INFO: >>> Frame 001116
14:44:43 INFO: Player name: 'MrGreekGodTTV'
14:44:43 INFO: 
14:44:43 INFO: >>> Frame 001117
14:44:44 INFO: Player name: 'MrGreekGodTTV'
14:44:44 INFO: 
14:44:44 INFO: >>> Frame 001118
14:44:45 INFO: Player name: 'MrGreekGodTTV'
14:44:45 INFO: 
14:44:45 INFO: >>> Frame 001119
14:44:46 INFO: Player name: 'MrGreakGodTTV'
14:44:46 INFO: Player name: 'MrGreakGodTTV' -> 'MrGreekGodTTV'
14:44:46 INFO: 
14:44:46 INFO: >>> Frame 001120
14:44:47 INFO: Player name: 'MrGreekGodTTV'
14:44:47 INFO: 
14:44:47 INFO: >>> Frame 001121
14:44:48 INFO: Player name: 'MrGreekGodTTV'
14:44:48 INFO: 
14:44:48 INFO: >>> Frame 001122
14:44:49 INFO: Player name: 'MrGreekGooTTV'
14:44:49 INFO: Player name: 'MrGreekGooTTV' -> 'MrGreekGodTTV'
14:44:49 INFO: 
14:44:49 INFO: >>> Frame 001123
14:44:50 INFO: Player name: 'MrGreekGodTTV'
14:44:50 INFO: 
14:44:50 INFO: >>> Frame 001124
14:44:51 INFO: Player name: 'MrGreakGodTTV'
14:44:51 INFO: Player name: 'MrGreakGodTTV' -> 'MrGreekGodTTV'
14:44:51 INFO: 
14:44:51 INFO: >>> Frame 001125
14:44:52 INFO: Player name: 'MrGreekGodTTV'
14:44:52 INFO: 
14:44:52 INFO: >>> Frame 001126
14:44:52 INFO: Player name: 'MrGreekGodTTV'
14:44:52 INFO: 
14:44:52 INFO: >>> Frame 001127
14:44:53 INFO: Player name: 'MrGreakGodTTV'
14:44:53 INFO: Player name: 'MrGreakGodTTV' -> 'MrGreekGodTTV'
14:44:53 INFO: 
14:44:53 INFO: >>> Frame 001128
14:44:54 INFO: Player name: 'Kotigami'
14:44:54 INFO: 
14:44:54 INFO: >>> Frame 001129
14:44:54 INFO: Player name: 'Kotigami'
14:44:54 INFO: 
14:44:54 INFO: >>> Frame 001130
14:44:55 INFO: Player name: 'Kotigami'
14:44:55 INFO: 
14:44:55 INFO: >>> Frame 001131
14:44:56 INFO: Player name: 'Kotigami'
14:44:56 INFO: 
14:44:56 INFO: >>> Frame 001132
14:44:56 INFO: Can't find player name end icon
14:44:56 INFO: 
14:44:56 INFO: >>> Frame 001133
14:44:56 INFO: Can't find player name end icon
14:44:56 INFO: 
14:44:56 INFO: >>> Frame 001134
14:44:56 INFO: Player name: 'StinkTV'
14:44:56 INFO: 
14:44:56 INFO: >>> Frame 001135
14:44:57 INFO: Player name: '- StinkTV'
14:44:57 INFO: Player name: '- StinkTV' -> 'StinkTV'
14:44:57 INFO: 
14:44:57 INFO: >>> Frame 001136
14:44:57 INFO: Player name: 'StinkTV'
14:44:57 INFO: 
14:44:57 INFO: >>> Frame 001137
14:44:58 INFO: Player name: 'otinkTV'
14:44:58 INFO: Player name: 'otinkTV' -> 'StinkTV'
14:44:58 INFO: 
14:44:58 INFO: >>> Frame 001138
14:44:58 INFO: Player name: 'StinkTV'
14:44:58 INFO: 
14:44:58 INFO: >>> Frame 001139
14:44:59 INFO: Player name: 'stinkTV'
14:44:59 INFO: Player name: 'stinkTV' -> 'StinkTV'
14:44:59 INFO: 
14:44:59 INFO: >>> Frame 001140
14:44:59 INFO: Player name: 'StinkTV'
14:44:59 INFO: 
14:44:59 INFO: >>> Frame 001141
14:45:00 INFO: Player name: 'StinkTV'
14:45:00 INFO: 
14:45:00 INFO: >>> Frame 001142
14:45:00 INFO: Player name: 'Kotigami'
14:45:00 INFO: 
14:45:00 INFO: >>> Frame 001143
14:45:01 INFO: Player name: 'Kotigami'
14:45:01 INFO: 
14:45:01 INFO: >>> Frame 001144
14:45:01 INFO: Player name: 'Kotigami'
14:45:01 INFO: 
14:45:01 INFO: >>> Frame 001145
14:45:02 INFO: Player name: 'Kotigami'
14:45:02 INFO: 
14:45:02 INFO: >>> Frame 001146
14:45:03 INFO: Player name: 'Kotigami'
14:45:03 INFO: 
14:45:03 INFO: >>> Frame 001147
14:45:03 INFO: Player name: 'StinkTV'
14:45:03 INFO: 
14:45:03 INFO: >>> Frame 001148
14:45:04 INFO: Player name: 'StinkTV'
14:45:04 INFO: 
14:45:04 INFO: >>> Frame 001149
14:45:04 INFO: Player name: 'StinkTV'
14:45:04 INFO: 
14:45:04 INFO: >>> Frame 001150
14:45:05 INFO: Player name: 'StinkTV'
14:45:05 INFO: 
14:45:05 INFO: >>> Frame 001151
14:45:05 INFO: Player name: 'StinkTV'
14:45:05 INFO: 
14:45:05 INFO: >>> Frame 001152
14:45:06 INFO: Player name: 'otinkTV'
14:45:06 INFO: Player name: 'otinkTV' -> 'StinkTV'
14:45:06 INFO: 
14:45:06 INFO: >>> Frame 001153
14:45:06 INFO: Player name: 'stinkTV'
14:45:06 INFO: Player name: 'stinkTV' -> 'StinkTV'
14:45:06 INFO: 
14:45:06 INFO: >>> Frame 001154
14:45:07 INFO: Player name: 'Kotigami'
14:45:07 INFO: 
14:45:07 INFO: >>> Frame 001155
14:45:07 INFO: Player name: 'Kotigami'
14:45:07 INFO: 
14:45:07 INFO: >>> Frame 001156
14:45:08 INFO: Player name: ''
14:45:08 INFO: 
14:45:08 INFO: >>> Frame 001157
14:45:09 INFO: Player name: 'StinkTV'
14:45:09 INFO: 
14:45:09 INFO: >>> Frame 001158
14:45:09 INFO: Player name: 'StinkTV'
14:45:09 INFO: 
14:45:09 INFO: >>> Frame 001159
14:45:10 INFO: Player name: ''
14:45:10 INFO: 
14:45:10 INFO: >>> Frame 001160
14:45:11 INFO: Player name: 'otinkTV'
14:45:11 INFO: Player name: 'otinkTV' -> 'StinkTV'
14:45:11 INFO: 
14:45:11 INFO: >>> Frame 001161
14:45:11 INFO: Player name: 'StinkTV'
14:45:11 INFO: 
14:45:11 INFO: >>> Frame 001162
14:45:12 INFO: Player name: 'StinkTV'
14:45:12 INFO: 
14:45:12 INFO: >>> Frame 001163
14:45:13 INFO: Player name: 'MrGreekGodTTV'
14:45:13 INFO: 
14:45:13 INFO: >>> Frame 001164
14:45:13 INFO: Player name: 'MrGreekGodTTV'
14:45:13 INFO: 
14:45:13 INFO: >>> Frame 001165
14:45:14 INFO: Player name: 'MrGreekGodTTV'
14:45:14 INFO: 
14:45:14 INFO: >>> Frame 001166
14:45:15 INFO: Player name: 'MrGreekGodTTV'
14:45:15 INFO: 
14:45:15 INFO: >>> Frame 001167
14:45:16 INFO: Player name: 'MrGreekGodTTV'
14:45:16 INFO: 
14:45:16 INFO: >>> Frame 001168
14:45:17 INFO: Player name: 'MrGreekGodTTV'
14:45:17 INFO: 
14:45:17 INFO: >>> Frame 001169
14:45:18 INFO: Player name: 'MrGreekGodTTV'
14:45:18 INFO: 
14:45:18 INFO: >>> Frame 001170
14:45:19 INFO: Player name: 'MrGreekGodTTV'
14:45:19 INFO: 
14:45:19 INFO: >>> Frame 001171
14:45:19 INFO: Can't find player name end icon
14:45:19 INFO: 
14:45:19 INFO: >>> Frame 001172
14:45:19 INFO: Can't find player name end icon
14:45:19 INFO: 
14:45:19 INFO: >>> Frame 001173
14:45:19 INFO: Player name: 'Kotigami'
14:45:19 INFO: 
14:45:19 INFO: >>> Frame 001174
14:45:20 INFO: Player name: 'Kotigami'
14:45:20 INFO: 
14:45:20 INFO: >>> Frame 001175
14:45:21 INFO: Player name: 'Kotigami'
14:45:21 INFO: 
14:45:21 INFO: >>> Frame 001176
14:45:21 INFO: Player name: 'MrGreekGodTTV'
14:45:21 INFO: 
14:45:21 INFO: >>> Frame 001177
14:45:22 INFO: Player name: 'MrGreekGodTTV'
14:45:22 INFO: 
14:45:22 INFO: >>> Frame 001178
14:45:23 INFO: Player name: 'MrGreekGodTTV'
14:45:23 INFO: 
14:45:23 INFO: >>> Frame 001179
14:45:24 INFO: Player name: 'Kotigami'
14:45:24 INFO: 
14:45:24 INFO: >>> Frame 001180
14:45:24 INFO: Can't find player name end icon
14:45:24 INFO: 
14:45:24 INFO: >>> Frame 001181
14:45:24 INFO: Can't find player name end icon
14:45:24 INFO: 
14:45:24 INFO: >>> Frame 001182
14:45:25 INFO: Player name: 'MrGreekGodTTV'
14:45:25 INFO: 
14:45:25 INFO: >>> Frame 001183
14:45:26 INFO: Player name: 'MrGreekGodTTV'
14:45:26 INFO: 
14:45:26 INFO: >>> Frame 001184
14:45:26 INFO: Player name: 'MrGreekGodTTV'
14:45:26 INFO: 
14:45:26 INFO: >>> Frame 001185
14:45:27 INFO: Player name: 'MrGreekGodTTV'
14:45:27 INFO: 
14:45:27 INFO: >>> Frame 001186
14:45:28 INFO: Player name: 'MrGreekGaodTTV'
14:45:28 INFO: Player name: 'MrGreekGaodTTV' -> 'MrGreekGodTTV'
14:45:28 INFO: 
14:45:28 INFO: >>> Frame 001187
14:45:29 INFO: Player name: 'MrGreekGodTTV'
14:45:29 INFO: 
14:45:29 INFO: >>> Frame 001188
14:45:30 INFO: Player name: 'Kotigami'
14:45:30 INFO: 
14:45:30 INFO: >>> Frame 001189
14:45:30 INFO: Player name: 'Kotigami'
14:45:30 INFO: 
14:45:30 INFO: >>> Frame 001190
14:45:31 INFO: Player name: 'Kotigami'
14:45:31 INFO: 
14:45:31 INFO: >>> Frame 001191
14:45:31 INFO: Player name: 'Kotigami'
14:45:31 INFO: 
14:45:31 INFO: >>> Frame 001192
14:45:32 INFO: Player name: 'Kotigami'
14:45:32 INFO: 
14:45:32 INFO: >>> Frame 001193
14:45:33 INFO: Player name: 'MrGreekGodTTV'
14:45:33 INFO: 
14:45:33 INFO: >>> Frame 001194
14:45:34 INFO: Player name: 'MrGreakGodTTV'
14:45:34 INFO: Player name: 'MrGreakGodTTV' -> 'MrGreekGodTTV'
14:45:34 INFO: 
14:45:34 INFO: >>> Frame 001195
14:45:35 INFO: Player name: 'MrGreekGodTTV'
14:45:35 INFO: 
14:45:35 INFO: >>> Frame 001196
14:45:36 INFO: Player name: 'MrGreekGodTTV'
14:45:36 INFO: 
14:45:36 INFO: >>> Frame 001197
14:45:37 INFO: Player name: 'MrGreekGodTTV'
14:45:37 INFO: 
14:45:37 INFO: >>> Frame 001198
14:45:37 INFO: Player name: 'StinkTV'
14:45:37 INFO: 
14:45:37 INFO: >>> Frame 001199
14:45:38 INFO: Player name: 'StinkTV'
14:45:38 INFO: 
14:45:38 INFO: >>> Frame 001200
14:45:38 INFO: Player name: 'StinkTV'
14:45:38 INFO: 
14:45:38 INFO: >>> Frame 001201
14:45:39 INFO: Player name: 'MrGreekGodTTV'
14:45:39 INFO: 
14:45:39 INFO: >>> Frame 001202
14:45:40 INFO: Player name: 'MrGreekGodTTV'
14:45:40 INFO: 
14:45:40 INFO: >>> Frame 001203
14:45:41 INFO: Player name: 'MrGreekGodTTV'
14:45:41 INFO: 
14:45:41 INFO: >>> Frame 001204
14:45:42 INFO: Player name: 'MrGreekGodTTV'
14:45:42 INFO: 
14:45:42 INFO: >>> Frame 001205
14:45:43 INFO: Player name: 'MrGreekGodTTV'
14:45:43 INFO: 
14:45:43 INFO: >>> Frame 001206
14:45:44 INFO: Player name: 'MrGreekGodTTV'
14:45:44 INFO: 
14:45:44 INFO: >>> Frame 001207
14:45:44 INFO: Player name: 'MrGreaekGodTTV'
14:45:44 INFO: Player name: 'MrGreaekGodTTV' -> 'MrGreekGodTTV'
14:45:44 INFO: 
14:45:44 INFO: >>> Frame 001208
14:45:45 INFO: Player name: 'MrGreekGodTTV'
14:45:45 INFO: 
14:45:45 INFO: >>> Frame 001209
14:45:46 INFO: Player name: 'MrGreekGodTTV'
14:45:46 INFO: 
14:45:46 INFO: >>> Frame 001210
14:45:47 INFO: Player name: 'MrGreekGodTTV'
14:45:47 INFO: 
14:45:47 INFO: >>> Frame 001211
14:45:48 INFO: Player name: 'MrGreekGodTTV'
14:45:48 INFO: 
14:45:48 INFO: >>> Frame 001212
14:45:49 INFO: Player name: 'TSM_ImperialHal'
14:45:49 INFO: Player name: 'TSM_ImperialHal' -> 'TSM_ImperialHa1'
14:45:49 INFO: 
14:45:49 INFO: >>> Frame 001213
14:45:50 INFO: Player name: 'TSM_ImperialHal'
14:45:50 INFO: Player name: 'TSM_ImperialHal' -> 'TSM_ImperialHa1'
14:45:50 INFO: 
14:45:50 INFO: >>> Frame 001214
14:45:51 INFO: Player name: 'TSM_ImperialHal'
14:45:51 INFO: Player name: 'TSM_ImperialHal' -> 'TSM_ImperialHa1'
14:45:51 INFO: 
14:45:51 INFO: >>> Frame 001215
14:45:51 INFO: Player name: 'TSM_imperaltal'
14:45:51 INFO: Player name: 'TSM_imperaltal' -> 'TSM_ImperialHa1'
14:45:51 INFO: 
14:45:51 INFO: >>> Frame 001216
14:45:52 INFO: Player name: 'TSM_ImperialHal'
14:45:52 INFO: Player name: 'TSM_ImperialHal' -> 'TSM_ImperialHa1'
14:45:52 INFO: 
14:45:52 INFO: >>> Frame 001217
14:45:53 INFO: Player name: 'Reps. TSM'
14:45:53 INFO: Player name: 'Reps. TSM' -> 'Reps_TSM'
14:45:53 INFO: 
14:45:53 INFO: >>> Frame 001218
14:45:54 INFO: Player name: 'Reps_TSM'
14:45:54 INFO: 
14:45:54 INFO: >>> Frame 001219
14:45:54 INFO: Player name: 'Reps TSM'
14:45:54 INFO: Player name: 'Reps TSM' -> 'Reps_TSM'
14:45:54 INFO: 
14:45:54 INFO: >>> Frame 001220
14:45:54 INFO: Can't find player name end icon
14:45:54 INFO: 
14:45:54 INFO: >>> Frame 001221
14:45:54 INFO: Can't find player name end icon
14:45:54 INFO: 
14:45:54 INFO: >>> Frame 001222
14:45:55 INFO: Player name: '¢NPL_OMGRONNIE'
14:45:55 INFO: Player name: '¢NPL_OMGRONNIE' -> 'NPL_OMGRONN1E'
14:45:55 INFO: 
14:45:55 INFO: >>> Frame 001223
14:45:56 INFO: Player name: 'NPLOMGRONNIE'
14:45:56 INFO: Player name: 'NPLOMGRONNIE' -> 'NPL_OMGRONN1E'
14:45:56 INFO: 
14:45:56 INFO: >>> Frame 001224
14:45:57 INFO: Player name: 'NPL_OMGRONNIE'
14:45:57 INFO: Player name: 'NPL_OMGRONNIE' -> 'NPL_OMGRONN1E'
14:45:57 INFO: 
14:45:57 INFO: >>> Frame 001225
14:45:58 INFO: Player name: 'NPL_OMGRONNIE'
14:45:58 INFO: Player name: 'NPL_OMGRONNIE' -> 'NPL_OMGRONN1E'
14:45:58 INFO: 
14:45:58 INFO: >>> Frame 001226
14:45:59 INFO: Player name: 'NPL_OMGRONNIE'
14:45:59 INFO: Player name: 'NPL_OMGRONNIE' -> 'NPL_OMGRONN1E'
14:45:59 INFO: 
14:45:59 INFO: >>> Frame 001227
14:46:00 INFO: Player name: 'NPL_OMGRONNIE'
14:46:00 INFO: Player name: 'NPL_OMGRONNIE' -> 'NPL_OMGRONN1E'
14:46:00 INFO: 
14:46:00 INFO: >>> Frame 001228
14:46:01 INFO: Player name: ' qcrack'
14:46:01 INFO: Player name: ' qcrack' -> 'qcrook'
14:46:01 INFO: 
14:46:01 INFO: >>> Frame 001229
14:46:01 INFO: Player name: '_qcrook'
14:46:01 INFO: Player name: '_qcrook' -> 'qcrook'
14:46:01 INFO: 
14:46:01 INFO: >>> Frame 001230
14:46:02 INFO: Player name: '_qerook'
14:46:02 INFO: Player name: '_qerook' -> 'qcrook'
14:46:02 INFO: 
14:46:02 INFO: >>> Frame 001231
14:46:02 INFO: Can't find player name end icon
14:46:02 INFO: 
14:46:02 INFO: >>> Frame 001232
14:46:02 INFO: Can't find player name end icon
14:46:02 INFO: 
14:46:02 INFO: >>> Frame 001233
14:46:02 INFO: Player name: ', qcrook'
14:46:02 INFO: Player name: ', qcrook' -> 'qcrook'
14:46:02 INFO: 
14:46:02 INFO: >>> Frame 001234
14:46:02 INFO: Can't find player name end icon
14:46:02 INFO: 
14:46:02 INFO: >>> Frame 001235
14:46:03 INFO: Player name: ', gcrook'
14:46:03 INFO: Player name: ', gcrook' -> 'qcrook'
14:46:03 INFO: 
14:46:03 INFO: >>> Frame 001236
14:46:03 INFO: Player name: ', gcrook'
14:46:03 INFO: Player name: ', gcrook' -> 'qcrook'
14:46:03 INFO: 
14:46:03 INFO: >>> Frame 001237
14:46:04 INFO: Player name: ', qcrook'
14:46:04 INFO: Player name: ', qcrook' -> 'qcrook'
14:46:04 INFO: 
14:46:04 INFO: >>> Frame 001238
14:46:04 INFO: Player name: '_gcrook'
14:46:04 INFO: Player name: '_gcrook' -> 'qcrook'
14:46:04 INFO: 
14:46:04 INFO: >>> Frame 001239
14:46:06 INFO: Player name: ' '
14:46:06 INFO: Unknown player: ' ' (best guess: 'CLT Pride', 0.89)
14:46:06 INFO: 
14:46:06 INFO: >>> Frame 001240
14:46:06 INFO: Player name: 'Hambino24TV'
14:46:06 INFO: 
14:46:06 INFO: >>> Frame 001241
14:46:07 INFO: Player name: 'Hambino24TV'
14:46:07 INFO: 
14:46:07 INFO: >>> Frame 001242
14:46:08 INFO: Player name: 'Hambino24TV'
14:46:08 INFO: 
14:46:08 INFO: >>> Frame 001243
14:46:09 INFO: Player name: 'Hambino24TV'
14:46:09 INFO: 
14:46:09 INFO: >>> Frame 001244
14:46:10 INFO: Player name: ' '
14:46:10 INFO: Unknown player: ' ' (best guess: 'CLT Pride', 0.89)
14:46:10 INFO: 
14:46:10 INFO: >>> Frame 001245
14:46:10 INFO: Player name: 'Hambino24TV'
14:46:10 INFO: 
14:46:10 INFO: >>> Frame 001246
14:46:11 INFO: Player name: 'Hambino24TV'
14:46:11 INFO: 
14:46:11 INFO: >>> Frame 001247
14:46:12 INFO: Player name: 'Hambino24TV'
14:46:12 INFO: 
14:46:12 INFO: >>> Frame 001248
14:46:13 INFO: Player name: 'NPL_OMGRONNIE'
14:46:13 INFO: Player name: 'NPL_OMGRONNIE' -> 'NPL_OMGRONN1E'
14:46:13 INFO: 
14:46:13 INFO: >>> Frame 001249
14:46:14 INFO: Player name: 'NPL_OMGRONNIE'
14:46:14 INFO: Player name: 'NPL_OMGRONNIE' -> 'NPL_OMGRONN1E'
14:46:14 INFO: 
14:46:14 INFO: >>> Frame 001250
14:46:15 INFO: Player name: 'NPL_OMGRONNIE'
14:46:15 INFO: Player name: 'NPL_OMGRONNIE' -> 'NPL_OMGRONN1E'
14:46:15 INFO: 
14:46:15 INFO: >>> Frame 001251
14:46:16 INFO: Player name: 'COL Shiny'
14:46:16 INFO: Player name: 'COL Shiny' -> 'COL_iShiny'
14:46:16 INFO: 
14:46:16 INFO: >>> Frame 001252
14:46:16 INFO: Player name: ''
14:46:16 INFO: 
14:46:16 INFO: >>> Frame 001253
14:46:17 INFO: Player name: 'COL_Monsoon'
14:46:17 INFO: 
14:46:17 INFO: >>> Frame 001254
14:46:18 INFO: Player name: 'COL Monsoon'
14:46:18 INFO: Player name: 'COL Monsoon' -> 'COL_Monsoon'
14:46:18 INFO: 
14:46:18 INFO: >>> Frame 001255
14:46:18 INFO: Player name: 'COL_Monsoon'
14:46:18 INFO: 
14:46:18 INFO: >>> Frame 001256
14:46:19 INFO: Player name: 'COL_Monsoon'
14:46:19 INFO: 
14:46:19 INFO: >>> Frame 001257
14:46:20 INFO: Player name: 'COL_Monsoon'
14:46:20 INFO: 
14:46:20 INFO: >>> Frame 001258
14:46:21 INFO: Player name: 'COL_Monsoon'
14:46:21 INFO: 
14:46:21 INFO: >>> Frame 001259
14:46:21 INFO: Can't find player name end icon
14:46:21 INFO: 
14:46:21 INFO: >>> Frame 001260
14:46:21 INFO: Can't find player name end icon
14:46:21 INFO: 
14:46:21 INFO: >>> Frame 001261
14:46:21 INFO: Can't find player name end icon
14:46:21 INFO: 
14:46:21 INFO: >>> Frame 001262
14:46:22 INFO: Player name: 'sF_zachmazer'
14:46:22 INFO: 
14:46:22 INFO: >>> Frame 001263
14:46:22 INFO: Player name: 'sF zachmazer'
14:46:22 INFO: Player name: 'sF zachmazer' -> 'sF_zachmazer'
14:46:22 INFO: 
14:46:22 INFO: >>> Frame 001264
14:46:23 INFO: Player name: '_ knagqd'
14:46:23 INFO: Unknown player: '_ knagqd' (best guess: 'knoqd', 0.50)
14:46:23 INFO: 
14:46:23 INFO: >>> Frame 001265
14:46:23 INFO: Player name: '_ knogd'
14:46:23 INFO: Player name: '_ knogd' -> 'knoqd'
14:46:23 INFO: 
14:46:23 INFO: >>> Frame 001266
14:46:24 INFO: Player name: '_ knogd'
14:46:24 INFO: Player name: '_ knogd' -> 'knoqd'
14:46:24 INFO: 
14:46:24 INFO: >>> Frame 001267
14:46:24 INFO: Player name: '_knogd'
14:46:24 INFO: Player name: '_knogd' -> 'knoqd'
14:46:24 INFO: 
14:46:24 INFO: >>> Frame 001268
14:46:25 INFO: Player name: 'StayNaughty'
14:46:25 INFO: 
14:46:25 INFO: >>> Frame 001269
14:46:26 INFO: Player name: 'Snip3down EW'
14:46:26 INFO: Player name: 'Snip3down EW' -> 'Snip3down_EW'
14:46:26 INFO: 
14:46:26 INFO: >>> Frame 001270
14:46:27 INFO: Player name: 'Snip3down_EW'
14:46:27 INFO: 
14:46:27 INFO: >>> Frame 001271
14:46:27 INFO: Player name: 'Snip3down_EW'
14:46:27 INFO: 
14:46:27 INFO: >>> Frame 001272
14:46:28 INFO: Player name: 'onipddown_EW'
14:46:28 INFO: Player name: 'onipddown_EW' -> 'Snip3down_EW'
14:46:28 INFO: 
14:46:28 INFO: >>> Frame 001273
14:46:29 INFO: Player name: 'snipddown_EW'
14:46:29 INFO: Player name: 'snipddown_EW' -> 'Snip3down_EW'
14:46:29 INFO: 
14:46:29 INFO: >>> Frame 001274
14:46:30 INFO: Player name: 'Snip3down EW'
14:46:30 INFO: Player name: 'Snip3down EW' -> 'Snip3down_EW'
14:46:30 INFO: 
14:46:30 INFO: >>> Frame 001275
14:46:31 INFO: Player name: 'TSM_imperiainal'
14:46:31 INFO: Player name: 'TSM_imperiainal' -> 'TSM_ImperialHa1'
14:46:31 INFO: 
14:46:31 INFO: >>> Frame 001276
14:46:32 INFO: Player name: 'TSM_imperialHal'
14:46:32 INFO: Player name: 'TSM_imperialHal' -> 'TSM_ImperialHa1'
14:46:32 INFO: 
14:46:32 INFO: >>> Frame 001277
14:46:33 INFO: Player name: 'TSM_ImperialHal'
14:46:33 INFO: Player name: 'TSM_ImperialHal' -> 'TSM_ImperialHa1'
14:46:33 INFO: 
14:46:33 INFO: >>> Frame 001278
14:46:34 INFO: Player name: 'TSM_ImperialHal'
14:46:34 INFO: Player name: 'TSM_ImperialHal' -> 'TSM_ImperialHa1'
14:46:34 INFO: 
14:46:34 INFO: >>> Frame 001279
14:46:35 INFO: Player name: 'TSM_ImperialHal'
14:46:35 INFO: Player name: 'TSM_ImperialHal' -> 'TSM_ImperialHa1'
14:46:35 INFO: 
14:46:35 INFO: >>> Frame 001280
14:46:35 INFO: Player name: 'TSM ImperialHal'
14:46:35 INFO: Player name: 'TSM ImperialHal' -> 'TSM_ImperialHa1'
14:46:35 INFO: 
14:46:35 INFO: >>> Frame 001281
14:46:36 INFO: Player name: 'TSM_ImperialHal'
14:46:36 INFO: Player name: 'TSM_ImperialHal' -> 'TSM_ImperialHa1'
14:46:36 INFO: 
14:46:36 INFO: >>> Frame 001282
14:46:37 INFO: Player name: 'TSM_ImperialHal'
14:46:37 INFO: Player name: 'TSM_ImperialHal' -> 'TSM_ImperialHa1'
14:46:37 INFO: 
14:46:37 INFO: >>> Frame 001283
14:46:38 INFO: Player name: 'TSM_ImperialHal'
14:46:38 INFO: Player name: 'TSM_ImperialHal' -> 'TSM_ImperialHa1'
14:46:38 INFO: 
14:46:38 INFO: >>> Frame 001284
14:46:39 INFO: Player name: 'Reps_TSM'
14:46:39 INFO: 
14:46:39 INFO: >>> Frame 001285
14:46:39 INFO: Can't find player name end icon
14:46:39 INFO: 
14:46:39 INFO: >>> Frame 001286
14:46:39 INFO: Can't find player name end icon
14:46:39 INFO: 
14:46:39 INFO: >>> Frame 001287
14:46:39 INFO: Player name: 'peeshCYA'
14:46:39 INFO: 
14:46:39 INFO: >>> Frame 001288
14:46:40 INFO: Player name: 'peeshCYA'
14:46:40 INFO: 
14:46:40 INFO: >>> Frame 001289
14:46:41 INFO: Player name: 'peeshCYA'
14:46:41 INFO: 
14:46:41 INFO: >>> Frame 001290
14:46:41 INFO: Player name: '_peeshCYA'
14:46:41 INFO: Player name: '_peeshCYA' -> 'peeshCYA'
14:46:41 INFO: 
14:46:41 INFO: >>> Frame 001291
14:46:42 INFO: Player name: 'peeshCYA'
14:46:42 INFO: 
14:46:42 INFO: >>> Frame 001292
14:46:42 INFO: Player name: 'peeshCYA'
14:46:42 INFO: 
14:46:42 INFO: >>> Frame 001293
14:46:43 INFO: Player name: '_peeshCYA'
14:46:43 INFO: Player name: '_peeshCYA' -> 'peeshCYA'
14:46:43 INFO: 
14:46:43 INFO: >>> Frame 001294
14:46:44 INFO: Player name: 'peeshCYA'
14:46:44 INFO: 
14:46:44 INFO: >>> Frame 001295
14:46:44 INFO: Player name: 'PSTeOSB'
14:46:44 INFO: Unknown player: 'PSTeOSB' (best guess: '9BTeQ9B', 0.57)
14:46:44 INFO: 
14:46:44 INFO: >>> Frame 001296
14:46:45 INFO: Player name: 'BbTeO9B'
14:46:45 INFO: Player name: 'BbTeO9B' -> '9BTeQ9B'
14:46:45 INFO: 
14:46:45 INFO: >>> Frame 001297
14:46:46 INFO: Player name: '“FR_CUBSKI'
14:46:46 INFO: Player name: '“FR_CUBSKI' -> 'FP_CUBSKi'
14:46:46 INFO: 
14:46:46 INFO: >>> Frame 001298
14:46:46 INFO: Player name: '“FPL CUBSKi'
14:46:46 INFO: Player name: '“FPL CUBSKi' -> 'FP_CUBSKi'
14:46:46 INFO: 
14:46:46 INFO: >>> Frame 001299
14:46:47 INFO: Player name: 'FP_CUBSKi'
14:46:47 INFO: 
14:46:47 INFO: >>> Frame 001300
14:46:48 INFO: Player name: 'FP_CUBSKi'
14:46:48 INFO: 
14:46:48 INFO: >>> Frame 001301
14:46:48 INFO: Player name: 'onipadown_EW'
14:46:48 INFO: Player name: 'onipadown_EW' -> 'Snip3down_EW'
14:46:48 INFO: 
14:46:48 INFO: >>> Frame 001302
14:46:49 INFO: Player name: 'Snip3dawn_EW'
14:46:49 INFO: Player name: 'Snip3dawn_EW' -> 'Snip3down_EW'
14:46:49 INFO: 
14:46:49 INFO: >>> Frame 001303
14:46:50 INFO: Player name: 'Snip3down_EW'
14:46:50 INFO: 
14:46:50 INFO: >>> Frame 001304
14:46:50 INFO: Can't find player name end icon
14:46:50 INFO: 
14:46:50 INFO: >>> Frame 001305
14:46:51 INFO: Player name: '_COL_lou'
14:46:51 INFO: Player name: '_COL_lou' -> 'COL_Iou'
14:46:51 INFO: 
14:46:51 INFO: >>> Frame 001306
14:46:51 INFO: Player name: 'COL Jou'
14:46:51 INFO: Player name: 'COL Jou' -> 'COL_Iou'
14:46:51 INFO: 
14:46:51 INFO: >>> Frame 001307
14:46:52 INFO: Player name: '_COL_lou'
14:46:52 INFO: Player name: '_COL_lou' -> 'COL_Iou'
14:46:52 INFO: 
14:46:52 INFO: >>> Frame 001308
14:46:52 INFO: Player name: '_COL_lou'
14:46:52 INFO: Player name: '_COL_lou' -> 'COL_Iou'
14:46:52 INFO: 
14:46:52 INFO: >>> Frame 001309
14:46:53 INFO: Player name: ',COL_lou'
14:46:53 INFO: Player name: ',COL_lou' -> 'COL_Iou'
14:46:53 INFO: 
14:46:53 INFO: >>> Frame 001310
14:46:54 INFO: Player name: 'COL_lou'
14:46:54 INFO: Player name: 'COL_lou' -> 'COL_Iou'
14:46:54 INFO: 
14:46:54 INFO: >>> Frame 001311
14:46:54 INFO: Player name: 'COL_lou'
14:46:54 INFO: Player name: 'COL_lou' -> 'COL_Iou'
14:46:54 INFO: 
14:46:54 INFO: >>> Frame 001312
14:46:55 INFO: Player name: 'COLlau'
14:46:55 INFO: Player name: 'COLlau' -> 'COL_Iou'
14:46:55 INFO: 
14:46:55 INFO: >>> Frame 001313
14:46:55 INFO: Player name: 'CLG Vaxlon'
14:46:55 INFO: Player name: 'CLG Vaxlon' -> 'CLG_Vaxlon'
14:46:55 INFO: 
14:46:55 INFO: >>> Frame 001314
14:46:56 INFO: Player name: 'CLG Vaxion'
14:46:56 INFO: Player name: 'CLG Vaxion' -> 'CLG_Vaxlon'
14:46:56 INFO: 
14:46:56 INFO: >>> Frame 001315
14:46:57 INFO: Player name: 'CLG Vaxlon'
14:46:57 INFO: Player name: 'CLG Vaxlon' -> 'CLG_Vaxlon'
14:46:57 INFO: 
14:46:57 INFO: >>> Frame 001316
14:46:57 INFO: Player name: 'CLG_Vaxlon'
14:46:57 INFO: 
14:46:57 INFO: >>> Frame 001317
14:46:58 INFO: Player name: 'CLG_Vaxion'
14:46:58 INFO: Player name: 'CLG_Vaxion' -> 'CLG_Vaxlon'
14:46:58 INFO: 
14:46:58 INFO: >>> Frame 001318
14:46:59 INFO: Player name: 'CLG_Vaxlon'
14:46:59 INFO: 
14:46:59 INFO: >>> Frame 001319
14:46:59 INFO: Player name: 'CLG_Vaxlon'
14:46:59 INFO: 
14:46:59 INFO: >>> Frame 001320
14:47:00 INFO: Player name: 'CLG_Vaxton'
14:47:00 INFO: Player name: 'CLG_Vaxton' -> 'CLG_Vaxlon'
14:47:00 INFO: 
14:47:00 INFO: >>> Frame 001321
14:47:01 INFO: Player name: 'CLG_Vaxton'
14:47:01 INFO: Player name: 'CLG_Vaxton' -> 'CLG_Vaxlon'
14:47:01 INFO: 
14:47:01 INFO: >>> Frame 001322
14:47:01 INFO: Player name: 'CLG Vaxilon'
14:47:01 INFO: Player name: 'CLG Vaxilon' -> 'CLG_Vaxlon'
14:47:01 INFO: 
14:47:01 INFO: >>> Frame 001323
14:47:01 INFO: Can't find player name end icon
14:47:01 INFO: 
14:47:01 INFO: >>> Frame 001324
14:47:01 INFO: Can't find player name end icon
14:47:01 INFO: 
14:47:01 INFO: >>> Frame 001325
14:47:02 INFO: Can't find player name end icon
14:47:02 INFO: 
14:47:02 INFO: >>> Frame 001326
14:47:02 INFO: Can't find player name end icon
14:47:02 INFO: 
14:47:02 INFO: >>> Frame 001327
14:47:02 INFO: Can't find player name end icon
14:47:02 INFO: 
14:47:02 INFO: >>> Frame 001328
14:47:02 INFO: Can't find player name end icon
14:47:02 INFO: 
14:47:02 INFO: >>> Frame 001329
14:47:02 INFO: Can't find player name end icon
14:47:02 INFO: 
14:47:02 INFO: >>> Frame 001330
14:47:02 INFO: Can't find player name end icon
14:47:02 INFO: 
14:47:02 INFO: >>> Frame 001331
14:47:02 INFO: Player name: 'CLT Bronzey'
14:47:02 INFO: 
14:47:02 INFO: >>> Frame 001332
14:47:03 INFO: Player name: 'CLT Bronzey'
14:47:03 INFO: 
14:47:03 INFO: >>> Frame 001333
14:47:04 INFO: Player name: 'CLT Bronzey'
14:47:04 INFO: 
14:47:04 INFO: >>> Frame 001334
14:47:05 INFO: Player name: '_CLT_mercy'
14:47:05 INFO: Player name: '_CLT_mercy' -> 'CLT_mercy'
14:47:05 INFO: 
14:47:05 INFO: >>> Frame 001335
14:47:05 INFO: Player name: '_CLT_mercy'
14:47:05 INFO: Player name: '_CLT_mercy' -> 'CLT_mercy'
14:47:05 INFO: 
14:47:05 INFO: >>> Frame 001336
14:47:06 INFO: Player name: 'CLT Pride'
14:47:06 INFO: 
14:47:06 INFO: >>> Frame 001337
14:47:06 INFO: Player name: 'CLT Pride'
14:47:06 INFO: 
14:47:06 INFO: >>> Frame 001338
14:47:07 INFO: Player name: 'CLT Pride'
14:47:07 INFO: 
14:47:07 INFO: >>> Frame 001339
14:47:08 INFO: Player name: 'CLT Pride'
14:47:08 INFO: 
14:47:08 INFO: >>> Frame 001340
14:47:08 INFO: Player name: 'CLT Pride'
14:47:08 INFO: 
14:47:08 INFO: >>> Frame 001341
14:47:09 INFO: Player name: 'CLT Pride'
14:47:09 INFO: 
14:47:09 INFO: >>> Frame 001342
14:47:09 INFO: Player name: 'CLT Pride'
14:47:09 INFO: 
14:47:09 INFO: >>> Frame 001343
14:47:10 INFO: Player name: 'CLT Pride'
14:47:10 INFO: 
14:47:10 INFO: >>> Frame 001344
14:47:11 INFO: Player name: 'CLT Pride'
14:47:11 INFO: 
14:47:11 INFO: >>> Frame 001345
14:47:11 INFO: Player name: ' '
14:47:11 INFO: Unknown player: ' ' (best guess: 'CLT Pride', 0.89)
14:47:11 INFO: 
14:47:11 INFO: >>> Frame 001346
14:47:12 INFO: Player name: 'CLT Pride'
14:47:12 INFO: 
14:47:12 INFO: >>> Frame 001347
14:47:13 INFO: Player name: 'Chr pride'
14:47:13 INFO: Player name: 'Chr pride' -> 'CLT Pride'
14:47:13 INFO: 
14:47:13 INFO: >>> Frame 001348
14:47:13 INFO: Player name: 'CLT Bride'
14:47:13 INFO: Player name: 'CLT Bride' -> 'CLT Pride'
14:47:13 INFO: 
14:47:13 INFO: >>> Frame 001349
14:47:14 INFO: Player name: 'CLT Pridé)'
14:47:14 INFO: Player name: 'CLT Pridé)' -> 'CLT Pride'
14:47:14 INFO: 
14:47:14 INFO: >>> Frame 001350
14:47:15 INFO: Player name: 'CLT. Pride'
14:47:15 INFO: Player name: 'CLT. Pride' -> 'CLT Pride'
14:47:15 INFO: 
14:47:15 INFO: >>> Frame 001351
14:47:16 INFO: Player name: 'Liquid Flanker'
14:47:16 INFO: 
14:47:16 INFO: >>> Frame 001352
14:47:16 INFO: Player name: 'Liquid Flanker'
14:47:16 INFO: 
14:47:16 INFO: >>> Frame 001353
14:47:17 INFO: Player name: 'Liquid Flanker'
14:47:17 INFO: 
14:47:17 INFO: >>> Frame 001354
14:47:18 INFO: Player name: 'Liquid Flanker'
14:47:18 INFO: 
14:47:18 INFO: >>> Frame 001355
14:47:19 INFO: Player name: 'Liquid Flanker'
14:47:19 INFO: 
14:47:19 INFO: >>> Frame 001356
14:47:19 INFO: Player name: 'Liquid Flanker'
14:47:19 INFO: 
14:47:19 INFO: >>> Frame 001357
14:47:19 INFO: Can't find player name end icon
14:47:19 INFO: 
14:47:19 INFO: >>> Frame 001358
14:47:19 INFO: Can't find player name end icon
14:47:19 INFO: 
14:47:19 INFO: >>> Frame 001359
14:47:19 INFO: Can't find player name end icon
14:47:19 INFO: 
14:47:19 INFO: >>> Frame 001360
14:47:20 INFO: Player name: 'NRG _Sweet_Rank_]'
14:47:20 INFO: Player name: 'NRG _Sweet_Rank_]' -> 'NRG_Sweet_Rank_1'
14:47:20 INFO: 
14:47:20 INFO: >>> Frame 001361
14:47:21 INFO: Player name: 'NRG_Sweet_Rank_}'
14:47:21 INFO: Player name: 'NRG_Sweet_Rank_}' -> 'NRG_Sweet_Rank_1'
14:47:21 INFO: 
14:47:21 INFO: >>> Frame 001362
14:47:22 INFO: Player name: '‘NRG_Sweet Rank 1]'
14:47:22 INFO: Player name: '‘NRG_Sweet Rank 1]' -> 'NRG_Sweet_Rank_1'
14:47:22 INFO: 
14:47:22 INFO: >>> Frame 001363
14:47:23 INFO: Player name: 'NAG _Sweet_Rank_}'
14:47:23 INFO: Player name: 'NAG _Sweet_Rank_}' -> 'NRG_Sweet_Rank_1'
14:47:23 INFO: 
14:47:23 INFO: >>> Frame 001364
14:47:24 INFO: Player name: 'NRG _Sweet_Rank_}'
14:47:24 INFO: Player name: 'NRG _Sweet_Rank_}' -> 'NRG_Sweet_Rank_1'
14:47:24 INFO: 
14:47:24 INFO: >>> Frame 001365
14:47:25 INFO: Player name: 'NRG _Sweet_Rank)'
14:47:25 INFO: Player name: 'NRG _Sweet_Rank)' -> 'NRG_Sweet_Rank_1'
14:47:25 INFO: 
14:47:25 INFO: >>> Frame 001366
14:47:26 INFO: Player name: 'NRG Sweet_Rank_]'
14:47:26 INFO: Player name: 'NRG Sweet_Rank_]' -> 'NRG_Sweet_Rank_1'
14:47:26 INFO: 
14:47:26 INFO: >>> Frame 001367
14:47:27 INFO: Player name: '-NRG Sweet: Rank\netiRank.|'
14:47:27 INFO: Unknown player: '-NRG Sweet: Rank\netiRank.|' (best guess: 'NRG_Sweet_Rank_1', 0.54)
14:47:27 INFO: 
14:47:27 INFO: >>> Frame 001368
14:47:28 INFO: Player name: 'NRG_rocker'
14:47:28 INFO: 
14:47:28 INFO: >>> Frame 001369
14:47:28 INFO: Can't find player name end icon
14:47:28 INFO: 
14:47:28 INFO: >>> Frame 001370
14:47:28 INFO: Can't find player name end icon
14:47:28 INFO: 
14:47:28 INFO: >>> Frame 001371
14:47:28 INFO: Can't find player name end icon
14:47:28 INFO: 
14:47:28 INFO: >>> Frame 001372
14:47:29 INFO: Player name: 'bowswerr'
14:47:29 INFO: 
14:47:29 INFO: >>> Frame 001373
14:47:29 INFO: Player name: ''
14:47:29 INFO: 
14:47:29 INFO: >>> Frame 001374
14:47:30 INFO: Player name: 'CLG PowPow'
14:47:30 INFO: Player name: 'CLG PowPow' -> 'CLG_PowPow'
14:47:30 INFO: 
14:47:30 INFO: >>> Frame 001375
14:47:31 INFO: Player name: '_SF_Resultuh'
14:47:31 INFO: Player name: '_SF_Resultuh' -> 'sF_Resultuh'
14:47:31 INFO: 
14:47:31 INFO: >>> Frame 001376
14:47:31 INFO: Player name: ',SF_Resultuh'
14:47:31 INFO: Player name: ',SF_Resultuh' -> 'sF_Resultuh'
14:47:31 INFO: 
14:47:31 INFO: >>> Frame 001377
14:47:32 INFO: Player name: 'SF _Dezignful'
14:47:32 INFO: Player name: 'SF _Dezignful' -> 'sF_Dezignful'
14:47:32 INFO: 
14:47:32 INFO: >>> Frame 001378
14:47:33 INFO: Player name: 'SF Dezignful'
14:47:33 INFO: Player name: 'SF Dezignful' -> 'sF_Dezignful'
14:47:33 INFO: 
14:47:33 INFO: >>> Frame 001379
14:47:34 INFO: Player name: 'sF_Dezignful'
14:47:34 INFO: 
14:47:34 INFO: >>> Frame 001380
14:47:34 INFO: Player name: 'sF_Dezignful'
14:47:34 INFO: 
14:47:34 INFO: >>> Frame 001381
14:47:35 INFO: Player name: 'sF_Dezignful'
14:47:35 INFO: 
14:47:35 INFO: >>> Frame 001382
14:47:36 INFO: Player name: 'sFiDezionful'
14:47:36 INFO: Player name: 'sFiDezionful' -> 'sF_Dezignful'
14:47:36 INFO: 
14:47:36 INFO: >>> Frame 001383
14:47:37 INFO: Player name: '1sF Dezignful'
14:47:37 INFO: Player name: '1sF Dezignful' -> 'sF_Dezignful'
14:47:37 INFO: 
14:47:37 INFO: >>> Frame 001384
14:47:38 INFO: Player name: 'sF_Gantrifying'
14:47:38 INFO: Player name: 'sF_Gantrifying' -> 'sF_Gentrifyinq'
14:47:38 INFO: 
14:47:38 INFO: >>> Frame 001385
14:47:38 INFO: Player name: 'sF_Gentrifying'
14:47:38 INFO: Player name: 'sF_Gentrifying' -> 'sF_Gentrifyinq'
14:47:38 INFO: 
14:47:38 INFO: >>> Frame 001386
14:47:39 INFO: Player name: 'sF_Gentrifying'
14:47:39 INFO: Player name: 'sF_Gentrifying' -> 'sF_Gentrifyinq'
14:47:39 INFO: 
14:47:39 INFO: >>> Frame 001387
14:47:39 INFO: Can't find player name end icon
14:47:39 INFO: 
14:47:39 INFO: >>> Frame 001388
14:47:39 INFO: Can't find player name end icon
14:47:39 INFO: 
14:47:39 INFO: >>> Frame 001389
14:47:39 INFO: Can't find player name end icon
14:47:39 INFO: 
14:47:39 INFO: >>> Frame 001390
14:47:39 INFO: Can't find player name end icon
14:47:39 INFO: 
14:47:39 INFO: >>> Frame 001391
14:47:40 INFO: Player name: '/NRG_rocker'
14:47:40 INFO: Player name: '/NRG_rocker' -> 'NRG_rocker'
14:47:40 INFO: 
14:47:40 INFO: >>> Frame 001392
14:47:41 INFO: Player name: 'NRG _Sweet_Rank_]'
14:47:41 INFO: Player name: 'NRG _Sweet_Rank_]' -> 'NRG_Sweet_Rank_1'
14:47:41 INFO: 
14:47:41 INFO: >>> Frame 001393
14:47:42 INFO: Player name: 'NRG_nafen'
14:47:42 INFO: 
14:47:42 INFO: >>> Frame 001394
14:47:42 INFO: Player name: 'NRG_nafen'
14:47:42 INFO: 
14:47:42 INFO: >>> Frame 001395
14:47:43 INFO: Player name: 'NRG_nafen'
14:47:43 INFO: 
14:47:43 INFO: >>> Frame 001396
14:47:44 INFO: Player name: 'NRG_nafen'
14:47:44 INFO: 
14:47:44 INFO: >>> Frame 001397
14:47:45 INFO: Player name: 'NRG_Sweet_Rank 1}'
14:47:45 INFO: Player name: 'NRG_Sweet_Rank 1}' -> 'NRG_Sweet_Rank_1'
14:47:45 INFO: 
14:47:45 INFO: >>> Frame 001398
14:47:45 INFO: Player name: 'NRG_Sweet_Rank_|'
14:47:45 INFO: Player name: 'NRG_Sweet_Rank_|' -> 'NRG_Sweet_Rank_1'
14:47:45 INFO: 
14:47:45 INFO: >>> Frame 001399
14:47:46 INFO: Player name: 'NRG_Sweet_Rank_|'
14:47:46 INFO: Player name: 'NRG_Sweet_Rank_|' -> 'NRG_Sweet_Rank_1'
14:47:46 INFO: 
14:47:46 INFO: >>> Frame 001400
14:47:47 INFO: Player name: 'ClaneSZN'
14:47:47 INFO: 
14:47:47 INFO: >>> Frame 001401
14:47:48 INFO: Player name: 'ClaneSZN'
14:47:48 INFO: 
14:47:48 INFO: >>> Frame 001402
14:47:48 INFO: Player name: 'ClaneSZn'
14:47:48 INFO: Player name: 'ClaneSZn' -> 'ClaneSZN'
14:47:48 INFO: 
14:47:48 INFO: >>> Frame 001403
14:47:49 INFO: Player name: ''
14:47:49 INFO: 
14:47:49 INFO: >>> Frame 001404
14:47:49 INFO: Player name: 'ClaneSZN'
14:47:49 INFO: 
14:47:49 INFO: >>> Frame 001405
14:47:50 INFO: Player name: ''
14:47:50 INFO: 
14:47:50 INFO: >>> Frame 001406
14:47:51 INFO: Player name: 'SF _Rasultuh'
14:47:51 INFO: Player name: 'SF _Rasultuh' -> 'sF_Resultuh'
14:47:51 INFO: 
14:47:51 INFO: >>> Frame 001407
14:47:52 INFO: Player name: 'sF_Gentrifying'
14:47:52 INFO: Player name: 'sF_Gentrifying' -> 'sF_Gentrifyinq'
14:47:52 INFO: 
14:47:52 INFO: >>> Frame 001408
14:47:52 INFO: Player name: "'sF Gentrifying"
14:47:52 INFO: Player name: "'sF Gentrifying" -> 'sF_Gentrifyinq'
14:47:52 INFO: 
14:47:52 INFO: >>> Frame 001409
14:47:53 INFO: Player name: 'sF_Gentrifying'
14:47:53 INFO: Player name: 'sF_Gentrifying' -> 'sF_Gentrifyinq'
14:47:53 INFO: 
14:47:53 INFO: >>> Frame 001410
14:47:54 INFO: Player name: 'sF_Gantrifying'
14:47:54 INFO: Player name: 'sF_Gantrifying' -> 'sF_Gentrifyinq'
14:47:54 INFO: 
14:47:54 INFO: >>> Frame 001411
14:47:55 INFO: Player name: 'sF_Gentrifying'
14:47:55 INFO: Player name: 'sF_Gentrifying' -> 'sF_Gentrifyinq'
14:47:55 INFO: 
14:47:55 INFO: >>> Frame 001412
14:47:56 INFO: Player name: 'SF Gentrifying'
14:47:56 INFO: Player name: 'SF Gentrifying' -> 'sF_Gentrifyinq'
14:47:56 INFO: 
14:47:56 INFO: >>> Frame 001413
14:47:56 INFO: Player name: 'sF_Gentrifying'
14:47:56 INFO: Player name: 'sF_Gentrifying' -> 'sF_Gentrifyinq'
14:47:56 INFO: 
14:47:56 INFO: >>> Frame 001414
14:47:57 INFO: Player name: 'sF_Gantrifying'
14:47:57 INFO: Player name: 'sF_Gantrifying' -> 'sF_Gentrifyinq'
14:47:57 INFO: 
14:47:57 INFO: >>> Frame 001415
14:47:58 INFO: Player name: 'sF_Gentrifying'
14:47:58 INFO: Player name: 'sF_Gentrifying' -> 'sF_Gentrifyinq'
14:47:58 INFO: 
14:47:58 INFO: >>> Frame 001416
14:47:58 INFO: Can't find player name end icon
14:47:58 INFO: 
14:47:58 INFO: >>> Frame 001417
14:47:58 INFO: Can't find player name end icon
14:47:58 INFO: 
14:47:58 INFO: >>> Frame 001418
14:47:58 INFO: Can't find player name end icon
14:47:58 INFO: 
14:47:58 INFO: >>> Frame 001419
14:47:58 INFO: Can't find player name end icon
14:47:58 INFO: 
14:47:58 INFO: >>> Frame 001420
14:47:59 INFO: Player name: ''
14:47:59 INFO: 
14:47:59 INFO: >>> Frame 001421
14:47:59 INFO: Player name: ''
14:47:59 INFO: 
14:47:59 INFO: >>> Frame 001422
14:48:00 INFO: Player name: '_SF_Resultuh'
14:48:00 INFO: Player name: '_SF_Resultuh' -> 'sF_Resultuh'
14:48:00 INFO: 
14:48:00 INFO: >>> Frame 001423
14:48:01 INFO: Player name: 'ProdigyAces'
14:48:01 INFO: 
14:48:01 INFO: >>> Frame 001424
14:48:02 INFO: Player name: 'ProdigyAces'
14:48:02 INFO: 
14:48:02 INFO: >>> Frame 001425
14:48:02 INFO: Player name: 'ProdigyAces'
14:48:02 INFO: 
14:48:02 INFO: >>> Frame 001426
14:48:03 INFO: Player name: 'ProdigyAces'
14:48:03 INFO: 
14:48:03 INFO: >>> Frame 001427
14:48:04 INFO: Player name: '“ProdigyAces'
14:48:04 INFO: Player name: '“ProdigyAces' -> 'ProdigyAces'
14:48:04 INFO: 
14:48:04 INFO: >>> Frame 001428
14:48:05 INFO: Player name: 'ProdigyAces'
14:48:05 INFO: 
14:48:05 INFO: >>> Frame 001429
14:48:05 INFO: Player name: 'ProdigyAces'
14:48:05 INFO: 
14:48:05 INFO: >>> Frame 001430
14:48:06 INFO: Player name: 'ProdigyAces'
14:48:06 INFO: 
14:48:06 INFO: >>> Frame 001431
14:48:07 INFO: Player name: 'joeyblackout'
14:48:07 INFO: 
14:48:07 INFO: >>> Frame 001432
14:48:08 INFO: Player name: 'joeyblackout'
14:48:08 INFO: 
14:48:08 INFO: >>> Frame 001433
14:48:08 INFO: Player name: 'joeyblackout'
14:48:08 INFO: 
14:48:08 INFO: >>> Frame 001434
14:48:09 INFO: Player name: 'joeyblackout'
14:48:09 INFO: 
14:48:09 INFO: >>> Frame 001435
14:48:10 INFO: Player name: 'Rakkinishu'
14:48:10 INFO: 
14:48:10 INFO: >>> Frame 001436
14:48:10 INFO: Player name: 'ProdigyAces'
14:48:10 INFO: 
14:48:10 INFO: >>> Frame 001437
14:48:10 INFO: Can't find player name end icon
14:48:10 INFO: 
14:48:10 INFO: >>> Frame 001438
14:48:11 INFO: Can't find player name end icon
14:48:11 INFO: 
14:48:11 INFO: >>> Frame 001439
14:48:11 INFO: Can't find player name end icon
14:48:11 INFO: 
14:48:11 INFO: >>> Frame 001440
14:48:11 INFO: Can't find player name end icon
14:48:11 INFO: 
14:48:11 INFO: >>> Frame 001441
14:48:11 INFO: Player name: 'CLG Vaxion'
14:48:11 INFO: Player name: 'CLG Vaxion' -> 'CLG_Vaxlon'
14:48:11 INFO: 
14:48:11 INFO: >>> Frame 001442
14:48:12 INFO: Player name: 'CLG _Vaxlon'
14:48:12 INFO: Player name: 'CLG _Vaxlon' -> 'CLG_Vaxlon'
14:48:12 INFO: 
14:48:12 INFO: >>> Frame 001443
14:48:13 INFO: Player name: 'CLG Vaxion'
14:48:13 INFO: Player name: 'CLG Vaxion' -> 'CLG_Vaxlon'
14:48:13 INFO: 
14:48:13 INFO: >>> Frame 001444
14:48:13 INFO: Player name: 'CLG_Vaxlon'
14:48:13 INFO: 
14:48:13 INFO: >>> Frame 001445
14:48:14 INFO: Player name: 'CLG Vaxlon'
14:48:14 INFO: Player name: 'CLG Vaxlon' -> 'CLG_Vaxlon'
14:48:14 INFO: 
14:48:14 INFO: >>> Frame 001446
14:48:15 INFO: Player name: 'CLG Vaxion'
14:48:15 INFO: Player name: 'CLG Vaxion' -> 'CLG_Vaxlon'
14:48:15 INFO: 
14:48:15 INFO: >>> Frame 001447
14:48:16 INFO: Player name: 'CLG _Vaxlon'
14:48:16 INFO: Player name: 'CLG _Vaxlon' -> 'CLG_Vaxlon'
14:48:16 INFO: 
14:48:16 INFO: >>> Frame 001448
14:48:16 INFO: Player name: 'CLG _Vaxlon'
14:48:16 INFO: Player name: 'CLG _Vaxlon' -> 'CLG_Vaxlon'
14:48:16 INFO: 
14:48:16 INFO: >>> Frame 001449
14:48:17 INFO: Player name: 'CLG _Vaxlon'
14:48:17 INFO: Player name: 'CLG _Vaxlon' -> 'CLG_Vaxlon'
14:48:17 INFO: 
14:48:17 INFO: >>> Frame 001450
14:48:18 INFO: Player name: 'CLG Vaxton'
14:48:18 INFO: Player name: 'CLG Vaxton' -> 'CLG_Vaxlon'
14:48:18 INFO: 
14:48:18 INFO: >>> Frame 001451
14:48:19 INFO: Player name: 'CLG Vaxton'
14:48:19 INFO: Player name: 'CLG Vaxton' -> 'CLG_Vaxlon'
14:48:19 INFO: 
14:48:19 INFO: >>> Frame 001452
14:48:20 INFO: Player name: 'CLG Vaxton'
14:48:20 INFO: Player name: 'CLG Vaxton' -> 'CLG_Vaxlon'
14:48:20 INFO: 
14:48:20 INFO: >>> Frame 001453
14:48:21 INFO: Player name: 'CLG_Vaxion'
14:48:21 INFO: Player name: 'CLG_Vaxion' -> 'CLG_Vaxlon'
14:48:21 INFO: 
14:48:21 INFO: >>> Frame 001454
14:48:22 INFO: Player name: 'CLG_Vaxion'
14:48:22 INFO: Player name: 'CLG_Vaxion' -> 'CLG_Vaxlon'
14:48:22 INFO: 
14:48:22 INFO: >>> Frame 001455
14:48:22 INFO: Player name: 'CLG _Vaxlon'
14:48:22 INFO: Player name: 'CLG _Vaxlon' -> 'CLG_Vaxlon'
14:48:22 INFO: 
14:48:22 INFO: >>> Frame 001456
14:48:23 INFO: Player name: 'CLG Vaxlon'
14:48:23 INFO: Player name: 'CLG Vaxlon' -> 'CLG_Vaxlon'
14:48:23 INFO: 
14:48:23 INFO: >>> Frame 001457
14:48:24 INFO: Player name: 'CLB_Vaxlon'
14:48:24 INFO: Player name: 'CLB_Vaxlon' -> 'CLG_Vaxlon'
14:48:24 INFO: 
14:48:24 INFO: >>> Frame 001458
14:48:24 INFO: Player name: 'CLG _Vaxlon'
14:48:24 INFO: Player name: 'CLG _Vaxlon' -> 'CLG_Vaxlon'
14:48:24 INFO: 
14:48:24 INFO: >>> Frame 001459
14:48:25 INFO: Player name: 'CLG Vaxlon'
14:48:25 INFO: Player name: 'CLG Vaxlon' -> 'CLG_Vaxlon'
14:48:25 INFO: 
14:48:25 INFO: >>> Frame 001460
14:48:26 INFO: Player name: 'CLG Vaxlon'
14:48:26 INFO: Player name: 'CLG Vaxlon' -> 'CLG_Vaxlon'
14:48:26 INFO: 
14:48:26 INFO: >>> Frame 001461
14:48:27 INFO: Player name: 'CLG Vaxloi'
14:48:27 INFO: Player name: 'CLG Vaxloi' -> 'CLG_Vaxlon'
14:48:27 INFO: 
14:48:27 INFO: >>> Frame 001462
14:48:27 INFO: Player name: 'CLG Vaxton'
14:48:27 INFO: Player name: 'CLG Vaxton' -> 'CLG_Vaxlon'
14:48:27 INFO: 
14:48:27 INFO: >>> Frame 001463
14:48:28 INFO: Player name: 'CLG_Vaxion'
14:48:28 INFO: Player name: 'CLG_Vaxion' -> 'CLG_Vaxlon'
14:48:28 INFO: 
14:48:28 INFO: >>> Frame 001464
14:48:29 INFO: Player name: 'CLG Vaxlon'
14:48:29 INFO: Player name: 'CLG Vaxlon' -> 'CLG_Vaxlon'
14:48:29 INFO: 
14:48:29 INFO: >>> Frame 001465
14:48:29 INFO: Player name: 'CLG Vaxton'
14:48:29 INFO: Player name: 'CLG Vaxton' -> 'CLG_Vaxlon'
14:48:29 INFO: 
14:48:29 INFO: >>> Frame 001466
14:48:30 INFO: Player name: 'CLG ImMadness'
14:48:30 INFO: 
14:48:30 INFO: >>> Frame 001467
14:48:32 INFO: Player name: 'CLG ImMadness'
14:48:32 INFO: 
14:48:32 INFO: >>> Frame 001468
14:48:33 INFO: Player name: 'CLG IimMadness'
14:48:33 INFO: Player name: 'CLG IimMadness' -> 'CLG ImMadness'
14:48:33 INFO: 
14:48:33 INFO: >>> Frame 001469
14:48:34 INFO: Player name: 'CLG ImMadness'
14:48:34 INFO: 
14:48:34 INFO: >>> Frame 001470
14:48:35 INFO: Player name: 'CLG ImMadness'
14:48:35 INFO: 
14:48:35 INFO: >>> Frame 001471
14:48:36 INFO: Player name: '‘CLG ImMadness'
14:48:36 INFO: Player name: '‘CLG ImMadness' -> 'CLG ImMadness'
14:48:36 INFO: 
14:48:36 INFO: >>> Frame 001472
14:48:37 INFO: Player name: 'CLG ImMadness'
14:48:37 INFO: 
14:48:37 INFO: >>> Frame 001473
14:48:37 INFO: Can't find player name end icon
14:48:37 INFO: 
14:48:37 INFO: >>> Frame 001474
14:48:37 INFO: Can't find player name end icon
14:48:37 INFO: 
14:48:37 INFO: >>> Frame 001475
14:48:37 INFO: Can't find player name end icon
14:48:37 INFO: 
14:48:37 INFO: >>> Frame 001476
14:48:38 INFO: Can't find player name end icon
14:48:38 INFO: 
14:48:38 INFO: >>> Frame 001477
14:48:38 INFO: Player name: 'joeyblackout'
14:48:38 INFO: 
14:48:38 INFO: >>> Frame 001478
14:48:39 INFO: Player name: 'joyblackout'
14:48:39 INFO: Player name: 'joyblackout' -> 'joeyblackout'
14:48:39 INFO: 
14:48:39 INFO: >>> Frame 001479
14:48:40 INFO: Player name: 'joeyblackout'
14:48:40 INFO: 
14:48:40 INFO: >>> Frame 001480
14:48:41 INFO: Player name: 'joeyblackout'
14:48:41 INFO: 
14:48:41 INFO: >>> Frame 001481
14:48:42 INFO: Player name: 'joeyblackout'
14:48:42 INFO: 
14:48:42 INFO: >>> Frame 001482
14:48:42 INFO: Player name: 'Rakkinishu'
14:48:42 INFO: 
14:48:42 INFO: >>> Frame 001483
14:48:43 INFO: Player name: 'Rakkinishu'
14:48:43 INFO: 
14:48:43 INFO: >>> Frame 001484
14:48:44 INFO: Player name: 'Joeybtackout'
14:48:44 INFO: Player name: 'Joeybtackout' -> 'joeyblackout'
14:48:44 INFO: 
14:48:44 INFO: >>> Frame 001485
14:48:44 INFO: Player name: 'joeyblackout'
14:48:44 INFO: 
14:48:44 INFO: >>> Frame 001486
14:48:45 INFO: Can't find player name end icon
14:48:45 INFO: 
14:48:45 INFO: >>> Frame 001487
14:48:45 INFO: Can't find player name end icon
14:48:45 INFO: 
14:48:45 INFO: >>> Frame 001488
14:48:45 INFO: Player name: 'josyblackout'
14:48:45 INFO: Player name: 'josyblackout' -> 'joeyblackout'
14:48:45 INFO: 
14:48:45 INFO: >>> Frame 001489
14:48:46 INFO: Player name: 'joeyblackout'
14:48:46 INFO: 
14:48:46 INFO: >>> Frame 001490
14:48:47 INFO: Player name: 'joeyblackout'
14:48:47 INFO: 
14:48:47 INFO: >>> Frame 001491
14:48:48 INFO: Player name: 'joeyblackout'
14:48:48 INFO: 
14:48:48 INFO: >>> Frame 001492
14:48:48 INFO: Can't find player name end icon
14:48:48 INFO: 
14:48:48 INFO: >>> Frame 001493
14:48:48 INFO: Can't find player name end icon
14:48:48 INFO: 
14:48:48 INFO: >>> Frame 001494
14:48:48 INFO: Player name: 'CLG _Vaxlon'
14:48:48 INFO: Player name: 'CLG _Vaxlon' -> 'CLG_Vaxlon'
14:48:48 INFO: 
14:48:48 INFO: >>> Frame 001495
14:48:49 INFO: Player name: ''
14:48:49 INFO: 
14:48:49 INFO: >>> Frame 001496
14:48:50 INFO: Player name: 'CLG _Vaxlon'
14:48:50 INFO: Player name: 'CLG _Vaxlon' -> 'CLG_Vaxlon'
14:48:50 INFO: 
14:48:50 INFO: >>> Frame 001497
14:48:51 INFO: Player name: 'CLG _Vaxlon'
14:48:51 INFO: Player name: 'CLG _Vaxlon' -> 'CLG_Vaxlon'
14:48:51 INFO: 
14:48:51 INFO: >>> Frame 001498
14:48:51 INFO: Player name: 'CLG _Vaxlon'
14:48:51 INFO: Player name: 'CLG _Vaxlon' -> 'CLG_Vaxlon'
14:48:51 INFO: 
14:48:51 INFO: >>> Frame 001499
14:48:52 INFO: Player name: 'CLG _Vaxton'
14:48:52 INFO: Player name: 'CLG _Vaxton' -> 'CLG_Vaxlon'
