INFO: 
INFO: >>> Frame 005286
INFO: Can't find player name end icon
INFO: 
INFO: >>> Frame 005287
INFO: Can't find player name end icon
INFO: 
INFO: >>> Frame 005288
INFO: Can't find player name end icon
INFO: 
INFO: >>> Frame 005289
INFO: Can't find player name end icon
INFO: 
INFO: >>> Frame 005290
INFO: Can't find player name end icon
INFO: 
INFO: >>> Frame 005291
INFO: Can't find player name end icon
INFO: 
INFO: >>> Frame 005292
INFO: Can't find player name end icon
INFO: 
INFO: >>> Frame 005293
INFO: Can't find player name end icon
INFO: 
INFO: >>> Frame 005294
INFO: Can't find player name end icon
INFO: 
INFO: >>> Frame 005295
INFO: Can't find player name end icon
INFO: 
INFO: >>> Frame 005296
INFO: Can't find player name end icon
INFO: 
INFO: >>> Frame 005297
INFO: Can't find player name end icon
INFO: 
INFO: >>> Frame 005298
INFO: Can't find player name end icon
INFO: 
INFO: >>> Frame 005299
INFO: Can't find player name end icon
INFO: 
INFO: >>> Frame 005300
INFO: Can't find player name end icon
INFO: 
INFO: >>> Frame 005301
INFO: Can't find player name end icon
INFO: 
INFO: >>> Frame 005302
INFO: Can't find player name end icon
INFO: 
INFO: >>> Frame 005303
INFO: Can't find player name end icon
INFO: 
INFO: >>> Frame 005304
INFO: Can't find player name end icon
INFO: 
INFO: >>> Frame 005305
INFO: Can't find player name end icon
INFO: 
INFO: >>> Frame 005306
INFO: Can't find player name end icon
INFO: 
INFO: >>> Frame 005307
INFO: Can't find player name end icon
INFO: 
INFO: >>> Frame 005308
INFO: Can't find player name end icon
INFO: 
INFO: >>> Frame 005309
INFO: Player name: '7xaniya'
INFO: 
INFO: >>> Frame 005310
INFO: Player name: '7xaniya'
INFO: 
INFO: >>> Frame 005311
INFO: Player name: '7xaniya'
INFO: 
INFO: >>> Frame 005312
INFO: Player name: '7xaniya'
INFO: 
INFO: >>> Frame 005313
INFO: Player name: '7xaniya'
INFO: Unknown weapon: 'Se' (best guess: 'L-STAR', 0.83)
INFO: 
INFO: >>> Frame 005314
INFO: Player name: 'Txaniya' -> '7xaniya'
INFO: 
INFO: >>> Frame 005315
INFO: Player name: '7xaniya'
INFO: 
INFO: >>> Frame 005316
INFO: Player name: '7xaniya'
INFO: 
INFO: >>> Frame 005317
INFO: Player name: '7xaniya'
INFO: 
INFO: >>> Frame 005318
INFO: Player name: 'COOLER Gnaske' -> 'COOLER_Gnaske'
INFO: Weapon 1: 'SPITFIRE'
INFO: Weapon 2: 'EVA-8 AUTO'
INFO: 
INFO: >>> Frame 005319
INFO: Player name: '“COOLER Ghaske' -> 'COOLER_Gnaske'
INFO: Weapon 1: 'SPITFIRE'
INFO: Weapon 2: 'EVA-8 AUTO'
INFO: 
INFO: >>> Frame 005320
INFO: Player name: '-CDOLER Gnaske' -> 'COOLER_Gnaske'
INFO: Weapon 1: 'SPITFIRE'
INFO: Weapon 2: 'EVA-8 AUTO'
INFO: 
INFO: >>> Frame 005321
INFO: Player name: 'COOLER _Gnaske' -> 'COOLER_Gnaske'
INFO: Weapon 1: 'SPITFIRE'
INFO: Weapon 2: 'EVA-3 AUTO' -> 'EVA-8 AUTO'
INFO: 
INFO: >>> Frame 005322
INFO: Player name: 'COOLER _Gnaske' -> 'COOLER_Gnaske'
INFO: Weapon 1: 'SPITFIRE'
INFO: Weapon 2: 'EVA-3 AUTO' -> 'EVA-8 AUTO'
INFO: 
INFO: >>> Frame 005323
INFO: Player name: 'COOLER Gnaske' -> 'COOLER_Gnaske'
INFO: Weapon 1: 'SPITFIRE'
INFO: Weapon 2: 'EVA-8 AUTO'
INFO: 
INFO: >>> Frame 005324
INFO: Player name: 'SCOOLER Graske' -> 'COOLER_Gnaske'
INFO: Weapon 1: 'SPITFIRE'
INFO: Weapon 2: 'EVA-B AUTO' -> 'EVA-8 AUTO'
INFO: 
INFO: >>> Frame 005325
INFO: Player name: 'COOLER _Gnaske' -> 'COOLER_Gnaske'
INFO: Weapon 1: 'SPITFIRE'
INFO: Weapon 2: 'EVA-B AUTO' -> 'EVA-8 AUTO'
INFO: 
INFO: >>> Frame 005326
INFO: Player name: 'COOLER _Gnaske' -> 'COOLER_Gnaske'
INFO: Weapon 1: 'SPITFIRE'
INFO: Weapon 2: 'EVA-8 AUTO'
INFO: 
INFO: >>> Frame 005327
INFO: Player name: 'COOLER _Gnaske' -> 'COOLER_Gnaske'
INFO: Weapon 1: 'SPITFIRE'
INFO: Weapon 2: 'EVA-6 AUTO' -> 'EVA-8 AUTO'
INFO: 
INFO: >>> Frame 005328
INFO: Unknown player: 'COOLEt' (best guess: 'COOLER_Yuki', 0.55)
INFO: 
INFO: >>> Frame 005329
INFO: 
INFO: >>> Frame 005330
INFO: Player name: 'COOLER Yuki' -> 'COOLER_Yuki'
INFO: Weapon 1: 'HAVOC'
INFO: Weapon 2: 'EVA-8 AUTO'
INFO: 
INFO: >>> Frame 005331
INFO: Player name: 'COOLER Yuki' -> 'COOLER_Yuki'
INFO: Weapon 1: 'HAVOC'
INFO: Weapon 2: 'EVA-8 AUTO'
INFO: 
INFO: >>> Frame 005332
INFO: Player name: 'COOLER _Yuki' -> 'COOLER_Yuki'
INFO: Weapon 1: 'HAVOC'
INFO: Weapon 2: 'EVA-8 AUTO'
INFO: 
INFO: >>> Frame 005333
INFO: Player name: 'COOLER Yuki' -> 'COOLER_Yuki'
INFO: Weapon 1: 'HAVOC'
INFO: Weapon 2: 'EVA-38 AUTO' -> 'EVA-8 AUTO'
INFO: 
INFO: >>> Frame 005334
INFO: Player name: 'COOLER Yuki' -> 'COOLER_Yuki'
INFO: Weapon 1: 'HAVOC'
INFO: Weapon 2: 'EVA-B AUTO' -> 'EVA-8 AUTO'
INFO: 
INFO: >>> Frame 005335
INFO: Player name: 'COOLER_Yuki'
INFO: Weapon 1: 'HAVOC'
INFO: Weapon 2: 'EVA-3 AUTO' -> 'EVA-8 AUTO'
INFO: 
INFO: >>> Frame 005336
INFO: Player name: 'COOLER Sirfel' -> 'COOLER_SirDel'
INFO: Weapon 1: 'SPITFIRE'
INFO: Weapon 2: 'EVA-B AUTO' -> 'EVA-8 AUTO'
INFO: 
INFO: >>> Frame 005337
INFO: Player name: 'COOLER SirDel' -> 'COOLER_SirDel'
INFO: Weapon 1: 'SPITFIRE'
INFO: Weapon 2: 'EVA-38 AUTO' -> 'EVA-8 AUTO'
INFO: 
INFO: >>> Frame 005338
INFO: Player name: 'COOLER SirDel' -> 'COOLER_SirDel'
INFO: Weapon 1: 'SPITFIRE'
INFO: Weapon 2: 'EVA-8 AUTO'
INFO: 
INFO: >>> Frame 005339
INFO: Player name: 'COOLER _SirDel' -> 'COOLER_SirDel'
INFO: Weapon 1: 'SPITFIRE'
INFO: Weapon 2: 'EVA-B AUTO' -> 'EVA-8 AUTO'
INFO: 
INFO: >>> Frame 005340
INFO: Player name: 'COOLER SirDel' -> 'COOLER_SirDel'
INFO: Weapon 1: 'SPITFIRE.' -> 'SPITFIRE'
INFO: Weapon 2: 'EVA-B AUTO' -> 'EVA-8 AUTO'
INFO: 
INFO: >>> Frame 005341
INFO: Player name: 'COOLER SirDel' -> 'COOLER_SirDel'
INFO: Weapon 1: 'SPITFIRE'
INFO: Weapon 2: 'EVA-38 AUTO' -> 'EVA-8 AUTO'
INFO: 
INFO: >>> Frame 005342
INFO: 
INFO: >>> Frame 005343
INFO: Player name: 'COOLER SirDel' -> 'COOLER_SirDel'
INFO: Weapon 1: '‘SPITFIRE' -> 'SPITFIRE'
INFO: Weapon 2: 'EVA-8 AUTO'
INFO: 
INFO: >>> Frame 005344
INFO: Player name: 'COOLER_Gnaske'
INFO: Weapon 1: 'SPITFIRE'
INFO: Weapon 2: 'EVA-8 AUTO'
INFO: 
INFO: >>> Frame 005345
INFO: Player name: 'COOLER Gnaske' -> 'COOLER_Gnaske'
INFO: Weapon 1: 'SPITFIRE'
INFO: Weapon 2: 'EVA-B AUTO' -> 'EVA-8 AUTO'
INFO: 
INFO: >>> Frame 005346
INFO: Player name: 'COOLER _Gnaske' -> 'COOLER_Gnaske'
INFO: Weapon 1: 'SPITFIRE'
INFO: Weapon 2: 'EVA-8 AUTO'
INFO: 
INFO: >>> Frame 005347
INFO: Player name: 'COOLER Gnaske' -> 'COOLER_Gnaske'
INFO: Weapon 1: 'SPITFIRE'
INFO: Weapon 2: 'EVA-8 AUTO'
INFO: 
INFO: >>> Frame 005348
INFO: Player name: 'COOLER _Gnaske' -> 'COOLER_Gnaske'
INFO: Weapon 1: 'SPITFIRE'
INFO: Weapon 2: 'EVA-8 AUTO'
INFO: 
INFO: >>> Frame 005349
INFO: Player name: 'COOLER _Gnaske' -> 'COOLER_Gnaske'
INFO: Weapon 1: 'SPITFIRE'
INFO: Weapon 2: 'EVA-B AUTO' -> 'EVA-8 AUTO'
INFO: 
INFO: >>> Frame 005350
INFO: Player name: '_Gambit_Artyco' -> 'Gambit_Artyco'
INFO: Weapon 1: 'R-301'
INFO: Weapon 2: 'EVA-B AUTO' -> 'EVA-8 AUTO'
INFO: 
INFO: >>> Frame 005351
INFO: Player name: 'Gambit_Artyco'
INFO: Weapon 1: 'R-301'
INFO: Weapon 2: 'EVA-8 AUTO'
INFO: 
INFO: >>> Frame 005352
INFO: Player name: ', Gambit_Artyco' -> 'Gambit_Artyco'
INFO: Weapon 1: 'R-301'
INFO: Weapon 2: 'EVA-3 AUTO' -> 'EVA-8 AUTO'
INFO: 
INFO: >>> Frame 005353
INFO: Player name: '_Gambit_Artyco' -> 'Gambit_Artyco'
INFO: Weapon 1: 'R-301'
INFO: Weapon 2: 'EVA-8 AUTO'
INFO: 
INFO: >>> Frame 005354
INFO: Player name: '_ Gambit_Artyco' -> 'Gambit_Artyco'
INFO: Weapon 1: 'R-301'
INFO: Weapon 2: 'EVA-B AUTO' -> 'EVA-8 AUTO'
INFO: 
INFO: >>> Frame 005355
INFO: Player name: ', Gambit_Artyco' -> 'Gambit_Artyco'
INFO: Weapon 1: 'R-301'
INFO: Weapon 2: 'EVA-8 AUTO'
INFO: 
INFO: >>> Frame 005356
INFO: Player name: '_Gambit_Artyco' -> 'Gambit_Artyco'
INFO: Weapon 1: 'A-30)' -> 'R-301'
INFO: Weapon 2: 'EVA-8 AUTO'
INFO: 
INFO: >>> Frame 005357
INFO: Player name: '_ Gambit_Artyco' -> 'Gambit_Artyco'
INFO: Weapon 1: 'R-301'
INFO: Weapon 2: 'EVA-8 AUTO'
INFO: 
INFO: >>> Frame 005358
INFO: Player name: ', Gambit_Artyco' -> 'Gambit_Artyco'
INFO: Weapon 1: 'R-301'
INFO: Weapon 2: 'EVA-8 AUTO'
INFO: 
INFO: >>> Frame 005359
INFO: Player name: 'HestiaWasTaken'
INFO: Weapon 1: 'WINGMAN'
INFO: Weapon 2: 'MASTIFF'
INFO: 
INFO: >>> Frame 005360
INFO: Player name: 'HestiaWas Taken' -> 'HestiaWasTaken'
INFO: Weapon 1: 'WINGMAN'
INFO: Weapon 2: 'MASTIFF'
INFO: 
INFO: >>> Frame 005361
INFO: Player name: ', HestiaWasTaken' -> 'HestiaWasTaken'
INFO: Weapon 1: 'WINGMAN.' -> 'WINGMAN'
INFO: Weapon 2: 'MASTIFF'
INFO: 
INFO: >>> Frame 005362
INFO: Player name: 'HestiaWasTaken'
INFO: Weapon 1: 'WINGMAN'
INFO: Weapon 2: 'MASTIFF'
INFO: 
INFO: >>> Frame 005363
INFO: Player name: 'HaestiaWasTaken' -> 'HestiaWasTaken'
INFO: Weapon 1: 'WINGMAN'
INFO: Weapon 2: 'MASTIFF'
INFO: 
INFO: >>> Frame 005364
INFO: Player name: 'SabroNNn' -> 'SabroNN'
INFO: Weapon 1: 'DEVOTION'
INFO: Weapon 2: 'EVA-8 AUTO'
INFO: 
INFO: >>> Frame 005365
INFO: Player name: 'SabroNN'
INFO: Weapon 1: 'DEVOTION'
INFO: Weapon 2: 'EVA-B AUTO' -> 'EVA-8 AUTO'
INFO: 
INFO: >>> Frame 005366
INFO: Player name: 'SabroNNn' -> 'SabroNN'
INFO: Weapon 1: 'DEVOTION'
INFO: Weapon 2: 'EVA-8 AUTO'
INFO: 
INFO: >>> Frame 005367
INFO: Player name: 'SabroNn' -> 'SabroNN'
INFO: Weapon 1: 'DEVOTION'
INFO: Weapon 2: 'EVA-8 AUTO'
INFO: 
INFO: >>> Frame 005368
INFO: Player name: 'COOLER _SirDel' -> 'COOLER_SirDel'
INFO: Weapon 1: 'SPITFIRE'
INFO: Weapon 2: 'EVA-8 AUTO'
INFO: 
INFO: >>> Frame 005369
INFO: Player name: 'COOLER SirDel' -> 'COOLER_SirDel'
INFO: Weapon 1: 'SPITFIRE'
INFO: Weapon 2: 'EVA-8 AUTO'
INFO: 
INFO: >>> Frame 005370
INFO: Player name: 'COOLER SirDel' -> 'COOLER_SirDel'
INFO: Weapon 1: 'SPITFIRE'
INFO: Weapon 2: 'EVA-3 AUTO' -> 'EVA-8 AUTO'
INFO: 
INFO: >>> Frame 005371
INFO: Player name: 'COOLER SirDel' -> 'COOLER_SirDel'
INFO: Weapon 1: 'SPITFIRE:' -> 'SPITFIRE'
INFO: Weapon 2: 'EVA-B AUTO' -> 'EVA-8 AUTO'
INFO: 
INFO: >>> Frame 005372
INFO: Player name: 'COOLER _Gnaske' -> 'COOLER_Gnaske'
INFO: Weapon 1: 'SPITFIRE'
INFO: Weapon 2: 'EVA-B AUTO' -> 'EVA-8 AUTO'
INFO: 
INFO: >>> Frame 005373
INFO: Player name: 'COOLER _Gnaske' -> 'COOLER_Gnaske'
INFO: Weapon 1: 'SPITFIRE'
INFO: Weapon 2: 'EVA-8 AUTO'
INFO: 
INFO: >>> Frame 005374
INFO: Player name: 'COOLER _Gnaske' -> 'COOLER_Gnaske'
INFO: Weapon 1: 'SPITFIRE'
INFO: Weapon 2: 'EVA-38 AUTO' -> 'EVA-8 AUTO'
INFO: 
INFO: >>> Frame 005375
INFO: Player name: 'COOLER_Gnaske'
INFO: Weapon 1: 'SPITFIRE'
INFO: Weapon 2: 'EVA-8 AUTO'
INFO: 
INFO: >>> Frame 005376
INFO: Can't find player name end icon
INFO: 
INFO: >>> Frame 005377
INFO: Can't find player name end icon
INFO: 
INFO: >>> Frame 005378
INFO: Player name: 'COOLER _Gnaske' -> 'COOLER_Gnaske'
INFO: Weapon 1: 'SPITFIRE'
INFO: Weapon 2: 'EVA-8 AUTO'
INFO: 
INFO: >>> Frame 005379
INFO: Player name: 'COOLER Gnaske' -> 'COOLER_Gnaske'
INFO: Weapon 1: 'SPITFIRE'
INFO: Weapon 2: 'EVA-B AUTO' -> 'EVA-8 AUTO'
INFO: 
INFO: >>> Frame 005380
INFO: Player name: 'COOLER Yuki' -> 'COOLER_Yuki'
INFO: Weapon 1: 'HAVOC'
INFO: Weapon 2: 'EVA-8 AUTO'
INFO: 
INFO: >>> Frame 005381
INFO: Player name: 'COOLER Yuki' -> 'COOLER_Yuki'
INFO: Weapon 1: 'HAVOC'
INFO: Weapon 2: 'EVA-8 AUTO'
INFO: 
INFO: >>> Frame 005382
INFO: Player name: 'TO _Ruabbe' -> 'TD_Ruabbe'
INFO: Weapon 1: 'G7 SCOUT'
INFO: Weapon 2: 'MASTIFF'
INFO: 
INFO: >>> Frame 005383
INFO: Player name: 'TO _Ruabbe' -> 'TD_Ruabbe'
INFO: Weapon 1: 'G7 SCOUT'
INFO: Weapon 2: 'MASTIFF'
INFO: 
INFO: >>> Frame 005384
INFO: Player name: 'TO_Ruabbe' -> 'TD_Ruabbe'
INFO: Weapon 1: 'G7 SCOUT'
INFO: Weapon 2: 'MASTIFF'
INFO: 
INFO: >>> Frame 005385
INFO: Player name: 'TO_Ruabbe' -> 'TD_Ruabbe'
INFO: Weapon 1: 'G7 SCOUT'
INFO: Weapon 2: 'MASTIFF'
INFO: 
INFO: >>> Frame 005386
INFO: Player name: 'TO_Ruabbe' -> 'TD_Ruabbe'
INFO: Weapon 1: 'G7 SCOUT'
INFO: Weapon 2: 'MASTIFF'
INFO: 
INFO: >>> Frame 005387
INFO: Player name: 'TO_Ruabbe' -> 'TD_Ruabbe'
INFO: Weapon 1: 'G7 SCOUT'
INFO: Weapon 2: 'MASTIFF'
INFO: 
INFO: >>> Frame 005388
INFO: Player name: 'TD_Ruabbe'
INFO: Weapon 1: 'G7 SCOUT'
INFO: Weapon 2: 'MASTIFF'
INFO: 
INFO: >>> Frame 005389
INFO: Player name: 'TO _Ruabbe' -> 'TD_Ruabbe'
INFO: Weapon 1: 'G7 SCOUT'
INFO: Weapon 2: 'MASTIFF'
INFO: 
INFO: >>> Frame 005390
INFO: Can't find player name end icon
INFO: 
INFO: >>> Frame 005391
INFO: Can't find player name end icon
INFO: 
INFO: >>> Frame 005392
INFO: Can't find player name end icon
INFO: 
INFO: >>> Frame 005393
INFO: Can't find player name end icon
INFO: 
INFO: >>> Frame 005394
INFO: Can't find player name end icon
INFO: 
INFO: >>> Frame 005395
INFO: Player name: '_TO_Mimu' -> 'TD_Mimu'
INFO: Weapon 2: 'EVAa-3 AUTO' -> 'EVA-8 AUTO'
INFO: 
INFO: >>> Frame 005396
INFO: Player name: 'TO_Mimu' -> 'TD_Mimu'
INFO: Weapon 1: 'CHARGE RIFL' -> 'CHARGE RIFLE'
INFO: Weapon 2: 'EVA-8 AUTO'
INFO: 
INFO: >>> Frame 005397
INFO: Can't find player name end icon
INFO: 
INFO: >>> Frame 005398
INFO: Can't find player name end icon
INFO: 
INFO: >>> Frame 005399
INFO: Can't find player name end icon
INFO: 
INFO: >>> Frame 005400
INFO: Player name: 'COOLER SirQel' -> 'COOLER_SirDel'
INFO: Weapon 1: 'SPITFIRE'
INFO: Weapon 2: 'EVA-8 AUTO'
INFO: 
INFO: >>> Frame 005401
INFO: Player name: 'COOLER _SirQel' -> 'COOLER_SirDel'
INFO: Weapon 1: 'SPITFIRE'
INFO: Weapon 2: 'EVa-3 AUTO' -> 'EVA-8 AUTO'
INFO: 
INFO: >>> Frame 005402
INFO: Player name: 'COOLER SirDel' -> 'COOLER_SirDel'
INFO: Weapon 1: 'SPITFIRE'
INFO: Weapon 2: 'EVA-38 AUTO' -> 'EVA-8 AUTO'
INFO: 
INFO: >>> Frame 005403
INFO: Player name: 'COOLER SirDel' -> 'COOLER_SirDel'
INFO: Weapon 1: 'SPITFIRE'
INFO: Weapon 2: 'EVA-8 AUTO'
INFO: 
INFO: >>> Frame 005404
INFO: 
INFO: >>> Frame 005405
INFO: 
INFO: >>> Frame 005406
INFO: Player name: 'COOLER SirDel' -> 'COOLER_SirDel'
INFO: 
INFO: >>> Frame 005407
INFO: Player name: 'COOLER SirDel' -> 'COOLER_SirDel'
INFO: Weapon 1: 'SPITFIRE'
INFO: Weapon 2: 'EVA-B AUTO' -> 'EVA-8 AUTO'
INFO: 
INFO: >>> Frame 005408
INFO: Player name: 'COOLER SirOel' -> 'COOLER_SirDel'
INFO: Weapon 1: 'SPITFIRE'
INFO: Weapon 2: 'EVA-8 AUTO'
INFO: 
INFO: >>> Frame 005409
INFO: Player name: 'COOLER SirQel' -> 'COOLER_SirDel'
INFO: Weapon 1: 'SPITFIRE'
INFO: Weapon 2: 'EVA-B AUTO' -> 'EVA-8 AUTO'
INFO: 
INFO: >>> Frame 005410
INFO: Player name: 'COOLER SirDel' -> 'COOLER_SirDel'
INFO: Weapon 1: 'SPITFIRE'
INFO: Weapon 2: 'EVA-B AUTO' -> 'EVA-8 AUTO'
INFO: 
INFO: >>> Frame 005411
INFO: Player name: 'COOLER Sirdel' -> 'COOLER_SirDel'
INFO: Weapon 1: 'SPITFIRE'
INFO: Weapon 2: 'EVA-B AUTO' -> 'EVA-8 AUTO'
INFO: 
INFO: >>> Frame 005412
INFO: Player name: 'COOLER SirDel' -> 'COOLER_SirDel'
INFO: Weapon 1: 'SPITFIRE'
INFO: Weapon 2: 'EVA-B AUTO' -> 'EVA-8 AUTO'
INFO: 
INFO: >>> Frame 005413
INFO: Player name: '“COOLER Sirdel' -> 'COOLER_SirDel'
INFO: Weapon 1: 'SPITFIRE'
INFO: Weapon 2: 'EVa-8 AUTO' -> 'EVA-8 AUTO'
INFO: 
INFO: >>> Frame 005414
INFO: Player name: 'COOLER Sirfel' -> 'COOLER_SirDel'
INFO: Weapon 1: 'SPITFIRE:' -> 'SPITFIRE'
INFO: Weapon 2: 'EVA-8 AUTO'
INFO: 
INFO: >>> Frame 005415
INFO: Player name: 'COOLER SirDel' -> 'COOLER_SirDel'
INFO: Weapon 1: 'SPITFIRE'
INFO: Weapon 2: 'EVA-8 AUTO'
INFO: 
INFO: >>> Frame 005416
INFO: Player name: 'COOLER SirDel' -> 'COOLER_SirDel'
INFO: Weapon 1: 'SPITFIRE'
INFO: Weapon 2: 'EV4-8 AUTO' -> 'EVA-8 AUTO'
INFO: 
INFO: >>> Frame 005417
INFO: Player name: 'COOLER SirDel' -> 'COOLER_SirDel'
INFO: Weapon 1: '‘SPITFIRE' -> 'SPITFIRE'
INFO: Weapon 2: 'EVA-B AUTO' -> 'EVA-8 AUTO'
INFO: 
INFO: >>> Frame 005418
INFO: Player name: 'COOLER SirDel' -> 'COOLER_SirDel'
INFO: Weapon 1: 'SPITFIRE'
INFO: Weapon 2: 'EVA-B AUTO' -> 'EVA-8 AUTO'
INFO: 
INFO: >>> Frame 005419
INFO: Player name: 'COOLER SirQel' -> 'COOLER_SirDel'
INFO: Weapon 1: 'SPITFIRE'
INFO: Weapon 2: 'EVA-8 AUTO'
INFO: 
INFO: >>> Frame 005420
INFO: Player name: 'COOLER SirDel' -> 'COOLER_SirDel'
INFO: Weapon 1: 'SPITFIRE'
INFO: Weapon 2: 'EVA-B AUTO' -> 'EVA-8 AUTO'
INFO: 
INFO: >>> Frame 005421
INFO: Player name: 'COOLER SirDel' -> 'COOLER_SirDel'
INFO: Weapon 1: 'SPITFIRE'
INFO: Weapon 2: 'EV4-8 AUTO' -> 'EVA-8 AUTO'
INFO: 
INFO: >>> Frame 005422
INFO: Player name: 'CDOLER SirDel' -> 'COOLER_SirDel'
INFO: Weapon 1: 'SPITFIRE'
INFO: Weapon 2: 'EVA-B AUTO' -> 'EVA-8 AUTO'
INFO: 
INFO: >>> Frame 005423
INFO: Can't find player name end icon
INFO: 
INFO: >>> Frame 005424
INFO: Can't find player name end icon
INFO: 
INFO: >>> Frame 005425
INFO: Player name: 'COOLER SirDel' -> 'COOLER_SirDel'
INFO: Weapon 1: 'SPITFIRE'
INFO: Weapon 2: 'EVA-8 AUTO'
INFO: 
INFO: >>> Frame 005426
INFO: Player name: 'CDOLER SirDel' -> 'COOLER_SirDel'
INFO: Weapon 1: 'SPITFIRE'
INFO: Weapon 2: 'EVA-B AUTO' -> 'EVA-8 AUTO'
INFO: 
INFO: >>> Frame 005427
INFO: 
INFO: >>> Frame 005428
INFO: Player name: 'NAVI_Kouhia'
INFO: Weapon 1: 'VOLT'
INFO: Weapon 2: 'G7 SCOUT'
INFO: 
INFO: >>> Frame 005429
INFO: Player name: 'NAVI" Kouhia’' -> 'NAVI_Kouhia'
INFO: Weapon 1: 'VOLT'
INFO: Weapon 2: 'G7 SCOUT'
INFO: 
INFO: >>> Frame 005430
INFO: Player name: 'NAVI_Kouhia'
INFO: Weapon 1: 'VOLT'
INFO: Weapon 2: 'G7 SCOUT'
INFO: 
INFO: >>> Frame 005431
INFO: Player name: 'NAVI_Kouhia'
INFO: Weapon 1: 'VOLT'
INFO: Weapon 2: 'G7 SCOUT'
INFO: 
INFO: >>> Frame 005432
INFO: Player name: 'NAVI_Kauhia' -> 'NAVI_Kouhia'
INFO: Weapon 1: 'VOLT'
INFO: Weapon 2: 'G7 SCOUT'
INFO: 
INFO: >>> Frame 005433
INFO: Player name: 'NAVI_Kouhia'
INFO: Weapon 1: 'VOLT'
INFO: Weapon 2: 'G7 SCOUT'
INFO: 
INFO: >>> Frame 005434
INFO: Player name: 'NAVI_Kauhia' -> 'NAVI_Kouhia'
INFO: Weapon 1: 'VOLT'
INFO: Weapon 2: 'G7 SCOUT'
INFO: 
INFO: >>> Frame 005435
INFO: Player name: 'NAVI_Kouhia'
INFO: Weapon 1: 'VOLT'
INFO: Weapon 2: 'G7 SCOUT'
INFO: 
INFO: >>> Frame 005436
INFO: Player name: 'NAVI_Kouhia'
INFO: Weapon 1: 'VOLT'
INFO: Weapon 2: 'G7 SCOUT'
INFO: 
INFO: >>> Frame 005437
INFO: Player name: 'FatM_Pjeh' -> 'FotM_Pjeh'
INFO: Weapon 1: 'TRIPLE TAKE'
INFO: Weapon 2: 'MASTIFF'
INFO: 
INFO: >>> Frame 005438
INFO: Player name: 'FotM_Pjeh'
INFO: Weapon 1: 'TRIPLE TAKE'
INFO: Weapon 2: 'MASTIFF'
INFO: 
INFO: >>> Frame 005439
INFO: Player name: 'FotM_Pjeh'
INFO: Weapon 1: 'TRIPLE TAKE'
INFO: Weapon 2: 'MASTIFF'
INFO: 
INFO: >>> Frame 005440
INFO: Player name: '-FotM _Pjeh' -> 'FotM_Pjeh'
INFO: Weapon 1: 'TRIPLE TAKE'
INFO: Weapon 2: 'MASTIFF'
INFO: 
INFO: >>> Frame 005441
INFO: Player name: 'FotM _Pjeh' -> 'FotM_Pjeh'
INFO: Weapon 1: 'TRIPLE TAKE'
INFO: Weapon 2: 'MASTIFF'
INFO: 
INFO: >>> Frame 005442
INFO: Player name: 'FotM_Pjeh'
INFO: Weapon 1: 'TRIPLE TAKE'
INFO: Weapon 2: 'MASTIFF'
INFO: 
INFO: >>> Frame 005443
INFO: Player name: 'FotM_Pjeh'
INFO: Weapon 1: 'TRIPLE TAKE'
INFO: Weapon 2: 'MASTIFF'
INFO: 
INFO: >>> Frame 005444
INFO: Player name: 'FotM_Pjeh'
INFO: Weapon 1: 'TRIPLE TAKE'
INFO: Weapon 2: 'MASTIFF'
INFO: 
INFO: >>> Frame 005445
INFO: Player name: 'FotM_Pjeh'
INFO: Weapon 1: 'TRIPLE TAKE'
INFO: Weapon 2: 'MASTIFF'
INFO: 
INFO: >>> Frame 005446
INFO: Player name: 'FotM_Pjeh'
INFO: Weapon 1: 'TRIPLE TAKE'
INFO: Weapon 2: 'MASTIFF'
INFO: 
INFO: >>> Frame 005447
INFO: Player name: 'FotM_Pjeh'
INFO: Weapon 1: 'TRIPLE TAKE'
INFO: Weapon 2: 'MASTIFF'
INFO: 
INFO: >>> Frame 005448
INFO: Player name: 'FotM _Pjeh' -> 'FotM_Pjeh'
INFO: Weapon 1: 'TRIPLE TAKE'
INFO: Weapon 2: 'MASTIFF'
INFO: 
INFO: >>> Frame 005449
INFO: Player name: 'FotM_Pjeh'
INFO: Weapon 1: 'TRIPLE TAKE'
INFO: Weapon 2: 'MASTIFF'
INFO: 
INFO: >>> Frame 005450
INFO: Player name: 'FotM_Pjeh'
INFO: Weapon 1: 'TRIPLE TAKE'
INFO: Weapon 2: 'MASTIFF'
INFO: 
INFO: >>> Frame 005451
INFO: Player name: 'FotM_Pjeh'
INFO: Weapon 1: 'TRIPLE TAKE'
INFO: Weapon 2: 'MASTIFF'
INFO: 
INFO: >>> Frame 005452
INFO: Player name: 'FotM_Pjeh'
INFO: Weapon 1: 'TRIPLE TAKE'
INFO: Weapon 2: 'MASTIFF'
INFO: 
INFO: >>> Frame 005453
INFO: Player name: 'FotM_Pjeh'
INFO: Weapon 1: 'TRIPLE TAKE'
INFO: Weapon 2: 'MASTIFF'
INFO: 
INFO: >>> Frame 005454
INFO: 
INFO: >>> Frame 005455
INFO: 
INFO: >>> Frame 005456
INFO: 
INFO: >>> Frame 005457
INFO: 
INFO: >>> Frame 005458
INFO: 
INFO: >>> Frame 005459
INFO: 
INFO: >>> Frame 005460
INFO: 
INFO: >>> Frame 005461
INFO: 
INFO: >>> Frame 005462
INFO: 
INFO: >>> Frame 005463
INFO: 
INFO: >>> Frame 005464
INFO: 
INFO: >>> Frame 005465
INFO: 
INFO: >>> Frame 005466
INFO: 
INFO: >>> Frame 005467
INFO: 
INFO: >>> Frame 005468
INFO: 
INFO: >>> Frame 005469
INFO: 
INFO: >>> Frame 005470
INFO: 
INFO: >>> Frame 005471
INFO: 
INFO: >>> Frame 005472
INFO: 
INFO: >>> Frame 005473
INFO: 
INFO: >>> Frame 005474
INFO: Player name: 'Alliance_Vaifs'
INFO: Weapon 1: 'R-301'
INFO: Weapon 2: 'MASTIFF'
INFO: 
INFO: >>> Frame 005475
INFO: Player name: '_Alliance_Vaifs' -> 'Alliance_Vaifs'
INFO: Weapon 1: 'R-301'
INFO: Weapon 2: 'MASTIFF'
INFO: 
INFO: >>> Frame 005476
INFO: Player name: 'Alliance_Vaits' -> 'Alliance_Vaifs'
INFO: Weapon 1: 'R-301'
INFO: Weapon 2: 'MASTIFF'
INFO: 
INFO: >>> Frame 005477
INFO: Player name: 'Alliance_Vaifs'
INFO: Weapon 1: 'R-301'
INFO: Weapon 2: 'MASTIFF'
INFO: 
INFO: >>> Frame 005478
INFO: Player name: 'Alliance_Vaifs'
INFO: Weapon 1: 'R-401' -> 'R-301'
INFO: Weapon 2: 'MASTIFF'
INFO: 
INFO: >>> Frame 005479
INFO: Player name: 'Alliance_Vaifs'
INFO: Weapon 1: 'R-401' -> 'R-301'
INFO: Weapon 2: 'MASTIFF'
INFO: 
INFO: >>> Frame 005480
INFO: Player name: 'Alliance iPN-kOu' -> 'Alliance_iPN-kOu'
INFO: Weapon 1: 'R-301'
INFO: Weapon 2: 'MASTIFF'
INFO: 
INFO: >>> Frame 005481
INFO: Player name: 'Alliance iPN-kOu' -> 'Alliance_iPN-kOu'
INFO: Weapon 1: 'R-301'
INFO: Weapon 2: 'MASTIFF'
INFO: 
INFO: >>> Frame 005482
INFO: Player name: 'Alliance_iPN-kOu'
INFO: Weapon 1: 'TRIPLE TAKE'
INFO: Weapon 2: 'EVA-8 AUTO'
INFO: 
INFO: >>> Frame 005483
INFO: Player name: 'Alltiance_iPN-kOu' -> 'Alliance_iPN-kOu'
INFO: Weapon 1: 'TRIPLE TAKE'
INFO: Weapon 2: 'EVA-3 AUTO' -> 'EVA-8 AUTO'
INFO: 
INFO: >>> Frame 005484
INFO: Player name: 'Alliance_iPN-kQu' -> 'Alliance_iPN-kOu'
INFO: Weapon 1: 'TRIPLE TAKE'
INFO: Weapon 2: 'EVA-3 AUTO' -> 'EVA-8 AUTO'
INFO: 
INFO: >>> Frame 005485
INFO: Player name: 'Alliance _iPN-kOu' -> 'Alliance_iPN-kOu'
INFO: Weapon 1: 'TRIPLE TAKE'
INFO: Weapon 2: 'EVA-B AUTO' -> 'EVA-8 AUTO'
INFO: 
INFO: >>> Frame 005486
INFO: Player name: 'Alliance_iPN-kOu'
INFO: Weapon 1: 'TRIPLE TAKE'
INFO: Weapon 2: 'EVA-B AUTO' -> 'EVA-8 AUTO'
INFO: 
INFO: >>> Frame 005487
INFO: Player name: 'Alliance iPN-kOu' -> 'Alliance_iPN-kOu'
INFO: Weapon 1: 'TRIPLE TAKE'
INFO: Weapon 2: 'EVA-B AUTO' -> 'EVA-8 AUTO'
INFO: 
INFO: >>> Frame 005488
INFO: Player name: 'Alliance_iPN-kOu'
INFO: Weapon 1: 'TRIPLE TAKE'
INFO: Weapon 2: 'EVA-8 AUTO'
INFO: 
INFO: >>> Frame 005489
INFO: Player name: 'Alliance_iPN-kOu'
INFO: Weapon 1: 'TRIPLE TAKE'
INFO: Weapon 2: 'EVA-8 AUTO'
INFO: 
INFO: >>> Frame 005490
INFO: Player name: 'Alliance_IPN-kOu' -> 'Alliance_iPN-kOu'
INFO: Weapon 1: 'TRIPLE TAKE'
INFO: Weapon 2: 'EVA-8 AUTO'
INFO: 
INFO: >>> Frame 005491
INFO: Player name: 'Alliance iPN-kOu' -> 'Alliance_iPN-kOu'
INFO: Weapon 1: 'TRIPLE TAKE'
INFO: Weapon 2: 'EVA-8 AUTO'
INFO: 
INFO: >>> Frame 005492
INFO: Player name: 'MicroFiberz'
INFO: Weapon 1: 'CHARGE RIFLE'
INFO: Weapon 2: 'ALTERNATOR'
INFO: 
INFO: >>> Frame 005493
INFO: Player name: 'MicroFiberz'
INFO: Weapon 1: 'CHARGE RIFLE'
INFO: Weapon 2: 'ALTERNATOR'
INFO: 
INFO: >>> Frame 005494
INFO: Player name: 'MicroFiberz'
INFO: Weapon 1: 'CHARGE RIFLE'
INFO: Weapon 2: 'ALTERNATOR'
INFO: 
INFO: >>> Frame 005495
INFO: Player name: 'Atrosty3'
INFO: Weapon 1: 'VOLT'
INFO: Weapon 2: 'WINGMAN'
INFO: 
INFO: >>> Frame 005496
INFO: 
INFO: >>> Frame 005497
INFO: Player name: 'MicroFiberz'
INFO: Weapon 1: 'CHARGE RIFLE'
INFO: Weapon 2: 'ALTERNATOR'
INFO: 
INFO: >>> Frame 005498
INFO: 
INFO: >>> Frame 005499
INFO: Player name: 'Atrosty3'
INFO: Weapon 1: 'VOLT'
INFO: Weapon 2: 'WINGMAN'
INFO: 
INFO: >>> Frame 005500
INFO: Can't find player name end icon
INFO: 
INFO: >>> Frame 005501
INFO: Can't find player name end icon
INFO: 
INFO: >>> Frame 005502
INFO: Player name: 'PatEmre' -> 'PatEmra'
INFO: Weapon 1: 'FLATLINE'
INFO: Weapon 2: 'EVA-8 AUTO'
INFO: 
INFO: >>> Frame 005503
INFO: Player name: 'PatEmre' -> 'PatEmra'
INFO: Weapon 1: 'FLATLINE'
INFO: Weapon 2: 'EVA-8 AUTO'
INFO: 
INFO: >>> Frame 005504
INFO: 
INFO: >>> Frame 005505
INFO: Player name: 'FotM_Taylor'
INFO: Weapon 1: 'R-301'
INFO: Weapon 2: 'FLATLINE'
INFO: 
INFO: >>> Frame 005506
INFO: Player name: 'FotMulaylor' -> 'FotM_Taylor'
INFO: Weapon 1: 'R-301'
INFO: Weapon 2: 'FLATLINE'
INFO: 
INFO: >>> Frame 005507
INFO: Player name: 'FotM_Taylor'
INFO: Weapon 1: 'R-30' -> 'R-301'
INFO: Weapon 2: 'FLATLINE'
INFO: 
INFO: >>> Frame 005508
INFO: Player name: 'FotM_Taylor'
INFO: Weapon 1: 'R-301'
INFO: Weapon 2: 'FLATLINE'
INFO: 
INFO: >>> Frame 005509
INFO: Player name: 'FotM_Taylor'
INFO: Weapon 1: 'R-301'
INFO: Weapon 2: 'FLATLINE'
INFO: 
INFO: >>> Frame 005510
INFO: Player name: 'FotM Taylor' -> 'FotM_Taylor'
INFO: Weapon 1: 'R-301'
INFO: Weapon 2: 'FLATLINE'
INFO: 
INFO: >>> Frame 005511
INFO: Player name: 'FotM_Taylor'
INFO: Weapon 1: 'R-301'
INFO: Weapon 2: 'FLATLINE'
INFO: 
INFO: >>> Frame 005512
INFO: Player name: '-TTM_ShRP' -> 'TTM_ShRP'
INFO: Weapon 1: 'CHARGE RIFL' -> 'CHARGE RIFLE'
INFO: Weapon 2: 'MASTIFF'
INFO: 
INFO: >>> Frame 005513
INFO: Player name: '-TTM_ShRP' -> 'TTM_ShRP'
INFO: Weapon 1: 'a\n\nCHARGE RIFL' -> 'CHARGE RIFLE'
INFO: Weapon 2: 'MASTIFF'
INFO: 
INFO: >>> Frame 005514
INFO: Player name: '-TTM_ShRP' -> 'TTM_ShRP'
INFO: Weapon 1: 'CHARGE RIFL' -> 'CHARGE RIFLE'
INFO: Weapon 2: 'MASTIFF'
INFO: 
INFO: >>> Frame 005515
INFO: Player name: 'TTM_ShRP'
INFO: Weapon 1: 'CHARGE RIFL' -> 'CHARGE RIFLE'
INFO: Weapon 2: 'MASTIFF'
INFO: 
INFO: >>> Frame 005516
INFO: Player name: 'TTM_ShRP'
INFO: Weapon 1: 'CHARGE RIFL' -> 'CHARGE RIFLE'
INFO: Weapon 2: 'MASTIFF'
INFO: 
INFO: >>> Frame 005517
INFO: Player name: 'TTM_Amaazz'
INFO: Weapon 1: 'R-301'
INFO: Weapon 2: 'EVA-B AUTO' -> 'EVA-8 AUTO'
INFO: 
INFO: >>> Frame 005518
INFO: Player name: 'TTM_Amaazz'
INFO: Weapon 1: 'R-401' -> 'R-301'
INFO: Weapon 2: 'EVA-B8 AUTO' -> 'EVA-8 AUTO'
INFO: 
INFO: >>> Frame 005519
INFO: Player name: 'TTM_Amaazz'
INFO: Weapon 1: 'R-301'
INFO: Weapon 2: 'EVA-8 AUTO'
INFO: 
INFO: >>> Frame 005520
INFO: Player name: 'TTM_Amaazz'
INFO: Weapon 1: 'R-301'
INFO: Weapon 2: 'EVA-B AUTO' -> 'EVA-8 AUTO'
INFO: 
INFO: >>> Frame 005521
INFO: Player name: 'TTM_Amaazz'
INFO: Weapon 1: 'R-301'
INFO: Weapon 2: 'EVA-38 AUTO' -> 'EVA-8 AUTO'
INFO: 
INFO: >>> Frame 005522
INFO: Player name: 'TTM_Amaazz'
INFO: Weapon 1: 'R-301'
INFO: Weapon 2: 'EVA-38 AUTO' -> 'EVA-8 AUTO'
INFO: 
INFO: >>> Frame 005523
INFO: Player name: 'TTM_Amaazz'
INFO: Weapon 1: 'R-301'
INFO: Weapon 2: 'EVA-B AUTO' -> 'EVA-8 AUTO'
INFO: 
INFO: >>> Frame 005524
INFO: Player name: 'TTM_ShAP' -> 'TTM_ShRP'
INFO: Weapon 1: 'CHARGE RIFLI' -> 'CHARGE RIFLE'
INFO: Weapon 2: 'MASTIFF'
INFO: 
INFO: >>> Frame 005525
INFO: Player name: '-TTM_ShAP' -> 'TTM_ShRP'
INFO: Weapon 1: 'CHARGE RIFL' -> 'CHARGE RIFLE'
INFO: Weapon 2: 'MASTIFF'
INFO: 
INFO: >>> Frame 005526
INFO: Player name: '_TTM_ShRP' -> 'TTM_ShRP'
INFO: Weapon 1: 'CHARGE RIFL' -> 'CHARGE RIFLE'
INFO: Weapon 2: 'MASTIFF'
INFO: 
INFO: >>> Frame 005527
INFO: Can't find player name end icon
INFO: 
INFO: >>> Frame 005528
INFO: Can't find player name end icon
INFO: 
INFO: >>> Frame 005529
INFO: Player name: 'TTM_ShRP'
INFO: Weapon 1: 'CHARGE RIFL' -> 'CHARGE RIFLE'
INFO: Weapon 2: 'MASTIFF'
INFO: 
INFO: >>> Frame 005530
INFO: Player name: '_TTM_ShRP' -> 'TTM_ShRP'
INFO: Weapon 1: 'CHARGE RIFLI' -> 'CHARGE RIFLE'
INFO: Weapon 2: 'MASTIFF'
INFO: 
INFO: >>> Frame 005531
INFO: Player name: '-TTM_ShAP' -> 'TTM_ShRP'
INFO: Weapon 1: 'CHARGE RIFL' -> 'CHARGE RIFLE'
INFO: Weapon 2: 'MASTIFF'
INFO: 
INFO: >>> Frame 005532
INFO: Player name: 'TTM_ShRe' -> 'TTM_ShRP'
INFO: Weapon 1: 'CHARGE RIFL' -> 'CHARGE RIFLE'
INFO: Weapon 2: 'MASTIFF'
INFO: 
INFO: >>> Frame 005533
INFO: Player name: '_TTM_ShAP' -> 'TTM_ShRP'
INFO: Weapon 1: 'CHARGE RIFL' -> 'CHARGE RIFLE'
INFO: Weapon 2: 'MASTIFF'
INFO: 
INFO: >>> Frame 005534
INFO: Player name: '-TTM_ShRP' -> 'TTM_ShRP'
INFO: Weapon 1: 'CHARGE RIFLI' -> 'CHARGE RIFLE'
INFO: Weapon 2: 'MASTIFF'
INFO: 
INFO: >>> Frame 005535
INFO: Player name: '_TTM_ShRP' -> 'TTM_ShRP'
INFO: Weapon 1: 'CHARGE RIFLI' -> 'CHARGE RIFLE'
INFO: Weapon 2: 'MASTIFF'
INFO: 
INFO: >>> Frame 005536
INFO: Player name: '_TTM_ShRP' -> 'TTM_ShRP'
INFO: Weapon 1: 'CHARGE RIFLI' -> 'CHARGE RIFLE'
INFO: Weapon 2: 'MASTIFF'
INFO: 
INFO: >>> Frame 005537
INFO: Player name: '-TTM_ShAP' -> 'TTM_ShRP'
INFO: Weapon 1: 'CHARGE RIFL' -> 'CHARGE RIFLE'
INFO: Weapon 2: 'MASTIFF'
INFO: 
INFO: >>> Frame 005538
INFO: Player name: '-TTM_ShRP' -> 'TTM_ShRP'
INFO: Weapon 1: 'CHARGE RIFL' -> 'CHARGE RIFLE'
INFO: Weapon 2: 'MASTIFF'
INFO: 
INFO: >>> Frame 005539
INFO: Player name: 'TTM_ShRe' -> 'TTM_ShRP'
INFO: Weapon 1: 'CHARGE RIFL!' -> 'CHARGE RIFLE'
INFO: Weapon 2: 'MASTIFF'
INFO: 
INFO: >>> Frame 005540
INFO: Player name: '_TTM_ShaP' -> 'TTM_ShRP'
INFO: Weapon 1: 'CHARGE RIFLI' -> 'CHARGE RIFLE'
INFO: Weapon 2: 'MASTIFF'
INFO: 
INFO: >>> Frame 005541
INFO: Player name: '-TTM_ShRP' -> 'TTM_ShRP'
INFO: Weapon 1: 'CHARGE RIFLI' -> 'CHARGE RIFLE'
INFO: Weapon 2: 'MASTIFF'
INFO: 
INFO: >>> Frame 005542
INFO: Player name: 'TTM_ShRP'
INFO: Weapon 1: 'CHARGE RIFL' -> 'CHARGE RIFLE'
INFO: Weapon 2: 'MASTIFF'
INFO: 
INFO: >>> Frame 005543
INFO: Player name: 'TTM_ShRP'
INFO: Weapon 1: 'CHARGE RIFLI' -> 'CHARGE RIFLE'
INFO: Weapon 2: 'MASTIFF'
INFO: 
INFO: >>> Frame 005544
INFO: Player name: '-TTM_ShRP' -> 'TTM_ShRP'
INFO: Weapon 1: 'CHARGE RIFL' -> 'CHARGE RIFLE'
INFO: Weapon 2: 'MASTIFF'
INFO: 
INFO: >>> Frame 005545
INFO: Player name: '-TTM_ShRP' -> 'TTM_ShRP'
INFO: Weapon 1: 'CHARGE RIFL!' -> 'CHARGE RIFLE'
INFO: Weapon 2: 'MASTIFF'
INFO: 
INFO: >>> Frame 005546
INFO: Player name: 'TTM_ShAP' -> 'TTM_ShRP'
INFO: Weapon 1: 'CHARGE RIFL' -> 'CHARGE RIFLE'
INFO: Weapon 2: 'MASTIFF'
INFO: 
INFO: >>> Frame 005547
INFO: Player name: 'TTM_ShAP' -> 'TTM_ShRP'
INFO: Weapon 1: 'CHARGE RIFLI' -> 'CHARGE RIFLE'
INFO: Weapon 2: 'MASTIFF'
INFO: 
INFO: >>> Frame 005548
INFO: Player name: 'TTM_Amaazz'
INFO: Weapon 1: 'R-301'
INFO: Weapon 2: 'EVA-8 AUTO'
INFO: 
INFO: >>> Frame 005549
INFO: Player name: 'TTM_Amaazz'
INFO: Weapon 1: 'R-301.' -> 'R-301'
INFO: Weapon 2: 'EVA-8 AUTO'
INFO: 
INFO: >>> Frame 005550
INFO: Player name: 'TTM_Amaazz'
INFO: Weapon 1: 'R-40)' -> 'R-301'
INFO: Weapon 2: 'EVA-6 AUTO' -> 'EVA-8 AUTO'
INFO: 
INFO: >>> Frame 005551
INFO: Player name: '-TTM_Amaazz' -> 'TTM_Amaazz'
INFO: Weapon 1: 'R-301'
INFO: Weapon 2: 'EVA-8 AUTO'
INFO: 
INFO: >>> Frame 005552
INFO: Player name: 'TTM_Amaazz'
INFO: Weapon 1: 'R-301'
INFO: Weapon 2: 'EVA-8 AUTO'
INFO: 
INFO: >>> Frame 005553
INFO: Player name: 'TTM_Amaazz'
INFO: Weapon 1: 'R-301'
INFO: Weapon 2: 'EVA-38 AUTO' -> 'EVA-8 AUTO'
INFO: 
INFO: >>> Frame 005554
INFO: Player name: 'TTM_Amaazz'
INFO: Weapon 1: 'R-301'
INFO: Weapon 2: 'EVA-B AUTO' -> 'EVA-8 AUTO'
INFO: 
INFO: >>> Frame 005555
INFO: Player name: 'TTM_Amaazz'
INFO: Weapon 1: 'R-301'
INFO: Weapon 2: 'EVA-8 AUTO'
INFO: 
INFO: >>> Frame 005556
INFO: Can't find player name end icon
INFO: 
INFO: >>> Frame 005557
INFO: Can't find player name end icon
INFO: 
INFO: >>> Frame 005558
INFO: Can't find player name end icon
INFO: 
INFO: >>> Frame 005559
INFO: Player name: 'Ti MzAmaazz' -> 'TTM_Amaazz'
INFO: Weapon 1: 'R-301'
INFO: Weapon 2: 'EVA-8 AUTO'
INFO: 
INFO: >>> Frame 005560
INFO: Player name: '“TTM _Amaazz' -> 'TTM_Amaazz'
INFO: Weapon 1: 'R-301'
INFO: Weapon 2: 'EVA-38 AUTO' -> 'EVA-8 AUTO'
INFO: 
INFO: >>> Frame 005561
INFO: Player name: 'TTM_Amaazz'
INFO: Weapon 1: 'R-401' -> 'R-301'
INFO: Weapon 2: 'EVA-8 AUTO'
INFO: 
INFO: >>> Frame 005562
INFO: Player name: 'TTM_JSavageW'
INFO: Weapon 1: 'G7 SCOUT'
INFO: Weapon 2: 'EVA-38 AUTO' -> 'EVA-8 AUTO'
INFO: 
INFO: >>> Frame 005563
INFO: Player name: 'TTM_JSavageW'
INFO: Weapon 2: 'EVA-8 AUTO'
INFO: 
INFO: >>> Frame 005564
INFO: Player name: 'TTM_JSavagew' -> 'TTM_JSavageW'
INFO: Weapon 1: 'G7 SCOUT'
INFO: Weapon 2: 'EVA-B AUTO' -> 'EVA-8 AUTO'
INFO: 
INFO: >>> Frame 005565
INFO: Player name: '-TTM_ShAP' -> 'TTM_ShRP'
INFO: Weapon 1: 'CHARGE RIFLI' -> 'CHARGE RIFLE'
INFO: Weapon 2: 'MASTIFF'
INFO: 
INFO: >>> Frame 005566
INFO: Player name: '-TTM_ShRP' -> 'TTM_ShRP'
INFO: Weapon 1: 'CHARGE RIFLI' -> 'CHARGE RIFLE'
INFO: Weapon 2: 'MASTIFF'
INFO: 
INFO: >>> Frame 005567
INFO: Unknown player: '"EL\n\nol' (best guess: 'Legitlolly', 0.80)
INFO: 
INFO: >>> Frame 005568
INFO: Can't find player name end icon
INFO: 
INFO: >>> Frame 005569
INFO: Can't find player name end icon
INFO: 
INFO: >>> Frame 005570
INFO: Can't find player name end icon
INFO: 
INFO: >>> Frame 005571
INFO: Can't find player name end icon
INFO: 
INFO: >>> Frame 005572
INFO: Player name: 'TIMJSavagew.' -> 'TTM_JSavageW'
INFO: Weapon 1: 'G7 SCOUT'
INFO: Weapon 2: 'EVA-8 AUTO'
INFO: 
INFO: >>> Frame 005573
INFO: Player name: 'TIM _JSavageW' -> 'TTM_JSavageW'
INFO: Weapon 1: 'G7 SCOUT'
INFO: Weapon 2: 'EVA-B AUTO' -> 'EVA-8 AUTO'
INFO: 
INFO: >>> Frame 005574
INFO: Player name: 'TIM JSavagew' -> 'TTM_JSavageW'
INFO: Weapon 1: 'G7 SCOUT'
INFO: Weapon 2: 'EVA-B AUTO' -> 'EVA-8 AUTO'
INFO: 
INFO: >>> Frame 005575
INFO: Can't find player name end icon
INFO: 
INFO: >>> Frame 005576
INFO: Player name: 'TIM.JSavageW' -> 'TTM_JSavageW'
INFO: Weapon 1: 'G7 SCOUT'
INFO: Weapon 2: 'EVA-8 AUTO'
INFO: 
INFO: >>> Frame 005577
INFO: Player name: '“TIM Amaaze' -> 'TTM_Amaazz'
INFO: 
INFO: >>> Frame 005578
INFO: Player name: 'TTM_Amaazz'
INFO: 
INFO: >>> Frame 005579
INFO: Player name: 'TTM Amaazz' -> 'TTM_Amaazz'
INFO: 
INFO: >>> Frame 005580
INFO: Player name: '“TTM_Amaazz' -> 'TTM_Amaazz'
INFO: 
INFO: >>> Frame 005581
INFO: Player name: 'TTM_Amaazz'
INFO: Weapon 1: 'A-301' -> 'R-301'
INFO: Weapon 2: 'EVA-8 ALTO' -> 'EVA-8 AUTO'
INFO: 
INFO: >>> Frame 005582
INFO: Player name: 'TTM_Amaazz'
INFO: Weapon 1: 'R-401' -> 'R-301'
INFO: Weapon 2: 'EVA-8 AUTO'
INFO: 
INFO: >>> Frame 005583
INFO: Can't find player name end icon
INFO: 
INFO: >>> Frame 005584
INFO: 
INFO: >>> Frame 005585
INFO: Can't find player name end icon
INFO: 
INFO: >>> Frame 005586
INFO: Can't find player name end icon
INFO: 
INFO: >>> Frame 005587
INFO: Can't find player name end icon
INFO: 
INFO: >>> Frame 005588
INFO: Can't find player name end icon
INFO: 
INFO: >>> Frame 005589
INFO: Player name: 'FotM Taylor' -> 'FotM_Taylor'
INFO: Weapon 1: 'R-301'
INFO: Weapon 2: 'MASTIFF'
INFO: 
INFO: >>> Frame 005590
INFO: Player name: 'FotM_Taylor'
INFO: Weapon 1: 'R-301'
INFO: Weapon 2: 'EVA-8 AUTO'
INFO: 
INFO: >>> Frame 005591
INFO: Player name: 'FotM Taylor' -> 'FotM_Taylor'
INFO: Weapon 1: 'R-301'
INFO: Weapon 2: 'EVA-8 AUTO'
INFO: 
INFO: >>> Frame 005592
INFO: Player name: 'FotM_Taylor'
INFO: Weapon 1: 'R-301'
INFO: Weapon 2: 'EVA-8 AUTO'
INFO: 
INFO: >>> Frame 005593
INFO: Player name: 'FotM Taylor' -> 'FotM_Taylor'
INFO: Weapon 1: 'R-301'
INFO: Weapon 2: 'EVA-38 AUTO' -> 'EVA-8 AUTO'
INFO: 
INFO: >>> Frame 005594
INFO: Player name: 'FotM Taylor' -> 'FotM_Taylor'
INFO: Weapon 1: 'R-301'
INFO: Weapon 2: 'EVA-8 AUTO'
INFO: 
INFO: >>> Frame 005595
INFO: Player name: 'FotM_Taylor'
INFO: Weapon 1: 'R-301'
INFO: Weapon 2: 'EVA-3 AUTO' -> 'EVA-8 AUTO'
INFO: 
INFO: >>> Frame 005596
INFO: Player name: 'FotM Taylor' -> 'FotM_Taylor'
INFO: Weapon 1: 'R-301'
INFO: Weapon 2: 'EVA-8 AUTO'
INFO: 
INFO: >>> Frame 005597
INFO: 
INFO: >>> Frame 005598
INFO: Player name: 'FotM Taylor' -> 'FotM_Taylor'
INFO: Weapon 1: 'R-401' -> 'R-301'
INFO: Weapon 2: 'EVA-8 AUTO'
INFO: 
INFO: >>> Frame 005599
INFO: Player name: 'FotM Taylor' -> 'FotM_Taylor'
INFO: Weapon 1: 'R-30)' -> 'R-301'
INFO: Weapon 2: 'EVA-6 AUTO' -> 'EVA-8 AUTO'
INFO: 
INFO: >>> Frame 005600
INFO: Player name: 'FotM_Taylor'
INFO: Weapon 1: 'R-401' -> 'R-301'
INFO: Weapon 2: 'EVA-3 AUTO' -> 'EVA-8 AUTO'
INFO: 
INFO: >>> Frame 005601
INFO: Player name: 'FotM_Taylor'
INFO: Weapon 1: 'R-301'
INFO: Weapon 2: 'EVA-8 AUTO'
INFO: 
INFO: >>> Frame 005602
INFO: Player name: 'FotM Taylor' -> 'FotM_Taylor'
INFO: Weapon 1: 'R-301'
INFO: Weapon 2: 'EVA-8 AUTO'
INFO: 
INFO: >>> Frame 005603
INFO: Can't find player name end icon
INFO: 
INFO: >>> Frame 005604
INFO: Can't find player name end icon
INFO: 
INFO: >>> Frame 005605
INFO: Can't find player name end icon
INFO: 
INFO: >>> Frame 005606
INFO: Can't find player name end icon
INFO: 
INFO: >>> Frame 005607
INFO: 
INFO: >>> Frame 005608
INFO: Player name: 'row'
INFO: Weapon 1: 'G7 SCOUT'
INFO: Weapon 2: 'EVA-8 AUTO'
INFO: 
INFO: >>> Frame 005609
INFO: Player name: 'row'
INFO: Weapon 1: 'G7 SCOUT'
INFO: Weapon 2: 'EVA-8 AUTO'
INFO: 
INFO: >>> Frame 005610
INFO: Can't find player name end icon
INFO: 
INFO: >>> Frame 005611
INFO: Can't find player name end icon
INFO: 
INFO: >>> Frame 005612
INFO: Can't find player name end icon
INFO: 
INFO: >>> Frame 005613
INFO: 
INFO: >>> Frame 005614
INFO: 
INFO: >>> Frame 005615
INFO: Player name: 'row'
INFO: Weapon 1: 'G7 SCOUT'
INFO: Weapon 2: 'EVA-B8 AUTO' -> 'EVA-8 AUTO'
INFO: 
INFO: >>> Frame 005616
INFO: Player name: 'row'
INFO: Weapon 1: 'G7 SCOUT'
INFO: Weapon 2: 'EVA-8 AUTO'
INFO: 
INFO: >>> Frame 005617
INFO: Player name: 'row'
INFO: Weapon 1: 'G7 SCOUT'
INFO: Weapon 2: 'EVA-8 AUTO'
INFO: 
INFO: >>> Frame 005618
INFO: 
INFO: >>> Frame 005619
INFO: Player name: 'row\n:' -> 'row'
INFO: Weapon 1: 'G7 SCOUT'
INFO: Weapon 2: 'EVA-8 AUTO'
INFO: 
INFO: >>> Frame 005620
INFO: 
INFO: >>> Frame 005621
INFO: 
INFO: >>> Frame 005622
INFO: Player name: 'SZ_rpr'
INFO: Weapon 1: 'SPITFIRE'
INFO: Weapon 2: 'MASTIFF'
INFO: 
INFO: >>> Frame 005623
INFO: Player name: 'SZ_rpr'
INFO: Weapon 1: 'SPITFIRE'
INFO: Weapon 2: 'MASTIFF'
INFO: 
INFO: >>> Frame 005624
INFO: Player name: 'SZ_rpr'
INFO: Weapon 1: 'SPITFIRE'
INFO: Weapon 2: 'MASTIFF'
INFO: 
INFO: >>> Frame 005625
INFO: Unknown player: '‘SZFpr' (best guess: 'SZ_rpr', 0.50)
INFO: 
INFO: >>> Frame 005626
INFO: Player name: 'SZ_rpr'
INFO: Weapon 1: 'SPITFIRE'
INFO: Weapon 2: 'MASTIFF'
INFO: 
INFO: >>> Frame 005627
INFO: Player name: 'SZ_rpr'
INFO: Weapon 1: 'SPITFIRE'
INFO: Weapon 2: 'MASTIFF'
INFO: 
INFO: >>> Frame 005628
INFO: Player name: '-SZ_Mande' -> 'SZ_Mande'
INFO: Weapon 1: 'R-99'
INFO: Weapon 2: 'MASTIFF'
INFO: 
INFO: >>> Frame 005629
INFO: Player name: 'SZ Ma nde' -> 'SZ_Mande'
INFO: Weapon 2: 'MASTIFF'
INFO: 
INFO: >>> Frame 005630
INFO: Player name: '_52Z_Mande' -> 'SZ_Mande'
INFO: Weapon 2: 'MASTIFF'
INFO: 
INFO: >>> Frame 005631
INFO: Player name: '“FotM _nothFPS' -> 'FotM_nothFPS'
INFO: Weapon 1: 'EVA-8 AUTO'
INFO: Weapon 2: 'R-301'
INFO: 
INFO: >>> Frame 005632
INFO: Player name: 'FotM_pothFRS' -> 'FotM_nothFPS'
INFO: Weapon 1: 'EVA-9 AUTO' -> 'EVA-8 AUTO'
INFO: 
INFO: >>> Frame 005633
INFO: Player name: 'FotM_nothFPS'
INFO: Weapon 1: 'EVA-8 AUTO'
INFO: Weapon 2: 'R-301'
INFO: 
INFO: >>> Frame 005634
INFO: Player name: 'FotM_nothFPS'
INFO: Weapon 1: 'EVA-8 AUTO'
INFO: Weapon 2: 'R-301'
INFO: 
INFO: >>> Frame 005635
INFO: Player name: 'FotM_nothFPS'
INFO: Weapon 1: 'EVA-8 AUTO'
INFO: Weapon 2: 'R-301'
INFO: 
INFO: >>> Frame 005636
INFO: Player name: 'FotM_nothFPS'
INFO: Weapon 1: 'EVA-8 AUTO'
INFO: Weapon 2: 'R-301'
INFO: 
INFO: >>> Frame 005637
INFO: 
INFO: >>> Frame 005638
INFO: Player name: 'FotM Taylor' -> 'FotM_Taylor'
INFO: Weapon 2: 'EY¥a-8 AUTO' -> 'EVA-8 AUTO'
INFO: 
INFO: >>> Frame 005639
INFO: Player name: 'FotM_Taylor'
INFO: Weapon 1: 'R-301'
INFO: Weapon 2: 'EVA-8 AUTO'
INFO: 
INFO: >>> Frame 005640
INFO: Player name: 'FotM_Taylor'
INFO: Weapon 1: 'R-301'
INFO: Weapon 2: 'EVA-38 AUTO' -> 'EVA-8 AUTO'
INFO: 
INFO: >>> Frame 005641
INFO: Player name: 'FotM_Taylor'
INFO: Weapon 1: 'R-301'
INFO: Weapon 2: 'EVA-B AUTO' -> 'EVA-8 AUTO'
INFO: 
INFO: >>> Frame 005642
INFO: Player name: 'FotM_Taylor'
INFO: Weapon 1: 'R-301'
INFO: Weapon 2: 'EVA4-8 AUTO' -> 'EVA-8 AUTO'
INFO: 
INFO: >>> Frame 005643
INFO: Player name: 'FotM Taylor' -> 'FotM_Taylor'
INFO: Weapon 1: 'R-301'
INFO: Weapon 2: 'EVA-8 AUTO'
INFO: 
INFO: >>> Frame 005644
INFO: Can't find player name end icon
INFO: 
INFO: >>> Frame 005645
INFO: Can't find player name end icon
INFO: 
INFO: >>> Frame 005646
INFO: Player name: '503_PYRADICE' -> '303_PYRADICE'
INFO: Weapon 1: 'FLATLINE'
INFO: Weapon 2: 'MASTIFF'
INFO: 
INFO: >>> Frame 005647
INFO: Player name: '303_PYRADICE'
INFO: Weapon 1: 'FLATLINE'
INFO: Weapon 2: 'MASTIFF'
INFO: 
INFO: >>> Frame 005648
INFO: Can't find player name end icon
INFO: 
INFO: >>> Frame 005649
INFO: Player name: '"303: PYRADICE' -> '303_PYRADICE'
INFO: Weapon 1: 'FLATLINE'
INFO: 
INFO: >>> Frame 005650
INFO: Player name: '303_PYRADICE'
INFO: Weapon 1: 'FLATLINE'
INFO: Weapon 2: 'MASTIFF'
INFO: 
INFO: >>> Frame 005651
INFO: Player name: '303_PYRADICE'
INFO: Weapon 1: 'FLATLINE'
INFO: Weapon 2: 'MASTIFF'
INFO: 
INFO: >>> Frame 005652
INFO: Player name: '303_PYRADICE'
INFO: Weapon 1: 'FLATLINE'
INFO: Weapon 2: 'MASTIFF'
INFO: 
INFO: >>> Frame 005653
INFO: Player name: '303_PYRADICE'
INFO: Weapon 1: 'FLATLINE'
INFO: Weapon 2: 'MASTIFF'
INFO: 
INFO: >>> Frame 005654
INFO: Can't find player name end icon
INFO: 
INFO: >>> Frame 005655
INFO: Can't find player name end icon
INFO: 
INFO: >>> Frame 005656
INFO: Can't find player name end icon
INFO: 
INFO: >>> Frame 005657
INFO: Player name: '_Ti_SallonG' -> 'TI_BallonG'
INFO: Weapon 1: 'EVA-8 AUTO'
INFO: 
INFO: >>> Frame 005658
INFO: Player name: 'TI BalionG' -> 'TI_BallonG'
INFO: Weapon 1: 'EVA-BAUTO' -> 'EVA-8 AUTO'
INFO: Weapon 2: 'R-301'
INFO: 
INFO: >>> Frame 005659
INFO: Player name: '_TLBallonG' -> 'TI_BallonG'
INFO: Weapon 1: 'EVA-8 AUTO'
INFO: Weapon 2: 'R-301'
INFO: 
INFO: >>> Frame 005660
INFO: Player name: 'TIBallonG' -> 'TI_BallonG'
INFO: Weapon 1: 'EVA-8 AUTO'
INFO: Weapon 2: 'R-301'
INFO: 
INFO: >>> Frame 005661
INFO: Player name: 'TIaikii' -> 'TI_zikii'
INFO: Weapon 1: 'R-99'
INFO: Weapon 2: 'EVA-8 AUTO'
INFO: 
INFO: >>> Frame 005662
INFO: Player name: 'Ti jaazzaz' -> 'TI_jaazzaz'
INFO: Weapon 1: 'FLATLINE'
INFO: Weapon 2: 'EVA-38 AUTO' -> 'EVA-8 AUTO'
INFO: 
INFO: >>> Frame 005663
INFO: Player name: 'Tl jaazzaz' -> 'TI_jaazzaz'
INFO: Weapon 2: 'EVA-B AUTO' -> 'EVA-8 AUTO'
INFO: 
INFO: >>> Frame 005664
INFO: Player name: 'Ti jaazzaz' -> 'TI_jaazzaz'
INFO: Weapon 1: 'FLATLINE'
INFO: Weapon 2: 'EVA-8 AUTO'
INFO: 
INFO: >>> Frame 005665
INFO: Can't find player name end icon
INFO: 
INFO: >>> Frame 005666
INFO: Can't find player name end icon
INFO: 
INFO: >>> Frame 005667
INFO: Can't find player name end icon
INFO: 
INFO: >>> Frame 005668
INFO: Can't find player name end icon
INFO: 
INFO: >>> Frame 005669
INFO: Can't find player name end icon
INFO: 
INFO: >>> Frame 005670
INFO: Can't find player name end icon
INFO: 
INFO: >>> Frame 005671
INFO: Can't find player name end icon
INFO: 
INFO: >>> Frame 005672
INFO: Can't find player name end icon
INFO: 
INFO: >>> Frame 005673
INFO: Can't find player name end icon
INFO: 
INFO: >>> Frame 005674
INFO: Can't find player name end icon
INFO: 
INFO: >>> Frame 005675
INFO: Player name: 'Gambit_Hardecki'
INFO: Weapon 2: 'P2020'
INFO: 
INFO: >>> Frame 005676
INFO: Player name: 'Gambit_Hardacki' -> 'Gambit_Hardecki'
INFO: Weapon 1: 'HAVOC'
INFO: Weapon 2: 'P2020'
INFO: 
INFO: >>> Frame 005677
INFO: Player name: 'Gambit_Hardecki'
INFO: Weapon 1: 'HAVOC'
INFO: Weapon 2: 'P2020'
INFO: 
INFO: >>> Frame 005678
INFO: Player name: 'Gambit_Hardecki'
INFO: Weapon 1: 'HAVOC.' -> 'HAVOC'
INFO: Weapon 2: 'P2020'
INFO: 
INFO: >>> Frame 005679
INFO: Player name: 'Gambit_Hardecki'
INFO: Weapon 1: 'HAVOC'
INFO: Weapon 2: 'P2020'
INFO: 
INFO: >>> Frame 005680
INFO: Player name: 'Gambit_Hardecki'
INFO: Weapon 1: 'HAVOC'
INFO: Weapon 2: 'P2020'
INFO: 
INFO: >>> Frame 005681
INFO: Player name: 'Gambit_Hardecki'
INFO: Weapon 1: 'HAVOC'
INFO: Weapon 2: 'P2020'
INFO: 
INFO: >>> Frame 005682
INFO: Player name: 'Gambit_Hardecki'
INFO: Weapon 1: 'HAVOC'
INFO: Weapon 2: 'P2020'
INFO: 
INFO: >>> Frame 005683
INFO: 
INFO: >>> Frame 005684
INFO: 
INFO: >>> Frame 005685
INFO: Player name: 'Gambit_Hardecki'
INFO: Weapon 1: 'HAVOC'
INFO: Weapon 2: 'P2020'
INFO: 
INFO: >>> Frame 005686
INFO: Player name: 'Gambit_Hardecki'
INFO: Weapon 1: 'HAVOC'
INFO: Weapon 2: 'P2020'
INFO: 
INFO: >>> Frame 005687
INFO: Player name: 'Gambit_Hardecki'
INFO: Weapon 1: 'HAVOC'
INFO: Weapon 2: 'P2020'
INFO: 
INFO: >>> Frame 005688
INFO: Player name: 'FB-PinkyFinky'
INFO: Unknown weapon: 'A-59' (best guess: 'R-99', 0.50)
INFO: Weapon 2: 'DEVOTION'
INFO: 
INFO: >>> Frame 005689
INFO: Player name: 'FB-PinkyFinky'
INFO: Weapon 1: 'R-99'
INFO: Weapon 2: 'DEVOTION'
INFO: 
INFO: >>> Frame 005690
INFO: Player name: 'FB-PinkyFinky'
INFO: Weapon 1: 'R-99'
INFO: Weapon 2: 'DEVOTION'
INFO: 
INFO: >>> Frame 005691
INFO: Player name: 'FB-PinkyFinky'
INFO: Weapon 1: 'R-939' -> 'R-99'
INFO: Weapon 2: 'DEVOTION'
INFO: 
INFO: >>> Frame 005692
INFO: Player name: 'FB-PinkyFinky'
INFO: Weapon 1: 'R-99'
INFO: Weapon 2: 'DEVOTION'
INFO: 
INFO: >>> Frame 005693
INFO: Player name: 'FB-PinkyFinky'
INFO: Weapon 1: 'R-99'
INFO: Weapon 2: 'DEVOTION'
INFO: 
INFO: >>> Frame 005694
INFO: Player name: 'FB-PinkyFinky'
INFO: Weapon 1: 'R-99'
INFO: Weapon 2: 'DEVOTION'
INFO: 
INFO: >>> Frame 005695
INFO: Player name: 'FB-PinkyFinky'
INFO: Weapon 1: 'R-99'
INFO: Weapon 2: 'DEVOTION'
INFO: 
INFO: >>> Frame 005696
INFO: Player name: '_FB-Cathryan' -> 'FB-Cathryan'
INFO: Weapon 1: 'R-301'
INFO: Weapon 2: 'MASTIFF'
INFO: 
INFO: >>> Frame 005697
INFO: Player name: 'FB-Cathryan'
INFO: Weapon 1: 'R-401' -> 'R-301'
INFO: Weapon 2: 'MASTIFF'
INFO: 
INFO: >>> Frame 005698
INFO: Player name: 'FB-Cathryan'
INFO: Weapon 1: 'R-401' -> 'R-301'
INFO: Weapon 2: 'MASTIFF'
INFO: 
INFO: >>> Frame 005699
INFO: Player name: '_ FB-Cathryan' -> 'FB-Cathryan'
INFO: Weapon 1: 'R-301'
INFO: Weapon 2: 'MASTIFF'
INFO: 
INFO: >>> Frame 005700
INFO: Player name: '_FB-Cathryan' -> 'FB-Cathryan'
INFO: Weapon 1: 'R-401' -> 'R-301'
INFO: Weapon 2: 'MASTIFF'
INFO: 
INFO: >>> Frame 005701
INFO: Player name: '_ FB-Cathryan' -> 'FB-Cathryan'
INFO: Weapon 1: 'R-301'
INFO: Weapon 2: 'MASTIFF'
INFO: 
INFO: >>> Frame 005702
INFO: Player name: 'FB-Cathryan'
INFO: Weapon 1: 'R-301'
INFO: Weapon 2: 'MASTIFF'
INFO: 
INFO: >>> Frame 005703
INFO: Player name: '_FB-Cathryan' -> 'FB-Cathryan'
INFO: Weapon 1: 'R-301'
INFO: Weapon 2: 'MASTIFF'
INFO: 
INFO: >>> Frame 005704
INFO: Player name: '_FB-Cathryan' -> 'FB-Cathryan'
INFO: Weapon 1: 'R-401' -> 'R-301'
INFO: Weapon 2: 'MASTIFF'
INFO: 
INFO: >>> Frame 005705
INFO: Player name: '_ FB-Cathryan' -> 'FB-Cathryan'
INFO: Weapon 1: 'R-301'
INFO: Weapon 2: 'MASTIFF'
INFO: 
INFO: >>> Frame 005706
INFO: Player name: '_FB-Cathryan' -> 'FB-Cathryan'
INFO: Weapon 1: 'R-301'
INFO: Weapon 2: 'MASTIFF'
INFO: 
INFO: >>> Frame 005707
INFO: Player name: 'FB-Cathryan'
INFO: Weapon 1: 'R-301'
INFO: Weapon 2: 'MASTIFF'
INFO: 
INFO: >>> Frame 005708
INFO: Player name: '_ FB-Cathryan' -> 'FB-Cathryan'
INFO: Weapon 1: 'R-301'
INFO: Weapon 2: 'MASTIFF'
INFO: 
INFO: >>> Frame 005709
INFO: Player name: 'FB-lOraconiaN' -> 'FB-iDraconiaN'
INFO: Weapon 1: 'WINGMAN'
INFO: Weapon 2: 'EV4-B AUTO' -> 'EVA-8 AUTO'
INFO: 
INFO: >>> Frame 005710
INFO: Player name: 'FB-lOraconiaN' -> 'FB-iDraconiaN'
INFO: Weapon 1: 'WINGMAN.' -> 'WINGMAN'
INFO: Weapon 2: 'EVA-8 AUTO'
INFO: 
INFO: >>> Frame 005711
INFO: Player name: 'FB-lOraconiaN' -> 'FB-iDraconiaN'
INFO: Weapon 1: 'WINGMAN'
INFO: Weapon 2: 'EVA-3 AUTO' -> 'EVA-8 AUTO'
INFO: 
INFO: >>> Frame 005712
INFO: Player name: 'FB-lOraconiaN' -> 'FB-iDraconiaN'
INFO: Weapon 1: 'WINGMAN'
INFO: Weapon 2: 'EVA-B AUTO' -> 'EVA-8 AUTO'
INFO: 
INFO: >>> Frame 005713
INFO: Player name: 'FB-IDraconiaN' -> 'FB-iDraconiaN'
INFO: Weapon 2: 'EVi-B AUTO' -> 'EVA-8 AUTO'
INFO: 
INFO: >>> Frame 005714
INFO: Player name: 'FB-lOraconiaN' -> 'FB-iDraconiaN'
INFO: Weapon 1: 'WINGMAN.' -> 'WINGMAN'
INFO: Weapon 2: 'EVA-d AUTO' -> 'EVA-8 AUTO'
INFO: 
INFO: >>> Frame 005715
INFO: Player name: 'FB-|Draconian' -> 'FB-iDraconiaN'
INFO: Weapon 2: 'EVA-B AUTO' -> 'EVA-8 AUTO'
INFO: 
INFO: >>> Frame 005716
INFO: Player name: 'FB-IDraconiaN' -> 'FB-iDraconiaN'
INFO: Weapon 2: 'EVA-8 AUTO'
INFO: 
INFO: >>> Frame 005717
INFO: Player name: 'FB-iDraconiaN'
INFO: Weapon 1: 'WINGMAN'
INFO: Weapon 2: 'EV4-8 AUTO' -> 'EVA-8 AUTO'
INFO: 
INFO: >>> Frame 005718
INFO: Player name: 'FB-lOracaniaN:' -> 'FB-iDraconiaN'
INFO: Weapon 2: 'EVA-38 AUTO' -> 'EVA-8 AUTO'
INFO: 
INFO: >>> Frame 005719
INFO: Player name: 'FB-IDraconiaN.' -> 'FB-iDraconiaN'
INFO: Weapon 2: 'EVA-B AUTO' -> 'EVA-8 AUTO'
INFO: 
INFO: >>> Frame 005720
INFO: Player name: 'FB-iDraconiaN'
INFO: Weapon 1: 'WINGMAN'
INFO: Weapon 2: 'EVA-8 AUTO'
INFO: 
INFO: >>> Frame 005721
INFO: 
INFO: >>> Frame 005722
INFO: Player name: 'Gracatutips' -> 'Gracefulfps'
INFO: Weapon 1: 'MAS TIFF' -> 'MASTIFF'
INFO: Weapon 2: '‘FLATLINE' -> 'FLATLINE'
INFO: 
INFO: >>> Frame 005723
INFO: Player name: 'Gracefulfps'
INFO: Weapon 1: 'MASTIFF'
INFO: Weapon 2: 'FLATLINE'
INFO: 
INFO: >>> Frame 005724
INFO: Player name: '_ Gracefulfps' -> 'Gracefulfps'
INFO: Weapon 1: 'MASTIFF'
INFO: Weapon 2: 'FLATLINE'
INFO: 
INFO: >>> Frame 005725
INFO: Player name: 'Gracefulfps'
INFO: Weapon 1: 'MASTIFF'
INFO: Weapon 2: 'FLATLINE'
INFO: 
INFO: >>> Frame 005726
INFO: Can't find player name end icon
INFO: 
INFO: >>> Frame 005727
INFO: Can't find player name end icon
INFO: 
INFO: >>> Frame 005728
INFO: Player name: 'FotM_nothFPS'
INFO: Weapon 1: 'EVA-8 AUTO'
INFO: Weapon 2: 'R-301'
INFO: 
INFO: >>> Frame 005729
INFO: Player name: 'FotM_nothFPS'
INFO: Weapon 1: 'EVA-8 AUTO'
INFO: Weapon 2: 'R-301'
INFO: 
INFO: >>> Frame 005730
INFO: Player name: 'FotM_nothFPS'
INFO: Weapon 1: 'EVA-8 AUTO'
INFO: Weapon 2: 'R-301'
INFO: 
INFO: >>> Frame 005731
INFO: Player name: 'FotM_nothFPS'
INFO: Weapon 1: 'EVA-8 AUTO'
INFO: Weapon 2: 'R-301'
INFO: 
INFO: >>> Frame 005732
INFO: Can't find player name end icon
INFO: 
INFO: >>> Frame 005733
INFO: Can't find player name end icon
INFO: 
INFO: >>> Frame 005734
INFO: Can't find player name end icon
INFO: 
INFO: >>> Frame 005735
INFO: Player name: '303_PYRADICE'
INFO: Weapon 1: 'FLATLINE'
INFO: Weapon 2: 'MASTIFF'
INFO: 
INFO: >>> Frame 005736
INFO: Player name: '303 _PYRADICE' -> '303_PYRADICE'
INFO: Weapon 1: 'FLATLINE'
INFO: Weapon 2: 'MASTIFF'
INFO: 
INFO: >>> Frame 005737
INFO: Player name: '303_PYRADICE'
INFO: Weapon 1: 'FLATLINE'
INFO: Weapon 2: 'MASTIFF'
INFO: 
INFO: >>> Frame 005738
INFO: Player name: '303 PYRADICE' -> '303_PYRADICE'
INFO: Weapon 1: 'FLATLINE'
INFO: Weapon 2: 'MASTIFF'
INFO: 
INFO: >>> Frame 005739
INFO: Player name: '303_PYRADICE'
INFO: Weapon 1: 'FLATLINE'
INFO: Weapon 2: 'MASTIFF'
INFO: 
INFO: >>> Frame 005740
INFO: Player name: '303_PYRADICE'
INFO: Weapon 1: 'FLATLINE'
INFO: Weapon 2: 'MASTIFF'
INFO: 
INFO: >>> Frame 005741
INFO: Player name: '303_PYRADICE'
INFO: Weapon 1: 'FLATLINE'
INFO: Weapon 2: 'MASTIFF'
INFO: 
INFO: >>> Frame 005742
INFO: Player name: '7xaniya'
INFO: Weapon 1: 'VOLT'
INFO: Weapon 2: 'EVA-38 AUTO' -> 'EVA-8 AUTO'
INFO: 
INFO: >>> Frame 005743
INFO: Player name: '7xaniya'
INFO: Weapon 1: 'VOLT'
INFO: Weapon 2: 'EVA-8 AUTO'
INFO: 
INFO: >>> Frame 005744
INFO: Player name: '7xaniya'
INFO: Weapon 1: 'VOLT'
INFO: Weapon 2: 'EVA-B AUTO' -> 'EVA-8 AUTO'
INFO: 
INFO: >>> Frame 005745
INFO: Player name: '7xaniya'
INFO: Weapon 1: 'VOLT'
INFO: Weapon 2: 'EVA-B AUTO' -> 'EVA-8 AUTO'
INFO: 
INFO: >>> Frame 005746
INFO: Player name: 'Txaniya' -> '7xaniya'
INFO: Weapon 1: 'VOLT'
INFO: Weapon 2: 'EVA-B AUTO' -> 'EVA-8 AUTO'
INFO: 
INFO: >>> Frame 005747
INFO: Player name: '-Txaniya' -> '7xaniya'
INFO: Weapon 1: 'VOLT'
INFO: Weapon 2: 'EVA-8 AUTO'
INFO: 
INFO: >>> Frame 005748
INFO: Player name: '7xaniya'
INFO: Weapon 1: 'VOLT'
INFO: Weapon 2: 'EVA-8 AUTO'
INFO: 
INFO: >>> Frame 005749
INFO: Player name: '7xaniya'
INFO: Weapon 1: 'VOLT'
INFO: Weapon 2: 'EVA-8 AUTO'
INFO: 
INFO: >>> Frame 005750
INFO: Player name: 'Bbelieverak' -> '8believerok'
INFO: Weapon 1: 'R-99'
INFO: Weapon 2: 'SPITFIRE'
INFO: 
INFO: >>> Frame 005751
INFO: Player name: 'Bbelieverok' -> '8believerok'
INFO: Weapon 1: 'R-99'
INFO: Weapon 2: 'SPITFIRE'
INFO: 
INFO: >>> Frame 005752
INFO: Player name: 'Shelieverok' -> '8believerok'
INFO: Weapon 2: 'SPITFIRE'
INFO: 
INFO: >>> Frame 005753
INFO: Can't find player name end icon
INFO: 
INFO: >>> Frame 005754
INFO: Can't find player name end icon
INFO: 
INFO: >>> Frame 005755
INFO: Can't find player name end icon
INFO: 
INFO: >>> Frame 005756
INFO: Player name: '7xaniya'
INFO: Weapon 1: 'VOLT'
INFO: Weapon 2: 'EVA-3 AUTO' -> 'EVA-8 AUTO'
INFO: 
INFO: >>> Frame 005757
INFO: Player name: '7xaniya'
INFO: Weapon 1: 'VOLT'
INFO: Weapon 2: 'EVA-8 AUTO'
INFO: 
INFO: >>> Frame 005758
INFO: Player name: '7xaniya'
INFO: Weapon 1: 'VOLT'
INFO: Weapon 2: 'EV4-8 AUTO' -> 'EVA-8 AUTO'
INFO: 
INFO: >>> Frame 005759
INFO: Player name: '7xaniya'
INFO: Weapon 1: 'VOLT'
INFO: Weapon 2: 'EVA-3 AUTO' -> 'EVA-8 AUTO'
INFO: 
INFO: >>> Frame 005760
INFO: Player name: '“Txaniya' -> '7xaniya'
INFO: Weapon 1: 'VOLT'
INFO: Weapon 2: 'EVA-8 AUTO'
INFO: 
INFO: >>> Frame 005761
INFO: Player name: '7xaniya'
INFO: Weapon 1: 'VOLT'
INFO: Weapon 2: 'EVA-38 AUTO' -> 'EVA-8 AUTO'
INFO: 
INFO: >>> Frame 005762
INFO: Player name: 'Bbeliaeverok' -> '8believerok'
INFO: Weapon 2: 'OPITFIRE' -> 'SPITFIRE'
INFO: 
INFO: >>> Frame 005763
INFO: Player name: 'Bbelieverak' -> '8believerok'
INFO: Weapon 2: 'oPITFIRE' -> 'SPITFIRE'
INFO: 
INFO: >>> Frame 005764
INFO: Player name: 'Bbelieverok' -> '8believerok'
INFO: Weapon 1: 'R-99'
INFO: Weapon 2: 'SPITFIRE'
INFO: 
INFO: >>> Frame 005765
INFO: Player name: 'Bbelieverok' -> '8believerok'
INFO: Weapon 1: 'R-99'
INFO: Weapon 2: 'SPITFIRE'
INFO: 
INFO: >>> Frame 005766
INFO: Player name: 'Bbelieverak' -> '8believerok'
INFO: Weapon 2: 'oPITFIRE' -> 'SPITFIRE'
INFO: 
INFO: >>> Frame 005767
INFO: Player name: 'Sbelieverok' -> '8believerok'
INFO: Weapon 2: 'SPITFIRE'
INFO: 
INFO: >>> Frame 005768
INFO: Player name: '7xaniya'
INFO: Weapon 1: 'VOLT'
INFO: Weapon 2: 'EVA-8 AUTO'
INFO: 
INFO: >>> Frame 005769
INFO: Player name: '7xaniya'
INFO: Weapon 1: 'VOLT'
INFO: Weapon 2: 'EVA-8 AUTO'
INFO: 
INFO: >>> Frame 005770
INFO: Player name: '/xaniya' -> '7xaniya'
INFO: Weapon 1: 'VOLT'
INFO: Weapon 2: 'EVA-8 AUTO'
INFO: 
INFO: >>> Frame 005771
INFO: Player name: '7xaniya'
INFO: Weapon 1: 'VOLT'
INFO: Weapon 2: 'EVA-8 AUTO'
INFO: 
INFO: >>> Frame 005772
INFO: Player name: '7xaniya'
INFO: Weapon 1: 'VOLT'
INFO: Weapon 2: 'EVA-8 AUTO'
INFO: 
INFO: >>> Frame 005773
INFO: Player name: '7xaniya'
INFO: Weapon 1: 'VOLT'
INFO: Weapon 2: 'EVA-8 AUTO'
INFO: 
INFO: >>> Frame 005774
INFO: Player name: '7xaniya'
INFO: Weapon 1: 'VOLT'
INFO: Weapon 2: 'EVA-8 AUTO'
INFO: 
INFO: >>> Frame 005775
INFO: Player name: 'Txaniya' -> '7xaniya'
INFO: Weapon 1: 'VOLT'
INFO: Weapon 2: 'EVA-8 AUTO'
INFO: 
INFO: >>> Frame 005776
INFO: Player name: '7xaniya'
INFO: Weapon 1: 'VOLT'
INFO: Weapon 2: 'EVA-8 AUTO'
INFO: 
INFO: >>> Frame 005777
INFO: Player name: '7xaniya'
INFO: Weapon 1: 'VOLT'
INFO: Weapon 2: 'EVA-8 AUTO'
INFO: 
INFO: >>> Frame 005778
INFO: Player name: '7xaniya'
INFO: Weapon 1: 'VOLT'
INFO: Weapon 2: 'EVA-8 AUTO'
INFO: 
INFO: >>> Frame 005779
INFO: Player name: '7xaniya'
INFO: Weapon 1: 'VOLT'
INFO: Weapon 2: 'EVA-8 AUTO'
INFO: 
INFO: >>> Frame 005780
INFO: Player name: '7xaniya'
INFO: Weapon 1: 'VOLT'
INFO: Weapon 2: 'EVA-8 AUTO'
INFO: 
INFO: >>> Frame 005781
INFO: Player name: '7xaniya'
INFO: Weapon 1: 'VOLT'
INFO: Weapon 2: 'EVA-38 AUTO' -> 'EVA-8 AUTO'
INFO: 
INFO: >>> Frame 005782
INFO: Can't find player name end icon
INFO: 
INFO: >>> Frame 005783
INFO: Can't find player name end icon
INFO: 
INFO: >>> Frame 005784
INFO: Player name: 'Txaniya' -> '7xaniya'
INFO: Weapon 1: 'VOLT'
INFO: Weapon 2: 'EVA-B AUTO' -> 'EVA-8 AUTO'
INFO: 
INFO: >>> Frame 005785
INFO: Player name: '7xaniya'
INFO: Weapon 1: 'VOLT'
INFO: Weapon 2: 'EVA-B AUTO' -> 'EVA-8 AUTO'
INFO: 
INFO: >>> Frame 005786
INFO: Player name: '7xaniya'
INFO: Weapon 1: 'VOLT'
INFO: Weapon 2: 'EVA-3 AUTO' -> 'EVA-8 AUTO'
INFO: 
INFO: >>> Frame 005787
INFO: Player name: '7xaniya'
INFO: Weapon 1: 'VOLT'
INFO: Weapon 2: 'EVA-6 AUTO' -> 'EVA-8 AUTO'
INFO: 
INFO: >>> Frame 005788
INFO: Player name: '7xaniya'
INFO: Weapon 1: 'VOLT'
INFO: Weapon 2: 'EVA-8 AUTO'
INFO: 
INFO: >>> Frame 005789
INFO: Player name: '7xaniya'
INFO: Weapon 1: 'VOLT'
INFO: Weapon 2: 'EVA-38 AUTO' -> 'EVA-8 AUTO'
INFO: 
INFO: >>> Frame 005790
INFO: Player name: '-“Jxaniya' -> '7xaniya'
INFO: Weapon 1: 'VOLT'
INFO: Weapon 2: 'EVA-B AUTO' -> 'EVA-8 AUTO'
INFO: 
INFO: >>> Frame 005791
INFO: Player name: '7xaniya'
INFO: Weapon 1: 'VOLT'
INFO: Weapon 2: 'EVA-B AUTO' -> 'EVA-8 AUTO'
INFO: 
INFO: >>> Frame 005792
INFO: Player name: '7xaniya'
INFO: Weapon 1: 'VOLT'
INFO: Weapon 2: 'EVA-8 AUTO'
INFO: 
INFO: >>> Frame 005793
INFO: Unknown player: 'hiya' (best guess: '7xaniya', 0.57)
INFO: 
INFO: >>> Frame 005794
INFO: Player name: '7xaniya'
INFO: Weapon 1: 'VOLT'
INFO: Weapon 2: 'EVA-8 AUTO'
INFO: 
INFO: >>> Frame 005795
INFO: Player name: '7xaniya'
INFO: Weapon 1: 'VOLT'
INFO: Weapon 2: 'EVA-8 AUTO'
INFO: 
INFO: >>> Frame 005796
INFO: Player name: 'Txaniya' -> '7xaniya'
INFO: Weapon 1: 'VOLT'
INFO: Weapon 2: 'EVA-8 AUTO'
INFO: 
INFO: >>> Frame 005797
INFO: Player name: 'Ika niya' -> '7xaniya'
INFO: Weapon 1: 'VOLT'
INFO: Weapon 2: 'EVA-8 AUTO'
INFO: 
INFO: >>> Frame 005798
INFO: Player name: ', Sesdesu' -> '9esdesu'
INFO: Weapon 1: 'R-301'
INFO: Weapon 2: 'EVA-3 AUTO' -> 'EVA-8 AUTO'
INFO: 
INFO: >>> Frame 005799
INFO: Player name: 'Sesdesu' -> '9esdesu'
INFO: Weapon 1: 'R-301'
INFO: Weapon 2: 'EVA-8 AUTO'
INFO: 
INFO: >>> Frame 005800
INFO: Player name: 'Sesdesu' -> '9esdesu'
INFO: Weapon 1: 'R-401' -> 'R-301'
INFO: Weapon 2: 'EVA-B AUTO' -> 'EVA-8 AUTO'
INFO: 
INFO: >>> Frame 005801
INFO: Player name: '_Sesdesu' -> '9esdesu'
INFO: Weapon 1: 'R-301'
INFO: Weapon 2: 'EVA-B AUTO' -> 'EVA-8 AUTO'
INFO: 
INFO: >>> Frame 005802
INFO: Player name: '_Sesdesu' -> '9esdesu'
INFO: Weapon 1: 'R-301'
INFO: Weapon 2: 'EVA-8 AUTO'
INFO: 
INFO: >>> Frame 005803
INFO: Player name: 'Sesdasu' -> '9esdesu'
INFO: Weapon 1: 'R-301'
INFO: Weapon 2: 'EVA-38 AUTO' -> 'EVA-8 AUTO'
INFO: 
INFO: >>> Frame 005804
INFO: Player name: ', Fesdesu' -> '9esdesu'
INFO: Weapon 1: 'R-301'
INFO: Weapon 2: 'EVA-8 AUTO'
INFO: 
INFO: >>> Frame 005805
INFO: Player name: 'FatM_nothFPS' -> 'FotM_nothFPS'
INFO: Weapon 1: 'EVA-8 AUTO'
INFO: Weapon 2: 'R-301'
INFO: 
INFO: >>> Frame 005806
INFO: Player name: 'FotM_nothFPS'
INFO: Weapon 1: 'EVA-B AUTO' -> 'EVA-8 AUTO'
INFO: Weapon 2: 'R-301'
INFO: 
INFO: >>> Frame 005807
INFO: Player name: 'FotM_nothFPS:' -> 'FotM_nothFPS'
INFO: Weapon 1: 'EVA-8 AUTO'
INFO: Weapon 2: 'R-301'
INFO: 
INFO: >>> Frame 005808
INFO: Can't find player name end icon
INFO: 
INFO: >>> Frame 005809
INFO: Can't find player name end icon
INFO: 
INFO: >>> Frame 005810
INFO: Can't find player name end icon
INFO: 
INFO: >>> Frame 005811
INFO: Player name: 'FotM_nothFPS'
INFO: Weapon 1: 'EVA-8 AUTO'
INFO: Weapon 2: 'R-301'
INFO: 
INFO: >>> Frame 005812
INFO: Player name: 'FotM_Taylor'
INFO: Weapon 1: 'R-301'
INFO: Weapon 2: 'EVA-B AUTO' -> 'EVA-8 AUTO'
INFO: 
INFO: >>> Frame 005813
INFO: Player name: 'FotM Taylor' -> 'FotM_Taylor'
INFO: Weapon 1: 'R-301'
INFO: Weapon 2: 'EVA-3 AUTO' -> 'EVA-8 AUTO'
INFO: 
INFO: >>> Frame 005814
INFO: Player name: 'FotM_ Taylor' -> 'FotM_Taylor'
INFO: Weapon 2: 'EVA-8 AUTO'
INFO: 
INFO: >>> Frame 005815
INFO: Player name: 'FotM Taylor' -> 'FotM_Taylor'
INFO: Weapon 1: 'R-301'
INFO: Weapon 2: 'EVA-B AUTO' -> 'EVA-8 AUTO'
INFO: 
INFO: >>> Frame 005816
INFO: Player name: 'FotM_Taylor'
INFO: Weapon 2: 'EVA-B AUTO' -> 'EVA-8 AUTO'
INFO: 
INFO: >>> Frame 005817
INFO: Player name: 'FotM Taylor' -> 'FotM_Taylor'
INFO: Weapon 1: 'AH-301' -> 'R-301'
INFO: Weapon 2: 'EVA-3 AUTO' -> 'EVA-8 AUTO'
INFO: 
INFO: >>> Frame 005818
INFO: Player name: 'FotM Taylor' -> 'FotM_Taylor'
INFO: Weapon 1: 'R-30)' -> 'R-301'
INFO: Weapon 2: 'EVA-6 AUTO' -> 'EVA-8 AUTO'
INFO: 
INFO: >>> Frame 005819
INFO: Player name: '-FotM Pjeh' -> 'FotM_Pjeh'
INFO: Weapon 1: 'TRIPLE TAKE'
INFO: Weapon 2: 'MASTIFF'
INFO: 
INFO: >>> Frame 005820
INFO: Player name: 'FotM_Pjeh'
INFO: Weapon 1: 'TRIPLE TAKE'
INFO: Weapon 2: 'MASTIFF'
INFO: 
INFO: >>> Frame 005821
INFO: Player name: 'FotM_Pjeh'
INFO: Weapon 1: 'TRIPLE TAKE'
INFO: Weapon 2: 'MASTIFF'
INFO: 
INFO: >>> Frame 005822
INFO: Player name: '_FotM_Pjeh' -> 'FotM_Pjeh'
INFO: Weapon 1: 'TRIPLE TAKE'
INFO: Weapon 2: 'MASTIFF'
INFO: 
INFO: >>> Frame 005823
INFO: Player name: 'FotM_Pjeh'
INFO: Weapon 1: 'TRIPLE TAKE'
INFO: Weapon 2: 'MASTIFF'
INFO: 
INFO: >>> Frame 005824
INFO: Can't find player name end icon
INFO: 
INFO: >>> Frame 005825
INFO: Can't find player name end icon
INFO: 
INFO: >>> Frame 005826
INFO: Can't find player name end icon
INFO: 
INFO: >>> Frame 005827
INFO: Player name: 'FotM_nothFPS'
INFO: Weapon 1: 'EVA-8 AUTO'
INFO: Weapon 2: 'R-301'
INFO: 
INFO: >>> Frame 005828
INFO: Player name: 'FotM_nothFPS'
INFO: Weapon 1: 'EVA-8 AUTO'
INFO: Weapon 2: 'R-301'
INFO: 
INFO: >>> Frame 005829
INFO: Player name: 'FotM_nothFPS'
INFO: Weapon 1: 'EVA-9 AUTO' -> 'EVA-8 AUTO'
INFO: Weapon 2: 'R-301'
INFO: 
INFO: >>> Frame 005830
INFO: Player name: 'FotM_nothFPS'
INFO: Weapon 1: 'EVA-8 AUTO'
INFO: Weapon 2: 'R-3D)' -> 'R-301'
INFO: 
INFO: >>> Frame 005831
INFO: Player name: 'FatM_nothFPS' -> 'FotM_nothFPS'
INFO: Weapon 1: 'EVA-8 AUTO'
INFO: Weapon 2: 'R-301'
INFO: 
INFO: >>> Frame 005832
INFO: Player name: 'FatM_nothFPS' -> 'FotM_nothFPS'
INFO: Weapon 1: 'EVA-8 AUTO'
INFO: Weapon 2: 'R-30)' -> 'R-301'
INFO: 
INFO: >>> Frame 005833
INFO: Player name: 'FotM_nothFPS'
INFO: Weapon 1: 'EVA-8 AUTO'
INFO: Weapon 2: 'R-30)' -> 'R-301'
INFO: 
INFO: >>> Frame 005834
INFO: Player name: 'FotM_nothFPS'
INFO: Weapon 1: 'EVA-8 AUTO'
INFO: Weapon 2: 'R-30)' -> 'R-301'
INFO: 
INFO: >>> Frame 005835
INFO: Player name: 'FotM_nothFP§' -> 'FotM_nothFPS'
INFO: Weapon 1: 'EVA-8 AUTO'
INFO: Weapon 2: 'R-301'
INFO: 
INFO: >>> Frame 005836
INFO: Can't find player name end icon
INFO: 
INFO: >>> Frame 005837
INFO: Can't find player name end icon
INFO: 
INFO: >>> Frame 005838
INFO: Can't find player name end icon
INFO: 
INFO: >>> Frame 005839
INFO: Player name: 'FotM Taylor' -> 'FotM_Taylor'
INFO: Weapon 1: 'A-30)' -> 'R-301'
INFO: Weapon 2: 'EVA-6 AUTO' -> 'EVA-8 AUTO'
INFO: 
INFO: >>> Frame 005840
INFO: Player name: 'Fat Taylor' -> 'FotM_Taylor'
INFO: Weapon 1: 'R-401' -> 'R-301'
INFO: Weapon 2: 'EVA-8 AUTO'
INFO: 
INFO: >>> Frame 005841
INFO: Player name: 'FotM_Tayior' -> 'FotM_Taylor'
INFO: Weapon 1: 'A-30)' -> 'R-301'
INFO: Weapon 2: 'EVA-8 AUTO'
INFO: 
INFO: >>> Frame 005842
INFO: Player name: 'FotM Taylor' -> 'FotM_Taylor'
INFO: Weapon 1: 'A-301' -> 'R-301'
INFO: Weapon 2: 'EVA-6 AUTO' -> 'EVA-8 AUTO'
INFO: 
INFO: >>> Frame 005843
INFO: Player name: 'NAVI_Kouhia'
INFO: Weapon 1: 'VOLT'
INFO: Weapon 2: 'G?7 SCOUT' -> 'G7 SCOUT'
INFO: 
INFO: >>> Frame 005844
INFO: Player name: 'NAVI_Kouhia'
INFO: Weapon 1: 'VOLT'
INFO: Weapon 2: 'G7 SCOUT'
INFO: 
INFO: >>> Frame 005845
INFO: Player name: 'NAVI_Kouhia'
INFO: Weapon 1: 'VOLT'
INFO: Weapon 2: 'G?7 SCOUT' -> 'G7 SCOUT'
INFO: 
INFO: >>> Frame 005846
INFO: Player name: '-twitch-maydeelol' -> 'twitch-maydeelol'
INFO: Weapon 1: 'FLATLINE'
INFO: Weapon 2: 'MASTIFF'
INFO: 
INFO: >>> Frame 005847
INFO: Player name: 'twitch-maydeelol'
INFO: Weapon 1: 'FLATLINE'
INFO: Weapon 2: 'MASTIFF'
INFO: 
INFO: >>> Frame 005848
INFO: Player name: 'twitch-maydeelol'
INFO: Weapon 1: 'FLATLINE'
INFO: Weapon 2: 'MASTIFF'
INFO: 
INFO: >>> Frame 005849
INFO: Player name: '“twitch-maydeelol' -> 'twitch-maydeelol'
INFO: Weapon 1: 'FLATLINE'
INFO: Weapon 2: 'MAS TIFF' -> 'MASTIFF'
INFO: 
INFO: >>> Frame 005850
INFO: Player name: 'Fatt Taylor' -> 'FotM_Taylor'
INFO: Unknown weapon: 'A-4At' (best guess: 'L-STAR', 0.67)
INFO: Weapon 2: 'EVA-8 AUTO'
INFO: 
INFO: >>> Frame 005851
INFO: Player name: 'FotM Taylor' -> 'FotM_Taylor'
INFO: Weapon 1: 'R-30)' -> 'R-301'
INFO: Weapon 2: 'EVA-8 AUTO'
INFO: 
INFO: >>> Frame 005852
INFO: Can't find player name end icon
INFO: 
INFO: >>> Frame 005853
INFO: Player name: 'twitch-maydealol' -> 'twitch-maydeelol'
INFO: Weapon 1: 'FLATLINE'
INFO: Weapon 2: 'MASTIFF'
INFO: 
INFO: >>> Frame 005854
INFO: Player name: 'Jmwtps' -> 'Jmwfps'
INFO: Weapon 1: 'VOLT'
INFO: Weapon 2: 'R-3D)' -> 'R-301'
INFO: 
INFO: >>> Frame 005855
INFO: Player name: 'Jmwfps'
INFO: Weapon 1: 'VOLT'
INFO: Weapon 2: 'R-30)' -> 'R-301'
INFO: 
INFO: >>> Frame 005856
INFO: Player name: 'Jmwfps'
INFO: Weapon 1: 'VOLT'
INFO: Weapon 2: 'A-301' -> 'R-301'
INFO: 
INFO: >>> Frame 005857
INFO: Player name: 'Jmwfps'
INFO: Weapon 1: 'VOLT'
INFO: Weapon 2: 'RA-301' -> 'R-301'
INFO: 
INFO: >>> Frame 005858
INFO: Player name: 'Jmwips' -> 'Jmwfps'
INFO: Weapon 1: '‘VOLT' -> 'VOLT'
INFO: Weapon 2: 'R-301'
INFO: 
INFO: >>> Frame 005859
INFO: Player name: 'Jmwfps'
INFO: Weapon 1: 'VOLT'
INFO: Weapon 2: 'R-301'
INFO: 
INFO: >>> Frame 005860
INFO: Player name: 'Jmwfps'
INFO: Weapon 2: 'R-301'
INFO: 
INFO: >>> Frame 005861
INFO: Player name: 'Jmwips' -> 'Jmwfps'
INFO: Weapon 1: 'VOLT'
INFO: Weapon 2: 'R-301'
INFO: 
INFO: >>> Frame 005862
INFO: Player name: 'Jmiwfps' -> 'Jmwfps'
INFO: Weapon 1: 'VOLT'
INFO: Weapon 2: 'R-30)' -> 'R-301'
INFO: 
INFO: >>> Frame 005863
INFO: Player name: 'Jmwfps'
INFO: Weapon 2: 'R-301'
INFO: 
INFO: >>> Frame 005864
INFO: Player name: 'Jmwfps'
INFO: Weapon 1: 'VOLT'
INFO: Weapon 2: 'R-301'
INFO: 
INFO: >>> Frame 005865
INFO: Player name: 'Jmwfps'
INFO: Weapon 1: 'VOLT'
INFO: Weapon 2: 'R-301'
INFO: 
INFO: >>> Frame 005866
INFO: Player name: 'Jmwfps'
INFO: Weapon 1: 'VOLT'
INFO: Weapon 2: 'R-301'
INFO: 
INFO: >>> Frame 005867
INFO: Player name: 'Jmwfps:' -> 'Jmwfps'
INFO: Weapon 1: 'VOLT'
INFO: Weapon 2: 'R-301'
INFO: 
INFO: >>> Frame 005868
INFO: Player name: '_ Gracefulfps' -> 'Gracefulfps'
INFO: Weapon 1: 'MASTIFF'
INFO: Weapon 2: 'DEVOTION'
INFO: 
INFO: >>> Frame 005869
INFO: Can't find player name end icon
INFO: 
INFO: >>> Frame 005870
INFO: Can't find player name end icon
INFO: 
INFO: >>> Frame 005871
INFO: Can't find player name end icon
INFO: 
INFO: >>> Frame 005872
INFO: Can't find player name end icon
INFO: 
INFO: >>> Frame 005873
INFO: Player name: 'Twitch-Badoli'
INFO: Weapon 1: 'EVA-8 AUTO'
INFO: Weapon 2: 'FLATLINE'
INFO: 
INFO: >>> Frame 005874
INFO: Player name: 'Twitch-Badoli'
INFO: Weapon 1: 'EVA-98 AUTO' -> 'EVA-8 AUTO'
INFO: Weapon 2: 'FLATLINE'
INFO: 
INFO: >>> Frame 005875
INFO: Player name: 'Twitech-Badoli' -> 'Twitch-Badoli'
INFO: Weapon 1: 'EVA-8 AUTO'
INFO: Weapon 2: 'FLATLINE'
INFO: 
INFO: >>> Frame 005876
INFO: Player name: 'Twitch-Badoli'
INFO: Weapon 1: 'EVA-8 AUTO'
INFO: Weapon 2: 'FLATLINE'
INFO: 
INFO: >>> Frame 005877
INFO: Player name: '‘Twitch-Badoli' -> 'Twitch-Badoli'
INFO: Weapon 1: 'EVA-8 AUTO'
INFO: Weapon 2: 'FLATLINE'
INFO: 
INFO: >>> Frame 005878
INFO: Player name: '_ Twitch-Badoli' -> 'Twitch-Badoli'
INFO: Weapon 1: 'EVA-8 AUTO'
INFO: Weapon 2: 'FLATLINE'
INFO: 
INFO: >>> Frame 005879
INFO: Player name: '_ Twitch-Badoli' -> 'Twitch-Badoli'
INFO: Weapon 1: 'EVA-8 AUTO'
INFO: Weapon 2: 'FLATLINE'
INFO: 
INFO: >>> Frame 005880
INFO: Player name: 'Twitch-Badoli'
INFO: Weapon 1: 'EVA-8 AUTO'
INFO: Weapon 2: 'FLATLINE'
INFO: 
INFO: >>> Frame 005881
INFO: Player name: 'Twitch-Badoli'
INFO: Weapon 1: 'EVA-8 AUTO'
INFO: Weapon 2: 'FLATLINE'
INFO: 
INFO: >>> Frame 005882
INFO: Player name: 'Twitch-Badoli'
INFO: Weapon 1: 'EVA-8 AUTO'
INFO: Weapon 2: 'FLATLINE'
INFO: 
INFO: >>> Frame 005883
INFO: Player name: '‘Twitch-Badoli' -> 'Twitch-Badoli'
INFO: Weapon 1: 'EVA-8 AUTO'
INFO: Weapon 2: 'FLATLINE'
INFO: 
INFO: >>> Frame 005884
INFO: Player name: 'Twitch-Badoli'
INFO: Weapon 1: 'EVA-8 AUTO'
INFO: Weapon 2: 'FLATLINE'
INFO: 
INFO: >>> Frame 005885
INFO: Player name: 'Twitch-Badoli'
INFO: Weapon 1: 'EVA-8 AUTO'
INFO: Weapon 2: 'FLATLINE'
INFO: 
INFO: >>> Frame 005886
INFO: Can't find player name end icon
INFO: 
INFO: >>> Frame 005887
INFO: Can't find player name end icon
INFO: 
INFO: >>> Frame 005888
INFO: Can't find player name end icon
INFO: 
INFO: >>> Frame 005889
INFO: Can't find player name end icon
INFO: 
INFO: >>> Frame 005890
INFO: Can't find player name end icon
INFO: 
INFO: >>> Frame 005891
INFO: Can't find player name end icon
INFO: 
INFO: >>> Frame 005892
INFO: Can't find player name end icon
INFO: 
INFO: >>> Frame 005893
INFO: Can't find player name end icon
INFO: 
INFO: >>> Frame 005894
INFO: Can't find player name end icon
INFO: 
INFO: >>> Frame 005895
INFO: Can't find player name end icon
INFO: 
INFO: >>> Frame 005896
INFO: Can't find player name end icon
INFO: 
INFO: >>> Frame 005897
INFO: Can't find player name end icon
INFO: 
INFO: >>> Frame 005898
INFO: Player name: 'G7Dolphn'
INFO: Weapon 1: 'EVA-8 AUTO'
INFO: Weapon 2: 'SPITFIRE'
INFO: 
INFO: >>> Frame 005899
INFO: Player name: 'G7Dalphn' -> 'G7Dolphn'
INFO: Weapon 1: 'EVA-8 AUTO'
INFO: Weapon 2: 'SPITFIRE'
INFO: 
INFO: >>> Frame 005900
INFO: Player name: 'G7Dolphn'
INFO: Weapon 1: 'EVA-8 AUTO'
INFO: Weapon 2: 'SPITFIRE'
INFO: 
INFO: >>> Frame 005901
INFO: Player name: 'G7Dolphn'
INFO: Weapon 1: 'EVA-98 AUTE' -> 'EVA-8 AUTO'
INFO: Weapon 2: 'SPITFIRE'
INFO: 
INFO: >>> Frame 005902
INFO: Player name: '_ Twitch-Badoli' -> 'Twitch-Badoli'
INFO: Weapon 1: 'EVA-8 AUTO'
INFO: Weapon 2: 'SPITFIRE'
INFO: 
INFO: >>> Frame 005903
INFO: Player name: '_ Twitch-Badali' -> 'Twitch-Badoli'
INFO: Weapon 1: 'EVA-8 AUTO'
INFO: Weapon 2: 'FLATLINE'
INFO: 
INFO: >>> Frame 005904
INFO: Player name: 'Twitch-Badali' -> 'Twitch-Badoli'
INFO: Weapon 1: 'EVA-B AUTO' -> 'EVA-8 AUTO'
INFO: Weapon 2: 'FLATLINE'
INFO: 
INFO: >>> Frame 005905
INFO: Player name: 'Twitch-Badoli'
INFO: Weapon 1: 'EVA-B AUTO' -> 'EVA-8 AUTO'
INFO: Weapon 2: '~ FLATLINE' -> 'FLATLINE'
INFO: 
INFO: >>> Frame 005906
INFO: Player name: 'twitch-maydeelol'
INFO: Weapon 1: 'FLATLINE'
INFO: Weapon 2: 'MASTIFF'
INFO: 
INFO: >>> Frame 005907
INFO: Player name: 'twitch-maydeelol'
INFO: Weapon 1: 'FLATLINE'
INFO: Weapon 2: 'MASTIFF'
INFO: 
INFO: >>> Frame 005908
INFO: Player name: 'twitch-maydeelo!l' -> 'twitch-maydeelol'
INFO: Weapon 1: 'FLATLINE'
INFO: Weapon 2: 'MASTIFF'
INFO: 
INFO: >>> Frame 005909
INFO: Player name: 'twitch-maydeelo!' -> 'twitch-maydeelol'
INFO: Weapon 1: 'FLATLINE'
INFO: Weapon 2: 'MASTIFF'
INFO: 
INFO: >>> Frame 005910
INFO: Player name: 'twitch-maydeelol'
INFO: Weapon 1: 'FLATLINE'
INFO: Weapon 2: 'MASTIFF'
INFO: 
INFO: >>> Frame 005911
INFO: Player name: 'twitch-maydeelol'
INFO: Weapon 1: 'FLATLINE'
INFO: Weapon 2: 'MASTIFF'
INFO: 
INFO: >>> Frame 005912
INFO: Player name: '-twitch-maydestot' -> 'twitch-maydeelol'
INFO: Weapon 1: 'FLATLINE'
INFO: Weapon 2: 'MASTIFF'
INFO: 
INFO: >>> Frame 005913
INFO: Player name: 'twitch-maydeelol'
INFO: Weapon 1: 'FLATLINE'
INFO: Weapon 2: 'MASTIFF'
INFO: 
INFO: >>> Frame 005914
INFO: Can't find player name end icon
INFO: 
INFO: >>> Frame 005915
INFO: Can't find player name end icon
INFO: 
INFO: >>> Frame 005916
INFO: Can't find player name end icon
INFO: 
INFO: >>> Frame 005917
INFO: Player name: 'ZNAVI_MaxStrafe' -> 'NAVI_MaxStrafe'
INFO: Weapon 1: 'R-99'
INFO: Weapon 2: 'MASTIFF'
INFO: 
INFO: >>> Frame 005918
INFO: Player name: 'JNAVI_MaxStrafe' -> 'NAVI_MaxStrafe'
INFO: Weapon 1: 'R-99'
INFO: Weapon 2: 'MASTIFF'
INFO: 
INFO: >>> Frame 005919
INFO: Player name: 'JNAVI_Maxstrafe' -> 'NAVI_MaxStrafe'
INFO: Weapon 1: 'R-99'
INFO: Weapon 2: 'MASTIFF'
INFO: 
INFO: >>> Frame 005920
INFO: Player name: 'NAV |_Maxstrafe' -> 'NAVI_MaxStrafe'
INFO: Weapon 1: 'R-99'
INFO: Weapon 2: 'MASTIFF'
INFO: 
INFO: >>> Frame 005921
INFO: 
INFO: >>> Frame 005922
INFO: Player name: '"INAV|_MaxStrafe' -> 'NAVI_MaxStrafe'
INFO: Weapon 2: 'MASTIFF'
INFO: 
INFO: >>> Frame 005923
INFO: Player name: 'JNAV|_MaxStrafe' -> 'NAVI_MaxStrafe'
INFO: Weapon 1: 'R-99'
INFO: Weapon 2: 'MASTIFF'
INFO: 
INFO: >>> Frame 005924
INFO: Player name: 'SNAVI_MaxStrate' -> 'NAVI_MaxStrafe'
INFO: Weapon 1: 'R-99'
INFO: Weapon 2: 'MASTIFF'
INFO: 
INFO: >>> Frame 005925
INFO: Can't find player name end icon
INFO: 
INFO: >>> Frame 005926
INFO: Can't find player name end icon
INFO: 
INFO: >>> Frame 005927
INFO: Player name: 'ANAV|_Maxstrafe' -> 'NAVI_MaxStrafe'
INFO: Weapon 1: 'R-99'
INFO: Weapon 2: 'MASTIFF'
INFO: 
INFO: >>> Frame 005928
INFO: 
INFO: >>> Frame 005929
INFO: Can't find player name end icon
INFO: 
INFO: >>> Frame 005930
INFO: Player name: 'Gracefulfps'
INFO: Weapon 1: 'MASTIFF'
INFO: Weapon 2: 'NEVOTION' -> 'DEVOTION'
INFO: 
INFO: >>> Frame 005931
INFO: Player name: ' Gracefulfps' -> 'Gracefulfps'
INFO: Weapon 1: 'MASTIFF'
INFO: Weapon 2: 'DEVOTION'
INFO: 
INFO: >>> Frame 005932
INFO: Player name: 'Gracefulfps'
INFO: Weapon 1: 'MASTIFF'
INFO: Weapon 2: 'DEVOTION'
INFO: 
INFO: >>> Frame 005933
INFO: Can't find player name end icon
