INFO: 
INFO: >>> Frame 006396
INFO: Can't find player name end icon
INFO: 
INFO: >>> Frame 006397
INFO: Can't find player name end icon
INFO: 
INFO: >>> Frame 006398
INFO: Can't find player name end icon
INFO: 
INFO: >>> Frame 006399
INFO: Can't find player name end icon
INFO: 
INFO: >>> Frame 006400
INFO: Can't find player name end icon
INFO: 
INFO: >>> Frame 006401
INFO: Can't find player name end icon
INFO: 
INFO: >>> Frame 006402
INFO: Can't find player name end icon
INFO: 
INFO: >>> Frame 006403
INFO: Can't find player name end icon
INFO: 
INFO: >>> Frame 006404
INFO: Can't find player name end icon
INFO: 
INFO: >>> Frame 006405
INFO: Can't find player name end icon
INFO: 
INFO: >>> Frame 006406
INFO: Can't find player name end icon
INFO: 
INFO: >>> Frame 006407
INFO: Can't find player name end icon
INFO: 
INFO: >>> Frame 006408
INFO: Can't find player name end icon
INFO: 
INFO: >>> Frame 006409
INFO: Can't find player name end icon
INFO: 
INFO: >>> Frame 006410
INFO: Can't find player name end icon
INFO: 
INFO: >>> Frame 006411
INFO: Can't find player name end icon
INFO: 
INFO: >>> Frame 006412
INFO: Can't find player name end icon
INFO: 
INFO: >>> Frame 006413
INFO: Can't find player name end icon
INFO: 
INFO: >>> Frame 006414
INFO: Player name: '7xaniya'
INFO: Weapon 1: 'YOLT' -> 'VOLT'
INFO: Weapon 2: 'ALTERNATOR'
INFO: 
INFO: >>> Frame 006415
INFO: Player name: '7xaniya'
INFO: Weapon 1: 'VOLT'
INFO: Weapon 2: 'ALTERNATOR'
INFO: 
INFO: >>> Frame 006416
INFO: Player name: 'NAVI_Nesh' -> 'NAVI_Neshh'
INFO: 
INFO: >>> Frame 006417
INFO: Player name: '/NAVINesh' -> 'NAVI_Neshh'
INFO: Weapon 1: 'RE-45'
INFO: 
INFO: >>> Frame 006418
INFO: Player name: '-NAVINesh' -> 'NAVI_Neshh'
INFO: Weapon 1: 'RE-45'
INFO: 
INFO: >>> Frame 006419
INFO: Player name: '_NAVLNesh' -> 'NAVI_Neshh'
INFO: Weapon 1: 'RE-45'
INFO: 
INFO: >>> Frame 006420
INFO: Player name: '_NAVI_Nesh' -> 'NAVI_Neshh'
INFO: Weapon 1: 'RE-45'
INFO: 
INFO: >>> Frame 006421
INFO: Player name: '-NAVINesh' -> 'NAVI_Neshh'
INFO: Weapon 1: 'RE-45'
INFO: 
INFO: >>> Frame 006422
INFO: Player name: '-NAVINesh' -> 'NAVI_Neshh'
INFO: Weapon 1: 'FLATLINE'
INFO: Weapon 2: 'RE-45'
INFO: 
INFO: >>> Frame 006423
INFO: Player name: 'NAVI Nesh' -> 'NAVI_Neshh'
INFO: Weapon 1: 'FLATLINE'
INFO: Weapon 2: 'R-301'
INFO: 
INFO: >>> Frame 006424
INFO: Player name: '_NAVI_Nesh' -> 'NAVI_Neshh'
INFO: Weapon 1: 'FLATLINE'
INFO: Weapon 2: 'R-301'
INFO: 
INFO: >>> Frame 006425
INFO: Player name: 'NAVINésh' -> 'NAVI_Neshh'
INFO: Weapon 1: 'FLATLINE'
INFO: Weapon 2: 'R-301'
INFO: 
INFO: >>> Frame 006426
INFO: Player name: '_NAVI_Nesh' -> 'NAVI_Neshh'
INFO: Weapon 1: 'FLATLINE'
INFO: Weapon 2: 'R-30]' -> 'R-301'
INFO: 
INFO: >>> Frame 006427
INFO: Player name: 'NAVI_Nesh' -> 'NAVI_Neshh'
INFO: Weapon 1: 'FLATLINE'
INFO: Weapon 2: 'R-301'
INFO: 
INFO: >>> Frame 006428
INFO: Player name: '-NAVINesh' -> 'NAVI_Neshh'
INFO: Weapon 1: 'FLATLINE'
INFO: Weapon 2: 'R-301'
INFO: 
INFO: >>> Frame 006429
INFO: Player name: ', NAVI_Nesh' -> 'NAVI_Neshh'
INFO: Weapon 1: 'FLATLINE'
INFO: Weapon 2: 'R-301'
INFO: 
INFO: >>> Frame 006430
INFO: 
INFO: >>> Frame 006431
INFO: Player name: '-NAVI_Nesh' -> 'NAVI_Neshh'
INFO: Weapon 1: 'FLATLINE'
INFO: Weapon 2: 'R-301'
INFO: 
INFO: >>> Frame 006432
INFO: Player name: '-NAVLNesh' -> 'NAVI_Neshh'
INFO: Weapon 1: 'FLATLINE'
INFO: Weapon 2: 'R-301'
INFO: 
INFO: >>> Frame 006433
INFO: Player name: '-NAVINesh' -> 'NAVI_Neshh'
INFO: Weapon 1: 'FLATLINE'
INFO: Weapon 2: 'R-301'
INFO: 
INFO: >>> Frame 006434
INFO: Player name: 'NAVINesh' -> 'NAVI_Neshh'
INFO: Weapon 1: 'FLATLINE'
INFO: Weapon 2: 'R-301'
INFO: 
INFO: >>> Frame 006435
INFO: Player name: '(NAVIINesh' -> 'NAVI_Neshh'
INFO: Weapon 1: 'FLATLINE'
INFO: Weapon 2: 'R-301'
INFO: 
INFO: >>> Frame 006436
INFO: Player name: 'NAVI_Nesh' -> 'NAVI_Neshh'
INFO: Weapon 1: 'FLATLINE'
INFO: Weapon 2: 'R-301'
INFO: 
INFO: >>> Frame 006437
INFO: Player name: 'NAVI_Nesh' -> 'NAVI_Neshh'
INFO: Weapon 1: 'FLATLINE'
INFO: Weapon 2: 'R-301'
INFO: 
INFO: >>> Frame 006438
INFO: Player name: '_NAVI_Nesh' -> 'NAVI_Neshh'
INFO: Weapon 1: 'FLATLINE'
INFO: Weapon 2: 'R-301'
INFO: 
INFO: >>> Frame 006439
INFO: Player name: 'NAVI_Nesh' -> 'NAVI_Neshh'
INFO: Weapon 1: 'FLATLINE'
INFO: Weapon 2: 'R-301'
INFO: 
INFO: >>> Frame 006440
INFO: Player name: 'NAVI_Nesh' -> 'NAVI_Neshh'
INFO: Weapon 1: 'FLATLINE'
INFO: Weapon 2: 'R-301'
INFO: 
INFO: >>> Frame 006441
INFO: Player name: 'Gambit Artyco' -> 'Gambit_Artyco'
INFO: Weapon 1: 'SPITFIRE'
INFO: 
INFO: >>> Frame 006442
INFO: Player name: '_Gambit_Artyco' -> 'Gambit_Artyco'
INFO: Weapon 1: 'SPITFIRE'
INFO: Weapon 2: 'TRIPLE TAKE'
INFO: 
INFO: >>> Frame 006443
INFO: Player name: '_Gambit_Artyco' -> 'Gambit_Artyco'
INFO: Weapon 1: 'SPITFIRE'
INFO: Weapon 2: 'TRIPLE TAKE'
INFO: 
INFO: >>> Frame 006444
INFO: Player name: ', Gambit_Artyco' -> 'Gambit_Artyco'
INFO: Weapon 1: 'SPITFIRE'
INFO: Weapon 2: 'TRIPLE TAKE'
INFO: 
INFO: >>> Frame 006445
INFO: Player name: 'Gambit_Artyco'
INFO: Weapon 1: 'SPITFIRE'
INFO: Weapon 2: 'TRIPLE TAKE'
INFO: 
INFO: >>> Frame 006446
INFO: Player name: ', Gambit_Artyco' -> 'Gambit_Artyco'
INFO: Weapon 1: 'SPITFIRE'
INFO: Weapon 2: 'TRIPLE TAKE'
INFO: 
INFO: >>> Frame 006447
INFO: Player name: 'Gambit_Artyco'
INFO: Weapon 1: 'SPITFIRE'
INFO: Weapon 2: 'TRIPLE TAKE'
INFO: 
INFO: >>> Frame 006448
INFO: Player name: 'Leogri3x6 Gambit' -> 'Leogri3x6_Gambit'
INFO: Weapon 1: 'EVA-8 AUTO'
INFO: Weapon 2: 'R-301'
INFO: 
INFO: >>> Frame 006449
INFO: Player name: 'Leogri3x6_Gambit'
INFO: Weapon 1: 'EVA-8 AUTO'
INFO: Weapon 2: 'R-301'
INFO: 
INFO: >>> Frame 006450
INFO: Player name: 'Leogridx6_Gambit' -> 'Leogri3x6_Gambit'
INFO: Weapon 1: 'EVA-8 AUTO'
INFO: Weapon 2: 'R-301'
INFO: 
INFO: >>> Frame 006451
INFO: Player name: 'Leogri3x6_Gambit'
INFO: Weapon 1: 'EVA-8 AUTO'
INFO: Weapon 2: 'R-301'
INFO: 
INFO: >>> Frame 006452
INFO: Player name: 'Leogri3x6_Gambit'
INFO: Weapon 1: 'EVA-8S AUTO' -> 'EVA-8 AUTO'
INFO: Weapon 2: 'R-301'
INFO: 
INFO: >>> Frame 006453
INFO: Player name: 'Leogri3x8_Gambit' -> 'Leogri3x6_Gambit'
INFO: Weapon 1: 'EVA-8 AUTO'
INFO: Weapon 2: 'R-301'
INFO: 
INFO: >>> Frame 006454
INFO: Player name: 'Leogri3x6_Gambit'
INFO: Weapon 1: 'EVA-8 AUTO'
INFO: Weapon 2: 'R-301'
INFO: 
INFO: >>> Frame 006455
INFO: Player name: 'Leogri3x6_Gambit'
INFO: Weapon 1: 'EVA-8 AUTO'
INFO: Weapon 2: 'R-301'
INFO: 
INFO: >>> Frame 006456
INFO: Player name: 'Gambit_Hardecki'
INFO: Weapon 1: 'VOLT'
INFO: Weapon 2: 'MASTIFF'
INFO: 
INFO: >>> Frame 006457
INFO: Player name: '‘Gambit_Hardecki' -> 'Gambit_Hardecki'
INFO: Weapon 1: 'VOLT'
INFO: Weapon 2: 'MASTIFF'
INFO: 
INFO: >>> Frame 006458
INFO: Player name: '‘Gambit_Hardecki' -> 'Gambit_Hardecki'
INFO: Weapon 1: 'VOLT'
INFO: Weapon 2: 'MASTIFF'
INFO: 
INFO: >>> Frame 006459
INFO: Player name: 'Gambit_Hardecki'
INFO: Weapon 1: 'VOLT'
INFO: Weapon 2: 'MASTIFF'
INFO: 
INFO: >>> Frame 006460
INFO: Player name: 'Gambit_Hardecki'
INFO: Weapon 1: 'VOLT'
INFO: Weapon 2: 'MASTIFF'
INFO: 
INFO: >>> Frame 006461
INFO: Player name: 'Gambit_Hardecki'
INFO: Weapon 1: 'VOLT'
INFO: Weapon 2: 'MASTIFF'
INFO: 
INFO: >>> Frame 006462
INFO: Player name: 'Gambit_Hardecki'
INFO: Weapon 1: 'VOLT'
INFO: Weapon 2: 'MASTIFF'
INFO: 
INFO: >>> Frame 006463
INFO: Player name: 'Gambit_Hardecki'
INFO: Weapon 1: 'VELT' -> 'VOLT'
INFO: Weapon 2: 'MASTIFF'
INFO: 
INFO: >>> Frame 006464
INFO: Can't find player name end icon
INFO: 
INFO: >>> Frame 006465
INFO: Can't find player name end icon
INFO: 
INFO: >>> Frame 006466
INFO: Can't find player name end icon
INFO: 
INFO: >>> Frame 006467
INFO: Player name: 'COOLER_Gnaske'
INFO: Weapon 1: 'ALTERNATOR'
INFO: Weapon 2: 'MASTIFF'
INFO: 
INFO: >>> Frame 006468
INFO: Player name: 'COOLER _Gnaske' -> 'COOLER_Gnaske'
INFO: Weapon 1: 'ALTERNATOR'
INFO: Weapon 2: 'MASTIFF'
INFO: 
INFO: >>> Frame 006469
INFO: Player name: 'COOLER Gnaske' -> 'COOLER_Gnaske'
INFO: Weapon 1: 'ALTERNATOR'
INFO: Weapon 2: 'MASTIFF'
INFO: 
INFO: >>> Frame 006470
INFO: Player name: '“COOLER Graske' -> 'COOLER_Gnaske'
INFO: Weapon 1: 'ALTERNATOR'
INFO: Weapon 2: 'MASTIFF'
INFO: 
INFO: >>> Frame 006471
INFO: Player name: 'COOLER. Gnaske' -> 'COOLER_Gnaske'
INFO: Weapon 1: 'ALTERNATOR'
INFO: Weapon 2: 'MASTIFF'
INFO: 
INFO: >>> Frame 006472
INFO: Player name: 'CDOLER_Gnaske' -> 'COOLER_Gnaske'
INFO: Weapon 1: 'ALTERNATOR'
INFO: Weapon 2: 'MASTIFF'
INFO: 
INFO: >>> Frame 006473
INFO: Player name: 'COOLER _Gnaske' -> 'COOLER_Gnaske'
INFO: Weapon 1: 'ALTERNATOR'
INFO: Weapon 2: 'MASTIFF'
INFO: 
INFO: >>> Frame 006474
INFO: Player name: '“COOLER Gnaske' -> 'COOLER_Gnaske'
INFO: Weapon 1: 'ALTERNATOR'
INFO: Weapon 2: 'MASTIFF'
INFO: 
INFO: >>> Frame 006475
INFO: Player name: 'COOLER Gnaske' -> 'COOLER_Gnaske'
INFO: Weapon 1: 'ALTERNATOR'
INFO: Weapon 2: 'MASTIFF'
INFO: 
INFO: >>> Frame 006476
INFO: Player name: 'COOLER_Gnaske'
INFO: Weapon 1: 'ALTERNATOR'
INFO: Weapon 2: 'MASTIFF'
INFO: 
INFO: >>> Frame 006477
INFO: Player name: 'COOLER_Gnaske'
INFO: Weapon 1: 'ALTERNATOR'
INFO: Weapon 2: 'MASTIFF'
INFO: 
INFO: >>> Frame 006478
INFO: Player name: 'COOLER Gnaske' -> 'COOLER_Gnaske'
INFO: Weapon 1: 'ALTERNATOR'
INFO: Weapon 2: 'MASTIFF'
INFO: 
INFO: >>> Frame 006479
INFO: Player name: 'COOLER _Gnaske' -> 'COOLER_Gnaske'
INFO: Weapon 1: 'ALTERNATOR'
INFO: Weapon 2: 'MASTIFF'
INFO: 
INFO: >>> Frame 006480
INFO: Player name: 'COOLER Gnaske' -> 'COOLER_Gnaske'
INFO: Weapon 1: 'ALTERNATOR'
INFO: Weapon 2: 'MASTIFF'
INFO: 
INFO: >>> Frame 006481
INFO: Player name: 'COOLER Gnaske' -> 'COOLER_Gnaske'
INFO: Weapon 1: 'ALTERNATOR'
INFO: Weapon 2: 'MASTIFF'
INFO: 
INFO: >>> Frame 006482
INFO: Player name: 'COOLER_Gnaske'
INFO: Weapon 1: 'ALTERNATOR'
INFO: Weapon 2: 'MASTIFF'
INFO: 
INFO: >>> Frame 006483
INFO: Player name: 'COOLER_Gnaske'
INFO: Weapon 1: 'ALTERNATOR'
INFO: Weapon 2: 'MASTIFF'
INFO: 
INFO: >>> Frame 006484
INFO: Player name: 'COOLER _Gnaske' -> 'COOLER_Gnaske'
INFO: Weapon 1: 'ALTERNATOR'
INFO: Weapon 2: 'MASTIFF'
INFO: 
INFO: >>> Frame 006485
INFO: Player name: 'COOLER Gnaske' -> 'COOLER_Gnaske'
INFO: Weapon 1: 'ALTERNATOR'
INFO: Weapon 2: 'MASTIFF'
INFO: 
INFO: >>> Frame 006486
INFO: Player name: 'COOLER _Gnaske' -> 'COOLER_Gnaske'
INFO: Weapon 1: 'ALTERNATOR'
INFO: Weapon 2: 'MASTIFF'
INFO: 
INFO: >>> Frame 006487
INFO: Player name: 'G7Dolphn'
INFO: Weapon 1: 'SPITFIRE'
INFO: Weapon 2: 'G7 SCOUT'
INFO: 
INFO: >>> Frame 006488
INFO: Player name: 'G7Dolphn'
INFO: Weapon 1: 'SPITFIRE'
INFO: Weapon 2: 'G7 SCOUT'
INFO: 
INFO: >>> Frame 006489
INFO: Player name: 'G7Dolphn'
INFO: Weapon 1: 'SPITFIRE'
INFO: Weapon 2: 'G7 SCOUT'
INFO: 
INFO: >>> Frame 006490
INFO: Player name: '‘G7Dolphn' -> 'G7Dolphn'
INFO: Weapon 1: 'SPITFIRE'
INFO: Weapon 2: 'G7 SCOUT'
INFO: 
INFO: >>> Frame 006491
INFO: Player name: 'G7Dolphn'
INFO: Weapon 1: 'SPITFIRE'
INFO: Weapon 2: 'G7 SCOUT'
INFO: 
INFO: >>> Frame 006492
INFO: Player name: 'Twitch-Badoli'
INFO: Weapon 1: 'MASTIFF'
INFO: Weapon 2: '=HARGE RIFLE' -> 'CHARGE RIFLE'
INFO: 
INFO: >>> Frame 006493
INFO: Player name: 'Naghz'
INFO: Weapon 1: 'VOLT'
INFO: Weapon 2: 'R-§9' -> 'R-99'
INFO: 
INFO: >>> Frame 006494
INFO: Player name: 'Naghz'
INFO: Weapon 1: 'VOLT'
INFO: Weapon 2: 'R-99'
INFO: 
INFO: >>> Frame 006495
INFO: Player name: 'Naghz'
INFO: Weapon 1: 'VOLT'
INFO: Weapon 2: 'R-99'
INFO: 
INFO: >>> Frame 006496
INFO: Player name: 'Naghz'
INFO: Weapon 1: 'VOLT'
INFO: Weapon 2: 'R-99'
INFO: 
INFO: >>> Frame 006497
INFO: Player name: 'Naghz'
INFO: Weapon 1: 'VOLT'
INFO: Weapon 2: 'R-99'
INFO: 
INFO: >>> Frame 006498
INFO: 
INFO: >>> Frame 006499
INFO: Player name: 'G7Dolphn'
INFO: Weapon 1: 'SPITFIRE'
INFO: Weapon 2: 'G7 SCOUT'
INFO: 
INFO: >>> Frame 006500
INFO: Player name: 'G7Dolphn'
INFO: Weapon 1: 'SPITFIRE'
INFO: Weapon 2: 'G? SCOUT' -> 'G7 SCOUT'
INFO: 
INFO: >>> Frame 006501
INFO: Player name: 'G7Dolphn'
INFO: Weapon 1: 'SPITFIRE'
INFO: Weapon 2: 'G7 SCOUT'
INFO: 
INFO: >>> Frame 006502
INFO: Player name: 'NAVI_Kouhia'
INFO: Weapon 1: 'VOLT'
INFO: Weapon 2: 'G7 SCOUT'
INFO: 
INFO: >>> Frame 006503
INFO: Player name: 'NAV!_Kouhia' -> 'NAVI_Kouhia'
INFO: Weapon 2: 'G? SCOUT' -> 'G7 SCOUT'
INFO: 
INFO: >>> Frame 006504
INFO: Player name: 'NAVI_Kauhia' -> 'NAVI_Kouhia'
INFO: Weapon 1: 'VOLT'
INFO: Weapon 2: 'G7 SCOUT'
INFO: 
INFO: >>> Frame 006505
INFO: Player name: 'NAVI_Kauhia' -> 'NAVI_Kouhia'
INFO: Weapon 1: 'VOLT'
INFO: Weapon 2: 'G? SCOUT' -> 'G7 SCOUT'
INFO: 
INFO: >>> Frame 006506
INFO: Player name: 'JNAVI_MaxsStrafe' -> 'NAVI_MaxStrafe'
INFO: Weapon 1: 'G7 SCOUT'
INFO: Weapon 2: 'EVA-38 AUTO' -> 'EVA-8 AUTO'
INFO: 
INFO: >>> Frame 006507
INFO: Player name: '-NAVINesh' -> 'NAVI_Neshh'
INFO: Weapon 1: 'R-301'
INFO: Weapon 2: 'MASTIFF'
INFO: 
INFO: >>> Frame 006508
INFO: Player name: 'NAVINesh' -> 'NAVI_Neshh'
INFO: Weapon 1: 'R-301'
INFO: Weapon 2: 'MASTIFF'
INFO: 
INFO: >>> Frame 006509
INFO: Player name: 'NAVI_Nesh' -> 'NAVI_Neshh'
INFO: Weapon 1: 'R-301'
INFO: Weapon 2: 'MASTIFF'
INFO: 
INFO: >>> Frame 006510
INFO: Player name: '-NAVINesh' -> 'NAVI_Neshh'
INFO: Weapon 1: 'R-401' -> 'R-301'
INFO: Weapon 2: 'MASTIFF'
INFO: 
INFO: >>> Frame 006511
INFO: Player name: '_NAVI_Nesh' -> 'NAVI_Neshh'
INFO: Weapon 1: 'R-301'
INFO: Weapon 2: 'MASTIFF'
INFO: 
INFO: >>> Frame 006512
INFO: Player name: 'NAVI_MaxStrafe'
INFO: Weapon 1: 'G7 SCOUT'
INFO: Weapon 2: 'EVA-8 AUTO'
INFO: 
INFO: >>> Frame 006513
INFO: Can't find player name end icon
INFO: 
INFO: >>> Frame 006514
INFO: Can't find player name end icon
INFO: 
INFO: >>> Frame 006515
INFO: Player name: 'NEW_K4SHERA'
INFO: Weapon 1: 'FLATLINE'
INFO: Weapon 2: 'VOLT'
INFO: 
INFO: >>> Frame 006516
INFO: Player name: 'NEW PostKiLL' -> 'NEW_PostKiLL'
INFO: Weapon 1: 'EVA-8 AUTE' -> 'EVA-8 AUTO'
INFO: Weapon 2: 'HAVOC'
INFO: 
INFO: >>> Frame 006517
INFO: Player name: 'NEW PostKiLL' -> 'NEW_PostKiLL'
INFO: Weapon 1: 'EVA-8 AUTE' -> 'EVA-8 AUTO'
INFO: Weapon 2: 'HAVOC'
INFO: 
INFO: >>> Frame 006518
INFO: 
INFO: >>> Frame 006519
INFO: 
INFO: >>> Frame 006520
INFO: Player name: 'NEW Rogerdoger' -> 'NEW_Rogerboger'
INFO: 
INFO: >>> Frame 006521
INFO: Can't find player name end icon
INFO: 
INFO: >>> Frame 006522
INFO: Player name: 'NEW Raogerboger' -> 'NEW_Rogerboger'
INFO: Weapon 1: 'R-30)' -> 'R-301'
INFO: Weapon 2: 'EVA-8 AUTO'
INFO: 
INFO: >>> Frame 006523
INFO: 
INFO: >>> Frame 006524
INFO: Player name: 'NEW_K4SHERA'
INFO: Weapon 1: 'FLATLINE'
INFO: Weapon 2: 'VOLT'
INFO: 
INFO: >>> Frame 006525
INFO: Player name: 'NEW_K4SHERA'
INFO: Weapon 1: 'FLATLINE'
INFO: Weapon 2: 'VOLT'
INFO: 
INFO: >>> Frame 006526
INFO: Can't find player name end icon
INFO: 
INFO: >>> Frame 006527
INFO: Player name: '_Gracefulfps' -> 'Gracefulfps'
INFO: Weapon 1: 'MASTIFF'
INFO: Weapon 2: 'G7 SCOUT'
INFO: 
INFO: >>> Frame 006528
INFO: Can't find player name end icon
INFO: 
INFO: >>> Frame 006529
INFO: Can't find player name end icon
INFO: 
INFO: >>> Frame 006530
INFO: Can't find player name end icon
INFO: 
INFO: >>> Frame 006531
INFO: Player name: ', Gracefulfps' -> 'Gracefulfps'
INFO: Weapon 1: 'MASTIFF'
INFO: Weapon 2: 'G7 SCOUT'
INFO: 
INFO: >>> Frame 006532
INFO: Player name: '_ Gracefulfps' -> 'Gracefulfps'
INFO: Weapon 1: 'MASTIFF'
INFO: Weapon 2: 'G7 SCOUT'
INFO: 
INFO: >>> Frame 006533
INFO: Can't find player name end icon
INFO: 
INFO: >>> Frame 006534
INFO: Player name: ', Gracefulfps' -> 'Gracefulfps'
INFO: Weapon 1: 'MASTIFEF' -> 'MASTIFF'
INFO: Weapon 2: 'G7 SCOUT'
INFO: 
INFO: >>> Frame 006535
INFO: Player name: '_ Gracefulfps' -> 'Gracefulfps'
INFO: Weapon 1: 'MASTIFF'
INFO: Weapon 2: 'G7 SCOUT'
INFO: 
INFO: >>> Frame 006536
INFO: Player name: '_ Gracefulfps' -> 'Gracefulfps'
INFO: Weapon 1: 'MASTIFF'
INFO: Weapon 2: 'G7 SCOUT'
INFO: 
INFO: >>> Frame 006537
INFO: Can't find player name end icon
INFO: 
INFO: >>> Frame 006538
INFO: Can't find player name end icon
INFO: 
INFO: >>> Frame 006539
INFO: Can't find player name end icon
INFO: 
INFO: >>> Frame 006540
INFO: Player name: 'Alliance_Hakis'
INFO: Weapon 1: 'VOLT'
INFO: Weapon 2: 'EVA-8 AUTO'
INFO: 
INFO: >>> Frame 006541
INFO: Player name: 'Alliance_Hakis'
INFO: Weapon 1: 'VOLT'
INFO: Weapon 2: 'EVA-B AUTO' -> 'EVA-8 AUTO'
INFO: 
INFO: >>> Frame 006542
INFO: Player name: 'Alliance_Hakis'
INFO: Weapon 1: 'VOLT'
INFO: Weapon 2: 'EVA-8 AUTO'
INFO: 
INFO: >>> Frame 006543
INFO: Player name: 'Alliance_Hakis'
INFO: Weapon 1: 'VOLT'
INFO: Weapon 2: 'EVA-3 AUTO' -> 'EVA-8 AUTO'
INFO: 
INFO: >>> Frame 006544
INFO: Player name: 'Alliance_Hakis'
INFO: Weapon 1: 'VOLT'
INFO: Weapon 2: 'EVA-B AUTO' -> 'EVA-8 AUTO'
INFO: 
INFO: >>> Frame 006545
INFO: Player name: 'Altiance_Hakis' -> 'Alliance_Hakis'
INFO: Weapon 1: 'VOLT'
INFO: Weapon 2: 'EVA-3 AUTO' -> 'EVA-8 AUTO'
INFO: 
INFO: >>> Frame 006546
INFO: Player name: 'Alliance Hakis' -> 'Alliance_Hakis'
INFO: Weapon 1: 'VOLT'
INFO: Weapon 2: 'EVA-B AUTO' -> 'EVA-8 AUTO'
INFO: 
INFO: >>> Frame 006547
INFO: Player name: 'Alliance Hakis' -> 'Alliance_Hakis'
INFO: Weapon 1: 'VOLT'
INFO: Weapon 2: 'EVA-38 AUTO' -> 'EVA-8 AUTO'
INFO: 
INFO: >>> Frame 006548
INFO: Player name: 'Alliance _Hakis' -> 'Alliance_Hakis'
INFO: Weapon 1: 'VOLT'
INFO: Weapon 2: 'EVA-8 AUTO'
INFO: 
INFO: >>> Frame 006549
INFO: Player name: 'Alliance_Hakis'
INFO: Weapon 1: 'VOLT'
INFO: Weapon 2: 'EVA-8 AUTO'
INFO: 
INFO: >>> Frame 006550
INFO: Player name: 'Alliance_Hakis'
INFO: Weapon 1: 'VOLT'
INFO: Weapon 2: 'EVA-3 AUTO' -> 'EVA-8 AUTO'
INFO: 
INFO: >>> Frame 006551
INFO: Player name: 'Alliance Hakis' -> 'Alliance_Hakis'
INFO: Weapon 1: 'VOLT'
INFO: Weapon 2: 'EVA-8 AUTO'
INFO: 
INFO: >>> Frame 006552
INFO: Player name: 'Alliance Hakis' -> 'Alliance_Hakis'
INFO: Weapon 1: 'VOLT'
INFO: Weapon 2: 'EVA-B AUTO' -> 'EVA-8 AUTO'
INFO: 
INFO: >>> Frame 006553
INFO: Player name: 'Alliance _Hakis' -> 'Alliance_Hakis'
INFO: Weapon 1: 'VOLT'
INFO: Weapon 2: 'EVA-8 AUTO'
INFO: 
INFO: >>> Frame 006554
INFO: Player name: 'Aliance iPN-kOu' -> 'Alliance_iPN-kOu'
INFO: Weapon 1: 'G7 SCOUT'
INFO: Weapon 2: 'EVA-8 AUTO'
INFO: 
INFO: >>> Frame 006555
INFO: Player name: 'Alliance_iPN-kOu'
INFO: Weapon 1: 'G7 SCOUT'
INFO: Weapon 2: 'EVA-68 AUTO' -> 'EVA-8 AUTO'
INFO: 
INFO: >>> Frame 006556
INFO: Can't find player name end icon
INFO: 
INFO: >>> Frame 006557
INFO: Player name: 'Alliance_iPN-kOu'
INFO: Weapon 1: 'G7 SCOUT'
INFO: Weapon 2: 'EVA-8 AUTO'
INFO: 
INFO: >>> Frame 006558
INFO: Player name: 'Alliance_Vaifs'
INFO: Weapon 1: 'FLATLINE'
INFO: Weapon 2: 'MASTIFF'
INFO: 
INFO: >>> Frame 006559
INFO: Player name: 'Alliance _Vaifs' -> 'Alliance_Vaifs'
INFO: Weapon 1: 'FLATLINE'
INFO: Weapon 2: 'MASTIFF'
INFO: 
INFO: >>> Frame 006560
INFO: Player name: 'Alliance-Maifs' -> 'Alliance_Vaifs'
INFO: Weapon 1: 'FLATLINE'
INFO: Weapon 2: 'MASTIFF'
INFO: 
INFO: >>> Frame 006561
INFO: Player name: '_Alliance_Vaifs' -> 'Alliance_Vaifs'
INFO: Weapon 1: 'FLATLINE'
INFO: Weapon 2: 'MASTIFF'
INFO: 
INFO: >>> Frame 006562
INFO: Player name: '_Alliance_Vaifs' -> 'Alliance_Vaifs'
INFO: Weapon 1: 'FLATLINE'
INFO: Weapon 2: 'MASTIFF'
INFO: 
INFO: >>> Frame 006563
INFO: Can't find player name end icon
INFO: 
INFO: >>> Frame 006564
INFO: Can't find player name end icon
INFO: 
INFO: >>> Frame 006565
INFO: Can't find player name end icon
INFO: 
INFO: >>> Frame 006566
INFO: Can't find player name end icon
INFO: 
INFO: >>> Frame 006567
INFO: Can't find player name end icon
INFO: 
INFO: >>> Frame 006568
INFO: Player name: 'Alliance_Vaifs'
INFO: Weapon 1: 'FLATLINE'
INFO: Weapon 2: 'MASTIFF'
INFO: 
INFO: >>> Frame 006569
INFO: Player name: 'Alliance Vaifs' -> 'Alliance_Vaifs'
INFO: Weapon 1: 'FLATLINE'
INFO: Weapon 2: 'MASTIFF'
INFO: 
INFO: >>> Frame 006570
INFO: Player name: 'Alliance Hakis' -> 'Alliance_Hakis'
INFO: Weapon 1: 'VOLT'
INFO: Weapon 2: 'EVA-B AUTO' -> 'EVA-8 AUTO'
INFO: 
INFO: >>> Frame 006571
INFO: Player name: 'Alliance_Hakis'
INFO: Weapon 1: 'VOLT'
INFO: Weapon 2: 'EVA-3 AUTO' -> 'EVA-8 AUTO'
INFO: 
INFO: >>> Frame 006572
INFO: Player name: 'Alliance_Hakis'
INFO: Weapon 1: 'VOLT'
INFO: Weapon 2: 'EVA-3 AUTO' -> 'EVA-8 AUTO'
INFO: 
INFO: >>> Frame 006573
INFO: Player name: 'Alliance_Hakis'
INFO: Weapon 1: 'VOLT'
INFO: Weapon 2: 'EVA-8 AUTO'
INFO: 
INFO: >>> Frame 006574
INFO: Player name: 'Alliance_Hakis'
INFO: Weapon 1: 'VOLT'
INFO: Weapon 2: 'EVA-B AUTO' -> 'EVA-8 AUTO'
INFO: 
INFO: >>> Frame 006575
INFO: Player name: 'Alliance_Hakis'
INFO: Weapon 1: 'VOLT'
INFO: Weapon 2: 'EVA-B AUTO' -> 'EVA-8 AUTO'
INFO: 
INFO: >>> Frame 006576
INFO: Player name: 'Alliance_Hakis'
INFO: Weapon 1: 'VOLT'
INFO: Weapon 2: 'EVA-38 AUTO' -> 'EVA-8 AUTO'
INFO: 
INFO: >>> Frame 006577
INFO: Player name: 'Alliance_Hakis'
INFO: Weapon 1: 'VOLT'
INFO: Weapon 2: 'EVA-B AUTO' -> 'EVA-8 AUTO'
INFO: 
INFO: >>> Frame 006578
INFO: Player name: 'Alliance_Hakis'
INFO: Weapon 1: 'VOLT'
INFO: Weapon 2: 'EVA-8 AUTO'
INFO: 
INFO: >>> Frame 006579
INFO: Player name: 'Allance_Hakis' -> 'Alliance_Hakis'
INFO: Weapon 1: 'VOLT'
INFO: Weapon 2: 'EVA-8 AUTO'
INFO: 
INFO: >>> Frame 006580
INFO: Player name: 'Alliance_Hakis'
INFO: Weapon 1: 'VOLT'
INFO: Weapon 2: 'EVA-B AUTO' -> 'EVA-8 AUTO'
INFO: 
INFO: >>> Frame 006581
INFO: Player name: 'Alliance_Hakis'
INFO: Weapon 1: 'VOLT'
INFO: Weapon 2: 'EVA-8 AUTO'
INFO: 
INFO: >>> Frame 006582
INFO: Player name: 'Alliance_Hakis'
INFO: Weapon 1: 'VOLT'
INFO: Weapon 2: 'EVA-8 AUTO'
INFO: 
INFO: >>> Frame 006583
INFO: Player name: 'Alhiance_Hakis' -> 'Alliance_Hakis'
INFO: Weapon 1: 'VOLT'
INFO: Weapon 2: 'EVA-38 AUTO' -> 'EVA-8 AUTO'
INFO: 
INFO: >>> Frame 006584
INFO: Player name: 'Alliance Hakis' -> 'Alliance_Hakis'
INFO: Weapon 1: 'VOLT'
INFO: Weapon 2: 'EVA-8 AUTO'
INFO: 
INFO: >>> Frame 006585
INFO: Player name: 'Alliance_Hakis'
INFO: Weapon 1: 'VOLT'
INFO: Weapon 2: 'EVA-8 AUTO'
INFO: 
INFO: >>> Frame 006586
INFO: Player name: 'Alliance_Hakis'
INFO: Weapon 1: 'VOLT'
INFO: Weapon 2: 'EVA-8 AUTO'
INFO: 
INFO: >>> Frame 006587
INFO: Player name: 'Alliance _Hakis' -> 'Alliance_Hakis'
INFO: Weapon 1: 'VOLT'
INFO: Weapon 2: 'EVA-8 AUTO'
INFO: 
INFO: >>> Frame 006588
INFO: Player name: 'Alliance_iPN-kOu'
INFO: Weapon 1: 'G7 SCOUT'
INFO: Weapon 2: 'EVA-B AUTO' -> 'EVA-8 AUTO'
INFO: 
INFO: >>> Frame 006589
INFO: Player name: '_ Alliance _Vaifs' -> 'Alliance_Vaifs'
INFO: Weapon 1: 'FLATLINE'
INFO: Weapon 2: 'MASTIFF'
INFO: 
INFO: >>> Frame 006590
INFO: Player name: 'FotM_nothFPS'
INFO: Weapon 1: 'FLATLINE'
INFO: Weapon 2: 'R-301'
INFO: 
INFO: >>> Frame 006591
INFO: Player name: 'FotM_nothFPS'
INFO: Weapon 1: 'FLATLINE'
INFO: Weapon 2: 'R-301'
INFO: 
INFO: >>> Frame 006592
INFO: Player name: 'FotM_nothFPS'
INFO: Weapon 1: 'FLATLINE'
INFO: Weapon 2: 'R-301'
INFO: 
INFO: >>> Frame 006593
INFO: Player name: 'FotM_nothFPS'
INFO: Weapon 1: 'FLATLINE'
INFO: Weapon 2: 'R-301'
INFO: 
INFO: >>> Frame 006594
INFO: Player name: 'FotM_nothFPS'
INFO: Weapon 1: 'FLATLINE'
INFO: Weapon 2: 'R-301'
INFO: 
INFO: >>> Frame 006595
INFO: Player name: 'FotM_nothFPS'
INFO: Weapon 1: 'FLATLINE'
INFO: Weapon 2: 'R-301'
INFO: 
INFO: >>> Frame 006596
INFO: Player name: 'FotM_nothFPS'
INFO: Weapon 1: 'FLATLINE'
INFO: Weapon 2: 'R-301'
INFO: 
INFO: >>> Frame 006597
INFO: Player name: 'FotM_nothFPS'
INFO: Weapon 1: 'FLATLINE'
INFO: Weapon 2: 'R-301'
INFO: 
INFO: >>> Frame 006598
INFO: Player name: 'FotM Tayinr' -> 'FotM_Taylor'
INFO: Weapon 1: 'R-301'
INFO: Weapon 2: 'EVA-8 AUTO'
INFO: 
INFO: >>> Frame 006599
INFO: Player name: 'FotM Taylor' -> 'FotM_Taylor'
INFO: Weapon 1: 'R-30)' -> 'R-301'
INFO: Weapon 2: 'EVA-8 AUTO'
INFO: 
INFO: >>> Frame 006600
INFO: Player name: 'JNAVI_MaxSirafe' -> 'NAVI_MaxStrafe'
INFO: Weapon 1: 'KAABER' -> 'KRABER'
INFO: Weapon 2: 'EVA-8 AUTO'
INFO: 
INFO: >>> Frame 006601
INFO: Player name: 'JNAVIMaxStrafe' -> 'NAVI_MaxStrafe'
INFO: Weapon 1: 'KRABER'
INFO: Weapon 2: 'EVA-8 AUTO'
INFO: 
INFO: >>> Frame 006602
INFO: Player name: 'JNAV|_MaxStrafe' -> 'NAVI_MaxStrafe'
INFO: Weapon 1: 'KRABER'
INFO: Weapon 2: 'EVA-8 AUTO'
INFO: 
INFO: >>> Frame 006603
INFO: Player name: 'NAVI_Nesh' -> 'NAVI_Neshh'
INFO: Weapon 1: 'R-301'
INFO: Weapon 2: 'MASTIFF'
INFO: 
INFO: >>> Frame 006604
INFO: Player name: ', NAVI_Nesh' -> 'NAVI_Neshh'
INFO: Weapon 1: 'R-301'
INFO: Weapon 2: 'MASTIFF'
INFO: 
INFO: >>> Frame 006605
INFO: Player name: 'NAVI_Nesh' -> 'NAVI_Neshh'
INFO: Weapon 1: 'R-301'
INFO: Weapon 2: 'MASTIFF'
INFO: 
INFO: >>> Frame 006606
INFO: Player name: 'NAVI Nesh' -> 'NAVI_Neshh'
INFO: Weapon 1: 'R-301'
INFO: Weapon 2: 'MASTIFF'
INFO: 
INFO: >>> Frame 006607
INFO: Player name: '_NAVI_Nesh' -> 'NAVI_Neshh'
INFO: Weapon 1: 'R-301'
INFO: Weapon 2: 'MASTIFF'
INFO: 
INFO: >>> Frame 006608
INFO: Player name: '_NAVI_Nesh' -> 'NAVI_Neshh'
INFO: Weapon 2: 'MASTIFF'
INFO: 
INFO: >>> Frame 006609
INFO: Player name: ',NAVI_Nesh' -> 'NAVI_Neshh'
INFO: Weapon 1: 'R-301'
INFO: Weapon 2: 'MASTIFF'
INFO: 
INFO: >>> Frame 006610
INFO: Player name: '_NAVI_Nesh' -> 'NAVI_Neshh'
INFO: Weapon 1: 'R-301'
INFO: Weapon 2: 'MASTIFF'
INFO: 
INFO: >>> Frame 006611
INFO: Player name: 'NAVI_Nesh' -> 'NAVI_Neshh'
INFO: Weapon 1: 'R-401' -> 'R-301'
INFO: Weapon 2: 'MASTIFF'
INFO: 
INFO: >>> Frame 006612
INFO: Player name: 'NAVI_Nesh' -> 'NAVI_Neshh'
INFO: Weapon 1: 'R-301'
INFO: Weapon 2: 'MASTIFF'
INFO: 
INFO: >>> Frame 006613
INFO: Player name: '_NAVI_Nesh' -> 'NAVI_Neshh'
INFO: Weapon 1: 'R-301'
INFO: Weapon 2: 'MASTIFF'
INFO: 
INFO: >>> Frame 006614
INFO: Can't find player name end icon
INFO: 
INFO: >>> Frame 006615
INFO: Can't find player name end icon
INFO: 
INFO: >>> Frame 006616
INFO: Can't find player name end icon
INFO: 
INFO: >>> Frame 006617
INFO: Can't find player name end icon
INFO: 
INFO: >>> Frame 006618
INFO: Can't find player name end icon
INFO: 
INFO: >>> Frame 006619
INFO: Can't find player name end icon
INFO: 
INFO: >>> Frame 006620
INFO: Player name: 'Leogri3xG_Gambit' -> 'Leogri3x6_Gambit'
INFO: Weapon 1: 'EVA-8 AUTO'
INFO: Weapon 2: 'R-301'
INFO: 
INFO: >>> Frame 006621
INFO: Player name: 'Leogri3xB Gambit' -> 'Leogri3x6_Gambit'
INFO: Weapon 1: 'EVA-8 AUTO'
INFO: Weapon 2: 'R-301'
INFO: 
INFO: >>> Frame 006622
INFO: Player name: 'Leogri3x6_Gambit'
INFO: Weapon 1: 'EVA-8 AUTO'
INFO: Weapon 2: 'R-301'
INFO: 
INFO: >>> Frame 006623
INFO: Player name: 'Leogri3x6_Gambit'
INFO: Weapon 1: 'EVA-S AUTO' -> 'EVA-8 AUTO'
INFO: Weapon 2: 'R-301'
INFO: 
INFO: >>> Frame 006624
INFO: Player name: 'Leogri3x6_Gambit'
INFO: Weapon 1: 'EVA-8 AUTO'
INFO: Weapon 2: 'R-301'
INFO: 
INFO: >>> Frame 006625
INFO: Player name: 'Leogri3x6_Gambit'
INFO: Weapon 1: 'EVA-8 AUTO'
INFO: Weapon 2: 'R-301'
INFO: 
INFO: >>> Frame 006626
INFO: Player name: 'Leogri3x6_Gambit'
INFO: Weapon 1: 'EVA-8 AUTO'
INFO: Weapon 2: 'R-301'
INFO: 
INFO: >>> Frame 006627
INFO: Player name: 'Leogri3x6_Gambit'
INFO: Weapon 1: 'EVA-8 AUTO'
INFO: Weapon 2: 'R-301'
INFO: 
INFO: >>> Frame 006628
INFO: Player name: 'Leogri3x6_Gambit'
INFO: Weapon 1: 'EVA-8 AUTO'
INFO: Weapon 2: 'R-301'
INFO: 
INFO: >>> Frame 006629
INFO: 
INFO: >>> Frame 006630
INFO: Player name: 'Leogri3x6_Gambit'
INFO: Weapon 1: 'EVA-8 AUTO'
INFO: Weapon 2: 'R-301'
INFO: 
INFO: >>> Frame 006631
INFO: Player name: 'Leogriax6_Gambit' -> 'Leogri3x6_Gambit'
INFO: Weapon 1: 'EVA-8 AUTO'
INFO: Weapon 2: 'R-301'
INFO: 
INFO: >>> Frame 006632
INFO: Player name: ' Gracefulfps' -> 'Gracefulfps'
INFO: Weapon 1: 'MASTIFF'
INFO: Weapon 2: 'G7 SCOUT'
INFO: 
INFO: >>> Frame 006633
INFO: Player name: '_Gracefulfps' -> 'Gracefulfps'
INFO: Weapon 1: 'MASTIFF'
INFO: Weapon 2: 'G7 SCOUT'
INFO: 
INFO: >>> Frame 006634
INFO: Player name: 'Gracefulfps'
INFO: Weapon 1: 'MASTIFF'
INFO: Weapon 2: 'G7 SCOUT'
INFO: 
INFO: >>> Frame 006635
INFO: Player name: 'Gracefulfps'
INFO: Weapon 1: 'MASTIFF'
INFO: Weapon 2: 'G7? SCOUT' -> 'G7 SCOUT'
INFO: 
INFO: >>> Frame 006636
INFO: Player name: ', Gracefulfps' -> 'Gracefulfps'
INFO: Weapon 1: 'MASTIFF'
INFO: Weapon 2: 'G7 SCOUT'
INFO: 
INFO: >>> Frame 006637
INFO: Player name: ' Gracefulfps' -> 'Gracefulfps'
INFO: Weapon 1: 'MASTIFF'
INFO: Weapon 2: 'G7 SCOUT'
INFO: 
INFO: >>> Frame 006638
INFO: Player name: 'Jmwfps'
INFO: Weapon 1: 'MASTIFF'
INFO: Weapon 2: 'oPITFIRE' -> 'SPITFIRE'
INFO: 
INFO: >>> Frame 006639
INFO: Player name: 'Jmwfps'
INFO: Weapon 1: 'MASTIFF'
INFO: Weapon 2: 'SPITFIRE'
INFO: 
INFO: >>> Frame 006640
INFO: Player name: 'Jmwfps'
INFO: Weapon 1: 'MASTIFF'
INFO: Weapon 2: 'SPITFIRE'
INFO: 
INFO: >>> Frame 006641
INFO: Player name: 'Jmwfps'
INFO: Weapon 1: 'MASTIFF'
INFO: Weapon 2: 'SPITFIRE'
INFO: 
INFO: >>> Frame 006642
INFO: Player name: 'Jmwfps'
INFO: Weapon 1: 'MASTIFF'
INFO: Weapon 2: 'SPITFIRE'
INFO: 
INFO: >>> Frame 006643
INFO: Player name: 'Jmwfps'
INFO: Weapon 1: 'MASTIFF'
INFO: Weapon 2: 'SPITFIRE'
INFO: 
INFO: >>> Frame 006644
INFO: Player name: 'Jmwips' -> 'Jmwfps'
INFO: Weapon 1: 'MASTIFF'
INFO: Weapon 2: 'SPITFIRE'
INFO: 
INFO: >>> Frame 006645
INFO: Player name: 'Jmwfps'
INFO: Weapon 1: 'MASTIFF'
INFO: Weapon 2: 'SPITFIRE'
INFO: 
INFO: >>> Frame 006646
INFO: Player name: '-TTM_ShRP' -> 'TTM_ShRP'
INFO: Weapon 1: 'LONGBOW'
INFO: Weapon 2: 'MASTIFF'
INFO: 
INFO: >>> Frame 006647
INFO: Player name: '_TTM_ShRP' -> 'TTM_ShRP'
INFO: Weapon 2: 'MASTIFF'
INFO: 
INFO: >>> Frame 006648
INFO: Player name: '-TTM_ShRP' -> 'TTM_ShRP'
INFO: Weapon 1: 'LONGBOW'
INFO: Weapon 2: 'MASTIFF'
INFO: 
INFO: >>> Frame 006649
INFO: Player name: 'TTM_ShAP' -> 'TTM_ShRP'
INFO: Weapon 1: 'LONGBOW'
INFO: Weapon 2: 'MASTIFF'
INFO: 
INFO: >>> Frame 006650
INFO: Player name: '-TTM_ShRP' -> 'TTM_ShRP'
INFO: Weapon 1: 'LONGBOW'
INFO: Weapon 2: 'MASTIFF'
INFO: 
INFO: >>> Frame 006651
INFO: Player name: 'TTM_ShAP' -> 'TTM_ShRP'
INFO: Weapon 1: 'LONGBOW'
INFO: Weapon 2: 'MASTIFF'
INFO: 
INFO: >>> Frame 006652
INFO: Player name: '_TTM_ShRP' -> 'TTM_ShRP'
INFO: Weapon 1: 'LONGBOW'
INFO: Weapon 2: 'MASTIFF'
INFO: 
INFO: >>> Frame 006653
INFO: Player name: 'FotM_Pjeh'
INFO: Weapon 2: 'EVA-8 AUTO'
INFO: 
INFO: >>> Frame 006654
INFO: Player name: '-FotM Pjeh' -> 'FotM_Pjeh'
INFO: Weapon 1: 'FLATLINE'
INFO: Weapon 2: 'EVA-B AUTO' -> 'EVA-8 AUTO'
INFO: 
INFO: >>> Frame 006655
INFO: Player name: ',FotM_Pjeh' -> 'FotM_Pjeh'
INFO: Weapon 1: 'FLATLINE'
INFO: Weapon 2: 'EVA-3 AUTO' -> 'EVA-8 AUTO'
INFO: 
INFO: >>> Frame 006656
INFO: Player name: 'FotM_Pjeh'
INFO: Weapon 1: 'FLATLINE'
INFO: Weapon 2: 'EVA-8 AUTO'
INFO: 
INFO: >>> Frame 006657
INFO: Player name: 'FotM_Pjeh'
INFO: Weapon 1: 'FLATLINE'
INFO: Weapon 2: 'EVA-8 AUTO'
INFO: 
INFO: >>> Frame 006658
INFO: 
INFO: >>> Frame 006659
INFO: 
INFO: >>> Frame 006660
INFO: 
INFO: >>> Frame 006661
INFO: 
INFO: >>> Frame 006662
INFO: 
INFO: >>> Frame 006663
INFO: 
INFO: >>> Frame 006664
INFO: 
INFO: >>> Frame 006665
INFO: 
INFO: >>> Frame 006666
INFO: 
INFO: >>> Frame 006667
INFO: 
INFO: >>> Frame 006668
INFO: 
INFO: >>> Frame 006669
INFO: 
INFO: >>> Frame 006670
INFO: 
INFO: >>> Frame 006671
INFO: 
INFO: >>> Frame 006672
INFO: 
INFO: >>> Frame 006673
INFO: 
INFO: >>> Frame 006674
INFO: 
INFO: >>> Frame 006675
INFO: 
INFO: >>> Frame 006676
INFO: Player name: 'FotM_Pjah' -> 'FotM_Pjeh'
INFO: Weapon 2: 'EVA-8 AUTH' -> 'EVA-8 AUTO'
INFO: 
INFO: >>> Frame 006677
INFO: Player name: 'FatM_Pjeh' -> 'FotM_Pjeh'
INFO: Weapon 1: 'FLATLINE'
INFO: Weapon 2: 'EYA-8 AUTO' -> 'EVA-8 AUTO'
INFO: 
INFO: >>> Frame 006678
INFO: Player name: 'FotM_Pjeh'
INFO: Weapon 1: 'FLATLINE'
INFO: Weapon 2: 'EVA-B AUTO' -> 'EVA-8 AUTO'
INFO: 
INFO: >>> Frame 006679
INFO: Player name: '-FotM Pjeh' -> 'FotM_Pjeh'
INFO: Weapon 1: 'FLATLINE'
INFO: Weapon 2: 'EVA-8 AUTO'
INFO: 
INFO: >>> Frame 006680
INFO: Can't find player name end icon
INFO: 
INFO: >>> Frame 006681
INFO: Can't find player name end icon
INFO: 
INFO: >>> Frame 006682
INFO: Can't find player name end icon
INFO: 
INFO: >>> Frame 006683
INFO: Can't find player name end icon
INFO: 
INFO: >>> Frame 006684
INFO: Player name: 'FotM_Taylor'
INFO: Weapon 1: 'R-301'
INFO: Weapon 2: 'EVA-8 AUTO'
INFO: 
INFO: >>> Frame 006685
INFO: Player name: 'FotM Taylor' -> 'FotM_Taylor'
INFO: Weapon 1: 'R-301'
INFO: Weapon 2: 'EVA-38 AUTO' -> 'EVA-8 AUTO'
INFO: 
INFO: >>> Frame 006686
INFO: Player name: 'FotM_Taylor'
INFO: Weapon 1: 'R-301'
INFO: Weapon 2: 'EVA-B AUTO' -> 'EVA-8 AUTO'
INFO: 
INFO: >>> Frame 006687
INFO: Player name: 'FotM. Taylor' -> 'FotM_Taylor'
INFO: Weapon 1: 'R-301'
INFO: Weapon 2: 'EVA-3 AUTO' -> 'EVA-8 AUTO'
INFO: 
INFO: >>> Frame 006688
INFO: Player name: 'FotM Taylor' -> 'FotM_Taylor'
INFO: Weapon 1: 'R-301'
INFO: Weapon 2: 'EVA-B AUTO' -> 'EVA-8 AUTO'
INFO: 
INFO: >>> Frame 006689
INFO: Player name: 'FotM Taylor' -> 'FotM_Taylor'
INFO: Weapon 1: 'R-301'
INFO: Weapon 2: 'EVA-8 AUTO'
INFO: 
INFO: >>> Frame 006690
INFO: Player name: 'FotM_Taylor'
INFO: Weapon 1: 'R-301'
INFO: Weapon 2: 'EVA-8 AUTO'
INFO: 
INFO: >>> Frame 006691
INFO: Player name: 'FotM Taylor' -> 'FotM_Taylor'
INFO: Weapon 1: 'R-301'
INFO: Weapon 2: 'EVA-B AUTO' -> 'EVA-8 AUTO'
INFO: 
INFO: >>> Frame 006692
INFO: Player name: 'FotM_Taylor'
INFO: Weapon 1: 'R-301'
INFO: Weapon 2: 'EVA-38 AUTO' -> 'EVA-8 AUTO'
INFO: 
INFO: >>> Frame 006693
INFO: Player name: 'FotM Taylor' -> 'FotM_Taylor'
INFO: Weapon 1: 'R-301'
INFO: Weapon 2: 'EVA-8 AUTO'
INFO: 
INFO: >>> Frame 006694
INFO: Player name: 'FotM Taylor' -> 'FotM_Taylor'
INFO: Weapon 2: 'EVA-3 AUTO' -> 'EVA-8 AUTO'
INFO: 
INFO: >>> Frame 006695
INFO: Player name: 'FotM Taylor' -> 'FotM_Taylor'
INFO: Weapon 1: 'R-301'
INFO: Weapon 2: 'EVA-8 AUTO'
INFO: 
INFO: >>> Frame 006696
INFO: Player name: 'FotM Taylor' -> 'FotM_Taylor'
INFO: Weapon 2: 'EVA-B AUTO' -> 'EVA-8 AUTO'
INFO: 
INFO: >>> Frame 006697
INFO: Player name: 'FotM_nothFPS'
INFO: Weapon 1: 'FLATLINE'
INFO: Weapon 2: 'R-301'
INFO: 
INFO: >>> Frame 006698
INFO: Can't find player name end icon
INFO: 
INFO: >>> Frame 006699
INFO: Can't find player name end icon
INFO: 
INFO: >>> Frame 006700
INFO: Can't find player name end icon
INFO: 
INFO: >>> Frame 006701
INFO: Can't find player name end icon
INFO: 
INFO: >>> Frame 006702
INFO: Player name: '-TTM_ShRP' -> 'TTM_ShRP'
INFO: Weapon 1: 'LONGBOW'
INFO: Weapon 2: 'MASTIFF'
INFO: 
INFO: >>> Frame 006703
INFO: Player name: 'TTM_ShRP'
INFO: Weapon 1: 'LONGBOW'
INFO: Weapon 2: 'MASTIFF'
INFO: 
INFO: >>> Frame 006704
INFO: Player name: 'TTM_ShRP'
INFO: Weapon 1: 'LONGBOW'
INFO: Weapon 2: 'MASTIFF'
INFO: 
INFO: >>> Frame 006705
INFO: Player name: 'TTM_ShRP'
INFO: Weapon 1: 'LONGBOW'
INFO: Weapon 2: 'MASTIFF'
INFO: 
INFO: >>> Frame 006706
INFO: Player name: 'TTM_Amaazz'
INFO: Weapon 1: 'SPITFIRE'
INFO: Weapon 2: 'EVA-8 AUTO'
INFO: 
INFO: >>> Frame 006707
INFO: Player name: 'TTM_Amaazz'
INFO: Weapon 1: 'SPITFIRE'
INFO: Weapon 2: 'EVA-8 AUTO'
INFO: 
INFO: >>> Frame 006708
INFO: Player name: 'TTM_Amaazz'
INFO: Weapon 1: 'SPITFIRE'
INFO: Weapon 2: 'EVA-B AUTO' -> 'EVA-8 AUTO'
INFO: 
INFO: >>> Frame 006709
INFO: Player name: 'TTM_Amaazz'
INFO: Weapon 1: 'SPITFIRE'
INFO: Weapon 2: 'EVA-B AUTO' -> 'EVA-8 AUTO'
INFO: 
INFO: >>> Frame 006710
INFO: Player name: 'TTM_Amaazz'
INFO: Weapon 1: 'SPITFIRE'
INFO: Weapon 2: 'EVA-B AUTO' -> 'EVA-8 AUTO'
INFO: 
INFO: >>> Frame 006711
INFO: Player name: 'TTM_JS5avageW' -> 'TTM_JSavageW'
INFO: Weapon 1: 'SPITFIRE'
INFO: Weapon 2: 'VOLT'
INFO: 
INFO: >>> Frame 006712
INFO: Player name: 'TTM_JSavageW'
INFO: Weapon 1: 'SPITFIRE'
INFO: Weapon 2: 'VOLT'
INFO: 
INFO: >>> Frame 006713
INFO: Player name: 'TTM_JSavagew' -> 'TTM_JSavageW'
INFO: Weapon 1: 'SPITFIRE'
INFO: Weapon 2: 'VOLT'
INFO: 
INFO: >>> Frame 006714
INFO: Player name: 'TTM_JSavageW'
INFO: Weapon 1: 'SPITFIRE'
INFO: Weapon 2: 'VOLT'
INFO: 
INFO: >>> Frame 006715
INFO: Player name: 'TTM_JSavageW'
INFO: Weapon 1: 'SPITFIRE'
INFO: Weapon 2: 'VOLT'
INFO: 
INFO: >>> Frame 006716
INFO: Player name: 'TTM_JSavageW'
INFO: Weapon 1: 'SPITFIRE'
INFO: Weapon 2: 'VOLT'
INFO: 
INFO: >>> Frame 006717
INFO: Player name: 'TTM_JSavageW'
INFO: Weapon 1: 'SPITFIRE'
INFO: Weapon 2: 'VOLT'
INFO: 
INFO: >>> Frame 006718
INFO: Player name: 'TTM_JSavagewW' -> 'TTM_JSavageW'
INFO: Weapon 1: '‘SPITFIRE' -> 'SPITFIRE'
INFO: Weapon 2: 'VOLT'
INFO: 
INFO: >>> Frame 006719
INFO: Player name: 'TTM_ShAP' -> 'TTM_ShRP'
INFO: Weapon 1: 'LONGBOW'
INFO: Weapon 2: 'MASTIFF'
INFO: 
INFO: >>> Frame 006720
INFO: Player name: '-TTM_ShAP' -> 'TTM_ShRP'
INFO: Weapon 1: 'LONGBOW'
INFO: Weapon 2: 'MASTIFF'
INFO: 
INFO: >>> Frame 006721
INFO: Player name: 'TTM_ShAP' -> 'TTM_ShRP'
INFO: Weapon 1: 'LONGBOW'
INFO: Weapon 2: 'MASTIFF'
INFO: 
INFO: >>> Frame 006722
INFO: Can't find player name end icon
INFO: 
INFO: >>> Frame 006723
INFO: Can't find player name end icon
INFO: 
INFO: >>> Frame 006724
INFO: Can't find player name end icon
INFO: 
INFO: >>> Frame 006725
INFO: Can't find player name end icon
INFO: 
INFO: >>> Frame 006726
INFO: Can't find player name end icon
INFO: 
INFO: >>> Frame 006727
INFO: Can't find player name end icon
INFO: 
INFO: >>> Frame 006728
INFO: Player name: '_Twitch-Badali' -> 'Twitch-Badoli'
INFO: Weapon 1: 'MASTIFF'
INFO: Weapon 2: '>HARGE RIFLE' -> 'CHARGE RIFLE'
INFO: 
INFO: >>> Frame 006729
INFO: Player name: '_ Twitch-Badoli' -> 'Twitch-Badoli'
INFO: Weapon 1: 'MASTIFF'
INFO: Weapon 2: '=HARGE RIFLE' -> 'CHARGE RIFLE'
INFO: 
INFO: >>> Frame 006730
INFO: Player name: 'Naghz'
INFO: Weapon 1: 'VOLT'
INFO: Weapon 2: 'R-99'
INFO: 
INFO: >>> Frame 006731
INFO: Player name: '_ Twitch-Badoli' -> 'Twitch-Badoli'
INFO: Weapon 1: 'MASTIFF'
INFO: Weapon 2: '>HARGE RIFLE' -> 'CHARGE RIFLE'
INFO: 
INFO: >>> Frame 006732
INFO: Player name: '_Twitch-Badali' -> 'Twitch-Badoli'
INFO: Weapon 1: 'MASTIFF'
INFO: Weapon 2: 'SHARGE RIFLE' -> 'CHARGE RIFLE'
INFO: 
INFO: >>> Frame 006733
INFO: Player name: 'Twitch-Badoli'
INFO: Weapon 1: 'MASTIFF'
INFO: Weapon 2: 'SHARGE RIFLE' -> 'CHARGE RIFLE'
INFO: 
INFO: >>> Frame 006734
INFO: Player name: '_ Twitch-Badoli' -> 'Twitch-Badoli'
INFO: Weapon 1: 'MASTIFF'
INFO: Weapon 2: '=HARGE RIFLE' -> 'CHARGE RIFLE'
INFO: 
INFO: >>> Frame 006735
INFO: Player name: 'Twitch-Badali' -> 'Twitch-Badoli'
INFO: Weapon 1: 'MASTIFF'
INFO: Weapon 2: 'SHARGE RIFLE' -> 'CHARGE RIFLE'
INFO: 
INFO: >>> Frame 006736
INFO: Player name: 'Twitch-Badoli'
INFO: Weapon 1: 'MASTIFE' -> 'MASTIFF'
INFO: Weapon 2: '>HARGE RIFLE' -> 'CHARGE RIFLE'
INFO: 
INFO: >>> Frame 006737
INFO: Player name: '‘Twitch-Badali' -> 'Twitch-Badoli'
INFO: Weapon 1: 'MASTIFF'
INFO: Weapon 2: '>HARGE RIFLE' -> 'CHARGE RIFLE'
INFO: 
INFO: >>> Frame 006738
INFO: Player name: 'KICK Siebak' -> 'K1CK_Siebak'
INFO: Weapon 1: 'R-301'
INFO: Weapon 2: 'EVA-8 AUTO'
INFO: 
INFO: >>> Frame 006739
INFO: Player name: ', KICK_Siebak' -> 'K1CK_Siebak'
INFO: Weapon 1: 'R-301'
INFO: Weapon 2: 'EVA-8 AUTO'
INFO: 
INFO: >>> Frame 006740
INFO: Player name: 'KICK. Genzay' -> 'K1CK_Denzay'
INFO: Weapon 1: 'R301' -> 'R-301'
INFO: Weapon 2: 'EVa-E AUTO' -> 'EVA-8 AUTO'
INFO: 
INFO: >>> Frame 006741
INFO: Player name: 'KICK Denzay' -> 'K1CK_Denzay'
INFO: Weapon 1: 'R-301'
INFO: Weapon 2: 'EVA-8 AUTO'
INFO: 
INFO: >>> Frame 006742
INFO: Player name: '“Ae .\nKICK _Denzay' -> 'K1CK_Denzay'
INFO: Weapon 1: 'R-301,' -> 'R-301'
INFO: Weapon 2: 'EV4-68 AUTO' -> 'EVA-8 AUTO'
INFO: 
INFO: >>> Frame 006743
INFO: Player name: 'KICK Denzay' -> 'K1CK_Denzay'
INFO: Weapon 2: 'EVA-3 AUTO' -> 'EVA-8 AUTO'
INFO: 
INFO: >>> Frame 006744
INFO: Player name: 'KICK_Denzay' -> 'K1CK_Denzay'
INFO: Weapon 1: 'R-301'
INFO: Weapon 2: 'EVA-8 AUTO'
INFO: 
INFO: >>> Frame 006745
INFO: Player name: 'KICK _Denzay' -> 'K1CK_Denzay'
INFO: Weapon 1: 'R-30)' -> 'R-301'
INFO: Weapon 2: 'EVA-8 AUTO'
INFO: 
INFO: >>> Frame 006746
INFO: Player name: 'KICK JgcuL' -> 'K1CK_Jacuu'
INFO: Weapon 1: 'FLATLINE'
INFO: Weapon 2: 'EVA-8 AUTO'
INFO: 
INFO: >>> Frame 006747
INFO: Player name: 'KICK Jacuu' -> 'K1CK_Jacuu'
INFO: Weapon 1: 'FLATLINE'
INFO: Weapon 2: 'EVA-8 AUTO'
INFO: 
INFO: >>> Frame 006748
INFO: Can't find player name end icon
INFO: 
INFO: >>> Frame 006749
INFO: Player name: 'Ti BallonG' -> 'TI_BallonG'
INFO: Weapon 1: 'EVA-B AUTO' -> 'EVA-8 AUTO'
INFO: Weapon 2: 'G7 SCOUT'
INFO: 
INFO: >>> Frame 006750
INFO: Can't find player name end icon
INFO: 
INFO: >>> Frame 006751
INFO: Can't find player name end icon
INFO: 
INFO: >>> Frame 006752
INFO: Can't find player name end icon
INFO: 
INFO: >>> Frame 006753
INFO: Can't find player name end icon
INFO: 
INFO: >>> Frame 006754
INFO: Can't find player name end icon
INFO: 
INFO: >>> Frame 006755
INFO: Can't find player name end icon
INFO: 
INFO: >>> Frame 006756
INFO: Can't find player name end icon
INFO: 
INFO: >>> Frame 006757
INFO: Player name: 'Gambit_Hardecki'
INFO: Weapon 1: 'VOLT'
INFO: Weapon 2: 'EVA-38 AUTO' -> 'EVA-8 AUTO'
INFO: 
INFO: >>> Frame 006758
INFO: Player name: 'Gambit_Hardecki'
INFO: Weapon 1: 'VOLT'
INFO: Weapon 2: 'EVA-38 AUTO' -> 'EVA-8 AUTO'
INFO: 
INFO: >>> Frame 006759
INFO: Player name: 'Gambit_Hardecki'
INFO: Weapon 1: 'VOLT'
INFO: Weapon 2: 'EVA-8 AUTO'
INFO: 
INFO: >>> Frame 006760
INFO: Player name: 'Gambit_Hardecki'
INFO: Weapon 1: 'VOLT'
INFO: Weapon 2: 'EVA-B AUTO' -> 'EVA-8 AUTO'
INFO: 
INFO: >>> Frame 006761
INFO: Can't find player name end icon
INFO: 
INFO: >>> Frame 006762
INFO: Player name: 'Gambit_Hardecki'
INFO: Weapon 1: 'VOLT'
INFO: Weapon 2: 'EVA-8 AUTO'
INFO: 
INFO: >>> Frame 006763
INFO: Player name: 'Gambit_Hardecki'
INFO: Weapon 1: 'VOLT'
INFO: Weapon 2: 'EVA-8 AUTO'
INFO: 
INFO: >>> Frame 006764
INFO: Player name: 'Gambit_Hardecki'
INFO: Weapon 1: 'VOLT'
INFO: Weapon 2: 'EVA-8 AUTO'
INFO: 
INFO: >>> Frame 006765
INFO: Player name: 'Gambit_Hardecki'
INFO: Weapon 1: 'VOLT'
INFO: Weapon 2: 'EVA-8 AUTO'
INFO: 
INFO: >>> Frame 006766
INFO: Player name: 'Gambit_Hardecki'
INFO: Weapon 1: 'VOLT'
INFO: Weapon 2: 'EVA-8 AUTO'
INFO: 
INFO: >>> Frame 006767
INFO: Player name: 'Gambit_Hardecki'
INFO: Weapon 1: 'VOLT'
INFO: Weapon 2: 'EVA-8 AUTO'
INFO: 
INFO: >>> Frame 006768
INFO: Player name: 'Gambit_Hardecki'
INFO: Weapon 1: 'VOLT'
INFO: Weapon 2: 'EVA-8 AUTO'
INFO: 
INFO: >>> Frame 006769
INFO: Player name: 'Gambit_Hardecki'
INFO: Weapon 1: 'VOLT'
INFO: Weapon 2: 'EVA-B AUTO' -> 'EVA-8 AUTO'
INFO: 
INFO: >>> Frame 006770
INFO: Player name: 'Gambit_Hardecki'
INFO: Weapon 1: 'VOLT'
INFO: Weapon 2: 'EVA-8 AUTO'
INFO: 
INFO: >>> Frame 006771
INFO: Player name: 'Gambit Hardecki' -> 'Gambit_Hardecki'
INFO: Weapon 1: 'VOLT'
INFO: Weapon 2: 'EVA-B AUTO' -> 'EVA-8 AUTO'
INFO: 
INFO: >>> Frame 006772
INFO: Player name: '_Gambit_Artyco' -> 'Gambit_Artyco'
INFO: Weapon 1: 'SPITFIRE'
INFO: Weapon 2: 'MASTIFF'
INFO: 
INFO: >>> Frame 006773
INFO: Can't find player name end icon
INFO: 
INFO: >>> Frame 006774
INFO: Can't find player name end icon
INFO: 
INFO: >>> Frame 006775
INFO: Can't find player name end icon
INFO: 
INFO: >>> Frame 006776
INFO: Can't find player name end icon
INFO: 
INFO: >>> Frame 006777
INFO: Can't find player name end icon
INFO: 
INFO: >>> Frame 006778
INFO: Player name: '_FotM_Pjeh' -> 'FotM_Pjeh'
INFO: Weapon 1: 'FLATLINE'
INFO: Weapon 2: 'EVA-8 AUTO'
INFO: 
INFO: >>> Frame 006779
INFO: Player name: 'FotM_Pjeh'
INFO: Weapon 1: 'FLATLINE'
INFO: Weapon 2: 'EVA-B AUTO' -> 'EVA-8 AUTO'
INFO: 
INFO: >>> Frame 006780
INFO: Player name: '_FotM_Pjeh' -> 'FotM_Pjeh'
INFO: Weapon 1: 'FLATLINE'
INFO: Weapon 2: 'EVA-& AUTO' -> 'EVA-8 AUTO'
INFO: 
INFO: >>> Frame 006781
INFO: Player name: ',FotM_Pjeh' -> 'FotM_Pjeh'
INFO: Weapon 1: 'FLATLINE'
INFO: Weapon 2: 'EVA-B AUTO' -> 'EVA-8 AUTO'
INFO: 
INFO: >>> Frame 006782
INFO: Player name: 'FotM_Pjeh'
INFO: Weapon 1: 'FLATLINE'
INFO: Weapon 2: 'EVA-B AUTO' -> 'EVA-8 AUTO'
INFO: 
INFO: >>> Frame 006783
INFO: Player name: 'FotM_Pjeh'
INFO: Weapon 1: 'FLATLINE'
INFO: Weapon 2: 'EVA-3 AUTO' -> 'EVA-8 AUTO'
INFO: 
INFO: >>> Frame 006784
INFO: Player name: 'FotM_Taylor'
INFO: Weapon 1: 'R-301'
INFO: Weapon 2: 'EVA-38 AUTO' -> 'EVA-8 AUTO'
INFO: 
INFO: >>> Frame 006785
INFO: Player name: 'NAVI_Kouhia'
INFO: Weapon 1: 'VBLT' -> 'VOLT'
INFO: Weapon 2: 'G7SCOUT' -> 'G7 SCOUT'
INFO: 
INFO: >>> Frame 006786
INFO: Player name: 'NAVI_Kouhia'
INFO: Weapon 1: 'VOLT'
INFO: Weapon 2: 'G7 SCOUT'
INFO: 
INFO: >>> Frame 006787
INFO: Player name: 'NAVI_Kouhia'
INFO: Weapon 1: 'VOLT'
INFO: Weapon 2: 'G7 SCOUT'
INFO: 
INFO: >>> Frame 006788
INFO: Player name: 'NAVI_Kouhia'
INFO: Weapon 1: 'VOLT'
INFO: Weapon 2: 'G7 SCOUT'
INFO: 
INFO: >>> Frame 006789
INFO: Player name: 'NAVI Kouhia' -> 'NAVI_Kouhia'
INFO: Weapon 1: 'VOLT'
INFO: Weapon 2: 'G7 SCOUT'
INFO: 
INFO: >>> Frame 006790
INFO: Can't find player name end icon
INFO: 
INFO: >>> Frame 006791
INFO: Can't find player name end icon
INFO: 
INFO: >>> Frame 006792
INFO: Can't find player name end icon
INFO: 
INFO: >>> Frame 006793
INFO: Can't find player name end icon
INFO: 
INFO: >>> Frame 006794
INFO: Can't find player name end icon
INFO: 
INFO: >>> Frame 006795
INFO: Player name: 'JNAVI_MaxStrafe' -> 'NAVI_MaxStrafe'
INFO: Weapon 1: 'KRABER'
INFO: Weapon 2: 'EVA-8 AUTO'
INFO: 
INFO: >>> Frame 006796
INFO: Player name: 'JNAVI_MaxStrafe' -> 'NAVI_MaxStrafe'
INFO: Weapon 1: 'KRABER'
INFO: Weapon 2: 'EVA-8 AUTO'
INFO: 
INFO: >>> Frame 006797
INFO: Player name: 'JNAVI_MaxStrafe' -> 'NAVI_MaxStrafe'
INFO: Weapon 1: 'KRABER'
INFO: Weapon 2: 'EVA-8 AUTO'
INFO: 
INFO: >>> Frame 006798
INFO: Player name: 'JNAVI_Maxstrafe' -> 'NAVI_MaxStrafe'
INFO: Weapon 1: 'KRABER'
INFO: Weapon 2: 'EVA-8 AUTO'
INFO: 
INFO: >>> Frame 006799
INFO: Player name: 'JNAVI_MaxStrafe' -> 'NAVI_MaxStrafe'
INFO: Weapon 1: 'KRABER'
INFO: Weapon 2: 'EVA-8 AUTO'
INFO: 
INFO: >>> Frame 006800
INFO: Player name: 'JNAVI_MaxStrafe' -> 'NAVI_MaxStrafe'
INFO: Weapon 1: 'KRABER'
INFO: Weapon 2: 'EVA-6 AUTO' -> 'EVA-8 AUTO'
INFO: 
INFO: >>> Frame 006801
INFO: Player name: 'JNAVI_MaxStrafe' -> 'NAVI_MaxStrafe'
INFO: Weapon 1: 'KRABER'
INFO: Weapon 2: 'EVA-8 AUTO'
INFO: 
INFO: >>> Frame 006802
INFO: Player name: 'JNAVI_Maxstrafe' -> 'NAVI_MaxStrafe'
INFO: Weapon 1: 'KRABER'
INFO: Weapon 2: 'EVA-8 AUTO'
INFO: 
INFO: >>> Frame 006803
INFO: Player name: 'JNAVI_MaxStrafe' -> 'NAVI_MaxStrafe'
INFO: Weapon 1: 'KRABER'
INFO: Weapon 2: 'EVA-8 AUTO'
INFO: 
INFO: >>> Frame 006804
INFO: Player name: 'JNAVI_MaxStrafe' -> 'NAVI_MaxStrafe'
INFO: Weapon 1: 'KRABER'
INFO: Weapon 2: 'EVA-3 AUTO' -> 'EVA-8 AUTO'
INFO: 
INFO: >>> Frame 006805
INFO: Player name: 'JNAVI_MaxStrafe' -> 'NAVI_MaxStrafe'
INFO: Weapon 1: 'KRABER'
INFO: Weapon 2: 'EVA-3 AUTO' -> 'EVA-8 AUTO'
INFO: 
INFO: >>> Frame 006806
INFO: Player name: 'JNAVI_MaxStrafe' -> 'NAVI_MaxStrafe'
INFO: Weapon 1: 'KRABER'
INFO: Weapon 2: 'EVA-8 AUTO'
INFO: 
INFO: >>> Frame 006807
INFO: Player name: 'JNAVI_MaxStrafe' -> 'NAVI_MaxStrafe'
INFO: Weapon 1: 'KRABER'
INFO: Weapon 2: 'EVA-3 AUTO' -> 'EVA-8 AUTO'
INFO: 
INFO: >>> Frame 006808
INFO: Player name: 'JNAVI_MaxStrafe' -> 'NAVI_MaxStrafe'
INFO: Weapon 1: 'KRABER'
INFO: Weapon 2: 'EVA-8 AUTO'
INFO: 
INFO: >>> Frame 006809
INFO: Player name: 'JNAVI_MaxStrafe' -> 'NAVI_MaxStrafe'
INFO: Weapon 1: 'KRABER'
INFO: Weapon 2: 'EVA-B AUTO' -> 'EVA-8 AUTO'
INFO: 
INFO: >>> Frame 006810
INFO: Player name: 'JNAVI_Maxstrafe' -> 'NAVI_MaxStrafe'
INFO: Weapon 1: 'KRABER'
INFO: Weapon 2: 'EVA-B AUTO' -> 'EVA-8 AUTO'
INFO: 
INFO: >>> Frame 006811
INFO: Player name: 'JNAVI_MaxStrafe' -> 'NAVI_MaxStrafe'
INFO: Weapon 1: 'KRABER'
INFO: Weapon 2: 'EVA-3 AUTO' -> 'EVA-8 AUTO'
INFO: 
INFO: >>> Frame 006812
INFO: Player name: 'JNAVI_MaxStrafe' -> 'NAVI_MaxStrafe'
INFO: Weapon 1: 'KRABER'
INFO: Weapon 2: 'EVA-8 AUTO'
INFO: 
INFO: >>> Frame 006813
INFO: Player name: 'sNAVI_MaxStrafe' -> 'NAVI_MaxStrafe'
INFO: Weapon 1: 'KRABER'
INFO: Weapon 2: 'EVA-B AUTO' -> 'EVA-8 AUTO'
INFO: 
INFO: >>> Frame 006814
INFO: Player name: 'JNAVI_MaxStrafe' -> 'NAVI_MaxStrafe'
INFO: Weapon 1: 'KRABER'
INFO: Weapon 2: 'EVA-8 AUTO'
INFO: 
INFO: >>> Frame 006815
INFO: Player name: 'JNAVI_MaxStrafe' -> 'NAVI_MaxStrafe'
INFO: Weapon 1: 'KRABER'
INFO: Weapon 2: 'EVA-B AUTO' -> 'EVA-8 AUTO'
INFO: 
INFO: >>> Frame 006816
INFO: Player name: 'JNAV|_MaxStrafe' -> 'NAVI_MaxStrafe'
INFO: Weapon 1: 'KRABER'
INFO: Weapon 2: 'EVA-8 AUTO'
INFO: 
INFO: >>> Frame 006817
INFO: Player name: 'JNAVI_MaxStrafe' -> 'NAVI_MaxStrafe'
INFO: Weapon 1: 'KRABER'
INFO: Weapon 2: 'EVA-8 AUTO'
INFO: 
INFO: >>> Frame 006818
INFO: Player name: 'JNAVI_Maxstrafe' -> 'NAVI_MaxStrafe'
INFO: Weapon 1: 'KRABER'
INFO: Weapon 2: 'EVA-8 AUTO'
INFO: 
INFO: >>> Frame 006819
INFO: Can't find player name end icon
INFO: 
INFO: >>> Frame 006820
INFO: Can't find player name end icon
INFO: 
INFO: >>> Frame 006821
INFO: Can't find player name end icon
INFO: 
INFO: >>> Frame 006822
INFO: Player name: 'JNAVI_MaxStrafe' -> 'NAVI_MaxStrafe'
INFO: Weapon 1: 'KRABER'
INFO: Weapon 2: 'EVA-8 AUTO'
INFO: 
INFO: >>> Frame 006823
INFO: Player name: 'JNAVI_MaxStrafe' -> 'NAVI_MaxStrafe'
INFO: Weapon 1: 'KRABER'
INFO: Weapon 2: 'EVA-8 AUTO'
INFO: 
INFO: >>> Frame 006824
INFO: Player name: 'JNAVI_MaxStrafe' -> 'NAVI_MaxStrafe'
INFO: Weapon 1: 'KRABER'
INFO: Weapon 2: 'EVA-B AUTO' -> 'EVA-8 AUTO'
INFO: 
INFO: >>> Frame 006825
INFO: Player name: 'NAVI_MaxStrafe'
INFO: Weapon 1: 'KRABER'
INFO: Weapon 2: 'EVA-8 AUTO'
INFO: 
INFO: >>> Frame 006826
INFO: Player name: 'JNAVI_Maxstrafe' -> 'NAVI_MaxStrafe'
INFO: Weapon 1: 'KRABER'
INFO: Weapon 2: 'EVA-8 AUTO'
INFO: 
INFO: >>> Frame 006827
INFO: Player name: 'sNAVI.MaxStrafe' -> 'NAVI_MaxStrafe'
INFO: Weapon 1: 'KRABER'
INFO: Weapon 2: 'EVA-B AUTO' -> 'EVA-8 AUTO'
INFO: 
INFO: >>> Frame 006828
INFO: Player name: 'JNAVI_MaxStrafe' -> 'NAVI_MaxStrafe'
INFO: Weapon 1: 'KRABER'
INFO: Weapon 2: 'EVA-8 AUTO'
INFO: 
INFO: >>> Frame 006829
INFO: Player name: 'JNAVI_MaxStrafe' -> 'NAVI_MaxStrafe'
INFO: Weapon 1: 'KRABER'
INFO: Weapon 2: 'EVA-8 AUTO'
INFO: 
INFO: >>> Frame 006830
INFO: Player name: 'JNAVI_MaxStrafe' -> 'NAVI_MaxStrafe'
INFO: Weapon 1: 'KRABER'
INFO: Weapon 2: 'EVA-8 AUTO'
INFO: 
INFO: >>> Frame 006831
INFO: Player name: 'JNAVI_Maxstrafe' -> 'NAVI_MaxStrafe'
INFO: Weapon 1: 'KRABER'
INFO: Weapon 2: 'EVA-8 AUTO'
INFO: 
INFO: >>> Frame 006832
INFO: Player name: 'JNAVI_MaxStrafe' -> 'NAVI_MaxStrafe'
INFO: Weapon 1: 'KRABER'
INFO: Weapon 2: 'EVA-8 AUTO'
INFO: 
INFO: >>> Frame 006833
INFO: Player name: 'JNAVI_Maxstrafe' -> 'NAVI_MaxStrafe'
INFO: Weapon 1: 'KRABER'
INFO: Weapon 2: 'EVA-8 AUTO'
INFO: 
INFO: >>> Frame 006834
INFO: Player name: 'JNAVI_MaxStrafe' -> 'NAVI_MaxStrafe'
INFO: Weapon 1: 'KRABER'
INFO: Weapon 2: 'EVA-8 AUTO'
INFO: 
INFO: >>> Frame 006835
INFO: Player name: 'JNAVI_MaxStrafe' -> 'NAVI_MaxStrafe'
INFO: Weapon 1: 'KRABER'
INFO: Weapon 2: 'EVA-B AUTO' -> 'EVA-8 AUTO'
INFO: 
INFO: >>> Frame 006836
INFO: Player name: 'JNAVI_MaxStrafe' -> 'NAVI_MaxStrafe'
INFO: Weapon 1: 'KRABER'
INFO: Weapon 2: 'EVA-38 AUTO' -> 'EVA-8 AUTO'
INFO: 
INFO: >>> Frame 006837
INFO: Player name: 'JNAVI_MaxStrafe' -> 'NAVI_MaxStrafe'
INFO: Weapon 1: 'KRABER'
INFO: Weapon 2: 'EVA-38 AUTO' -> 'EVA-8 AUTO'
INFO: 
INFO: >>> Frame 006838
INFO: Player name: 'JNAVI_MaxStrafe' -> 'NAVI_MaxStrafe'
INFO: Weapon 1: 'KRABER'
INFO: Weapon 2: 'EVA-38 AUTO' -> 'EVA-8 AUTO'
INFO: 
INFO: >>> Frame 006839
INFO: Player name: 'JNAVI_MaxStrafe' -> 'NAVI_MaxStrafe'
INFO: Weapon 1: 'KRABER'
INFO: Weapon 2: 'EVA-8 AUTO'
INFO: 
INFO: >>> Frame 006840
INFO: Player name: 'JNAVI_MaxStrafe' -> 'NAVI_MaxStrafe'
INFO: Weapon 1: 'KRABER'
INFO: Weapon 2: 'EVA-8 AUTO'
INFO: 
INFO: >>> Frame 006841
INFO: Player name: 'JNAVI_MaxStrafe' -> 'NAVI_MaxStrafe'
INFO: Weapon 1: 'KRABER'
INFO: Weapon 2: 'EVA-8 AUTO'
INFO: 
INFO: >>> Frame 006842
INFO: Player name: 'JNAVI_MaxStrafe' -> 'NAVI_MaxStrafe'
INFO: Weapon 1: 'KRABER'
INFO: Weapon 2: 'EVA-B AUTO' -> 'EVA-8 AUTO'
INFO: 
INFO: >>> Frame 006843
INFO: Player name: 'JNAVI_MaxStrafe' -> 'NAVI_MaxStrafe'
INFO: Weapon 1: 'KRABER'
INFO: Weapon 2: 'EVA-8 AUTO'
INFO: 
INFO: >>> Frame 006844
INFO: Player name: 'JNAVI_MaxStrafe' -> 'NAVI_MaxStrafe'
INFO: Weapon 1: 'KRABER'
INFO: Weapon 2: 'EVA-3 AUTO' -> 'EVA-8 AUTO'
INFO: 
INFO: >>> Frame 006845
INFO: Player name: 'sNAVI_MaxStrafe' -> 'NAVI_MaxStrafe'
INFO: Weapon 1: 'KRABER'
INFO: Weapon 2: 'EVA-8 AUTO'
INFO: 
INFO: >>> Frame 006846
INFO: Player name: 'JNAVI_MaxStrafe' -> 'NAVI_MaxStrafe'
INFO: Weapon 1: 'KRABER'
INFO: Weapon 2: 'EVA-B AUTO' -> 'EVA-8 AUTO'
INFO: 
INFO: >>> Frame 006847
INFO: Player name: 'JNAVI_MaxStrafe' -> 'NAVI_MaxStrafe'
INFO: Weapon 1: 'KRABER'
INFO: Weapon 2: 'EVA-8 AUTO'
INFO: 
INFO: >>> Frame 006848
INFO: Player name: 'JNAVI_MaxStrafe' -> 'NAVI_MaxStrafe'
INFO: Weapon 1: 'KRABER'
INFO: Weapon 2: 'EVA-8 AUTO'
INFO: 
INFO: >>> Frame 006849
INFO: Player name: 'JNAVI_MaxStrafe' -> 'NAVI_MaxStrafe'
INFO: Weapon 1: 'KRABER'
INFO: Weapon 2: 'EVA-3 AUTO' -> 'EVA-8 AUTO'
INFO: 
INFO: >>> Frame 006850
INFO: Player name: 'JNAVI_MaxStrafe' -> 'NAVI_MaxStrafe'
INFO: Weapon 1: 'KRABER'
INFO: Weapon 2: 'EVA-8 AUTO'
INFO: 
INFO: >>> Frame 006851
INFO: Player name: 'JNAVI_MaxStrafe' -> 'NAVI_MaxStrafe'
INFO: Weapon 1: 'KRABER'
INFO: Weapon 2: 'EVA-8 AUTO'
INFO: 
INFO: >>> Frame 006852
INFO: Player name: 'NAVI _MaxStrats' -> 'NAVI_MaxStrafe'
INFO: Weapon 1: 'KRABER'
INFO: Weapon 2: 'EVA-8 AUTO'
INFO: 
INFO: >>> Frame 006853
INFO: Player name: 'JNAVI_MaxStrafe' -> 'NAVI_MaxStrafe'
INFO: Weapon 1: 'KRABER'
INFO: Weapon 2: 'EVA-8 AUTO'
INFO: 
INFO: >>> Frame 006854
INFO: Player name: 'Alliance_Vaits' -> 'Alliance_Vaifs'
INFO: Weapon 1: 'FLATLINE'
INFO: Weapon 2: 'MASTIFF'
INFO: 
INFO: >>> Frame 006855
INFO: Player name: '_Alliance_Vaifs' -> 'Alliance_Vaifs'
INFO: Weapon 1: 'FLATLINE'
INFO: Weapon 2: 'MASTIFF'
INFO: 
INFO: >>> Frame 006856
INFO: Player name: 'Alliance Hakis' -> 'Alliance_Hakis'
INFO: Weapon 1: 'VOLT'
INFO: Weapon 2: 'EVA-38 AUTO' -> 'EVA-8 AUTO'
INFO: 
INFO: >>> Frame 006857
INFO: Player name: 'Alliance Hakis' -> 'Alliance_Hakis'
INFO: Weapon 1: 'VOLT'
INFO: Weapon 2: 'EVA-B AUTO' -> 'EVA-8 AUTO'
INFO: 
INFO: >>> Frame 006858
INFO: Player name: 'Alliance_Hakis'
INFO: Weapon 1: 'VOLT'
INFO: Weapon 2: 'EVA-8 AUTO'
INFO: 
INFO: >>> Frame 006859
INFO: Unknown player: 'PWT ptr ae\nAiliance!Hakis' (best guess: 'Alliance_Hakis', 0.52)
INFO: 
INFO: >>> Frame 006860
INFO: Player name: 'Aliisnea_Hakis' -> 'Alliance_Hakis'
INFO: Weapon 2: 'EVA-8 AUTH' -> 'EVA-8 AUTO'
INFO: 
INFO: >>> Frame 006861
INFO: Player name: 'Alliance Hakis' -> 'Alliance_Hakis'
INFO: Weapon 1: 'VOLT'
INFO: Weapon 2: 'EVA-8 AUTO'
INFO: 
INFO: >>> Frame 006862
INFO: Player name: 'Alliance _Hakis' -> 'Alliance_Hakis'
INFO: Weapon 1: 'VOLT'
INFO: Weapon 2: 'EVA-8 AUTO'
INFO: 
INFO: >>> Frame 006863
INFO: Player name: 'Alliance _Hakis' -> 'Alliance_Hakis'
INFO: Weapon 1: 'YOLT' -> 'VOLT'
INFO: Weapon 2: 'EVA-8 AUTO'
INFO: 
INFO: >>> Frame 006864
INFO: Player name: 'Alliance Hakis' -> 'Alliance_Hakis'
INFO: Weapon 1: 'VOLT'
INFO: Weapon 2: 'EVA-8 AUTO'
INFO: 
INFO: >>> Frame 006865
INFO: Player name: 'Alliance _Hakis' -> 'Alliance_Hakis'
INFO: Weapon 2: 'EVA-3 AUTO' -> 'EVA-8 AUTO'
INFO: 
INFO: >>> Frame 006866
INFO: Player name: 'Alliance_Hakis'
INFO: Weapon 1: 'VOLT'
INFO: Weapon 2: 'EVA-8 AUTO'
INFO: 
INFO: >>> Frame 006867
INFO: Player name: 'Alliance_Hakis'
INFO: Weapon 1: 'VOLT'
INFO: Weapon 2: 'EVA-8 AUTO'
INFO: 
INFO: >>> Frame 006868
INFO: Player name: 'Alliance_Hakis'
INFO: Weapon 1: 'VOLT'
INFO: Weapon 2: 'EVA-8 AUTO'
INFO: 
INFO: >>> Frame 006869
INFO: Player name: 'Alliance_Hakis'
INFO: Weapon 1: 'VOLT'
INFO: Weapon 2: 'EVA-8 AUTO'
INFO: 
INFO: >>> Frame 006870
INFO: Can't find player name end icon
INFO: 
INFO: >>> Frame 006871
INFO: Can't find player name end icon
INFO: 
INFO: >>> Frame 006872
INFO: Can't find player name end icon
INFO: 
INFO: >>> Frame 006873
INFO: Player name: 'FotM_nothFPS'
INFO: Weapon 1: 'EVA-8 AUTO'
INFO: Weapon 2: 'R-301'
INFO: 
INFO: >>> Frame 006874
INFO: Player name: 'FotM_nothFPS'
INFO: Weapon 1: 'EVA-8 AUTO'
INFO: Weapon 2: 'R-301'
INFO: 
INFO: >>> Frame 006875
INFO: Player name: 'FotM_nothFPS'
INFO: Weapon 1: 'EVA-8 AUTO'
INFO: Weapon 2: 'R-301'
INFO: 
INFO: >>> Frame 006876
INFO: Player name: 'FotM_nothFPS'
INFO: Weapon 1: 'EVA-8 AUTO'
INFO: Weapon 2: 'R-301'
INFO: 
INFO: >>> Frame 006877
INFO: Player name: '‘FotM_nothFPS' -> 'FotM_nothFPS'
INFO: Weapon 1: 'EVA-8 AUTO'
INFO: Weapon 2: 'R-301'
INFO: 
INFO: >>> Frame 006878
INFO: Player name: 'FotM_nothFPS'
INFO: Weapon 1: 'EVA-8 AUTO'
INFO: Weapon 2: 'R-301'
INFO: 
INFO: >>> Frame 006879
INFO: Player name: 'FotM_nothFPS'
INFO: Weapon 1: 'EVA-S AUTO' -> 'EVA-8 AUTO'
INFO: Weapon 2: 'R-301'
INFO: 
INFO: >>> Frame 006880
INFO: Player name: 'FotM_Taylor'
INFO: Weapon 1: 'R-301'
INFO: Weapon 2: 'EVA-8 AUTO'
INFO: 
INFO: >>> Frame 006881
INFO: Player name: 'FotM Taylor' -> 'FotM_Taylor'
INFO: Weapon 1: 'R-301'
INFO: Weapon 2: 'EVA-8 AUTO'
INFO: 
INFO: >>> Frame 006882
INFO: Player name: 'FotM_Taylor'
INFO: Weapon 1: 'R-301'
INFO: Weapon 2: 'EVA-B AUTO' -> 'EVA-8 AUTO'
INFO: 
INFO: >>> Frame 006883
INFO: Player name: 'FotM_Taylor'
INFO: Weapon 1: 'R-301'
INFO: Weapon 2: 'EVA-B AUTO' -> 'EVA-8 AUTO'
INFO: 
INFO: >>> Frame 006884
INFO: Player name: 'FotM Taylor' -> 'FotM_Taylor'
INFO: Weapon 1: 'R-301'
INFO: Weapon 2: 'EVA-B AUTO' -> 'EVA-8 AUTO'
INFO: 
INFO: >>> Frame 006885
INFO: Player name: 'FotM_faylor' -> 'FotM_Taylor'
INFO: Weapon 1: 'R-301'
INFO: Weapon 2: 'EVA-8 AUTO'
INFO: 
INFO: >>> Frame 006886
INFO: Player name: 'FotM_ Taylor' -> 'FotM_Taylor'
INFO: Weapon 1: 'R-301'
INFO: Weapon 2: 'EVA-8 AUTO'
INFO: 
INFO: >>> Frame 006887
INFO: Player name: 'FotM Taylor' -> 'FotM_Taylor'
INFO: Weapon 1: 'R-401' -> 'R-301'
INFO: Weapon 2: 'EVA-8 AUTO'
INFO: 
INFO: >>> Frame 006888
INFO: Player name: 'FotM_Taylor'
INFO: Weapon 1: 'R-301'
INFO: Weapon 2: 'EV4-8 AUTO' -> 'EVA-8 AUTO'
INFO: 
INFO: >>> Frame 006889
INFO: Can't find player name end icon
INFO: 
INFO: >>> Frame 006890
INFO: Can't find player name end icon
INFO: 
INFO: >>> Frame 006891
INFO: Can't find player name end icon
INFO: 
INFO: >>> Frame 006892
INFO: Can't find player name end icon
INFO: 
INFO: >>> Frame 006893
INFO: Can't find player name end icon
INFO: 
INFO: >>> Frame 006894
INFO: Player name: 'FotM_Pjeh'
INFO: Weapon 1: 'FLATLINE'
INFO: Weapon 2: 'MASTIFF'
INFO: 
INFO: >>> Frame 006895
INFO: Player name: 'FotM_Pjeh'
INFO: Weapon 1: 'FLATLINE'
INFO: Weapon 2: 'MASTIFF'
INFO: 
INFO: >>> Frame 006896
INFO: Player name: 'FotM_Pjeh'
INFO: Weapon 1: 'FLATLINE'
INFO: Weapon 2: 'MASTIFF'
INFO: 
INFO: >>> Frame 006897
INFO: Player name: 'FotM_Taylor'
INFO: Weapon 1: 'R-401' -> 'R-301'
INFO: Weapon 2: 'EVA-8 AUTO'
INFO: 
INFO: >>> Frame 006898
INFO: Can't find player name end icon
INFO: 
INFO: >>> Frame 006899
INFO: Can't find player name end icon
INFO: 
INFO: >>> Frame 006900
INFO: Can't find player name end icon
INFO: 
INFO: >>> Frame 006901
INFO: Can't find player name end icon
INFO: 
INFO: >>> Frame 006902
INFO: Can't find player name end icon
INFO: 
INFO: >>> Frame 006903
INFO: Player name: 'FotM_Taylor'
INFO: Weapon 1: 'R-301'
INFO: Weapon 2: 'EVA-8 AUTO'
INFO: 
INFO: >>> Frame 006904
INFO: Player name: 'FotM Taylor' -> 'FotM_Taylor'
INFO: Weapon 1: 'R-301'
INFO: Weapon 2: 'EVA-B AUTO' -> 'EVA-8 AUTO'
INFO: 
INFO: >>> Frame 006905
INFO: Player name: 'FotM_Pjeh'
INFO: Weapon 1: 'FLATLINE'
INFO: Weapon 2: 'MASTIFF'
INFO: 
INFO: >>> Frame 006906
INFO: Player name: 'FotM_Pjeh'
INFO: Weapon 1: 'FLATLINE'
INFO: Weapon 2: 'MASTIFF'
INFO: 
INFO: >>> Frame 006907
INFO: Player name: '_FotM_Pjeh' -> 'FotM_Pjeh'
INFO: Weapon 1: 'FLATLINE'
INFO: Weapon 2: 'MASTIFF'
INFO: 
INFO: >>> Frame 006908
INFO: Player name: 'FotM_Pjeh'
INFO: Weapon 1: 'FLATLINE'
INFO: Weapon 2: 'MASTIFF'
INFO: 
INFO: >>> Frame 006909
INFO: Player name: 'FotM_Pjeh'
INFO: Weapon 1: 'FLATLINE'
INFO: Weapon 2: 'MASTIFF'
INFO: 
INFO: >>> Frame 006910
INFO: Player name: 'FotM_Pjeh'
INFO: Weapon 1: 'FLATLINE'
INFO: Weapon 2: 'MASTIFF'
INFO: 
INFO: >>> Frame 006911
INFO: Player name: 'FotM_Pjeh'
INFO: Weapon 1: 'FLATLINE'
INFO: Weapon 2: 'MASTIFF'
INFO: 
INFO: >>> Frame 006912
INFO: Player name: '_FotM_Pjeh' -> 'FotM_Pjeh'
INFO: Weapon 1: 'FLATLINE'
INFO: Weapon 2: 'MASTIFF'
INFO: 
INFO: >>> Frame 006913
INFO: Unknown player: 'Pe\n\nal' (best guess: 'Legitlolly', 0.80)
INFO: 
INFO: >>> Frame 006914
INFO: Player name: 'FotM_nothFPS'
INFO: Weapon 1: 'EVA-8 AUTO'
INFO: Weapon 2: 'R-301'
INFO: 
INFO: >>> Frame 006915
INFO: Player name: 'FotM_nothFPS'
INFO: Weapon 1: 'EVA-8 AUTO'
INFO: Weapon 2: 'R-301'
INFO: 
INFO: >>> Frame 006916
INFO: Player name: 'FotM_nothFPS'
INFO: Weapon 1: 'EVA-8 AUTO'
INFO: Weapon 2: 'R-301'
INFO: 
INFO: >>> Frame 006917
INFO: Player name: 'FotM_nothFPS'
INFO: Weapon 1: 'EVA-8 AUTO'
INFO: Weapon 2: 'R-301'
INFO: 
INFO: >>> Frame 006918
INFO: Player name: 'FotM_nothFPS'
INFO: Weapon 1: 'EVA-8 AUTO'
INFO: Weapon 2: 'R-301'
INFO: 
INFO: >>> Frame 006919
INFO: Unknown player: 'FotM hotness' (best guess: 'FotM_nothFPS', 0.50)
INFO: 
INFO: >>> Frame 006920
INFO: Player name: 'FotM_Taylor'
INFO: Weapon 1: 'R-301'
INFO: Weapon 2: 'EVA-3 AUTO' -> 'EVA-8 AUTO'
INFO: 
INFO: >>> Frame 006921
INFO: Player name: 'FotM Taylor' -> 'FotM_Taylor'
INFO: Weapon 1: 'R-3O1' -> 'R-301'
INFO: Weapon 2: 'EVA-3 AUTO' -> 'EVA-8 AUTO'
INFO: 
INFO: >>> Frame 006922
INFO: Player name: 'FotM Taylor' -> 'FotM_Taylor'
INFO: Weapon 1: 'R-301'
INFO: Weapon 2: 'EVA-B AUTO' -> 'EVA-8 AUTO'
INFO: 
INFO: >>> Frame 006923
INFO: Player name: 'FotM_Taylor'
INFO: Weapon 1: 'R-301'
INFO: Weapon 2: 'EVA-B AUTO' -> 'EVA-8 AUTO'
INFO: 
INFO: >>> Frame 006924
INFO: Player name: 'FotM_Taylor'
INFO: Weapon 1: 'R-301'
INFO: Weapon 2: 'EVA-B AUTO' -> 'EVA-8 AUTO'
INFO: 
INFO: >>> Frame 006925
INFO: Player name: 'FotM Taylor' -> 'FotM_Taylor'
INFO: Weapon 1: 'R-301'
INFO: Weapon 2: 'EVA-38 AUTO' -> 'EVA-8 AUTO'
INFO: 
INFO: >>> Frame 006926
INFO: Player name: 'FatM Taylor' -> 'FotM_Taylor'
INFO: Weapon 1: 'R-301'
INFO: Weapon 2: 'EVA-8 AUTO'
INFO: 
INFO: >>> Frame 006927
INFO: Player name: 'FotM Taylor' -> 'FotM_Taylor'
INFO: Weapon 1: 'R-301'
INFO: Weapon 2: 'EVA-8 AUTO'
INFO: 
INFO: >>> Frame 006928
INFO: Can't find player name end icon
INFO: 
INFO: >>> Frame 006929
INFO: Can't find player name end icon
INFO: 
INFO: >>> Frame 006930
INFO: Can't find player name end icon
INFO: 
INFO: >>> Frame 006931
INFO: Can't find player name end icon
INFO: 
INFO: >>> Frame 006932
INFO: Can't find player name end icon
INFO: 
INFO: >>> Frame 006933
INFO: Player name: 'FotM_nothFPS'
INFO: Weapon 1: 'EVA-d AUTO' -> 'EVA-8 AUTO'
INFO: Weapon 2: 'R-301'
INFO: 
INFO: >>> Frame 006934
INFO: Player name: 'FotM_nothFPS'
INFO: Weapon 1: 'EVA-8 AUTO'
INFO: Weapon 2: 'R-301'
INFO: 
INFO: >>> Frame 006935
INFO: Player name: 'FotM_nothFPS'
INFO: Weapon 1: 'EVA-8 AUTO'
INFO: Weapon 2: 'R-301'
INFO: 
INFO: >>> Frame 006936
INFO: Player name: 'FotM_nothFPS'
INFO: Weapon 1: 'EVA-8 AUTO'
INFO: Weapon 2: 'R-301'
INFO: 
INFO: >>> Frame 006937
INFO: Player name: 'FotM_nothFPS'
INFO: Weapon 1: 'EVA-8 AUTO'
INFO: Weapon 2: 'R-301'
INFO: 
INFO: >>> Frame 006938
INFO: Can't find player name end icon
INFO: 
INFO: >>> Frame 006939
INFO: Can't find player name end icon
INFO: 
INFO: >>> Frame 006940
INFO: Can't find player name end icon
INFO: 
INFO: >>> Frame 006941
INFO: Can't find player name end icon
INFO: 
INFO: >>> Frame 006942
INFO: Player name: '?xaniya' -> '7xaniya'
INFO: Weapon 1: 'VOLT'
INFO: Weapon 2: 'JIEACEKEEPER' -> 'PEACEKEEPER'
INFO: 
INFO: >>> Frame 006943
INFO: Player name: '“kaniya' -> '7xaniya'
INFO: Weapon 1: 'VOLT'
INFO: Weapon 2: 'JEACEKEEPER' -> 'PEACEKEEPER'
INFO: 
INFO: >>> Frame 006944
INFO: Player name: '7xaniya'
INFO: Weapon 1: 'VOLT'
INFO: Weapon 2: 'JEACEKEEPER' -> 'PEACEKEEPER'
INFO: 
INFO: >>> Frame 006945
INFO: Player name: 'Bbalieverok' -> '8believerok'
INFO: Weapon 1: 'WINGMAN'
INFO: Weapon 2: 'MASTIFF'
INFO: 
INFO: >>> Frame 006946
INFO: Player name: 'Bhelieverok' -> '8believerok'
INFO: Weapon 1: 'WINGMAN'
INFO: Weapon 2: 'MASTIFF'
INFO: 
INFO: >>> Frame 006947
INFO: Player name: 'Bbelieverok' -> '8believerok'
INFO: Weapon 1: 'WINGMAN'
INFO: Weapon 2: 'MASTIFF'
INFO: 
INFO: >>> Frame 006948
INFO: Player name: 'Sbelieverak' -> '8believerok'
INFO: Weapon 1: 'WINGMAN'
INFO: Weapon 2: 'MASTIFF'
INFO: 
INFO: >>> Frame 006949
INFO: Player name: 'Sbelieverak' -> '8believerok'
INFO: Weapon 1: 'WINGMAN'
INFO: Weapon 2: 'MASTIFF'
INFO: 
INFO: >>> Frame 006950
INFO: Player name: 'Sbelieverok' -> '8believerok'
INFO: Weapon 1: 'WINGMAN'
INFO: Weapon 2: 'MASTIFF'
INFO: 
INFO: >>> Frame 006951
INFO: Player name: 'Bbelieverak' -> '8believerok'
INFO: Weapon 1: 'WINGMAN'
INFO: Weapon 2: 'MASTIFF'
INFO: 
INFO: >>> Frame 006952
INFO: Player name: 'Sbeliaverok' -> '8believerok'
INFO: Weapon 1: 'WINGMAN'
INFO: Weapon 2: 'MASTIFF'
INFO: 
INFO: >>> Frame 006953
INFO: Player name: 'Bhelieverok' -> '8believerok'
INFO: Weapon 1: 'WINGMAN'
INFO: Weapon 2: 'MASTIFF'
INFO: 
INFO: >>> Frame 006954
INFO: Player name: 'Bbelieverok' -> '8believerok'
INFO: Weapon 1: 'WINGMAN'
INFO: Weapon 2: 'MASTIFF'
INFO: 
INFO: >>> Frame 006955
INFO: Player name: '8believerok'
INFO: Weapon 1: 'WINGMAN'
INFO: Weapon 2: 'MASTIFF'
INFO: 
INFO: >>> Frame 006956
INFO: Can't find player name end icon
INFO: 
INFO: >>> Frame 006957
INFO: Can't find player name end icon
INFO: 
INFO: >>> Frame 006958
INFO: Can't find player name end icon
INFO: 
INFO: >>> Frame 006959
INFO: Can't find player name end icon
INFO: 
INFO: >>> Frame 006960
INFO: 
INFO: >>> Frame 006961
INFO: Player name: '7xaniya'
INFO: Weapon 1: 'R-301'
INFO: Weapon 2: 'MASTIFF'
INFO: 
INFO: >>> Frame 006962
INFO: 
INFO: >>> Frame 006963
INFO: Player name: '7xaniya'
INFO: Weapon 1: 'VOLT'
INFO: Weapon 2: 'PEACEKEEPE?' -> 'PEACEKEEPER'
INFO: 
INFO: >>> Frame 006964
INFO: Player name: '7xaniya'
INFO: Weapon 1: 'VOLT'
INFO: Weapon 2: 'PEACEKEEPES' -> 'PEACEKEEPER'
INFO: 
INFO: >>> Frame 006965
INFO: Player name: 'Txaniya' -> '7xaniya'
INFO: Weapon 1: 'VOLT'
INFO: Weapon 2: 'PEACEKEEPET' -> 'PEACEKEEPER'
INFO: 
INFO: >>> Frame 006966
INFO: Player name: '7xaniya'
INFO: Weapon 1: 'VOLT'
INFO: Weapon 2: 'PEACEKEEPEF' -> 'PEACEKEEPER'
INFO: 
INFO: >>> Frame 006967
INFO: Player name: '7xaniya'
INFO: Weapon 1: 'VOLT'
INFO: Weapon 2: 'PEACEKEERES' -> 'PEACEKEEPER'
INFO: 
INFO: >>> Frame 006968
INFO: Player name: 'FotM_Taylor'
INFO: Weapon 1: 'R-301'
INFO: Weapon 2: 'EVA-8 AUTO'
INFO: 
INFO: >>> Frame 006969
INFO: Player name: 'FotM_ Taylor' -> 'FotM_Taylor'
INFO: Weapon 1: 'R-301'
INFO: Weapon 2: 'EVA-8 AUTO'
INFO: 
INFO: >>> Frame 006970
INFO: Player name: 'FotM_Taylor'
INFO: Weapon 1: 'R-301'
INFO: Weapon 2: 'EVA-8 AUTO'
INFO: 
INFO: >>> Frame 006971
INFO: Player name: 'FotM Taylor' -> 'FotM_Taylor'
INFO: Weapon 1: 'R-301'
INFO: Weapon 2: 'EVA-8 AUTO'
INFO: 
INFO: >>> Frame 006972
INFO: Player name: 'FotM_Taylor'
INFO: Weapon 1: 'R-30)' -> 'R-301'
INFO: Weapon 2: 'EVA-8 AUTO'
INFO: 
INFO: >>> Frame 006973
INFO: Player name: 'FotM_Taylor'
INFO: Weapon 1: 'R-40)' -> 'R-301'
INFO: Weapon 2: 'EVA-8 AUTO'
INFO: 
INFO: >>> Frame 006974
INFO: Player name: 'FotM Taylor' -> 'FotM_Taylor'
INFO: Weapon 1: 'R-301'
INFO: Weapon 2: 'EVA-8 AUTO'
INFO: 
INFO: >>> Frame 006975
INFO: Player name: 'FotM_Taylor'
INFO: Weapon 1: 'R-301'
INFO: Weapon 2: 'EV4-8 AUTO' -> 'EVA-8 AUTO'
INFO: 
INFO: >>> Frame 006976
INFO: Player name: 'FotM_ Taylor' -> 'FotM_Taylor'
INFO: Weapon 1: 'R-40)' -> 'R-301'
INFO: Weapon 2: 'EVA-8 AUTO'
INFO: 
INFO: >>> Frame 006977
INFO: Player name: 'FotM_Taylor'
INFO: Weapon 1: 'R-30)' -> 'R-301'
INFO: Weapon 2: 'EVA-8 AUTO'
INFO: 
INFO: >>> Frame 006978
INFO: Player name: 'FotM Taylor' -> 'FotM_Taylor'
INFO: Weapon 1: 'R-30)' -> 'R-301'
INFO: Weapon 2: 'EVA-8 AUTO'
INFO: 
INFO: >>> Frame 006979
INFO: Player name: 'FotM Taylor' -> 'FotM_Taylor'
INFO: Weapon 1: 'R-301'
INFO: Weapon 2: 'EVA-8 AUTO'
INFO: 
INFO: >>> Frame 006980
INFO: Player name: 'FotM Taylor' -> 'FotM_Taylor'
INFO: Weapon 1: 'A-30)' -> 'R-301'
INFO: Weapon 2: 'EVA-8 AUTO'
INFO: 
INFO: >>> Frame 006981
INFO: Player name: 'FotM Taylor' -> 'FotM_Taylor'
INFO: Weapon 1: 'R-301'
INFO: Weapon 2: 'EVA-8 AUTO'
INFO: 
INFO: >>> Frame 006982
INFO: Player name: 'NAVI Mautila' -> 'NAVI_Kouhia'
INFO: Weapon 1: 'VOLT'
INFO: Unknown weapon: 'G?SCourl' (best guess: 'G7 SCOUT', 0.75)
INFO: 
INFO: >>> Frame 006983
INFO: 
INFO: >>> Frame 006984
INFO: Player name: '303_B4mbino'
INFO: Weapon 1: 'EVA-8 AUTO'
INFO: Weapon 2: 'FLATLINE'
INFO: 
INFO: >>> Frame 006985
INFO: Player name: '303_B4mbino'
INFO: Weapon 1: 'EVA-d AUTO' -> 'EVA-8 AUTO'
INFO: Weapon 2: 'FLATLINE'
INFO: 
INFO: >>> Frame 006986
INFO: Player name: '303_B4mbino'
INFO: Weapon 1: 'EVA-8 AUTO'
INFO: Weapon 2: 'FLATLINE'
INFO: 
INFO: >>> Frame 006987
INFO: Player name: '303_B4mbina' -> '303_B4mbino'
INFO: Weapon 1: 'EVA-3 AUTO' -> 'EVA-8 AUTO'
INFO: Weapon 2: 'FLATLINE |' -> 'FLATLINE'
INFO: 
INFO: >>> Frame 006988
INFO: Can't find player name end icon
INFO: 
INFO: >>> Frame 006989
INFO: Can't find player name end icon
INFO: 
INFO: >>> Frame 006990
INFO: Player name: 'FotM Taylor' -> 'FotM_Taylor'
INFO: Weapon 1: 'R-301'
INFO: Weapon 2: 'EVA-8 AUTO'
INFO: 
INFO: >>> Frame 006991
INFO: Player name: 'FotM Taylor' -> 'FotM_Taylor'
INFO: Weapon 1: 'R-301'
INFO: Weapon 2: 'EVA-2 AUTO' -> 'EVA-8 AUTO'
INFO: 
INFO: >>> Frame 006992
INFO: Player name: 'FotM_Taylor'
INFO: Weapon 1: 'R-301'
INFO: Weapon 2: 'EVA-38 AUTO' -> 'EVA-8 AUTO'
INFO: 
INFO: >>> Frame 006993
INFO: Player name: 'FotM_Taylor'
INFO: Weapon 1: 'R-301'
INFO: Weapon 2: 'EVA-8 AUTO'
INFO: 
INFO: >>> Frame 006994
INFO: Player name: 'FotM_ Taylor' -> 'FotM_Taylor'
INFO: Weapon 1: 'R-301'
INFO: Weapon 2: 'EVA-8 AUTO'
INFO: 
INFO: >>> Frame 006995
INFO: Player name: 'FotM Taylor' -> 'FotM_Taylor'
INFO: Weapon 1: 'R-301'
INFO: Weapon 2: 'EVA-8 AUTO'
INFO: 
INFO: >>> Frame 006996
INFO: Player name: 'FotM_Taylor'
INFO: Weapon 1: 'R-301'
INFO: Weapon 2: 'EVA-38 AUTO' -> 'EVA-8 AUTO'
INFO: 
INFO: >>> Frame 006997
INFO: Player name: 'FotM_Taylor'
INFO: Weapon 1: 'R-401' -> 'R-301'
INFO: Weapon 2: 'EVA-3 AUTO' -> 'EVA-8 AUTO'
INFO: 
INFO: >>> Frame 006998
INFO: Player name: 'FotM Taylor' -> 'FotM_Taylor'
INFO: Weapon 1: 'R-301'
INFO: Weapon 2: 'EVA-B AUTO' -> 'EVA-8 AUTO'
INFO: 
INFO: >>> Frame 006999
INFO: Player name: 'FotM_Taylor'
INFO: Weapon 1: 'R-301'
INFO: Weapon 2: 'EVA-8 AUTO'
INFO: 
INFO: >>> Frame 007000
INFO: Player name: 'FotM Taylor' -> 'FotM_Taylor'
INFO: Weapon 1: 'R-301'
INFO: Weapon 2: 'EVA-8 AUTO'
INFO: 
INFO: >>> Frame 007001
INFO: Player name: 'FotM_nothFPS'
INFO: Weapon 1: 'EVA-8 AUTO'
INFO: Weapon 2: 'R-301'
INFO: 
INFO: >>> Frame 007002
INFO: Player name: 'FotM_nothFPS'
INFO: Weapon 1: 'EVA-8 AUTO'
INFO: Weapon 2: 'R-301'
INFO: 
INFO: >>> Frame 007003
INFO: Can't find player name end icon
INFO: 
INFO: >>> Frame 007004
INFO: Can't find player name end icon
INFO: 
INFO: >>> Frame 007005
INFO: Can't find player name end icon
INFO: 
INFO: >>> Frame 007006
INFO: Can't find player name end icon
INFO: 
INFO: >>> Frame 007007
INFO: Player name: 'FotM_nothFPS'
INFO: Weapon 1: 'EVA-& AUTO' -> 'EVA-8 AUTO'
INFO: Weapon 2: 'R-301'
INFO: 
INFO: >>> Frame 007008
INFO: Player name: 'FotM_nothFPS'
INFO: Weapon 1: 'EVA-8 AUTO'
INFO: Weapon 2: 'R-301'
INFO: 
INFO: >>> Frame 007009
INFO: Player name: 'FotM_Taylor'
INFO: Weapon 1: 'R-301'
INFO: Weapon 2: 'EVA-B AUTO' -> 'EVA-8 AUTO'
INFO: 
INFO: >>> Frame 007010
INFO: Player name: 'FotM_Taylor'
INFO: Weapon 1: 'R-301'
INFO: Weapon 2: 'EVA-8 AUTO'
INFO: 
INFO: >>> Frame 007011
INFO: Player name: 'FotM_Taylor'
INFO: Weapon 1: 'R-301'
INFO: Weapon 2: 'EVA-8 AUTO'
INFO: 
INFO: >>> Frame 007012
INFO: Player name: 'FotM_Taylor'
INFO: Weapon 1: 'R-301'
INFO: Weapon 2: 'EVA-8 AUTO'
INFO: 
INFO: >>> Frame 007013
INFO: Player name: 'FotM_Pjeh'
INFO: Weapon 1: 'FLATLINE'
INFO: Weapon 2: 'MASTIFF'
INFO: 
INFO: >>> Frame 007014
INFO: Player name: 'FotM_Pjeh'
INFO: Weapon 1: 'FLATLINE'
INFO: Weapon 2: 'MASTIFF'
INFO: 
INFO: >>> Frame 007015
INFO: Can't find player name end icon
INFO: 
INFO: >>> Frame 007016
INFO: Can't find player name end icon
INFO: 
INFO: >>> Frame 007017
INFO: Can't find player name end icon
INFO: 
INFO: >>> Frame 007018
INFO: Can't find player name end icon
INFO: 
INFO: >>> Frame 007019
INFO: Can't find player name end icon
INFO: 
INFO: >>> Frame 007020
INFO: Can't find player name end icon
INFO: 
INFO: >>> Frame 007021
INFO: Can't find player name end icon
INFO: 
INFO: >>> Frame 007022
INFO: Can't find player name end icon
INFO: 
INFO: >>> Frame 007023
INFO: Player name: '303_B84mbine' -> '303_B4mbino'
INFO: Weapon 2: 'FLATLINE'
INFO: 
INFO: >>> Frame 007024
INFO: Player name: '303 B4émbino' -> '303_B4mbino'
INFO: Weapon 1: 'EVA-8 AUTO'
INFO: Weapon 2: 'FLATLINE'
INFO: 
INFO: >>> Frame 007025
INFO: Player name: '303 B4mbino' -> '303_B4mbino'
INFO: Weapon 1: 'EVA-S AUTO' -> 'EVA-8 AUTO'
INFO: Weapon 2: 'FLATLINE'
INFO: 
INFO: >>> Frame 007026
INFO: Player name: '303 B4mbino' -> '303_B4mbino'
INFO: Weapon 1: 'EVA-9 AUTO' -> 'EVA-8 AUTO'
INFO: Weapon 2: 'FLATLINE'
INFO: 
INFO: >>> Frame 007027
INFO: Player name: '503 B4mbino' -> '303_B4mbino'
INFO: Weapon 1: 'EVA-3 AUTO' -> 'EVA-8 AUTO'
INFO: Weapon 2: 'FLATLINE'
INFO: 
INFO: >>> Frame 007028
INFO: 
INFO: >>> Frame 007029
INFO: Player name: 'COOLER SirDel' -> 'COOLER_SirDel'
INFO: Weapon 1: 'FLATLINE'
INFO: Weapon 2: 'MASTIFF'
INFO: 
INFO: >>> Frame 007030
INFO: Player name: 'COOLER SirDel' -> 'COOLER_SirDel'
INFO: Weapon 1: 'FLATLINE'
INFO: Weapon 2: 'MASTIFF'
INFO: 
INFO: >>> Frame 007031
INFO: Player name: 'COOLER SirDel' -> 'COOLER_SirDel'
INFO: Weapon 1: 'FLATLINE'
INFO: Weapon 2: 'MASTIFF'
INFO: 
INFO: >>> Frame 007032
INFO: Player name: 'EGOLER SirBel' -> 'COOLER_SirDel'
INFO: Weapon 1: 'FLATLINE'
INFO: Weapon 2: 'MASTIFF'
INFO: 
INFO: >>> Frame 007033
INFO: Player name: 'COOLER SirDel' -> 'COOLER_SirDel'
INFO: Weapon 1: 'FLATLINE'
INFO: Weapon 2: 'MASTIFF'
INFO: 
INFO: >>> Frame 007034
INFO: Unknown player: 'CUDLER Site!' (best guess: 'COOLER_SirDel', 0.46)
INFO: 
INFO: >>> Frame 007035
INFO: Player name: 'COOLER SirDel' -> 'COOLER_SirDel'
INFO: Weapon 1: 'FLATLINE'
INFO: Weapon 2: 'MASTIFF'
INFO: 
INFO: >>> Frame 007036
INFO: Player name: 'COOLER SirDel' -> 'COOLER_SirDel'
INFO: Weapon 1: 'FLATLINE'
INFO: Weapon 2: 'MASTIFF'
INFO: 
INFO: >>> Frame 007037
INFO: Player name: 'COOLER SirDel' -> 'COOLER_SirDel'
INFO: Weapon 1: 'FLATLINE'
INFO: Weapon 2: 'MASTIFF'
INFO: 
INFO: >>> Frame 007038
INFO: Player name: 'COOLER _SirDel' -> 'COOLER_SirDel'
INFO: Weapon 1: 'FLATLINE'
INFO: Weapon 2: 'MASTIFF'
INFO: 
INFO: >>> Frame 007039
INFO: Player name: 'COOLER SirOel' -> 'COOLER_SirDel'
INFO: Weapon 1: 'FLATLINE'
INFO: Weapon 2: 'MASTIFF'
INFO: 
INFO: >>> Frame 007040
INFO: Can't find player name end icon
INFO: 
INFO: >>> Frame 007041
INFO: Can't find player name end icon
INFO: 
INFO: >>> Frame 007042
INFO: Can't find player name end icon
INFO: 
INFO: >>> Frame 007043
INFO: Can't find player name end icon
INFO: 
INFO: >>> Frame 007044
INFO: Player name: 'FotM_nothFPS'
INFO: Weapon 1: 'EVA-8 AUTO'
INFO: Weapon 2: 'R-301'
INFO: 
INFO: >>> Frame 007045
INFO: Player name: 'FotM_nothFPS'
INFO: Weapon 1: 'EVA-G ALTO' -> 'EVA-8 AUTO'
INFO: Weapon 2: 'R-301'
INFO: 
INFO: >>> Frame 007046
INFO: Player name: 'FotM_nothFPS'
INFO: Weapon 1: 'EVA-8 AUTO'
INFO: Weapon 2: 'R-301'
INFO: 
INFO: >>> Frame 007047
INFO: Player name: 'FotM_nothFPS'
INFO: Weapon 1: 'EVA-8 AUTO'
INFO: Weapon 2: 'R-301'
INFO: 
INFO: >>> Frame 007048
INFO: Player name: 'FotM_nothFPS'
INFO: Weapon 1: 'EVA-8 AUTO'
INFO: Weapon 2: 'R-301'
INFO: 
INFO: >>> Frame 007049
INFO: Can't find player name end icon
INFO: 
INFO: >>> Frame 007050
INFO: Can't find player name end icon
INFO: 
INFO: >>> Frame 007051
INFO: Can't find player name end icon
INFO: 
INFO: >>> Frame 007052
INFO: Can't find player name end icon
INFO: 
INFO: >>> Frame 007053
INFO: Can't find player name end icon
INFO: 
INFO: >>> Frame 007054
INFO: Can't find player name end icon
INFO: 
INFO: >>> Frame 007055
INFO: Player name: 'sFotM Taylor' -> 'FotM_Taylor'
INFO: Weapon 1: 'R-301'
INFO: Weapon 2: 'EVA-8 AUTO'
INFO: 
INFO: >>> Frame 007056
INFO: Player name: 'FotM_Taylor'
INFO: Weapon 1: 'R-301.' -> 'R-301'
INFO: Weapon 2: 'EVA-8 AUTO'
INFO: 
INFO: >>> Frame 007057
INFO: Player name: '*FotM_Taylor' -> 'FotM_Taylor'
INFO: Weapon 1: 'R-301'
INFO: Weapon 2: 'EVA-8 AUTO'
INFO: 
INFO: >>> Frame 007058
INFO: Player name: 'FotM_Taylor'
INFO: Weapon 1: 'R-301'
INFO: Weapon 2: 'EVA-8 AUTO'
INFO: 
INFO: >>> Frame 007059
INFO: Player name: 'FotM Taylor' -> 'FotM_Taylor'
INFO: Weapon 1: 'R-40)' -> 'R-301'
INFO: Weapon 2: 'EVA-3 AUTO' -> 'EVA-8 AUTO'
INFO: 
INFO: >>> Frame 007060
INFO: Player name: 'FotM_faylar' -> 'FotM_Taylor'
INFO: Weapon 1: 'R-301'
INFO: Weapon 2: 'EVA-6 AUTO' -> 'EVA-8 AUTO'
INFO: 
INFO: >>> Frame 007061
INFO: Player name: 'FotM Taylor' -> 'FotM_Taylor'
INFO: Weapon 1: 'R-30)' -> 'R-301'
INFO: Weapon 2: 'EVA-8 AUTO'
INFO: 
INFO: >>> Frame 007062
INFO: Player name: 'FotM_Pjeh'
INFO: Weapon 1: 'FLATLINE'
INFO: Weapon 2: 'MASTIFF'
INFO: 
INFO: >>> Frame 007063
INFO: Player name: '“FotM:Pjeh' -> 'FotM_Pjeh'
INFO: Weapon 1: 'FLATLINE'
INFO: Weapon 2: 'MASTIFF'
INFO: 
INFO: >>> Frame 007064
INFO: Player name: 'FotM_Pjeh'
INFO: Weapon 1: 'FLATLINE'
INFO: Weapon 2: 'MASTIFF'
INFO: 
INFO: >>> Frame 007065
INFO: Player name: 'FotM_Pjeh'
INFO: Weapon 1: 'FLATLINE'
INFO: Weapon 2: 'MASTIFF'
INFO: 
INFO: >>> Frame 007066
INFO: Player name: 'FotM Pjeh' -> 'FotM_Pjeh'
INFO: Weapon 1: 'FLATLINE'
INFO: Weapon 2: 'MASTIFF'
INFO: 
INFO: >>> Frame 007067
INFO: Player name: '-FotM _Pjeh' -> 'FotM_Pjeh'
INFO: Weapon 1: 'FLATLINE'
INFO: Weapon 2: 'MASTIFF'
INFO: 
INFO: >>> Frame 007068
INFO: Player name: 'FotM_Pjeh'
INFO: Weapon 1: 'FLATLINE'
INFO: Weapon 2: 'MASTIFF'
INFO: 
INFO: >>> Frame 007069
INFO: Player name: 'FotM Pjeh' -> 'FotM_Pjeh'
INFO: Weapon 1: 'FLATLINE'
INFO: Weapon 2: 'MASTIFF'
INFO: 
INFO: >>> Frame 007070
INFO: Unknown player: 'FOKIA_Biah' (best guess: 'FotM_Pjeh', 0.70)
INFO: 
INFO: >>> Frame 007071
INFO: Player name: 'FotM_nothFPS'
INFO: Weapon 1: 'EVA-8 AUTO'
INFO: Weapon 2: 'R-301'
INFO: 
INFO: >>> Frame 007072
INFO: Player name: 'FotM_nothFPS'
INFO: Weapon 1: 'EVA-8 AUTO'
INFO: Weapon 2: 'R-301'
INFO: 
INFO: >>> Frame 007073
INFO: Player name: 'FotM_nothFPS'
INFO: Weapon 1: 'EVA-8 AUTO'
INFO: Weapon 2: 'R-301'
INFO: 
INFO: >>> Frame 007074
INFO: Player name: 'FotM_nothFPS'
INFO: Weapon 1: 'EVA-8 AUTO'
INFO: Weapon 2: 'R-301'
