INFO: 
INFO: >>> Frame 004178
INFO: Can't find player name end icon
INFO: 
INFO: >>> Frame 004179
INFO: Can't find player name end icon
INFO: 
INFO: >>> Frame 004180
INFO: Can't find player name end icon
INFO: 
INFO: >>> Frame 004181
INFO: Can't find player name end icon
INFO: 
INFO: >>> Frame 004182
INFO: Can't find player name end icon
INFO: 
INFO: >>> Frame 004183
INFO: Can't find player name end icon
INFO: 
INFO: >>> Frame 004184
INFO: Can't find player name end icon
INFO: 
INFO: >>> Frame 004185
INFO: Can't find player name end icon
INFO: 
INFO: >>> Frame 004186
INFO: Can't find player name end icon
INFO: 
INFO: >>> Frame 004187
INFO: Can't find player name end icon
INFO: 
INFO: >>> Frame 004188
INFO: Can't find player name end icon
INFO: 
INFO: >>> Frame 004189
INFO: Can't find player name end icon
INFO: 
INFO: >>> Frame 004190
INFO: Can't find player name end icon
INFO: 
INFO: >>> Frame 004191
INFO: Can't find player name end icon
INFO: 
INFO: >>> Frame 004192
INFO: Can't find player name end icon
INFO: 
INFO: >>> Frame 004193
INFO: Player name: '_CLT_mercy' -> 'CLT_mercy'
INFO: 
INFO: >>> Frame 004194
INFO: Player name: '_CLT_mercy' -> 'CLT_mercy'
INFO: 
INFO: >>> Frame 004195
INFO: Player name: 'CLT mercy' -> 'CLT_mercy'
INFO: 
INFO: >>> Frame 004196
INFO: Player name: '_CLT_mercy' -> 'CLT_mercy'
INFO: 
INFO: >>> Frame 004197
INFO: Player name: '_CLT_mercy' -> 'CLT_mercy'
INFO: 
INFO: >>> Frame 004198
INFO: Player name: '_CLT_mercy' -> 'CLT_mercy'
INFO: 
INFO: >>> Frame 004199
INFO: Player name: '_CLT_mercy' -> 'CLT_mercy'
INFO: 
INFO: >>> Frame 004200
INFO: Player name: '_CLT_mercy' -> 'CLT_mercy'
INFO: 
INFO: >>> Frame 004201
INFO: Player name: '_CLT_mercy' -> 'CLT_mercy'
INFO: 
INFO: >>> Frame 004202
INFO: Player name: '_CLT_mercy' -> 'CLT_mercy'
INFO: 
INFO: >>> Frame 004203
INFO: Player name: '_CLT_mercy' -> 'CLT_mercy'
INFO: 
INFO: >>> Frame 004204
INFO: Player name: 'CLT Pride'
INFO: Weapon 1: 'EVA-8 AUTO'
INFO: Weapon 2: '0-30 REPEATEF' -> '30-30 REPEATER'
INFO: 
INFO: >>> Frame 004205
INFO: Player name: 'CLT Pride'
INFO: Weapon 1: 'EVA-8 AUTO'
INFO: Weapon 2: '0-30 REPEATEF' -> '30-30 REPEATER'
INFO: 
INFO: >>> Frame 004206
INFO: Player name: 'CLT Pride'
INFO: Weapon 1: 'EVA-S AUTO' -> 'EVA-8 AUTO'
INFO: Weapon 2: '0-30 REPEATEF' -> '30-30 REPEATER'
INFO: 
INFO: >>> Frame 004207
INFO: Can't find player name end icon
INFO: 
INFO: >>> Frame 004208
INFO: Can't find player name end icon
INFO: 
INFO: >>> Frame 004209
INFO: Can't find player name end icon
INFO: 
INFO: >>> Frame 004210
INFO: Can't find player name end icon
INFO: 
INFO: >>> Frame 004211
INFO: Player name: 'CLT Pride'
INFO: Weapon 1: 'EVA-8 AUTO'
INFO: Weapon 2: '0-30 REPEATEF' -> '30-30 REPEATER'
INFO: 
INFO: >>> Frame 004212
INFO: Player name: '‘CLT Pride' -> 'CLT Pride'
INFO: Weapon 1: 'EVA-B AUTO' -> 'EVA-8 AUTO'
INFO: Weapon 2: '0-30 REPEATEF' -> '30-30 REPEATER'
INFO: 
INFO: >>> Frame 004213
INFO: Player name: '« =\n. CLT Pride' -> 'CLT Pride'
INFO: Weapon 1: 'EVA-8 AUTO'
INFO: Weapon 2: '0-30 REPEATEF' -> '30-30 REPEATER'
INFO: 
INFO: >>> Frame 004214
INFO: Player name: 'CLT Pride'
INFO: Weapon 1: 'EVA-8 AUTO'
INFO: Weapon 2: '0-30 REPEATEF' -> '30-30 REPEATER'
INFO: 
INFO: >>> Frame 004215
INFO: Player name: 'CLT Pride'
INFO: Weapon 1: 'EVA-8 AUTO'
INFO: Weapon 2: '0-30 REPEATEF' -> '30-30 REPEATER'
INFO: 
INFO: >>> Frame 004216
INFO: Player name: 'CLT Pride'
INFO: Weapon 1: 'EVA-8 AUTO'
INFO: Weapon 2: '0-30 REPEATEF' -> '30-30 REPEATER'
INFO: 
INFO: >>> Frame 004217
INFO: Player name: 'CLT Bronzey'
INFO: Weapon 1: 'HEMLOK'
INFO: 
INFO: >>> Frame 004218
INFO: Player name: 'CLT Bronzey'
INFO: Weapon 1: 'HEMLOK'
INFO: 
INFO: >>> Frame 004219
INFO: Player name: 'CLT Bronzey'
INFO: Weapon 1: 'R-301'
INFO: Weapon 2: '0-30 REPEATEF' -> '30-30 REPEATER'
INFO: 
INFO: >>> Frame 004220
INFO: Player name: 'CLT_mercy'
INFO: Weapon 1: 'R-401' -> 'R-301'
INFO: Weapon 2: '0-30 REPEATEF' -> '30-30 REPEATER'
INFO: 
INFO: >>> Frame 004221
INFO: Player name: '“CLT marcy' -> 'CLT_mercy'
INFO: Weapon 1: 'R-301'
INFO: Weapon 2: '0-30 REPEATEF' -> '30-30 REPEATER'
INFO: 
INFO: >>> Frame 004222
INFO: Player name: '_CLT_mercy' -> 'CLT_mercy'
INFO: Weapon 1: 'R-301'
INFO: Weapon 2: 'O-30 REPEATES' -> '30-30 REPEATER'
INFO: 
INFO: >>> Frame 004223
INFO: Player name: '_CLT_mercy' -> 'CLT_mercy'
INFO: Weapon 1: 'RA-301' -> 'R-301'
INFO: Weapon 2: 'O-30 REPEATEF' -> '30-30 REPEATER'
INFO: 
INFO: >>> Frame 004224
INFO: Player name: 'CLT_mercy'
INFO: Weapon 1: 'R-40)' -> 'R-301'
INFO: Weapon 2: '0-30 REPEATEF' -> '30-30 REPEATER'
INFO: 
INFO: >>> Frame 004225
INFO: 
INFO: >>> Frame 004226
INFO: Player name: 'CLT Pride'
INFO: Weapon 1: 'EVA-8 AUTO'
INFO: Weapon 2: '0-30 REPEATEF' -> '30-30 REPEATER'
INFO: 
INFO: >>> Frame 004227
INFO: Player name: 'CLT Pride'
INFO: Weapon 1: 'EVA-8 AUTO'
INFO: Weapon 2: '0-350 REPEATE®' -> '30-30 REPEATER'
INFO: 
INFO: >>> Frame 004228
INFO: Can't find player name end icon
INFO: 
INFO: >>> Frame 004229
INFO: Player name: 'FP_CUBSKi'
INFO: Weapon 1: 'VOLT'
INFO: Weapon 2: 'EVA-B AUTO' -> 'EVA-8 AUTO'
INFO: 
INFO: >>> Frame 004230
INFO: Player name: 'FP_CUBSKi'
INFO: Weapon 1: 'VOLT'
INFO: Weapon 2: 'EVA-8 AUTO'
INFO: 
INFO: >>> Frame 004231
INFO: Player name: 'FP_CUBSKi'
INFO: Weapon 1: 'VOLT'
INFO: Weapon 2: 'EVA-B AUTO' -> 'EVA-8 AUTO'
INFO: 
INFO: >>> Frame 004232
INFO: Player name: '_peeshCYA' -> 'peeshCYA'
INFO: Weapon 1: 'WINGMAN'
INFO: Weapon 2: 'SENTINEL'
INFO: 
INFO: >>> Frame 004233
INFO: Player name: 'peeshCYA'
INFO: Weapon 1: 'WINGMAN'
INFO: Weapon 2: 'SENTINEL'
INFO: 
INFO: >>> Frame 004234
INFO: Player name: '_peeshCYA' -> 'peeshCYA'
INFO: Weapon 1: 'WINGMAN'
INFO: Weapon 2: 'SENTINEL'
INFO: 
INFO: >>> Frame 004235
INFO: Player name: 'peeshCYA'
INFO: Weapon 1: 'WINGMAN'
INFO: Weapon 2: 'SENTINEL'
INFO: 
INFO: >>> Frame 004236
INFO: Player name: 'peeshCYA'
INFO: Weapon 1: 'WINGMAN'
INFO: Weapon 2: 'SENTINEL'
INFO: 
INFO: >>> Frame 004237
INFO: Player name: '_peeshCYA' -> 'peeshCYA'
INFO: Weapon 1: 'WINGMAN'
INFO: Weapon 2: 'SENTINEL'
INFO: 
INFO: >>> Frame 004238
INFO: Player name: '-peashCYA' -> 'peeshCYA'
INFO: Weapon 1: 'WINGMAN'
INFO: Weapon 2: 'SENTINEL'
INFO: 
INFO: >>> Frame 004239
INFO: Player name: '_peeshCYA' -> 'peeshCYA'
INFO: Weapon 1: 'WINGMAN'
INFO: Weapon 2: 'SENTINEL'
INFO: 
INFO: >>> Frame 004240
INFO: Player name: 'peeshCYA'
INFO: Weapon 1: 'WINGMAN'
INFO: Weapon 2: 'SENTINEL'
INFO: 
INFO: >>> Frame 004241
INFO: Player name: '‘FP _CUBSKi' -> 'FP_CUBSKi'
INFO: Weapon 1: 'VOLT'
INFO: Weapon 2: 'EVA-8 AUTO'
INFO: 
INFO: >>> Frame 004242
INFO: Player name: 'FP _CUBSKi' -> 'FP_CUBSKi'
INFO: Weapon 1: 'VOLT'
INFO: Weapon 2: 'EVA-6 AUTO' -> 'EVA-8 AUTO'
INFO: 
INFO: >>> Frame 004243
INFO: Player name: 'FP_CUBSKi'
INFO: Weapon 1: 'VOLT'
INFO: Weapon 2: 'EVA-8 AUTO'
INFO: 
INFO: >>> Frame 004244
INFO: Unknown player: 'A8TeOB8' (best guess: '96TeQ96', 0.71)
INFO: 
INFO: >>> Frame 004245
INFO: Player name: 'AbTeQS6' -> '96TeQ96'
INFO: Weapon 1: 'HAVOC'
INFO: Weapon 2: 'FLATLINE'
INFO: 
INFO: >>> Frame 004246
INFO: Unknown player: 'AbTeOSB' (best guess: '96TeQ96', 0.71)
INFO: 
INFO: >>> Frame 004247
INFO: Player name: 'S6TeNS6' -> '96TeQ96'
INFO: Weapon 1: 'HAVOC'
INFO: Weapon 2: 'FLATLINE'
INFO: 
INFO: >>> Frame 004248
INFO: Player name: 'SBTeO96' -> '96TeQ96'
INFO: Weapon 1: 'HAVOC'
INFO: Weapon 2: 'FLATLINE'
INFO: 
INFO: >>> Frame 004249
INFO: Unknown player: 'AbTeOSE' (best guess: '96TeQ96', 0.71)
INFO: 
INFO: >>> Frame 004250
INFO: Unknown player: 'AbTeOS6' (best guess: '96TeQ96', 0.57)
INFO: 
INFO: >>> Frame 004251
INFO: Unknown player: 'AbTeOS6' (best guess: '96TeQ96', 0.57)
INFO: 
INFO: >>> Frame 004252
INFO: Player name: 'S8TeO96' -> '96TeQ96'
INFO: Weapon 1: 'HAVOC'
INFO: Weapon 2: 'FLATLINE'
INFO: 
INFO: >>> Frame 004253
INFO: Player name: 'S8TeO96' -> '96TeQ96'
INFO: Weapon 1: 'HAVOC'
INFO: Weapon 2: 'FLATLINE'
INFO: 
INFO: >>> Frame 004254
INFO: Player name: 'Sauceror'
INFO: Weapon 1: 'G7 SCOUT'
INFO: Weapon 2: 'EVA-6 AUTO' -> 'EVA-8 AUTO'
INFO: 
INFO: >>> Frame 004255
INFO: Player name: 'Sauceror'
INFO: Weapon 1: 'G7 SCOUT'
INFO: Weapon 2: 'EVA-8 AUTO'
INFO: 
INFO: >>> Frame 004256
INFO: Player name: 'Sauceror'
INFO: Weapon 1: 'G7 SCOUT'
INFO: Weapon 2: 'EVA-6 AUTO' -> 'EVA-8 AUTO'
INFO: 
INFO: >>> Frame 004257
INFO: Player name: 'Sauceror'
INFO: Weapon 1: 'G7 SCOUT'
INFO: Weapon 2: 'EVA-8 AUTO'
INFO: 
INFO: >>> Frame 004258
INFO: Player name: 'Sauceror'
INFO: Weapon 1: 'G7 SCOUT'
INFO: Weapon 2: 'EVAa-B8 AUTO' -> 'EVA-8 AUTO'
INFO: 
INFO: >>> Frame 004259
INFO: Player name: 'Sauceror'
INFO: Weapon 1: 'G7 SCOUT'
INFO: Weapon 2: 'EVA-38 AUTO' -> 'EVA-8 AUTO'
INFO: 
INFO: >>> Frame 004260
INFO: Player name: 'bowswerr'
INFO: Weapon 1: '30-450 REPEATE' -> '30-30 REPEATER'
INFO: Weapon 2: 'VOLT'
INFO: 
INFO: >>> Frame 004261
INFO: Player name: 'bowswerr'
INFO: Weapon 1: '40-40 REPEATE' -> '30-30 REPEATER'
INFO: Weapon 2: 'VOLT'
INFO: 
INFO: >>> Frame 004262
INFO: Player name: 'bowswerr'
INFO: Weapon 1: '30-30 REPEATE' -> '30-30 REPEATER'
INFO: Weapon 2: 'VOLT'
INFO: 
INFO: >>> Frame 004263
INFO: Player name: 'CLG _PowPow' -> 'CLG_PowPow'
INFO: Weapon 1: 'TRIPLE TAKE'
INFO: Weapon 2: 'VOLT'
INFO: 
INFO: >>> Frame 004264
INFO: Player name: 'CLG_PowPow'
INFO: Weapon 1: 'TRIPLE TAKE'
INFO: Weapon 2: 'VOLT'
INFO: 
INFO: >>> Frame 004265
INFO: Player name: 'CLG PowPow' -> 'CLG_PowPow'
INFO: Weapon 1: 'TRIPLE TAKE'
INFO: Weapon 2: 'VOLT'
INFO: 
INFO: >>> Frame 004266
INFO: Player name: 'ee,\n“Sauceror' -> 'Sauceror'
INFO: Weapon 1: 'G7 SCOUT'
INFO: Weapon 2: 'EVA-8 AUTO'
INFO: 
INFO: >>> Frame 004267
INFO: Player name: 'Sauceror'
INFO: Weapon 1: 'G? SCOUT' -> 'G7 SCOUT'
INFO: Weapon 2: 'EVA-8 AUTO'
INFO: 
INFO: >>> Frame 004268
INFO: Player name: 'Sauceror'
INFO: Weapon 1: 'G7 SCOUT'
INFO: Weapon 2: 'EVA-d AUTO' -> 'EVA-8 AUTO'
INFO: 
INFO: >>> Frame 004269
INFO: Player name: 'Rakkinishu'
INFO: Weapon 1: 'MASTIFF'
INFO: Weapon 2: 'FLATLINE'
INFO: 
INFO: >>> Frame 004270
INFO: Player name: 'Rakkinishu'
INFO: Weapon 1: 'MASTIFF'
INFO: Weapon 2: 'FLATLINE'
INFO: 
INFO: >>> Frame 004271
INFO: Player name: 'Rakkinishu'
INFO: Weapon 1: 'MASTIFE' -> 'MASTIFF'
INFO: Weapon 2: 'FLATLINE'
INFO: 
INFO: >>> Frame 004272
INFO: Player name: 'Rakkinishu'
INFO: Weapon 1: 'MASTIFF'
INFO: Weapon 2: 'FLATLINE'
INFO: 
INFO: >>> Frame 004273
INFO: Player name: 'Rakkinishu'
INFO: Weapon 1: 'MASTIFF'
INFO: Weapon 2: 'FLATLINE'
INFO: 
INFO: >>> Frame 004274
INFO: Player name: 'Rakkinishu'
INFO: Weapon 1: 'MASTIFF'
INFO: Weapon 2: 'FLATLINE'
INFO: 
INFO: >>> Frame 004275
INFO: Player name: 'Rakkinishu'
INFO: Weapon 1: 'MASTIFF'
INFO: Weapon 2: 'FLATLINE'
INFO: 
INFO: >>> Frame 004276
INFO: Can't find player name end icon
INFO: 
INFO: >>> Frame 004277
INFO: Player name: 'Rakkinishu'
INFO: Weapon 1: 'MASTIFE' -> 'MASTIFF'
INFO: Weapon 2: 'FLATLINE'
INFO: 
INFO: >>> Frame 004278
INFO: Player name: 'Rakkinishu'
INFO: Weapon 1: 'MASTIFEF' -> 'MASTIFF'
INFO: Weapon 2: 'FLATLINE'
INFO: 
INFO: >>> Frame 004279
INFO: Player name: 'Rakkinishu'
INFO: Weapon 1: 'MASTIFF'
INFO: Weapon 2: 'FLATLINE'
INFO: 
INFO: >>> Frame 004280
INFO: Player name: 'Rakkinishu'
INFO: Weapon 1: 'MASTIFF'
INFO: Weapon 2: 'FLATLINE'
INFO: 
INFO: >>> Frame 004281
INFO: Player name: 'Rakkinishu'
INFO: Weapon 1: 'MASTIFF'
INFO: Weapon 2: 'FLATLINE'
INFO: 
INFO: >>> Frame 004282
INFO: Player name: 'Rakkinishu'
INFO: Weapon 1: 'MASTIFF'
INFO: Weapon 2: 'FLATLINE'
INFO: 
INFO: >>> Frame 004283
INFO: Player name: '‘ProdigyAces' -> 'ProdigyAces'
INFO: 
INFO: >>> Frame 004284
INFO: Player name: 'ProdigyAces'
INFO: 
INFO: >>> Frame 004285
INFO: Player name: 'StinkTV'
INFO: Weapon 1: 'MASTIFF'
INFO: Weapon 2: 'G7 SCOUT'
INFO: 
INFO: >>> Frame 004286
INFO: Player name: 'StinkTV'
INFO: Weapon 1: 'MASTIFF'
INFO: Weapon 2: 'G7 SCOUT'
INFO: 
INFO: >>> Frame 004287
INFO: Player name: 'StinkTV'
INFO: Weapon 1: 'MASTIFF'
INFO: Weapon 2: 'G? SCOUT' -> 'G7 SCOUT'
INFO: 
INFO: >>> Frame 004288
INFO: 
INFO: >>> Frame 004289
INFO: Can't find player name end icon
INFO: 
INFO: >>> Frame 004290
INFO: Can't find player name end icon
INFO: 
INFO: >>> Frame 004291
INFO: Player name: 'TSM_ImperialHal' -> 'TSM_ImperialHa1'
INFO: Weapon 1: 'G7 SCOUT'
INFO: Weapon 2: 'MASTIFF'
INFO: 
INFO: >>> Frame 004292
INFO: Player name: 'TSM _ImperialHal' -> 'TSM_ImperialHa1'
INFO: Weapon 1: 'G7 SCOUT'
INFO: Weapon 2: 'MASTIFF'
INFO: 
INFO: >>> Frame 004293
INFO: Can't find player name end icon
INFO: 
INFO: >>> Frame 004294
INFO: Can't find player name end icon
INFO: 
INFO: >>> Frame 004295
INFO: Can't find player name end icon
INFO: 
INFO: >>> Frame 004296
INFO: Can't find player name end icon
INFO: 
INFO: >>> Frame 004297
INFO: Player name: 'onipsdown_EW' -> 'Snip3down_EW'
INFO: Weapon 1: 'R-301'
INFO: Weapon 2: 'HAVOC'
INFO: 
INFO: >>> Frame 004298
INFO: Player name: 'TSM _ImperialHal' -> 'TSM_ImperialHa1'
INFO: Weapon 1: 'G7 SCOUT'
INFO: Weapon 2: 'MASTIFF'
INFO: 
INFO: >>> Frame 004299
INFO: Player name: 'TSM_ImperialHal' -> 'TSM_ImperialHa1'
INFO: Weapon 1: 'G7 SCOUT'
INFO: Weapon 2: 'MASTIFF'
INFO: 
INFO: >>> Frame 004300
INFO: Player name: 'TSM_ImperialHal' -> 'TSM_ImperialHa1'
INFO: Weapon 1: 'G7 SCOUT'
INFO: Weapon 2: 'MASTIFF'
INFO: 
INFO: >>> Frame 004301
INFO: Player name: 'Reps TSM' -> 'Reps_TSM'
INFO: Weapon 1: 'EVA-8 AUTO'
INFO: Weapon 2: 'G7 SCOUT'
INFO: 
INFO: >>> Frame 004302
INFO: Player name: 'Reps_TSM'
INFO: Weapon 1: 'EVA-S AUTO' -> 'EVA-8 AUTO'
INFO: Weapon 2: 'G7 SCOUT'
INFO: 
INFO: >>> Frame 004303
INFO: Player name: '_Reps_TSM' -> 'Reps_TSM'
INFO: Weapon 1: 'EVA-8 AUTO'
INFO: Weapon 2: 'G7:SCOUT' -> 'G7 SCOUT'
INFO: 
INFO: >>> Frame 004304
INFO: Player name: 'Reps_TSM'
INFO: Weapon 1: 'EVA-8 AUTO'
INFO: Weapon 2: 'G7 SCOUT'
INFO: 
INFO: >>> Frame 004305
INFO: Can't find player name end icon
INFO: 
INFO: >>> Frame 004306
INFO: Can't find player name end icon
INFO: 
INFO: >>> Frame 004307
INFO: Player name: 'SSG. xenial' -> 'SSG_xenial'
INFO: Weapon 1: 'R-301'
INFO: Weapon 2: 'VOLT'
INFO: 
INFO: >>> Frame 004308
INFO: Player name: 'SSE _xenial' -> 'SSG_xenial'
INFO: Weapon 1: 'R-301'
INFO: Weapon 2: 'VOLT'
INFO: 
INFO: >>> Frame 004309
INFO: Player name: 'SSG xenial' -> 'SSG_xenial'
INFO: Weapon 1: 'R-301'
INFO: Weapon 2: 'VOLT'
INFO: 
INFO: >>> Frame 004310
INFO: Player name: 'SSG _xenial' -> 'SSG_xenial'
INFO: Weapon 1: 'R-301'
INFO: Weapon 2: 'YOLT' -> 'VOLT'
INFO: 
INFO: >>> Frame 004311
INFO: Player name: 'SSG_xenial'
INFO: Weapon 1: 'R-301'
INFO: Weapon 2: 'VOLT'
INFO: 
INFO: >>> Frame 004312
INFO: Player name: 'o3G_xenial' -> 'SSG_xenial'
INFO: Weapon 1: 'R-301'
INFO: Weapon 2: 'VOLT'
INFO: 
INFO: >>> Frame 004313
INFO: Player name: 'SoG_xenial' -> 'SSG_xenial'
INFO: Weapon 1: 'R-301'
INFO: Weapon 2: 'VOLT'
INFO: 
INFO: >>> Frame 004314
INFO: Player name: 'SoG_Claraphi' -> 'SSG_Claraphi'
INFO: Weapon 1: 'R-301'
INFO: Weapon 2: 'EVA-38 AUTO' -> 'EVA-8 AUTO'
INFO: 
INFO: >>> Frame 004315
INFO: Player name: 'SSG Claraphi' -> 'SSG_Claraphi'
INFO: Weapon 1: 'R-301'
INFO: Weapon 2: 'EVA-B AUTO' -> 'EVA-8 AUTO'
INFO: 
INFO: >>> Frame 004316
INFO: Player name: 'SSG_Claraphi'
INFO: Weapon 1: 'R-301'
INFO: Weapon 2: 'EVA-B AUTO' -> 'EVA-8 AUTO'
INFO: 
INFO: >>> Frame 004317
INFO: Player name: 'ooG_Claraphi' -> 'SSG_Claraphi'
INFO: Weapon 1: 'R-301'
INFO: Weapon 2: 'EVA-8 AUTO'
INFO: 
INFO: >>> Frame 004318
INFO: Player name: 'SSG_Claraphi'
INFO: Weapon 1: 'R-301'
INFO: Weapon 2: 'EVA-B AUTO' -> 'EVA-8 AUTO'
INFO: 
INFO: >>> Frame 004319
INFO: Player name: 'SSG _Frexs' -> 'SSG_Frexs'
INFO: Weapon 1: 'FLATLINE'
INFO: Weapon 2: 'R-99'
INFO: 
INFO: >>> Frame 004320
INFO: Player name: '95G_Frexs' -> 'SSG_Frexs'
INFO: Weapon 1: 'FLATLINE'
INFO: Weapon 2: 'R-99'
INFO: 
INFO: >>> Frame 004321
INFO: Player name: 'SSG _Frexs' -> 'SSG_Frexs'
INFO: Weapon 1: 'FLATLINE'
INFO: Weapon 2: 'R-99'
INFO: 
INFO: >>> Frame 004322
INFO: Player name: '5oG_Frexs' -> 'SSG_Frexs'
INFO: Weapon 1: 'FLATLINE'
INFO: Weapon 2: 'R-99'
INFO: 
INFO: >>> Frame 004323
INFO: Player name: '5oG_Frexs' -> 'SSG_Frexs'
INFO: Weapon 1: 'FLATLINE'
INFO: Weapon 2: 'R-99'
INFO: 
INFO: >>> Frame 004324
INFO: Player name: 'SoG_Frexs' -> 'SSG_Frexs'
INFO: Weapon 1: 'FLATLINE'
INFO: Weapon 2: 'R-99'
INFO: 
INFO: >>> Frame 004325
INFO: Player name: 'SSG_Frexs'
INFO: Weapon 1: 'FLATLINE'
INFO: Weapon 2: 'R-99'
INFO: 
INFO: >>> Frame 004326
INFO: Player name: 'ooG_Frexs' -> 'SSG_Frexs'
INFO: Weapon 1: 'FLATLINE'
INFO: Weapon 2: 'R-99'
INFO: 
INFO: >>> Frame 004327
INFO: Can't find player name end icon
INFO: 
INFO: >>> Frame 004328
INFO: Can't find player name end icon
INFO: 
INFO: >>> Frame 004329
INFO: Can't find player name end icon
INFO: 
INFO: >>> Frame 004330
INFO: Unknown player: '_ twitch_dooplex' (best guess: 'NRG_rocker', 0.81)
INFO: 
INFO: >>> Frame 004331
INFO: Unknown player: 'twitch’ dooplex' (best guess: 'CLT Bronzey', 0.80)
INFO: 
INFO: >>> Frame 004332
INFO: Unknown player: '_ twitch_dooplex' (best guess: 'NRG_rocker', 0.81)
INFO: 
INFO: >>> Frame 004333
INFO: Unknown player: 'eC _Rolders' (best guess: 'NRG_rocker', 0.64)
INFO: 
INFO: >>> Frame 004334
INFO: Unknown player: 'eC _Rolders' (best guess: 'NRG_rocker', 0.64)
INFO: 
INFO: >>> Frame 004335
INFO: 
INFO: >>> Frame 004336
INFO: Player name: 'Kotigami-' -> 'Kotigami'
INFO: Weapon 1: 'VOLT'
INFO: Weapon 2: 'G/ SCOUT' -> 'G7 SCOUT'
INFO: 
INFO: >>> Frame 004337
INFO: Player name: 'Kotigami'
INFO: Weapon 1: 'VOLT'
INFO: Weapon 2: 'G7 SCOUT'
INFO: 
INFO: >>> Frame 004338
INFO: Player name: 'Kotigami'
INFO: Weapon 1: 'VOLT'
INFO: Weapon 2: 'G/ SCOUT' -> 'G7 SCOUT'
INFO: 
INFO: >>> Frame 004339
INFO: Player name: 'Kotigami'
INFO: Weapon 1: 'VOLT'
INFO: Weapon 2: 'G7 SCOUT'
INFO: 
INFO: >>> Frame 004340
INFO: Player name: 'Kotigami'
INFO: Weapon 1: 'VOLT'
INFO: Weapon 2: 'G7 SCOUT'
INFO: 
INFO: >>> Frame 004341
INFO: Player name: 'Kotigami'
INFO: Weapon 1: 'VOLT'
INFO: Weapon 2: 'G7 SCOUT'
INFO: 
INFO: >>> Frame 004342
INFO: Player name: 'Kotigami'
INFO: Weapon 1: 'VOLT'
INFO: Weapon 2: 'G7 SCOUT'
INFO: 
INFO: >>> Frame 004343
INFO: Player name: 'Kotigami'
INFO: Weapon 1: 'VOLT'
INFO: Weapon 2: 'G7 SCOUT'
INFO: 
INFO: >>> Frame 004344
INFO: Player name: 'MrGreekGodTTV'
INFO: Weapon 1: 'SPITFIRE'
INFO: Weapon 2: 'R-301'
INFO: 
INFO: >>> Frame 004345
INFO: Player name: 'MrGreekGodTTV'
INFO: Weapon 1: 'SPITFIRE'
INFO: Weapon 2: 'R-301'
INFO: 
INFO: >>> Frame 004346
INFO: Player name: 'MrGreekGodTTV'
INFO: Weapon 1: 'SPITFIRE'
INFO: Weapon 2: 'R-301'
INFO: 
INFO: >>> Frame 004347
INFO: Player name: 'MrGreekGodTTV'
INFO: Weapon 1: 'SPITFIRE'
INFO: Weapon 2: 'R-301'
INFO: 
INFO: >>> Frame 004348
INFO: Player name: 'MrGreekGodTTV'
INFO: Weapon 1: 'SPITFIRE'
INFO: Weapon 2: 'R-301'
INFO: 
INFO: >>> Frame 004349
INFO: Can't find player name end icon
INFO: 
INFO: >>> Frame 004350
INFO: Can't find player name end icon
INFO: 
INFO: >>> Frame 004351
INFO: Can't find player name end icon
INFO: 
INFO: >>> Frame 004352
INFO: Player name: 'COL_FunFPs' -> 'COL_FunFPS'
INFO: Weapon 1: 'EVA-8 AUTO'
INFO: Weapon 2: '0-30 REPEATEF' -> '30-30 REPEATER'
INFO: 
INFO: >>> Frame 004353
INFO: Player name: 'COL FunFPs' -> 'COL_FunFPS'
INFO: Weapon 1: 'EVA-8 AUTO'
INFO: Weapon 2: '0-30 REPEATEF' -> '30-30 REPEATER'
INFO: 
INFO: >>> Frame 004354
INFO: Player name: ',COL_FunFPS' -> 'COL_FunFPS'
INFO: Weapon 1: 'EVA-8 AUTO'
INFO: Weapon 2: '0-30 REPEATEF' -> '30-30 REPEATER'
INFO: 
INFO: >>> Frame 004355
INFO: Player name: 'COL FunFps' -> 'COL_FunFPS'
INFO: Weapon 1: 'EVA-3 AUTO' -> 'EVA-8 AUTO'
INFO: Weapon 2: '0-30 REPEATEF' -> '30-30 REPEATER'
INFO: 
INFO: >>> Frame 004356
INFO: Player name: 'ClaneSZN'
INFO: Weapon 1: 'ALTERNATOR'
INFO: Weapon 2: 'MASTIFF'
INFO: 
INFO: >>> Frame 004357
INFO: Player name: 'ClaneSZN'
INFO: Weapon 1: 'ALTERNATOR'
INFO: Weapon 2: 'MASTIFF'
INFO: 
INFO: >>> Frame 004358
INFO: Can't find player name end icon
INFO: 
INFO: >>> Frame 004359
INFO: Can't find player name end icon
INFO: 
INFO: >>> Frame 004360
INFO: Can't find player name end icon
INFO: 
INFO: >>> Frame 004361
INFO: Player name: 'Reps_TSM'
INFO: Weapon 1: 'EVA-8 AUTO'
INFO: Weapon 2: 'G7 SCOUT'
INFO: 
INFO: >>> Frame 004362
INFO: Player name: 'Snipadown EW' -> 'Snip3down_EW'
INFO: Weapon 1: 'R-301'
INFO: Weapon 2: 'FLATLINE'
INFO: 
INFO: >>> Frame 004363
INFO: Player name: 'onipsdown_EW' -> 'Snip3down_EW'
INFO: Weapon 1: 'R-301'
INFO: Weapon 2: 'FLATLINE'
INFO: 
INFO: >>> Frame 004364
INFO: Player name: 'snipadown_EW' -> 'Snip3down_EW'
INFO: Weapon 1: 'R-301'
INFO: Weapon 2: 'FLATLINE'
INFO: 
INFO: >>> Frame 004365
INFO: Player name: 'onipadown_EW' -> 'Snip3down_EW'
INFO: Weapon 1: 'R-301'
INFO: Weapon 2: 'FLATLINE'
INFO: 
INFO: >>> Frame 004366
INFO: Player name: 'onipddown_Ew' -> 'Snip3down_EW'
INFO: Weapon 1: 'R-301'
INFO: Weapon 2: 'FLATLINE'
INFO: 
INFO: >>> Frame 004367
INFO: Player name: 'snipsdown_ EW' -> 'Snip3down_EW'
INFO: Weapon 1: 'R-301'
INFO: Weapon 2: 'FLATLINE'
INFO: 
INFO: >>> Frame 004368
INFO: Player name: 'onipadown_EW' -> 'Snip3down_EW'
INFO: Weapon 1: 'R-301'
INFO: Weapon 2: 'FLATLINE'
INFO: 
INFO: >>> Frame 004369
INFO: Player name: 'Snip3down EW' -> 'Snip3down_EW'
INFO: Weapon 1: 'R-301'
INFO: Weapon 2: 'FLATLINE'
INFO: 
INFO: >>> Frame 004370
INFO: Player name: 'Snip3dawn_ EW' -> 'Snip3down_EW'
INFO: Weapon 1: 'R-301'
INFO: Weapon 2: 'FLATLINE'
INFO: 
INFO: >>> Frame 004371
INFO: Player name: 'onipddown_EW' -> 'Snip3down_EW'
INFO: Weapon 1: 'R-301'
INFO: Weapon 2: 'FLATLINE'
INFO: 
INFO: >>> Frame 004372
INFO: Player name: 'onipddown_EW' -> 'Snip3down_EW'
INFO: Weapon 1: 'R-301'
INFO: Weapon 2: 'FLATLINE'
INFO: 
INFO: >>> Frame 004373
INFO: Player name: 'Snip3down EW' -> 'Snip3down_EW'
INFO: Weapon 1: 'R-301'
INFO: Weapon 2: 'FLATLINE'
INFO: 
INFO: >>> Frame 004374
INFO: Player name: 'TSM_ImperialHal' -> 'TSM_ImperialHa1'
INFO: Weapon 1: 'G7 SCOUT'
INFO: Weapon 2: 'MASTIFF'
INFO: 
INFO: >>> Frame 004375
INFO: Player name: 'TSM_imperialHal' -> 'TSM_ImperialHa1'
INFO: Weapon 1: 'G7 SCOUT'
INFO: Weapon 2: 'MASTIFF'
INFO: 
INFO: >>> Frame 004376
INFO: Player name: 'TSM_ImperiatHal' -> 'TSM_ImperialHa1'
INFO: Weapon 1: 'G7 SCOUT'
INFO: Weapon 2: 'MASTIFF'
INFO: 
INFO: >>> Frame 004377
INFO: Player name: 'SF _Dezignful' -> 'sF_Dezignful'
INFO: Weapon 1: 'YOLT' -> 'VOLT'
INFO: Weapon 2: 'G7 SCOUT'
INFO: 
INFO: >>> Frame 004378
INFO: Player name: 'sF_Dezignful'
INFO: Weapon 1: 'VOLT'
INFO: Weapon 2: 'G7? SCOUT' -> 'G7 SCOUT'
INFO: 
INFO: >>> Frame 004379
INFO: Player name: 'SF_Dezignful' -> 'sF_Dezignful'
INFO: Weapon 1: 'VOLT'
INFO: Weapon 2: 'G? SCOUT' -> 'G7 SCOUT'
INFO: 
INFO: >>> Frame 004380
INFO: Player name: 'sF_Dezignful'
INFO: Weapon 1: 'VOLT'
INFO: Weapon 2: 'G7 SCOUT'
INFO: 
INFO: >>> Frame 004381
INFO: Player name: 'sF_Resultuh'
INFO: Weapon 1: '430-350 REPEATE' -> '30-30 REPEATER'
INFO: Weapon 2: 'MASTIFF'
INFO: 
INFO: >>> Frame 004382
INFO: Player name: '_SF_Resultuh' -> 'sF_Resultuh'
INFO: Weapon 1: '30-450 REPEATE' -> '30-30 REPEATER'
INFO: Weapon 2: 'MASTIFF'
INFO: 
INFO: >>> Frame 004383
INFO: Player name: '_SF_Resultuh' -> 'sF_Resultuh'
INFO: Weapon 1: '30-30 REPEATE' -> '30-30 REPEATER'
INFO: Weapon 2: 'MASTIFF'
INFO: 
INFO: >>> Frame 004384
INFO: Player name: 'SF _Resultuh' -> 'sF_Resultuh'
INFO: Weapon 1: '30-30 REPEATE' -> '30-30 REPEATER'
INFO: Weapon 2: 'MASTIFF'
INFO: 
INFO: >>> Frame 004385
INFO: Player name: 'SF_Resultuh' -> 'sF_Resultuh'
INFO: Weapon 1: '30-30 REPEATE' -> '30-30 REPEATER'
INFO: Weapon 2: 'MASTIFF'
INFO: 
INFO: >>> Frame 004386
INFO: Player name: '_SF_Resultuh' -> 'sF_Resultuh'
INFO: Weapon 1: '30-350 REPEATE' -> '30-30 REPEATER'
INFO: Weapon 2: 'MASTIFF'
INFO: 
INFO: >>> Frame 004387
INFO: Player name: 'sF_Resultuh'
INFO: Weapon 1: '30-40 REPEATE' -> '30-30 REPEATER'
INFO: Weapon 2: 'MASTIFF'
INFO: 
INFO: >>> Frame 004388
INFO: Player name: 'sF_Gentrifying' -> 'sF_Gentrifyinq'
INFO: Weapon 1: 'R-301'
INFO: Weapon 2: 'EVA-8 AUTO'
INFO: 
INFO: >>> Frame 004389
INFO: Player name: 'sF_Gentrifying' -> 'sF_Gentrifyinq'
INFO: Weapon 1: 'R-301'
INFO: Weapon 2: 'EVA-3 AUTO' -> 'EVA-8 AUTO'
INFO: 
INFO: >>> Frame 004390
INFO: Player name: 'SF _Dezignful' -> 'sF_Dezignful'
INFO: Weapon 1: 'R-301'
INFO: Weapon 2: 'EVA-8 AUTO'
INFO: 
INFO: >>> Frame 004391
INFO: Can't find player name end icon
INFO: 
INFO: >>> Frame 004392
INFO: Can't find player name end icon
INFO: 
INFO: >>> Frame 004393
INFO: Player name: 'COL Jou' -> 'COL_Iou'
INFO: Unknown weapon: 'DEVOTION' (best guess: 'HAVOC', 0.75)
INFO: Weapon 2: 'FLATLINE'
INFO: 
INFO: >>> Frame 004394
INFO: Player name: 'COL ou' -> 'COL_Iou'
INFO: Unknown weapon: 'DEVOTION' (best guess: 'HAVOC', 0.75)
INFO: Weapon 2: 'FLATLINE'
INFO: 
INFO: >>> Frame 004395
INFO: Player name: '_COL_lau' -> 'COL_Iou'
INFO: Unknown weapon: 'DEVOTION' (best guess: 'HAVOC', 0.75)
INFO: Weapon 2: 'FLATLINE'
INFO: 
INFO: >>> Frame 004396
INFO: Player name: '_COL_lou' -> 'COL_Iou'
INFO: Unknown weapon: 'DEVOTION' (best guess: 'HAVOC', 0.75)
INFO: Weapon 2: 'FLATLINE'
INFO: 
INFO: >>> Frame 004397
INFO: Player name: 'CLBE_Vaxlon' -> 'CLG_Vaxlon'
INFO: Weapon 1: 'G7 SCOUT'
INFO: Weapon 2: 'MOZAMBIQUE'
INFO: 
INFO: >>> Frame 004398
INFO: Can't find player name end icon
INFO: 
INFO: >>> Frame 004399
INFO: Can't find player name end icon
INFO: 
INFO: >>> Frame 004400
INFO: Can't find player name end icon
INFO: 
INFO: >>> Frame 004401
INFO: Can't find player name end icon
INFO: 
INFO: >>> Frame 004402
INFO: Can't find player name end icon
INFO: 
INFO: >>> Frame 004403
INFO: Player name: '_HisWattson_RX' -> 'HisWattson_RX'
INFO: Weapon 1: 'MASTIFF'
INFO: Weapon 2: 'TRIPLE TAKE'
INFO: 
INFO: >>> Frame 004404
INFO: Player name: 'HisWattson_RX'
INFO: Weapon 1: 'MASTIFF'
INFO: Weapon 2: 'TRIPLE TAKE'
INFO: 
INFO: >>> Frame 004405
INFO: Player name: 'HisWattson_RX'
INFO: Weapon 1: 'MASTIFF'
INFO: Weapon 2: '‘TRIPLE TAKE' -> 'TRIPLE TAKE'
INFO: 
INFO: >>> Frame 004406
INFO: Player name: '_HisWattson_RX' -> 'HisWattson_RX'
INFO: Weapon 1: 'MASTIFF'
INFO: Weapon 2: 'TRIPLE TAKE'
INFO: 
INFO: >>> Frame 004407
INFO: Player name: 'sungNguyenn' -> 'SungNguyenn'
INFO: Weapon 1: 'MASTIFF'
INFO: Weapon 2: 'SPITFIRE'
INFO: 
INFO: >>> Frame 004408
INFO: Player name: 'sungNguyenn' -> 'SungNguyenn'
INFO: Weapon 1: 'MASTIFF'
INFO: Weapon 2: 'SPITFIRE'
INFO: 
INFO: >>> Frame 004409
INFO: Can't find player name end icon
INFO: 
INFO: >>> Frame 004410
INFO: Can't find player name end icon
INFO: 
INFO: >>> Frame 004411
INFO: Unknown player: ' knagd' (best guess: 'knoqd', 0.50)
INFO: 
INFO: >>> Frame 004412
INFO: Player name: '_ knogd' -> 'knoqd'
INFO: Weapon 1: 'SPITFIRE'
INFO: Weapon 2: 'MASTIFF'
INFO: 
INFO: >>> Frame 004413
INFO: Player name: '-knogd' -> 'knoqd'
INFO: Weapon 1: 'SPITFIRE'
INFO: Weapon 2: 'MASTIFF'
INFO: 
INFO: >>> Frame 004414
INFO: Player name: 'StayNaughty'
INFO: Weapon 1: 'VOLT'
INFO: Weapon 2: 'WINGMAN'
INFO: 
INFO: >>> Frame 004415
INFO: Player name: 'StayNaughty'
INFO: Weapon 1: 'VOLT'
INFO: Weapon 2: 'WINGAAN' -> 'WINGMAN'
INFO: 
INFO: >>> Frame 004416
INFO: Player name: 'sF _zachmazer' -> 'sF_zachmazer'
INFO: Weapon 1: 'EVA-8 AUTO'
INFO: Weapon 2: 'R-3D)' -> 'R-301'
INFO: 
INFO: >>> Frame 004417
INFO: Player name: 'sF_zachmazer'
INFO: Weapon 1: 'EVA-8 AUTO'
INFO: Weapon 2: 'R-3D1' -> 'R-301'
INFO: 
INFO: >>> Frame 004418
INFO: Player name: 'sF_zachmazer'
INFO: Weapon 1: 'EVA-8 AUTO'
INFO: Weapon 2: 'R-30)' -> 'R-301'
INFO: 
INFO: >>> Frame 004419
INFO: Player name: 'sF _zachmazer' -> 'sF_zachmazer'
INFO: Weapon 1: 'EVA-8 AUTO'
INFO: Weapon 2: 'R-301'
INFO: 
INFO: >>> Frame 004420
INFO: Player name: 'sF_zachmazer'
INFO: Weapon 1: 'EVA-8 AUTO'
INFO: Weapon 2: 'R-301'
INFO: 
INFO: >>> Frame 004421
INFO: Player name: 'sF_zachmazer'
INFO: Weapon 1: 'EVA-8 AUTO'
INFO: Weapon 2: 'R-301'
INFO: 
INFO: >>> Frame 004422
INFO: Player name: 'sF_zachmazer'
INFO: Weapon 1: 'EVA-8 AUTO'
INFO: Weapon 2: 'R-301'
INFO: 
INFO: >>> Frame 004423
INFO: Player name: 'sF _zachmazer' -> 'sF_zachmazer'
INFO: Weapon 1: 'EVA-8 AUTO'
INFO: Weapon 2: 'R-301'
INFO: 
INFO: >>> Frame 004424
INFO: Player name: 'sF_zachmazer'
INFO: Weapon 1: 'EVA-8 AUTO'
INFO: Weapon 2: 'R-301'
INFO: 
INFO: >>> Frame 004425
INFO: Player name: 'sF_zachmazer'
INFO: Weapon 1: 'EVA-8 AUTO'
INFO: Weapon 2: 'R-301'
INFO: 
INFO: >>> Frame 004426
INFO: Player name: 'SF _zachmazer' -> 'sF_zachmazer'
INFO: Weapon 1: 'EVA-8 AUTO'
INFO: Weapon 2: 'R-301'
INFO: 
INFO: >>> Frame 004427
INFO: Player name: 'Liquid Flanker'
INFO: Weapon 1: 'LONGBOW'
INFO: Weapon 2: 'R-939' -> 'R-99'
INFO: 
INFO: >>> Frame 004428
INFO: Player name: 'Liquid Flanker'
INFO: Weapon 1: 'LONGBOW'
INFO: Weapon 2: 'R-99'
INFO: 
INFO: >>> Frame 004429
INFO: Player name: '| Liquid Flanker' -> 'Liquid Flanker'
INFO: Weapon 1: 'LONGBOW'
INFO: Weapon 2: 'R-99'
INFO: 
INFO: >>> Frame 004430
INFO: Player name: 'Liquid Flanker'
INFO: Weapon 1: 'LONGBOW'
INFO: Weapon 2: 'R-99'
INFO: 
INFO: >>> Frame 004431
INFO: Player name: 'Liquid Flanker'
INFO: Weapon 1: 'LONGBOW'
INFO: Weapon 2: 'R-99'
INFO: 
INFO: >>> Frame 004432
INFO: Player name: 'Liquid Flanker'
INFO: Weapon 1: 'LONGBOW'
INFO: Weapon 2: 'R-99.' -> 'R-99'
INFO: 
INFO: >>> Frame 004433
INFO: Player name: '_LiquidNoeturnal' -> 'LiquidNocturnal'
INFO: Weapon 1: 'R-99'
INFO: Weapon 2: 'G7-SCOUT' -> 'G7 SCOUT'
INFO: 
INFO: >>> Frame 004434
INFO: Player name: 'LiquidNocturna!' -> 'LiquidNocturnal'
INFO: Weapon 1: 'R-99'
INFO: Weapon 2: 'G7 SCOUT'
INFO: 
INFO: >>> Frame 004435
INFO: Player name: ', LiquidNocturnal' -> 'LiquidNocturnal'
INFO: Weapon 1: 'R-99'
INFO: Weapon 2: 'G7? SCOUT' -> 'G7 SCOUT'
INFO: 
INFO: >>> Frame 004436
INFO: Player name: 'TSM Albralelia' -> 'TSM Albralelie'
INFO: Weapon 1: 'R-301'
INFO: Weapon 2: 'EVA-8 AUTO'
INFO: 
INFO: >>> Frame 004437
INFO: Player name: 'TSM Albralelia' -> 'TSM Albralelie'
INFO: Weapon 1: 'R-301'
INFO: Weapon 2: 'EVA-3 AUTO' -> 'EVA-8 AUTO'
INFO: 
INFO: >>> Frame 004438
INFO: Player name: 'TSM Albralelie'
INFO: Weapon 1: 'R-301'
INFO: Weapon 2: 'EVA-8 AUTO'
INFO: 
INFO: >>> Frame 004439
INFO: Player name: 'TSM Albralelie'
INFO: Weapon 1: 'R-301'
INFO: Weapon 2: 'EVA-B AUTO' -> 'EVA-8 AUTO'
INFO: 
INFO: >>> Frame 004440
INFO: Player name: 'TSM Albralelie'
INFO: Weapon 1: 'R-301'
INFO: Weapon 2: 'EVA-38 AUTO' -> 'EVA-8 AUTO'
INFO: 
INFO: >>> Frame 004441
INFO: Player name: 'TSM Albralelie'
INFO: Weapon 1: 'R-301'
INFO: Weapon 2: 'EVA-8 AUTO'
INFO: 
INFO: >>> Frame 004442
INFO: Player name: 'TSM Albralelie'
INFO: Weapon 1: 'R-301'
INFO: Weapon 2: 'EVA-B AUTO' -> 'EVA-8 AUTO'
INFO: 
INFO: >>> Frame 004443
INFO: Player name: 'TSM Albralelie'
INFO: Weapon 1: 'R-301'
INFO: Weapon 2: 'EVA-3 AUTO' -> 'EVA-8 AUTO'
INFO: 
INFO: >>> Frame 004444
INFO: Player name: 'TSM Albralelie'
INFO: Weapon 1: 'R-301'
INFO: Weapon 2: 'EVA-8 AUTO'
INFO: 
INFO: >>> Frame 004445
INFO: Player name: 'TSM Albralelie'
INFO: Weapon 1: 'R-301'
INFO: Weapon 2: 'EVA4-8 AUTO' -> 'EVA-8 AUTO'
INFO: 
INFO: >>> Frame 004446
INFO: Player name: 'TSM Albralelia' -> 'TSM Albralelie'
INFO: Weapon 1: 'R-401' -> 'R-301'
INFO: Weapon 2: 'EVA-B AUTO' -> 'EVA-8 AUTO'
INFO: 
INFO: >>> Frame 004447
INFO: Player name: 'TSM Albralelie'
INFO: Weapon 1: 'R-301'
INFO: Weapon 2: 'EVA-B AUTO' -> 'EVA-8 AUTO'
INFO: 
INFO: >>> Frame 004448
INFO: Player name: 'TSM Albralelie'
INFO: Weapon 1: 'R-301'
INFO: Weapon 2: 'EVA-6 AUTO' -> 'EVA-8 AUTO'
INFO: 
INFO: >>> Frame 004449
INFO: Player name: 'TSM Albralelie'
INFO: Weapon 1: 'R-401' -> 'R-301'
INFO: Weapon 2: 'EVA-6 AUTO' -> 'EVA-8 AUTO'
INFO: 
INFO: >>> Frame 004450
INFO: Player name: 'TSM Albralelie'
INFO: Weapon 1: 'R-301'
INFO: Weapon 2: 'EVA-8 AUTO'
INFO: 
INFO: >>> Frame 004451
INFO: Can't find player name end icon
INFO: 
INFO: >>> Frame 004452
INFO: Can't find player name end icon
INFO: 
INFO: >>> Frame 004453
INFO: Player name: 'StinkTV'
INFO: Weapon 1: 'MASTIFF'
INFO: Weapon 2: 'G7 SCOUT'
INFO: 
INFO: >>> Frame 004454
INFO: Player name: 'StinkTV'
INFO: Weapon 1: 'MASTIFF'
INFO: Weapon 2: 'G7 SCOUT'
INFO: 
INFO: >>> Frame 004455
INFO: Player name: 'StinkTV'
INFO: Weapon 1: 'MASTIFF'
INFO: Weapon 2: 'G7? SCOUT' -> 'G7 SCOUT'
INFO: 
INFO: >>> Frame 004456
INFO: Player name: 'Kotigami'
INFO: Weapon 1: 'VOLT'
INFO: Weapon 2: 'G7 SCOUT'
INFO: 
INFO: >>> Frame 004457
INFO: Player name: 'MrGreekGodTTV'
INFO: Weapon 1: 'SPITFIRE'
INFO: Weapon 2: 'R-301'
INFO: 
INFO: >>> Frame 004458
INFO: Player name: 'MrGreekGodTTV'
INFO: Weapon 1: 'SPITFIRE'
INFO: Weapon 2: 'R-301'
INFO: 
INFO: >>> Frame 004459
INFO: Player name: 'MrGreekGodTTV'
INFO: Weapon 1: 'SPITFIRE'
INFO: Weapon 2: 'R-301'
INFO: 
INFO: >>> Frame 004460
INFO: Player name: 'MrGreekGodTTV'
INFO: Weapon 1: 'SPITFIRE'
INFO: Weapon 2: 'R-30)' -> 'R-301'
INFO: 
INFO: >>> Frame 004461
INFO: Player name: '(MiGreekGodTTV' -> 'MrGreekGodTTV'
INFO: Weapon 1: 'SPITFIRE'
INFO: Weapon 2: 'R-301'
INFO: 
INFO: >>> Frame 004462
INFO: Player name: 'MrGreekGodTTV'
INFO: Weapon 1: 'SPITFIRE'
INFO: Weapon 2: 'R-30)' -> 'R-301'
INFO: 
INFO: >>> Frame 004463
INFO: Player name: 'MrGreekGooTTV' -> 'MrGreekGodTTV'
INFO: Weapon 1: 'SPITFIRE'
INFO: Weapon 2: 'R-301'
INFO: 
INFO: >>> Frame 004464
INFO: Unknown player: 'iv ir\nMrGree\nakGodT IV:' (best guess: 'MrGreekGodTTV', 0.48)
INFO: 
INFO: >>> Frame 004465
INFO: Player name: ' knogd' -> 'knoqd'
INFO: Weapon 1: 'SPITFIRE'
INFO: Weapon 2: 'MASTIFF'
INFO: 
INFO: >>> Frame 004466
INFO: Player name: '_ knogd' -> 'knoqd'
INFO: Weapon 1: 'SPITFIRE'
INFO: Weapon 2: 'MASTIFF'
INFO: 
INFO: >>> Frame 004467
INFO: Unknown player: '_knagd' (best guess: 'knoqd', 0.50)
INFO: 
INFO: >>> Frame 004468
INFO: Unknown player: '_knagd' (best guess: 'knoqd', 0.50)
INFO: 
INFO: >>> Frame 004469
INFO: Player name: '“knogd' -> 'knoqd'
INFO: Weapon 1: 'SPITFIRE'
INFO: Weapon 2: 'MASTIFF'
INFO: 
INFO: >>> Frame 004470
INFO: Player name: 'knogd' -> 'knoqd'
INFO: Weapon 1: '- SPITFIRE' -> 'SPITFIRE'
INFO: Weapon 2: 'MASTIFF'
INFO: 
INFO: >>> Frame 004471
INFO: Player name: 'knogd' -> 'knoqd'
INFO: Weapon 1: ' SPITFIRE:' -> 'SPITFIRE'
INFO: Weapon 2: 'MASTIFF'
INFO: 
INFO: >>> Frame 004472
INFO: Player name: 'StayNqughty' -> 'StayNaughty'
INFO: Weapon 1: 'VOLT'
INFO: Weapon 2: 'WINOGMAN' -> 'WINGMAN'
INFO: 
INFO: >>> Frame 004473
INFO: Player name: 'StayNaughty'
INFO: Weapon 1: 'VOLT'
INFO: Weapon 2: 'WINGMAN'
INFO: 
INFO: >>> Frame 004474
INFO: Player name: 'StayNaughty'
INFO: Weapon 1: 'VOLT'
INFO: Weapon 2: 'WINGMAN'
INFO: 
INFO: >>> Frame 004475
INFO: Player name: 'StayNaughty'
INFO: Weapon 1: 'VOLT'
INFO: Weapon 2: 'WINGMAN'
INFO: 
INFO: >>> Frame 004476
INFO: Player name: 'otayNaughty' -> 'StayNaughty'
INFO: Weapon 1: 'VOLT'
INFO: Weapon 2: 'WINGMAN'
INFO: 
INFO: >>> Frame 004477
INFO: Player name: 'sF_zachmazer'
INFO: Weapon 1: 'EVA-8 AUTO'
INFO: Weapon 2: 'R-301'
INFO: 
INFO: >>> Frame 004478
INFO: Player name: 'sF zachmazer' -> 'sF_zachmazer'
INFO: Weapon 1: 'EVA-8 AUTO'
INFO: Weapon 2: 'R-30)' -> 'R-301'
INFO: 
INFO: >>> Frame 004479
INFO: Player name: 'SF _zachmazer' -> 'sF_zachmazer'
INFO: Weapon 1: 'EVA-8 AUTO'
INFO: Weapon 2: 'R-301'
INFO: 
INFO: >>> Frame 004480
INFO: Player name: '“8F.zachmazer' -> 'sF_zachmazer'
INFO: Weapon 1: 'EVA-8 AUTO'
INFO: Weapon 2: 'R-301'
INFO: 
INFO: >>> Frame 004481
INFO: Player name: 'sF_zachmazer'
INFO: Weapon 1: 'EVA-8 AUTO'
INFO: Weapon 2: 'R-301'
INFO: 
INFO: >>> Frame 004482
INFO: Player name: 'TSM Albralelia' -> 'TSM Albralelie'
INFO: Weapon 1: 'R-4301' -> 'R-301'
INFO: Weapon 2: 'EVA-B AUTO' -> 'EVA-8 AUTO'
INFO: 
INFO: >>> Frame 004483
INFO: Player name: 'TSM Albralelia' -> 'TSM Albralelie'
INFO: Weapon 1: 'R-301'
INFO: Weapon 2: 'EVA-8 AUTO'
INFO: 
INFO: >>> Frame 004484
INFO: Player name: 'TSM Albralelie'
INFO: Weapon 1: 'R-301.' -> 'R-301'
INFO: Weapon 2: 'EVA-38 AUTO' -> 'EVA-8 AUTO'
INFO: 
INFO: >>> Frame 004485
INFO: Player name: 'TSM Albralelia' -> 'TSM Albralelie'
INFO: Weapon 1: 'R-301'
INFO: Weapon 2: 'EVA-38 AUTO' -> 'EVA-8 AUTO'
INFO: 
INFO: >>> Frame 004486
INFO: Player name: 'TSM Albralelie'
INFO: Weapon 1: 'R-301'
INFO: Weapon 2: 'EVA-8 AUTO'
INFO: 
INFO: >>> Frame 004487
INFO: Player name: 'TSM Albralelie'
INFO: Weapon 1: 'R-301'
INFO: Weapon 2: 'EVA-8 AUTO'
INFO: 
INFO: >>> Frame 004488
INFO: Player name: '_ LiquidNocturnal' -> 'LiquidNocturnal'
INFO: Weapon 2: 'G7? SCOUT' -> 'G7 SCOUT'
INFO: 
INFO: >>> Frame 004489
INFO: Player name: '_ LiguidNocturnal' -> 'LiquidNocturnal'
INFO: Weapon 1: 'R-99'
INFO: Weapon 2: 'G? SCOUT' -> 'G7 SCOUT'
INFO: 
INFO: >>> Frame 004490
INFO: Player name: 'Liquid Flanker'
INFO: Weapon 1: 'R-99'
INFO: Weapon 2: 'G7 SCOUT'
INFO: 
INFO: >>> Frame 004491
INFO: Can't find player name end icon
INFO: 
INFO: >>> Frame 004492
INFO: Can't find player name end icon
INFO: 
INFO: >>> Frame 004493
INFO: Player name: 'LiquidNocturnal'
INFO: Weapon 1: 'R-99'
INFO: Weapon 2: 'G7 SCOUT'
INFO: 
INFO: >>> Frame 004494
INFO: Player name: 'TSM Albralelia' -> 'TSM Albralelie'
INFO: Weapon 1: 'R-301'
INFO: Weapon 2: 'EVA-8 AUTO'
INFO: 
INFO: >>> Frame 004495
INFO: Player name: 'TSM Albralelie'
INFO: Weapon 1: 'R-301'
INFO: Weapon 2: 'EVA-8 AUTO'
INFO: 
INFO: >>> Frame 004496
INFO: Player name: 'TSM Albralelie'
INFO: Weapon 1: 'R-401' -> 'R-301'
INFO: Weapon 2: 'EVA-3 AUTO' -> 'EVA-8 AUTO'
INFO: 
INFO: >>> Frame 004497
INFO: Player name: '_LiguidNocturnal' -> 'LiquidNocturnal'
INFO: Weapon 2: 'G7 SCOUT'
INFO: 
INFO: >>> Frame 004498
INFO: Player name: '_ LiquidNocturnal' -> 'LiquidNocturnal'
INFO: Weapon 1: 'R-99'
INFO: Weapon 2: 'G7? SCOUT' -> 'G7 SCOUT'
INFO: 
INFO: >>> Frame 004499
INFO: Player name: '_ LiquidNocturnal' -> 'LiquidNocturnal'
INFO: Weapon 2: 'G7 SCOUT'
INFO: 
INFO: >>> Frame 004500
INFO: Player name: '_ LiquidNocturnal' -> 'LiquidNocturnal'
INFO: Weapon 2: 'G7 SCOUT'
INFO: 
INFO: >>> Frame 004501
INFO: Player name: '_LiquidNocturnal' -> 'LiquidNocturnal'
INFO: Weapon 1: 'R-99'
INFO: Weapon 2: 'G7 SCOUT'
INFO: 
INFO: >>> Frame 004502
INFO: Player name: '_ LiquidNocturnal' -> 'LiquidNocturnal'
INFO: Weapon 1: 'R-99'
INFO: Weapon 2: 'G7:SCOUT' -> 'G7 SCOUT'
INFO: 
INFO: >>> Frame 004503
INFO: Can't find player name end icon
INFO: 
INFO: >>> Frame 004504
INFO: Can't find player name end icon
INFO: 
INFO: >>> Frame 004505
INFO: Can't find player name end icon
INFO: 
INFO: >>> Frame 004506
INFO: Can't find player name end icon
INFO: 
INFO: >>> Frame 004507
INFO: Can't find player name end icon
INFO: 
INFO: >>> Frame 004508
INFO: Player name: '_ LiquidNocturnal' -> 'LiquidNocturnal'
INFO: Weapon 1: 'R-99'
INFO: Weapon 2: 'G7 SCOUT'
INFO: 
INFO: >>> Frame 004509
INFO: Player name: '_ LiquidNocturnal' -> 'LiquidNocturnal'
INFO: Weapon 1: 'R-99'
INFO: Weapon 2: 'G7 SCOUT'
INFO: 
INFO: >>> Frame 004510
INFO: Player name: 'LiquidNocturnal'
INFO: Weapon 1: 'R-99'
INFO: Weapon 2: 'G? SCOUT' -> 'G7 SCOUT'
INFO: 
INFO: >>> Frame 004511
INFO: Player name: '_ LiguidNocturnal' -> 'LiquidNocturnal'
INFO: Weapon 1: 'R-99'
INFO: Weapon 2: 'G7? SCOUT' -> 'G7 SCOUT'
INFO: 
INFO: >>> Frame 004512
INFO: Player name: '_ LiguidNocturnal' -> 'LiquidNocturnal'
INFO: Weapon 1: 'R-99'
INFO: Weapon 2: 'G7 SCOUT'
INFO: 
INFO: >>> Frame 004513
INFO: Player name: '_LiquidNocturnal' -> 'LiquidNocturnal'
INFO: Weapon 1: 'R-99'
INFO: Weapon 2: 'G7 SCOUT'
INFO: 
INFO: >>> Frame 004514
INFO: Player name: '_LiguidNocturnal' -> 'LiquidNocturnal'
INFO: Weapon 1: 'R-99'
INFO: Weapon 2: 'G7 SCOUT'
INFO: 
INFO: >>> Frame 004515
INFO: Player name: '_ LiguidNocturnal' -> 'LiquidNocturnal'
INFO: Weapon 1: 'R-99'
INFO: Weapon 2: 'G7 SCOUT'
INFO: 
INFO: >>> Frame 004516
INFO: Player name: 'Liquid Flanker'
INFO: Weapon 1: 'LONGBOW'
INFO: Weapon 2: 'R-99'
INFO: 
INFO: >>> Frame 004517
INFO: Player name: 'Liquid Flanker'
INFO: Weapon 1: 'LONGBOW'
INFO: Weapon 2: 'R-99'
INFO: 
INFO: >>> Frame 004518
INFO: Player name: 'Liquid Flanker'
INFO: Weapon 1: 'LONGBOW'
INFO: Weapon 2: 'R-99'
INFO: 
INFO: >>> Frame 004519
INFO: Player name: '_ LiguidNocturnal' -> 'LiquidNocturnal'
INFO: Weapon 1: 'R-99'
INFO: Weapon 2: 'G7 SCOUT'
INFO: 
INFO: >>> Frame 004520
INFO: Player name: '_LiquidNocturnal' -> 'LiquidNocturnal'
INFO: Weapon 1: 'R-99'
INFO: Weapon 2: 'G7 SCOUT'
INFO: 
INFO: >>> Frame 004521
INFO: Player name: '_LiquidNocturnal' -> 'LiquidNocturnal'
INFO: Weapon 1: 'R-99'
INFO: Weapon 2: 'G7 SCOUT'
INFO: 
INFO: >>> Frame 004522
INFO: Player name: '_ LiquidNacturnal' -> 'LiquidNocturnal'
INFO: Weapon 1: 'R-99'
INFO: Weapon 2: 'G7 SCOUT'
INFO: 
INFO: >>> Frame 004523
INFO: Player name: 'Liquid Flanker'
INFO: Weapon 1: 'LONGBOW'
INFO: Weapon 2: 'R-99'
INFO: 
INFO: >>> Frame 004524
INFO: Player name: 'Liquid Flanker'
INFO: Weapon 1: 'LONGBOW'
INFO: Weapon 2: 'R-99'
INFO: 
INFO: >>> Frame 004525
INFO: Player name: 'Liquid Flanker'
INFO: Weapon 1: 'LONGBOW'
INFO: Weapon 2: 'R-99'
INFO: 
INFO: >>> Frame 004526
INFO: Player name: '_ LiquidNocturnal' -> 'LiquidNocturnal'
INFO: Weapon 1: 'R-99'
INFO: Weapon 2: 'G7 SCOUT'
INFO: 
INFO: >>> Frame 004527
INFO: Player name: '_ LiquidNocturnal' -> 'LiquidNocturnal'
INFO: Weapon 2: 'G/ SCOUT' -> 'G7 SCOUT'
INFO: 
INFO: >>> Frame 004528
INFO: Player name: '_ LiquidNecturnal' -> 'LiquidNocturnal'
INFO: Weapon 1: 'R-99'
INFO: Weapon 2: 'G7 SCOUT'
INFO: 
INFO: >>> Frame 004529
INFO: Player name: '_ LiguidNocturnal' -> 'LiquidNocturnal'
INFO: Weapon 1: 'R-99'
INFO: Weapon 2: 'G? SCOUT' -> 'G7 SCOUT'
INFO: 
INFO: >>> Frame 004530
INFO: Player name: 'Liquid Flanker'
INFO: Weapon 1: 'LONGBOW'
INFO: Weapon 2: 'R-99'
INFO: 
INFO: >>> Frame 004531
INFO: Player name: 'Liquid Flanker'
INFO: Weapon 1: 'LONGBOW'
INFO: Weapon 2: 'R-99'
INFO: 
INFO: >>> Frame 004532
INFO: Player name: 'Liquid Flanker'
INFO: Weapon 1: 'LONGBOW'
INFO: Weapon 2: 'R-99'
INFO: 
INFO: >>> Frame 004533
INFO: Player name: '_ LiquidNocturnal' -> 'LiquidNocturnal'
INFO: Weapon 1: 'R-99'
INFO: Weapon 2: 'G7? SCOUT' -> 'G7 SCOUT'
INFO: 
INFO: >>> Frame 004534
INFO: Player name: '_ LiquidNocturnal' -> 'LiquidNocturnal'
INFO: Weapon 1: 'R-99'
INFO: Weapon 2: 'G7 SCOUT'
INFO: 
INFO: >>> Frame 004535
INFO: Player name: '_ LiquidNocturnal' -> 'LiquidNocturnal'
INFO: Weapon 1: 'R-95' -> 'R-99'
INFO: Weapon 2: 'G7? SCOUT' -> 'G7 SCOUT'
INFO: 
INFO: >>> Frame 004536
INFO: Player name: '_ LiquidNocturnal' -> 'LiquidNocturnal'
INFO: Weapon 1: 'R-99'
INFO: Weapon 2: 'G7 SCOUT'
INFO: 
INFO: >>> Frame 004537
INFO: Player name: '_ LiguidNocturnal' -> 'LiquidNocturnal'
INFO: Weapon 1: 'R-99'
INFO: Weapon 2: 'G7 SCOUT'
INFO: 
INFO: >>> Frame 004538
INFO: Player name: '_ LiquidNocturnal' -> 'LiquidNocturnal'
INFO: Weapon 1: 'R-99'
INFO: Weapon 2: 'G7 SCOUT'
INFO: 
INFO: >>> Frame 004539
INFO: Player name: 'Liquid Flanker'
INFO: Weapon 1: 'LONGBOW'
INFO: Weapon 2: 'R-99'
INFO: 
INFO: >>> Frame 004540
INFO: Player name: 'Liquid Flanker'
INFO: Weapon 1: 'LONGBOW'
INFO: Weapon 2: 'R-89' -> 'R-99'
INFO: 
INFO: >>> Frame 004541
INFO: Player name: 'Liquid Flanker'
INFO: Weapon 1: 'LONGBOW'
INFO: Weapon 2: 'R-99'
INFO: 
INFO: >>> Frame 004542
INFO: Can't find player name end icon
INFO: 
INFO: >>> Frame 004543
INFO: Can't find player name end icon
INFO: 
INFO: >>> Frame 004544
INFO: Can't find player name end icon
INFO: 
INFO: >>> Frame 004545
INFO: Can't find player name end icon
INFO: 
INFO: >>> Frame 004546
INFO: Can't find player name end icon
INFO: 
INFO: >>> Frame 004547
INFO: Can't find player name end icon
INFO: 
INFO: >>> Frame 004548
INFO: Player name: 'snipadown_EW' -> 'Snip3down_EW'
INFO: Weapon 1: 'R-301'
INFO: Weapon 2: 'FLATLINE'
INFO: 
INFO: >>> Frame 004549
INFO: Player name: 'Snip3down EW' -> 'Snip3down_EW'
INFO: Weapon 1: 'R-301'
INFO: Weapon 2: 'FLATLINE'
INFO: 
INFO: >>> Frame 004550
INFO: Player name: 'TSM _ImperialHal' -> 'TSM_ImperialHa1'
INFO: Weapon 1: 'G7 SCOUT'
INFO: Weapon 2: 'EVA-8 AUTO'
INFO: 
INFO: >>> Frame 004551
INFO: Player name: 'TSM _ImperialHal' -> 'TSM_ImperialHa1'
INFO: Weapon 1: 'G7 SCOUT'
INFO: Weapon 2: 'EVA-38 AUTO' -> 'EVA-8 AUTO'
INFO: 
INFO: >>> Frame 004552
INFO: Player name: 'TSM_ImperialHal' -> 'TSM_ImperialHa1'
INFO: Weapon 1: 'G7 SCOUT'
INFO: Weapon 2: 'EVA-3 AUTO' -> 'EVA-8 AUTO'
INFO: 
INFO: >>> Frame 004553
INFO: Player name: 'TSM ImperialHal' -> 'TSM_ImperialHa1'
INFO: Weapon 1: 'G7 SCOUT'
INFO: Weapon 2: 'EVA-8 AUTO'
INFO: 
INFO: >>> Frame 004554
INFO: Player name: 'TSM _ImperialHal' -> 'TSM_ImperialHa1'
INFO: Weapon 1: 'G7 SCOUT'
INFO: Weapon 2: 'EVA-8 AUTO'
INFO: 
INFO: >>> Frame 004555
INFO: Player name: 'TSM_ImperialHal' -> 'TSM_ImperialHa1'
INFO: Weapon 1: 'G7 SCOUT'
INFO: Weapon 2: 'EVA-8 AUTO'
INFO: 
INFO: >>> Frame 004556
INFO: Player name: '‘Reps_TSM' -> 'Reps_TSM'
INFO: Weapon 1: 'PEACEKEEPE!' -> 'PEACEKEEPER'
INFO: Weapon 2: 'G7 SCOUT'
INFO: 
INFO: >>> Frame 004557
INFO: Player name: 'Reps_TSM'
INFO: Weapon 1: 'PEACEKEEPE!' -> 'PEACEKEEPER'
INFO: Weapon 2: 'G7 SCOUT'
INFO: 
INFO: >>> Frame 004558
INFO: Player name: '_Reps_TSM' -> 'Reps_TSM'
INFO: Weapon 1: 'PEACEKEEPER'
INFO: Weapon 2: 'G7 SCOUT'
INFO: 
INFO: >>> Frame 004559
INFO: Player name: 'Reps_TSM'
INFO: Weapon 1: 'PEACEKEEPER'
INFO: Weapon 2: 'G7 SCOUT'
INFO: 
INFO: >>> Frame 004560
INFO: Player name: 'Snip3down_ EW' -> 'Snip3down_EW'
INFO: Weapon 1: 'R-301'
INFO: Weapon 2: 'FLATLINE'
INFO: 
INFO: >>> Frame 004561
INFO: Player name: 'onipodown EW' -> 'Snip3down_EW'
INFO: Weapon 1: 'R-40)' -> 'R-301'
INFO: Weapon 2: 'FLATLINE'
INFO: 
INFO: >>> Frame 004562
INFO: Player name: 'onipgdown_ EW' -> 'Snip3down_EW'
INFO: Weapon 1: 'R-401' -> 'R-301'
INFO: Weapon 2: 'FLATLINE'
INFO: 
INFO: >>> Frame 004563
INFO: Player name: 'onipddown_EW' -> 'Snip3down_EW'
INFO: Weapon 1: 'R-301'
INFO: Weapon 2: 'FLATLINE'
INFO: 
INFO: >>> Frame 004564
INFO: Player name: 'snipadown_EW' -> 'Snip3down_EW'
INFO: Weapon 1: 'R-401' -> 'R-301'
INFO: Weapon 2: 'FLATLINE'
INFO: 
INFO: >>> Frame 004565
INFO: Player name: 'NRG_nafen'
INFO: Weapon 1: 'TRIPLE TAKE'
INFO: Weapon 2: 'EVA-8 AUTO'
INFO: 
INFO: >>> Frame 004566
INFO: Player name: 'NRG_nafen'
INFO: Weapon 1: 'TRIPLE TAKE'
INFO: Weapon 2: 'EVA-8 AUTO'
INFO: 
INFO: >>> Frame 004567
INFO: Player name: 'NRG_nafen'
INFO: Weapon 1: 'TRIPLE TAKE'
INFO: Weapon 2: 'EVA-8 AUTO'
INFO: 
INFO: >>> Frame 004568
INFO: Player name: 'NRG_rocker'
INFO: Weapon 1: 'R-301'
INFO: Weapon 2: 'MASTIFF'
INFO: 
INFO: >>> Frame 004569
INFO: Player name: ',OROPPEDxd' -> 'DROPPEDxd'
INFO: Weapon 1: 'R-301'
INFO: Weapon 2: 'EVA-38 AUTO' -> 'EVA-8 AUTO'
INFO: 
INFO: >>> Frame 004570
INFO: Player name: 'DROPPEDxd'
INFO: Weapon 1: 'R-301'
INFO: Weapon 2: 'EVA-B AUTO' -> 'EVA-8 AUTO'
INFO: 
INFO: >>> Frame 004571
INFO: Player name: '-DROPPEDxd' -> 'DROPPEDxd'
INFO: Weapon 1: 'R-401' -> 'R-301'
INFO: Weapon 2: 'EVA-8 AUTO'
INFO: 
INFO: >>> Frame 004572
INFO: Player name: '-DROPPEDxd' -> 'DROPPEDxd'
INFO: Weapon 1: 'R-301'
INFO: Weapon 2: 'EVA-8 AUTO'
INFO: 
INFO: >>> Frame 004573
INFO: Player name: 'BDROPPEDxd' -> 'DROPPEDxd'
INFO: Weapon 2: 'EV4A-B8 AUTO' -> 'EVA-8 AUTO'
INFO: 
INFO: >>> Frame 004574
INFO: 
INFO: >>> Frame 004575
INFO: Player name: 'Rogue NAG' -> 'Rogue_NRG'
INFO: Weapon 2: 'EV4-8 AUTO' -> 'EVA-8 AUTO'
INFO: 
INFO: >>> Frame 004576
INFO: Can't find player name end icon
INFO: 
INFO: >>> Frame 004577
INFO: Can't find player name end icon
INFO: 
INFO: >>> Frame 004578
INFO: Player name: 'NRG Sweet Rank 1' -> 'NRG_Sweet_Rank_1'
INFO: Weapon 1: 'HEMLOK.' -> 'HEMLOK'
INFO: Weapon 2: 'VOLT'
INFO: 
INFO: >>> Frame 004579
INFO: Player name: 'NAG _Sweet_Rank_|' -> 'NRG_Sweet_Rank_1'
INFO: Weapon 2: 'VOLT'
INFO: 
INFO: >>> Frame 004580
INFO: Player name: 'NRG_nafen'
INFO: Weapon 1: 'TRIPLE TAKE'
INFO: Weapon 2: 'EVA-B AUTO' -> 'EVA-8 AUTO'
INFO: 
INFO: >>> Frame 004581
INFO: Player name: 'NRAG_nafen' -> 'NRG_nafen'
INFO: Weapon 1: 'TRIPLE TAKE'
INFO: Weapon 2: 'EVA-8 AUTO'
INFO: 
INFO: >>> Frame 004582
INFO: Player name: 'NRG_nafen'
INFO: Weapon 1: 'TRIPLE TAKE'
INFO: Weapon 2: 'EVA-B AUTO' -> 'EVA-8 AUTO'
INFO: 
INFO: >>> Frame 004583
INFO: Player name: 'NRG_nafen'
INFO: Weapon 1: 'TRIPLE TAKE'
INFO: Weapon 2: 'EVA-B AUTO' -> 'EVA-8 AUTO'
INFO: 
INFO: >>> Frame 004584
INFO: Player name: 'NRAG_nafen' -> 'NRG_nafen'
INFO: Weapon 1: 'TRIPLE TAKE'
INFO: Weapon 2: 'EVA-8 AUTO'
INFO: 
INFO: >>> Frame 004585
INFO: Player name: 'NRG_nafen'
INFO: Weapon 1: 'TRIPLE TAKE'
INFO: Weapon 2: 'EVA-3 AUTO' -> 'EVA-8 AUTO'
INFO: 
INFO: >>> Frame 004586
INFO: Player name: 'NRG_nafen'
INFO: Weapon 1: 'TRIPLE TAKE'
INFO: Weapon 2: 'EVA-8 AUTO'
INFO: 
INFO: >>> Frame 004587
INFO: Player name: '_NRG_rocker' -> 'NRG_rocker'
INFO: Weapon 1: 'R-301'
INFO: Weapon 2: 'MASTIFF'
INFO: 
INFO: >>> Frame 004588
INFO: Player name: 'NRG_rocker'
INFO: Weapon 1: 'R-301'
INFO: Weapon 2: 'MASTIFF'
INFO: 
INFO: >>> Frame 004589
INFO: Player name: '_NRG_rocker' -> 'NRG_rocker'
INFO: Weapon 1: 'R-301'
INFO: Weapon 2: 'MASTIFF'
INFO: 
INFO: >>> Frame 004590
INFO: Player name: 'FP_CUBSKi'
INFO: Weapon 1: 'VOLT'
INFO: Weapon 2: 'EVA-8 AUTO'
INFO: 
INFO: >>> Frame 004591
INFO: Player name: 'FP_CUBSKi'
INFO: Weapon 1: 'VOLT'
INFO: Weapon 2: 'EVA-B AUTO' -> 'EVA-8 AUTO'
INFO: 
INFO: >>> Frame 004592
INFO: Player name: '-peeshQYA' -> 'peeshCYA'
INFO: Weapon 1: 'HAVOC'
INFO: Weapon 2: 'FLATLINE'
INFO: 
INFO: >>> Frame 004593
INFO: Unknown player: 'S8TeOS6' (best guess: '96TeQ96', 0.57)
INFO: 
INFO: >>> Frame 004594
INFO: Player name: 'AbTeO96' -> '96TeQ96'
INFO: Weapon 1: 'HAVOC'
INFO: Weapon 2: 'FLATLINE'
INFO: 
INFO: >>> Frame 004595
INFO: Unknown player: 'Mr' (best guess: 'qcrook', 0.83)
INFO: 
INFO: >>> Frame 004596
INFO: 
INFO: >>> Frame 004597
INFO: 
INFO: >>> Frame 004598
INFO: Player name: 'FP_CUBSKi'
INFO: 
INFO: >>> Frame 004599
INFO: Player name: 'FP_CUBSKi'
INFO: 
INFO: >>> Frame 004600
INFO: Player name: 'FP_CUBSKi'
INFO: 
INFO: >>> Frame 004601
INFO: Player name: 'FP _CUBSKi' -> 'FP_CUBSKi'
INFO: 
INFO: >>> Frame 004602
INFO: Player name: 'FP _CUBSKi' -> 'FP_CUBSKi'
INFO: 
INFO: >>> Frame 004603
INFO: Player name: 'FP _CUBSKi' -> 'FP_CUBSKi'
INFO: 
INFO: >>> Frame 004604
INFO: Player name: 'FP_CUBSKi'
INFO: Unknown weapon: 'te |\n‘ey' (best guess: 'G7 SCOUT', 0.88)
INFO: 
INFO: >>> Frame 004605
INFO: Player name: 'FP_CUBSKi'
INFO: 
INFO: >>> Frame 004606
INFO: Player name: 'FP _CUBSKi' -> 'FP_CUBSKi'
INFO: 
INFO: >>> Frame 004607
INFO: Player name: 'FP_CUBSKi'
INFO: Weapon 1: 'VOLT'
INFO: Weapon 2: 'EVA-B AUTO' -> 'EVA-8 AUTO'
INFO: 
INFO: >>> Frame 004608
INFO: Player name: 'joeyblackout'
INFO: Weapon 1: 'SPITFIRE'
INFO: Weapon 2: 'VOLT'
INFO: 
INFO: >>> Frame 004609
INFO: Player name: 'joeyblackout.' -> 'joeyblackout'
INFO: Weapon 1: 'WINGMAN'
INFO: Weapon 2: 'R-99'
INFO: 
INFO: >>> Frame 004610
INFO: Player name: 'joeyblackout'
INFO: Weapon 1: 'WINGMAN'
INFO: Weapon 2: 'R-99'
INFO: 
INFO: >>> Frame 004611
INFO: Player name: 'joeyblackout'
INFO: Weapon 1: 'WINGMAN'
INFO: Weapon 2: 'R-99'
INFO: 
INFO: >>> Frame 004612
INFO: Player name: 'Rakkinishu'
INFO: Weapon 1: 'MASTIFF'
INFO: Weapon 2: 'FLATLINE'
INFO: 
INFO: >>> Frame 004613
INFO: Player name: 'Rakkinishu'
INFO: Weapon 1: 'MASTIFEF' -> 'MASTIFF'
INFO: Weapon 2: 'FLATLINE'
INFO: 
INFO: >>> Frame 004614
INFO: Player name: 'Rakkinishu'
INFO: Weapon 1: 'MASTIFF'
INFO: Weapon 2: 'FLATLINE'
INFO: 
INFO: >>> Frame 004615
INFO: Player name: 'ProdigyAces'
INFO: Weapon 1: 'SPITFIRE'
INFO: Weapon 2: 'VOLT'
INFO: 
INFO: >>> Frame 004616
INFO: 
INFO: >>> Frame 004617
INFO: Player name: 'ProdigyAces'
INFO: Weapon 1: 'SPITFIRE:' -> 'SPITFIRE'
INFO: Weapon 2: 'VOLT'
INFO: 
INFO: >>> Frame 004618
INFO: Player name: 'ProdigyAces'
INFO: Weapon 1: 'SPITFIRE'
INFO: Weapon 2: 'VOLT'
INFO: 
INFO: >>> Frame 004619
INFO: Player name: 'PradigvAces' -> 'ProdigyAces'
INFO: Weapon 1: 'WINGMAN'
INFO: Weapon 2: 'R-99'
INFO: 
INFO: >>> Frame 004620
INFO: Player name: 'COL iShiny' -> 'COL_iShiny'
INFO: Weapon 1: 'CHARGE RIFLE'
INFO: Weapon 2: 'MASTIFF'
INFO: 
INFO: >>> Frame 004621
INFO: 
INFO: >>> Frame 004622
INFO: Player name: 'TSM _ImperialHal' -> 'TSM_ImperialHa1'
INFO: Weapon 1: 'R-301'
INFO: Weapon 2: 'EVA-8 ALTO' -> 'EVA-8 AUTO'
INFO: 
INFO: >>> Frame 004623
INFO: Player name: 'TSM_ImperialHal' -> 'TSM_ImperialHa1'
INFO: Weapon 1: 'R-401' -> 'R-301'
INFO: Weapon 2: 'EVA-3 AUTO' -> 'EVA-8 AUTO'
INFO: 
INFO: >>> Frame 004624
INFO: Player name: 'TSM_ImperialHal' -> 'TSM_ImperialHa1'
INFO: Weapon 1: 'R-301'
INFO: Weapon 2: 'EVA-8 AUTO'
INFO: 
INFO: >>> Frame 004625
INFO: Player name: 'TSM_ImperialHal' -> 'TSM_ImperialHa1'
INFO: Weapon 1: 'R-301'
INFO: Weapon 2: 'EVA-B AUTO' -> 'EVA-8 AUTO'
INFO: 
INFO: >>> Frame 004626
INFO: Player name: 'TSM _ImneriaiHal' -> 'TSM_ImperialHa1'
INFO: Weapon 1: 'R301' -> 'R-301'
INFO: Weapon 2: 'EVA-B AUTO' -> 'EVA-8 AUTO'
INFO: 
INFO: >>> Frame 004627
INFO: Player name: 'TSM _ImperialHal' -> 'TSM_ImperialHa1'
INFO: Weapon 1: 'R-301'
INFO: Weapon 2: 'EVA-B AUTO' -> 'EVA-8 AUTO'
INFO: 
INFO: >>> Frame 004628
INFO: Can't find player name end icon
INFO: 
INFO: >>> Frame 004629
INFO: Player name: '_HRN_Euriece' -> 'HRN_Euriece'
INFO: Weapon 1: 'EVA-8 AUTO'
INFO: Weapon 2: 'G7 SCOUT'
INFO: 
INFO: >>> Frame 004630
INFO: Player name: '_HRN_Eunece' -> 'HRN_Euriece'
INFO: Weapon 1: 'EVA-8 AUTO'
INFO: Weapon 2: 'G7 SCOUT'
INFO: 
INFO: >>> Frame 004631
INFO: Player name: ',HRN_Euriece' -> 'HRN_Euriece'
INFO: Weapon 1: 'EVA-8 AUTO'
INFO: Weapon 2: 'G7? SCOUT' -> 'G7 SCOUT'
INFO: 
INFO: >>> Frame 004632
INFO: Player name: 'HRN Hill' -> 'HRN_Hill'
INFO: Weapon 1: 'HEMLOK'
INFO: Weapon 2: 'EVA-8 AUTO'
INFO: 
INFO: >>> Frame 004633
INFO: Player name: 'HRN_Rkn'
INFO: Weapon 1: 'G7 SCOUT'
INFO: Weapon 2: 'EVA-8 AUTO'
INFO: 
INFO: >>> Frame 004634
INFO: Player name: 'HRN_Rkn'
INFO: Weapon 1: 'G7 SCOUT'
INFO: Weapon 2: 'EVA-8 AUTO'
INFO: 
INFO: >>> Frame 004635
INFO: Player name: 'HRN_Rkn'
INFO: Weapon 1: 'G? SCOUT' -> 'G7 SCOUT'
INFO: Weapon 2: 'EVA-6 AUTO' -> 'EVA-8 AUTO'
INFO: 
INFO: >>> Frame 004636
INFO: Player name: 'Rakkinishu'
INFO: Weapon 1: 'MASTIFF'
INFO: Weapon 2: 'FLATLINE'
INFO: 
INFO: >>> Frame 004637
INFO: Player name: 'Rakkinishu'
INFO: Weapon 1: 'MASTIFF'
INFO: Weapon 2: 'FLATLINE'
INFO: 
INFO: >>> Frame 004638
INFO: Player name: 'Rakkinishu'
INFO: Weapon 1: 'MASTIFF'
INFO: Weapon 2: 'FLATLINE'
INFO: 
INFO: >>> Frame 004639
INFO: Player name: 'Rakkinishu'
INFO: Weapon 1: 'MASTIFF'
INFO: Weapon 2: 'FLATLINE'
INFO: 
INFO: >>> Frame 004640
INFO: Player name: 'Rakkinishu'
INFO: Weapon 1: 'MASTIFF'
INFO: Weapon 2: 'FLATLINE'
INFO: 
INFO: >>> Frame 004641
INFO: Player name: 'Rakkinishu'
INFO: Weapon 1: 'MASTIFF'
INFO: Weapon 2: 'FLATLINE'
INFO: 
INFO: >>> Frame 004642
INFO: Player name: 'Rakkinishu'
INFO: Weapon 1: 'MASTIFF'
INFO: Weapon 2: 'FLATLINE'
INFO: 
INFO: >>> Frame 004643
INFO: Can't find player name end icon
INFO: 
INFO: >>> Frame 004644
INFO: Player name: 'KeniFPS'
INFO: Weapon 1: 'VOLT'
INFO: Weapon 2: '30-30 REPEATE!' -> '30-30 REPEATER'
INFO: 
INFO: >>> Frame 004645
INFO: Player name: 'KeniFRS' -> 'KeniFPS'
INFO: Weapon 1: 'VOLT'
INFO: Weapon 2: '30-30 REPEATE!' -> '30-30 REPEATER'
INFO: 
INFO: >>> Frame 004646
INFO: Can't find player name end icon
INFO: 
INFO: >>> Frame 004647
INFO: Can't find player name end icon
INFO: 
INFO: >>> Frame 004648
INFO: Can't find player name end icon
INFO: 
INFO: >>> Frame 004649
INFO: Can't find player name end icon
INFO: 
INFO: >>> Frame 004650
INFO: Can't find player name end icon
INFO: 
INFO: >>> Frame 004651
INFO: Player name: ',COL_Iau' -> 'COL_Iou'
INFO: Unknown weapon: 'DEVOTION' (best guess: 'HAVOC', 0.75)
INFO: Weapon 2: 'FLATLINE'
INFO: 
INFO: >>> Frame 004652
INFO: Player name: 'COL lou' -> 'COL_Iou'
INFO: Unknown weapon: 'DEVOTION' (best guess: 'HAVOC', 0.75)
INFO: Weapon 2: 'FLATLINE'
INFO: 
INFO: >>> Frame 004653
INFO: Player name: '_COL_lou' -> 'COL_Iou'
INFO: Unknown weapon: 'DEVOTION' (best guess: 'HAVOC', 0.75)
INFO: Weapon 2: 'FLATLINE'
INFO: 
INFO: >>> Frame 004654
INFO: Player name: ',COL_Iou' -> 'COL_Iou'
INFO: Unknown weapon: 'DEVOTION' (best guess: 'HAVOC', 0.75)
INFO: Weapon 2: 'FLATLINE'
INFO: 
INFO: >>> Frame 004655
INFO: Player name: 'COL Jou' -> 'COL_Iou'
INFO: Weapon 2: 'FLATLINE'
INFO: 
INFO: >>> Frame 004656
INFO: Player name: 'COL Jou' -> 'COL_Iou'
INFO: Unknown weapon: 'DEVOTION' (best guess: 'HAVOC', 0.75)
INFO: Weapon 2: 'FLATLINE'
INFO: 
INFO: >>> Frame 004657
INFO: Player name: 'COL lou' -> 'COL_Iou'
INFO: Unknown weapon: 'DEVOTION' (best guess: 'HAVOC', 0.75)
INFO: Weapon 2: 'FLATLINE'
INFO: 
INFO: >>> Frame 004658
INFO: Player name: 'COL Jou' -> 'COL_Iou'
INFO: Unknown weapon: 'DEVOTION' (best guess: 'HAVOC', 0.75)
INFO: Weapon 2: 'FLATLINE'
INFO: 
INFO: >>> Frame 004659
INFO: Player name: 'COLlou' -> 'COL_Iou'
INFO: Unknown weapon: 'DEVOTION' (best guess: 'HAVOC', 0.75)
INFO: Weapon 2: 'FLATLINE'
INFO: 
INFO: >>> Frame 004660
INFO: Unknown player: 'COLJay' (best guess: 'COL_Iou', 0.57)
INFO: 
INFO: >>> Frame 004661
INFO: Player name: 'sF_Dezignful'
INFO: Weapon 1: 'VOLT'
INFO: Weapon 2: 'G7 SCOUT'
INFO: 
INFO: >>> Frame 004662
INFO: Player name: 'sF_Dezignful'
INFO: Weapon 1: 'VOLT'
INFO: Weapon 2: 'G7 SCOUT'
INFO: 
INFO: >>> Frame 004663
INFO: Player name: 'sF_Dezignful'
INFO: Weapon 1: 'VOLT'
INFO: Weapon 2: 'G7 SCOUT'
INFO: 
INFO: >>> Frame 004664
INFO: Player name: 'sF_Dezignful'
INFO: Weapon 1: 'VOLT'
INFO: Weapon 2: 'G7 SCOUT'
INFO: 
INFO: >>> Frame 004665
INFO: Player name: 'sF_Dezignful'
INFO: Weapon 1: 'VOLT'
INFO: Weapon 2: 'G7 SCOUT'
INFO: 
INFO: >>> Frame 004666
INFO: Player name: 'SF _Dezignful' -> 'sF_Dezignful'
INFO: Weapon 1: 'VOLT'
INFO: Weapon 2: 'G7 SCOUT'
INFO: 
INFO: >>> Frame 004667
INFO: Player name: 'sF_Dezignful'
INFO: Weapon 1: 'VOLT'
INFO: Weapon 2: 'G7 SCOUT'
INFO: 
INFO: >>> Frame 004668
INFO: Player name: 'SF_Dezignful' -> 'sF_Dezignful'
INFO: Weapon 1: 'VELT' -> 'VOLT'
INFO: Weapon 2: 'G7 SCOUT'
INFO: 
INFO: >>> Frame 004669
INFO: Player name: 'Liquid Flanker'
INFO: Weapon 1: 'LONGBOW'
INFO: Weapon 2: 'R-99'
INFO: 
INFO: >>> Frame 004670
INFO: Player name: 'Liquid Flanker'
INFO: Weapon 1: 'LONGBOW'
INFO: Weapon 2: 'R-99'
INFO: 
INFO: >>> Frame 004671
INFO: Player name: '_LiquidNocturnal' -> 'LiquidNocturnal'
INFO: Weapon 2: 'G7 SCOUT'
INFO: 
INFO: >>> Frame 004672
INFO: Player name: '_ LiquidNocturna}' -> 'LiquidNocturnal'
INFO: Weapon 1: 'R-99'
INFO: Weapon 2: 'G7 SCOUT'
INFO: 
INFO: >>> Frame 004673
INFO: Player name: '_ LiquidNocturnal' -> 'LiquidNocturnal'
INFO: Weapon 1: 'R-99'
INFO: Weapon 2: 'G7 SCOUT'
INFO: 
INFO: >>> Frame 004674
INFO: Player name: 'LiquidNocturnal'
INFO: Weapon 1: 'R-99'
INFO: Weapon 2: 'G7 SCOUT'
INFO: 
INFO: >>> Frame 004675
INFO: Player name: 'TSM Albralelia' -> 'TSM Albralelie'
INFO: Weapon 1: 'R-301'
INFO: Weapon 2: 'EVA-B AUTO' -> 'EVA-8 AUTO'
INFO: 
INFO: >>> Frame 004676
INFO: Player name: 'TSM Albralelie'
INFO: Weapon 1: 'R-301'
INFO: Weapon 2: 'EVA-8 AUTO'
INFO: 
INFO: >>> Frame 004677
INFO: Can't find player name end icon
INFO: 
INFO: >>> Frame 004678
INFO: Can't find player name end icon
INFO: 
INFO: >>> Frame 004679
INFO: Can't find player name end icon
INFO: 
INFO: >>> Frame 004680
INFO: Player name: 'TSM Albralelia' -> 'TSM Albralelie'
INFO: Weapon 1: 'R-401' -> 'R-301'
INFO: Weapon 2: 'EVA-8 AUTO'
INFO: 
INFO: >>> Frame 004681
INFO: Player name: 'TSM Albralelia' -> 'TSM Albralelie'
INFO: Weapon 1: 'R-301'
INFO: Weapon 2: 'EVA-8 AUTO'
INFO: 
INFO: >>> Frame 004682
INFO: Player name: 'TSM Albralelle' -> 'TSM Albralelie'
INFO: Weapon 1: 'R-40)' -> 'R-301'
INFO: Weapon 2: 'EVA-8 AUTO'
INFO: 
INFO: >>> Frame 004683
INFO: Player name: 'TSM Albralelia' -> 'TSM Albralelie'
INFO: Weapon 1: 'R-401' -> 'R-301'
INFO: Weapon 2: 'EVA-6 AUTO' -> 'EVA-8 AUTO'
INFO: 
INFO: >>> Frame 004684
INFO: Player name: 'TSM Albralelie'
INFO: Weapon 1: 'A-301' -> 'R-301'
INFO: Weapon 2: 'EVA-6 AUTO.' -> 'EVA-8 AUTO'
INFO: 
INFO: >>> Frame 004685
INFO: Player name: 'TSM Albralelie'
INFO: Weapon 1: 'R-301'
INFO: Weapon 2: 'EV4-38 AUTO' -> 'EVA-8 AUTO'
INFO: 
INFO: >>> Frame 004686
INFO: Player name: 'TSM Albralelie’' -> 'TSM Albralelie'
INFO: Weapon 1: 'R-301'
INFO: Weapon 2: 'EVA-8 AUTO'
INFO: 
INFO: >>> Frame 004687
INFO: Player name: 'TSM Albralelie'
INFO: Weapon 1: 'R-301'
INFO: Weapon 2: 'EVA-8 AUTO'
INFO: 
INFO: >>> Frame 004688
INFO: Can't find player name end icon
INFO: 
INFO: >>> Frame 004689
INFO: Can't find player name end icon
INFO: 
INFO: >>> Frame 004690
INFO: Can't find player name end icon
INFO: 
INFO: >>> Frame 004691
INFO: Player name: 'Kotigami'
INFO: Weapon 1: 'VOLT'
INFO: Weapon 2: 'G7 SCOUT'
INFO: 
INFO: >>> Frame 004692
INFO: Player name: 'Kotigami'
INFO: Weapon 1: 'VOLT'
INFO: Weapon 2: 'G7 SCOUT'
INFO: 
INFO: >>> Frame 004693
INFO: Player name: '‘Kotigami' -> 'Kotigami'
INFO: Weapon 1: 'VOLT'
INFO: Weapon 2: 'G7? SCOUT' -> 'G7 SCOUT'
INFO: 
INFO: >>> Frame 004694
INFO: Player name: 'Kotigami'
INFO: Weapon 1: 'VOLT'
INFO: Weapon 2: 'G7 SCOUT'
INFO: 
INFO: >>> Frame 004695
INFO: Player name: 'Kotigami'
INFO: Weapon 1: 'VOLT'
INFO: Weapon 2: 'G7 SCOUT'
INFO: 
INFO: >>> Frame 004696
INFO: Player name: 'Kotigami'
INFO: Weapon 1: 'VOLT'
INFO: Weapon 2: 'G7 SCOUT'
INFO: 
INFO: >>> Frame 004697
INFO: Player name: 'Kotigam' -> 'Kotigami'
INFO: Weapon 1: 'VOLT'
INFO: Weapon 2: 'G7: SCOUT' -> 'G7 SCOUT'
INFO: 
INFO: >>> Frame 004698
INFO: Player name: 'Kotigami'
INFO: Weapon 1: 'VOLT'
INFO: Weapon 2: 'G7 SCOUT'
INFO: 
INFO: >>> Frame 004699
INFO: Player name: 'Kotigami'
INFO: Weapon 1: 'VOLT'
INFO: Weapon 2: 'G7 SCOUT'
INFO: 
INFO: >>> Frame 004700
INFO: Player name: 'Kotigami'
INFO: Weapon 1: 'VOLT'
INFO: Weapon 2: 'G7 SCOUT'
INFO: 
INFO: >>> Frame 004701
INFO: Player name: 'Katigam' -> 'Kotigami'
INFO: Weapon 1: 'VOLT'
INFO: Weapon 2: 'G7 SCOUT'
INFO: 
INFO: >>> Frame 004702
INFO: Player name: 'Kotigami'
INFO: Weapon 1: 'VOLT'
INFO: Weapon 2: 'G7 SCOUT'
INFO: 
INFO: >>> Frame 004703
INFO: Player name: '_LiquidNocturnal' -> 'LiquidNocturnal'
INFO: Weapon 1: 'R-995' -> 'R-99'
INFO: Weapon 2: 'G7. SCOUT' -> 'G7 SCOUT'
INFO: 
INFO: >>> Frame 004704
INFO: 
INFO: >>> Frame 004705
INFO: Player name: '_LiquidNocturnal' -> 'LiquidNocturnal'
INFO: Weapon 1: 'R-94' -> 'R-99'
INFO: Weapon 2: 'G7 SCOUT'
INFO: 
INFO: >>> Frame 004706
INFO: Player name: '_LiguidNocturnal' -> 'LiquidNocturnal'
INFO: Weapon 1: 'R-99'
INFO: Weapon 2: 'G7 SCOUT'
INFO: 
INFO: >>> Frame 004707
INFO: Player name: '_ LiguidNocturnal' -> 'LiquidNocturnal'
INFO: Weapon 1: 'R-99'
INFO: Weapon 2: 'G7 SCOUT'
INFO: 
INFO: >>> Frame 004708
INFO: Player name: ', LiguidNocturnal' -> 'LiquidNocturnal'
INFO: Weapon 1: 'R-95' -> 'R-99'
INFO: Weapon 2: 'G7 SCOUT'
INFO: 
INFO: >>> Frame 004709
INFO: Player name: '_LiquidNocturnal' -> 'LiquidNocturnal'
INFO: Weapon 1: 'R-99'
INFO: Weapon 2: 'G7.SCOUT' -> 'G7 SCOUT'
INFO: 
INFO: >>> Frame 004710
INFO: Player name: '_ LiguidNocturnal' -> 'LiquidNocturnal'
INFO: Weapon 1: 'R-99'
INFO: Weapon 2: 'G7 SCOUT'
INFO: 
INFO: >>> Frame 004711
INFO: Can't find player name end icon
INFO: 
INFO: >>> Frame 004712
INFO: Can't find player name end icon
INFO: 
INFO: >>> Frame 004713
INFO: Player name: 'ICLG imMadness' -> 'CLG ImMadness'
INFO: Weapon 2: 'MASTIFF'
INFO: 
INFO: >>> Frame 004714
INFO: Player name: 'TCLG imMadness' -> 'CLG ImMadness'
INFO: Weapon 1: 'R-301'
INFO: Weapon 2: 'MASTIFF'
INFO: 
INFO: >>> Frame 004715
INFO: Player name: '‘CLG \\mMadness' -> 'CLG ImMadness'
INFO: Weapon 2: 'MASTIFF'
INFO: 
INFO: >>> Frame 004716
INFO: Player name: 'CLG ImMadness'
INFO: Weapon 1: 'R-301'
INFO: Weapon 2: 'MAS TIFF' -> 'MASTIFF'
INFO: 
INFO: >>> Frame 004717
INFO: Player name: 'CLG imMadness' -> 'CLG ImMadness'
INFO: Weapon 1: 'R-301'
INFO: Weapon 2: 'MAS TIFF' -> 'MASTIFF'
INFO: 
INFO: >>> Frame 004718
INFO: Player name: 'CLG ImMadness'
INFO: Weapon 1: 'R-301'
INFO: Weapon 2: 'MASTIFF'
INFO: 
INFO: >>> Frame 004719
INFO: Player name: 'CLG ImMadness'
INFO: Weapon 1: 'R-301'
INFO: Weapon 2: 'MASTIFF'
INFO: 
INFO: >>> Frame 004720
INFO: Can't find player name end icon
INFO: 
INFO: >>> Frame 004721
INFO: Can't find player name end icon
INFO: 
INFO: >>> Frame 004722
INFO: Player name: 'CLG Vaxlon' -> 'CLG_Vaxlon'
INFO: Weapon 1: 'G7 SCOUT'
INFO: Weapon 2: 'MOZAMBIQUE'
INFO: 
INFO: >>> Frame 004723
INFO: Player name: 'CLG_Vaxion' -> 'CLG_Vaxlon'
INFO: Weapon 1: 'G7 SCOUT'
INFO: Weapon 2: 'MOZAMBIQUE'
INFO: 
INFO: >>> Frame 004724
INFO: Player name: 'CLG Vaxton' -> 'CLG_Vaxlon'
INFO: Weapon 1: 'G7 SCOUT'
INFO: Weapon 2: 'MOZAMBIQUE'
INFO: 
INFO: >>> Frame 004725
INFO: Player name: 'CLG _Vaxlon' -> 'CLG_Vaxlon'
INFO: Weapon 1: 'G7 SCOUT'
INFO: Weapon 2: 'MOZAMBIQUE'
INFO: 
INFO: >>> Frame 004726
INFO: Player name: 'CLG Vaxlon' -> 'CLG_Vaxlon'
INFO: Weapon 1: 'G7 SCOUT'
INFO: Weapon 2: 'MOZAMBIQUE'
INFO: 
INFO: >>> Frame 004727
INFO: Can't find player name end icon
INFO: 
INFO: >>> Frame 004728
INFO: Can't find player name end icon
INFO: 
INFO: >>> Frame 004729
INFO: Can't find player name end icon
INFO: 
INFO: >>> Frame 004730
INFO: Player name: 'TSM Albralelia' -> 'TSM Albralelie'
INFO: Weapon 1: 'R-301'
INFO: Weapon 2: 'EVA-8 AUTO'
INFO: 
INFO: >>> Frame 004731
INFO: Player name: 'TSM Albralelie'
INFO: Weapon 1: 'R-301'
INFO: Weapon 2: 'EVA-8 AUTO'
INFO: 
INFO: >>> Frame 004732
INFO: Player name: 'TSM Albralelie'
INFO: Weapon 1: 'R-301'
INFO: Weapon 2: 'EVA-B AUTO' -> 'EVA-8 AUTO'
INFO: 
INFO: >>> Frame 004733
INFO: Player name: 'TSM Albralelie'
INFO: Weapon 1: 'R-301'
INFO: Weapon 2: 'EVA-d@ AUTO' -> 'EVA-8 AUTO'
INFO: 
INFO: >>> Frame 004734
INFO: Player name: 'TSM Albralelis' -> 'TSM Albralelie'
INFO: Weapon 2: 'EVA-B AUTO' -> 'EVA-8 AUTO'
INFO: 
INFO: >>> Frame 004735
INFO: Player name: 'TSM Albralalia' -> 'TSM Albralelie'
INFO: Weapon 1: 'R-301'
INFO: Weapon 2: 'EVA-B AUTO' -> 'EVA-8 AUTO'
INFO: 
INFO: >>> Frame 004736
INFO: Player name: 'TSM Albralelia' -> 'TSM Albralelie'
INFO: Weapon 1: 'R-301'
INFO: Weapon 2: 'EVA-B AUTO' -> 'EVA-8 AUTO'
INFO: 
INFO: >>> Frame 004737
INFO: Player name: 'TSM Albralelie'
INFO: Weapon 1: 'R-301'
INFO: Weapon 2: 'EVA-B AUTO' -> 'EVA-8 AUTO'
INFO: 
INFO: >>> Frame 004738
INFO: Player name: 'TSM Albralelie'
INFO: Weapon 1: 'R-301'
INFO: Weapon 2: 'EVA-38 AUTO' -> 'EVA-8 AUTO'
INFO: 
INFO: >>> Frame 004739
INFO: Player name: 'TSM Albralelie'
INFO: Weapon 1: 'R-301'
INFO: Weapon 2: 'EVA-B AUTO' -> 'EVA-8 AUTO'
INFO: 
INFO: >>> Frame 004740
INFO: Can't find player name end icon
INFO: 
INFO: >>> Frame 004741
INFO: Can't find player name end icon
INFO: 
INFO: >>> Frame 004742
INFO: Can't find player name end icon
INFO: 
INFO: >>> Frame 004743
INFO: Can't find player name end icon
INFO: 
INFO: >>> Frame 004744
INFO: Can't find player name end icon
INFO: 
INFO: >>> Frame 004745
INFO: Can't find player name end icon
INFO: 
INFO: >>> Frame 004746
INFO: Player name: 'SEN_retzi'
INFO: Weapon 1: 'R-99'
INFO: Weapon 2: 'PEACEKEEPEF' -> 'PEACEKEEPER'
INFO: 
INFO: >>> Frame 004747
INFO: Player name: 'SEN_ratzi' -> 'SEN_retzi'
INFO: Weapon 1: 'R-99'
INFO: Weapon 2: 'JEACEKEEPER' -> 'PEACEKEEPER'
INFO: 
INFO: >>> Frame 004748
INFO: Player name: 'SEN _retzi' -> 'SEN_retzi'
INFO: Weapon 1: 'A-99' -> 'R-99'
INFO: Weapon 2: 'JEACEKEEPER' -> 'PEACEKEEPER'
INFO: 
INFO: >>> Frame 004749
INFO: Player name: 'SEN_retzi'
INFO: Weapon 1: 'R-99'
INFO: Weapon 2: 'JEACEKEEPER' -> 'PEACEKEEPER'
INFO: 
INFO: >>> Frame 004750
INFO: Player name: 'SEN retzi' -> 'SEN_retzi'
INFO: Weapon 1: 'R-99'
INFO: Weapon 2: 'AEACEKEEPER' -> 'PEACEKEEPER'
INFO: 
INFO: >>> Frame 004751
INFO: Player name: '_SEN_ocrust' -> 'SEN_crust'
INFO: Unknown weapon: 'G?SCoUuT' (best guess: 'G7 SCOUT', 0.50)
INFO: Weapon 2: 'EVA-8 AUTO'
INFO: 
INFO: >>> Frame 004752
INFO: Player name: '_SEN_crust' -> 'SEN_crust'
INFO: Weapon 1: 'G7 SCOUT'
INFO: Weapon 2: 'EVA-6 AUTO' -> 'EVA-8 AUTO'
INFO: 
INFO: >>> Frame 004753
INFO: Player name: '_SEN_crust' -> 'SEN_crust'
INFO: Weapon 1: 'G7 SCOUT'
INFO: Weapon 2: 'EVA-8 AUTO'
INFO: 
INFO: >>> Frame 004754
INFO: Player name: '_ SEN_crust' -> 'SEN_crust'
INFO: Weapon 1: 'G7 SCOUT'
INFO: Weapon 2: 'EVA-8 AUTO'
INFO: 
INFO: >>> Frame 004755
INFO: Player name: '_ SEN_crust' -> 'SEN_crust'
INFO: Weapon 1: 'G7 SCOUT'
INFO: Weapon 2: 'EVA-8 AUTO.' -> 'EVA-8 AUTO'
INFO: 
INFO: >>> Frame 004756
INFO: Player name: 'COL Jou' -> 'COL_Iou'
INFO: Unknown weapon: 'DEVOTION' (best guess: 'HAVOC', 0.75)
INFO: Weapon 2: 'FLATLINE'
INFO: 
INFO: >>> Frame 004757
INFO: Player name: 'COL_lau' -> 'COL_Iou'
INFO: Unknown weapon: 'DEVOTION' (best guess: 'HAVOC', 0.75)
INFO: Weapon 2: 'FLATLINE'
INFO: 
INFO: >>> Frame 004758
INFO: Player name: 'COL Jou' -> 'COL_Iou'
INFO: Unknown weapon: 'DEVOTION' (best guess: 'HAVOC', 0.75)
INFO: Weapon 2: 'FLATLINE'
INFO: 
INFO: >>> Frame 004759
INFO: Player name: 'CLG IimMadness' -> 'CLG ImMadness'
INFO: Weapon 1: 'R-301'
INFO: Weapon 2: 'MASTIFF'
INFO: 
INFO: >>> Frame 004760
INFO: Player name: 'CLG imMadness' -> 'CLG ImMadness'
INFO: Weapon 2: 'MASTIFF'
INFO: 
INFO: >>> Frame 004761
INFO: Player name: 'CLG ImMadnass' -> 'CLG ImMadness'
INFO: Weapon 1: 'A-30)' -> 'R-301'
INFO: Weapon 2: 'MASTIFF'
INFO: 
INFO: >>> Frame 004762
INFO: Player name: 'CLG ImMadness'
INFO: Weapon 1: 'R-301'
INFO: Weapon 2: 'MASTIFF'
INFO: 
INFO: >>> Frame 004763
INFO: Player name: 'CLG ImMadness'
INFO: Weapon 1: 'R-301'
INFO: Weapon 2: 'MASTIFF'
INFO: 
INFO: >>> Frame 004764
INFO: Player name: 'CLG ImMadness'
INFO: Weapon 1: 'R-301'
INFO: Weapon 2: 'MASTIFF'
INFO: 
INFO: >>> Frame 004765
INFO: Player name: 'CLG ImMadness'
INFO: Weapon 2: 'MASTIFF'
INFO: 
INFO: >>> Frame 004766
INFO: Player name: 'CLG ImMadness'
INFO: Weapon 1: 'R-301'
INFO: Weapon 2: 'MASTIFF'
INFO: 
INFO: >>> Frame 004767
INFO: Player name: 'CLE ImMadness' -> 'CLG ImMadness'
INFO: Weapon 1: 'R-401' -> 'R-301'
INFO: Weapon 2: 'MASTIFF'
INFO: 
INFO: >>> Frame 004768
INFO: Player name: '~COLIou' -> 'COL_Iou'
INFO: 
INFO: >>> Frame 004769
INFO: Player name: 'COL lou' -> 'COL_Iou'
INFO: Unknown weapon: 'DEVOTION' (best guess: 'HAVOC', 0.75)
INFO: Weapon 2: 'FLATLINE'
INFO: 
INFO: >>> Frame 004770
INFO: 
INFO: >>> Frame 004771
INFO: Can't find player name end icon
INFO: 
INFO: >>> Frame 004772
INFO: Player name: 'sF Dezignful' -> 'sF_Dezignful'
INFO: Weapon 1: 'VOLT'
INFO: Weapon 2: 'G7 SCOUT'
INFO: 
INFO: >>> Frame 004773
INFO: Player name: 'SF Dezignful' -> 'sF_Dezignful'
INFO: Weapon 1: 'VOLT'
INFO: Weapon 2: 'G7 SCOUT'
INFO: 
INFO: >>> Frame 004774
INFO: Player name: 'sF_Oezignful' -> 'sF_Dezignful'
INFO: Weapon 1: 'VOLT'
INFO: Weapon 2: 'G7 SCOUT'
INFO: 
INFO: >>> Frame 004775
INFO: Player name: 'SF Dezignful' -> 'sF_Dezignful'
INFO: Weapon 1: 'VOLT'
INFO: Weapon 2: 'G7 SCOUT'
INFO: 
INFO: >>> Frame 004776
INFO: Player name: 'sF_Dezignful'
INFO: Weapon 1: 'VOLT'
INFO: Weapon 2: 'G7 SCOUT'
INFO: 
INFO: >>> Frame 004777
INFO: Can't find player name end icon
INFO: 
INFO: >>> Frame 004778
INFO: Player name: 'sF_Oezignful' -> 'sF_Dezignful'
INFO: Weapon 1: 'VOLT'
INFO: Weapon 2: 'G7 SCOUT'
INFO: 
INFO: >>> Frame 004779
INFO: Player name: 'sF_Dezignful'
INFO: Weapon 1: 'VOLT'
INFO: Weapon 2: 'G? SCOUT' -> 'G7 SCOUT'
INFO: 
INFO: >>> Frame 004780
INFO: Player name: 'sF_Oezignful' -> 'sF_Dezignful'
INFO: Unknown weapon: 'G?ScCOuT' (best guess: 'G7 SCOUT', 0.50)
INFO: 
INFO: >>> Frame 004781
INFO: Player name: 'sF_Dezignful'
INFO: Weapon 1: 'VOLT'
INFO: Weapon 2: 'G7 SCOUT'
INFO: 
INFO: >>> Frame 004782
INFO: Player name: 'SF _Dezignful' -> 'sF_Dezignful'
INFO: Weapon 1: 'VOLT'
INFO: Weapon 2: 'G7 SCOUT'
INFO: 
INFO: >>> Frame 004783
INFO: Player name: 'sF_Gentrifying' -> 'sF_Gentrifyinq'
INFO: Weapon 1: 'R-40)' -> 'R-301'
INFO: Weapon 2: 'EVA-8 AUTO'
INFO: 
INFO: >>> Frame 004784
INFO: Player name: 'sF_Gentrifying' -> 'sF_Gentrifyinq'
INFO: Weapon 1: 'R-301'
INFO: Weapon 2: 'EVS-8 AUTO' -> 'EVA-8 AUTO'
INFO: 
INFO: >>> Frame 004785
INFO: Player name: 'SF _Gentrifying' -> 'sF_Gentrifyinq'
INFO: Weapon 1: 'R-40)' -> 'R-301'
INFO: Weapon 2: 'EVA-6 AUTO' -> 'EVA-8 AUTO'
INFO: 
INFO: >>> Frame 004786
INFO: Player name: 'sF_Gentrifying' -> 'sF_Gentrifyinq'
INFO: Weapon 1: 'R-340)' -> 'R-301'
INFO: Weapon 2: 'EVA-6 AUTO' -> 'EVA-8 AUTO'
INFO: 
INFO: >>> Frame 004787
INFO: Player name: 'sF_Gentrifying' -> 'sF_Gentrifyinq'
INFO: Weapon 1: 'R-301'
INFO: Weapon 2: 'EVA-8 AUTO'
INFO: 
INFO: >>> Frame 004788
INFO: Can't find player name end icon
INFO: 
INFO: >>> Frame 004789
INFO: Can't find player name end icon
INFO: 
INFO: >>> Frame 004790
INFO: Can't find player name end icon
INFO: 
INFO: >>> Frame 004791
INFO: Can't find player name end icon
INFO: 
INFO: >>> Frame 004792
INFO: Can't find player name end icon
INFO: 
INFO: >>> Frame 004793
INFO: Can't find player name end icon
INFO: 
INFO: >>> Frame 004794
INFO: Player name: 'StinkTV'
INFO: Weapon 1: 'MASTIFF'
INFO: Weapon 2: 'G7 SCOUT'
INFO: 
INFO: >>> Frame 004795
INFO: Player name: 'StinkTV'
INFO: Weapon 1: 'MASTIFF'
INFO: Weapon 2: 'G7 SCOUT'
INFO: 
INFO: >>> Frame 004796
INFO: Player name: 'MrGreekGodTTV'
INFO: Weapon 1: 'SPITFIRE'
INFO: Weapon 2: 'R-301'
INFO: 
INFO: >>> Frame 004797
INFO: Player name: 'MrGreekGodTTV'
INFO: Weapon 2: 'R-3U1' -> 'R-301'
INFO: 
INFO: >>> Frame 004798
INFO: Player name: 'MrGreekGodTTV'
INFO: Weapon 1: 'SPITFIRE'
INFO: Weapon 2: 'A-301' -> 'R-301'
INFO: 
INFO: >>> Frame 004799
INFO: Player name: 'StinkTV'
INFO: Weapon 1: 'MASTIFF'
INFO: Weapon 2: 'G? SCOUT' -> 'G7 SCOUT'
INFO: 
INFO: >>> Frame 004800
INFO: Player name: 'StinkTV'
INFO: Weapon 1: 'MASTIFF'
INFO: Weapon 2: 'G7. SCOUT' -> 'G7 SCOUT'
INFO: 
INFO: >>> Frame 004801
INFO: Player name: 'StinkTV'
INFO: Weapon 1: 'MASTIFF'
INFO: Weapon 2: 'G7 SCOUT'
INFO: 
INFO: >>> Frame 004802
INFO: Player name: 'MrGreekGodTTV'
INFO: Weapon 1: 'SPITFIRE'
INFO: Weapon 2: 'R-301'
INFO: 
INFO: >>> Frame 004803
INFO: Player name: 'sF_Dezignful'
INFO: Weapon 1: 'VOLT'
INFO: Weapon 2: 'G7 SCOUT'
INFO: 
INFO: >>> Frame 004804
INFO: Player name: 'sF_Dezignful'
INFO: Weapon 1: 'VOLT'
INFO: Weapon 2: 'G7 SCOUT'
INFO: 
INFO: >>> Frame 004805
INFO: Player name: 'sF_Dezignful'
INFO: Weapon 1: 'VOLT'
INFO: Weapon 2: 'G7? SCOUT' -> 'G7 SCOUT'
INFO: 
INFO: >>> Frame 004806
INFO: Player name: 'sF_Dezignful'
INFO: Weapon 1: 'VOLT'
INFO: Weapon 2: 'G7 SCOUT'
INFO: 
INFO: >>> Frame 004807
INFO: Player name: 'sF _Dezignful' -> 'sF_Dezignful'
INFO: Weapon 1: 'VOLT'
INFO: Weapon 2: 'G7 SCOUT'
INFO: 
INFO: >>> Frame 004808
INFO: Player name: 'sF_Dezignful'
INFO: Weapon 1: 'VOLT'
INFO: Weapon 2: 'G7 SCOUT'
INFO: 
INFO: >>> Frame 004809
INFO: Player name: 'SF _Dezignful' -> 'sF_Dezignful'
INFO: Weapon 1: 'VOLT'
INFO: Weapon 2: 'G7 SCOUT'
INFO: 
INFO: >>> Frame 004810
INFO: Can't find player name end icon
INFO: 
INFO: >>> Frame 004811
INFO: Can't find player name end icon
INFO: 
INFO: >>> Frame 004812
INFO: Can't find player name end icon
INFO: 
INFO: >>> Frame 004813
INFO: Can't find player name end icon
INFO: 
INFO: >>> Frame 004814
INFO: Can't find player name end icon
INFO: 
INFO: >>> Frame 004815
INFO: Can't find player name end icon
INFO: 
INFO: >>> Frame 004816
INFO: Player name: 'StinkTV'
INFO: Weapon 1: 'MASTIFF'
INFO: Weapon 2: 'G7 SCOUT'
INFO: 
INFO: >>> Frame 004817
INFO: Player name: 'StinkTV'
INFO: Weapon 1: 'MASTIFF'
INFO: Weapon 2: 'G7 SCOUT'
INFO: 
INFO: >>> Frame 004818
INFO: Player name: 'StinkTV'
INFO: Weapon 1: 'MASTIFF'
INFO: Weapon 2: 'G7. SCOUT' -> 'G7 SCOUT'
INFO: 
INFO: >>> Frame 004819
INFO: Player name: 'StinkTV'
INFO: Weapon 1: 'MASTIFF'
INFO: Weapon 2: 'G7 SCOUT'
INFO: 
INFO: >>> Frame 004820
INFO: Player name: 'StinkTV'
INFO: Weapon 1: 'MASTIFF'
INFO: Weapon 2: 'G7 SCOUT'
INFO: 
INFO: >>> Frame 004821
INFO: Player name: 'StinkTV'
INFO: Weapon 1: 'MASTIFF'
INFO: Weapon 2: 'G7 SCOUT'
INFO: 
INFO: >>> Frame 004822
INFO: Player name: 'StinkTV'
INFO: Weapon 1: 'MASTIFF'
INFO: Weapon 2: 'G7 SCOUT'
INFO: 
INFO: >>> Frame 004823
INFO: Player name: 'TSM Albralelia' -> 'TSM Albralelie'
INFO: Weapon 1: 'R-301'
INFO: Weapon 2: 'EVA-8 AUTO'
INFO: 
INFO: >>> Frame 004824
INFO: Can't find player name end icon
INFO: 
INFO: >>> Frame 004825
INFO: Can't find player name end icon
INFO: 
INFO: >>> Frame 004826
INFO: Can't find player name end icon
INFO: 
INFO: >>> Frame 004827
INFO: Can't find player name end icon
INFO: 
INFO: >>> Frame 004828
INFO: Player name: 'sF_Dezignful'
INFO: Weapon 1: 'VOLT'
INFO: Weapon 2: 'G7 SCOUT'
INFO: 
INFO: >>> Frame 004829
INFO: Player name: 'sF_Dezigntul' -> 'sF_Dezignful'
INFO: Weapon 1: 'VOLT'
INFO: Weapon 2: 'G7 SCOUT'
INFO: 
INFO: >>> Frame 004830
INFO: Player name: 'SF_Dezignful' -> 'sF_Dezignful'
INFO: Weapon 1: 'VOLT'
INFO: Weapon 2: 'G7 SCOUT'
INFO: 
INFO: >>> Frame 004831
INFO: Player name: 'sF Dezignful' -> 'sF_Dezignful'
INFO: Weapon 1: 'VOLT'
INFO: Weapon 2: 'G7 SCOUT'
INFO: 
INFO: >>> Frame 004832
INFO: Player name: 'SF Dezignful' -> 'sF_Dezignful'
INFO: Weapon 1: 'VOLT'
INFO: Weapon 2: 'G7 SCOUT'
INFO: 
INFO: >>> Frame 004833
INFO: Player name: 'SF _Dezignful' -> 'sF_Dezignful'
INFO: Weapon 1: 'VOLT'
INFO: Weapon 2: 'G7 SCOUT'
INFO: 
INFO: >>> Frame 004834
INFO: Player name: 'SF _Dezignful' -> 'sF_Dezignful'
INFO: Weapon 1: 'VOLT'
INFO: Weapon 2: 'G7 SCQUT' -> 'G7 SCOUT'
INFO: 
INFO: >>> Frame 004835
INFO: Player name: 'sF_Dezignful'
INFO: Weapon 1: 'VOLT'
INFO: Weapon 2: 'G7 SCOUT'
INFO: 
INFO: >>> Frame 004836
INFO: Player name: 'sF_Dezigntul' -> 'sF_Dezignful'
INFO: Weapon 1: 'VOLT'
INFO: Weapon 2: 'GF SCOUT' -> 'G7 SCOUT'
INFO: 
INFO: >>> Frame 004837
INFO: Player name: 'sF_Dezignful'
INFO: Weapon 1: 'VOLT'
INFO: Weapon 2: 'G7 SCOUT'
INFO: 
INFO: >>> Frame 004838
INFO: Player name: 'SF_ODezignful' -> 'sF_Dezignful'
INFO: Weapon 2: 'GTSCOUT' -> 'G7 SCOUT'
INFO: 
INFO: >>> Frame 004839
INFO: Can't find player name end icon
INFO: 
INFO: >>> Frame 004840
INFO: Player name: 'sF Oezighiful' -> 'sF_Dezignful'
INFO: Unknown weapon: 'YULT' (best guess: 'VOLT', 0.50)
INFO: Weapon 2: 'G7 SCOUT'
INFO: 
INFO: >>> Frame 004841
INFO: Player name: 'sF Dezignful' -> 'sF_Dezignful'
INFO: Weapon 1: 'VOLT'
INFO: Weapon 2: 'G7 SCOUT'
INFO: 
INFO: >>> Frame 004842
INFO: Player name: 'sF_Dezignful'
INFO: Weapon 1: 'VOLT'
INFO: Unknown weapon: 'G?rscour' (best guess: 'G7 SCOUT', 0.88)
INFO: 
INFO: >>> Frame 004843
INFO: Player name: 'sF_Dezignful'
INFO: Weapon 1: 'VOLT'
INFO: Weapon 2: 'G? SCOUT' -> 'G7 SCOUT'
INFO: 
INFO: >>> Frame 004844
INFO: Player name: 'MrGreekGodTTV'
INFO: Weapon 2: 'R-30l' -> 'R-301'
INFO: 
INFO: >>> Frame 004845
INFO: Player name: 'MrGreekGodTTV'
INFO: Weapon 1: 'SPITFIRE'
INFO: Weapon 2: 'R-30)' -> 'R-301'
